[2023-11-16T00:14:26.189+0000] {taskinstance.py:1159} INFO - Dependencies all met for dep_context=non-requeueable deps ti=<TaskInstance: dags_bash_select_fruit.t1_orange manual__2023-11-16T00:14:24.676361+00:00 [queued]>
[2023-11-16T00:14:26.194+0000] {taskinstance.py:1159} INFO - Dependencies all met for dep_context=requeueable deps ti=<TaskInstance: dags_bash_select_fruit.t1_orange manual__2023-11-16T00:14:24.676361+00:00 [queued]>
[2023-11-16T00:14:26.195+0000] {taskinstance.py:1361} INFO - Starting attempt 1 of 1
[2023-11-16T00:14:26.202+0000] {taskinstance.py:1382} INFO - Executing <Task(BashOperator): t1_orange> on 2023-11-16 00:14:24.676361+00:00
[2023-11-16T00:14:26.206+0000] {standard_task_runner.py:57} INFO - Started process 158 to run task
[2023-11-16T00:14:26.208+0000] {standard_task_runner.py:84} INFO - Running: ['***', 'tasks', 'run', 'dags_bash_select_fruit', 't1_orange', 'manual__2023-11-16T00:14:24.676361+00:00', '--job-id', '12', '--raw', '--subdir', 'DAGS_FOLDER/dags_bash_select_fruit.py', '--cfg-path', '/tmp/tmpgtfj1hb3']
[2023-11-16T00:14:26.210+0000] {standard_task_runner.py:85} INFO - Job 12: Subtask t1_orange
[2023-11-16T00:14:26.240+0000] {task_command.py:416} INFO - Running <TaskInstance: dags_bash_select_fruit.t1_orange manual__2023-11-16T00:14:24.676361+00:00 [running]> on host c8d11f15b1c4
[2023-11-16T00:14:26.285+0000] {taskinstance.py:1662} INFO - Exporting env vars: AIRFLOW_CTX_DAG_OWNER='***' AIRFLOW_CTX_DAG_ID='dags_bash_select_fruit' AIRFLOW_CTX_TASK_ID='t1_orange' AIRFLOW_CTX_EXECUTION_DATE='2023-11-16T00:14:24.676361+00:00' AIRFLOW_CTX_TRY_NUMBER='1' AIRFLOW_CTX_DAG_RUN_ID='manual__2023-11-16T00:14:24.676361+00:00'
[2023-11-16T00:14:26.286+0000] {subprocess.py:63} INFO - Tmp dir root location: /tmp
[2023-11-16T00:14:26.287+0000] {subprocess.py:75} INFO - Running command: ['/bin/bash', '-c', '/opt/***/plugins/shell/select_fruit.sh ORANGE']
[2023-11-16T00:14:26.294+0000] {subprocess.py:86} INFO - Output:
[2023-11-16T00:14:26.300+0000] {subprocess.py:93} INFO - /opt/***/plugins/shell/select_fruit.sh: line 4: syntax error near unexpected token `elif'
[2023-11-16T00:14:26.300+0000] {subprocess.py:93} INFO - /opt/***/plugins/shell/select_fruit.sh: line 4: `elif [$FRUIT == ORANGE]; then'
[2023-11-16T00:14:26.300+0000] {subprocess.py:97} INFO - Command exited with return code 2
[2023-11-16T00:14:26.307+0000] {taskinstance.py:1937} ERROR - Task failed with exception
Traceback (most recent call last):
  File "/home/airflow/.local/lib/python3.8/site-packages/airflow/operators/bash.py", line 210, in execute
    raise AirflowException(
airflow.exceptions.AirflowException: Bash command failed. The command returned a non-zero exit code 2.
[2023-11-16T00:14:26.309+0000] {taskinstance.py:1400} INFO - Marking task as FAILED. dag_id=dags_bash_select_fruit, task_id=t1_orange, execution_date=20231116T001424, start_date=20231116T001426, end_date=20231116T001426
[2023-11-16T00:14:26.316+0000] {standard_task_runner.py:104} ERROR - Failed to execute job 12 for task t1_orange (Bash command failed. The command returned a non-zero exit code 2.; 158)
[2023-11-16T00:14:26.340+0000] {local_task_job_runner.py:228} INFO - Task exited with return code 1
[2023-11-16T00:14:26.356+0000] {taskinstance.py:2778} INFO - 0 downstream tasks scheduled from follow-on schedule check
