[2023-11-16T00:06:22.628+0000] {processor.py:157} INFO - Started process (PID=56) to work on /home/airflow/.local/lib/python3.8/site-packages/airflow/example_dags/example_dag_decorator.py
[2023-11-16T00:06:22.629+0000] {processor.py:829} INFO - Processing file /home/airflow/.local/lib/python3.8/site-packages/airflow/example_dags/example_dag_decorator.py for tasks to queue
[2023-11-16T00:06:22.631+0000] {logging_mixin.py:154} INFO - [2023-11-16T00:06:22.630+0000] {dagbag.py:536} INFO - Filling up the DagBag from /home/airflow/.local/lib/python3.8/site-packages/airflow/example_dags/example_dag_decorator.py
[2023-11-16T00:06:22.724+0000] {processor.py:839} INFO - DAG(s) dict_keys(['example_dag_decorator']) retrieved from /home/airflow/.local/lib/python3.8/site-packages/airflow/example_dags/example_dag_decorator.py
[2023-11-16T00:06:22.733+0000] {logging_mixin.py:154} INFO - [2023-11-16T00:06:22.733+0000] {dag.py:2941} INFO - Sync 1 DAGs
[2023-11-16T00:06:22.743+0000] {logging_mixin.py:154} INFO - [2023-11-16T00:06:22.743+0000] {dag.py:3722} INFO - Setting next_dagrun for example_dag_decorator to None, run_after=None
[2023-11-16T00:06:22.755+0000] {processor.py:179} INFO - Processing /home/airflow/.local/lib/python3.8/site-packages/airflow/example_dags/example_dag_decorator.py took 0.129 seconds
[2023-11-16T00:08:29.227+0000] {processor.py:157} INFO - Started process (PID=59) to work on /home/airflow/.local/lib/python3.8/site-packages/airflow/example_dags/example_dag_decorator.py
[2023-11-16T00:08:29.227+0000] {processor.py:829} INFO - Processing file /home/airflow/.local/lib/python3.8/site-packages/airflow/example_dags/example_dag_decorator.py for tasks to queue
[2023-11-16T00:08:29.229+0000] {logging_mixin.py:154} INFO - [2023-11-16T00:08:29.229+0000] {dagbag.py:536} INFO - Filling up the DagBag from /home/airflow/.local/lib/python3.8/site-packages/airflow/example_dags/example_dag_decorator.py
[2023-11-16T00:08:29.331+0000] {processor.py:839} INFO - DAG(s) dict_keys(['example_dag_decorator']) retrieved from /home/airflow/.local/lib/python3.8/site-packages/airflow/example_dags/example_dag_decorator.py
[2023-11-16T00:08:29.339+0000] {logging_mixin.py:154} INFO - [2023-11-16T00:08:29.339+0000] {dag.py:2941} INFO - Sync 1 DAGs
[2023-11-16T00:08:29.349+0000] {logging_mixin.py:154} INFO - [2023-11-16T00:08:29.349+0000] {dag.py:3722} INFO - Setting next_dagrun for example_dag_decorator to None, run_after=None
[2023-11-16T00:08:29.364+0000] {processor.py:179} INFO - Processing /home/airflow/.local/lib/python3.8/site-packages/airflow/example_dags/example_dag_decorator.py took 0.142 seconds
[2023-11-16T00:09:00.318+0000] {processor.py:157} INFO - Started process (PID=117) to work on /home/airflow/.local/lib/python3.8/site-packages/airflow/example_dags/example_dag_decorator.py
[2023-11-16T00:09:00.318+0000] {processor.py:829} INFO - Processing file /home/airflow/.local/lib/python3.8/site-packages/airflow/example_dags/example_dag_decorator.py for tasks to queue
[2023-11-16T00:09:00.320+0000] {logging_mixin.py:154} INFO - [2023-11-16T00:09:00.320+0000] {dagbag.py:536} INFO - Filling up the DagBag from /home/airflow/.local/lib/python3.8/site-packages/airflow/example_dags/example_dag_decorator.py
[2023-11-16T00:09:00.369+0000] {processor.py:839} INFO - DAG(s) dict_keys(['example_dag_decorator']) retrieved from /home/airflow/.local/lib/python3.8/site-packages/airflow/example_dags/example_dag_decorator.py
[2023-11-16T00:09:00.429+0000] {logging_mixin.py:154} INFO - [2023-11-16T00:09:00.429+0000] {dag.py:2941} INFO - Sync 1 DAGs
[2023-11-16T00:09:00.437+0000] {logging_mixin.py:154} INFO - [2023-11-16T00:09:00.437+0000] {dag.py:3722} INFO - Setting next_dagrun for example_dag_decorator to None, run_after=None
[2023-11-16T00:09:00.543+0000] {processor.py:179} INFO - Processing /home/airflow/.local/lib/python3.8/site-packages/airflow/example_dags/example_dag_decorator.py took 0.227 seconds
[2023-11-16T00:09:30.735+0000] {processor.py:157} INFO - Started process (PID=176) to work on /home/airflow/.local/lib/python3.8/site-packages/airflow/example_dags/example_dag_decorator.py
[2023-11-16T00:09:30.736+0000] {processor.py:829} INFO - Processing file /home/airflow/.local/lib/python3.8/site-packages/airflow/example_dags/example_dag_decorator.py for tasks to queue
[2023-11-16T00:09:30.737+0000] {logging_mixin.py:154} INFO - [2023-11-16T00:09:30.737+0000] {dagbag.py:536} INFO - Filling up the DagBag from /home/airflow/.local/lib/python3.8/site-packages/airflow/example_dags/example_dag_decorator.py
[2023-11-16T00:09:30.784+0000] {processor.py:839} INFO - DAG(s) dict_keys(['example_dag_decorator']) retrieved from /home/airflow/.local/lib/python3.8/site-packages/airflow/example_dags/example_dag_decorator.py
[2023-11-16T00:09:30.848+0000] {logging_mixin.py:154} INFO - [2023-11-16T00:09:30.848+0000] {dag.py:2941} INFO - Sync 1 DAGs
[2023-11-16T00:09:30.854+0000] {logging_mixin.py:154} INFO - [2023-11-16T00:09:30.854+0000] {dag.py:3722} INFO - Setting next_dagrun for example_dag_decorator to None, run_after=None
[2023-11-16T00:09:30.867+0000] {processor.py:179} INFO - Processing /home/airflow/.local/lib/python3.8/site-packages/airflow/example_dags/example_dag_decorator.py took 0.134 seconds
[2023-11-16T00:10:00.919+0000] {processor.py:157} INFO - Started process (PID=232) to work on /home/airflow/.local/lib/python3.8/site-packages/airflow/example_dags/example_dag_decorator.py
[2023-11-16T00:10:00.919+0000] {processor.py:829} INFO - Processing file /home/airflow/.local/lib/python3.8/site-packages/airflow/example_dags/example_dag_decorator.py for tasks to queue
[2023-11-16T00:10:00.921+0000] {logging_mixin.py:154} INFO - [2023-11-16T00:10:00.921+0000] {dagbag.py:536} INFO - Filling up the DagBag from /home/airflow/.local/lib/python3.8/site-packages/airflow/example_dags/example_dag_decorator.py
[2023-11-16T00:10:00.967+0000] {processor.py:839} INFO - DAG(s) dict_keys(['example_dag_decorator']) retrieved from /home/airflow/.local/lib/python3.8/site-packages/airflow/example_dags/example_dag_decorator.py
[2023-11-16T00:10:01.028+0000] {logging_mixin.py:154} INFO - [2023-11-16T00:10:01.028+0000] {dag.py:2941} INFO - Sync 1 DAGs
[2023-11-16T00:10:01.137+0000] {logging_mixin.py:154} INFO - [2023-11-16T00:10:01.137+0000] {dag.py:3722} INFO - Setting next_dagrun for example_dag_decorator to None, run_after=None
[2023-11-16T00:10:01.149+0000] {processor.py:179} INFO - Processing /home/airflow/.local/lib/python3.8/site-packages/airflow/example_dags/example_dag_decorator.py took 0.232 seconds
[2023-11-16T00:10:31.836+0000] {processor.py:157} INFO - Started process (PID=288) to work on /home/airflow/.local/lib/python3.8/site-packages/airflow/example_dags/example_dag_decorator.py
[2023-11-16T00:10:31.837+0000] {processor.py:829} INFO - Processing file /home/airflow/.local/lib/python3.8/site-packages/airflow/example_dags/example_dag_decorator.py for tasks to queue
[2023-11-16T00:10:31.839+0000] {logging_mixin.py:154} INFO - [2023-11-16T00:10:31.839+0000] {dagbag.py:536} INFO - Filling up the DagBag from /home/airflow/.local/lib/python3.8/site-packages/airflow/example_dags/example_dag_decorator.py
[2023-11-16T00:10:31.888+0000] {processor.py:839} INFO - DAG(s) dict_keys(['example_dag_decorator']) retrieved from /home/airflow/.local/lib/python3.8/site-packages/airflow/example_dags/example_dag_decorator.py
[2023-11-16T00:10:31.949+0000] {logging_mixin.py:154} INFO - [2023-11-16T00:10:31.949+0000] {dag.py:2941} INFO - Sync 1 DAGs
[2023-11-16T00:10:31.956+0000] {logging_mixin.py:154} INFO - [2023-11-16T00:10:31.956+0000] {dag.py:3722} INFO - Setting next_dagrun for example_dag_decorator to None, run_after=None
[2023-11-16T00:10:31.968+0000] {processor.py:179} INFO - Processing /home/airflow/.local/lib/python3.8/site-packages/airflow/example_dags/example_dag_decorator.py took 0.134 seconds
[2023-11-16T00:11:02.019+0000] {processor.py:157} INFO - Started process (PID=346) to work on /home/airflow/.local/lib/python3.8/site-packages/airflow/example_dags/example_dag_decorator.py
[2023-11-16T00:11:02.019+0000] {processor.py:829} INFO - Processing file /home/airflow/.local/lib/python3.8/site-packages/airflow/example_dags/example_dag_decorator.py for tasks to queue
[2023-11-16T00:11:02.021+0000] {logging_mixin.py:154} INFO - [2023-11-16T00:11:02.021+0000] {dagbag.py:536} INFO - Filling up the DagBag from /home/airflow/.local/lib/python3.8/site-packages/airflow/example_dags/example_dag_decorator.py
[2023-11-16T00:11:02.068+0000] {processor.py:839} INFO - DAG(s) dict_keys(['example_dag_decorator']) retrieved from /home/airflow/.local/lib/python3.8/site-packages/airflow/example_dags/example_dag_decorator.py
[2023-11-16T00:11:02.219+0000] {logging_mixin.py:154} INFO - [2023-11-16T00:11:02.219+0000] {dag.py:2941} INFO - Sync 1 DAGs
[2023-11-16T00:11:02.225+0000] {logging_mixin.py:154} INFO - [2023-11-16T00:11:02.225+0000] {dag.py:3722} INFO - Setting next_dagrun for example_dag_decorator to None, run_after=None
[2023-11-16T00:11:02.238+0000] {processor.py:179} INFO - Processing /home/airflow/.local/lib/python3.8/site-packages/airflow/example_dags/example_dag_decorator.py took 0.222 seconds
[2023-11-16T00:11:33.141+0000] {processor.py:157} INFO - Started process (PID=403) to work on /home/airflow/.local/lib/python3.8/site-packages/airflow/example_dags/example_dag_decorator.py
[2023-11-16T00:11:33.142+0000] {processor.py:829} INFO - Processing file /home/airflow/.local/lib/python3.8/site-packages/airflow/example_dags/example_dag_decorator.py for tasks to queue
[2023-11-16T00:11:33.144+0000] {logging_mixin.py:154} INFO - [2023-11-16T00:11:33.144+0000] {dagbag.py:536} INFO - Filling up the DagBag from /home/airflow/.local/lib/python3.8/site-packages/airflow/example_dags/example_dag_decorator.py
[2023-11-16T00:11:33.210+0000] {processor.py:839} INFO - DAG(s) dict_keys(['example_dag_decorator']) retrieved from /home/airflow/.local/lib/python3.8/site-packages/airflow/example_dags/example_dag_decorator.py
[2023-11-16T00:11:33.278+0000] {logging_mixin.py:154} INFO - [2023-11-16T00:11:33.278+0000] {dag.py:2941} INFO - Sync 1 DAGs
[2023-11-16T00:11:33.390+0000] {logging_mixin.py:154} INFO - [2023-11-16T00:11:33.390+0000] {dag.py:3722} INFO - Setting next_dagrun for example_dag_decorator to None, run_after=None
[2023-11-16T00:11:33.404+0000] {processor.py:179} INFO - Processing /home/airflow/.local/lib/python3.8/site-packages/airflow/example_dags/example_dag_decorator.py took 0.265 seconds
[2023-11-16T00:12:04.280+0000] {processor.py:157} INFO - Started process (PID=460) to work on /home/airflow/.local/lib/python3.8/site-packages/airflow/example_dags/example_dag_decorator.py
[2023-11-16T00:12:04.281+0000] {processor.py:829} INFO - Processing file /home/airflow/.local/lib/python3.8/site-packages/airflow/example_dags/example_dag_decorator.py for tasks to queue
[2023-11-16T00:12:04.284+0000] {logging_mixin.py:154} INFO - [2023-11-16T00:12:04.283+0000] {dagbag.py:536} INFO - Filling up the DagBag from /home/airflow/.local/lib/python3.8/site-packages/airflow/example_dags/example_dag_decorator.py
[2023-11-16T00:12:04.332+0000] {processor.py:839} INFO - DAG(s) dict_keys(['example_dag_decorator']) retrieved from /home/airflow/.local/lib/python3.8/site-packages/airflow/example_dags/example_dag_decorator.py
[2023-11-16T00:12:04.487+0000] {logging_mixin.py:154} INFO - [2023-11-16T00:12:04.487+0000] {dag.py:2941} INFO - Sync 1 DAGs
[2023-11-16T00:12:04.493+0000] {logging_mixin.py:154} INFO - [2023-11-16T00:12:04.493+0000] {dag.py:3722} INFO - Setting next_dagrun for example_dag_decorator to None, run_after=None
[2023-11-16T00:12:04.505+0000] {processor.py:179} INFO - Processing /home/airflow/.local/lib/python3.8/site-packages/airflow/example_dags/example_dag_decorator.py took 0.228 seconds
[2023-11-16T00:12:34.532+0000] {processor.py:157} INFO - Started process (PID=519) to work on /home/airflow/.local/lib/python3.8/site-packages/airflow/example_dags/example_dag_decorator.py
[2023-11-16T00:12:34.533+0000] {processor.py:829} INFO - Processing file /home/airflow/.local/lib/python3.8/site-packages/airflow/example_dags/example_dag_decorator.py for tasks to queue
[2023-11-16T00:12:34.535+0000] {logging_mixin.py:154} INFO - [2023-11-16T00:12:34.534+0000] {dagbag.py:536} INFO - Filling up the DagBag from /home/airflow/.local/lib/python3.8/site-packages/airflow/example_dags/example_dag_decorator.py
[2023-11-16T00:12:34.584+0000] {processor.py:839} INFO - DAG(s) dict_keys(['example_dag_decorator']) retrieved from /home/airflow/.local/lib/python3.8/site-packages/airflow/example_dags/example_dag_decorator.py
[2023-11-16T00:12:34.740+0000] {logging_mixin.py:154} INFO - [2023-11-16T00:12:34.740+0000] {dag.py:2941} INFO - Sync 1 DAGs
[2023-11-16T00:12:34.746+0000] {logging_mixin.py:154} INFO - [2023-11-16T00:12:34.746+0000] {dag.py:3722} INFO - Setting next_dagrun for example_dag_decorator to None, run_after=None
[2023-11-16T00:12:34.759+0000] {processor.py:179} INFO - Processing /home/airflow/.local/lib/python3.8/site-packages/airflow/example_dags/example_dag_decorator.py took 0.229 seconds
[2023-11-16T00:13:04.826+0000] {processor.py:157} INFO - Started process (PID=578) to work on /home/airflow/.local/lib/python3.8/site-packages/airflow/example_dags/example_dag_decorator.py
[2023-11-16T00:13:04.828+0000] {processor.py:829} INFO - Processing file /home/airflow/.local/lib/python3.8/site-packages/airflow/example_dags/example_dag_decorator.py for tasks to queue
[2023-11-16T00:13:04.829+0000] {logging_mixin.py:154} INFO - [2023-11-16T00:13:04.829+0000] {dagbag.py:536} INFO - Filling up the DagBag from /home/airflow/.local/lib/python3.8/site-packages/airflow/example_dags/example_dag_decorator.py
[2023-11-16T00:13:04.874+0000] {processor.py:839} INFO - DAG(s) dict_keys(['example_dag_decorator']) retrieved from /home/airflow/.local/lib/python3.8/site-packages/airflow/example_dags/example_dag_decorator.py
[2023-11-16T00:13:05.030+0000] {logging_mixin.py:154} INFO - [2023-11-16T00:13:05.030+0000] {dag.py:2941} INFO - Sync 1 DAGs
[2023-11-16T00:13:05.037+0000] {logging_mixin.py:154} INFO - [2023-11-16T00:13:05.036+0000] {dag.py:3722} INFO - Setting next_dagrun for example_dag_decorator to None, run_after=None
[2023-11-16T00:13:05.048+0000] {processor.py:179} INFO - Processing /home/airflow/.local/lib/python3.8/site-packages/airflow/example_dags/example_dag_decorator.py took 0.224 seconds
[2023-11-16T00:13:35.967+0000] {processor.py:157} INFO - Started process (PID=636) to work on /home/airflow/.local/lib/python3.8/site-packages/airflow/example_dags/example_dag_decorator.py
[2023-11-16T00:13:35.968+0000] {processor.py:829} INFO - Processing file /home/airflow/.local/lib/python3.8/site-packages/airflow/example_dags/example_dag_decorator.py for tasks to queue
[2023-11-16T00:13:35.970+0000] {logging_mixin.py:154} INFO - [2023-11-16T00:13:35.970+0000] {dagbag.py:536} INFO - Filling up the DagBag from /home/airflow/.local/lib/python3.8/site-packages/airflow/example_dags/example_dag_decorator.py
[2023-11-16T00:13:36.016+0000] {processor.py:839} INFO - DAG(s) dict_keys(['example_dag_decorator']) retrieved from /home/airflow/.local/lib/python3.8/site-packages/airflow/example_dags/example_dag_decorator.py
[2023-11-16T00:13:36.086+0000] {logging_mixin.py:154} INFO - [2023-11-16T00:13:36.085+0000] {dag.py:2941} INFO - Sync 1 DAGs
[2023-11-16T00:13:36.188+0000] {logging_mixin.py:154} INFO - [2023-11-16T00:13:36.188+0000] {dag.py:3722} INFO - Setting next_dagrun for example_dag_decorator to None, run_after=None
[2023-11-16T00:13:36.200+0000] {processor.py:179} INFO - Processing /home/airflow/.local/lib/python3.8/site-packages/airflow/example_dags/example_dag_decorator.py took 0.235 seconds
[2023-11-16T00:14:06.255+0000] {processor.py:157} INFO - Started process (PID=695) to work on /home/airflow/.local/lib/python3.8/site-packages/airflow/example_dags/example_dag_decorator.py
[2023-11-16T00:14:06.255+0000] {processor.py:829} INFO - Processing file /home/airflow/.local/lib/python3.8/site-packages/airflow/example_dags/example_dag_decorator.py for tasks to queue
[2023-11-16T00:14:06.257+0000] {logging_mixin.py:154} INFO - [2023-11-16T00:14:06.257+0000] {dagbag.py:536} INFO - Filling up the DagBag from /home/airflow/.local/lib/python3.8/site-packages/airflow/example_dags/example_dag_decorator.py
[2023-11-16T00:14:06.302+0000] {processor.py:839} INFO - DAG(s) dict_keys(['example_dag_decorator']) retrieved from /home/airflow/.local/lib/python3.8/site-packages/airflow/example_dags/example_dag_decorator.py
[2023-11-16T00:14:06.458+0000] {logging_mixin.py:154} INFO - [2023-11-16T00:14:06.458+0000] {dag.py:2941} INFO - Sync 1 DAGs
[2023-11-16T00:14:06.465+0000] {logging_mixin.py:154} INFO - [2023-11-16T00:14:06.465+0000] {dag.py:3722} INFO - Setting next_dagrun for example_dag_decorator to None, run_after=None
[2023-11-16T00:14:06.477+0000] {processor.py:179} INFO - Processing /home/airflow/.local/lib/python3.8/site-packages/airflow/example_dags/example_dag_decorator.py took 0.224 seconds
[2023-11-16T00:14:37.350+0000] {processor.py:157} INFO - Started process (PID=752) to work on /home/airflow/.local/lib/python3.8/site-packages/airflow/example_dags/example_dag_decorator.py
[2023-11-16T00:14:37.350+0000] {processor.py:829} INFO - Processing file /home/airflow/.local/lib/python3.8/site-packages/airflow/example_dags/example_dag_decorator.py for tasks to queue
[2023-11-16T00:14:37.352+0000] {logging_mixin.py:154} INFO - [2023-11-16T00:14:37.352+0000] {dagbag.py:536} INFO - Filling up the DagBag from /home/airflow/.local/lib/python3.8/site-packages/airflow/example_dags/example_dag_decorator.py
[2023-11-16T00:14:37.399+0000] {processor.py:839} INFO - DAG(s) dict_keys(['example_dag_decorator']) retrieved from /home/airflow/.local/lib/python3.8/site-packages/airflow/example_dags/example_dag_decorator.py
[2023-11-16T00:14:37.570+0000] {logging_mixin.py:154} INFO - [2023-11-16T00:14:37.570+0000] {dag.py:2941} INFO - Sync 1 DAGs
[2023-11-16T00:14:37.577+0000] {logging_mixin.py:154} INFO - [2023-11-16T00:14:37.577+0000] {dag.py:3722} INFO - Setting next_dagrun for example_dag_decorator to None, run_after=None
[2023-11-16T00:14:37.591+0000] {processor.py:179} INFO - Processing /home/airflow/.local/lib/python3.8/site-packages/airflow/example_dags/example_dag_decorator.py took 0.243 seconds
[2023-11-16T00:15:07.629+0000] {processor.py:157} INFO - Started process (PID=809) to work on /home/airflow/.local/lib/python3.8/site-packages/airflow/example_dags/example_dag_decorator.py
[2023-11-16T00:15:07.630+0000] {processor.py:829} INFO - Processing file /home/airflow/.local/lib/python3.8/site-packages/airflow/example_dags/example_dag_decorator.py for tasks to queue
[2023-11-16T00:15:07.633+0000] {logging_mixin.py:154} INFO - [2023-11-16T00:15:07.633+0000] {dagbag.py:536} INFO - Filling up the DagBag from /home/airflow/.local/lib/python3.8/site-packages/airflow/example_dags/example_dag_decorator.py
[2023-11-16T00:15:07.682+0000] {processor.py:839} INFO - DAG(s) dict_keys(['example_dag_decorator']) retrieved from /home/airflow/.local/lib/python3.8/site-packages/airflow/example_dags/example_dag_decorator.py
[2023-11-16T00:15:07.869+0000] {logging_mixin.py:154} INFO - [2023-11-16T00:15:07.869+0000] {dag.py:2941} INFO - Sync 1 DAGs
[2023-11-16T00:15:07.875+0000] {logging_mixin.py:154} INFO - [2023-11-16T00:15:07.875+0000] {dag.py:3722} INFO - Setting next_dagrun for example_dag_decorator to None, run_after=None
[2023-11-16T00:15:07.888+0000] {processor.py:179} INFO - Processing /home/airflow/.local/lib/python3.8/site-packages/airflow/example_dags/example_dag_decorator.py took 0.262 seconds
[2023-11-16T00:15:38.737+0000] {processor.py:157} INFO - Started process (PID=866) to work on /home/airflow/.local/lib/python3.8/site-packages/airflow/example_dags/example_dag_decorator.py
[2023-11-16T00:15:38.738+0000] {processor.py:829} INFO - Processing file /home/airflow/.local/lib/python3.8/site-packages/airflow/example_dags/example_dag_decorator.py for tasks to queue
[2023-11-16T00:15:38.740+0000] {logging_mixin.py:154} INFO - [2023-11-16T00:15:38.740+0000] {dagbag.py:536} INFO - Filling up the DagBag from /home/airflow/.local/lib/python3.8/site-packages/airflow/example_dags/example_dag_decorator.py
[2023-11-16T00:15:38.789+0000] {processor.py:839} INFO - DAG(s) dict_keys(['example_dag_decorator']) retrieved from /home/airflow/.local/lib/python3.8/site-packages/airflow/example_dags/example_dag_decorator.py
[2023-11-16T00:15:38.951+0000] {logging_mixin.py:154} INFO - [2023-11-16T00:15:38.951+0000] {dag.py:2941} INFO - Sync 1 DAGs
[2023-11-16T00:15:38.959+0000] {logging_mixin.py:154} INFO - [2023-11-16T00:15:38.959+0000] {dag.py:3722} INFO - Setting next_dagrun for example_dag_decorator to None, run_after=None
[2023-11-16T00:15:38.973+0000] {processor.py:179} INFO - Processing /home/airflow/.local/lib/python3.8/site-packages/airflow/example_dags/example_dag_decorator.py took 0.238 seconds
[2023-11-16T00:16:09.006+0000] {processor.py:157} INFO - Started process (PID=927) to work on /home/airflow/.local/lib/python3.8/site-packages/airflow/example_dags/example_dag_decorator.py
[2023-11-16T00:16:09.006+0000] {processor.py:829} INFO - Processing file /home/airflow/.local/lib/python3.8/site-packages/airflow/example_dags/example_dag_decorator.py for tasks to queue
[2023-11-16T00:16:09.008+0000] {logging_mixin.py:154} INFO - [2023-11-16T00:16:09.008+0000] {dagbag.py:536} INFO - Filling up the DagBag from /home/airflow/.local/lib/python3.8/site-packages/airflow/example_dags/example_dag_decorator.py
[2023-11-16T00:16:09.058+0000] {processor.py:839} INFO - DAG(s) dict_keys(['example_dag_decorator']) retrieved from /home/airflow/.local/lib/python3.8/site-packages/airflow/example_dags/example_dag_decorator.py
[2023-11-16T00:16:09.281+0000] {logging_mixin.py:154} INFO - [2023-11-16T00:16:09.280+0000] {dag.py:2941} INFO - Sync 1 DAGs
[2023-11-16T00:16:09.287+0000] {logging_mixin.py:154} INFO - [2023-11-16T00:16:09.287+0000] {dag.py:3722} INFO - Setting next_dagrun for example_dag_decorator to None, run_after=None
[2023-11-16T00:16:09.301+0000] {processor.py:179} INFO - Processing /home/airflow/.local/lib/python3.8/site-packages/airflow/example_dags/example_dag_decorator.py took 0.297 seconds
[2023-11-16T00:16:39.369+0000] {processor.py:157} INFO - Started process (PID=986) to work on /home/airflow/.local/lib/python3.8/site-packages/airflow/example_dags/example_dag_decorator.py
[2023-11-16T00:16:39.369+0000] {processor.py:829} INFO - Processing file /home/airflow/.local/lib/python3.8/site-packages/airflow/example_dags/example_dag_decorator.py for tasks to queue
[2023-11-16T00:16:39.371+0000] {logging_mixin.py:154} INFO - [2023-11-16T00:16:39.371+0000] {dagbag.py:536} INFO - Filling up the DagBag from /home/airflow/.local/lib/python3.8/site-packages/airflow/example_dags/example_dag_decorator.py
[2023-11-16T00:16:39.420+0000] {processor.py:839} INFO - DAG(s) dict_keys(['example_dag_decorator']) retrieved from /home/airflow/.local/lib/python3.8/site-packages/airflow/example_dags/example_dag_decorator.py
[2023-11-16T00:16:39.575+0000] {logging_mixin.py:154} INFO - [2023-11-16T00:16:39.575+0000] {dag.py:2941} INFO - Sync 1 DAGs
[2023-11-16T00:16:39.581+0000] {logging_mixin.py:154} INFO - [2023-11-16T00:16:39.581+0000] {dag.py:3722} INFO - Setting next_dagrun for example_dag_decorator to None, run_after=None
[2023-11-16T00:16:39.593+0000] {processor.py:179} INFO - Processing /home/airflow/.local/lib/python3.8/site-packages/airflow/example_dags/example_dag_decorator.py took 0.227 seconds
[2023-11-16T00:17:09.643+0000] {processor.py:157} INFO - Started process (PID=1045) to work on /home/airflow/.local/lib/python3.8/site-packages/airflow/example_dags/example_dag_decorator.py
[2023-11-16T00:17:09.644+0000] {processor.py:829} INFO - Processing file /home/airflow/.local/lib/python3.8/site-packages/airflow/example_dags/example_dag_decorator.py for tasks to queue
[2023-11-16T00:17:09.646+0000] {logging_mixin.py:154} INFO - [2023-11-16T00:17:09.646+0000] {dagbag.py:536} INFO - Filling up the DagBag from /home/airflow/.local/lib/python3.8/site-packages/airflow/example_dags/example_dag_decorator.py
[2023-11-16T00:17:09.695+0000] {processor.py:839} INFO - DAG(s) dict_keys(['example_dag_decorator']) retrieved from /home/airflow/.local/lib/python3.8/site-packages/airflow/example_dags/example_dag_decorator.py
[2023-11-16T00:17:09.844+0000] {logging_mixin.py:154} INFO - [2023-11-16T00:17:09.844+0000] {dag.py:2941} INFO - Sync 1 DAGs
[2023-11-16T00:17:09.851+0000] {logging_mixin.py:154} INFO - [2023-11-16T00:17:09.851+0000] {dag.py:3722} INFO - Setting next_dagrun for example_dag_decorator to None, run_after=None
[2023-11-16T00:17:09.862+0000] {processor.py:179} INFO - Processing /home/airflow/.local/lib/python3.8/site-packages/airflow/example_dags/example_dag_decorator.py took 0.221 seconds
[2023-11-16T00:17:39.893+0000] {processor.py:157} INFO - Started process (PID=1105) to work on /home/airflow/.local/lib/python3.8/site-packages/airflow/example_dags/example_dag_decorator.py
[2023-11-16T00:17:39.894+0000] {processor.py:829} INFO - Processing file /home/airflow/.local/lib/python3.8/site-packages/airflow/example_dags/example_dag_decorator.py for tasks to queue
[2023-11-16T00:17:39.895+0000] {logging_mixin.py:154} INFO - [2023-11-16T00:17:39.895+0000] {dagbag.py:536} INFO - Filling up the DagBag from /home/airflow/.local/lib/python3.8/site-packages/airflow/example_dags/example_dag_decorator.py
[2023-11-16T00:17:39.941+0000] {processor.py:839} INFO - DAG(s) dict_keys(['example_dag_decorator']) retrieved from /home/airflow/.local/lib/python3.8/site-packages/airflow/example_dags/example_dag_decorator.py
[2023-11-16T00:17:40.095+0000] {logging_mixin.py:154} INFO - [2023-11-16T00:17:40.095+0000] {dag.py:2941} INFO - Sync 1 DAGs
[2023-11-16T00:17:40.103+0000] {logging_mixin.py:154} INFO - [2023-11-16T00:17:40.103+0000] {dag.py:3722} INFO - Setting next_dagrun for example_dag_decorator to None, run_after=None
[2023-11-16T00:17:40.115+0000] {processor.py:179} INFO - Processing /home/airflow/.local/lib/python3.8/site-packages/airflow/example_dags/example_dag_decorator.py took 0.224 seconds
[2023-11-16T00:18:10.686+0000] {processor.py:157} INFO - Started process (PID=1163) to work on /home/airflow/.local/lib/python3.8/site-packages/airflow/example_dags/example_dag_decorator.py
[2023-11-16T00:18:10.687+0000] {processor.py:829} INFO - Processing file /home/airflow/.local/lib/python3.8/site-packages/airflow/example_dags/example_dag_decorator.py for tasks to queue
[2023-11-16T00:18:10.689+0000] {logging_mixin.py:154} INFO - [2023-11-16T00:18:10.688+0000] {dagbag.py:536} INFO - Filling up the DagBag from /home/airflow/.local/lib/python3.8/site-packages/airflow/example_dags/example_dag_decorator.py
[2023-11-16T00:18:10.735+0000] {processor.py:839} INFO - DAG(s) dict_keys(['example_dag_decorator']) retrieved from /home/airflow/.local/lib/python3.8/site-packages/airflow/example_dags/example_dag_decorator.py
[2023-11-16T00:18:10.892+0000] {logging_mixin.py:154} INFO - [2023-11-16T00:18:10.892+0000] {dag.py:2941} INFO - Sync 1 DAGs
[2023-11-16T00:18:10.898+0000] {logging_mixin.py:154} INFO - [2023-11-16T00:18:10.898+0000] {dag.py:3722} INFO - Setting next_dagrun for example_dag_decorator to None, run_after=None
[2023-11-16T00:18:10.909+0000] {processor.py:179} INFO - Processing /home/airflow/.local/lib/python3.8/site-packages/airflow/example_dags/example_dag_decorator.py took 0.225 seconds
[2023-11-16T00:18:40.998+0000] {processor.py:157} INFO - Started process (PID=1222) to work on /home/airflow/.local/lib/python3.8/site-packages/airflow/example_dags/example_dag_decorator.py
[2023-11-16T00:18:40.998+0000] {processor.py:829} INFO - Processing file /home/airflow/.local/lib/python3.8/site-packages/airflow/example_dags/example_dag_decorator.py for tasks to queue
[2023-11-16T00:18:41.000+0000] {logging_mixin.py:154} INFO - [2023-11-16T00:18:41.000+0000] {dagbag.py:536} INFO - Filling up the DagBag from /home/airflow/.local/lib/python3.8/site-packages/airflow/example_dags/example_dag_decorator.py
[2023-11-16T00:18:41.050+0000] {processor.py:839} INFO - DAG(s) dict_keys(['example_dag_decorator']) retrieved from /home/airflow/.local/lib/python3.8/site-packages/airflow/example_dags/example_dag_decorator.py
[2023-11-16T00:18:41.208+0000] {logging_mixin.py:154} INFO - [2023-11-16T00:18:41.208+0000] {dag.py:2941} INFO - Sync 1 DAGs
[2023-11-16T00:18:41.215+0000] {logging_mixin.py:154} INFO - [2023-11-16T00:18:41.215+0000] {dag.py:3722} INFO - Setting next_dagrun for example_dag_decorator to None, run_after=None
[2023-11-16T00:18:41.226+0000] {processor.py:179} INFO - Processing /home/airflow/.local/lib/python3.8/site-packages/airflow/example_dags/example_dag_decorator.py took 0.231 seconds
[2023-11-16T00:19:11.278+0000] {processor.py:157} INFO - Started process (PID=1280) to work on /home/airflow/.local/lib/python3.8/site-packages/airflow/example_dags/example_dag_decorator.py
[2023-11-16T00:19:11.279+0000] {processor.py:829} INFO - Processing file /home/airflow/.local/lib/python3.8/site-packages/airflow/example_dags/example_dag_decorator.py for tasks to queue
[2023-11-16T00:19:11.280+0000] {logging_mixin.py:154} INFO - [2023-11-16T00:19:11.280+0000] {dagbag.py:536} INFO - Filling up the DagBag from /home/airflow/.local/lib/python3.8/site-packages/airflow/example_dags/example_dag_decorator.py
[2023-11-16T00:19:11.328+0000] {processor.py:839} INFO - DAG(s) dict_keys(['example_dag_decorator']) retrieved from /home/airflow/.local/lib/python3.8/site-packages/airflow/example_dags/example_dag_decorator.py
[2023-11-16T00:19:11.487+0000] {logging_mixin.py:154} INFO - [2023-11-16T00:19:11.487+0000] {dag.py:2941} INFO - Sync 1 DAGs
[2023-11-16T00:19:11.493+0000] {logging_mixin.py:154} INFO - [2023-11-16T00:19:11.493+0000] {dag.py:3722} INFO - Setting next_dagrun for example_dag_decorator to None, run_after=None
[2023-11-16T00:19:11.505+0000] {processor.py:179} INFO - Processing /home/airflow/.local/lib/python3.8/site-packages/airflow/example_dags/example_dag_decorator.py took 0.230 seconds
[2023-11-16T00:19:42.309+0000] {processor.py:157} INFO - Started process (PID=1337) to work on /home/airflow/.local/lib/python3.8/site-packages/airflow/example_dags/example_dag_decorator.py
[2023-11-16T00:19:42.309+0000] {processor.py:829} INFO - Processing file /home/airflow/.local/lib/python3.8/site-packages/airflow/example_dags/example_dag_decorator.py for tasks to queue
[2023-11-16T00:19:42.311+0000] {logging_mixin.py:154} INFO - [2023-11-16T00:19:42.311+0000] {dagbag.py:536} INFO - Filling up the DagBag from /home/airflow/.local/lib/python3.8/site-packages/airflow/example_dags/example_dag_decorator.py
[2023-11-16T00:19:42.357+0000] {processor.py:839} INFO - DAG(s) dict_keys(['example_dag_decorator']) retrieved from /home/airflow/.local/lib/python3.8/site-packages/airflow/example_dags/example_dag_decorator.py
[2023-11-16T00:19:42.514+0000] {logging_mixin.py:154} INFO - [2023-11-16T00:19:42.514+0000] {dag.py:2941} INFO - Sync 1 DAGs
[2023-11-16T00:19:42.520+0000] {logging_mixin.py:154} INFO - [2023-11-16T00:19:42.520+0000] {dag.py:3722} INFO - Setting next_dagrun for example_dag_decorator to None, run_after=None
[2023-11-16T00:19:42.533+0000] {processor.py:179} INFO - Processing /home/airflow/.local/lib/python3.8/site-packages/airflow/example_dags/example_dag_decorator.py took 0.227 seconds
[2023-11-16T00:20:12.649+0000] {processor.py:157} INFO - Started process (PID=1392) to work on /home/airflow/.local/lib/python3.8/site-packages/airflow/example_dags/example_dag_decorator.py
[2023-11-16T00:20:12.650+0000] {processor.py:829} INFO - Processing file /home/airflow/.local/lib/python3.8/site-packages/airflow/example_dags/example_dag_decorator.py for tasks to queue
[2023-11-16T00:20:12.651+0000] {logging_mixin.py:154} INFO - [2023-11-16T00:20:12.651+0000] {dagbag.py:536} INFO - Filling up the DagBag from /home/airflow/.local/lib/python3.8/site-packages/airflow/example_dags/example_dag_decorator.py
[2023-11-16T00:20:12.790+0000] {processor.py:839} INFO - DAG(s) dict_keys(['example_dag_decorator']) retrieved from /home/airflow/.local/lib/python3.8/site-packages/airflow/example_dags/example_dag_decorator.py
[2023-11-16T00:20:12.848+0000] {logging_mixin.py:154} INFO - [2023-11-16T00:20:12.848+0000] {dag.py:2941} INFO - Sync 1 DAGs
[2023-11-16T00:20:12.855+0000] {logging_mixin.py:154} INFO - [2023-11-16T00:20:12.855+0000] {dag.py:3722} INFO - Setting next_dagrun for example_dag_decorator to None, run_after=None
[2023-11-16T00:20:12.867+0000] {processor.py:179} INFO - Processing /home/airflow/.local/lib/python3.8/site-packages/airflow/example_dags/example_dag_decorator.py took 0.220 seconds
[2023-11-16T00:20:43.013+0000] {processor.py:157} INFO - Started process (PID=1448) to work on /home/airflow/.local/lib/python3.8/site-packages/airflow/example_dags/example_dag_decorator.py
[2023-11-16T00:20:43.014+0000] {processor.py:829} INFO - Processing file /home/airflow/.local/lib/python3.8/site-packages/airflow/example_dags/example_dag_decorator.py for tasks to queue
[2023-11-16T00:20:43.015+0000] {logging_mixin.py:154} INFO - [2023-11-16T00:20:43.015+0000] {dagbag.py:536} INFO - Filling up the DagBag from /home/airflow/.local/lib/python3.8/site-packages/airflow/example_dags/example_dag_decorator.py
[2023-11-16T00:20:43.074+0000] {processor.py:839} INFO - DAG(s) dict_keys(['example_dag_decorator']) retrieved from /home/airflow/.local/lib/python3.8/site-packages/airflow/example_dags/example_dag_decorator.py
[2023-11-16T00:20:43.238+0000] {logging_mixin.py:154} INFO - [2023-11-16T00:20:43.238+0000] {dag.py:2941} INFO - Sync 1 DAGs
[2023-11-16T00:20:43.245+0000] {logging_mixin.py:154} INFO - [2023-11-16T00:20:43.245+0000] {dag.py:3722} INFO - Setting next_dagrun for example_dag_decorator to None, run_after=None
[2023-11-16T00:20:43.257+0000] {processor.py:179} INFO - Processing /home/airflow/.local/lib/python3.8/site-packages/airflow/example_dags/example_dag_decorator.py took 0.246 seconds
[2023-11-16T00:21:13.436+0000] {processor.py:157} INFO - Started process (PID=1494) to work on /home/airflow/.local/lib/python3.8/site-packages/airflow/example_dags/example_dag_decorator.py
[2023-11-16T00:21:13.437+0000] {processor.py:829} INFO - Processing file /home/airflow/.local/lib/python3.8/site-packages/airflow/example_dags/example_dag_decorator.py for tasks to queue
[2023-11-16T00:21:13.438+0000] {logging_mixin.py:154} INFO - [2023-11-16T00:21:13.438+0000] {dagbag.py:536} INFO - Filling up the DagBag from /home/airflow/.local/lib/python3.8/site-packages/airflow/example_dags/example_dag_decorator.py
[2023-11-16T00:21:13.586+0000] {processor.py:839} INFO - DAG(s) dict_keys(['example_dag_decorator']) retrieved from /home/airflow/.local/lib/python3.8/site-packages/airflow/example_dags/example_dag_decorator.py
[2023-11-16T00:21:13.651+0000] {logging_mixin.py:154} INFO - [2023-11-16T00:21:13.651+0000] {dag.py:2941} INFO - Sync 1 DAGs
[2023-11-16T00:21:13.659+0000] {logging_mixin.py:154} INFO - [2023-11-16T00:21:13.659+0000] {dag.py:3722} INFO - Setting next_dagrun for example_dag_decorator to None, run_after=None
[2023-11-16T00:21:13.672+0000] {processor.py:179} INFO - Processing /home/airflow/.local/lib/python3.8/site-packages/airflow/example_dags/example_dag_decorator.py took 0.238 seconds
[2023-11-16T00:21:44.327+0000] {processor.py:157} INFO - Started process (PID=1551) to work on /home/airflow/.local/lib/python3.8/site-packages/airflow/example_dags/example_dag_decorator.py
[2023-11-16T00:21:44.328+0000] {processor.py:829} INFO - Processing file /home/airflow/.local/lib/python3.8/site-packages/airflow/example_dags/example_dag_decorator.py for tasks to queue
[2023-11-16T00:21:44.329+0000] {logging_mixin.py:154} INFO - [2023-11-16T00:21:44.329+0000] {dagbag.py:536} INFO - Filling up the DagBag from /home/airflow/.local/lib/python3.8/site-packages/airflow/example_dags/example_dag_decorator.py
[2023-11-16T00:21:44.478+0000] {processor.py:839} INFO - DAG(s) dict_keys(['example_dag_decorator']) retrieved from /home/airflow/.local/lib/python3.8/site-packages/airflow/example_dags/example_dag_decorator.py
[2023-11-16T00:21:44.538+0000] {logging_mixin.py:154} INFO - [2023-11-16T00:21:44.538+0000] {dag.py:2941} INFO - Sync 1 DAGs
[2023-11-16T00:21:44.544+0000] {logging_mixin.py:154} INFO - [2023-11-16T00:21:44.544+0000] {dag.py:3722} INFO - Setting next_dagrun for example_dag_decorator to None, run_after=None
[2023-11-16T00:21:44.557+0000] {processor.py:179} INFO - Processing /home/airflow/.local/lib/python3.8/site-packages/airflow/example_dags/example_dag_decorator.py took 0.233 seconds
[2023-11-16T00:22:14.742+0000] {processor.py:157} INFO - Started process (PID=1608) to work on /home/airflow/.local/lib/python3.8/site-packages/airflow/example_dags/example_dag_decorator.py
[2023-11-16T00:22:14.743+0000] {processor.py:829} INFO - Processing file /home/airflow/.local/lib/python3.8/site-packages/airflow/example_dags/example_dag_decorator.py for tasks to queue
[2023-11-16T00:22:14.745+0000] {logging_mixin.py:154} INFO - [2023-11-16T00:22:14.744+0000] {dagbag.py:536} INFO - Filling up the DagBag from /home/airflow/.local/lib/python3.8/site-packages/airflow/example_dags/example_dag_decorator.py
[2023-11-16T00:22:14.798+0000] {processor.py:839} INFO - DAG(s) dict_keys(['example_dag_decorator']) retrieved from /home/airflow/.local/lib/python3.8/site-packages/airflow/example_dags/example_dag_decorator.py
[2023-11-16T00:22:14.969+0000] {logging_mixin.py:154} INFO - [2023-11-16T00:22:14.969+0000] {dag.py:2941} INFO - Sync 1 DAGs
[2023-11-16T00:22:14.975+0000] {logging_mixin.py:154} INFO - [2023-11-16T00:22:14.975+0000] {dag.py:3722} INFO - Setting next_dagrun for example_dag_decorator to None, run_after=None
[2023-11-16T00:22:14.987+0000] {processor.py:179} INFO - Processing /home/airflow/.local/lib/python3.8/site-packages/airflow/example_dags/example_dag_decorator.py took 0.248 seconds
[2023-11-16T00:22:45.639+0000] {processor.py:157} INFO - Started process (PID=1665) to work on /home/airflow/.local/lib/python3.8/site-packages/airflow/example_dags/example_dag_decorator.py
[2023-11-16T00:22:45.640+0000] {processor.py:829} INFO - Processing file /home/airflow/.local/lib/python3.8/site-packages/airflow/example_dags/example_dag_decorator.py for tasks to queue
[2023-11-16T00:22:45.642+0000] {logging_mixin.py:154} INFO - [2023-11-16T00:22:45.641+0000] {dagbag.py:536} INFO - Filling up the DagBag from /home/airflow/.local/lib/python3.8/site-packages/airflow/example_dags/example_dag_decorator.py
[2023-11-16T00:22:45.688+0000] {processor.py:839} INFO - DAG(s) dict_keys(['example_dag_decorator']) retrieved from /home/airflow/.local/lib/python3.8/site-packages/airflow/example_dags/example_dag_decorator.py
[2023-11-16T00:22:45.840+0000] {logging_mixin.py:154} INFO - [2023-11-16T00:22:45.840+0000] {dag.py:2941} INFO - Sync 1 DAGs
[2023-11-16T00:22:45.847+0000] {logging_mixin.py:154} INFO - [2023-11-16T00:22:45.846+0000] {dag.py:3722} INFO - Setting next_dagrun for example_dag_decorator to None, run_after=None
[2023-11-16T00:22:45.859+0000] {processor.py:179} INFO - Processing /home/airflow/.local/lib/python3.8/site-packages/airflow/example_dags/example_dag_decorator.py took 0.221 seconds
[2023-11-16T00:23:16.309+0000] {processor.py:157} INFO - Started process (PID=1722) to work on /home/airflow/.local/lib/python3.8/site-packages/airflow/example_dags/example_dag_decorator.py
[2023-11-16T00:23:16.310+0000] {processor.py:829} INFO - Processing file /home/airflow/.local/lib/python3.8/site-packages/airflow/example_dags/example_dag_decorator.py for tasks to queue
[2023-11-16T00:23:16.313+0000] {logging_mixin.py:154} INFO - [2023-11-16T00:23:16.312+0000] {dagbag.py:536} INFO - Filling up the DagBag from /home/airflow/.local/lib/python3.8/site-packages/airflow/example_dags/example_dag_decorator.py
[2023-11-16T00:23:16.454+0000] {processor.py:839} INFO - DAG(s) dict_keys(['example_dag_decorator']) retrieved from /home/airflow/.local/lib/python3.8/site-packages/airflow/example_dags/example_dag_decorator.py
[2023-11-16T00:23:16.516+0000] {logging_mixin.py:154} INFO - [2023-11-16T00:23:16.516+0000] {dag.py:2941} INFO - Sync 1 DAGs
[2023-11-16T00:23:16.523+0000] {logging_mixin.py:154} INFO - [2023-11-16T00:23:16.523+0000] {dag.py:3722} INFO - Setting next_dagrun for example_dag_decorator to None, run_after=None
[2023-11-16T00:23:16.536+0000] {processor.py:179} INFO - Processing /home/airflow/.local/lib/python3.8/site-packages/airflow/example_dags/example_dag_decorator.py took 0.230 seconds
[2023-11-16T00:23:47.351+0000] {processor.py:157} INFO - Started process (PID=1779) to work on /home/airflow/.local/lib/python3.8/site-packages/airflow/example_dags/example_dag_decorator.py
[2023-11-16T00:23:47.351+0000] {processor.py:829} INFO - Processing file /home/airflow/.local/lib/python3.8/site-packages/airflow/example_dags/example_dag_decorator.py for tasks to queue
[2023-11-16T00:23:47.353+0000] {logging_mixin.py:154} INFO - [2023-11-16T00:23:47.353+0000] {dagbag.py:536} INFO - Filling up the DagBag from /home/airflow/.local/lib/python3.8/site-packages/airflow/example_dags/example_dag_decorator.py
[2023-11-16T00:23:47.497+0000] {processor.py:839} INFO - DAG(s) dict_keys(['example_dag_decorator']) retrieved from /home/airflow/.local/lib/python3.8/site-packages/airflow/example_dags/example_dag_decorator.py
[2023-11-16T00:23:47.560+0000] {logging_mixin.py:154} INFO - [2023-11-16T00:23:47.560+0000] {dag.py:2941} INFO - Sync 1 DAGs
[2023-11-16T00:23:47.568+0000] {logging_mixin.py:154} INFO - [2023-11-16T00:23:47.568+0000] {dag.py:3722} INFO - Setting next_dagrun for example_dag_decorator to None, run_after=None
[2023-11-16T00:23:47.585+0000] {processor.py:179} INFO - Processing /home/airflow/.local/lib/python3.8/site-packages/airflow/example_dags/example_dag_decorator.py took 0.238 seconds
[2023-11-16T00:24:18.592+0000] {processor.py:157} INFO - Started process (PID=1837) to work on /home/airflow/.local/lib/python3.8/site-packages/airflow/example_dags/example_dag_decorator.py
[2023-11-16T00:24:18.592+0000] {processor.py:829} INFO - Processing file /home/airflow/.local/lib/python3.8/site-packages/airflow/example_dags/example_dag_decorator.py for tasks to queue
[2023-11-16T00:24:18.594+0000] {logging_mixin.py:154} INFO - [2023-11-16T00:24:18.594+0000] {dagbag.py:536} INFO - Filling up the DagBag from /home/airflow/.local/lib/python3.8/site-packages/airflow/example_dags/example_dag_decorator.py
[2023-11-16T00:24:18.643+0000] {processor.py:839} INFO - DAG(s) dict_keys(['example_dag_decorator']) retrieved from /home/airflow/.local/lib/python3.8/site-packages/airflow/example_dags/example_dag_decorator.py
[2023-11-16T00:24:18.707+0000] {logging_mixin.py:154} INFO - [2023-11-16T00:24:18.707+0000] {dag.py:2941} INFO - Sync 1 DAGs
[2023-11-16T00:24:18.713+0000] {logging_mixin.py:154} INFO - [2023-11-16T00:24:18.713+0000] {dag.py:3722} INFO - Setting next_dagrun for example_dag_decorator to None, run_after=None
[2023-11-16T00:24:18.724+0000] {processor.py:179} INFO - Processing /home/airflow/.local/lib/python3.8/site-packages/airflow/example_dags/example_dag_decorator.py took 0.135 seconds
[2023-11-16T00:24:49.567+0000] {processor.py:157} INFO - Started process (PID=1894) to work on /home/airflow/.local/lib/python3.8/site-packages/airflow/example_dags/example_dag_decorator.py
[2023-11-16T00:24:49.568+0000] {processor.py:829} INFO - Processing file /home/airflow/.local/lib/python3.8/site-packages/airflow/example_dags/example_dag_decorator.py for tasks to queue
[2023-11-16T00:24:49.570+0000] {logging_mixin.py:154} INFO - [2023-11-16T00:24:49.570+0000] {dagbag.py:536} INFO - Filling up the DagBag from /home/airflow/.local/lib/python3.8/site-packages/airflow/example_dags/example_dag_decorator.py
[2023-11-16T00:24:49.618+0000] {processor.py:839} INFO - DAG(s) dict_keys(['example_dag_decorator']) retrieved from /home/airflow/.local/lib/python3.8/site-packages/airflow/example_dags/example_dag_decorator.py
[2023-11-16T00:24:49.687+0000] {logging_mixin.py:154} INFO - [2023-11-16T00:24:49.687+0000] {dag.py:2941} INFO - Sync 1 DAGs
[2023-11-16T00:24:49.694+0000] {logging_mixin.py:154} INFO - [2023-11-16T00:24:49.694+0000] {dag.py:3722} INFO - Setting next_dagrun for example_dag_decorator to None, run_after=None
[2023-11-16T00:24:49.706+0000] {processor.py:179} INFO - Processing /home/airflow/.local/lib/python3.8/site-packages/airflow/example_dags/example_dag_decorator.py took 0.140 seconds
[2023-11-16T00:25:19.806+0000] {processor.py:157} INFO - Started process (PID=1951) to work on /home/airflow/.local/lib/python3.8/site-packages/airflow/example_dags/example_dag_decorator.py
[2023-11-16T00:25:19.806+0000] {processor.py:829} INFO - Processing file /home/airflow/.local/lib/python3.8/site-packages/airflow/example_dags/example_dag_decorator.py for tasks to queue
[2023-11-16T00:25:19.808+0000] {logging_mixin.py:154} INFO - [2023-11-16T00:25:19.808+0000] {dagbag.py:536} INFO - Filling up the DagBag from /home/airflow/.local/lib/python3.8/site-packages/airflow/example_dags/example_dag_decorator.py
[2023-11-16T00:25:19.856+0000] {processor.py:839} INFO - DAG(s) dict_keys(['example_dag_decorator']) retrieved from /home/airflow/.local/lib/python3.8/site-packages/airflow/example_dags/example_dag_decorator.py
[2023-11-16T00:25:19.921+0000] {logging_mixin.py:154} INFO - [2023-11-16T00:25:19.921+0000] {dag.py:2941} INFO - Sync 1 DAGs
[2023-11-16T00:25:19.929+0000] {logging_mixin.py:154} INFO - [2023-11-16T00:25:19.928+0000] {dag.py:3722} INFO - Setting next_dagrun for example_dag_decorator to None, run_after=None
[2023-11-16T00:25:19.940+0000] {processor.py:179} INFO - Processing /home/airflow/.local/lib/python3.8/site-packages/airflow/example_dags/example_dag_decorator.py took 0.136 seconds
[2023-11-16T00:25:49.976+0000] {processor.py:157} INFO - Started process (PID=2010) to work on /home/airflow/.local/lib/python3.8/site-packages/airflow/example_dags/example_dag_decorator.py
[2023-11-16T00:25:49.977+0000] {processor.py:829} INFO - Processing file /home/airflow/.local/lib/python3.8/site-packages/airflow/example_dags/example_dag_decorator.py for tasks to queue
[2023-11-16T00:25:49.979+0000] {logging_mixin.py:154} INFO - [2023-11-16T00:25:49.978+0000] {dagbag.py:536} INFO - Filling up the DagBag from /home/airflow/.local/lib/python3.8/site-packages/airflow/example_dags/example_dag_decorator.py
[2023-11-16T00:25:50.025+0000] {processor.py:839} INFO - DAG(s) dict_keys(['example_dag_decorator']) retrieved from /home/airflow/.local/lib/python3.8/site-packages/airflow/example_dags/example_dag_decorator.py
[2023-11-16T00:25:50.088+0000] {logging_mixin.py:154} INFO - [2023-11-16T00:25:50.088+0000] {dag.py:2941} INFO - Sync 1 DAGs
[2023-11-16T00:25:50.096+0000] {logging_mixin.py:154} INFO - [2023-11-16T00:25:50.096+0000] {dag.py:3722} INFO - Setting next_dagrun for example_dag_decorator to None, run_after=None
[2023-11-16T00:25:50.110+0000] {processor.py:179} INFO - Processing /home/airflow/.local/lib/python3.8/site-packages/airflow/example_dags/example_dag_decorator.py took 0.136 seconds
[2023-11-16T00:26:20.179+0000] {processor.py:157} INFO - Started process (PID=2065) to work on /home/airflow/.local/lib/python3.8/site-packages/airflow/example_dags/example_dag_decorator.py
[2023-11-16T00:26:20.179+0000] {processor.py:829} INFO - Processing file /home/airflow/.local/lib/python3.8/site-packages/airflow/example_dags/example_dag_decorator.py for tasks to queue
[2023-11-16T00:26:20.181+0000] {logging_mixin.py:154} INFO - [2023-11-16T00:26:20.181+0000] {dagbag.py:536} INFO - Filling up the DagBag from /home/airflow/.local/lib/python3.8/site-packages/airflow/example_dags/example_dag_decorator.py
[2023-11-16T00:26:20.226+0000] {processor.py:839} INFO - DAG(s) dict_keys(['example_dag_decorator']) retrieved from /home/airflow/.local/lib/python3.8/site-packages/airflow/example_dags/example_dag_decorator.py
[2023-11-16T00:26:20.288+0000] {logging_mixin.py:154} INFO - [2023-11-16T00:26:20.288+0000] {dag.py:2941} INFO - Sync 1 DAGs
[2023-11-16T00:26:20.295+0000] {logging_mixin.py:154} INFO - [2023-11-16T00:26:20.295+0000] {dag.py:3722} INFO - Setting next_dagrun for example_dag_decorator to None, run_after=None
[2023-11-16T00:26:20.307+0000] {processor.py:179} INFO - Processing /home/airflow/.local/lib/python3.8/site-packages/airflow/example_dags/example_dag_decorator.py took 0.131 seconds
[2023-11-16T00:26:50.430+0000] {processor.py:157} INFO - Started process (PID=2122) to work on /home/airflow/.local/lib/python3.8/site-packages/airflow/example_dags/example_dag_decorator.py
[2023-11-16T00:26:50.431+0000] {processor.py:829} INFO - Processing file /home/airflow/.local/lib/python3.8/site-packages/airflow/example_dags/example_dag_decorator.py for tasks to queue
[2023-11-16T00:26:50.433+0000] {logging_mixin.py:154} INFO - [2023-11-16T00:26:50.433+0000] {dagbag.py:536} INFO - Filling up the DagBag from /home/airflow/.local/lib/python3.8/site-packages/airflow/example_dags/example_dag_decorator.py
[2023-11-16T00:26:50.483+0000] {processor.py:839} INFO - DAG(s) dict_keys(['example_dag_decorator']) retrieved from /home/airflow/.local/lib/python3.8/site-packages/airflow/example_dags/example_dag_decorator.py
[2023-11-16T00:26:50.497+0000] {logging_mixin.py:154} INFO - [2023-11-16T00:26:50.497+0000] {dag.py:2941} INFO - Sync 1 DAGs
[2023-11-16T00:26:50.506+0000] {logging_mixin.py:154} INFO - [2023-11-16T00:26:50.505+0000] {dag.py:3722} INFO - Setting next_dagrun for example_dag_decorator to None, run_after=None
[2023-11-16T00:26:50.518+0000] {processor.py:179} INFO - Processing /home/airflow/.local/lib/python3.8/site-packages/airflow/example_dags/example_dag_decorator.py took 0.091 seconds
[2023-11-16T00:27:20.690+0000] {processor.py:157} INFO - Started process (PID=2179) to work on /home/airflow/.local/lib/python3.8/site-packages/airflow/example_dags/example_dag_decorator.py
[2023-11-16T00:27:20.690+0000] {processor.py:829} INFO - Processing file /home/airflow/.local/lib/python3.8/site-packages/airflow/example_dags/example_dag_decorator.py for tasks to queue
[2023-11-16T00:27:20.692+0000] {logging_mixin.py:154} INFO - [2023-11-16T00:27:20.692+0000] {dagbag.py:536} INFO - Filling up the DagBag from /home/airflow/.local/lib/python3.8/site-packages/airflow/example_dags/example_dag_decorator.py
[2023-11-16T00:27:20.739+0000] {processor.py:839} INFO - DAG(s) dict_keys(['example_dag_decorator']) retrieved from /home/airflow/.local/lib/python3.8/site-packages/airflow/example_dags/example_dag_decorator.py
[2023-11-16T00:27:20.805+0000] {logging_mixin.py:154} INFO - [2023-11-16T00:27:20.805+0000] {dag.py:2941} INFO - Sync 1 DAGs
[2023-11-16T00:27:20.812+0000] {logging_mixin.py:154} INFO - [2023-11-16T00:27:20.812+0000] {dag.py:3722} INFO - Setting next_dagrun for example_dag_decorator to None, run_after=None
[2023-11-16T00:27:20.827+0000] {processor.py:179} INFO - Processing /home/airflow/.local/lib/python3.8/site-packages/airflow/example_dags/example_dag_decorator.py took 0.140 seconds
[2023-11-16T00:27:50.917+0000] {processor.py:157} INFO - Started process (PID=2238) to work on /home/airflow/.local/lib/python3.8/site-packages/airflow/example_dags/example_dag_decorator.py
[2023-11-16T00:27:50.918+0000] {processor.py:829} INFO - Processing file /home/airflow/.local/lib/python3.8/site-packages/airflow/example_dags/example_dag_decorator.py for tasks to queue
[2023-11-16T00:27:50.920+0000] {logging_mixin.py:154} INFO - [2023-11-16T00:27:50.920+0000] {dagbag.py:536} INFO - Filling up the DagBag from /home/airflow/.local/lib/python3.8/site-packages/airflow/example_dags/example_dag_decorator.py
[2023-11-16T00:27:50.968+0000] {processor.py:839} INFO - DAG(s) dict_keys(['example_dag_decorator']) retrieved from /home/airflow/.local/lib/python3.8/site-packages/airflow/example_dags/example_dag_decorator.py
[2023-11-16T00:27:51.030+0000] {logging_mixin.py:154} INFO - [2023-11-16T00:27:51.030+0000] {dag.py:2941} INFO - Sync 1 DAGs
[2023-11-16T00:27:51.037+0000] {logging_mixin.py:154} INFO - [2023-11-16T00:27:51.037+0000] {dag.py:3722} INFO - Setting next_dagrun for example_dag_decorator to None, run_after=None
[2023-11-16T00:27:51.052+0000] {processor.py:179} INFO - Processing /home/airflow/.local/lib/python3.8/site-packages/airflow/example_dags/example_dag_decorator.py took 0.137 seconds
[2023-11-16T00:28:21.113+0000] {processor.py:157} INFO - Started process (PID=2297) to work on /home/airflow/.local/lib/python3.8/site-packages/airflow/example_dags/example_dag_decorator.py
[2023-11-16T00:28:21.114+0000] {processor.py:829} INFO - Processing file /home/airflow/.local/lib/python3.8/site-packages/airflow/example_dags/example_dag_decorator.py for tasks to queue
[2023-11-16T00:28:21.116+0000] {logging_mixin.py:154} INFO - [2023-11-16T00:28:21.115+0000] {dagbag.py:536} INFO - Filling up the DagBag from /home/airflow/.local/lib/python3.8/site-packages/airflow/example_dags/example_dag_decorator.py
[2023-11-16T00:28:21.166+0000] {processor.py:839} INFO - DAG(s) dict_keys(['example_dag_decorator']) retrieved from /home/airflow/.local/lib/python3.8/site-packages/airflow/example_dags/example_dag_decorator.py
[2023-11-16T00:28:21.237+0000] {logging_mixin.py:154} INFO - [2023-11-16T00:28:21.237+0000] {dag.py:2941} INFO - Sync 1 DAGs
[2023-11-16T00:28:21.245+0000] {logging_mixin.py:154} INFO - [2023-11-16T00:28:21.245+0000] {dag.py:3722} INFO - Setting next_dagrun for example_dag_decorator to None, run_after=None
[2023-11-16T00:28:21.259+0000] {processor.py:179} INFO - Processing /home/airflow/.local/lib/python3.8/site-packages/airflow/example_dags/example_dag_decorator.py took 0.148 seconds
[2023-11-16T00:28:51.286+0000] {processor.py:157} INFO - Started process (PID=2355) to work on /home/airflow/.local/lib/python3.8/site-packages/airflow/example_dags/example_dag_decorator.py
[2023-11-16T00:28:51.287+0000] {processor.py:829} INFO - Processing file /home/airflow/.local/lib/python3.8/site-packages/airflow/example_dags/example_dag_decorator.py for tasks to queue
[2023-11-16T00:28:51.289+0000] {logging_mixin.py:154} INFO - [2023-11-16T00:28:51.289+0000] {dagbag.py:536} INFO - Filling up the DagBag from /home/airflow/.local/lib/python3.8/site-packages/airflow/example_dags/example_dag_decorator.py
[2023-11-16T00:28:51.337+0000] {processor.py:839} INFO - DAG(s) dict_keys(['example_dag_decorator']) retrieved from /home/airflow/.local/lib/python3.8/site-packages/airflow/example_dags/example_dag_decorator.py
[2023-11-16T00:28:51.398+0000] {logging_mixin.py:154} INFO - [2023-11-16T00:28:51.398+0000] {dag.py:2941} INFO - Sync 1 DAGs
[2023-11-16T00:28:51.405+0000] {logging_mixin.py:154} INFO - [2023-11-16T00:28:51.405+0000] {dag.py:3722} INFO - Setting next_dagrun for example_dag_decorator to None, run_after=None
[2023-11-16T00:28:51.418+0000] {processor.py:179} INFO - Processing /home/airflow/.local/lib/python3.8/site-packages/airflow/example_dags/example_dag_decorator.py took 0.134 seconds
[2023-11-16T00:29:21.588+0000] {processor.py:157} INFO - Started process (PID=2412) to work on /home/airflow/.local/lib/python3.8/site-packages/airflow/example_dags/example_dag_decorator.py
[2023-11-16T00:29:21.589+0000] {processor.py:829} INFO - Processing file /home/airflow/.local/lib/python3.8/site-packages/airflow/example_dags/example_dag_decorator.py for tasks to queue
[2023-11-16T00:29:21.591+0000] {logging_mixin.py:154} INFO - [2023-11-16T00:29:21.591+0000] {dagbag.py:536} INFO - Filling up the DagBag from /home/airflow/.local/lib/python3.8/site-packages/airflow/example_dags/example_dag_decorator.py
[2023-11-16T00:29:21.638+0000] {processor.py:839} INFO - DAG(s) dict_keys(['example_dag_decorator']) retrieved from /home/airflow/.local/lib/python3.8/site-packages/airflow/example_dags/example_dag_decorator.py
[2023-11-16T00:29:21.703+0000] {logging_mixin.py:154} INFO - [2023-11-16T00:29:21.703+0000] {dag.py:2941} INFO - Sync 1 DAGs
[2023-11-16T00:29:21.710+0000] {logging_mixin.py:154} INFO - [2023-11-16T00:29:21.710+0000] {dag.py:3722} INFO - Setting next_dagrun for example_dag_decorator to None, run_after=None
[2023-11-16T00:29:21.724+0000] {processor.py:179} INFO - Processing /home/airflow/.local/lib/python3.8/site-packages/airflow/example_dags/example_dag_decorator.py took 0.138 seconds
[2023-11-16T00:29:51.749+0000] {processor.py:157} INFO - Started process (PID=2470) to work on /home/airflow/.local/lib/python3.8/site-packages/airflow/example_dags/example_dag_decorator.py
[2023-11-16T00:29:51.750+0000] {processor.py:829} INFO - Processing file /home/airflow/.local/lib/python3.8/site-packages/airflow/example_dags/example_dag_decorator.py for tasks to queue
[2023-11-16T00:29:51.751+0000] {logging_mixin.py:154} INFO - [2023-11-16T00:29:51.751+0000] {dagbag.py:536} INFO - Filling up the DagBag from /home/airflow/.local/lib/python3.8/site-packages/airflow/example_dags/example_dag_decorator.py
[2023-11-16T00:29:51.796+0000] {processor.py:839} INFO - DAG(s) dict_keys(['example_dag_decorator']) retrieved from /home/airflow/.local/lib/python3.8/site-packages/airflow/example_dags/example_dag_decorator.py
[2023-11-16T00:29:51.858+0000] {logging_mixin.py:154} INFO - [2023-11-16T00:29:51.858+0000] {dag.py:2941} INFO - Sync 1 DAGs
[2023-11-16T00:29:51.865+0000] {logging_mixin.py:154} INFO - [2023-11-16T00:29:51.864+0000] {dag.py:3722} INFO - Setting next_dagrun for example_dag_decorator to None, run_after=None
[2023-11-16T00:29:51.876+0000] {processor.py:179} INFO - Processing /home/airflow/.local/lib/python3.8/site-packages/airflow/example_dags/example_dag_decorator.py took 0.130 seconds
[2023-11-16T00:30:21.905+0000] {processor.py:157} INFO - Started process (PID=2528) to work on /home/airflow/.local/lib/python3.8/site-packages/airflow/example_dags/example_dag_decorator.py
[2023-11-16T00:30:21.905+0000] {processor.py:829} INFO - Processing file /home/airflow/.local/lib/python3.8/site-packages/airflow/example_dags/example_dag_decorator.py for tasks to queue
[2023-11-16T00:30:21.908+0000] {logging_mixin.py:154} INFO - [2023-11-16T00:30:21.907+0000] {dagbag.py:536} INFO - Filling up the DagBag from /home/airflow/.local/lib/python3.8/site-packages/airflow/example_dags/example_dag_decorator.py
[2023-11-16T00:30:21.956+0000] {processor.py:839} INFO - DAG(s) dict_keys(['example_dag_decorator']) retrieved from /home/airflow/.local/lib/python3.8/site-packages/airflow/example_dags/example_dag_decorator.py
[2023-11-16T00:30:22.021+0000] {logging_mixin.py:154} INFO - [2023-11-16T00:30:22.021+0000] {dag.py:2941} INFO - Sync 1 DAGs
[2023-11-16T00:30:22.028+0000] {logging_mixin.py:154} INFO - [2023-11-16T00:30:22.028+0000] {dag.py:3722} INFO - Setting next_dagrun for example_dag_decorator to None, run_after=None
[2023-11-16T00:30:22.040+0000] {processor.py:179} INFO - Processing /home/airflow/.local/lib/python3.8/site-packages/airflow/example_dags/example_dag_decorator.py took 0.138 seconds
[2023-11-16T00:30:52.102+0000] {processor.py:157} INFO - Started process (PID=2586) to work on /home/airflow/.local/lib/python3.8/site-packages/airflow/example_dags/example_dag_decorator.py
[2023-11-16T00:30:52.103+0000] {processor.py:829} INFO - Processing file /home/airflow/.local/lib/python3.8/site-packages/airflow/example_dags/example_dag_decorator.py for tasks to queue
[2023-11-16T00:30:52.105+0000] {logging_mixin.py:154} INFO - [2023-11-16T00:30:52.105+0000] {dagbag.py:536} INFO - Filling up the DagBag from /home/airflow/.local/lib/python3.8/site-packages/airflow/example_dags/example_dag_decorator.py
[2023-11-16T00:30:52.151+0000] {processor.py:839} INFO - DAG(s) dict_keys(['example_dag_decorator']) retrieved from /home/airflow/.local/lib/python3.8/site-packages/airflow/example_dags/example_dag_decorator.py
[2023-11-16T00:30:52.213+0000] {logging_mixin.py:154} INFO - [2023-11-16T00:30:52.213+0000] {dag.py:2941} INFO - Sync 1 DAGs
[2023-11-16T00:30:52.220+0000] {logging_mixin.py:154} INFO - [2023-11-16T00:30:52.220+0000] {dag.py:3722} INFO - Setting next_dagrun for example_dag_decorator to None, run_after=None
[2023-11-16T00:30:52.233+0000] {processor.py:179} INFO - Processing /home/airflow/.local/lib/python3.8/site-packages/airflow/example_dags/example_dag_decorator.py took 0.133 seconds
[2023-11-16T00:31:23.209+0000] {processor.py:157} INFO - Started process (PID=2643) to work on /home/airflow/.local/lib/python3.8/site-packages/airflow/example_dags/example_dag_decorator.py
[2023-11-16T00:31:23.210+0000] {processor.py:829} INFO - Processing file /home/airflow/.local/lib/python3.8/site-packages/airflow/example_dags/example_dag_decorator.py for tasks to queue
[2023-11-16T00:31:23.212+0000] {logging_mixin.py:154} INFO - [2023-11-16T00:31:23.212+0000] {dagbag.py:536} INFO - Filling up the DagBag from /home/airflow/.local/lib/python3.8/site-packages/airflow/example_dags/example_dag_decorator.py
[2023-11-16T00:31:23.259+0000] {processor.py:839} INFO - DAG(s) dict_keys(['example_dag_decorator']) retrieved from /home/airflow/.local/lib/python3.8/site-packages/airflow/example_dags/example_dag_decorator.py
[2023-11-16T00:31:23.326+0000] {logging_mixin.py:154} INFO - [2023-11-16T00:31:23.326+0000] {dag.py:2941} INFO - Sync 1 DAGs
[2023-11-16T00:31:23.333+0000] {logging_mixin.py:154} INFO - [2023-11-16T00:31:23.333+0000] {dag.py:3722} INFO - Setting next_dagrun for example_dag_decorator to None, run_after=None
[2023-11-16T00:31:23.347+0000] {processor.py:179} INFO - Processing /home/airflow/.local/lib/python3.8/site-packages/airflow/example_dags/example_dag_decorator.py took 0.140 seconds
[2023-11-16T00:31:53.474+0000] {processor.py:157} INFO - Started process (PID=2700) to work on /home/airflow/.local/lib/python3.8/site-packages/airflow/example_dags/example_dag_decorator.py
[2023-11-16T00:31:53.475+0000] {processor.py:829} INFO - Processing file /home/airflow/.local/lib/python3.8/site-packages/airflow/example_dags/example_dag_decorator.py for tasks to queue
[2023-11-16T00:31:53.477+0000] {logging_mixin.py:154} INFO - [2023-11-16T00:31:53.477+0000] {dagbag.py:536} INFO - Filling up the DagBag from /home/airflow/.local/lib/python3.8/site-packages/airflow/example_dags/example_dag_decorator.py
[2023-11-16T00:31:53.522+0000] {processor.py:839} INFO - DAG(s) dict_keys(['example_dag_decorator']) retrieved from /home/airflow/.local/lib/python3.8/site-packages/airflow/example_dags/example_dag_decorator.py
[2023-11-16T00:31:53.587+0000] {logging_mixin.py:154} INFO - [2023-11-16T00:31:53.587+0000] {dag.py:2941} INFO - Sync 1 DAGs
[2023-11-16T00:31:53.595+0000] {logging_mixin.py:154} INFO - [2023-11-16T00:31:53.595+0000] {dag.py:3722} INFO - Setting next_dagrun for example_dag_decorator to None, run_after=None
[2023-11-16T00:31:53.607+0000] {processor.py:179} INFO - Processing /home/airflow/.local/lib/python3.8/site-packages/airflow/example_dags/example_dag_decorator.py took 0.136 seconds
[2023-11-16T00:32:23.735+0000] {processor.py:157} INFO - Started process (PID=2757) to work on /home/airflow/.local/lib/python3.8/site-packages/airflow/example_dags/example_dag_decorator.py
[2023-11-16T00:32:23.736+0000] {processor.py:829} INFO - Processing file /home/airflow/.local/lib/python3.8/site-packages/airflow/example_dags/example_dag_decorator.py for tasks to queue
[2023-11-16T00:32:23.738+0000] {logging_mixin.py:154} INFO - [2023-11-16T00:32:23.737+0000] {dagbag.py:536} INFO - Filling up the DagBag from /home/airflow/.local/lib/python3.8/site-packages/airflow/example_dags/example_dag_decorator.py
[2023-11-16T00:32:23.782+0000] {processor.py:839} INFO - DAG(s) dict_keys(['example_dag_decorator']) retrieved from /home/airflow/.local/lib/python3.8/site-packages/airflow/example_dags/example_dag_decorator.py
[2023-11-16T00:32:23.844+0000] {logging_mixin.py:154} INFO - [2023-11-16T00:32:23.844+0000] {dag.py:2941} INFO - Sync 1 DAGs
[2023-11-16T00:32:23.852+0000] {logging_mixin.py:154} INFO - [2023-11-16T00:32:23.852+0000] {dag.py:3722} INFO - Setting next_dagrun for example_dag_decorator to None, run_after=None
[2023-11-16T00:32:23.864+0000] {processor.py:179} INFO - Processing /home/airflow/.local/lib/python3.8/site-packages/airflow/example_dags/example_dag_decorator.py took 0.131 seconds
[2023-11-16T00:32:53.902+0000] {processor.py:157} INFO - Started process (PID=2814) to work on /home/airflow/.local/lib/python3.8/site-packages/airflow/example_dags/example_dag_decorator.py
[2023-11-16T00:32:53.903+0000] {processor.py:829} INFO - Processing file /home/airflow/.local/lib/python3.8/site-packages/airflow/example_dags/example_dag_decorator.py for tasks to queue
[2023-11-16T00:32:53.905+0000] {logging_mixin.py:154} INFO - [2023-11-16T00:32:53.905+0000] {dagbag.py:536} INFO - Filling up the DagBag from /home/airflow/.local/lib/python3.8/site-packages/airflow/example_dags/example_dag_decorator.py
[2023-11-16T00:32:53.955+0000] {processor.py:839} INFO - DAG(s) dict_keys(['example_dag_decorator']) retrieved from /home/airflow/.local/lib/python3.8/site-packages/airflow/example_dags/example_dag_decorator.py
[2023-11-16T00:32:54.019+0000] {logging_mixin.py:154} INFO - [2023-11-16T00:32:54.019+0000] {dag.py:2941} INFO - Sync 1 DAGs
[2023-11-16T00:32:54.026+0000] {logging_mixin.py:154} INFO - [2023-11-16T00:32:54.026+0000] {dag.py:3722} INFO - Setting next_dagrun for example_dag_decorator to None, run_after=None
[2023-11-16T00:32:54.039+0000] {processor.py:179} INFO - Processing /home/airflow/.local/lib/python3.8/site-packages/airflow/example_dags/example_dag_decorator.py took 0.140 seconds
[2023-11-16T00:33:24.065+0000] {processor.py:157} INFO - Started process (PID=2870) to work on /home/airflow/.local/lib/python3.8/site-packages/airflow/example_dags/example_dag_decorator.py
[2023-11-16T00:33:24.066+0000] {processor.py:829} INFO - Processing file /home/airflow/.local/lib/python3.8/site-packages/airflow/example_dags/example_dag_decorator.py for tasks to queue
[2023-11-16T00:33:24.068+0000] {logging_mixin.py:154} INFO - [2023-11-16T00:33:24.068+0000] {dagbag.py:536} INFO - Filling up the DagBag from /home/airflow/.local/lib/python3.8/site-packages/airflow/example_dags/example_dag_decorator.py
[2023-11-16T00:33:24.117+0000] {processor.py:839} INFO - DAG(s) dict_keys(['example_dag_decorator']) retrieved from /home/airflow/.local/lib/python3.8/site-packages/airflow/example_dags/example_dag_decorator.py
[2023-11-16T00:33:24.186+0000] {logging_mixin.py:154} INFO - [2023-11-16T00:33:24.186+0000] {dag.py:2941} INFO - Sync 1 DAGs
[2023-11-16T00:33:24.194+0000] {logging_mixin.py:154} INFO - [2023-11-16T00:33:24.193+0000] {dag.py:3722} INFO - Setting next_dagrun for example_dag_decorator to None, run_after=None
[2023-11-16T00:33:24.208+0000] {processor.py:179} INFO - Processing /home/airflow/.local/lib/python3.8/site-packages/airflow/example_dags/example_dag_decorator.py took 0.145 seconds
[2023-11-16T00:33:54.370+0000] {processor.py:157} INFO - Started process (PID=2927) to work on /home/airflow/.local/lib/python3.8/site-packages/airflow/example_dags/example_dag_decorator.py
[2023-11-16T00:33:54.371+0000] {processor.py:829} INFO - Processing file /home/airflow/.local/lib/python3.8/site-packages/airflow/example_dags/example_dag_decorator.py for tasks to queue
[2023-11-16T00:33:54.373+0000] {logging_mixin.py:154} INFO - [2023-11-16T00:33:54.373+0000] {dagbag.py:536} INFO - Filling up the DagBag from /home/airflow/.local/lib/python3.8/site-packages/airflow/example_dags/example_dag_decorator.py
[2023-11-16T00:33:54.425+0000] {processor.py:839} INFO - DAG(s) dict_keys(['example_dag_decorator']) retrieved from /home/airflow/.local/lib/python3.8/site-packages/airflow/example_dags/example_dag_decorator.py
[2023-11-16T00:33:54.519+0000] {logging_mixin.py:154} INFO - [2023-11-16T00:33:54.519+0000] {dag.py:2941} INFO - Sync 1 DAGs
[2023-11-16T00:33:54.527+0000] {logging_mixin.py:154} INFO - [2023-11-16T00:33:54.527+0000] {dag.py:3722} INFO - Setting next_dagrun for example_dag_decorator to None, run_after=None
[2023-11-16T00:33:54.542+0000] {processor.py:179} INFO - Processing /home/airflow/.local/lib/python3.8/site-packages/airflow/example_dags/example_dag_decorator.py took 0.174 seconds
[2023-11-16T00:34:24.601+0000] {processor.py:157} INFO - Started process (PID=2991) to work on /home/airflow/.local/lib/python3.8/site-packages/airflow/example_dags/example_dag_decorator.py
[2023-11-16T00:34:24.602+0000] {processor.py:829} INFO - Processing file /home/airflow/.local/lib/python3.8/site-packages/airflow/example_dags/example_dag_decorator.py for tasks to queue
[2023-11-16T00:34:24.604+0000] {logging_mixin.py:154} INFO - [2023-11-16T00:34:24.604+0000] {dagbag.py:536} INFO - Filling up the DagBag from /home/airflow/.local/lib/python3.8/site-packages/airflow/example_dags/example_dag_decorator.py
[2023-11-16T00:34:24.654+0000] {processor.py:839} INFO - DAG(s) dict_keys(['example_dag_decorator']) retrieved from /home/airflow/.local/lib/python3.8/site-packages/airflow/example_dags/example_dag_decorator.py
[2023-11-16T00:34:24.669+0000] {logging_mixin.py:154} INFO - [2023-11-16T00:34:24.669+0000] {dag.py:2941} INFO - Sync 1 DAGs
[2023-11-16T00:34:24.677+0000] {logging_mixin.py:154} INFO - [2023-11-16T00:34:24.677+0000] {dag.py:3722} INFO - Setting next_dagrun for example_dag_decorator to None, run_after=None
[2023-11-16T00:34:24.691+0000] {processor.py:179} INFO - Processing /home/airflow/.local/lib/python3.8/site-packages/airflow/example_dags/example_dag_decorator.py took 0.092 seconds
[2023-11-16T00:34:54.896+0000] {processor.py:157} INFO - Started process (PID=3048) to work on /home/airflow/.local/lib/python3.8/site-packages/airflow/example_dags/example_dag_decorator.py
[2023-11-16T00:34:54.897+0000] {processor.py:829} INFO - Processing file /home/airflow/.local/lib/python3.8/site-packages/airflow/example_dags/example_dag_decorator.py for tasks to queue
[2023-11-16T00:34:54.900+0000] {logging_mixin.py:154} INFO - [2023-11-16T00:34:54.899+0000] {dagbag.py:536} INFO - Filling up the DagBag from /home/airflow/.local/lib/python3.8/site-packages/airflow/example_dags/example_dag_decorator.py
[2023-11-16T00:34:54.946+0000] {processor.py:839} INFO - DAG(s) dict_keys(['example_dag_decorator']) retrieved from /home/airflow/.local/lib/python3.8/site-packages/airflow/example_dags/example_dag_decorator.py
[2023-11-16T00:34:55.009+0000] {logging_mixin.py:154} INFO - [2023-11-16T00:34:55.008+0000] {dag.py:2941} INFO - Sync 1 DAGs
[2023-11-16T00:34:55.016+0000] {logging_mixin.py:154} INFO - [2023-11-16T00:34:55.016+0000] {dag.py:3722} INFO - Setting next_dagrun for example_dag_decorator to None, run_after=None
[2023-11-16T00:34:55.030+0000] {processor.py:179} INFO - Processing /home/airflow/.local/lib/python3.8/site-packages/airflow/example_dags/example_dag_decorator.py took 0.138 seconds
[2023-11-16T00:35:26.015+0000] {processor.py:157} INFO - Started process (PID=3105) to work on /home/airflow/.local/lib/python3.8/site-packages/airflow/example_dags/example_dag_decorator.py
[2023-11-16T00:35:26.016+0000] {processor.py:829} INFO - Processing file /home/airflow/.local/lib/python3.8/site-packages/airflow/example_dags/example_dag_decorator.py for tasks to queue
[2023-11-16T00:35:26.018+0000] {logging_mixin.py:154} INFO - [2023-11-16T00:35:26.018+0000] {dagbag.py:536} INFO - Filling up the DagBag from /home/airflow/.local/lib/python3.8/site-packages/airflow/example_dags/example_dag_decorator.py
[2023-11-16T00:35:26.064+0000] {processor.py:839} INFO - DAG(s) dict_keys(['example_dag_decorator']) retrieved from /home/airflow/.local/lib/python3.8/site-packages/airflow/example_dags/example_dag_decorator.py
[2023-11-16T00:35:26.080+0000] {logging_mixin.py:154} INFO - [2023-11-16T00:35:26.080+0000] {dag.py:2941} INFO - Sync 1 DAGs
[2023-11-16T00:35:26.088+0000] {logging_mixin.py:154} INFO - [2023-11-16T00:35:26.088+0000] {dag.py:3722} INFO - Setting next_dagrun for example_dag_decorator to None, run_after=None
[2023-11-16T00:35:26.100+0000] {processor.py:179} INFO - Processing /home/airflow/.local/lib/python3.8/site-packages/airflow/example_dags/example_dag_decorator.py took 0.087 seconds
[2023-11-16T00:35:56.304+0000] {processor.py:157} INFO - Started process (PID=3163) to work on /home/airflow/.local/lib/python3.8/site-packages/airflow/example_dags/example_dag_decorator.py
[2023-11-16T00:35:56.306+0000] {processor.py:829} INFO - Processing file /home/airflow/.local/lib/python3.8/site-packages/airflow/example_dags/example_dag_decorator.py for tasks to queue
[2023-11-16T00:35:56.308+0000] {logging_mixin.py:154} INFO - [2023-11-16T00:35:56.308+0000] {dagbag.py:536} INFO - Filling up the DagBag from /home/airflow/.local/lib/python3.8/site-packages/airflow/example_dags/example_dag_decorator.py
[2023-11-16T00:35:56.353+0000] {processor.py:839} INFO - DAG(s) dict_keys(['example_dag_decorator']) retrieved from /home/airflow/.local/lib/python3.8/site-packages/airflow/example_dags/example_dag_decorator.py
[2023-11-16T00:35:56.418+0000] {logging_mixin.py:154} INFO - [2023-11-16T00:35:56.418+0000] {dag.py:2941} INFO - Sync 1 DAGs
[2023-11-16T00:35:56.424+0000] {logging_mixin.py:154} INFO - [2023-11-16T00:35:56.424+0000] {dag.py:3722} INFO - Setting next_dagrun for example_dag_decorator to None, run_after=None
[2023-11-16T00:35:56.437+0000] {processor.py:179} INFO - Processing /home/airflow/.local/lib/python3.8/site-packages/airflow/example_dags/example_dag_decorator.py took 0.136 seconds
[2023-11-16T00:36:26.495+0000] {processor.py:157} INFO - Started process (PID=3221) to work on /home/airflow/.local/lib/python3.8/site-packages/airflow/example_dags/example_dag_decorator.py
[2023-11-16T00:36:26.496+0000] {processor.py:829} INFO - Processing file /home/airflow/.local/lib/python3.8/site-packages/airflow/example_dags/example_dag_decorator.py for tasks to queue
[2023-11-16T00:36:26.497+0000] {logging_mixin.py:154} INFO - [2023-11-16T00:36:26.497+0000] {dagbag.py:536} INFO - Filling up the DagBag from /home/airflow/.local/lib/python3.8/site-packages/airflow/example_dags/example_dag_decorator.py
[2023-11-16T00:36:26.548+0000] {processor.py:839} INFO - DAG(s) dict_keys(['example_dag_decorator']) retrieved from /home/airflow/.local/lib/python3.8/site-packages/airflow/example_dags/example_dag_decorator.py
[2023-11-16T00:36:26.564+0000] {logging_mixin.py:154} INFO - [2023-11-16T00:36:26.564+0000] {dag.py:2941} INFO - Sync 1 DAGs
[2023-11-16T00:36:26.572+0000] {logging_mixin.py:154} INFO - [2023-11-16T00:36:26.572+0000] {dag.py:3722} INFO - Setting next_dagrun for example_dag_decorator to None, run_after=None
[2023-11-16T00:36:26.584+0000] {processor.py:179} INFO - Processing /home/airflow/.local/lib/python3.8/site-packages/airflow/example_dags/example_dag_decorator.py took 0.091 seconds
[2023-11-16T00:36:56.685+0000] {processor.py:157} INFO - Started process (PID=3279) to work on /home/airflow/.local/lib/python3.8/site-packages/airflow/example_dags/example_dag_decorator.py
[2023-11-16T00:36:56.686+0000] {processor.py:829} INFO - Processing file /home/airflow/.local/lib/python3.8/site-packages/airflow/example_dags/example_dag_decorator.py for tasks to queue
[2023-11-16T00:36:56.687+0000] {logging_mixin.py:154} INFO - [2023-11-16T00:36:56.687+0000] {dagbag.py:536} INFO - Filling up the DagBag from /home/airflow/.local/lib/python3.8/site-packages/airflow/example_dags/example_dag_decorator.py
[2023-11-16T00:36:56.734+0000] {processor.py:839} INFO - DAG(s) dict_keys(['example_dag_decorator']) retrieved from /home/airflow/.local/lib/python3.8/site-packages/airflow/example_dags/example_dag_decorator.py
[2023-11-16T00:36:56.797+0000] {logging_mixin.py:154} INFO - [2023-11-16T00:36:56.797+0000] {dag.py:2941} INFO - Sync 1 DAGs
[2023-11-16T00:36:56.804+0000] {logging_mixin.py:154} INFO - [2023-11-16T00:36:56.803+0000] {dag.py:3722} INFO - Setting next_dagrun for example_dag_decorator to None, run_after=None
[2023-11-16T00:36:56.815+0000] {processor.py:179} INFO - Processing /home/airflow/.local/lib/python3.8/site-packages/airflow/example_dags/example_dag_decorator.py took 0.133 seconds
[2023-11-16T00:37:26.871+0000] {processor.py:157} INFO - Started process (PID=3335) to work on /home/airflow/.local/lib/python3.8/site-packages/airflow/example_dags/example_dag_decorator.py
[2023-11-16T00:37:26.872+0000] {processor.py:829} INFO - Processing file /home/airflow/.local/lib/python3.8/site-packages/airflow/example_dags/example_dag_decorator.py for tasks to queue
[2023-11-16T00:37:26.875+0000] {logging_mixin.py:154} INFO - [2023-11-16T00:37:26.875+0000] {dagbag.py:536} INFO - Filling up the DagBag from /home/airflow/.local/lib/python3.8/site-packages/airflow/example_dags/example_dag_decorator.py
[2023-11-16T00:37:26.922+0000] {processor.py:839} INFO - DAG(s) dict_keys(['example_dag_decorator']) retrieved from /home/airflow/.local/lib/python3.8/site-packages/airflow/example_dags/example_dag_decorator.py
[2023-11-16T00:37:26.989+0000] {logging_mixin.py:154} INFO - [2023-11-16T00:37:26.988+0000] {dag.py:2941} INFO - Sync 1 DAGs
[2023-11-16T00:37:26.995+0000] {logging_mixin.py:154} INFO - [2023-11-16T00:37:26.995+0000] {dag.py:3722} INFO - Setting next_dagrun for example_dag_decorator to None, run_after=None
[2023-11-16T00:37:27.007+0000] {processor.py:179} INFO - Processing /home/airflow/.local/lib/python3.8/site-packages/airflow/example_dags/example_dag_decorator.py took 0.139 seconds
[2023-11-16T00:37:57.119+0000] {processor.py:157} INFO - Started process (PID=3394) to work on /home/airflow/.local/lib/python3.8/site-packages/airflow/example_dags/example_dag_decorator.py
[2023-11-16T00:37:57.120+0000] {processor.py:829} INFO - Processing file /home/airflow/.local/lib/python3.8/site-packages/airflow/example_dags/example_dag_decorator.py for tasks to queue
[2023-11-16T00:37:57.121+0000] {logging_mixin.py:154} INFO - [2023-11-16T00:37:57.121+0000] {dagbag.py:536} INFO - Filling up the DagBag from /home/airflow/.local/lib/python3.8/site-packages/airflow/example_dags/example_dag_decorator.py
[2023-11-16T00:37:57.170+0000] {processor.py:839} INFO - DAG(s) dict_keys(['example_dag_decorator']) retrieved from /home/airflow/.local/lib/python3.8/site-packages/airflow/example_dags/example_dag_decorator.py
[2023-11-16T00:37:57.235+0000] {logging_mixin.py:154} INFO - [2023-11-16T00:37:57.235+0000] {dag.py:2941} INFO - Sync 1 DAGs
[2023-11-16T00:37:57.242+0000] {logging_mixin.py:154} INFO - [2023-11-16T00:37:57.242+0000] {dag.py:3722} INFO - Setting next_dagrun for example_dag_decorator to None, run_after=None
[2023-11-16T00:37:57.255+0000] {processor.py:179} INFO - Processing /home/airflow/.local/lib/python3.8/site-packages/airflow/example_dags/example_dag_decorator.py took 0.139 seconds
[2023-11-16T00:38:27.372+0000] {processor.py:157} INFO - Started process (PID=3449) to work on /home/airflow/.local/lib/python3.8/site-packages/airflow/example_dags/example_dag_decorator.py
[2023-11-16T00:38:27.373+0000] {processor.py:829} INFO - Processing file /home/airflow/.local/lib/python3.8/site-packages/airflow/example_dags/example_dag_decorator.py for tasks to queue
[2023-11-16T00:38:27.375+0000] {logging_mixin.py:154} INFO - [2023-11-16T00:38:27.375+0000] {dagbag.py:536} INFO - Filling up the DagBag from /home/airflow/.local/lib/python3.8/site-packages/airflow/example_dags/example_dag_decorator.py
[2023-11-16T00:38:27.425+0000] {processor.py:839} INFO - DAG(s) dict_keys(['example_dag_decorator']) retrieved from /home/airflow/.local/lib/python3.8/site-packages/airflow/example_dags/example_dag_decorator.py
[2023-11-16T00:38:27.492+0000] {logging_mixin.py:154} INFO - [2023-11-16T00:38:27.492+0000] {dag.py:2941} INFO - Sync 1 DAGs
[2023-11-16T00:38:27.499+0000] {logging_mixin.py:154} INFO - [2023-11-16T00:38:27.499+0000] {dag.py:3722} INFO - Setting next_dagrun for example_dag_decorator to None, run_after=None
[2023-11-16T00:38:27.512+0000] {processor.py:179} INFO - Processing /home/airflow/.local/lib/python3.8/site-packages/airflow/example_dags/example_dag_decorator.py took 0.142 seconds
[2023-11-16T00:38:57.656+0000] {processor.py:157} INFO - Started process (PID=3507) to work on /home/airflow/.local/lib/python3.8/site-packages/airflow/example_dags/example_dag_decorator.py
[2023-11-16T00:38:57.657+0000] {processor.py:829} INFO - Processing file /home/airflow/.local/lib/python3.8/site-packages/airflow/example_dags/example_dag_decorator.py for tasks to queue
[2023-11-16T00:38:57.659+0000] {logging_mixin.py:154} INFO - [2023-11-16T00:38:57.659+0000] {dagbag.py:536} INFO - Filling up the DagBag from /home/airflow/.local/lib/python3.8/site-packages/airflow/example_dags/example_dag_decorator.py
[2023-11-16T00:38:57.707+0000] {processor.py:839} INFO - DAG(s) dict_keys(['example_dag_decorator']) retrieved from /home/airflow/.local/lib/python3.8/site-packages/airflow/example_dags/example_dag_decorator.py
[2023-11-16T00:38:57.770+0000] {logging_mixin.py:154} INFO - [2023-11-16T00:38:57.770+0000] {dag.py:2941} INFO - Sync 1 DAGs
[2023-11-16T00:38:57.776+0000] {logging_mixin.py:154} INFO - [2023-11-16T00:38:57.776+0000] {dag.py:3722} INFO - Setting next_dagrun for example_dag_decorator to None, run_after=None
[2023-11-16T00:38:57.788+0000] {processor.py:179} INFO - Processing /home/airflow/.local/lib/python3.8/site-packages/airflow/example_dags/example_dag_decorator.py took 0.134 seconds
[2023-11-16T00:39:27.965+0000] {processor.py:157} INFO - Started process (PID=3564) to work on /home/airflow/.local/lib/python3.8/site-packages/airflow/example_dags/example_dag_decorator.py
[2023-11-16T00:39:27.965+0000] {processor.py:829} INFO - Processing file /home/airflow/.local/lib/python3.8/site-packages/airflow/example_dags/example_dag_decorator.py for tasks to queue
[2023-11-16T00:39:27.967+0000] {logging_mixin.py:154} INFO - [2023-11-16T00:39:27.967+0000] {dagbag.py:536} INFO - Filling up the DagBag from /home/airflow/.local/lib/python3.8/site-packages/airflow/example_dags/example_dag_decorator.py
[2023-11-16T00:39:28.016+0000] {processor.py:839} INFO - DAG(s) dict_keys(['example_dag_decorator']) retrieved from /home/airflow/.local/lib/python3.8/site-packages/airflow/example_dags/example_dag_decorator.py
[2023-11-16T00:39:28.080+0000] {logging_mixin.py:154} INFO - [2023-11-16T00:39:28.079+0000] {dag.py:2941} INFO - Sync 1 DAGs
[2023-11-16T00:39:28.086+0000] {logging_mixin.py:154} INFO - [2023-11-16T00:39:28.086+0000] {dag.py:3722} INFO - Setting next_dagrun for example_dag_decorator to None, run_after=None
[2023-11-16T00:39:28.099+0000] {processor.py:179} INFO - Processing /home/airflow/.local/lib/python3.8/site-packages/airflow/example_dags/example_dag_decorator.py took 0.136 seconds
[2023-11-16T00:39:58.159+0000] {processor.py:157} INFO - Started process (PID=3621) to work on /home/airflow/.local/lib/python3.8/site-packages/airflow/example_dags/example_dag_decorator.py
[2023-11-16T00:39:58.160+0000] {processor.py:829} INFO - Processing file /home/airflow/.local/lib/python3.8/site-packages/airflow/example_dags/example_dag_decorator.py for tasks to queue
[2023-11-16T00:39:58.162+0000] {logging_mixin.py:154} INFO - [2023-11-16T00:39:58.162+0000] {dagbag.py:536} INFO - Filling up the DagBag from /home/airflow/.local/lib/python3.8/site-packages/airflow/example_dags/example_dag_decorator.py
[2023-11-16T00:39:58.212+0000] {processor.py:839} INFO - DAG(s) dict_keys(['example_dag_decorator']) retrieved from /home/airflow/.local/lib/python3.8/site-packages/airflow/example_dags/example_dag_decorator.py
[2023-11-16T00:39:58.227+0000] {logging_mixin.py:154} INFO - [2023-11-16T00:39:58.227+0000] {dag.py:2941} INFO - Sync 1 DAGs
[2023-11-16T00:39:58.234+0000] {logging_mixin.py:154} INFO - [2023-11-16T00:39:58.234+0000] {dag.py:3722} INFO - Setting next_dagrun for example_dag_decorator to None, run_after=None
[2023-11-16T00:39:58.245+0000] {processor.py:179} INFO - Processing /home/airflow/.local/lib/python3.8/site-packages/airflow/example_dags/example_dag_decorator.py took 0.088 seconds
[2023-11-16T00:40:28.359+0000] {processor.py:157} INFO - Started process (PID=3679) to work on /home/airflow/.local/lib/python3.8/site-packages/airflow/example_dags/example_dag_decorator.py
[2023-11-16T00:40:28.360+0000] {processor.py:829} INFO - Processing file /home/airflow/.local/lib/python3.8/site-packages/airflow/example_dags/example_dag_decorator.py for tasks to queue
[2023-11-16T00:40:28.362+0000] {logging_mixin.py:154} INFO - [2023-11-16T00:40:28.362+0000] {dagbag.py:536} INFO - Filling up the DagBag from /home/airflow/.local/lib/python3.8/site-packages/airflow/example_dags/example_dag_decorator.py
[2023-11-16T00:40:28.410+0000] {processor.py:839} INFO - DAG(s) dict_keys(['example_dag_decorator']) retrieved from /home/airflow/.local/lib/python3.8/site-packages/airflow/example_dags/example_dag_decorator.py
[2023-11-16T00:40:28.475+0000] {logging_mixin.py:154} INFO - [2023-11-16T00:40:28.474+0000] {dag.py:2941} INFO - Sync 1 DAGs
[2023-11-16T00:40:28.483+0000] {logging_mixin.py:154} INFO - [2023-11-16T00:40:28.483+0000] {dag.py:3722} INFO - Setting next_dagrun for example_dag_decorator to None, run_after=None
[2023-11-16T00:40:28.495+0000] {processor.py:179} INFO - Processing /home/airflow/.local/lib/python3.8/site-packages/airflow/example_dags/example_dag_decorator.py took 0.139 seconds
[2023-11-16T00:40:58.529+0000] {processor.py:157} INFO - Started process (PID=3738) to work on /home/airflow/.local/lib/python3.8/site-packages/airflow/example_dags/example_dag_decorator.py
[2023-11-16T00:40:58.530+0000] {processor.py:829} INFO - Processing file /home/airflow/.local/lib/python3.8/site-packages/airflow/example_dags/example_dag_decorator.py for tasks to queue
[2023-11-16T00:40:58.531+0000] {logging_mixin.py:154} INFO - [2023-11-16T00:40:58.531+0000] {dagbag.py:536} INFO - Filling up the DagBag from /home/airflow/.local/lib/python3.8/site-packages/airflow/example_dags/example_dag_decorator.py
[2023-11-16T00:40:58.579+0000] {processor.py:839} INFO - DAG(s) dict_keys(['example_dag_decorator']) retrieved from /home/airflow/.local/lib/python3.8/site-packages/airflow/example_dags/example_dag_decorator.py
[2023-11-16T00:40:58.642+0000] {logging_mixin.py:154} INFO - [2023-11-16T00:40:58.641+0000] {dag.py:2941} INFO - Sync 1 DAGs
[2023-11-16T00:40:58.649+0000] {logging_mixin.py:154} INFO - [2023-11-16T00:40:58.649+0000] {dag.py:3722} INFO - Setting next_dagrun for example_dag_decorator to None, run_after=None
[2023-11-16T00:40:58.661+0000] {processor.py:179} INFO - Processing /home/airflow/.local/lib/python3.8/site-packages/airflow/example_dags/example_dag_decorator.py took 0.135 seconds
[2023-11-16T00:41:28.769+0000] {processor.py:157} INFO - Started process (PID=3796) to work on /home/airflow/.local/lib/python3.8/site-packages/airflow/example_dags/example_dag_decorator.py
[2023-11-16T00:41:28.769+0000] {processor.py:829} INFO - Processing file /home/airflow/.local/lib/python3.8/site-packages/airflow/example_dags/example_dag_decorator.py for tasks to queue
[2023-11-16T00:41:28.771+0000] {logging_mixin.py:154} INFO - [2023-11-16T00:41:28.771+0000] {dagbag.py:536} INFO - Filling up the DagBag from /home/airflow/.local/lib/python3.8/site-packages/airflow/example_dags/example_dag_decorator.py
[2023-11-16T00:41:28.821+0000] {processor.py:839} INFO - DAG(s) dict_keys(['example_dag_decorator']) retrieved from /home/airflow/.local/lib/python3.8/site-packages/airflow/example_dags/example_dag_decorator.py
[2023-11-16T00:41:28.838+0000] {logging_mixin.py:154} INFO - [2023-11-16T00:41:28.837+0000] {dag.py:2941} INFO - Sync 1 DAGs
[2023-11-16T00:41:28.846+0000] {logging_mixin.py:154} INFO - [2023-11-16T00:41:28.846+0000] {dag.py:3722} INFO - Setting next_dagrun for example_dag_decorator to None, run_after=None
[2023-11-16T00:41:28.860+0000] {processor.py:179} INFO - Processing /home/airflow/.local/lib/python3.8/site-packages/airflow/example_dags/example_dag_decorator.py took 0.094 seconds
[2023-11-16T00:41:58.953+0000] {processor.py:157} INFO - Started process (PID=3853) to work on /home/airflow/.local/lib/python3.8/site-packages/airflow/example_dags/example_dag_decorator.py
[2023-11-16T00:41:58.954+0000] {processor.py:829} INFO - Processing file /home/airflow/.local/lib/python3.8/site-packages/airflow/example_dags/example_dag_decorator.py for tasks to queue
[2023-11-16T00:41:58.956+0000] {logging_mixin.py:154} INFO - [2023-11-16T00:41:58.956+0000] {dagbag.py:536} INFO - Filling up the DagBag from /home/airflow/.local/lib/python3.8/site-packages/airflow/example_dags/example_dag_decorator.py
[2023-11-16T00:41:59.001+0000] {processor.py:839} INFO - DAG(s) dict_keys(['example_dag_decorator']) retrieved from /home/airflow/.local/lib/python3.8/site-packages/airflow/example_dags/example_dag_decorator.py
[2023-11-16T00:41:59.016+0000] {logging_mixin.py:154} INFO - [2023-11-16T00:41:59.016+0000] {dag.py:2941} INFO - Sync 1 DAGs
[2023-11-16T00:41:59.023+0000] {logging_mixin.py:154} INFO - [2023-11-16T00:41:59.023+0000] {dag.py:3722} INFO - Setting next_dagrun for example_dag_decorator to None, run_after=None
[2023-11-16T00:41:59.036+0000] {processor.py:179} INFO - Processing /home/airflow/.local/lib/python3.8/site-packages/airflow/example_dags/example_dag_decorator.py took 0.085 seconds
[2023-11-16T00:42:29.163+0000] {processor.py:157} INFO - Started process (PID=3910) to work on /home/airflow/.local/lib/python3.8/site-packages/airflow/example_dags/example_dag_decorator.py
[2023-11-16T00:42:29.164+0000] {processor.py:829} INFO - Processing file /home/airflow/.local/lib/python3.8/site-packages/airflow/example_dags/example_dag_decorator.py for tasks to queue
[2023-11-16T00:42:29.166+0000] {logging_mixin.py:154} INFO - [2023-11-16T00:42:29.166+0000] {dagbag.py:536} INFO - Filling up the DagBag from /home/airflow/.local/lib/python3.8/site-packages/airflow/example_dags/example_dag_decorator.py
[2023-11-16T00:42:29.216+0000] {processor.py:839} INFO - DAG(s) dict_keys(['example_dag_decorator']) retrieved from /home/airflow/.local/lib/python3.8/site-packages/airflow/example_dags/example_dag_decorator.py
[2023-11-16T00:42:29.283+0000] {logging_mixin.py:154} INFO - [2023-11-16T00:42:29.283+0000] {dag.py:2941} INFO - Sync 1 DAGs
[2023-11-16T00:42:29.290+0000] {logging_mixin.py:154} INFO - [2023-11-16T00:42:29.290+0000] {dag.py:3722} INFO - Setting next_dagrun for example_dag_decorator to None, run_after=None
[2023-11-16T00:42:29.303+0000] {processor.py:179} INFO - Processing /home/airflow/.local/lib/python3.8/site-packages/airflow/example_dags/example_dag_decorator.py took 0.143 seconds
[2023-11-16T00:42:59.356+0000] {processor.py:157} INFO - Started process (PID=3968) to work on /home/airflow/.local/lib/python3.8/site-packages/airflow/example_dags/example_dag_decorator.py
[2023-11-16T00:42:59.356+0000] {processor.py:829} INFO - Processing file /home/airflow/.local/lib/python3.8/site-packages/airflow/example_dags/example_dag_decorator.py for tasks to queue
[2023-11-16T00:42:59.358+0000] {logging_mixin.py:154} INFO - [2023-11-16T00:42:59.358+0000] {dagbag.py:536} INFO - Filling up the DagBag from /home/airflow/.local/lib/python3.8/site-packages/airflow/example_dags/example_dag_decorator.py
[2023-11-16T00:42:59.410+0000] {processor.py:839} INFO - DAG(s) dict_keys(['example_dag_decorator']) retrieved from /home/airflow/.local/lib/python3.8/site-packages/airflow/example_dags/example_dag_decorator.py
[2023-11-16T00:42:59.480+0000] {logging_mixin.py:154} INFO - [2023-11-16T00:42:59.480+0000] {dag.py:2941} INFO - Sync 1 DAGs
[2023-11-16T00:42:59.488+0000] {logging_mixin.py:154} INFO - [2023-11-16T00:42:59.488+0000] {dag.py:3722} INFO - Setting next_dagrun for example_dag_decorator to None, run_after=None
[2023-11-16T00:42:59.501+0000] {processor.py:179} INFO - Processing /home/airflow/.local/lib/python3.8/site-packages/airflow/example_dags/example_dag_decorator.py took 0.148 seconds
[2023-11-16T00:43:29.551+0000] {processor.py:157} INFO - Started process (PID=4021) to work on /home/airflow/.local/lib/python3.8/site-packages/airflow/example_dags/example_dag_decorator.py
[2023-11-16T00:43:29.552+0000] {processor.py:829} INFO - Processing file /home/airflow/.local/lib/python3.8/site-packages/airflow/example_dags/example_dag_decorator.py for tasks to queue
[2023-11-16T00:43:29.554+0000] {logging_mixin.py:154} INFO - [2023-11-16T00:43:29.554+0000] {dagbag.py:536} INFO - Filling up the DagBag from /home/airflow/.local/lib/python3.8/site-packages/airflow/example_dags/example_dag_decorator.py
[2023-11-16T00:43:29.602+0000] {processor.py:839} INFO - DAG(s) dict_keys(['example_dag_decorator']) retrieved from /home/airflow/.local/lib/python3.8/site-packages/airflow/example_dags/example_dag_decorator.py
[2023-11-16T00:43:29.670+0000] {logging_mixin.py:154} INFO - [2023-11-16T00:43:29.670+0000] {dag.py:2941} INFO - Sync 1 DAGs
[2023-11-16T00:43:29.678+0000] {logging_mixin.py:154} INFO - [2023-11-16T00:43:29.677+0000] {dag.py:3722} INFO - Setting next_dagrun for example_dag_decorator to None, run_after=None
[2023-11-16T00:43:29.691+0000] {processor.py:179} INFO - Processing /home/airflow/.local/lib/python3.8/site-packages/airflow/example_dags/example_dag_decorator.py took 0.143 seconds
