[2023-11-16T00:06:22.817+0000] {processor.py:157} INFO - Started process (PID=60) to work on /home/airflow/.local/lib/python3.8/site-packages/airflow/example_dags/example_skip_dag.py
[2023-11-16T00:06:22.818+0000] {processor.py:829} INFO - Processing file /home/airflow/.local/lib/python3.8/site-packages/airflow/example_dags/example_skip_dag.py for tasks to queue
[2023-11-16T00:06:22.820+0000] {logging_mixin.py:154} INFO - [2023-11-16T00:06:22.819+0000] {dagbag.py:536} INFO - Filling up the DagBag from /home/airflow/.local/lib/python3.8/site-packages/airflow/example_dags/example_skip_dag.py
[2023-11-16T00:06:22.826+0000] {processor.py:839} INFO - DAG(s) dict_keys(['example_skip_dag']) retrieved from /home/airflow/.local/lib/python3.8/site-packages/airflow/example_dags/example_skip_dag.py
[2023-11-16T00:06:22.834+0000] {logging_mixin.py:154} INFO - [2023-11-16T00:06:22.833+0000] {dag.py:2941} INFO - Sync 1 DAGs
[2023-11-16T00:06:22.849+0000] {logging_mixin.py:154} INFO - [2023-11-16T00:06:22.849+0000] {dag.py:3722} INFO - Setting next_dagrun for example_skip_dag to 2023-11-15T00:06:22.849301+00:00, run_after=2023-11-16T00:06:22.849301+00:00
[2023-11-16T00:06:22.863+0000] {processor.py:179} INFO - Processing /home/airflow/.local/lib/python3.8/site-packages/airflow/example_dags/example_skip_dag.py took 0.048 seconds
[2023-11-16T00:08:29.431+0000] {processor.py:157} INFO - Started process (PID=63) to work on /home/airflow/.local/lib/python3.8/site-packages/airflow/example_dags/example_skip_dag.py
[2023-11-16T00:08:29.432+0000] {processor.py:829} INFO - Processing file /home/airflow/.local/lib/python3.8/site-packages/airflow/example_dags/example_skip_dag.py for tasks to queue
[2023-11-16T00:08:29.434+0000] {logging_mixin.py:154} INFO - [2023-11-16T00:08:29.434+0000] {dagbag.py:536} INFO - Filling up the DagBag from /home/airflow/.local/lib/python3.8/site-packages/airflow/example_dags/example_skip_dag.py
[2023-11-16T00:08:29.441+0000] {processor.py:839} INFO - DAG(s) dict_keys(['example_skip_dag']) retrieved from /home/airflow/.local/lib/python3.8/site-packages/airflow/example_dags/example_skip_dag.py
[2023-11-16T00:08:29.449+0000] {logging_mixin.py:154} INFO - [2023-11-16T00:08:29.449+0000] {dag.py:2941} INFO - Sync 1 DAGs
[2023-11-16T00:08:29.466+0000] {logging_mixin.py:154} INFO - [2023-11-16T00:08:29.466+0000] {dag.py:3722} INFO - Setting next_dagrun for example_skip_dag to 2023-11-15T00:08:29.466341+00:00, run_after=2023-11-16T00:08:29.466341+00:00
[2023-11-16T00:08:29.482+0000] {processor.py:179} INFO - Processing /home/airflow/.local/lib/python3.8/site-packages/airflow/example_dags/example_skip_dag.py took 0.053 seconds
[2023-11-16T00:09:00.562+0000] {processor.py:157} INFO - Started process (PID=121) to work on /home/airflow/.local/lib/python3.8/site-packages/airflow/example_dags/example_skip_dag.py
[2023-11-16T00:09:00.563+0000] {processor.py:829} INFO - Processing file /home/airflow/.local/lib/python3.8/site-packages/airflow/example_dags/example_skip_dag.py for tasks to queue
[2023-11-16T00:09:00.564+0000] {logging_mixin.py:154} INFO - [2023-11-16T00:09:00.564+0000] {dagbag.py:536} INFO - Filling up the DagBag from /home/airflow/.local/lib/python3.8/site-packages/airflow/example_dags/example_skip_dag.py
[2023-11-16T00:09:00.569+0000] {processor.py:839} INFO - DAG(s) dict_keys(['example_skip_dag']) retrieved from /home/airflow/.local/lib/python3.8/site-packages/airflow/example_dags/example_skip_dag.py
[2023-11-16T00:09:00.582+0000] {logging_mixin.py:154} INFO - [2023-11-16T00:09:00.582+0000] {dag.py:2941} INFO - Sync 1 DAGs
[2023-11-16T00:09:00.597+0000] {logging_mixin.py:154} INFO - [2023-11-16T00:09:00.597+0000] {dag.py:3722} INFO - Setting next_dagrun for example_skip_dag to 2023-11-15T00:09:00.597582+00:00, run_after=2023-11-16T00:09:00.597582+00:00
[2023-11-16T00:09:00.610+0000] {processor.py:179} INFO - Processing /home/airflow/.local/lib/python3.8/site-packages/airflow/example_dags/example_skip_dag.py took 0.050 seconds
[2023-11-16T00:09:30.873+0000] {processor.py:157} INFO - Started process (PID=178) to work on /home/airflow/.local/lib/python3.8/site-packages/airflow/example_dags/example_skip_dag.py
[2023-11-16T00:09:30.874+0000] {processor.py:829} INFO - Processing file /home/airflow/.local/lib/python3.8/site-packages/airflow/example_dags/example_skip_dag.py for tasks to queue
[2023-11-16T00:09:30.875+0000] {logging_mixin.py:154} INFO - [2023-11-16T00:09:30.875+0000] {dagbag.py:536} INFO - Filling up the DagBag from /home/airflow/.local/lib/python3.8/site-packages/airflow/example_dags/example_skip_dag.py
[2023-11-16T00:09:30.880+0000] {processor.py:839} INFO - DAG(s) dict_keys(['example_skip_dag']) retrieved from /home/airflow/.local/lib/python3.8/site-packages/airflow/example_dags/example_skip_dag.py
[2023-11-16T00:09:30.893+0000] {logging_mixin.py:154} INFO - [2023-11-16T00:09:30.893+0000] {dag.py:2941} INFO - Sync 1 DAGs
[2023-11-16T00:09:30.907+0000] {logging_mixin.py:154} INFO - [2023-11-16T00:09:30.906+0000] {dag.py:3722} INFO - Setting next_dagrun for example_skip_dag to 2023-11-15T00:09:30.906808+00:00, run_after=2023-11-16T00:09:30.906808+00:00
[2023-11-16T00:09:30.918+0000] {processor.py:179} INFO - Processing /home/airflow/.local/lib/python3.8/site-packages/airflow/example_dags/example_skip_dag.py took 0.048 seconds
[2023-11-16T00:10:01.128+0000] {processor.py:157} INFO - Started process (PID=235) to work on /home/airflow/.local/lib/python3.8/site-packages/airflow/example_dags/example_skip_dag.py
[2023-11-16T00:10:01.129+0000] {processor.py:829} INFO - Processing file /home/airflow/.local/lib/python3.8/site-packages/airflow/example_dags/example_skip_dag.py for tasks to queue
[2023-11-16T00:10:01.130+0000] {logging_mixin.py:154} INFO - [2023-11-16T00:10:01.130+0000] {dagbag.py:536} INFO - Filling up the DagBag from /home/airflow/.local/lib/python3.8/site-packages/airflow/example_dags/example_skip_dag.py
[2023-11-16T00:10:01.134+0000] {processor.py:839} INFO - DAG(s) dict_keys(['example_skip_dag']) retrieved from /home/airflow/.local/lib/python3.8/site-packages/airflow/example_dags/example_skip_dag.py
[2023-11-16T00:10:01.148+0000] {logging_mixin.py:154} INFO - [2023-11-16T00:10:01.148+0000] {dag.py:2941} INFO - Sync 1 DAGs
[2023-11-16T00:10:01.163+0000] {logging_mixin.py:154} INFO - [2023-11-16T00:10:01.162+0000] {dag.py:3722} INFO - Setting next_dagrun for example_skip_dag to 2023-11-15T00:10:01.162723+00:00, run_after=2023-11-16T00:10:01.162723+00:00
[2023-11-16T00:10:01.175+0000] {processor.py:179} INFO - Processing /home/airflow/.local/lib/python3.8/site-packages/airflow/example_dags/example_skip_dag.py took 0.049 seconds
[2023-11-16T00:10:32.020+0000] {processor.py:157} INFO - Started process (PID=292) to work on /home/airflow/.local/lib/python3.8/site-packages/airflow/example_dags/example_skip_dag.py
[2023-11-16T00:10:32.021+0000] {processor.py:829} INFO - Processing file /home/airflow/.local/lib/python3.8/site-packages/airflow/example_dags/example_skip_dag.py for tasks to queue
[2023-11-16T00:10:32.022+0000] {logging_mixin.py:154} INFO - [2023-11-16T00:10:32.022+0000] {dagbag.py:536} INFO - Filling up the DagBag from /home/airflow/.local/lib/python3.8/site-packages/airflow/example_dags/example_skip_dag.py
[2023-11-16T00:10:32.027+0000] {processor.py:839} INFO - DAG(s) dict_keys(['example_skip_dag']) retrieved from /home/airflow/.local/lib/python3.8/site-packages/airflow/example_dags/example_skip_dag.py
[2023-11-16T00:10:32.041+0000] {logging_mixin.py:154} INFO - [2023-11-16T00:10:32.041+0000] {dag.py:2941} INFO - Sync 1 DAGs
[2023-11-16T00:10:32.063+0000] {logging_mixin.py:154} INFO - [2023-11-16T00:10:32.063+0000] {dag.py:3722} INFO - Setting next_dagrun for example_skip_dag to 2023-11-15T00:10:32.062962+00:00, run_after=2023-11-16T00:10:32.062962+00:00
[2023-11-16T00:10:32.077+0000] {processor.py:179} INFO - Processing /home/airflow/.local/lib/python3.8/site-packages/airflow/example_dags/example_skip_dag.py took 0.059 seconds
[2023-11-16T00:11:02.344+0000] {processor.py:157} INFO - Started process (PID=349) to work on /home/airflow/.local/lib/python3.8/site-packages/airflow/example_dags/example_skip_dag.py
[2023-11-16T00:11:02.345+0000] {processor.py:829} INFO - Processing file /home/airflow/.local/lib/python3.8/site-packages/airflow/example_dags/example_skip_dag.py for tasks to queue
[2023-11-16T00:11:02.346+0000] {logging_mixin.py:154} INFO - [2023-11-16T00:11:02.346+0000] {dagbag.py:536} INFO - Filling up the DagBag from /home/airflow/.local/lib/python3.8/site-packages/airflow/example_dags/example_skip_dag.py
[2023-11-16T00:11:02.351+0000] {processor.py:839} INFO - DAG(s) dict_keys(['example_skip_dag']) retrieved from /home/airflow/.local/lib/python3.8/site-packages/airflow/example_dags/example_skip_dag.py
[2023-11-16T00:11:02.365+0000] {logging_mixin.py:154} INFO - [2023-11-16T00:11:02.364+0000] {dag.py:2941} INFO - Sync 1 DAGs
[2023-11-16T00:11:02.378+0000] {logging_mixin.py:154} INFO - [2023-11-16T00:11:02.378+0000] {dag.py:3722} INFO - Setting next_dagrun for example_skip_dag to 2023-11-15T00:11:02.378555+00:00, run_after=2023-11-16T00:11:02.378555+00:00
[2023-11-16T00:11:02.391+0000] {processor.py:179} INFO - Processing /home/airflow/.local/lib/python3.8/site-packages/airflow/example_dags/example_skip_dag.py took 0.050 seconds
[2023-11-16T00:11:33.357+0000] {processor.py:157} INFO - Started process (PID=406) to work on /home/airflow/.local/lib/python3.8/site-packages/airflow/example_dags/example_skip_dag.py
[2023-11-16T00:11:33.358+0000] {processor.py:829} INFO - Processing file /home/airflow/.local/lib/python3.8/site-packages/airflow/example_dags/example_skip_dag.py for tasks to queue
[2023-11-16T00:11:33.359+0000] {logging_mixin.py:154} INFO - [2023-11-16T00:11:33.359+0000] {dagbag.py:536} INFO - Filling up the DagBag from /home/airflow/.local/lib/python3.8/site-packages/airflow/example_dags/example_skip_dag.py
[2023-11-16T00:11:33.364+0000] {processor.py:839} INFO - DAG(s) dict_keys(['example_skip_dag']) retrieved from /home/airflow/.local/lib/python3.8/site-packages/airflow/example_dags/example_skip_dag.py
[2023-11-16T00:11:33.379+0000] {logging_mixin.py:154} INFO - [2023-11-16T00:11:33.379+0000] {dag.py:2941} INFO - Sync 1 DAGs
[2023-11-16T00:11:33.395+0000] {logging_mixin.py:154} INFO - [2023-11-16T00:11:33.395+0000] {dag.py:3722} INFO - Setting next_dagrun for example_skip_dag to 2023-11-15T00:11:33.395514+00:00, run_after=2023-11-16T00:11:33.395514+00:00
[2023-11-16T00:11:33.408+0000] {processor.py:179} INFO - Processing /home/airflow/.local/lib/python3.8/site-packages/airflow/example_dags/example_skip_dag.py took 0.053 seconds
[2023-11-16T00:12:04.469+0000] {processor.py:157} INFO - Started process (PID=463) to work on /home/airflow/.local/lib/python3.8/site-packages/airflow/example_dags/example_skip_dag.py
[2023-11-16T00:12:04.469+0000] {processor.py:829} INFO - Processing file /home/airflow/.local/lib/python3.8/site-packages/airflow/example_dags/example_skip_dag.py for tasks to queue
[2023-11-16T00:12:04.471+0000] {logging_mixin.py:154} INFO - [2023-11-16T00:12:04.471+0000] {dagbag.py:536} INFO - Filling up the DagBag from /home/airflow/.local/lib/python3.8/site-packages/airflow/example_dags/example_skip_dag.py
[2023-11-16T00:12:04.476+0000] {processor.py:839} INFO - DAG(s) dict_keys(['example_skip_dag']) retrieved from /home/airflow/.local/lib/python3.8/site-packages/airflow/example_dags/example_skip_dag.py
[2023-11-16T00:12:04.489+0000] {logging_mixin.py:154} INFO - [2023-11-16T00:12:04.489+0000] {dag.py:2941} INFO - Sync 1 DAGs
[2023-11-16T00:12:04.503+0000] {logging_mixin.py:154} INFO - [2023-11-16T00:12:04.502+0000] {dag.py:3722} INFO - Setting next_dagrun for example_skip_dag to 2023-11-15T00:12:04.502674+00:00, run_after=2023-11-16T00:12:04.502674+00:00
[2023-11-16T00:12:04.514+0000] {processor.py:179} INFO - Processing /home/airflow/.local/lib/python3.8/site-packages/airflow/example_dags/example_skip_dag.py took 0.048 seconds
[2023-11-16T00:12:34.644+0000] {processor.py:157} INFO - Started process (PID=521) to work on /home/airflow/.local/lib/python3.8/site-packages/airflow/example_dags/example_skip_dag.py
[2023-11-16T00:12:34.644+0000] {processor.py:829} INFO - Processing file /home/airflow/.local/lib/python3.8/site-packages/airflow/example_dags/example_skip_dag.py for tasks to queue
[2023-11-16T00:12:34.646+0000] {logging_mixin.py:154} INFO - [2023-11-16T00:12:34.646+0000] {dagbag.py:536} INFO - Filling up the DagBag from /home/airflow/.local/lib/python3.8/site-packages/airflow/example_dags/example_skip_dag.py
[2023-11-16T00:12:34.650+0000] {processor.py:839} INFO - DAG(s) dict_keys(['example_skip_dag']) retrieved from /home/airflow/.local/lib/python3.8/site-packages/airflow/example_dags/example_skip_dag.py
[2023-11-16T00:12:34.665+0000] {logging_mixin.py:154} INFO - [2023-11-16T00:12:34.665+0000] {dag.py:2941} INFO - Sync 1 DAGs
[2023-11-16T00:12:34.679+0000] {logging_mixin.py:154} INFO - [2023-11-16T00:12:34.679+0000] {dag.py:3722} INFO - Setting next_dagrun for example_skip_dag to 2023-11-15T00:12:34.679422+00:00, run_after=2023-11-16T00:12:34.679422+00:00
[2023-11-16T00:12:34.707+0000] {processor.py:179} INFO - Processing /home/airflow/.local/lib/python3.8/site-packages/airflow/example_dags/example_skip_dag.py took 0.066 seconds
[2023-11-16T00:13:04.758+0000] {processor.py:157} INFO - Started process (PID=577) to work on /home/airflow/.local/lib/python3.8/site-packages/airflow/example_dags/example_skip_dag.py
[2023-11-16T00:13:04.758+0000] {processor.py:829} INFO - Processing file /home/airflow/.local/lib/python3.8/site-packages/airflow/example_dags/example_skip_dag.py for tasks to queue
[2023-11-16T00:13:04.760+0000] {logging_mixin.py:154} INFO - [2023-11-16T00:13:04.760+0000] {dagbag.py:536} INFO - Filling up the DagBag from /home/airflow/.local/lib/python3.8/site-packages/airflow/example_dags/example_skip_dag.py
[2023-11-16T00:13:04.764+0000] {processor.py:839} INFO - DAG(s) dict_keys(['example_skip_dag']) retrieved from /home/airflow/.local/lib/python3.8/site-packages/airflow/example_dags/example_skip_dag.py
[2023-11-16T00:13:04.778+0000] {logging_mixin.py:154} INFO - [2023-11-16T00:13:04.778+0000] {dag.py:2941} INFO - Sync 1 DAGs
[2023-11-16T00:13:04.791+0000] {logging_mixin.py:154} INFO - [2023-11-16T00:13:04.791+0000] {dag.py:3722} INFO - Setting next_dagrun for example_skip_dag to 2023-11-15T00:13:04.791519+00:00, run_after=2023-11-16T00:13:04.791519+00:00
[2023-11-16T00:13:04.803+0000] {processor.py:179} INFO - Processing /home/airflow/.local/lib/python3.8/site-packages/airflow/example_dags/example_skip_dag.py took 0.048 seconds
[2023-11-16T00:13:34.881+0000] {processor.py:157} INFO - Started process (PID=634) to work on /home/airflow/.local/lib/python3.8/site-packages/airflow/example_dags/example_skip_dag.py
[2023-11-16T00:13:34.882+0000] {processor.py:829} INFO - Processing file /home/airflow/.local/lib/python3.8/site-packages/airflow/example_dags/example_skip_dag.py for tasks to queue
[2023-11-16T00:13:34.883+0000] {logging_mixin.py:154} INFO - [2023-11-16T00:13:34.883+0000] {dagbag.py:536} INFO - Filling up the DagBag from /home/airflow/.local/lib/python3.8/site-packages/airflow/example_dags/example_skip_dag.py
[2023-11-16T00:13:34.887+0000] {processor.py:839} INFO - DAG(s) dict_keys(['example_skip_dag']) retrieved from /home/airflow/.local/lib/python3.8/site-packages/airflow/example_dags/example_skip_dag.py
[2023-11-16T00:13:34.902+0000] {logging_mixin.py:154} INFO - [2023-11-16T00:13:34.902+0000] {dag.py:2941} INFO - Sync 1 DAGs
[2023-11-16T00:13:34.917+0000] {logging_mixin.py:154} INFO - [2023-11-16T00:13:34.917+0000] {dag.py:3722} INFO - Setting next_dagrun for example_skip_dag to 2023-11-15T00:13:34.917549+00:00, run_after=2023-11-16T00:13:34.917549+00:00
[2023-11-16T00:13:34.930+0000] {processor.py:179} INFO - Processing /home/airflow/.local/lib/python3.8/site-packages/airflow/example_dags/example_skip_dag.py took 0.051 seconds
[2023-11-16T00:14:05.011+0000] {processor.py:157} INFO - Started process (PID=691) to work on /home/airflow/.local/lib/python3.8/site-packages/airflow/example_dags/example_skip_dag.py
[2023-11-16T00:14:05.012+0000] {processor.py:829} INFO - Processing file /home/airflow/.local/lib/python3.8/site-packages/airflow/example_dags/example_skip_dag.py for tasks to queue
[2023-11-16T00:14:05.014+0000] {logging_mixin.py:154} INFO - [2023-11-16T00:14:05.014+0000] {dagbag.py:536} INFO - Filling up the DagBag from /home/airflow/.local/lib/python3.8/site-packages/airflow/example_dags/example_skip_dag.py
[2023-11-16T00:14:05.018+0000] {processor.py:839} INFO - DAG(s) dict_keys(['example_skip_dag']) retrieved from /home/airflow/.local/lib/python3.8/site-packages/airflow/example_dags/example_skip_dag.py
[2023-11-16T00:14:05.036+0000] {logging_mixin.py:154} INFO - [2023-11-16T00:14:05.036+0000] {dag.py:2941} INFO - Sync 1 DAGs
[2023-11-16T00:14:05.050+0000] {logging_mixin.py:154} INFO - [2023-11-16T00:14:05.050+0000] {dag.py:3722} INFO - Setting next_dagrun for example_skip_dag to 2023-11-15T00:14:05.050105+00:00, run_after=2023-11-16T00:14:05.050105+00:00
[2023-11-16T00:14:05.067+0000] {processor.py:179} INFO - Processing /home/airflow/.local/lib/python3.8/site-packages/airflow/example_dags/example_skip_dag.py took 0.058 seconds
[2023-11-16T00:14:35.148+0000] {processor.py:157} INFO - Started process (PID=748) to work on /home/airflow/.local/lib/python3.8/site-packages/airflow/example_dags/example_skip_dag.py
[2023-11-16T00:14:35.149+0000] {processor.py:829} INFO - Processing file /home/airflow/.local/lib/python3.8/site-packages/airflow/example_dags/example_skip_dag.py for tasks to queue
[2023-11-16T00:14:35.150+0000] {logging_mixin.py:154} INFO - [2023-11-16T00:14:35.150+0000] {dagbag.py:536} INFO - Filling up the DagBag from /home/airflow/.local/lib/python3.8/site-packages/airflow/example_dags/example_skip_dag.py
[2023-11-16T00:14:35.155+0000] {processor.py:839} INFO - DAG(s) dict_keys(['example_skip_dag']) retrieved from /home/airflow/.local/lib/python3.8/site-packages/airflow/example_dags/example_skip_dag.py
[2023-11-16T00:14:35.171+0000] {logging_mixin.py:154} INFO - [2023-11-16T00:14:35.170+0000] {dag.py:2941} INFO - Sync 1 DAGs
[2023-11-16T00:14:35.186+0000] {logging_mixin.py:154} INFO - [2023-11-16T00:14:35.186+0000] {dag.py:3722} INFO - Setting next_dagrun for example_skip_dag to 2023-11-15T00:14:35.186346+00:00, run_after=2023-11-16T00:14:35.186346+00:00
[2023-11-16T00:14:35.201+0000] {processor.py:179} INFO - Processing /home/airflow/.local/lib/python3.8/site-packages/airflow/example_dags/example_skip_dag.py took 0.055 seconds
[2023-11-16T00:15:05.433+0000] {processor.py:157} INFO - Started process (PID=805) to work on /home/airflow/.local/lib/python3.8/site-packages/airflow/example_dags/example_skip_dag.py
[2023-11-16T00:15:05.434+0000] {processor.py:829} INFO - Processing file /home/airflow/.local/lib/python3.8/site-packages/airflow/example_dags/example_skip_dag.py for tasks to queue
[2023-11-16T00:15:05.435+0000] {logging_mixin.py:154} INFO - [2023-11-16T00:15:05.435+0000] {dagbag.py:536} INFO - Filling up the DagBag from /home/airflow/.local/lib/python3.8/site-packages/airflow/example_dags/example_skip_dag.py
[2023-11-16T00:15:05.440+0000] {processor.py:839} INFO - DAG(s) dict_keys(['example_skip_dag']) retrieved from /home/airflow/.local/lib/python3.8/site-packages/airflow/example_dags/example_skip_dag.py
[2023-11-16T00:15:05.455+0000] {logging_mixin.py:154} INFO - [2023-11-16T00:15:05.455+0000] {dag.py:2941} INFO - Sync 1 DAGs
[2023-11-16T00:15:05.469+0000] {logging_mixin.py:154} INFO - [2023-11-16T00:15:05.469+0000] {dag.py:3722} INFO - Setting next_dagrun for example_skip_dag to 2023-11-15T00:15:05.469252+00:00, run_after=2023-11-16T00:15:05.469252+00:00
[2023-11-16T00:15:05.483+0000] {processor.py:179} INFO - Processing /home/airflow/.local/lib/python3.8/site-packages/airflow/example_dags/example_skip_dag.py took 0.052 seconds
[2023-11-16T00:15:35.547+0000] {processor.py:157} INFO - Started process (PID=862) to work on /home/airflow/.local/lib/python3.8/site-packages/airflow/example_dags/example_skip_dag.py
[2023-11-16T00:15:35.548+0000] {processor.py:829} INFO - Processing file /home/airflow/.local/lib/python3.8/site-packages/airflow/example_dags/example_skip_dag.py for tasks to queue
[2023-11-16T00:15:35.550+0000] {logging_mixin.py:154} INFO - [2023-11-16T00:15:35.550+0000] {dagbag.py:536} INFO - Filling up the DagBag from /home/airflow/.local/lib/python3.8/site-packages/airflow/example_dags/example_skip_dag.py
[2023-11-16T00:15:35.554+0000] {processor.py:839} INFO - DAG(s) dict_keys(['example_skip_dag']) retrieved from /home/airflow/.local/lib/python3.8/site-packages/airflow/example_dags/example_skip_dag.py
[2023-11-16T00:15:35.568+0000] {logging_mixin.py:154} INFO - [2023-11-16T00:15:35.568+0000] {dag.py:2941} INFO - Sync 1 DAGs
[2023-11-16T00:15:35.583+0000] {logging_mixin.py:154} INFO - [2023-11-16T00:15:35.583+0000] {dag.py:3722} INFO - Setting next_dagrun for example_skip_dag to 2023-11-15T00:15:35.583422+00:00, run_after=2023-11-16T00:15:35.583422+00:00
[2023-11-16T00:15:35.595+0000] {processor.py:179} INFO - Processing /home/airflow/.local/lib/python3.8/site-packages/airflow/example_dags/example_skip_dag.py took 0.050 seconds
[2023-11-16T00:16:05.679+0000] {processor.py:157} INFO - Started process (PID=920) to work on /home/airflow/.local/lib/python3.8/site-packages/airflow/example_dags/example_skip_dag.py
[2023-11-16T00:16:05.680+0000] {processor.py:829} INFO - Processing file /home/airflow/.local/lib/python3.8/site-packages/airflow/example_dags/example_skip_dag.py for tasks to queue
[2023-11-16T00:16:05.681+0000] {logging_mixin.py:154} INFO - [2023-11-16T00:16:05.681+0000] {dagbag.py:536} INFO - Filling up the DagBag from /home/airflow/.local/lib/python3.8/site-packages/airflow/example_dags/example_skip_dag.py
[2023-11-16T00:16:05.686+0000] {processor.py:839} INFO - DAG(s) dict_keys(['example_skip_dag']) retrieved from /home/airflow/.local/lib/python3.8/site-packages/airflow/example_dags/example_skip_dag.py
[2023-11-16T00:16:05.702+0000] {logging_mixin.py:154} INFO - [2023-11-16T00:16:05.701+0000] {dag.py:2941} INFO - Sync 1 DAGs
[2023-11-16T00:16:05.716+0000] {logging_mixin.py:154} INFO - [2023-11-16T00:16:05.716+0000] {dag.py:3722} INFO - Setting next_dagrun for example_skip_dag to 2023-11-15T00:16:05.716034+00:00, run_after=2023-11-16T00:16:05.716034+00:00
[2023-11-16T00:16:05.729+0000] {processor.py:179} INFO - Processing /home/airflow/.local/lib/python3.8/site-packages/airflow/example_dags/example_skip_dag.py took 0.052 seconds
[2023-11-16T00:16:35.911+0000] {processor.py:157} INFO - Started process (PID=976) to work on /home/airflow/.local/lib/python3.8/site-packages/airflow/example_dags/example_skip_dag.py
[2023-11-16T00:16:35.912+0000] {processor.py:829} INFO - Processing file /home/airflow/.local/lib/python3.8/site-packages/airflow/example_dags/example_skip_dag.py for tasks to queue
[2023-11-16T00:16:35.914+0000] {logging_mixin.py:154} INFO - [2023-11-16T00:16:35.913+0000] {dagbag.py:536} INFO - Filling up the DagBag from /home/airflow/.local/lib/python3.8/site-packages/airflow/example_dags/example_skip_dag.py
[2023-11-16T00:16:35.918+0000] {processor.py:839} INFO - DAG(s) dict_keys(['example_skip_dag']) retrieved from /home/airflow/.local/lib/python3.8/site-packages/airflow/example_dags/example_skip_dag.py
[2023-11-16T00:16:35.933+0000] {logging_mixin.py:154} INFO - [2023-11-16T00:16:35.932+0000] {dag.py:2941} INFO - Sync 1 DAGs
[2023-11-16T00:16:35.947+0000] {logging_mixin.py:154} INFO - [2023-11-16T00:16:35.947+0000] {dag.py:3722} INFO - Setting next_dagrun for example_skip_dag to 2023-11-15T00:16:35.947006+00:00, run_after=2023-11-16T00:16:35.947006+00:00
[2023-11-16T00:16:35.961+0000] {processor.py:179} INFO - Processing /home/airflow/.local/lib/python3.8/site-packages/airflow/example_dags/example_skip_dag.py took 0.052 seconds
[2023-11-16T00:17:06.030+0000] {processor.py:157} INFO - Started process (PID=1032) to work on /home/airflow/.local/lib/python3.8/site-packages/airflow/example_dags/example_skip_dag.py
[2023-11-16T00:17:06.031+0000] {processor.py:829} INFO - Processing file /home/airflow/.local/lib/python3.8/site-packages/airflow/example_dags/example_skip_dag.py for tasks to queue
[2023-11-16T00:17:06.032+0000] {logging_mixin.py:154} INFO - [2023-11-16T00:17:06.032+0000] {dagbag.py:536} INFO - Filling up the DagBag from /home/airflow/.local/lib/python3.8/site-packages/airflow/example_dags/example_skip_dag.py
[2023-11-16T00:17:06.037+0000] {processor.py:839} INFO - DAG(s) dict_keys(['example_skip_dag']) retrieved from /home/airflow/.local/lib/python3.8/site-packages/airflow/example_dags/example_skip_dag.py
[2023-11-16T00:17:06.051+0000] {logging_mixin.py:154} INFO - [2023-11-16T00:17:06.051+0000] {dag.py:2941} INFO - Sync 1 DAGs
[2023-11-16T00:17:06.065+0000] {logging_mixin.py:154} INFO - [2023-11-16T00:17:06.065+0000] {dag.py:3722} INFO - Setting next_dagrun for example_skip_dag to 2023-11-15T00:17:06.065021+00:00, run_after=2023-11-16T00:17:06.065021+00:00
[2023-11-16T00:17:06.086+0000] {processor.py:179} INFO - Processing /home/airflow/.local/lib/python3.8/site-packages/airflow/example_dags/example_skip_dag.py took 0.058 seconds
[2023-11-16T00:17:36.375+0000] {processor.py:157} INFO - Started process (PID=1090) to work on /home/airflow/.local/lib/python3.8/site-packages/airflow/example_dags/example_skip_dag.py
[2023-11-16T00:17:36.376+0000] {processor.py:829} INFO - Processing file /home/airflow/.local/lib/python3.8/site-packages/airflow/example_dags/example_skip_dag.py for tasks to queue
[2023-11-16T00:17:36.377+0000] {logging_mixin.py:154} INFO - [2023-11-16T00:17:36.377+0000] {dagbag.py:536} INFO - Filling up the DagBag from /home/airflow/.local/lib/python3.8/site-packages/airflow/example_dags/example_skip_dag.py
[2023-11-16T00:17:36.381+0000] {processor.py:839} INFO - DAG(s) dict_keys(['example_skip_dag']) retrieved from /home/airflow/.local/lib/python3.8/site-packages/airflow/example_dags/example_skip_dag.py
[2023-11-16T00:17:36.395+0000] {logging_mixin.py:154} INFO - [2023-11-16T00:17:36.394+0000] {dag.py:2941} INFO - Sync 1 DAGs
[2023-11-16T00:17:36.409+0000] {logging_mixin.py:154} INFO - [2023-11-16T00:17:36.409+0000] {dag.py:3722} INFO - Setting next_dagrun for example_skip_dag to 2023-11-15T00:17:36.408911+00:00, run_after=2023-11-16T00:17:36.408911+00:00
[2023-11-16T00:17:36.419+0000] {processor.py:179} INFO - Processing /home/airflow/.local/lib/python3.8/site-packages/airflow/example_dags/example_skip_dag.py took 0.047 seconds
[2023-11-16T00:18:06.648+0000] {processor.py:157} INFO - Started process (PID=1147) to work on /home/airflow/.local/lib/python3.8/site-packages/airflow/example_dags/example_skip_dag.py
[2023-11-16T00:18:06.649+0000] {processor.py:829} INFO - Processing file /home/airflow/.local/lib/python3.8/site-packages/airflow/example_dags/example_skip_dag.py for tasks to queue
[2023-11-16T00:18:06.651+0000] {logging_mixin.py:154} INFO - [2023-11-16T00:18:06.650+0000] {dagbag.py:536} INFO - Filling up the DagBag from /home/airflow/.local/lib/python3.8/site-packages/airflow/example_dags/example_skip_dag.py
[2023-11-16T00:18:06.655+0000] {processor.py:839} INFO - DAG(s) dict_keys(['example_skip_dag']) retrieved from /home/airflow/.local/lib/python3.8/site-packages/airflow/example_dags/example_skip_dag.py
[2023-11-16T00:18:06.670+0000] {logging_mixin.py:154} INFO - [2023-11-16T00:18:06.670+0000] {dag.py:2941} INFO - Sync 1 DAGs
[2023-11-16T00:18:06.684+0000] {logging_mixin.py:154} INFO - [2023-11-16T00:18:06.684+0000] {dag.py:3722} INFO - Setting next_dagrun for example_skip_dag to 2023-11-15T00:18:06.684572+00:00, run_after=2023-11-16T00:18:06.684572+00:00
[2023-11-16T00:18:06.699+0000] {processor.py:179} INFO - Processing /home/airflow/.local/lib/python3.8/site-packages/airflow/example_dags/example_skip_dag.py took 0.053 seconds
[2023-11-16T00:18:37.297+0000] {processor.py:157} INFO - Started process (PID=1204) to work on /home/airflow/.local/lib/python3.8/site-packages/airflow/example_dags/example_skip_dag.py
[2023-11-16T00:18:37.298+0000] {processor.py:829} INFO - Processing file /home/airflow/.local/lib/python3.8/site-packages/airflow/example_dags/example_skip_dag.py for tasks to queue
[2023-11-16T00:18:37.299+0000] {logging_mixin.py:154} INFO - [2023-11-16T00:18:37.299+0000] {dagbag.py:536} INFO - Filling up the DagBag from /home/airflow/.local/lib/python3.8/site-packages/airflow/example_dags/example_skip_dag.py
[2023-11-16T00:18:37.303+0000] {processor.py:839} INFO - DAG(s) dict_keys(['example_skip_dag']) retrieved from /home/airflow/.local/lib/python3.8/site-packages/airflow/example_dags/example_skip_dag.py
[2023-11-16T00:18:37.317+0000] {logging_mixin.py:154} INFO - [2023-11-16T00:18:37.317+0000] {dag.py:2941} INFO - Sync 1 DAGs
[2023-11-16T00:18:37.331+0000] {logging_mixin.py:154} INFO - [2023-11-16T00:18:37.331+0000] {dag.py:3722} INFO - Setting next_dagrun for example_skip_dag to 2023-11-15T00:18:37.331336+00:00, run_after=2023-11-16T00:18:37.331336+00:00
[2023-11-16T00:18:37.344+0000] {processor.py:179} INFO - Processing /home/airflow/.local/lib/python3.8/site-packages/airflow/example_dags/example_skip_dag.py took 0.049 seconds
[2023-11-16T00:19:07.613+0000] {processor.py:157} INFO - Started process (PID=1261) to work on /home/airflow/.local/lib/python3.8/site-packages/airflow/example_dags/example_skip_dag.py
[2023-11-16T00:19:07.614+0000] {processor.py:829} INFO - Processing file /home/airflow/.local/lib/python3.8/site-packages/airflow/example_dags/example_skip_dag.py for tasks to queue
[2023-11-16T00:19:07.616+0000] {logging_mixin.py:154} INFO - [2023-11-16T00:19:07.616+0000] {dagbag.py:536} INFO - Filling up the DagBag from /home/airflow/.local/lib/python3.8/site-packages/airflow/example_dags/example_skip_dag.py
[2023-11-16T00:19:07.620+0000] {processor.py:839} INFO - DAG(s) dict_keys(['example_skip_dag']) retrieved from /home/airflow/.local/lib/python3.8/site-packages/airflow/example_dags/example_skip_dag.py
[2023-11-16T00:19:07.634+0000] {logging_mixin.py:154} INFO - [2023-11-16T00:19:07.634+0000] {dag.py:2941} INFO - Sync 1 DAGs
[2023-11-16T00:19:07.649+0000] {logging_mixin.py:154} INFO - [2023-11-16T00:19:07.649+0000] {dag.py:3722} INFO - Setting next_dagrun for example_skip_dag to 2023-11-15T00:19:07.649452+00:00, run_after=2023-11-16T00:19:07.649452+00:00
[2023-11-16T00:19:07.661+0000] {processor.py:179} INFO - Processing /home/airflow/.local/lib/python3.8/site-packages/airflow/example_dags/example_skip_dag.py took 0.050 seconds
[2023-11-16T00:19:37.900+0000] {processor.py:157} INFO - Started process (PID=1319) to work on /home/airflow/.local/lib/python3.8/site-packages/airflow/example_dags/example_skip_dag.py
[2023-11-16T00:19:37.901+0000] {processor.py:829} INFO - Processing file /home/airflow/.local/lib/python3.8/site-packages/airflow/example_dags/example_skip_dag.py for tasks to queue
[2023-11-16T00:19:37.903+0000] {logging_mixin.py:154} INFO - [2023-11-16T00:19:37.903+0000] {dagbag.py:536} INFO - Filling up the DagBag from /home/airflow/.local/lib/python3.8/site-packages/airflow/example_dags/example_skip_dag.py
[2023-11-16T00:19:37.907+0000] {processor.py:839} INFO - DAG(s) dict_keys(['example_skip_dag']) retrieved from /home/airflow/.local/lib/python3.8/site-packages/airflow/example_dags/example_skip_dag.py
[2023-11-16T00:19:37.921+0000] {logging_mixin.py:154} INFO - [2023-11-16T00:19:37.921+0000] {dag.py:2941} INFO - Sync 1 DAGs
[2023-11-16T00:19:37.935+0000] {logging_mixin.py:154} INFO - [2023-11-16T00:19:37.935+0000] {dag.py:3722} INFO - Setting next_dagrun for example_skip_dag to 2023-11-15T00:19:37.935602+00:00, run_after=2023-11-16T00:19:37.935602+00:00
[2023-11-16T00:19:38.042+0000] {processor.py:179} INFO - Processing /home/airflow/.local/lib/python3.8/site-packages/airflow/example_dags/example_skip_dag.py took 0.143 seconds
[2023-11-16T00:20:08.078+0000] {processor.py:157} INFO - Started process (PID=1376) to work on /home/airflow/.local/lib/python3.8/site-packages/airflow/example_dags/example_skip_dag.py
[2023-11-16T00:20:08.079+0000] {processor.py:829} INFO - Processing file /home/airflow/.local/lib/python3.8/site-packages/airflow/example_dags/example_skip_dag.py for tasks to queue
[2023-11-16T00:20:08.080+0000] {logging_mixin.py:154} INFO - [2023-11-16T00:20:08.080+0000] {dagbag.py:536} INFO - Filling up the DagBag from /home/airflow/.local/lib/python3.8/site-packages/airflow/example_dags/example_skip_dag.py
[2023-11-16T00:20:08.085+0000] {processor.py:839} INFO - DAG(s) dict_keys(['example_skip_dag']) retrieved from /home/airflow/.local/lib/python3.8/site-packages/airflow/example_dags/example_skip_dag.py
[2023-11-16T00:20:08.098+0000] {logging_mixin.py:154} INFO - [2023-11-16T00:20:08.098+0000] {dag.py:2941} INFO - Sync 1 DAGs
[2023-11-16T00:20:08.111+0000] {logging_mixin.py:154} INFO - [2023-11-16T00:20:08.111+0000] {dag.py:3722} INFO - Setting next_dagrun for example_skip_dag to 2023-11-15T00:20:08.111258+00:00, run_after=2023-11-16T00:20:08.111258+00:00
[2023-11-16T00:20:08.123+0000] {processor.py:179} INFO - Processing /home/airflow/.local/lib/python3.8/site-packages/airflow/example_dags/example_skip_dag.py took 0.047 seconds
[2023-11-16T00:20:38.496+0000] {processor.py:157} INFO - Started process (PID=1433) to work on /home/airflow/.local/lib/python3.8/site-packages/airflow/example_dags/example_skip_dag.py
[2023-11-16T00:20:38.497+0000] {processor.py:829} INFO - Processing file /home/airflow/.local/lib/python3.8/site-packages/airflow/example_dags/example_skip_dag.py for tasks to queue
[2023-11-16T00:20:38.498+0000] {logging_mixin.py:154} INFO - [2023-11-16T00:20:38.498+0000] {dagbag.py:536} INFO - Filling up the DagBag from /home/airflow/.local/lib/python3.8/site-packages/airflow/example_dags/example_skip_dag.py
[2023-11-16T00:20:38.503+0000] {processor.py:839} INFO - DAG(s) dict_keys(['example_skip_dag']) retrieved from /home/airflow/.local/lib/python3.8/site-packages/airflow/example_dags/example_skip_dag.py
[2023-11-16T00:20:38.518+0000] {logging_mixin.py:154} INFO - [2023-11-16T00:20:38.518+0000] {dag.py:2941} INFO - Sync 1 DAGs
[2023-11-16T00:20:38.533+0000] {logging_mixin.py:154} INFO - [2023-11-16T00:20:38.532+0000] {dag.py:3722} INFO - Setting next_dagrun for example_skip_dag to 2023-11-15T00:20:38.532676+00:00, run_after=2023-11-16T00:20:38.532676+00:00
[2023-11-16T00:20:38.544+0000] {processor.py:179} INFO - Processing /home/airflow/.local/lib/python3.8/site-packages/airflow/example_dags/example_skip_dag.py took 0.050 seconds
[2023-11-16T00:21:09.043+0000] {processor.py:157} INFO - Started process (PID=1490) to work on /home/airflow/.local/lib/python3.8/site-packages/airflow/example_dags/example_skip_dag.py
[2023-11-16T00:21:09.044+0000] {processor.py:829} INFO - Processing file /home/airflow/.local/lib/python3.8/site-packages/airflow/example_dags/example_skip_dag.py for tasks to queue
[2023-11-16T00:21:09.046+0000] {logging_mixin.py:154} INFO - [2023-11-16T00:21:09.045+0000] {dagbag.py:536} INFO - Filling up the DagBag from /home/airflow/.local/lib/python3.8/site-packages/airflow/example_dags/example_skip_dag.py
[2023-11-16T00:21:09.050+0000] {processor.py:839} INFO - DAG(s) dict_keys(['example_skip_dag']) retrieved from /home/airflow/.local/lib/python3.8/site-packages/airflow/example_dags/example_skip_dag.py
[2023-11-16T00:21:09.067+0000] {logging_mixin.py:154} INFO - [2023-11-16T00:21:09.067+0000] {dag.py:2941} INFO - Sync 1 DAGs
[2023-11-16T00:21:09.178+0000] {logging_mixin.py:154} INFO - [2023-11-16T00:21:09.178+0000] {dag.py:3722} INFO - Setting next_dagrun for example_skip_dag to 2023-11-15T00:21:09.178625+00:00, run_after=2023-11-16T00:21:09.178625+00:00
[2023-11-16T00:21:09.191+0000] {processor.py:179} INFO - Processing /home/airflow/.local/lib/python3.8/site-packages/airflow/example_dags/example_skip_dag.py took 0.150 seconds
[2023-11-16T00:21:39.950+0000] {processor.py:157} INFO - Started process (PID=1547) to work on /home/airflow/.local/lib/python3.8/site-packages/airflow/example_dags/example_skip_dag.py
[2023-11-16T00:21:39.951+0000] {processor.py:829} INFO - Processing file /home/airflow/.local/lib/python3.8/site-packages/airflow/example_dags/example_skip_dag.py for tasks to queue
[2023-11-16T00:21:39.952+0000] {logging_mixin.py:154} INFO - [2023-11-16T00:21:39.952+0000] {dagbag.py:536} INFO - Filling up the DagBag from /home/airflow/.local/lib/python3.8/site-packages/airflow/example_dags/example_skip_dag.py
[2023-11-16T00:21:39.956+0000] {processor.py:839} INFO - DAG(s) dict_keys(['example_skip_dag']) retrieved from /home/airflow/.local/lib/python3.8/site-packages/airflow/example_dags/example_skip_dag.py
[2023-11-16T00:21:39.971+0000] {logging_mixin.py:154} INFO - [2023-11-16T00:21:39.971+0000] {dag.py:2941} INFO - Sync 1 DAGs
[2023-11-16T00:21:39.985+0000] {logging_mixin.py:154} INFO - [2023-11-16T00:21:39.985+0000] {dag.py:3722} INFO - Setting next_dagrun for example_skip_dag to 2023-11-15T00:21:39.985033+00:00, run_after=2023-11-16T00:21:39.985033+00:00
[2023-11-16T00:21:40.104+0000] {processor.py:179} INFO - Processing /home/airflow/.local/lib/python3.8/site-packages/airflow/example_dags/example_skip_dag.py took 0.156 seconds
[2023-11-16T00:22:10.565+0000] {processor.py:157} INFO - Started process (PID=1604) to work on /home/airflow/.local/lib/python3.8/site-packages/airflow/example_dags/example_skip_dag.py
[2023-11-16T00:22:10.566+0000] {processor.py:829} INFO - Processing file /home/airflow/.local/lib/python3.8/site-packages/airflow/example_dags/example_skip_dag.py for tasks to queue
[2023-11-16T00:22:10.567+0000] {logging_mixin.py:154} INFO - [2023-11-16T00:22:10.567+0000] {dagbag.py:536} INFO - Filling up the DagBag from /home/airflow/.local/lib/python3.8/site-packages/airflow/example_dags/example_skip_dag.py
[2023-11-16T00:22:10.572+0000] {processor.py:839} INFO - DAG(s) dict_keys(['example_skip_dag']) retrieved from /home/airflow/.local/lib/python3.8/site-packages/airflow/example_dags/example_skip_dag.py
[2023-11-16T00:22:10.585+0000] {logging_mixin.py:154} INFO - [2023-11-16T00:22:10.585+0000] {dag.py:2941} INFO - Sync 1 DAGs
[2023-11-16T00:22:10.598+0000] {logging_mixin.py:154} INFO - [2023-11-16T00:22:10.598+0000] {dag.py:3722} INFO - Setting next_dagrun for example_skip_dag to 2023-11-15T00:22:10.598279+00:00, run_after=2023-11-16T00:22:10.598279+00:00
[2023-11-16T00:22:10.609+0000] {processor.py:179} INFO - Processing /home/airflow/.local/lib/python3.8/site-packages/airflow/example_dags/example_skip_dag.py took 0.046 seconds
[2023-11-16T00:22:41.322+0000] {processor.py:157} INFO - Started process (PID=1661) to work on /home/airflow/.local/lib/python3.8/site-packages/airflow/example_dags/example_skip_dag.py
[2023-11-16T00:22:41.323+0000] {processor.py:829} INFO - Processing file /home/airflow/.local/lib/python3.8/site-packages/airflow/example_dags/example_skip_dag.py for tasks to queue
[2023-11-16T00:22:41.324+0000] {logging_mixin.py:154} INFO - [2023-11-16T00:22:41.324+0000] {dagbag.py:536} INFO - Filling up the DagBag from /home/airflow/.local/lib/python3.8/site-packages/airflow/example_dags/example_skip_dag.py
[2023-11-16T00:22:41.329+0000] {processor.py:839} INFO - DAG(s) dict_keys(['example_skip_dag']) retrieved from /home/airflow/.local/lib/python3.8/site-packages/airflow/example_dags/example_skip_dag.py
[2023-11-16T00:22:41.431+0000] {logging_mixin.py:154} INFO - [2023-11-16T00:22:41.431+0000] {dag.py:2941} INFO - Sync 1 DAGs
[2023-11-16T00:22:41.444+0000] {logging_mixin.py:154} INFO - [2023-11-16T00:22:41.444+0000] {dag.py:3722} INFO - Setting next_dagrun for example_skip_dag to 2023-11-15T00:22:41.443933+00:00, run_after=2023-11-16T00:22:41.443933+00:00
[2023-11-16T00:22:41.455+0000] {processor.py:179} INFO - Processing /home/airflow/.local/lib/python3.8/site-packages/airflow/example_dags/example_skip_dag.py took 0.136 seconds
[2023-11-16T00:23:11.904+0000] {processor.py:157} INFO - Started process (PID=1718) to work on /home/airflow/.local/lib/python3.8/site-packages/airflow/example_dags/example_skip_dag.py
[2023-11-16T00:23:11.905+0000] {processor.py:829} INFO - Processing file /home/airflow/.local/lib/python3.8/site-packages/airflow/example_dags/example_skip_dag.py for tasks to queue
[2023-11-16T00:23:11.906+0000] {logging_mixin.py:154} INFO - [2023-11-16T00:23:11.906+0000] {dagbag.py:536} INFO - Filling up the DagBag from /home/airflow/.local/lib/python3.8/site-packages/airflow/example_dags/example_skip_dag.py
[2023-11-16T00:23:11.911+0000] {processor.py:839} INFO - DAG(s) dict_keys(['example_skip_dag']) retrieved from /home/airflow/.local/lib/python3.8/site-packages/airflow/example_dags/example_skip_dag.py
[2023-11-16T00:23:11.924+0000] {logging_mixin.py:154} INFO - [2023-11-16T00:23:11.924+0000] {dag.py:2941} INFO - Sync 1 DAGs
[2023-11-16T00:23:12.023+0000] {logging_mixin.py:154} INFO - [2023-11-16T00:23:12.023+0000] {dag.py:3722} INFO - Setting next_dagrun for example_skip_dag to 2023-11-15T00:23:12.023363+00:00, run_after=2023-11-16T00:23:12.023363+00:00
[2023-11-16T00:23:12.035+0000] {processor.py:179} INFO - Processing /home/airflow/.local/lib/python3.8/site-packages/airflow/example_dags/example_skip_dag.py took 0.133 seconds
[2023-11-16T00:23:42.965+0000] {processor.py:157} INFO - Started process (PID=1775) to work on /home/airflow/.local/lib/python3.8/site-packages/airflow/example_dags/example_skip_dag.py
[2023-11-16T00:23:42.965+0000] {processor.py:829} INFO - Processing file /home/airflow/.local/lib/python3.8/site-packages/airflow/example_dags/example_skip_dag.py for tasks to queue
[2023-11-16T00:23:42.967+0000] {logging_mixin.py:154} INFO - [2023-11-16T00:23:42.967+0000] {dagbag.py:536} INFO - Filling up the DagBag from /home/airflow/.local/lib/python3.8/site-packages/airflow/example_dags/example_skip_dag.py
[2023-11-16T00:23:42.971+0000] {processor.py:839} INFO - DAG(s) dict_keys(['example_skip_dag']) retrieved from /home/airflow/.local/lib/python3.8/site-packages/airflow/example_dags/example_skip_dag.py
[2023-11-16T00:23:42.985+0000] {logging_mixin.py:154} INFO - [2023-11-16T00:23:42.984+0000] {dag.py:2941} INFO - Sync 1 DAGs
[2023-11-16T00:23:42.999+0000] {logging_mixin.py:154} INFO - [2023-11-16T00:23:42.998+0000] {dag.py:3722} INFO - Setting next_dagrun for example_skip_dag to 2023-11-15T00:23:42.998743+00:00, run_after=2023-11-16T00:23:42.998743+00:00
[2023-11-16T00:23:43.115+0000] {processor.py:179} INFO - Processing /home/airflow/.local/lib/python3.8/site-packages/airflow/example_dags/example_skip_dag.py took 0.152 seconds
[2023-11-16T00:24:13.186+0000] {processor.py:157} INFO - Started process (PID=1832) to work on /home/airflow/.local/lib/python3.8/site-packages/airflow/example_dags/example_skip_dag.py
[2023-11-16T00:24:13.187+0000] {processor.py:829} INFO - Processing file /home/airflow/.local/lib/python3.8/site-packages/airflow/example_dags/example_skip_dag.py for tasks to queue
[2023-11-16T00:24:13.188+0000] {logging_mixin.py:154} INFO - [2023-11-16T00:24:13.188+0000] {dagbag.py:536} INFO - Filling up the DagBag from /home/airflow/.local/lib/python3.8/site-packages/airflow/example_dags/example_skip_dag.py
[2023-11-16T00:24:13.193+0000] {processor.py:839} INFO - DAG(s) dict_keys(['example_skip_dag']) retrieved from /home/airflow/.local/lib/python3.8/site-packages/airflow/example_dags/example_skip_dag.py
[2023-11-16T00:24:13.207+0000] {logging_mixin.py:154} INFO - [2023-11-16T00:24:13.207+0000] {dag.py:2941} INFO - Sync 1 DAGs
[2023-11-16T00:24:13.221+0000] {logging_mixin.py:154} INFO - [2023-11-16T00:24:13.220+0000] {dag.py:3722} INFO - Setting next_dagrun for example_skip_dag to 2023-11-15T00:24:13.220820+00:00, run_after=2023-11-16T00:24:13.220820+00:00
[2023-11-16T00:24:13.232+0000] {processor.py:179} INFO - Processing /home/airflow/.local/lib/python3.8/site-packages/airflow/example_dags/example_skip_dag.py took 0.048 seconds
[2023-11-16T00:24:43.310+0000] {processor.py:157} INFO - Started process (PID=1889) to work on /home/airflow/.local/lib/python3.8/site-packages/airflow/example_dags/example_skip_dag.py
[2023-11-16T00:24:43.311+0000] {processor.py:829} INFO - Processing file /home/airflow/.local/lib/python3.8/site-packages/airflow/example_dags/example_skip_dag.py for tasks to queue
[2023-11-16T00:24:43.312+0000] {logging_mixin.py:154} INFO - [2023-11-16T00:24:43.312+0000] {dagbag.py:536} INFO - Filling up the DagBag from /home/airflow/.local/lib/python3.8/site-packages/airflow/example_dags/example_skip_dag.py
[2023-11-16T00:24:43.317+0000] {processor.py:839} INFO - DAG(s) dict_keys(['example_skip_dag']) retrieved from /home/airflow/.local/lib/python3.8/site-packages/airflow/example_dags/example_skip_dag.py
[2023-11-16T00:24:43.332+0000] {logging_mixin.py:154} INFO - [2023-11-16T00:24:43.332+0000] {dag.py:2941} INFO - Sync 1 DAGs
[2023-11-16T00:24:43.346+0000] {logging_mixin.py:154} INFO - [2023-11-16T00:24:43.346+0000] {dag.py:3722} INFO - Setting next_dagrun for example_skip_dag to 2023-11-15T00:24:43.346009+00:00, run_after=2023-11-16T00:24:43.346009+00:00
[2023-11-16T00:24:43.358+0000] {processor.py:179} INFO - Processing /home/airflow/.local/lib/python3.8/site-packages/airflow/example_dags/example_skip_dag.py took 0.050 seconds
[2023-11-16T00:25:13.531+0000] {processor.py:157} INFO - Started process (PID=1946) to work on /home/airflow/.local/lib/python3.8/site-packages/airflow/example_dags/example_skip_dag.py
[2023-11-16T00:25:13.532+0000] {processor.py:829} INFO - Processing file /home/airflow/.local/lib/python3.8/site-packages/airflow/example_dags/example_skip_dag.py for tasks to queue
[2023-11-16T00:25:13.534+0000] {logging_mixin.py:154} INFO - [2023-11-16T00:25:13.534+0000] {dagbag.py:536} INFO - Filling up the DagBag from /home/airflow/.local/lib/python3.8/site-packages/airflow/example_dags/example_skip_dag.py
[2023-11-16T00:25:13.538+0000] {processor.py:839} INFO - DAG(s) dict_keys(['example_skip_dag']) retrieved from /home/airflow/.local/lib/python3.8/site-packages/airflow/example_dags/example_skip_dag.py
[2023-11-16T00:25:13.553+0000] {logging_mixin.py:154} INFO - [2023-11-16T00:25:13.553+0000] {dag.py:2941} INFO - Sync 1 DAGs
[2023-11-16T00:25:13.569+0000] {logging_mixin.py:154} INFO - [2023-11-16T00:25:13.568+0000] {dag.py:3722} INFO - Setting next_dagrun for example_skip_dag to 2023-11-15T00:25:13.568701+00:00, run_after=2023-11-16T00:25:13.568701+00:00
[2023-11-16T00:25:13.584+0000] {processor.py:179} INFO - Processing /home/airflow/.local/lib/python3.8/site-packages/airflow/example_dags/example_skip_dag.py took 0.055 seconds
[2023-11-16T00:25:43.672+0000] {processor.py:157} INFO - Started process (PID=2003) to work on /home/airflow/.local/lib/python3.8/site-packages/airflow/example_dags/example_skip_dag.py
[2023-11-16T00:25:43.672+0000] {processor.py:829} INFO - Processing file /home/airflow/.local/lib/python3.8/site-packages/airflow/example_dags/example_skip_dag.py for tasks to queue
[2023-11-16T00:25:43.674+0000] {logging_mixin.py:154} INFO - [2023-11-16T00:25:43.674+0000] {dagbag.py:536} INFO - Filling up the DagBag from /home/airflow/.local/lib/python3.8/site-packages/airflow/example_dags/example_skip_dag.py
[2023-11-16T00:25:43.679+0000] {processor.py:839} INFO - DAG(s) dict_keys(['example_skip_dag']) retrieved from /home/airflow/.local/lib/python3.8/site-packages/airflow/example_dags/example_skip_dag.py
[2023-11-16T00:25:43.694+0000] {logging_mixin.py:154} INFO - [2023-11-16T00:25:43.694+0000] {dag.py:2941} INFO - Sync 1 DAGs
[2023-11-16T00:25:43.709+0000] {logging_mixin.py:154} INFO - [2023-11-16T00:25:43.708+0000] {dag.py:3722} INFO - Setting next_dagrun for example_skip_dag to 2023-11-15T00:25:43.708670+00:00, run_after=2023-11-16T00:25:43.708670+00:00
[2023-11-16T00:25:43.721+0000] {processor.py:179} INFO - Processing /home/airflow/.local/lib/python3.8/site-packages/airflow/example_dags/example_skip_dag.py took 0.052 seconds
[2023-11-16T00:26:13.916+0000] {processor.py:157} INFO - Started process (PID=2060) to work on /home/airflow/.local/lib/python3.8/site-packages/airflow/example_dags/example_skip_dag.py
[2023-11-16T00:26:13.917+0000] {processor.py:829} INFO - Processing file /home/airflow/.local/lib/python3.8/site-packages/airflow/example_dags/example_skip_dag.py for tasks to queue
[2023-11-16T00:26:13.919+0000] {logging_mixin.py:154} INFO - [2023-11-16T00:26:13.918+0000] {dagbag.py:536} INFO - Filling up the DagBag from /home/airflow/.local/lib/python3.8/site-packages/airflow/example_dags/example_skip_dag.py
[2023-11-16T00:26:13.923+0000] {processor.py:839} INFO - DAG(s) dict_keys(['example_skip_dag']) retrieved from /home/airflow/.local/lib/python3.8/site-packages/airflow/example_dags/example_skip_dag.py
[2023-11-16T00:26:13.937+0000] {logging_mixin.py:154} INFO - [2023-11-16T00:26:13.937+0000] {dag.py:2941} INFO - Sync 1 DAGs
[2023-11-16T00:26:13.952+0000] {logging_mixin.py:154} INFO - [2023-11-16T00:26:13.952+0000] {dag.py:3722} INFO - Setting next_dagrun for example_skip_dag to 2023-11-15T00:26:13.951915+00:00, run_after=2023-11-16T00:26:13.951915+00:00
[2023-11-16T00:26:13.965+0000] {processor.py:179} INFO - Processing /home/airflow/.local/lib/python3.8/site-packages/airflow/example_dags/example_skip_dag.py took 0.051 seconds
[2023-11-16T00:26:44.183+0000] {processor.py:157} INFO - Started process (PID=2117) to work on /home/airflow/.local/lib/python3.8/site-packages/airflow/example_dags/example_skip_dag.py
[2023-11-16T00:26:44.184+0000] {processor.py:829} INFO - Processing file /home/airflow/.local/lib/python3.8/site-packages/airflow/example_dags/example_skip_dag.py for tasks to queue
[2023-11-16T00:26:44.186+0000] {logging_mixin.py:154} INFO - [2023-11-16T00:26:44.185+0000] {dagbag.py:536} INFO - Filling up the DagBag from /home/airflow/.local/lib/python3.8/site-packages/airflow/example_dags/example_skip_dag.py
[2023-11-16T00:26:44.190+0000] {processor.py:839} INFO - DAG(s) dict_keys(['example_skip_dag']) retrieved from /home/airflow/.local/lib/python3.8/site-packages/airflow/example_dags/example_skip_dag.py
[2023-11-16T00:26:44.204+0000] {logging_mixin.py:154} INFO - [2023-11-16T00:26:44.203+0000] {dag.py:2941} INFO - Sync 1 DAGs
[2023-11-16T00:26:44.217+0000] {logging_mixin.py:154} INFO - [2023-11-16T00:26:44.217+0000] {dag.py:3722} INFO - Setting next_dagrun for example_skip_dag to 2023-11-15T00:26:44.216841+00:00, run_after=2023-11-16T00:26:44.216841+00:00
[2023-11-16T00:26:44.228+0000] {processor.py:179} INFO - Processing /home/airflow/.local/lib/python3.8/site-packages/airflow/example_dags/example_skip_dag.py took 0.047 seconds
[2023-11-16T00:27:14.383+0000] {processor.py:157} INFO - Started process (PID=2174) to work on /home/airflow/.local/lib/python3.8/site-packages/airflow/example_dags/example_skip_dag.py
[2023-11-16T00:27:14.383+0000] {processor.py:829} INFO - Processing file /home/airflow/.local/lib/python3.8/site-packages/airflow/example_dags/example_skip_dag.py for tasks to queue
[2023-11-16T00:27:14.385+0000] {logging_mixin.py:154} INFO - [2023-11-16T00:27:14.385+0000] {dagbag.py:536} INFO - Filling up the DagBag from /home/airflow/.local/lib/python3.8/site-packages/airflow/example_dags/example_skip_dag.py
[2023-11-16T00:27:14.390+0000] {processor.py:839} INFO - DAG(s) dict_keys(['example_skip_dag']) retrieved from /home/airflow/.local/lib/python3.8/site-packages/airflow/example_dags/example_skip_dag.py
[2023-11-16T00:27:14.403+0000] {logging_mixin.py:154} INFO - [2023-11-16T00:27:14.403+0000] {dag.py:2941} INFO - Sync 1 DAGs
[2023-11-16T00:27:14.416+0000] {logging_mixin.py:154} INFO - [2023-11-16T00:27:14.416+0000] {dag.py:3722} INFO - Setting next_dagrun for example_skip_dag to 2023-11-15T00:27:14.416125+00:00, run_after=2023-11-16T00:27:14.416125+00:00
[2023-11-16T00:27:14.427+0000] {processor.py:179} INFO - Processing /home/airflow/.local/lib/python3.8/site-packages/airflow/example_dags/example_skip_dag.py took 0.047 seconds
[2023-11-16T00:27:44.492+0000] {processor.py:157} INFO - Started process (PID=2231) to work on /home/airflow/.local/lib/python3.8/site-packages/airflow/example_dags/example_skip_dag.py
[2023-11-16T00:27:44.493+0000] {processor.py:829} INFO - Processing file /home/airflow/.local/lib/python3.8/site-packages/airflow/example_dags/example_skip_dag.py for tasks to queue
[2023-11-16T00:27:44.495+0000] {logging_mixin.py:154} INFO - [2023-11-16T00:27:44.494+0000] {dagbag.py:536} INFO - Filling up the DagBag from /home/airflow/.local/lib/python3.8/site-packages/airflow/example_dags/example_skip_dag.py
[2023-11-16T00:27:44.500+0000] {processor.py:839} INFO - DAG(s) dict_keys(['example_skip_dag']) retrieved from /home/airflow/.local/lib/python3.8/site-packages/airflow/example_dags/example_skip_dag.py
[2023-11-16T00:27:44.516+0000] {logging_mixin.py:154} INFO - [2023-11-16T00:27:44.515+0000] {dag.py:2941} INFO - Sync 1 DAGs
[2023-11-16T00:27:44.530+0000] {logging_mixin.py:154} INFO - [2023-11-16T00:27:44.530+0000] {dag.py:3722} INFO - Setting next_dagrun for example_skip_dag to 2023-11-15T00:27:44.530543+00:00, run_after=2023-11-16T00:27:44.530543+00:00
[2023-11-16T00:27:44.543+0000] {processor.py:179} INFO - Processing /home/airflow/.local/lib/python3.8/site-packages/airflow/example_dags/example_skip_dag.py took 0.053 seconds
[2023-11-16T00:28:14.630+0000] {processor.py:157} INFO - Started process (PID=2288) to work on /home/airflow/.local/lib/python3.8/site-packages/airflow/example_dags/example_skip_dag.py
[2023-11-16T00:28:14.631+0000] {processor.py:829} INFO - Processing file /home/airflow/.local/lib/python3.8/site-packages/airflow/example_dags/example_skip_dag.py for tasks to queue
[2023-11-16T00:28:14.632+0000] {logging_mixin.py:154} INFO - [2023-11-16T00:28:14.632+0000] {dagbag.py:536} INFO - Filling up the DagBag from /home/airflow/.local/lib/python3.8/site-packages/airflow/example_dags/example_skip_dag.py
[2023-11-16T00:28:14.636+0000] {processor.py:839} INFO - DAG(s) dict_keys(['example_skip_dag']) retrieved from /home/airflow/.local/lib/python3.8/site-packages/airflow/example_dags/example_skip_dag.py
[2023-11-16T00:28:14.650+0000] {logging_mixin.py:154} INFO - [2023-11-16T00:28:14.650+0000] {dag.py:2941} INFO - Sync 1 DAGs
[2023-11-16T00:28:14.664+0000] {logging_mixin.py:154} INFO - [2023-11-16T00:28:14.664+0000] {dag.py:3722} INFO - Setting next_dagrun for example_skip_dag to 2023-11-15T00:28:14.664634+00:00, run_after=2023-11-16T00:28:14.664634+00:00
[2023-11-16T00:28:14.676+0000] {processor.py:179} INFO - Processing /home/airflow/.local/lib/python3.8/site-packages/airflow/example_dags/example_skip_dag.py took 0.049 seconds
[2023-11-16T00:28:44.819+0000] {processor.py:157} INFO - Started process (PID=2345) to work on /home/airflow/.local/lib/python3.8/site-packages/airflow/example_dags/example_skip_dag.py
[2023-11-16T00:28:44.819+0000] {processor.py:829} INFO - Processing file /home/airflow/.local/lib/python3.8/site-packages/airflow/example_dags/example_skip_dag.py for tasks to queue
[2023-11-16T00:28:44.821+0000] {logging_mixin.py:154} INFO - [2023-11-16T00:28:44.821+0000] {dagbag.py:536} INFO - Filling up the DagBag from /home/airflow/.local/lib/python3.8/site-packages/airflow/example_dags/example_skip_dag.py
[2023-11-16T00:28:44.825+0000] {processor.py:839} INFO - DAG(s) dict_keys(['example_skip_dag']) retrieved from /home/airflow/.local/lib/python3.8/site-packages/airflow/example_dags/example_skip_dag.py
[2023-11-16T00:28:44.841+0000] {logging_mixin.py:154} INFO - [2023-11-16T00:28:44.841+0000] {dag.py:2941} INFO - Sync 1 DAGs
[2023-11-16T00:28:44.856+0000] {logging_mixin.py:154} INFO - [2023-11-16T00:28:44.856+0000] {dag.py:3722} INFO - Setting next_dagrun for example_skip_dag to 2023-11-15T00:28:44.855865+00:00, run_after=2023-11-16T00:28:44.855865+00:00
[2023-11-16T00:28:44.868+0000] {processor.py:179} INFO - Processing /home/airflow/.local/lib/python3.8/site-packages/airflow/example_dags/example_skip_dag.py took 0.051 seconds
[2023-11-16T00:29:15.140+0000] {processor.py:157} INFO - Started process (PID=2402) to work on /home/airflow/.local/lib/python3.8/site-packages/airflow/example_dags/example_skip_dag.py
[2023-11-16T00:29:15.141+0000] {processor.py:829} INFO - Processing file /home/airflow/.local/lib/python3.8/site-packages/airflow/example_dags/example_skip_dag.py for tasks to queue
[2023-11-16T00:29:15.143+0000] {logging_mixin.py:154} INFO - [2023-11-16T00:29:15.143+0000] {dagbag.py:536} INFO - Filling up the DagBag from /home/airflow/.local/lib/python3.8/site-packages/airflow/example_dags/example_skip_dag.py
[2023-11-16T00:29:15.147+0000] {processor.py:839} INFO - DAG(s) dict_keys(['example_skip_dag']) retrieved from /home/airflow/.local/lib/python3.8/site-packages/airflow/example_dags/example_skip_dag.py
[2023-11-16T00:29:15.162+0000] {logging_mixin.py:154} INFO - [2023-11-16T00:29:15.162+0000] {dag.py:2941} INFO - Sync 1 DAGs
[2023-11-16T00:29:15.177+0000] {logging_mixin.py:154} INFO - [2023-11-16T00:29:15.176+0000] {dag.py:3722} INFO - Setting next_dagrun for example_skip_dag to 2023-11-15T00:29:15.176746+00:00, run_after=2023-11-16T00:29:15.176746+00:00
[2023-11-16T00:29:15.189+0000] {processor.py:179} INFO - Processing /home/airflow/.local/lib/python3.8/site-packages/airflow/example_dags/example_skip_dag.py took 0.051 seconds
[2023-11-16T00:29:45.223+0000] {processor.py:157} INFO - Started process (PID=2459) to work on /home/airflow/.local/lib/python3.8/site-packages/airflow/example_dags/example_skip_dag.py
[2023-11-16T00:29:45.224+0000] {processor.py:829} INFO - Processing file /home/airflow/.local/lib/python3.8/site-packages/airflow/example_dags/example_skip_dag.py for tasks to queue
[2023-11-16T00:29:45.226+0000] {logging_mixin.py:154} INFO - [2023-11-16T00:29:45.226+0000] {dagbag.py:536} INFO - Filling up the DagBag from /home/airflow/.local/lib/python3.8/site-packages/airflow/example_dags/example_skip_dag.py
[2023-11-16T00:29:45.230+0000] {processor.py:839} INFO - DAG(s) dict_keys(['example_skip_dag']) retrieved from /home/airflow/.local/lib/python3.8/site-packages/airflow/example_dags/example_skip_dag.py
[2023-11-16T00:29:45.244+0000] {logging_mixin.py:154} INFO - [2023-11-16T00:29:45.244+0000] {dag.py:2941} INFO - Sync 1 DAGs
[2023-11-16T00:29:45.258+0000] {logging_mixin.py:154} INFO - [2023-11-16T00:29:45.258+0000] {dag.py:3722} INFO - Setting next_dagrun for example_skip_dag to 2023-11-15T00:29:45.258280+00:00, run_after=2023-11-16T00:29:45.258280+00:00
[2023-11-16T00:29:45.271+0000] {processor.py:179} INFO - Processing /home/airflow/.local/lib/python3.8/site-packages/airflow/example_dags/example_skip_dag.py took 0.050 seconds
[2023-11-16T00:30:15.424+0000] {processor.py:157} INFO - Started process (PID=2517) to work on /home/airflow/.local/lib/python3.8/site-packages/airflow/example_dags/example_skip_dag.py
[2023-11-16T00:30:15.424+0000] {processor.py:829} INFO - Processing file /home/airflow/.local/lib/python3.8/site-packages/airflow/example_dags/example_skip_dag.py for tasks to queue
[2023-11-16T00:30:15.426+0000] {logging_mixin.py:154} INFO - [2023-11-16T00:30:15.426+0000] {dagbag.py:536} INFO - Filling up the DagBag from /home/airflow/.local/lib/python3.8/site-packages/airflow/example_dags/example_skip_dag.py
[2023-11-16T00:30:15.430+0000] {processor.py:839} INFO - DAG(s) dict_keys(['example_skip_dag']) retrieved from /home/airflow/.local/lib/python3.8/site-packages/airflow/example_dags/example_skip_dag.py
[2023-11-16T00:30:15.445+0000] {logging_mixin.py:154} INFO - [2023-11-16T00:30:15.445+0000] {dag.py:2941} INFO - Sync 1 DAGs
[2023-11-16T00:30:15.459+0000] {logging_mixin.py:154} INFO - [2023-11-16T00:30:15.459+0000] {dag.py:3722} INFO - Setting next_dagrun for example_skip_dag to 2023-11-15T00:30:15.459147+00:00, run_after=2023-11-16T00:30:15.459147+00:00
[2023-11-16T00:30:15.471+0000] {processor.py:179} INFO - Processing /home/airflow/.local/lib/python3.8/site-packages/airflow/example_dags/example_skip_dag.py took 0.049 seconds
[2023-11-16T00:30:45.636+0000] {processor.py:157} INFO - Started process (PID=2575) to work on /home/airflow/.local/lib/python3.8/site-packages/airflow/example_dags/example_skip_dag.py
[2023-11-16T00:30:45.637+0000] {processor.py:829} INFO - Processing file /home/airflow/.local/lib/python3.8/site-packages/airflow/example_dags/example_skip_dag.py for tasks to queue
[2023-11-16T00:30:45.639+0000] {logging_mixin.py:154} INFO - [2023-11-16T00:30:45.639+0000] {dagbag.py:536} INFO - Filling up the DagBag from /home/airflow/.local/lib/python3.8/site-packages/airflow/example_dags/example_skip_dag.py
[2023-11-16T00:30:45.644+0000] {processor.py:839} INFO - DAG(s) dict_keys(['example_skip_dag']) retrieved from /home/airflow/.local/lib/python3.8/site-packages/airflow/example_dags/example_skip_dag.py
[2023-11-16T00:30:45.659+0000] {logging_mixin.py:154} INFO - [2023-11-16T00:30:45.659+0000] {dag.py:2941} INFO - Sync 1 DAGs
[2023-11-16T00:30:45.674+0000] {logging_mixin.py:154} INFO - [2023-11-16T00:30:45.674+0000] {dag.py:3722} INFO - Setting next_dagrun for example_skip_dag to 2023-11-15T00:30:45.674423+00:00, run_after=2023-11-16T00:30:45.674423+00:00
[2023-11-16T00:30:45.687+0000] {processor.py:179} INFO - Processing /home/airflow/.local/lib/python3.8/site-packages/airflow/example_dags/example_skip_dag.py took 0.054 seconds
[2023-11-16T00:31:15.769+0000] {processor.py:157} INFO - Started process (PID=2632) to work on /home/airflow/.local/lib/python3.8/site-packages/airflow/example_dags/example_skip_dag.py
[2023-11-16T00:31:15.769+0000] {processor.py:829} INFO - Processing file /home/airflow/.local/lib/python3.8/site-packages/airflow/example_dags/example_skip_dag.py for tasks to queue
[2023-11-16T00:31:15.771+0000] {logging_mixin.py:154} INFO - [2023-11-16T00:31:15.771+0000] {dagbag.py:536} INFO - Filling up the DagBag from /home/airflow/.local/lib/python3.8/site-packages/airflow/example_dags/example_skip_dag.py
[2023-11-16T00:31:15.775+0000] {processor.py:839} INFO - DAG(s) dict_keys(['example_skip_dag']) retrieved from /home/airflow/.local/lib/python3.8/site-packages/airflow/example_dags/example_skip_dag.py
[2023-11-16T00:31:15.789+0000] {logging_mixin.py:154} INFO - [2023-11-16T00:31:15.789+0000] {dag.py:2941} INFO - Sync 1 DAGs
[2023-11-16T00:31:15.804+0000] {logging_mixin.py:154} INFO - [2023-11-16T00:31:15.804+0000] {dag.py:3722} INFO - Setting next_dagrun for example_skip_dag to 2023-11-15T00:31:15.804029+00:00, run_after=2023-11-16T00:31:15.804029+00:00
[2023-11-16T00:31:15.816+0000] {processor.py:179} INFO - Processing /home/airflow/.local/lib/python3.8/site-packages/airflow/example_dags/example_skip_dag.py took 0.049 seconds
[2023-11-16T00:31:45.994+0000] {processor.py:157} INFO - Started process (PID=2689) to work on /home/airflow/.local/lib/python3.8/site-packages/airflow/example_dags/example_skip_dag.py
[2023-11-16T00:31:45.995+0000] {processor.py:829} INFO - Processing file /home/airflow/.local/lib/python3.8/site-packages/airflow/example_dags/example_skip_dag.py for tasks to queue
[2023-11-16T00:31:45.996+0000] {logging_mixin.py:154} INFO - [2023-11-16T00:31:45.996+0000] {dagbag.py:536} INFO - Filling up the DagBag from /home/airflow/.local/lib/python3.8/site-packages/airflow/example_dags/example_skip_dag.py
[2023-11-16T00:31:46.001+0000] {processor.py:839} INFO - DAG(s) dict_keys(['example_skip_dag']) retrieved from /home/airflow/.local/lib/python3.8/site-packages/airflow/example_dags/example_skip_dag.py
[2023-11-16T00:31:46.014+0000] {logging_mixin.py:154} INFO - [2023-11-16T00:31:46.014+0000] {dag.py:2941} INFO - Sync 1 DAGs
[2023-11-16T00:31:46.028+0000] {logging_mixin.py:154} INFO - [2023-11-16T00:31:46.028+0000] {dag.py:3722} INFO - Setting next_dagrun for example_skip_dag to 2023-11-15T00:31:46.028339+00:00, run_after=2023-11-16T00:31:46.028339+00:00
[2023-11-16T00:31:46.039+0000] {processor.py:179} INFO - Processing /home/airflow/.local/lib/python3.8/site-packages/airflow/example_dags/example_skip_dag.py took 0.047 seconds
[2023-11-16T00:32:16.314+0000] {processor.py:157} INFO - Started process (PID=2746) to work on /home/airflow/.local/lib/python3.8/site-packages/airflow/example_dags/example_skip_dag.py
[2023-11-16T00:32:16.314+0000] {processor.py:829} INFO - Processing file /home/airflow/.local/lib/python3.8/site-packages/airflow/example_dags/example_skip_dag.py for tasks to queue
[2023-11-16T00:32:16.316+0000] {logging_mixin.py:154} INFO - [2023-11-16T00:32:16.316+0000] {dagbag.py:536} INFO - Filling up the DagBag from /home/airflow/.local/lib/python3.8/site-packages/airflow/example_dags/example_skip_dag.py
[2023-11-16T00:32:16.320+0000] {processor.py:839} INFO - DAG(s) dict_keys(['example_skip_dag']) retrieved from /home/airflow/.local/lib/python3.8/site-packages/airflow/example_dags/example_skip_dag.py
[2023-11-16T00:32:16.335+0000] {logging_mixin.py:154} INFO - [2023-11-16T00:32:16.335+0000] {dag.py:2941} INFO - Sync 1 DAGs
[2023-11-16T00:32:16.350+0000] {logging_mixin.py:154} INFO - [2023-11-16T00:32:16.350+0000] {dag.py:3722} INFO - Setting next_dagrun for example_skip_dag to 2023-11-15T00:32:16.350405+00:00, run_after=2023-11-16T00:32:16.350405+00:00
[2023-11-16T00:32:16.361+0000] {processor.py:179} INFO - Processing /home/airflow/.local/lib/python3.8/site-packages/airflow/example_dags/example_skip_dag.py took 0.049 seconds
[2023-11-16T00:32:46.470+0000] {processor.py:157} INFO - Started process (PID=2802) to work on /home/airflow/.local/lib/python3.8/site-packages/airflow/example_dags/example_skip_dag.py
[2023-11-16T00:32:46.471+0000] {processor.py:829} INFO - Processing file /home/airflow/.local/lib/python3.8/site-packages/airflow/example_dags/example_skip_dag.py for tasks to queue
[2023-11-16T00:32:46.472+0000] {logging_mixin.py:154} INFO - [2023-11-16T00:32:46.472+0000] {dagbag.py:536} INFO - Filling up the DagBag from /home/airflow/.local/lib/python3.8/site-packages/airflow/example_dags/example_skip_dag.py
[2023-11-16T00:32:46.477+0000] {processor.py:839} INFO - DAG(s) dict_keys(['example_skip_dag']) retrieved from /home/airflow/.local/lib/python3.8/site-packages/airflow/example_dags/example_skip_dag.py
[2023-11-16T00:32:46.491+0000] {logging_mixin.py:154} INFO - [2023-11-16T00:32:46.490+0000] {dag.py:2941} INFO - Sync 1 DAGs
[2023-11-16T00:32:46.504+0000] {logging_mixin.py:154} INFO - [2023-11-16T00:32:46.504+0000] {dag.py:3722} INFO - Setting next_dagrun for example_skip_dag to 2023-11-15T00:32:46.504280+00:00, run_after=2023-11-16T00:32:46.504280+00:00
[2023-11-16T00:32:46.517+0000] {processor.py:179} INFO - Processing /home/airflow/.local/lib/python3.8/site-packages/airflow/example_dags/example_skip_dag.py took 0.049 seconds
[2023-11-16T00:33:16.671+0000] {processor.py:157} INFO - Started process (PID=2859) to work on /home/airflow/.local/lib/python3.8/site-packages/airflow/example_dags/example_skip_dag.py
[2023-11-16T00:33:16.672+0000] {processor.py:829} INFO - Processing file /home/airflow/.local/lib/python3.8/site-packages/airflow/example_dags/example_skip_dag.py for tasks to queue
[2023-11-16T00:33:16.674+0000] {logging_mixin.py:154} INFO - [2023-11-16T00:33:16.674+0000] {dagbag.py:536} INFO - Filling up the DagBag from /home/airflow/.local/lib/python3.8/site-packages/airflow/example_dags/example_skip_dag.py
[2023-11-16T00:33:16.678+0000] {processor.py:839} INFO - DAG(s) dict_keys(['example_skip_dag']) retrieved from /home/airflow/.local/lib/python3.8/site-packages/airflow/example_dags/example_skip_dag.py
[2023-11-16T00:33:16.693+0000] {logging_mixin.py:154} INFO - [2023-11-16T00:33:16.693+0000] {dag.py:2941} INFO - Sync 1 DAGs
[2023-11-16T00:33:16.707+0000] {logging_mixin.py:154} INFO - [2023-11-16T00:33:16.707+0000] {dag.py:3722} INFO - Setting next_dagrun for example_skip_dag to 2023-11-15T00:33:16.707107+00:00, run_after=2023-11-16T00:33:16.707107+00:00
[2023-11-16T00:33:16.720+0000] {processor.py:179} INFO - Processing /home/airflow/.local/lib/python3.8/site-packages/airflow/example_dags/example_skip_dag.py took 0.051 seconds
[2023-11-16T00:33:46.916+0000] {processor.py:157} INFO - Started process (PID=2916) to work on /home/airflow/.local/lib/python3.8/site-packages/airflow/example_dags/example_skip_dag.py
[2023-11-16T00:33:46.917+0000] {processor.py:829} INFO - Processing file /home/airflow/.local/lib/python3.8/site-packages/airflow/example_dags/example_skip_dag.py for tasks to queue
[2023-11-16T00:33:46.919+0000] {logging_mixin.py:154} INFO - [2023-11-16T00:33:46.919+0000] {dagbag.py:536} INFO - Filling up the DagBag from /home/airflow/.local/lib/python3.8/site-packages/airflow/example_dags/example_skip_dag.py
[2023-11-16T00:33:46.923+0000] {processor.py:839} INFO - DAG(s) dict_keys(['example_skip_dag']) retrieved from /home/airflow/.local/lib/python3.8/site-packages/airflow/example_dags/example_skip_dag.py
[2023-11-16T00:33:46.937+0000] {logging_mixin.py:154} INFO - [2023-11-16T00:33:46.937+0000] {dag.py:2941} INFO - Sync 1 DAGs
[2023-11-16T00:33:46.951+0000] {logging_mixin.py:154} INFO - [2023-11-16T00:33:46.951+0000] {dag.py:3722} INFO - Setting next_dagrun for example_skip_dag to 2023-11-15T00:33:46.951017+00:00, run_after=2023-11-16T00:33:46.951017+00:00
[2023-11-16T00:33:46.961+0000] {processor.py:179} INFO - Processing /home/airflow/.local/lib/python3.8/site-packages/airflow/example_dags/example_skip_dag.py took 0.047 seconds
[2023-11-16T00:34:17.095+0000] {processor.py:157} INFO - Started process (PID=2973) to work on /home/airflow/.local/lib/python3.8/site-packages/airflow/example_dags/example_skip_dag.py
[2023-11-16T00:34:17.096+0000] {processor.py:829} INFO - Processing file /home/airflow/.local/lib/python3.8/site-packages/airflow/example_dags/example_skip_dag.py for tasks to queue
[2023-11-16T00:34:17.098+0000] {logging_mixin.py:154} INFO - [2023-11-16T00:34:17.097+0000] {dagbag.py:536} INFO - Filling up the DagBag from /home/airflow/.local/lib/python3.8/site-packages/airflow/example_dags/example_skip_dag.py
[2023-11-16T00:34:17.102+0000] {processor.py:839} INFO - DAG(s) dict_keys(['example_skip_dag']) retrieved from /home/airflow/.local/lib/python3.8/site-packages/airflow/example_dags/example_skip_dag.py
[2023-11-16T00:34:17.118+0000] {logging_mixin.py:154} INFO - [2023-11-16T00:34:17.117+0000] {dag.py:2941} INFO - Sync 1 DAGs
[2023-11-16T00:34:17.132+0000] {logging_mixin.py:154} INFO - [2023-11-16T00:34:17.132+0000] {dag.py:3722} INFO - Setting next_dagrun for example_skip_dag to 2023-11-15T00:34:17.132520+00:00, run_after=2023-11-16T00:34:17.132520+00:00
[2023-11-16T00:34:17.145+0000] {processor.py:179} INFO - Processing /home/airflow/.local/lib/python3.8/site-packages/airflow/example_dags/example_skip_dag.py took 0.053 seconds
[2023-11-16T00:34:47.416+0000] {processor.py:157} INFO - Started process (PID=3030) to work on /home/airflow/.local/lib/python3.8/site-packages/airflow/example_dags/example_skip_dag.py
[2023-11-16T00:34:47.417+0000] {processor.py:829} INFO - Processing file /home/airflow/.local/lib/python3.8/site-packages/airflow/example_dags/example_skip_dag.py for tasks to queue
[2023-11-16T00:34:47.419+0000] {logging_mixin.py:154} INFO - [2023-11-16T00:34:47.419+0000] {dagbag.py:536} INFO - Filling up the DagBag from /home/airflow/.local/lib/python3.8/site-packages/airflow/example_dags/example_skip_dag.py
[2023-11-16T00:34:47.424+0000] {processor.py:839} INFO - DAG(s) dict_keys(['example_skip_dag']) retrieved from /home/airflow/.local/lib/python3.8/site-packages/airflow/example_dags/example_skip_dag.py
[2023-11-16T00:34:47.438+0000] {logging_mixin.py:154} INFO - [2023-11-16T00:34:47.438+0000] {dag.py:2941} INFO - Sync 1 DAGs
[2023-11-16T00:34:47.453+0000] {logging_mixin.py:154} INFO - [2023-11-16T00:34:47.452+0000] {dag.py:3722} INFO - Setting next_dagrun for example_skip_dag to 2023-11-15T00:34:47.452579+00:00, run_after=2023-11-16T00:34:47.452579+00:00
[2023-11-16T00:34:47.464+0000] {processor.py:179} INFO - Processing /home/airflow/.local/lib/python3.8/site-packages/airflow/example_dags/example_skip_dag.py took 0.050 seconds
[2023-11-16T00:35:17.570+0000] {processor.py:157} INFO - Started process (PID=3087) to work on /home/airflow/.local/lib/python3.8/site-packages/airflow/example_dags/example_skip_dag.py
[2023-11-16T00:35:17.571+0000] {processor.py:829} INFO - Processing file /home/airflow/.local/lib/python3.8/site-packages/airflow/example_dags/example_skip_dag.py for tasks to queue
[2023-11-16T00:35:17.572+0000] {logging_mixin.py:154} INFO - [2023-11-16T00:35:17.572+0000] {dagbag.py:536} INFO - Filling up the DagBag from /home/airflow/.local/lib/python3.8/site-packages/airflow/example_dags/example_skip_dag.py
[2023-11-16T00:35:17.577+0000] {processor.py:839} INFO - DAG(s) dict_keys(['example_skip_dag']) retrieved from /home/airflow/.local/lib/python3.8/site-packages/airflow/example_dags/example_skip_dag.py
[2023-11-16T00:35:17.593+0000] {logging_mixin.py:154} INFO - [2023-11-16T00:35:17.592+0000] {dag.py:2941} INFO - Sync 1 DAGs
[2023-11-16T00:35:17.608+0000] {logging_mixin.py:154} INFO - [2023-11-16T00:35:17.608+0000] {dag.py:3722} INFO - Setting next_dagrun for example_skip_dag to 2023-11-15T00:35:17.608577+00:00, run_after=2023-11-16T00:35:17.608577+00:00
[2023-11-16T00:35:17.620+0000] {processor.py:179} INFO - Processing /home/airflow/.local/lib/python3.8/site-packages/airflow/example_dags/example_skip_dag.py took 0.053 seconds
[2023-11-16T00:35:47.787+0000] {processor.py:157} INFO - Started process (PID=3144) to work on /home/airflow/.local/lib/python3.8/site-packages/airflow/example_dags/example_skip_dag.py
[2023-11-16T00:35:47.787+0000] {processor.py:829} INFO - Processing file /home/airflow/.local/lib/python3.8/site-packages/airflow/example_dags/example_skip_dag.py for tasks to queue
[2023-11-16T00:35:47.789+0000] {logging_mixin.py:154} INFO - [2023-11-16T00:35:47.789+0000] {dagbag.py:536} INFO - Filling up the DagBag from /home/airflow/.local/lib/python3.8/site-packages/airflow/example_dags/example_skip_dag.py
[2023-11-16T00:35:47.794+0000] {processor.py:839} INFO - DAG(s) dict_keys(['example_skip_dag']) retrieved from /home/airflow/.local/lib/python3.8/site-packages/airflow/example_dags/example_skip_dag.py
[2023-11-16T00:35:47.807+0000] {logging_mixin.py:154} INFO - [2023-11-16T00:35:47.807+0000] {dag.py:2941} INFO - Sync 1 DAGs
[2023-11-16T00:35:47.821+0000] {logging_mixin.py:154} INFO - [2023-11-16T00:35:47.820+0000] {dag.py:3722} INFO - Setting next_dagrun for example_skip_dag to 2023-11-15T00:35:47.820794+00:00, run_after=2023-11-16T00:35:47.820794+00:00
[2023-11-16T00:35:47.832+0000] {processor.py:179} INFO - Processing /home/airflow/.local/lib/python3.8/site-packages/airflow/example_dags/example_skip_dag.py took 0.048 seconds
[2023-11-16T00:36:17.970+0000] {processor.py:157} INFO - Started process (PID=3202) to work on /home/airflow/.local/lib/python3.8/site-packages/airflow/example_dags/example_skip_dag.py
[2023-11-16T00:36:17.971+0000] {processor.py:829} INFO - Processing file /home/airflow/.local/lib/python3.8/site-packages/airflow/example_dags/example_skip_dag.py for tasks to queue
[2023-11-16T00:36:17.973+0000] {logging_mixin.py:154} INFO - [2023-11-16T00:36:17.972+0000] {dagbag.py:536} INFO - Filling up the DagBag from /home/airflow/.local/lib/python3.8/site-packages/airflow/example_dags/example_skip_dag.py
[2023-11-16T00:36:17.977+0000] {processor.py:839} INFO - DAG(s) dict_keys(['example_skip_dag']) retrieved from /home/airflow/.local/lib/python3.8/site-packages/airflow/example_dags/example_skip_dag.py
[2023-11-16T00:36:17.992+0000] {logging_mixin.py:154} INFO - [2023-11-16T00:36:17.991+0000] {dag.py:2941} INFO - Sync 1 DAGs
[2023-11-16T00:36:18.005+0000] {logging_mixin.py:154} INFO - [2023-11-16T00:36:18.005+0000] {dag.py:3722} INFO - Setting next_dagrun for example_skip_dag to 2023-11-15T00:36:18.005201+00:00, run_after=2023-11-16T00:36:18.005201+00:00
[2023-11-16T00:36:18.017+0000] {processor.py:179} INFO - Processing /home/airflow/.local/lib/python3.8/site-packages/airflow/example_dags/example_skip_dag.py took 0.049 seconds
[2023-11-16T00:36:48.146+0000] {processor.py:157} INFO - Started process (PID=3259) to work on /home/airflow/.local/lib/python3.8/site-packages/airflow/example_dags/example_skip_dag.py
[2023-11-16T00:36:48.146+0000] {processor.py:829} INFO - Processing file /home/airflow/.local/lib/python3.8/site-packages/airflow/example_dags/example_skip_dag.py for tasks to queue
[2023-11-16T00:36:48.148+0000] {logging_mixin.py:154} INFO - [2023-11-16T00:36:48.148+0000] {dagbag.py:536} INFO - Filling up the DagBag from /home/airflow/.local/lib/python3.8/site-packages/airflow/example_dags/example_skip_dag.py
[2023-11-16T00:36:48.152+0000] {processor.py:839} INFO - DAG(s) dict_keys(['example_skip_dag']) retrieved from /home/airflow/.local/lib/python3.8/site-packages/airflow/example_dags/example_skip_dag.py
[2023-11-16T00:36:48.167+0000] {logging_mixin.py:154} INFO - [2023-11-16T00:36:48.167+0000] {dag.py:2941} INFO - Sync 1 DAGs
[2023-11-16T00:36:48.181+0000] {logging_mixin.py:154} INFO - [2023-11-16T00:36:48.181+0000] {dag.py:3722} INFO - Setting next_dagrun for example_skip_dag to 2023-11-15T00:36:48.181470+00:00, run_after=2023-11-16T00:36:48.181470+00:00
[2023-11-16T00:36:48.194+0000] {processor.py:179} INFO - Processing /home/airflow/.local/lib/python3.8/site-packages/airflow/example_dags/example_skip_dag.py took 0.050 seconds
[2023-11-16T00:37:18.362+0000] {processor.py:157} INFO - Started process (PID=3316) to work on /home/airflow/.local/lib/python3.8/site-packages/airflow/example_dags/example_skip_dag.py
[2023-11-16T00:37:18.363+0000] {processor.py:829} INFO - Processing file /home/airflow/.local/lib/python3.8/site-packages/airflow/example_dags/example_skip_dag.py for tasks to queue
[2023-11-16T00:37:18.364+0000] {logging_mixin.py:154} INFO - [2023-11-16T00:37:18.364+0000] {dagbag.py:536} INFO - Filling up the DagBag from /home/airflow/.local/lib/python3.8/site-packages/airflow/example_dags/example_skip_dag.py
[2023-11-16T00:37:18.369+0000] {processor.py:839} INFO - DAG(s) dict_keys(['example_skip_dag']) retrieved from /home/airflow/.local/lib/python3.8/site-packages/airflow/example_dags/example_skip_dag.py
[2023-11-16T00:37:18.384+0000] {logging_mixin.py:154} INFO - [2023-11-16T00:37:18.383+0000] {dag.py:2941} INFO - Sync 1 DAGs
[2023-11-16T00:37:18.399+0000] {logging_mixin.py:154} INFO - [2023-11-16T00:37:18.399+0000] {dag.py:3722} INFO - Setting next_dagrun for example_skip_dag to 2023-11-15T00:37:18.399031+00:00, run_after=2023-11-16T00:37:18.399031+00:00
[2023-11-16T00:37:18.412+0000] {processor.py:179} INFO - Processing /home/airflow/.local/lib/python3.8/site-packages/airflow/example_dags/example_skip_dag.py took 0.052 seconds
[2023-11-16T00:37:48.534+0000] {processor.py:157} INFO - Started process (PID=3373) to work on /home/airflow/.local/lib/python3.8/site-packages/airflow/example_dags/example_skip_dag.py
[2023-11-16T00:37:48.535+0000] {processor.py:829} INFO - Processing file /home/airflow/.local/lib/python3.8/site-packages/airflow/example_dags/example_skip_dag.py for tasks to queue
[2023-11-16T00:37:48.536+0000] {logging_mixin.py:154} INFO - [2023-11-16T00:37:48.536+0000] {dagbag.py:536} INFO - Filling up the DagBag from /home/airflow/.local/lib/python3.8/site-packages/airflow/example_dags/example_skip_dag.py
[2023-11-16T00:37:48.541+0000] {processor.py:839} INFO - DAG(s) dict_keys(['example_skip_dag']) retrieved from /home/airflow/.local/lib/python3.8/site-packages/airflow/example_dags/example_skip_dag.py
[2023-11-16T00:37:48.556+0000] {logging_mixin.py:154} INFO - [2023-11-16T00:37:48.556+0000] {dag.py:2941} INFO - Sync 1 DAGs
[2023-11-16T00:37:48.571+0000] {logging_mixin.py:154} INFO - [2023-11-16T00:37:48.571+0000] {dag.py:3722} INFO - Setting next_dagrun for example_skip_dag to 2023-11-15T00:37:48.570916+00:00, run_after=2023-11-16T00:37:48.570916+00:00
[2023-11-16T00:37:48.583+0000] {processor.py:179} INFO - Processing /home/airflow/.local/lib/python3.8/site-packages/airflow/example_dags/example_skip_dag.py took 0.051 seconds
[2023-11-16T00:38:18.745+0000] {processor.py:157} INFO - Started process (PID=3429) to work on /home/airflow/.local/lib/python3.8/site-packages/airflow/example_dags/example_skip_dag.py
[2023-11-16T00:38:18.746+0000] {processor.py:829} INFO - Processing file /home/airflow/.local/lib/python3.8/site-packages/airflow/example_dags/example_skip_dag.py for tasks to queue
[2023-11-16T00:38:18.748+0000] {logging_mixin.py:154} INFO - [2023-11-16T00:38:18.748+0000] {dagbag.py:536} INFO - Filling up the DagBag from /home/airflow/.local/lib/python3.8/site-packages/airflow/example_dags/example_skip_dag.py
[2023-11-16T00:38:18.752+0000] {processor.py:839} INFO - DAG(s) dict_keys(['example_skip_dag']) retrieved from /home/airflow/.local/lib/python3.8/site-packages/airflow/example_dags/example_skip_dag.py
[2023-11-16T00:38:18.767+0000] {logging_mixin.py:154} INFO - [2023-11-16T00:38:18.766+0000] {dag.py:2941} INFO - Sync 1 DAGs
[2023-11-16T00:38:18.780+0000] {logging_mixin.py:154} INFO - [2023-11-16T00:38:18.780+0000] {dag.py:3722} INFO - Setting next_dagrun for example_skip_dag to 2023-11-15T00:38:18.780302+00:00, run_after=2023-11-16T00:38:18.780302+00:00
[2023-11-16T00:38:18.792+0000] {processor.py:179} INFO - Processing /home/airflow/.local/lib/python3.8/site-packages/airflow/example_dags/example_skip_dag.py took 0.048 seconds
[2023-11-16T00:38:49.138+0000] {processor.py:157} INFO - Started process (PID=3486) to work on /home/airflow/.local/lib/python3.8/site-packages/airflow/example_dags/example_skip_dag.py
[2023-11-16T00:38:49.139+0000] {processor.py:829} INFO - Processing file /home/airflow/.local/lib/python3.8/site-packages/airflow/example_dags/example_skip_dag.py for tasks to queue
[2023-11-16T00:38:49.140+0000] {logging_mixin.py:154} INFO - [2023-11-16T00:38:49.140+0000] {dagbag.py:536} INFO - Filling up the DagBag from /home/airflow/.local/lib/python3.8/site-packages/airflow/example_dags/example_skip_dag.py
[2023-11-16T00:38:49.145+0000] {processor.py:839} INFO - DAG(s) dict_keys(['example_skip_dag']) retrieved from /home/airflow/.local/lib/python3.8/site-packages/airflow/example_dags/example_skip_dag.py
[2023-11-16T00:38:49.160+0000] {logging_mixin.py:154} INFO - [2023-11-16T00:38:49.159+0000] {dag.py:2941} INFO - Sync 1 DAGs
[2023-11-16T00:38:49.174+0000] {logging_mixin.py:154} INFO - [2023-11-16T00:38:49.174+0000] {dag.py:3722} INFO - Setting next_dagrun for example_skip_dag to 2023-11-15T00:38:49.174183+00:00, run_after=2023-11-16T00:38:49.174183+00:00
[2023-11-16T00:38:49.186+0000] {processor.py:179} INFO - Processing /home/airflow/.local/lib/python3.8/site-packages/airflow/example_dags/example_skip_dag.py took 0.050 seconds
[2023-11-16T00:39:19.312+0000] {processor.py:157} INFO - Started process (PID=3544) to work on /home/airflow/.local/lib/python3.8/site-packages/airflow/example_dags/example_skip_dag.py
[2023-11-16T00:39:19.313+0000] {processor.py:829} INFO - Processing file /home/airflow/.local/lib/python3.8/site-packages/airflow/example_dags/example_skip_dag.py for tasks to queue
[2023-11-16T00:39:19.314+0000] {logging_mixin.py:154} INFO - [2023-11-16T00:39:19.314+0000] {dagbag.py:536} INFO - Filling up the DagBag from /home/airflow/.local/lib/python3.8/site-packages/airflow/example_dags/example_skip_dag.py
[2023-11-16T00:39:19.319+0000] {processor.py:839} INFO - DAG(s) dict_keys(['example_skip_dag']) retrieved from /home/airflow/.local/lib/python3.8/site-packages/airflow/example_dags/example_skip_dag.py
[2023-11-16T00:39:19.334+0000] {logging_mixin.py:154} INFO - [2023-11-16T00:39:19.333+0000] {dag.py:2941} INFO - Sync 1 DAGs
[2023-11-16T00:39:19.348+0000] {logging_mixin.py:154} INFO - [2023-11-16T00:39:19.348+0000] {dag.py:3722} INFO - Setting next_dagrun for example_skip_dag to 2023-11-15T00:39:19.347859+00:00, run_after=2023-11-16T00:39:19.347859+00:00
[2023-11-16T00:39:19.359+0000] {processor.py:179} INFO - Processing /home/airflow/.local/lib/python3.8/site-packages/airflow/example_dags/example_skip_dag.py took 0.050 seconds
[2023-11-16T00:39:49.615+0000] {processor.py:157} INFO - Started process (PID=3601) to work on /home/airflow/.local/lib/python3.8/site-packages/airflow/example_dags/example_skip_dag.py
[2023-11-16T00:39:49.616+0000] {processor.py:829} INFO - Processing file /home/airflow/.local/lib/python3.8/site-packages/airflow/example_dags/example_skip_dag.py for tasks to queue
[2023-11-16T00:39:49.617+0000] {logging_mixin.py:154} INFO - [2023-11-16T00:39:49.617+0000] {dagbag.py:536} INFO - Filling up the DagBag from /home/airflow/.local/lib/python3.8/site-packages/airflow/example_dags/example_skip_dag.py
[2023-11-16T00:39:49.622+0000] {processor.py:839} INFO - DAG(s) dict_keys(['example_skip_dag']) retrieved from /home/airflow/.local/lib/python3.8/site-packages/airflow/example_dags/example_skip_dag.py
[2023-11-16T00:39:49.637+0000] {logging_mixin.py:154} INFO - [2023-11-16T00:39:49.637+0000] {dag.py:2941} INFO - Sync 1 DAGs
[2023-11-16T00:39:49.652+0000] {logging_mixin.py:154} INFO - [2023-11-16T00:39:49.651+0000] {dag.py:3722} INFO - Setting next_dagrun for example_skip_dag to 2023-11-15T00:39:49.651736+00:00, run_after=2023-11-16T00:39:49.651736+00:00
[2023-11-16T00:39:49.665+0000] {processor.py:179} INFO - Processing /home/airflow/.local/lib/python3.8/site-packages/airflow/example_dags/example_skip_dag.py took 0.052 seconds
[2023-11-16T00:40:19.812+0000] {processor.py:157} INFO - Started process (PID=3658) to work on /home/airflow/.local/lib/python3.8/site-packages/airflow/example_dags/example_skip_dag.py
[2023-11-16T00:40:19.812+0000] {processor.py:829} INFO - Processing file /home/airflow/.local/lib/python3.8/site-packages/airflow/example_dags/example_skip_dag.py for tasks to queue
[2023-11-16T00:40:19.814+0000] {logging_mixin.py:154} INFO - [2023-11-16T00:40:19.814+0000] {dagbag.py:536} INFO - Filling up the DagBag from /home/airflow/.local/lib/python3.8/site-packages/airflow/example_dags/example_skip_dag.py
[2023-11-16T00:40:19.818+0000] {processor.py:839} INFO - DAG(s) dict_keys(['example_skip_dag']) retrieved from /home/airflow/.local/lib/python3.8/site-packages/airflow/example_dags/example_skip_dag.py
[2023-11-16T00:40:19.832+0000] {logging_mixin.py:154} INFO - [2023-11-16T00:40:19.832+0000] {dag.py:2941} INFO - Sync 1 DAGs
[2023-11-16T00:40:19.847+0000] {logging_mixin.py:154} INFO - [2023-11-16T00:40:19.846+0000] {dag.py:3722} INFO - Setting next_dagrun for example_skip_dag to 2023-11-15T00:40:19.846683+00:00, run_after=2023-11-16T00:40:19.846683+00:00
[2023-11-16T00:40:19.860+0000] {processor.py:179} INFO - Processing /home/airflow/.local/lib/python3.8/site-packages/airflow/example_dags/example_skip_dag.py took 0.051 seconds
[2023-11-16T00:40:49.939+0000] {processor.py:157} INFO - Started process (PID=3716) to work on /home/airflow/.local/lib/python3.8/site-packages/airflow/example_dags/example_skip_dag.py
[2023-11-16T00:40:49.940+0000] {processor.py:829} INFO - Processing file /home/airflow/.local/lib/python3.8/site-packages/airflow/example_dags/example_skip_dag.py for tasks to queue
[2023-11-16T00:40:49.942+0000] {logging_mixin.py:154} INFO - [2023-11-16T00:40:49.941+0000] {dagbag.py:536} INFO - Filling up the DagBag from /home/airflow/.local/lib/python3.8/site-packages/airflow/example_dags/example_skip_dag.py
[2023-11-16T00:40:49.946+0000] {processor.py:839} INFO - DAG(s) dict_keys(['example_skip_dag']) retrieved from /home/airflow/.local/lib/python3.8/site-packages/airflow/example_dags/example_skip_dag.py
[2023-11-16T00:40:49.961+0000] {logging_mixin.py:154} INFO - [2023-11-16T00:40:49.961+0000] {dag.py:2941} INFO - Sync 1 DAGs
[2023-11-16T00:40:49.975+0000] {logging_mixin.py:154} INFO - [2023-11-16T00:40:49.975+0000] {dag.py:3722} INFO - Setting next_dagrun for example_skip_dag to 2023-11-15T00:40:49.975332+00:00, run_after=2023-11-16T00:40:49.975332+00:00
[2023-11-16T00:40:49.987+0000] {processor.py:179} INFO - Processing /home/airflow/.local/lib/python3.8/site-packages/airflow/example_dags/example_skip_dag.py took 0.050 seconds
[2023-11-16T00:41:20.068+0000] {processor.py:157} INFO - Started process (PID=3773) to work on /home/airflow/.local/lib/python3.8/site-packages/airflow/example_dags/example_skip_dag.py
[2023-11-16T00:41:20.069+0000] {processor.py:829} INFO - Processing file /home/airflow/.local/lib/python3.8/site-packages/airflow/example_dags/example_skip_dag.py for tasks to queue
[2023-11-16T00:41:20.071+0000] {logging_mixin.py:154} INFO - [2023-11-16T00:41:20.071+0000] {dagbag.py:536} INFO - Filling up the DagBag from /home/airflow/.local/lib/python3.8/site-packages/airflow/example_dags/example_skip_dag.py
[2023-11-16T00:41:20.075+0000] {processor.py:839} INFO - DAG(s) dict_keys(['example_skip_dag']) retrieved from /home/airflow/.local/lib/python3.8/site-packages/airflow/example_dags/example_skip_dag.py
[2023-11-16T00:41:20.092+0000] {logging_mixin.py:154} INFO - [2023-11-16T00:41:20.092+0000] {dag.py:2941} INFO - Sync 1 DAGs
[2023-11-16T00:41:20.107+0000] {logging_mixin.py:154} INFO - [2023-11-16T00:41:20.107+0000] {dag.py:3722} INFO - Setting next_dagrun for example_skip_dag to 2023-11-15T00:41:20.106904+00:00, run_after=2023-11-16T00:41:20.106904+00:00
[2023-11-16T00:41:20.119+0000] {processor.py:179} INFO - Processing /home/airflow/.local/lib/python3.8/site-packages/airflow/example_dags/example_skip_dag.py took 0.053 seconds
[2023-11-16T00:41:50.148+0000] {processor.py:157} INFO - Started process (PID=3829) to work on /home/airflow/.local/lib/python3.8/site-packages/airflow/example_dags/example_skip_dag.py
[2023-11-16T00:41:50.149+0000] {processor.py:829} INFO - Processing file /home/airflow/.local/lib/python3.8/site-packages/airflow/example_dags/example_skip_dag.py for tasks to queue
[2023-11-16T00:41:50.150+0000] {logging_mixin.py:154} INFO - [2023-11-16T00:41:50.150+0000] {dagbag.py:536} INFO - Filling up the DagBag from /home/airflow/.local/lib/python3.8/site-packages/airflow/example_dags/example_skip_dag.py
[2023-11-16T00:41:50.155+0000] {processor.py:839} INFO - DAG(s) dict_keys(['example_skip_dag']) retrieved from /home/airflow/.local/lib/python3.8/site-packages/airflow/example_dags/example_skip_dag.py
[2023-11-16T00:41:50.169+0000] {logging_mixin.py:154} INFO - [2023-11-16T00:41:50.169+0000] {dag.py:2941} INFO - Sync 1 DAGs
[2023-11-16T00:41:50.185+0000] {logging_mixin.py:154} INFO - [2023-11-16T00:41:50.185+0000] {dag.py:3722} INFO - Setting next_dagrun for example_skip_dag to 2023-11-15T00:41:50.184971+00:00, run_after=2023-11-16T00:41:50.184971+00:00
[2023-11-16T00:41:50.198+0000] {processor.py:179} INFO - Processing /home/airflow/.local/lib/python3.8/site-packages/airflow/example_dags/example_skip_dag.py took 0.052 seconds
[2023-11-16T00:42:20.459+0000] {processor.py:157} INFO - Started process (PID=3887) to work on /home/airflow/.local/lib/python3.8/site-packages/airflow/example_dags/example_skip_dag.py
[2023-11-16T00:42:20.460+0000] {processor.py:829} INFO - Processing file /home/airflow/.local/lib/python3.8/site-packages/airflow/example_dags/example_skip_dag.py for tasks to queue
[2023-11-16T00:42:20.462+0000] {logging_mixin.py:154} INFO - [2023-11-16T00:42:20.461+0000] {dagbag.py:536} INFO - Filling up the DagBag from /home/airflow/.local/lib/python3.8/site-packages/airflow/example_dags/example_skip_dag.py
[2023-11-16T00:42:20.466+0000] {processor.py:839} INFO - DAG(s) dict_keys(['example_skip_dag']) retrieved from /home/airflow/.local/lib/python3.8/site-packages/airflow/example_dags/example_skip_dag.py
[2023-11-16T00:42:20.481+0000] {logging_mixin.py:154} INFO - [2023-11-16T00:42:20.481+0000] {dag.py:2941} INFO - Sync 1 DAGs
[2023-11-16T00:42:20.495+0000] {logging_mixin.py:154} INFO - [2023-11-16T00:42:20.495+0000] {dag.py:3722} INFO - Setting next_dagrun for example_skip_dag to 2023-11-15T00:42:20.495584+00:00, run_after=2023-11-16T00:42:20.495584+00:00
[2023-11-16T00:42:20.507+0000] {processor.py:179} INFO - Processing /home/airflow/.local/lib/python3.8/site-packages/airflow/example_dags/example_skip_dag.py took 0.050 seconds
[2023-11-16T00:42:50.641+0000] {processor.py:157} INFO - Started process (PID=3944) to work on /home/airflow/.local/lib/python3.8/site-packages/airflow/example_dags/example_skip_dag.py
[2023-11-16T00:42:50.642+0000] {processor.py:829} INFO - Processing file /home/airflow/.local/lib/python3.8/site-packages/airflow/example_dags/example_skip_dag.py for tasks to queue
[2023-11-16T00:42:50.643+0000] {logging_mixin.py:154} INFO - [2023-11-16T00:42:50.643+0000] {dagbag.py:536} INFO - Filling up the DagBag from /home/airflow/.local/lib/python3.8/site-packages/airflow/example_dags/example_skip_dag.py
[2023-11-16T00:42:50.648+0000] {processor.py:839} INFO - DAG(s) dict_keys(['example_skip_dag']) retrieved from /home/airflow/.local/lib/python3.8/site-packages/airflow/example_dags/example_skip_dag.py
[2023-11-16T00:42:50.662+0000] {logging_mixin.py:154} INFO - [2023-11-16T00:42:50.662+0000] {dag.py:2941} INFO - Sync 1 DAGs
[2023-11-16T00:42:50.677+0000] {logging_mixin.py:154} INFO - [2023-11-16T00:42:50.677+0000] {dag.py:3722} INFO - Setting next_dagrun for example_skip_dag to 2023-11-15T00:42:50.676978+00:00, run_after=2023-11-16T00:42:50.676978+00:00
[2023-11-16T00:42:50.688+0000] {processor.py:179} INFO - Processing /home/airflow/.local/lib/python3.8/site-packages/airflow/example_dags/example_skip_dag.py took 0.050 seconds
[2023-11-16T00:43:21.027+0000] {processor.py:157} INFO - Started process (PID=4001) to work on /home/airflow/.local/lib/python3.8/site-packages/airflow/example_dags/example_skip_dag.py
[2023-11-16T00:43:21.028+0000] {processor.py:829} INFO - Processing file /home/airflow/.local/lib/python3.8/site-packages/airflow/example_dags/example_skip_dag.py for tasks to queue
[2023-11-16T00:43:21.030+0000] {logging_mixin.py:154} INFO - [2023-11-16T00:43:21.030+0000] {dagbag.py:536} INFO - Filling up the DagBag from /home/airflow/.local/lib/python3.8/site-packages/airflow/example_dags/example_skip_dag.py
[2023-11-16T00:43:21.034+0000] {processor.py:839} INFO - DAG(s) dict_keys(['example_skip_dag']) retrieved from /home/airflow/.local/lib/python3.8/site-packages/airflow/example_dags/example_skip_dag.py
[2023-11-16T00:43:21.048+0000] {logging_mixin.py:154} INFO - [2023-11-16T00:43:21.048+0000] {dag.py:2941} INFO - Sync 1 DAGs
[2023-11-16T00:43:21.065+0000] {logging_mixin.py:154} INFO - [2023-11-16T00:43:21.065+0000] {dag.py:3722} INFO - Setting next_dagrun for example_skip_dag to 2023-11-15T00:43:21.065477+00:00, run_after=2023-11-16T00:43:21.065477+00:00
[2023-11-16T00:43:21.089+0000] {processor.py:179} INFO - Processing /home/airflow/.local/lib/python3.8/site-packages/airflow/example_dags/example_skip_dag.py took 0.064 seconds
[2023-11-16T00:43:51.165+0000] {processor.py:157} INFO - Started process (PID=4058) to work on /home/airflow/.local/lib/python3.8/site-packages/airflow/example_dags/example_skip_dag.py
[2023-11-16T00:43:51.166+0000] {processor.py:829} INFO - Processing file /home/airflow/.local/lib/python3.8/site-packages/airflow/example_dags/example_skip_dag.py for tasks to queue
[2023-11-16T00:43:51.167+0000] {logging_mixin.py:154} INFO - [2023-11-16T00:43:51.167+0000] {dagbag.py:536} INFO - Filling up the DagBag from /home/airflow/.local/lib/python3.8/site-packages/airflow/example_dags/example_skip_dag.py
[2023-11-16T00:43:51.172+0000] {processor.py:839} INFO - DAG(s) dict_keys(['example_skip_dag']) retrieved from /home/airflow/.local/lib/python3.8/site-packages/airflow/example_dags/example_skip_dag.py
[2023-11-16T00:43:51.187+0000] {logging_mixin.py:154} INFO - [2023-11-16T00:43:51.187+0000] {dag.py:2941} INFO - Sync 1 DAGs
[2023-11-16T00:43:51.203+0000] {logging_mixin.py:154} INFO - [2023-11-16T00:43:51.203+0000] {dag.py:3722} INFO - Setting next_dagrun for example_skip_dag to 2023-11-15T00:43:51.202907+00:00, run_after=2023-11-16T00:43:51.202907+00:00
[2023-11-16T00:43:51.216+0000] {processor.py:179} INFO - Processing /home/airflow/.local/lib/python3.8/site-packages/airflow/example_dags/example_skip_dag.py took 0.054 seconds
