[2023-11-16T00:06:23.093+0000] {processor.py:157} INFO - Started process (PID=67) to work on /home/airflow/.local/lib/python3.8/site-packages/airflow/example_dags/example_setup_teardown.py
[2023-11-16T00:06:23.094+0000] {processor.py:829} INFO - Processing file /home/airflow/.local/lib/python3.8/site-packages/airflow/example_dags/example_setup_teardown.py for tasks to queue
[2023-11-16T00:06:23.096+0000] {logging_mixin.py:154} INFO - [2023-11-16T00:06:23.096+0000] {dagbag.py:536} INFO - Filling up the DagBag from /home/airflow/.local/lib/python3.8/site-packages/airflow/example_dags/example_setup_teardown.py
[2023-11-16T00:06:23.102+0000] {processor.py:839} INFO - DAG(s) dict_keys(['example_setup_teardown']) retrieved from /home/airflow/.local/lib/python3.8/site-packages/airflow/example_dags/example_setup_teardown.py
[2023-11-16T00:06:23.112+0000] {logging_mixin.py:154} INFO - [2023-11-16T00:06:23.112+0000] {dag.py:2941} INFO - Sync 1 DAGs
[2023-11-16T00:06:23.128+0000] {logging_mixin.py:154} INFO - [2023-11-16T00:06:23.128+0000] {dag.py:3722} INFO - Setting next_dagrun for example_setup_teardown to 2023-11-15T00:06:23.127958+00:00, run_after=2023-11-16T00:06:23.127958+00:00
[2023-11-16T00:06:23.140+0000] {processor.py:179} INFO - Processing /home/airflow/.local/lib/python3.8/site-packages/airflow/example_dags/example_setup_teardown.py took 0.049 seconds
[2023-11-16T00:08:29.677+0000] {processor.py:157} INFO - Started process (PID=70) to work on /home/airflow/.local/lib/python3.8/site-packages/airflow/example_dags/example_setup_teardown.py
[2023-11-16T00:08:29.678+0000] {processor.py:829} INFO - Processing file /home/airflow/.local/lib/python3.8/site-packages/airflow/example_dags/example_setup_teardown.py for tasks to queue
[2023-11-16T00:08:29.680+0000] {logging_mixin.py:154} INFO - [2023-11-16T00:08:29.680+0000] {dagbag.py:536} INFO - Filling up the DagBag from /home/airflow/.local/lib/python3.8/site-packages/airflow/example_dags/example_setup_teardown.py
[2023-11-16T00:08:29.688+0000] {processor.py:839} INFO - DAG(s) dict_keys(['example_setup_teardown']) retrieved from /home/airflow/.local/lib/python3.8/site-packages/airflow/example_dags/example_setup_teardown.py
[2023-11-16T00:08:29.697+0000] {logging_mixin.py:154} INFO - [2023-11-16T00:08:29.697+0000] {dag.py:2941} INFO - Sync 1 DAGs
[2023-11-16T00:08:29.713+0000] {logging_mixin.py:154} INFO - [2023-11-16T00:08:29.712+0000] {dag.py:3722} INFO - Setting next_dagrun for example_setup_teardown to 2023-11-15T00:08:29.712714+00:00, run_after=2023-11-16T00:08:29.712714+00:00
[2023-11-16T00:08:29.727+0000] {processor.py:179} INFO - Processing /home/airflow/.local/lib/python3.8/site-packages/airflow/example_dags/example_setup_teardown.py took 0.053 seconds
[2023-11-16T00:09:00.772+0000] {processor.py:157} INFO - Started process (PID=128) to work on /home/airflow/.local/lib/python3.8/site-packages/airflow/example_dags/example_setup_teardown.py
[2023-11-16T00:09:00.772+0000] {processor.py:829} INFO - Processing file /home/airflow/.local/lib/python3.8/site-packages/airflow/example_dags/example_setup_teardown.py for tasks to queue
[2023-11-16T00:09:00.774+0000] {logging_mixin.py:154} INFO - [2023-11-16T00:09:00.774+0000] {dagbag.py:536} INFO - Filling up the DagBag from /home/airflow/.local/lib/python3.8/site-packages/airflow/example_dags/example_setup_teardown.py
[2023-11-16T00:09:00.778+0000] {processor.py:839} INFO - DAG(s) dict_keys(['example_setup_teardown']) retrieved from /home/airflow/.local/lib/python3.8/site-packages/airflow/example_dags/example_setup_teardown.py
[2023-11-16T00:09:00.791+0000] {logging_mixin.py:154} INFO - [2023-11-16T00:09:00.791+0000] {dag.py:2941} INFO - Sync 1 DAGs
[2023-11-16T00:09:00.805+0000] {logging_mixin.py:154} INFO - [2023-11-16T00:09:00.805+0000] {dag.py:3722} INFO - Setting next_dagrun for example_setup_teardown to 2023-11-15T00:09:00.805246+00:00, run_after=2023-11-16T00:09:00.805246+00:00
[2023-11-16T00:09:00.817+0000] {processor.py:179} INFO - Processing /home/airflow/.local/lib/python3.8/site-packages/airflow/example_dags/example_setup_teardown.py took 0.048 seconds
[2023-11-16T00:09:31.149+0000] {processor.py:157} INFO - Started process (PID=185) to work on /home/airflow/.local/lib/python3.8/site-packages/airflow/example_dags/example_setup_teardown.py
[2023-11-16T00:09:31.149+0000] {processor.py:829} INFO - Processing file /home/airflow/.local/lib/python3.8/site-packages/airflow/example_dags/example_setup_teardown.py for tasks to queue
[2023-11-16T00:09:31.151+0000] {logging_mixin.py:154} INFO - [2023-11-16T00:09:31.151+0000] {dagbag.py:536} INFO - Filling up the DagBag from /home/airflow/.local/lib/python3.8/site-packages/airflow/example_dags/example_setup_teardown.py
[2023-11-16T00:09:31.156+0000] {processor.py:839} INFO - DAG(s) dict_keys(['example_setup_teardown']) retrieved from /home/airflow/.local/lib/python3.8/site-packages/airflow/example_dags/example_setup_teardown.py
[2023-11-16T00:09:31.170+0000] {logging_mixin.py:154} INFO - [2023-11-16T00:09:31.170+0000] {dag.py:2941} INFO - Sync 1 DAGs
[2023-11-16T00:09:31.184+0000] {logging_mixin.py:154} INFO - [2023-11-16T00:09:31.184+0000] {dag.py:3722} INFO - Setting next_dagrun for example_setup_teardown to 2023-11-15T00:09:31.184112+00:00, run_after=2023-11-16T00:09:31.184112+00:00
[2023-11-16T00:09:31.197+0000] {processor.py:179} INFO - Processing /home/airflow/.local/lib/python3.8/site-packages/airflow/example_dags/example_setup_teardown.py took 0.051 seconds
[2023-11-16T00:10:01.363+0000] {processor.py:157} INFO - Started process (PID=242) to work on /home/airflow/.local/lib/python3.8/site-packages/airflow/example_dags/example_setup_teardown.py
[2023-11-16T00:10:01.364+0000] {processor.py:829} INFO - Processing file /home/airflow/.local/lib/python3.8/site-packages/airflow/example_dags/example_setup_teardown.py for tasks to queue
[2023-11-16T00:10:01.366+0000] {logging_mixin.py:154} INFO - [2023-11-16T00:10:01.365+0000] {dagbag.py:536} INFO - Filling up the DagBag from /home/airflow/.local/lib/python3.8/site-packages/airflow/example_dags/example_setup_teardown.py
[2023-11-16T00:10:01.370+0000] {processor.py:839} INFO - DAG(s) dict_keys(['example_setup_teardown']) retrieved from /home/airflow/.local/lib/python3.8/site-packages/airflow/example_dags/example_setup_teardown.py
[2023-11-16T00:10:01.384+0000] {logging_mixin.py:154} INFO - [2023-11-16T00:10:01.384+0000] {dag.py:2941} INFO - Sync 1 DAGs
[2023-11-16T00:10:01.398+0000] {logging_mixin.py:154} INFO - [2023-11-16T00:10:01.397+0000] {dag.py:3722} INFO - Setting next_dagrun for example_setup_teardown to 2023-11-15T00:10:01.397806+00:00, run_after=2023-11-16T00:10:01.397806+00:00
[2023-11-16T00:10:01.410+0000] {processor.py:179} INFO - Processing /home/airflow/.local/lib/python3.8/site-packages/airflow/example_dags/example_setup_teardown.py took 0.049 seconds
[2023-11-16T00:10:32.250+0000] {processor.py:157} INFO - Started process (PID=299) to work on /home/airflow/.local/lib/python3.8/site-packages/airflow/example_dags/example_setup_teardown.py
[2023-11-16T00:10:32.251+0000] {processor.py:829} INFO - Processing file /home/airflow/.local/lib/python3.8/site-packages/airflow/example_dags/example_setup_teardown.py for tasks to queue
[2023-11-16T00:10:32.253+0000] {logging_mixin.py:154} INFO - [2023-11-16T00:10:32.252+0000] {dagbag.py:536} INFO - Filling up the DagBag from /home/airflow/.local/lib/python3.8/site-packages/airflow/example_dags/example_setup_teardown.py
[2023-11-16T00:10:32.257+0000] {processor.py:839} INFO - DAG(s) dict_keys(['example_setup_teardown']) retrieved from /home/airflow/.local/lib/python3.8/site-packages/airflow/example_dags/example_setup_teardown.py
[2023-11-16T00:10:32.270+0000] {logging_mixin.py:154} INFO - [2023-11-16T00:10:32.270+0000] {dag.py:2941} INFO - Sync 1 DAGs
[2023-11-16T00:10:32.288+0000] {logging_mixin.py:154} INFO - [2023-11-16T00:10:32.288+0000] {dag.py:3722} INFO - Setting next_dagrun for example_setup_teardown to 2023-11-15T00:10:32.288503+00:00, run_after=2023-11-16T00:10:32.288503+00:00
[2023-11-16T00:10:32.301+0000] {processor.py:179} INFO - Processing /home/airflow/.local/lib/python3.8/site-packages/airflow/example_dags/example_setup_teardown.py took 0.053 seconds
[2023-11-16T00:11:02.578+0000] {processor.py:157} INFO - Started process (PID=356) to work on /home/airflow/.local/lib/python3.8/site-packages/airflow/example_dags/example_setup_teardown.py
[2023-11-16T00:11:02.579+0000] {processor.py:829} INFO - Processing file /home/airflow/.local/lib/python3.8/site-packages/airflow/example_dags/example_setup_teardown.py for tasks to queue
[2023-11-16T00:11:02.580+0000] {logging_mixin.py:154} INFO - [2023-11-16T00:11:02.580+0000] {dagbag.py:536} INFO - Filling up the DagBag from /home/airflow/.local/lib/python3.8/site-packages/airflow/example_dags/example_setup_teardown.py
[2023-11-16T00:11:02.585+0000] {processor.py:839} INFO - DAG(s) dict_keys(['example_setup_teardown']) retrieved from /home/airflow/.local/lib/python3.8/site-packages/airflow/example_dags/example_setup_teardown.py
[2023-11-16T00:11:02.599+0000] {logging_mixin.py:154} INFO - [2023-11-16T00:11:02.598+0000] {dag.py:2941} INFO - Sync 1 DAGs
[2023-11-16T00:11:02.613+0000] {logging_mixin.py:154} INFO - [2023-11-16T00:11:02.612+0000] {dag.py:3722} INFO - Setting next_dagrun for example_setup_teardown to 2023-11-15T00:11:02.612805+00:00, run_after=2023-11-16T00:11:02.612805+00:00
[2023-11-16T00:11:02.625+0000] {processor.py:179} INFO - Processing /home/airflow/.local/lib/python3.8/site-packages/airflow/example_dags/example_setup_teardown.py took 0.049 seconds
[2023-11-16T00:11:33.684+0000] {processor.py:157} INFO - Started process (PID=413) to work on /home/airflow/.local/lib/python3.8/site-packages/airflow/example_dags/example_setup_teardown.py
[2023-11-16T00:11:33.685+0000] {processor.py:829} INFO - Processing file /home/airflow/.local/lib/python3.8/site-packages/airflow/example_dags/example_setup_teardown.py for tasks to queue
[2023-11-16T00:11:33.687+0000] {logging_mixin.py:154} INFO - [2023-11-16T00:11:33.686+0000] {dagbag.py:536} INFO - Filling up the DagBag from /home/airflow/.local/lib/python3.8/site-packages/airflow/example_dags/example_setup_teardown.py
[2023-11-16T00:11:33.692+0000] {processor.py:839} INFO - DAG(s) dict_keys(['example_setup_teardown']) retrieved from /home/airflow/.local/lib/python3.8/site-packages/airflow/example_dags/example_setup_teardown.py
[2023-11-16T00:11:33.705+0000] {logging_mixin.py:154} INFO - [2023-11-16T00:11:33.705+0000] {dag.py:2941} INFO - Sync 1 DAGs
[2023-11-16T00:11:33.720+0000] {logging_mixin.py:154} INFO - [2023-11-16T00:11:33.720+0000] {dag.py:3722} INFO - Setting next_dagrun for example_setup_teardown to 2023-11-15T00:11:33.720071+00:00, run_after=2023-11-16T00:11:33.720071+00:00
[2023-11-16T00:11:33.733+0000] {processor.py:179} INFO - Processing /home/airflow/.local/lib/python3.8/site-packages/airflow/example_dags/example_setup_teardown.py took 0.052 seconds
[2023-11-16T00:12:04.719+0000] {processor.py:157} INFO - Started process (PID=470) to work on /home/airflow/.local/lib/python3.8/site-packages/airflow/example_dags/example_setup_teardown.py
[2023-11-16T00:12:04.720+0000] {processor.py:829} INFO - Processing file /home/airflow/.local/lib/python3.8/site-packages/airflow/example_dags/example_setup_teardown.py for tasks to queue
[2023-11-16T00:12:04.721+0000] {logging_mixin.py:154} INFO - [2023-11-16T00:12:04.721+0000] {dagbag.py:536} INFO - Filling up the DagBag from /home/airflow/.local/lib/python3.8/site-packages/airflow/example_dags/example_setup_teardown.py
[2023-11-16T00:12:04.728+0000] {processor.py:839} INFO - DAG(s) dict_keys(['example_setup_teardown']) retrieved from /home/airflow/.local/lib/python3.8/site-packages/airflow/example_dags/example_setup_teardown.py
[2023-11-16T00:12:04.742+0000] {logging_mixin.py:154} INFO - [2023-11-16T00:12:04.742+0000] {dag.py:2941} INFO - Sync 1 DAGs
[2023-11-16T00:12:04.756+0000] {logging_mixin.py:154} INFO - [2023-11-16T00:12:04.756+0000] {dag.py:3722} INFO - Setting next_dagrun for example_setup_teardown to 2023-11-15T00:12:04.755984+00:00, run_after=2023-11-16T00:12:04.755984+00:00
[2023-11-16T00:12:04.767+0000] {processor.py:179} INFO - Processing /home/airflow/.local/lib/python3.8/site-packages/airflow/example_dags/example_setup_teardown.py took 0.050 seconds
[2023-11-16T00:12:34.991+0000] {processor.py:157} INFO - Started process (PID=528) to work on /home/airflow/.local/lib/python3.8/site-packages/airflow/example_dags/example_setup_teardown.py
[2023-11-16T00:12:34.992+0000] {processor.py:829} INFO - Processing file /home/airflow/.local/lib/python3.8/site-packages/airflow/example_dags/example_setup_teardown.py for tasks to queue
[2023-11-16T00:12:34.993+0000] {logging_mixin.py:154} INFO - [2023-11-16T00:12:34.993+0000] {dagbag.py:536} INFO - Filling up the DagBag from /home/airflow/.local/lib/python3.8/site-packages/airflow/example_dags/example_setup_teardown.py
[2023-11-16T00:12:34.998+0000] {processor.py:839} INFO - DAG(s) dict_keys(['example_setup_teardown']) retrieved from /home/airflow/.local/lib/python3.8/site-packages/airflow/example_dags/example_setup_teardown.py
[2023-11-16T00:12:35.012+0000] {logging_mixin.py:154} INFO - [2023-11-16T00:12:35.012+0000] {dag.py:2941} INFO - Sync 1 DAGs
[2023-11-16T00:12:35.027+0000] {logging_mixin.py:154} INFO - [2023-11-16T00:12:35.026+0000] {dag.py:3722} INFO - Setting next_dagrun for example_setup_teardown to 2023-11-15T00:12:35.026768+00:00, run_after=2023-11-16T00:12:35.026768+00:00
[2023-11-16T00:12:35.038+0000] {processor.py:179} INFO - Processing /home/airflow/.local/lib/python3.8/site-packages/airflow/example_dags/example_setup_teardown.py took 0.049 seconds
[2023-11-16T00:13:05.162+0000] {processor.py:157} INFO - Started process (PID=585) to work on /home/airflow/.local/lib/python3.8/site-packages/airflow/example_dags/example_setup_teardown.py
[2023-11-16T00:13:05.162+0000] {processor.py:829} INFO - Processing file /home/airflow/.local/lib/python3.8/site-packages/airflow/example_dags/example_setup_teardown.py for tasks to queue
[2023-11-16T00:13:05.164+0000] {logging_mixin.py:154} INFO - [2023-11-16T00:13:05.164+0000] {dagbag.py:536} INFO - Filling up the DagBag from /home/airflow/.local/lib/python3.8/site-packages/airflow/example_dags/example_setup_teardown.py
[2023-11-16T00:13:05.168+0000] {processor.py:839} INFO - DAG(s) dict_keys(['example_setup_teardown']) retrieved from /home/airflow/.local/lib/python3.8/site-packages/airflow/example_dags/example_setup_teardown.py
[2023-11-16T00:13:05.182+0000] {logging_mixin.py:154} INFO - [2023-11-16T00:13:05.182+0000] {dag.py:2941} INFO - Sync 1 DAGs
[2023-11-16T00:13:05.196+0000] {logging_mixin.py:154} INFO - [2023-11-16T00:13:05.196+0000] {dag.py:3722} INFO - Setting next_dagrun for example_setup_teardown to 2023-11-15T00:13:05.196466+00:00, run_after=2023-11-16T00:13:05.196466+00:00
[2023-11-16T00:13:05.208+0000] {processor.py:179} INFO - Processing /home/airflow/.local/lib/python3.8/site-packages/airflow/example_dags/example_setup_teardown.py took 0.049 seconds
[2023-11-16T00:13:36.250+0000] {processor.py:157} INFO - Started process (PID=642) to work on /home/airflow/.local/lib/python3.8/site-packages/airflow/example_dags/example_setup_teardown.py
[2023-11-16T00:13:36.251+0000] {processor.py:829} INFO - Processing file /home/airflow/.local/lib/python3.8/site-packages/airflow/example_dags/example_setup_teardown.py for tasks to queue
[2023-11-16T00:13:36.253+0000] {logging_mixin.py:154} INFO - [2023-11-16T00:13:36.253+0000] {dagbag.py:536} INFO - Filling up the DagBag from /home/airflow/.local/lib/python3.8/site-packages/airflow/example_dags/example_setup_teardown.py
[2023-11-16T00:13:36.257+0000] {processor.py:839} INFO - DAG(s) dict_keys(['example_setup_teardown']) retrieved from /home/airflow/.local/lib/python3.8/site-packages/airflow/example_dags/example_setup_teardown.py
[2023-11-16T00:13:36.272+0000] {logging_mixin.py:154} INFO - [2023-11-16T00:13:36.271+0000] {dag.py:2941} INFO - Sync 1 DAGs
[2023-11-16T00:13:36.286+0000] {logging_mixin.py:154} INFO - [2023-11-16T00:13:36.286+0000] {dag.py:3722} INFO - Setting next_dagrun for example_setup_teardown to 2023-11-15T00:13:36.286135+00:00, run_after=2023-11-16T00:13:36.286135+00:00
[2023-11-16T00:13:36.299+0000] {processor.py:179} INFO - Processing /home/airflow/.local/lib/python3.8/site-packages/airflow/example_dags/example_setup_teardown.py took 0.051 seconds
[2023-11-16T00:14:06.469+0000] {processor.py:157} INFO - Started process (PID=699) to work on /home/airflow/.local/lib/python3.8/site-packages/airflow/example_dags/example_setup_teardown.py
[2023-11-16T00:14:06.470+0000] {processor.py:829} INFO - Processing file /home/airflow/.local/lib/python3.8/site-packages/airflow/example_dags/example_setup_teardown.py for tasks to queue
[2023-11-16T00:14:06.471+0000] {logging_mixin.py:154} INFO - [2023-11-16T00:14:06.471+0000] {dagbag.py:536} INFO - Filling up the DagBag from /home/airflow/.local/lib/python3.8/site-packages/airflow/example_dags/example_setup_teardown.py
[2023-11-16T00:14:06.475+0000] {processor.py:839} INFO - DAG(s) dict_keys(['example_setup_teardown']) retrieved from /home/airflow/.local/lib/python3.8/site-packages/airflow/example_dags/example_setup_teardown.py
[2023-11-16T00:14:06.489+0000] {logging_mixin.py:154} INFO - [2023-11-16T00:14:06.489+0000] {dag.py:2941} INFO - Sync 1 DAGs
[2023-11-16T00:14:06.503+0000] {logging_mixin.py:154} INFO - [2023-11-16T00:14:06.503+0000] {dag.py:3722} INFO - Setting next_dagrun for example_setup_teardown to 2023-11-15T00:14:06.503433+00:00, run_after=2023-11-16T00:14:06.503433+00:00
[2023-11-16T00:14:06.515+0000] {processor.py:179} INFO - Processing /home/airflow/.local/lib/python3.8/site-packages/airflow/example_dags/example_setup_teardown.py took 0.048 seconds
[2023-11-16T00:14:37.569+0000] {processor.py:157} INFO - Started process (PID=756) to work on /home/airflow/.local/lib/python3.8/site-packages/airflow/example_dags/example_setup_teardown.py
[2023-11-16T00:14:37.569+0000] {processor.py:829} INFO - Processing file /home/airflow/.local/lib/python3.8/site-packages/airflow/example_dags/example_setup_teardown.py for tasks to queue
[2023-11-16T00:14:37.571+0000] {logging_mixin.py:154} INFO - [2023-11-16T00:14:37.571+0000] {dagbag.py:536} INFO - Filling up the DagBag from /home/airflow/.local/lib/python3.8/site-packages/airflow/example_dags/example_setup_teardown.py
[2023-11-16T00:14:37.575+0000] {processor.py:839} INFO - DAG(s) dict_keys(['example_setup_teardown']) retrieved from /home/airflow/.local/lib/python3.8/site-packages/airflow/example_dags/example_setup_teardown.py
[2023-11-16T00:14:37.590+0000] {logging_mixin.py:154} INFO - [2023-11-16T00:14:37.590+0000] {dag.py:2941} INFO - Sync 1 DAGs
[2023-11-16T00:14:37.606+0000] {logging_mixin.py:154} INFO - [2023-11-16T00:14:37.606+0000] {dag.py:3722} INFO - Setting next_dagrun for example_setup_teardown to 2023-11-15T00:14:37.606248+00:00, run_after=2023-11-16T00:14:37.606248+00:00
[2023-11-16T00:14:37.622+0000] {processor.py:179} INFO - Processing /home/airflow/.local/lib/python3.8/site-packages/airflow/example_dags/example_setup_teardown.py took 0.056 seconds
[2023-11-16T00:15:07.884+0000] {processor.py:157} INFO - Started process (PID=813) to work on /home/airflow/.local/lib/python3.8/site-packages/airflow/example_dags/example_setup_teardown.py
[2023-11-16T00:15:07.885+0000] {processor.py:829} INFO - Processing file /home/airflow/.local/lib/python3.8/site-packages/airflow/example_dags/example_setup_teardown.py for tasks to queue
[2023-11-16T00:15:07.886+0000] {logging_mixin.py:154} INFO - [2023-11-16T00:15:07.886+0000] {dagbag.py:536} INFO - Filling up the DagBag from /home/airflow/.local/lib/python3.8/site-packages/airflow/example_dags/example_setup_teardown.py
[2023-11-16T00:15:07.891+0000] {processor.py:839} INFO - DAG(s) dict_keys(['example_setup_teardown']) retrieved from /home/airflow/.local/lib/python3.8/site-packages/airflow/example_dags/example_setup_teardown.py
[2023-11-16T00:15:07.905+0000] {logging_mixin.py:154} INFO - [2023-11-16T00:15:07.905+0000] {dag.py:2941} INFO - Sync 1 DAGs
[2023-11-16T00:15:07.919+0000] {logging_mixin.py:154} INFO - [2023-11-16T00:15:07.919+0000] {dag.py:3722} INFO - Setting next_dagrun for example_setup_teardown to 2023-11-15T00:15:07.919168+00:00, run_after=2023-11-16T00:15:07.919168+00:00
[2023-11-16T00:15:07.932+0000] {processor.py:179} INFO - Processing /home/airflow/.local/lib/python3.8/site-packages/airflow/example_dags/example_setup_teardown.py took 0.050 seconds
[2023-11-16T00:15:38.917+0000] {processor.py:157} INFO - Started process (PID=870) to work on /home/airflow/.local/lib/python3.8/site-packages/airflow/example_dags/example_setup_teardown.py
[2023-11-16T00:15:38.918+0000] {processor.py:829} INFO - Processing file /home/airflow/.local/lib/python3.8/site-packages/airflow/example_dags/example_setup_teardown.py for tasks to queue
[2023-11-16T00:15:38.919+0000] {logging_mixin.py:154} INFO - [2023-11-16T00:15:38.919+0000] {dagbag.py:536} INFO - Filling up the DagBag from /home/airflow/.local/lib/python3.8/site-packages/airflow/example_dags/example_setup_teardown.py
[2023-11-16T00:15:38.924+0000] {processor.py:839} INFO - DAG(s) dict_keys(['example_setup_teardown']) retrieved from /home/airflow/.local/lib/python3.8/site-packages/airflow/example_dags/example_setup_teardown.py
[2023-11-16T00:15:38.939+0000] {logging_mixin.py:154} INFO - [2023-11-16T00:15:38.938+0000] {dag.py:2941} INFO - Sync 1 DAGs
[2023-11-16T00:15:38.955+0000] {logging_mixin.py:154} INFO - [2023-11-16T00:15:38.955+0000] {dag.py:3722} INFO - Setting next_dagrun for example_setup_teardown to 2023-11-15T00:15:38.955603+00:00, run_after=2023-11-16T00:15:38.955603+00:00
[2023-11-16T00:15:38.970+0000] {processor.py:179} INFO - Processing /home/airflow/.local/lib/python3.8/site-packages/airflow/example_dags/example_setup_teardown.py took 0.055 seconds
[2023-11-16T00:16:09.006+0000] {processor.py:157} INFO - Started process (PID=928) to work on /home/airflow/.local/lib/python3.8/site-packages/airflow/example_dags/example_setup_teardown.py
[2023-11-16T00:16:09.006+0000] {processor.py:829} INFO - Processing file /home/airflow/.local/lib/python3.8/site-packages/airflow/example_dags/example_setup_teardown.py for tasks to queue
[2023-11-16T00:16:09.008+0000] {logging_mixin.py:154} INFO - [2023-11-16T00:16:09.008+0000] {dagbag.py:536} INFO - Filling up the DagBag from /home/airflow/.local/lib/python3.8/site-packages/airflow/example_dags/example_setup_teardown.py
[2023-11-16T00:16:09.012+0000] {processor.py:839} INFO - DAG(s) dict_keys(['example_setup_teardown']) retrieved from /home/airflow/.local/lib/python3.8/site-packages/airflow/example_dags/example_setup_teardown.py
[2023-11-16T00:16:09.028+0000] {logging_mixin.py:154} INFO - [2023-11-16T00:16:09.028+0000] {dag.py:2941} INFO - Sync 1 DAGs
[2023-11-16T00:16:09.044+0000] {logging_mixin.py:154} INFO - [2023-11-16T00:16:09.044+0000] {dag.py:3722} INFO - Setting next_dagrun for example_setup_teardown to 2023-11-15T00:16:09.044358+00:00, run_after=2023-11-16T00:16:09.044358+00:00
[2023-11-16T00:16:09.062+0000] {processor.py:179} INFO - Processing /home/airflow/.local/lib/python3.8/site-packages/airflow/example_dags/example_setup_teardown.py took 0.059 seconds
[2023-11-16T00:16:39.274+0000] {processor.py:157} INFO - Started process (PID=983) to work on /home/airflow/.local/lib/python3.8/site-packages/airflow/example_dags/example_setup_teardown.py
[2023-11-16T00:16:39.274+0000] {processor.py:829} INFO - Processing file /home/airflow/.local/lib/python3.8/site-packages/airflow/example_dags/example_setup_teardown.py for tasks to queue
[2023-11-16T00:16:39.276+0000] {logging_mixin.py:154} INFO - [2023-11-16T00:16:39.276+0000] {dagbag.py:536} INFO - Filling up the DagBag from /home/airflow/.local/lib/python3.8/site-packages/airflow/example_dags/example_setup_teardown.py
[2023-11-16T00:16:39.280+0000] {processor.py:839} INFO - DAG(s) dict_keys(['example_setup_teardown']) retrieved from /home/airflow/.local/lib/python3.8/site-packages/airflow/example_dags/example_setup_teardown.py
[2023-11-16T00:16:39.294+0000] {logging_mixin.py:154} INFO - [2023-11-16T00:16:39.294+0000] {dag.py:2941} INFO - Sync 1 DAGs
[2023-11-16T00:16:39.308+0000] {logging_mixin.py:154} INFO - [2023-11-16T00:16:39.308+0000] {dag.py:3722} INFO - Setting next_dagrun for example_setup_teardown to 2023-11-15T00:16:39.308015+00:00, run_after=2023-11-16T00:16:39.308015+00:00
[2023-11-16T00:16:39.321+0000] {processor.py:179} INFO - Processing /home/airflow/.local/lib/python3.8/site-packages/airflow/example_dags/example_setup_teardown.py took 0.050 seconds
[2023-11-16T00:17:09.444+0000] {processor.py:157} INFO - Started process (PID=1040) to work on /home/airflow/.local/lib/python3.8/site-packages/airflow/example_dags/example_setup_teardown.py
[2023-11-16T00:17:09.444+0000] {processor.py:829} INFO - Processing file /home/airflow/.local/lib/python3.8/site-packages/airflow/example_dags/example_setup_teardown.py for tasks to queue
[2023-11-16T00:17:09.446+0000] {logging_mixin.py:154} INFO - [2023-11-16T00:17:09.446+0000] {dagbag.py:536} INFO - Filling up the DagBag from /home/airflow/.local/lib/python3.8/site-packages/airflow/example_dags/example_setup_teardown.py
[2023-11-16T00:17:09.450+0000] {processor.py:839} INFO - DAG(s) dict_keys(['example_setup_teardown']) retrieved from /home/airflow/.local/lib/python3.8/site-packages/airflow/example_dags/example_setup_teardown.py
[2023-11-16T00:17:09.464+0000] {logging_mixin.py:154} INFO - [2023-11-16T00:17:09.464+0000] {dag.py:2941} INFO - Sync 1 DAGs
[2023-11-16T00:17:09.479+0000] {logging_mixin.py:154} INFO - [2023-11-16T00:17:09.479+0000] {dag.py:3722} INFO - Setting next_dagrun for example_setup_teardown to 2023-11-15T00:17:09.479260+00:00, run_after=2023-11-16T00:17:09.479260+00:00
[2023-11-16T00:17:09.492+0000] {processor.py:179} INFO - Processing /home/airflow/.local/lib/python3.8/site-packages/airflow/example_dags/example_setup_teardown.py took 0.051 seconds
[2023-11-16T00:17:39.635+0000] {processor.py:157} INFO - Started process (PID=1097) to work on /home/airflow/.local/lib/python3.8/site-packages/airflow/example_dags/example_setup_teardown.py
[2023-11-16T00:17:39.636+0000] {processor.py:829} INFO - Processing file /home/airflow/.local/lib/python3.8/site-packages/airflow/example_dags/example_setup_teardown.py for tasks to queue
[2023-11-16T00:17:39.638+0000] {logging_mixin.py:154} INFO - [2023-11-16T00:17:39.637+0000] {dagbag.py:536} INFO - Filling up the DagBag from /home/airflow/.local/lib/python3.8/site-packages/airflow/example_dags/example_setup_teardown.py
[2023-11-16T00:17:39.643+0000] {processor.py:839} INFO - DAG(s) dict_keys(['example_setup_teardown']) retrieved from /home/airflow/.local/lib/python3.8/site-packages/airflow/example_dags/example_setup_teardown.py
[2023-11-16T00:17:39.657+0000] {logging_mixin.py:154} INFO - [2023-11-16T00:17:39.657+0000] {dag.py:2941} INFO - Sync 1 DAGs
[2023-11-16T00:17:39.671+0000] {logging_mixin.py:154} INFO - [2023-11-16T00:17:39.671+0000] {dag.py:3722} INFO - Setting next_dagrun for example_setup_teardown to 2023-11-15T00:17:39.671651+00:00, run_after=2023-11-16T00:17:39.671651+00:00
[2023-11-16T00:17:39.684+0000] {processor.py:179} INFO - Processing /home/airflow/.local/lib/python3.8/site-packages/airflow/example_dags/example_setup_teardown.py took 0.051 seconds
[2023-11-16T00:18:10.156+0000] {processor.py:157} INFO - Started process (PID=1154) to work on /home/airflow/.local/lib/python3.8/site-packages/airflow/example_dags/example_setup_teardown.py
[2023-11-16T00:18:10.157+0000] {processor.py:829} INFO - Processing file /home/airflow/.local/lib/python3.8/site-packages/airflow/example_dags/example_setup_teardown.py for tasks to queue
[2023-11-16T00:18:10.158+0000] {logging_mixin.py:154} INFO - [2023-11-16T00:18:10.158+0000] {dagbag.py:536} INFO - Filling up the DagBag from /home/airflow/.local/lib/python3.8/site-packages/airflow/example_dags/example_setup_teardown.py
[2023-11-16T00:18:10.163+0000] {processor.py:839} INFO - DAG(s) dict_keys(['example_setup_teardown']) retrieved from /home/airflow/.local/lib/python3.8/site-packages/airflow/example_dags/example_setup_teardown.py
[2023-11-16T00:18:10.176+0000] {logging_mixin.py:154} INFO - [2023-11-16T00:18:10.176+0000] {dag.py:2941} INFO - Sync 1 DAGs
[2023-11-16T00:18:10.190+0000] {logging_mixin.py:154} INFO - [2023-11-16T00:18:10.189+0000] {dag.py:3722} INFO - Setting next_dagrun for example_setup_teardown to 2023-11-15T00:18:10.189750+00:00, run_after=2023-11-16T00:18:10.189750+00:00
[2023-11-16T00:18:10.298+0000] {processor.py:179} INFO - Processing /home/airflow/.local/lib/python3.8/site-packages/airflow/example_dags/example_setup_teardown.py took 0.144 seconds
[2023-11-16T00:18:40.594+0000] {processor.py:157} INFO - Started process (PID=1211) to work on /home/airflow/.local/lib/python3.8/site-packages/airflow/example_dags/example_setup_teardown.py
[2023-11-16T00:18:40.595+0000] {processor.py:829} INFO - Processing file /home/airflow/.local/lib/python3.8/site-packages/airflow/example_dags/example_setup_teardown.py for tasks to queue
[2023-11-16T00:18:40.596+0000] {logging_mixin.py:154} INFO - [2023-11-16T00:18:40.596+0000] {dagbag.py:536} INFO - Filling up the DagBag from /home/airflow/.local/lib/python3.8/site-packages/airflow/example_dags/example_setup_teardown.py
[2023-11-16T00:18:40.601+0000] {processor.py:839} INFO - DAG(s) dict_keys(['example_setup_teardown']) retrieved from /home/airflow/.local/lib/python3.8/site-packages/airflow/example_dags/example_setup_teardown.py
[2023-11-16T00:18:40.615+0000] {logging_mixin.py:154} INFO - [2023-11-16T00:18:40.615+0000] {dag.py:2941} INFO - Sync 1 DAGs
[2023-11-16T00:18:40.629+0000] {logging_mixin.py:154} INFO - [2023-11-16T00:18:40.628+0000] {dag.py:3722} INFO - Setting next_dagrun for example_setup_teardown to 2023-11-15T00:18:40.628785+00:00, run_after=2023-11-16T00:18:40.628785+00:00
[2023-11-16T00:18:40.640+0000] {processor.py:179} INFO - Processing /home/airflow/.local/lib/python3.8/site-packages/airflow/example_dags/example_setup_teardown.py took 0.049 seconds
[2023-11-16T00:19:10.847+0000] {processor.py:157} INFO - Started process (PID=1268) to work on /home/airflow/.local/lib/python3.8/site-packages/airflow/example_dags/example_setup_teardown.py
[2023-11-16T00:19:10.848+0000] {processor.py:829} INFO - Processing file /home/airflow/.local/lib/python3.8/site-packages/airflow/example_dags/example_setup_teardown.py for tasks to queue
[2023-11-16T00:19:10.849+0000] {logging_mixin.py:154} INFO - [2023-11-16T00:19:10.849+0000] {dagbag.py:536} INFO - Filling up the DagBag from /home/airflow/.local/lib/python3.8/site-packages/airflow/example_dags/example_setup_teardown.py
[2023-11-16T00:19:10.854+0000] {processor.py:839} INFO - DAG(s) dict_keys(['example_setup_teardown']) retrieved from /home/airflow/.local/lib/python3.8/site-packages/airflow/example_dags/example_setup_teardown.py
[2023-11-16T00:19:10.867+0000] {logging_mixin.py:154} INFO - [2023-11-16T00:19:10.867+0000] {dag.py:2941} INFO - Sync 1 DAGs
[2023-11-16T00:19:10.880+0000] {logging_mixin.py:154} INFO - [2023-11-16T00:19:10.880+0000] {dag.py:3722} INFO - Setting next_dagrun for example_setup_teardown to 2023-11-15T00:19:10.880037+00:00, run_after=2023-11-16T00:19:10.880037+00:00
[2023-11-16T00:19:10.892+0000] {processor.py:179} INFO - Processing /home/airflow/.local/lib/python3.8/site-packages/airflow/example_dags/example_setup_teardown.py took 0.046 seconds
[2023-11-16T00:19:41.487+0000] {processor.py:157} INFO - Started process (PID=1326) to work on /home/airflow/.local/lib/python3.8/site-packages/airflow/example_dags/example_setup_teardown.py
[2023-11-16T00:19:41.487+0000] {processor.py:829} INFO - Processing file /home/airflow/.local/lib/python3.8/site-packages/airflow/example_dags/example_setup_teardown.py for tasks to queue
[2023-11-16T00:19:41.489+0000] {logging_mixin.py:154} INFO - [2023-11-16T00:19:41.489+0000] {dagbag.py:536} INFO - Filling up the DagBag from /home/airflow/.local/lib/python3.8/site-packages/airflow/example_dags/example_setup_teardown.py
[2023-11-16T00:19:41.493+0000] {processor.py:839} INFO - DAG(s) dict_keys(['example_setup_teardown']) retrieved from /home/airflow/.local/lib/python3.8/site-packages/airflow/example_dags/example_setup_teardown.py
[2023-11-16T00:19:41.508+0000] {logging_mixin.py:154} INFO - [2023-11-16T00:19:41.508+0000] {dag.py:2941} INFO - Sync 1 DAGs
[2023-11-16T00:19:41.623+0000] {logging_mixin.py:154} INFO - [2023-11-16T00:19:41.623+0000] {dag.py:3722} INFO - Setting next_dagrun for example_setup_teardown to 2023-11-15T00:19:41.622920+00:00, run_after=2023-11-16T00:19:41.622920+00:00
[2023-11-16T00:19:41.635+0000] {processor.py:179} INFO - Processing /home/airflow/.local/lib/python3.8/site-packages/airflow/example_dags/example_setup_teardown.py took 0.151 seconds
[2023-11-16T00:20:12.368+0000] {processor.py:157} INFO - Started process (PID=1383) to work on /home/airflow/.local/lib/python3.8/site-packages/airflow/example_dags/example_setup_teardown.py
[2023-11-16T00:20:12.369+0000] {processor.py:829} INFO - Processing file /home/airflow/.local/lib/python3.8/site-packages/airflow/example_dags/example_setup_teardown.py for tasks to queue
[2023-11-16T00:20:12.370+0000] {logging_mixin.py:154} INFO - [2023-11-16T00:20:12.370+0000] {dagbag.py:536} INFO - Filling up the DagBag from /home/airflow/.local/lib/python3.8/site-packages/airflow/example_dags/example_setup_teardown.py
[2023-11-16T00:20:12.375+0000] {processor.py:839} INFO - DAG(s) dict_keys(['example_setup_teardown']) retrieved from /home/airflow/.local/lib/python3.8/site-packages/airflow/example_dags/example_setup_teardown.py
[2023-11-16T00:20:12.389+0000] {logging_mixin.py:154} INFO - [2023-11-16T00:20:12.388+0000] {dag.py:2941} INFO - Sync 1 DAGs
[2023-11-16T00:20:12.403+0000] {logging_mixin.py:154} INFO - [2023-11-16T00:20:12.403+0000] {dag.py:3722} INFO - Setting next_dagrun for example_setup_teardown to 2023-11-15T00:20:12.403018+00:00, run_after=2023-11-16T00:20:12.403018+00:00
[2023-11-16T00:20:12.414+0000] {processor.py:179} INFO - Processing /home/airflow/.local/lib/python3.8/site-packages/airflow/example_dags/example_setup_teardown.py took 0.047 seconds
[2023-11-16T00:20:42.756+0000] {processor.py:157} INFO - Started process (PID=1440) to work on /home/airflow/.local/lib/python3.8/site-packages/airflow/example_dags/example_setup_teardown.py
[2023-11-16T00:20:42.757+0000] {processor.py:829} INFO - Processing file /home/airflow/.local/lib/python3.8/site-packages/airflow/example_dags/example_setup_teardown.py for tasks to queue
[2023-11-16T00:20:42.758+0000] {logging_mixin.py:154} INFO - [2023-11-16T00:20:42.758+0000] {dagbag.py:536} INFO - Filling up the DagBag from /home/airflow/.local/lib/python3.8/site-packages/airflow/example_dags/example_setup_teardown.py
[2023-11-16T00:20:42.763+0000] {processor.py:839} INFO - DAG(s) dict_keys(['example_setup_teardown']) retrieved from /home/airflow/.local/lib/python3.8/site-packages/airflow/example_dags/example_setup_teardown.py
[2023-11-16T00:20:42.776+0000] {logging_mixin.py:154} INFO - [2023-11-16T00:20:42.776+0000] {dag.py:2941} INFO - Sync 1 DAGs
[2023-11-16T00:20:42.790+0000] {logging_mixin.py:154} INFO - [2023-11-16T00:20:42.790+0000] {dag.py:3722} INFO - Setting next_dagrun for example_setup_teardown to 2023-11-15T00:20:42.790013+00:00, run_after=2023-11-16T00:20:42.790013+00:00
[2023-11-16T00:20:42.802+0000] {processor.py:179} INFO - Processing /home/airflow/.local/lib/python3.8/site-packages/airflow/example_dags/example_setup_teardown.py took 0.049 seconds
[2023-11-16T00:21:13.763+0000] {processor.py:157} INFO - Started process (PID=1498) to work on /home/airflow/.local/lib/python3.8/site-packages/airflow/example_dags/example_setup_teardown.py
[2023-11-16T00:21:13.764+0000] {processor.py:829} INFO - Processing file /home/airflow/.local/lib/python3.8/site-packages/airflow/example_dags/example_setup_teardown.py for tasks to queue
[2023-11-16T00:21:13.766+0000] {logging_mixin.py:154} INFO - [2023-11-16T00:21:13.765+0000] {dagbag.py:536} INFO - Filling up the DagBag from /home/airflow/.local/lib/python3.8/site-packages/airflow/example_dags/example_setup_teardown.py
[2023-11-16T00:21:13.770+0000] {processor.py:839} INFO - DAG(s) dict_keys(['example_setup_teardown']) retrieved from /home/airflow/.local/lib/python3.8/site-packages/airflow/example_dags/example_setup_teardown.py
[2023-11-16T00:21:13.785+0000] {logging_mixin.py:154} INFO - [2023-11-16T00:21:13.784+0000] {dag.py:2941} INFO - Sync 1 DAGs
[2023-11-16T00:21:13.892+0000] {logging_mixin.py:154} INFO - [2023-11-16T00:21:13.892+0000] {dag.py:3722} INFO - Setting next_dagrun for example_setup_teardown to 2023-11-15T00:21:13.892410+00:00, run_after=2023-11-16T00:21:13.892410+00:00
[2023-11-16T00:21:13.904+0000] {processor.py:179} INFO - Processing /home/airflow/.local/lib/python3.8/site-packages/airflow/example_dags/example_setup_teardown.py took 0.143 seconds
[2023-11-16T00:21:44.578+0000] {processor.py:157} INFO - Started process (PID=1555) to work on /home/airflow/.local/lib/python3.8/site-packages/airflow/example_dags/example_setup_teardown.py
[2023-11-16T00:21:44.579+0000] {processor.py:829} INFO - Processing file /home/airflow/.local/lib/python3.8/site-packages/airflow/example_dags/example_setup_teardown.py for tasks to queue
[2023-11-16T00:21:44.581+0000] {logging_mixin.py:154} INFO - [2023-11-16T00:21:44.580+0000] {dagbag.py:536} INFO - Filling up the DagBag from /home/airflow/.local/lib/python3.8/site-packages/airflow/example_dags/example_setup_teardown.py
[2023-11-16T00:21:44.585+0000] {processor.py:839} INFO - DAG(s) dict_keys(['example_setup_teardown']) retrieved from /home/airflow/.local/lib/python3.8/site-packages/airflow/example_dags/example_setup_teardown.py
[2023-11-16T00:21:44.601+0000] {logging_mixin.py:154} INFO - [2023-11-16T00:21:44.600+0000] {dag.py:2941} INFO - Sync 1 DAGs
[2023-11-16T00:21:44.711+0000] {logging_mixin.py:154} INFO - [2023-11-16T00:21:44.711+0000] {dag.py:3722} INFO - Setting next_dagrun for example_setup_teardown to 2023-11-15T00:21:44.711528+00:00, run_after=2023-11-16T00:21:44.711528+00:00
[2023-11-16T00:21:44.726+0000] {processor.py:179} INFO - Processing /home/airflow/.local/lib/python3.8/site-packages/airflow/example_dags/example_setup_teardown.py took 0.150 seconds
[2023-11-16T00:22:14.963+0000] {processor.py:157} INFO - Started process (PID=1612) to work on /home/airflow/.local/lib/python3.8/site-packages/airflow/example_dags/example_setup_teardown.py
[2023-11-16T00:22:14.964+0000] {processor.py:829} INFO - Processing file /home/airflow/.local/lib/python3.8/site-packages/airflow/example_dags/example_setup_teardown.py for tasks to queue
[2023-11-16T00:22:14.965+0000] {logging_mixin.py:154} INFO - [2023-11-16T00:22:14.965+0000] {dagbag.py:536} INFO - Filling up the DagBag from /home/airflow/.local/lib/python3.8/site-packages/airflow/example_dags/example_setup_teardown.py
[2023-11-16T00:22:14.970+0000] {processor.py:839} INFO - DAG(s) dict_keys(['example_setup_teardown']) retrieved from /home/airflow/.local/lib/python3.8/site-packages/airflow/example_dags/example_setup_teardown.py
[2023-11-16T00:22:14.983+0000] {logging_mixin.py:154} INFO - [2023-11-16T00:22:14.983+0000] {dag.py:2941} INFO - Sync 1 DAGs
[2023-11-16T00:22:14.996+0000] {logging_mixin.py:154} INFO - [2023-11-16T00:22:14.996+0000] {dag.py:3722} INFO - Setting next_dagrun for example_setup_teardown to 2023-11-15T00:22:14.996525+00:00, run_after=2023-11-16T00:22:14.996525+00:00
[2023-11-16T00:22:15.007+0000] {processor.py:179} INFO - Processing /home/airflow/.local/lib/python3.8/site-packages/airflow/example_dags/example_setup_teardown.py took 0.046 seconds
[2023-11-16T00:22:45.796+0000] {processor.py:157} INFO - Started process (PID=1669) to work on /home/airflow/.local/lib/python3.8/site-packages/airflow/example_dags/example_setup_teardown.py
[2023-11-16T00:22:45.797+0000] {processor.py:829} INFO - Processing file /home/airflow/.local/lib/python3.8/site-packages/airflow/example_dags/example_setup_teardown.py for tasks to queue
[2023-11-16T00:22:45.798+0000] {logging_mixin.py:154} INFO - [2023-11-16T00:22:45.798+0000] {dagbag.py:536} INFO - Filling up the DagBag from /home/airflow/.local/lib/python3.8/site-packages/airflow/example_dags/example_setup_teardown.py
[2023-11-16T00:22:45.802+0000] {processor.py:839} INFO - DAG(s) dict_keys(['example_setup_teardown']) retrieved from /home/airflow/.local/lib/python3.8/site-packages/airflow/example_dags/example_setup_teardown.py
[2023-11-16T00:22:45.816+0000] {logging_mixin.py:154} INFO - [2023-11-16T00:22:45.816+0000] {dag.py:2941} INFO - Sync 1 DAGs
[2023-11-16T00:22:45.829+0000] {logging_mixin.py:154} INFO - [2023-11-16T00:22:45.829+0000] {dag.py:3722} INFO - Setting next_dagrun for example_setup_teardown to 2023-11-15T00:22:45.829649+00:00, run_after=2023-11-16T00:22:45.829649+00:00
[2023-11-16T00:22:45.841+0000] {processor.py:179} INFO - Processing /home/airflow/.local/lib/python3.8/site-packages/airflow/example_dags/example_setup_teardown.py took 0.047 seconds
[2023-11-16T00:23:16.640+0000] {processor.py:157} INFO - Started process (PID=1726) to work on /home/airflow/.local/lib/python3.8/site-packages/airflow/example_dags/example_setup_teardown.py
[2023-11-16T00:23:16.641+0000] {processor.py:829} INFO - Processing file /home/airflow/.local/lib/python3.8/site-packages/airflow/example_dags/example_setup_teardown.py for tasks to queue
[2023-11-16T00:23:16.643+0000] {logging_mixin.py:154} INFO - [2023-11-16T00:23:16.642+0000] {dagbag.py:536} INFO - Filling up the DagBag from /home/airflow/.local/lib/python3.8/site-packages/airflow/example_dags/example_setup_teardown.py
[2023-11-16T00:23:16.647+0000] {processor.py:839} INFO - DAG(s) dict_keys(['example_setup_teardown']) retrieved from /home/airflow/.local/lib/python3.8/site-packages/airflow/example_dags/example_setup_teardown.py
[2023-11-16T00:23:16.661+0000] {logging_mixin.py:154} INFO - [2023-11-16T00:23:16.661+0000] {dag.py:2941} INFO - Sync 1 DAGs
[2023-11-16T00:23:16.764+0000] {logging_mixin.py:154} INFO - [2023-11-16T00:23:16.763+0000] {dag.py:3722} INFO - Setting next_dagrun for example_setup_teardown to 2023-11-15T00:23:16.763727+00:00, run_after=2023-11-16T00:23:16.763727+00:00
[2023-11-16T00:23:16.777+0000] {processor.py:179} INFO - Processing /home/airflow/.local/lib/python3.8/site-packages/airflow/example_dags/example_setup_teardown.py took 0.139 seconds
[2023-11-16T00:23:47.677+0000] {processor.py:157} INFO - Started process (PID=1783) to work on /home/airflow/.local/lib/python3.8/site-packages/airflow/example_dags/example_setup_teardown.py
[2023-11-16T00:23:47.678+0000] {processor.py:829} INFO - Processing file /home/airflow/.local/lib/python3.8/site-packages/airflow/example_dags/example_setup_teardown.py for tasks to queue
[2023-11-16T00:23:47.679+0000] {logging_mixin.py:154} INFO - [2023-11-16T00:23:47.679+0000] {dagbag.py:536} INFO - Filling up the DagBag from /home/airflow/.local/lib/python3.8/site-packages/airflow/example_dags/example_setup_teardown.py
[2023-11-16T00:23:47.684+0000] {processor.py:839} INFO - DAG(s) dict_keys(['example_setup_teardown']) retrieved from /home/airflow/.local/lib/python3.8/site-packages/airflow/example_dags/example_setup_teardown.py
[2023-11-16T00:23:47.699+0000] {logging_mixin.py:154} INFO - [2023-11-16T00:23:47.699+0000] {dag.py:2941} INFO - Sync 1 DAGs
[2023-11-16T00:23:47.805+0000] {logging_mixin.py:154} INFO - [2023-11-16T00:23:47.804+0000] {dag.py:3722} INFO - Setting next_dagrun for example_setup_teardown to 2023-11-15T00:23:47.804825+00:00, run_after=2023-11-16T00:23:47.804825+00:00
[2023-11-16T00:23:47.816+0000] {processor.py:179} INFO - Processing /home/airflow/.local/lib/python3.8/site-packages/airflow/example_dags/example_setup_teardown.py took 0.141 seconds
[2023-11-16T00:24:18.681+0000] {processor.py:157} INFO - Started process (PID=1840) to work on /home/airflow/.local/lib/python3.8/site-packages/airflow/example_dags/example_setup_teardown.py
[2023-11-16T00:24:18.682+0000] {processor.py:829} INFO - Processing file /home/airflow/.local/lib/python3.8/site-packages/airflow/example_dags/example_setup_teardown.py for tasks to queue
[2023-11-16T00:24:18.684+0000] {logging_mixin.py:154} INFO - [2023-11-16T00:24:18.684+0000] {dagbag.py:536} INFO - Filling up the DagBag from /home/airflow/.local/lib/python3.8/site-packages/airflow/example_dags/example_setup_teardown.py
[2023-11-16T00:24:18.688+0000] {processor.py:839} INFO - DAG(s) dict_keys(['example_setup_teardown']) retrieved from /home/airflow/.local/lib/python3.8/site-packages/airflow/example_dags/example_setup_teardown.py
[2023-11-16T00:24:18.702+0000] {logging_mixin.py:154} INFO - [2023-11-16T00:24:18.702+0000] {dag.py:2941} INFO - Sync 1 DAGs
[2023-11-16T00:24:18.715+0000] {logging_mixin.py:154} INFO - [2023-11-16T00:24:18.715+0000] {dag.py:3722} INFO - Setting next_dagrun for example_setup_teardown to 2023-11-15T00:24:18.715516+00:00, run_after=2023-11-16T00:24:18.715516+00:00
[2023-11-16T00:24:18.727+0000] {processor.py:179} INFO - Processing /home/airflow/.local/lib/python3.8/site-packages/airflow/example_dags/example_setup_teardown.py took 0.048 seconds
[2023-11-16T00:24:49.723+0000] {processor.py:157} INFO - Started process (PID=1897) to work on /home/airflow/.local/lib/python3.8/site-packages/airflow/example_dags/example_setup_teardown.py
[2023-11-16T00:24:49.723+0000] {processor.py:829} INFO - Processing file /home/airflow/.local/lib/python3.8/site-packages/airflow/example_dags/example_setup_teardown.py for tasks to queue
[2023-11-16T00:24:49.725+0000] {logging_mixin.py:154} INFO - [2023-11-16T00:24:49.725+0000] {dagbag.py:536} INFO - Filling up the DagBag from /home/airflow/.local/lib/python3.8/site-packages/airflow/example_dags/example_setup_teardown.py
[2023-11-16T00:24:49.729+0000] {processor.py:839} INFO - DAG(s) dict_keys(['example_setup_teardown']) retrieved from /home/airflow/.local/lib/python3.8/site-packages/airflow/example_dags/example_setup_teardown.py
[2023-11-16T00:24:49.742+0000] {logging_mixin.py:154} INFO - [2023-11-16T00:24:49.742+0000] {dag.py:2941} INFO - Sync 1 DAGs
[2023-11-16T00:24:49.756+0000] {logging_mixin.py:154} INFO - [2023-11-16T00:24:49.756+0000] {dag.py:3722} INFO - Setting next_dagrun for example_setup_teardown to 2023-11-15T00:24:49.756101+00:00, run_after=2023-11-16T00:24:49.756101+00:00
[2023-11-16T00:24:49.767+0000] {processor.py:179} INFO - Processing /home/airflow/.local/lib/python3.8/site-packages/airflow/example_dags/example_setup_teardown.py took 0.047 seconds
[2023-11-16T00:25:19.901+0000] {processor.py:157} INFO - Started process (PID=1954) to work on /home/airflow/.local/lib/python3.8/site-packages/airflow/example_dags/example_setup_teardown.py
[2023-11-16T00:25:19.902+0000] {processor.py:829} INFO - Processing file /home/airflow/.local/lib/python3.8/site-packages/airflow/example_dags/example_setup_teardown.py for tasks to queue
[2023-11-16T00:25:19.904+0000] {logging_mixin.py:154} INFO - [2023-11-16T00:25:19.903+0000] {dagbag.py:536} INFO - Filling up the DagBag from /home/airflow/.local/lib/python3.8/site-packages/airflow/example_dags/example_setup_teardown.py
[2023-11-16T00:25:19.909+0000] {processor.py:839} INFO - DAG(s) dict_keys(['example_setup_teardown']) retrieved from /home/airflow/.local/lib/python3.8/site-packages/airflow/example_dags/example_setup_teardown.py
[2023-11-16T00:25:19.927+0000] {logging_mixin.py:154} INFO - [2023-11-16T00:25:19.927+0000] {dag.py:2941} INFO - Sync 1 DAGs
[2023-11-16T00:25:19.942+0000] {logging_mixin.py:154} INFO - [2023-11-16T00:25:19.942+0000] {dag.py:3722} INFO - Setting next_dagrun for example_setup_teardown to 2023-11-15T00:25:19.942527+00:00, run_after=2023-11-16T00:25:19.942527+00:00
[2023-11-16T00:25:19.955+0000] {processor.py:179} INFO - Processing /home/airflow/.local/lib/python3.8/site-packages/airflow/example_dags/example_setup_teardown.py took 0.057 seconds
[2023-11-16T00:25:49.994+0000] {processor.py:157} INFO - Started process (PID=2011) to work on /home/airflow/.local/lib/python3.8/site-packages/airflow/example_dags/example_setup_teardown.py
[2023-11-16T00:25:49.995+0000] {processor.py:829} INFO - Processing file /home/airflow/.local/lib/python3.8/site-packages/airflow/example_dags/example_setup_teardown.py for tasks to queue
[2023-11-16T00:25:49.997+0000] {logging_mixin.py:154} INFO - [2023-11-16T00:25:49.997+0000] {dagbag.py:536} INFO - Filling up the DagBag from /home/airflow/.local/lib/python3.8/site-packages/airflow/example_dags/example_setup_teardown.py
[2023-11-16T00:25:50.001+0000] {processor.py:839} INFO - DAG(s) dict_keys(['example_setup_teardown']) retrieved from /home/airflow/.local/lib/python3.8/site-packages/airflow/example_dags/example_setup_teardown.py
[2023-11-16T00:25:50.015+0000] {logging_mixin.py:154} INFO - [2023-11-16T00:25:50.014+0000] {dag.py:2941} INFO - Sync 1 DAGs
[2023-11-16T00:25:50.029+0000] {logging_mixin.py:154} INFO - [2023-11-16T00:25:50.029+0000] {dag.py:3722} INFO - Setting next_dagrun for example_setup_teardown to 2023-11-15T00:25:50.028854+00:00, run_after=2023-11-16T00:25:50.028854+00:00
[2023-11-16T00:25:50.041+0000] {processor.py:179} INFO - Processing /home/airflow/.local/lib/python3.8/site-packages/airflow/example_dags/example_setup_teardown.py took 0.049 seconds
[2023-11-16T00:26:20.325+0000] {processor.py:157} INFO - Started process (PID=2068) to work on /home/airflow/.local/lib/python3.8/site-packages/airflow/example_dags/example_setup_teardown.py
[2023-11-16T00:26:20.326+0000] {processor.py:829} INFO - Processing file /home/airflow/.local/lib/python3.8/site-packages/airflow/example_dags/example_setup_teardown.py for tasks to queue
[2023-11-16T00:26:20.328+0000] {logging_mixin.py:154} INFO - [2023-11-16T00:26:20.327+0000] {dagbag.py:536} INFO - Filling up the DagBag from /home/airflow/.local/lib/python3.8/site-packages/airflow/example_dags/example_setup_teardown.py
[2023-11-16T00:26:20.332+0000] {processor.py:839} INFO - DAG(s) dict_keys(['example_setup_teardown']) retrieved from /home/airflow/.local/lib/python3.8/site-packages/airflow/example_dags/example_setup_teardown.py
[2023-11-16T00:26:20.345+0000] {logging_mixin.py:154} INFO - [2023-11-16T00:26:20.345+0000] {dag.py:2941} INFO - Sync 1 DAGs
[2023-11-16T00:26:20.358+0000] {logging_mixin.py:154} INFO - [2023-11-16T00:26:20.358+0000] {dag.py:3722} INFO - Setting next_dagrun for example_setup_teardown to 2023-11-15T00:26:20.358399+00:00, run_after=2023-11-16T00:26:20.358399+00:00
[2023-11-16T00:26:20.369+0000] {processor.py:179} INFO - Processing /home/airflow/.local/lib/python3.8/site-packages/airflow/example_dags/example_setup_teardown.py took 0.046 seconds
[2023-11-16T00:26:50.534+0000] {processor.py:157} INFO - Started process (PID=2125) to work on /home/airflow/.local/lib/python3.8/site-packages/airflow/example_dags/example_setup_teardown.py
[2023-11-16T00:26:50.535+0000] {processor.py:829} INFO - Processing file /home/airflow/.local/lib/python3.8/site-packages/airflow/example_dags/example_setup_teardown.py for tasks to queue
[2023-11-16T00:26:50.536+0000] {logging_mixin.py:154} INFO - [2023-11-16T00:26:50.536+0000] {dagbag.py:536} INFO - Filling up the DagBag from /home/airflow/.local/lib/python3.8/site-packages/airflow/example_dags/example_setup_teardown.py
[2023-11-16T00:26:50.541+0000] {processor.py:839} INFO - DAG(s) dict_keys(['example_setup_teardown']) retrieved from /home/airflow/.local/lib/python3.8/site-packages/airflow/example_dags/example_setup_teardown.py
[2023-11-16T00:26:50.554+0000] {logging_mixin.py:154} INFO - [2023-11-16T00:26:50.554+0000] {dag.py:2941} INFO - Sync 1 DAGs
[2023-11-16T00:26:50.568+0000] {logging_mixin.py:154} INFO - [2023-11-16T00:26:50.567+0000] {dag.py:3722} INFO - Setting next_dagrun for example_setup_teardown to 2023-11-15T00:26:50.567792+00:00, run_after=2023-11-16T00:26:50.567792+00:00
[2023-11-16T00:26:50.579+0000] {processor.py:179} INFO - Processing /home/airflow/.local/lib/python3.8/site-packages/airflow/example_dags/example_setup_teardown.py took 0.047 seconds
[2023-11-16T00:27:20.787+0000] {processor.py:157} INFO - Started process (PID=2182) to work on /home/airflow/.local/lib/python3.8/site-packages/airflow/example_dags/example_setup_teardown.py
[2023-11-16T00:27:20.788+0000] {processor.py:829} INFO - Processing file /home/airflow/.local/lib/python3.8/site-packages/airflow/example_dags/example_setup_teardown.py for tasks to queue
[2023-11-16T00:27:20.790+0000] {logging_mixin.py:154} INFO - [2023-11-16T00:27:20.789+0000] {dagbag.py:536} INFO - Filling up the DagBag from /home/airflow/.local/lib/python3.8/site-packages/airflow/example_dags/example_setup_teardown.py
[2023-11-16T00:27:20.794+0000] {processor.py:839} INFO - DAG(s) dict_keys(['example_setup_teardown']) retrieved from /home/airflow/.local/lib/python3.8/site-packages/airflow/example_dags/example_setup_teardown.py
[2023-11-16T00:27:20.807+0000] {logging_mixin.py:154} INFO - [2023-11-16T00:27:20.807+0000] {dag.py:2941} INFO - Sync 1 DAGs
[2023-11-16T00:27:20.820+0000] {logging_mixin.py:154} INFO - [2023-11-16T00:27:20.820+0000] {dag.py:3722} INFO - Setting next_dagrun for example_setup_teardown to 2023-11-15T00:27:20.820639+00:00, run_after=2023-11-16T00:27:20.820639+00:00
[2023-11-16T00:27:20.833+0000] {processor.py:179} INFO - Processing /home/airflow/.local/lib/python3.8/site-packages/airflow/example_dags/example_setup_teardown.py took 0.048 seconds
[2023-11-16T00:27:50.894+0000] {processor.py:157} INFO - Started process (PID=2239) to work on /home/airflow/.local/lib/python3.8/site-packages/airflow/example_dags/example_setup_teardown.py
[2023-11-16T00:27:50.895+0000] {processor.py:829} INFO - Processing file /home/airflow/.local/lib/python3.8/site-packages/airflow/example_dags/example_setup_teardown.py for tasks to queue
[2023-11-16T00:27:50.897+0000] {logging_mixin.py:154} INFO - [2023-11-16T00:27:50.896+0000] {dagbag.py:536} INFO - Filling up the DagBag from /home/airflow/.local/lib/python3.8/site-packages/airflow/example_dags/example_setup_teardown.py
[2023-11-16T00:27:50.901+0000] {processor.py:839} INFO - DAG(s) dict_keys(['example_setup_teardown']) retrieved from /home/airflow/.local/lib/python3.8/site-packages/airflow/example_dags/example_setup_teardown.py
[2023-11-16T00:27:50.915+0000] {logging_mixin.py:154} INFO - [2023-11-16T00:27:50.915+0000] {dag.py:2941} INFO - Sync 1 DAGs
[2023-11-16T00:27:50.930+0000] {logging_mixin.py:154} INFO - [2023-11-16T00:27:50.930+0000] {dag.py:3722} INFO - Setting next_dagrun for example_setup_teardown to 2023-11-15T00:27:50.930656+00:00, run_after=2023-11-16T00:27:50.930656+00:00
[2023-11-16T00:27:50.942+0000] {processor.py:179} INFO - Processing /home/airflow/.local/lib/python3.8/site-packages/airflow/example_dags/example_setup_teardown.py took 0.050 seconds
[2023-11-16T00:28:20.963+0000] {processor.py:157} INFO - Started process (PID=2295) to work on /home/airflow/.local/lib/python3.8/site-packages/airflow/example_dags/example_setup_teardown.py
[2023-11-16T00:28:20.963+0000] {processor.py:829} INFO - Processing file /home/airflow/.local/lib/python3.8/site-packages/airflow/example_dags/example_setup_teardown.py for tasks to queue
[2023-11-16T00:28:20.965+0000] {logging_mixin.py:154} INFO - [2023-11-16T00:28:20.965+0000] {dagbag.py:536} INFO - Filling up the DagBag from /home/airflow/.local/lib/python3.8/site-packages/airflow/example_dags/example_setup_teardown.py
[2023-11-16T00:28:20.969+0000] {processor.py:839} INFO - DAG(s) dict_keys(['example_setup_teardown']) retrieved from /home/airflow/.local/lib/python3.8/site-packages/airflow/example_dags/example_setup_teardown.py
[2023-11-16T00:28:20.982+0000] {logging_mixin.py:154} INFO - [2023-11-16T00:28:20.982+0000] {dag.py:2941} INFO - Sync 1 DAGs
[2023-11-16T00:28:20.996+0000] {logging_mixin.py:154} INFO - [2023-11-16T00:28:20.996+0000] {dag.py:3722} INFO - Setting next_dagrun for example_setup_teardown to 2023-11-15T00:28:20.996231+00:00, run_after=2023-11-16T00:28:20.996231+00:00
[2023-11-16T00:28:21.007+0000] {processor.py:179} INFO - Processing /home/airflow/.local/lib/python3.8/site-packages/airflow/example_dags/example_setup_teardown.py took 0.046 seconds
[2023-11-16T00:28:51.138+0000] {processor.py:157} INFO - Started process (PID=2352) to work on /home/airflow/.local/lib/python3.8/site-packages/airflow/example_dags/example_setup_teardown.py
[2023-11-16T00:28:51.138+0000] {processor.py:829} INFO - Processing file /home/airflow/.local/lib/python3.8/site-packages/airflow/example_dags/example_setup_teardown.py for tasks to queue
[2023-11-16T00:28:51.140+0000] {logging_mixin.py:154} INFO - [2023-11-16T00:28:51.140+0000] {dagbag.py:536} INFO - Filling up the DagBag from /home/airflow/.local/lib/python3.8/site-packages/airflow/example_dags/example_setup_teardown.py
[2023-11-16T00:28:51.145+0000] {processor.py:839} INFO - DAG(s) dict_keys(['example_setup_teardown']) retrieved from /home/airflow/.local/lib/python3.8/site-packages/airflow/example_dags/example_setup_teardown.py
[2023-11-16T00:28:51.158+0000] {logging_mixin.py:154} INFO - [2023-11-16T00:28:51.158+0000] {dag.py:2941} INFO - Sync 1 DAGs
[2023-11-16T00:28:51.172+0000] {logging_mixin.py:154} INFO - [2023-11-16T00:28:51.172+0000] {dag.py:3722} INFO - Setting next_dagrun for example_setup_teardown to 2023-11-15T00:28:51.172371+00:00, run_after=2023-11-16T00:28:51.172371+00:00
[2023-11-16T00:28:51.184+0000] {processor.py:179} INFO - Processing /home/airflow/.local/lib/python3.8/site-packages/airflow/example_dags/example_setup_teardown.py took 0.049 seconds
[2023-11-16T00:29:21.443+0000] {processor.py:157} INFO - Started process (PID=2409) to work on /home/airflow/.local/lib/python3.8/site-packages/airflow/example_dags/example_setup_teardown.py
[2023-11-16T00:29:21.444+0000] {processor.py:829} INFO - Processing file /home/airflow/.local/lib/python3.8/site-packages/airflow/example_dags/example_setup_teardown.py for tasks to queue
[2023-11-16T00:29:21.446+0000] {logging_mixin.py:154} INFO - [2023-11-16T00:29:21.445+0000] {dagbag.py:536} INFO - Filling up the DagBag from /home/airflow/.local/lib/python3.8/site-packages/airflow/example_dags/example_setup_teardown.py
[2023-11-16T00:29:21.450+0000] {processor.py:839} INFO - DAG(s) dict_keys(['example_setup_teardown']) retrieved from /home/airflow/.local/lib/python3.8/site-packages/airflow/example_dags/example_setup_teardown.py
[2023-11-16T00:29:21.464+0000] {logging_mixin.py:154} INFO - [2023-11-16T00:29:21.464+0000] {dag.py:2941} INFO - Sync 1 DAGs
[2023-11-16T00:29:21.479+0000] {logging_mixin.py:154} INFO - [2023-11-16T00:29:21.478+0000] {dag.py:3722} INFO - Setting next_dagrun for example_setup_teardown to 2023-11-15T00:29:21.478755+00:00, run_after=2023-11-16T00:29:21.478755+00:00
[2023-11-16T00:29:21.490+0000] {processor.py:179} INFO - Processing /home/airflow/.local/lib/python3.8/site-packages/airflow/example_dags/example_setup_teardown.py took 0.049 seconds
[2023-11-16T00:29:51.585+0000] {processor.py:157} INFO - Started process (PID=2466) to work on /home/airflow/.local/lib/python3.8/site-packages/airflow/example_dags/example_setup_teardown.py
[2023-11-16T00:29:51.585+0000] {processor.py:829} INFO - Processing file /home/airflow/.local/lib/python3.8/site-packages/airflow/example_dags/example_setup_teardown.py for tasks to queue
[2023-11-16T00:29:51.587+0000] {logging_mixin.py:154} INFO - [2023-11-16T00:29:51.587+0000] {dagbag.py:536} INFO - Filling up the DagBag from /home/airflow/.local/lib/python3.8/site-packages/airflow/example_dags/example_setup_teardown.py
[2023-11-16T00:29:51.592+0000] {processor.py:839} INFO - DAG(s) dict_keys(['example_setup_teardown']) retrieved from /home/airflow/.local/lib/python3.8/site-packages/airflow/example_dags/example_setup_teardown.py
[2023-11-16T00:29:51.605+0000] {logging_mixin.py:154} INFO - [2023-11-16T00:29:51.605+0000] {dag.py:2941} INFO - Sync 1 DAGs
[2023-11-16T00:29:51.620+0000] {logging_mixin.py:154} INFO - [2023-11-16T00:29:51.620+0000] {dag.py:3722} INFO - Setting next_dagrun for example_setup_teardown to 2023-11-15T00:29:51.620416+00:00, run_after=2023-11-16T00:29:51.620416+00:00
[2023-11-16T00:29:51.633+0000] {processor.py:179} INFO - Processing /home/airflow/.local/lib/python3.8/site-packages/airflow/example_dags/example_setup_teardown.py took 0.051 seconds
[2023-11-16T00:30:21.740+0000] {processor.py:157} INFO - Started process (PID=2524) to work on /home/airflow/.local/lib/python3.8/site-packages/airflow/example_dags/example_setup_teardown.py
[2023-11-16T00:30:21.740+0000] {processor.py:829} INFO - Processing file /home/airflow/.local/lib/python3.8/site-packages/airflow/example_dags/example_setup_teardown.py for tasks to queue
[2023-11-16T00:30:21.742+0000] {logging_mixin.py:154} INFO - [2023-11-16T00:30:21.742+0000] {dagbag.py:536} INFO - Filling up the DagBag from /home/airflow/.local/lib/python3.8/site-packages/airflow/example_dags/example_setup_teardown.py
[2023-11-16T00:30:21.747+0000] {processor.py:839} INFO - DAG(s) dict_keys(['example_setup_teardown']) retrieved from /home/airflow/.local/lib/python3.8/site-packages/airflow/example_dags/example_setup_teardown.py
[2023-11-16T00:30:21.761+0000] {logging_mixin.py:154} INFO - [2023-11-16T00:30:21.761+0000] {dag.py:2941} INFO - Sync 1 DAGs
[2023-11-16T00:30:21.776+0000] {logging_mixin.py:154} INFO - [2023-11-16T00:30:21.775+0000] {dag.py:3722} INFO - Setting next_dagrun for example_setup_teardown to 2023-11-15T00:30:21.775812+00:00, run_after=2023-11-16T00:30:21.775812+00:00
[2023-11-16T00:30:21.788+0000] {processor.py:179} INFO - Processing /home/airflow/.local/lib/python3.8/site-packages/airflow/example_dags/example_setup_teardown.py took 0.050 seconds
[2023-11-16T00:30:51.949+0000] {processor.py:157} INFO - Started process (PID=2582) to work on /home/airflow/.local/lib/python3.8/site-packages/airflow/example_dags/example_setup_teardown.py
[2023-11-16T00:30:51.950+0000] {processor.py:829} INFO - Processing file /home/airflow/.local/lib/python3.8/site-packages/airflow/example_dags/example_setup_teardown.py for tasks to queue
[2023-11-16T00:30:51.951+0000] {logging_mixin.py:154} INFO - [2023-11-16T00:30:51.951+0000] {dagbag.py:536} INFO - Filling up the DagBag from /home/airflow/.local/lib/python3.8/site-packages/airflow/example_dags/example_setup_teardown.py
[2023-11-16T00:30:51.956+0000] {processor.py:839} INFO - DAG(s) dict_keys(['example_setup_teardown']) retrieved from /home/airflow/.local/lib/python3.8/site-packages/airflow/example_dags/example_setup_teardown.py
[2023-11-16T00:30:51.970+0000] {logging_mixin.py:154} INFO - [2023-11-16T00:30:51.970+0000] {dag.py:2941} INFO - Sync 1 DAGs
[2023-11-16T00:30:51.985+0000] {logging_mixin.py:154} INFO - [2023-11-16T00:30:51.985+0000] {dag.py:3722} INFO - Setting next_dagrun for example_setup_teardown to 2023-11-15T00:30:51.985061+00:00, run_after=2023-11-16T00:30:51.985061+00:00
[2023-11-16T00:30:51.997+0000] {processor.py:179} INFO - Processing /home/airflow/.local/lib/python3.8/site-packages/airflow/example_dags/example_setup_teardown.py took 0.051 seconds
[2023-11-16T00:31:22.061+0000] {processor.py:157} INFO - Started process (PID=2639) to work on /home/airflow/.local/lib/python3.8/site-packages/airflow/example_dags/example_setup_teardown.py
[2023-11-16T00:31:22.062+0000] {processor.py:829} INFO - Processing file /home/airflow/.local/lib/python3.8/site-packages/airflow/example_dags/example_setup_teardown.py for tasks to queue
[2023-11-16T00:31:22.064+0000] {logging_mixin.py:154} INFO - [2023-11-16T00:31:22.064+0000] {dagbag.py:536} INFO - Filling up the DagBag from /home/airflow/.local/lib/python3.8/site-packages/airflow/example_dags/example_setup_teardown.py
[2023-11-16T00:31:22.069+0000] {processor.py:839} INFO - DAG(s) dict_keys(['example_setup_teardown']) retrieved from /home/airflow/.local/lib/python3.8/site-packages/airflow/example_dags/example_setup_teardown.py
[2023-11-16T00:31:22.082+0000] {logging_mixin.py:154} INFO - [2023-11-16T00:31:22.082+0000] {dag.py:2941} INFO - Sync 1 DAGs
[2023-11-16T00:31:22.096+0000] {logging_mixin.py:154} INFO - [2023-11-16T00:31:22.096+0000] {dag.py:3722} INFO - Setting next_dagrun for example_setup_teardown to 2023-11-15T00:31:22.095721+00:00, run_after=2023-11-16T00:31:22.095721+00:00
[2023-11-16T00:31:22.108+0000] {processor.py:179} INFO - Processing /home/airflow/.local/lib/python3.8/site-packages/airflow/example_dags/example_setup_teardown.py took 0.049 seconds
[2023-11-16T00:31:52.324+0000] {processor.py:157} INFO - Started process (PID=2696) to work on /home/airflow/.local/lib/python3.8/site-packages/airflow/example_dags/example_setup_teardown.py
[2023-11-16T00:31:52.324+0000] {processor.py:829} INFO - Processing file /home/airflow/.local/lib/python3.8/site-packages/airflow/example_dags/example_setup_teardown.py for tasks to queue
[2023-11-16T00:31:52.326+0000] {logging_mixin.py:154} INFO - [2023-11-16T00:31:52.326+0000] {dagbag.py:536} INFO - Filling up the DagBag from /home/airflow/.local/lib/python3.8/site-packages/airflow/example_dags/example_setup_teardown.py
[2023-11-16T00:31:52.330+0000] {processor.py:839} INFO - DAG(s) dict_keys(['example_setup_teardown']) retrieved from /home/airflow/.local/lib/python3.8/site-packages/airflow/example_dags/example_setup_teardown.py
[2023-11-16T00:31:52.344+0000] {logging_mixin.py:154} INFO - [2023-11-16T00:31:52.344+0000] {dag.py:2941} INFO - Sync 1 DAGs
[2023-11-16T00:31:52.358+0000] {logging_mixin.py:154} INFO - [2023-11-16T00:31:52.358+0000] {dag.py:3722} INFO - Setting next_dagrun for example_setup_teardown to 2023-11-15T00:31:52.358206+00:00, run_after=2023-11-16T00:31:52.358206+00:00
[2023-11-16T00:31:52.371+0000] {processor.py:179} INFO - Processing /home/airflow/.local/lib/python3.8/site-packages/airflow/example_dags/example_setup_teardown.py took 0.049 seconds
[2023-11-16T00:32:22.590+0000] {processor.py:157} INFO - Started process (PID=2753) to work on /home/airflow/.local/lib/python3.8/site-packages/airflow/example_dags/example_setup_teardown.py
[2023-11-16T00:32:22.590+0000] {processor.py:829} INFO - Processing file /home/airflow/.local/lib/python3.8/site-packages/airflow/example_dags/example_setup_teardown.py for tasks to queue
[2023-11-16T00:32:22.592+0000] {logging_mixin.py:154} INFO - [2023-11-16T00:32:22.592+0000] {dagbag.py:536} INFO - Filling up the DagBag from /home/airflow/.local/lib/python3.8/site-packages/airflow/example_dags/example_setup_teardown.py
[2023-11-16T00:32:22.596+0000] {processor.py:839} INFO - DAG(s) dict_keys(['example_setup_teardown']) retrieved from /home/airflow/.local/lib/python3.8/site-packages/airflow/example_dags/example_setup_teardown.py
[2023-11-16T00:32:22.610+0000] {logging_mixin.py:154} INFO - [2023-11-16T00:32:22.609+0000] {dag.py:2941} INFO - Sync 1 DAGs
[2023-11-16T00:32:22.623+0000] {logging_mixin.py:154} INFO - [2023-11-16T00:32:22.622+0000] {dag.py:3722} INFO - Setting next_dagrun for example_setup_teardown to 2023-11-15T00:32:22.622820+00:00, run_after=2023-11-16T00:32:22.622820+00:00
[2023-11-16T00:32:22.633+0000] {processor.py:179} INFO - Processing /home/airflow/.local/lib/python3.8/site-packages/airflow/example_dags/example_setup_teardown.py took 0.046 seconds
[2023-11-16T00:32:52.759+0000] {processor.py:157} INFO - Started process (PID=2809) to work on /home/airflow/.local/lib/python3.8/site-packages/airflow/example_dags/example_setup_teardown.py
[2023-11-16T00:32:52.760+0000] {processor.py:829} INFO - Processing file /home/airflow/.local/lib/python3.8/site-packages/airflow/example_dags/example_setup_teardown.py for tasks to queue
[2023-11-16T00:32:52.761+0000] {logging_mixin.py:154} INFO - [2023-11-16T00:32:52.761+0000] {dagbag.py:536} INFO - Filling up the DagBag from /home/airflow/.local/lib/python3.8/site-packages/airflow/example_dags/example_setup_teardown.py
[2023-11-16T00:32:52.766+0000] {processor.py:839} INFO - DAG(s) dict_keys(['example_setup_teardown']) retrieved from /home/airflow/.local/lib/python3.8/site-packages/airflow/example_dags/example_setup_teardown.py
[2023-11-16T00:32:52.781+0000] {logging_mixin.py:154} INFO - [2023-11-16T00:32:52.781+0000] {dag.py:2941} INFO - Sync 1 DAGs
[2023-11-16T00:32:52.796+0000] {logging_mixin.py:154} INFO - [2023-11-16T00:32:52.796+0000] {dag.py:3722} INFO - Setting next_dagrun for example_setup_teardown to 2023-11-15T00:32:52.795541+00:00, run_after=2023-11-16T00:32:52.795541+00:00
[2023-11-16T00:32:52.807+0000] {processor.py:179} INFO - Processing /home/airflow/.local/lib/python3.8/site-packages/airflow/example_dags/example_setup_teardown.py took 0.050 seconds
[2023-11-16T00:33:22.968+0000] {processor.py:157} INFO - Started process (PID=2866) to work on /home/airflow/.local/lib/python3.8/site-packages/airflow/example_dags/example_setup_teardown.py
[2023-11-16T00:33:22.969+0000] {processor.py:829} INFO - Processing file /home/airflow/.local/lib/python3.8/site-packages/airflow/example_dags/example_setup_teardown.py for tasks to queue
[2023-11-16T00:33:22.970+0000] {logging_mixin.py:154} INFO - [2023-11-16T00:33:22.970+0000] {dagbag.py:536} INFO - Filling up the DagBag from /home/airflow/.local/lib/python3.8/site-packages/airflow/example_dags/example_setup_teardown.py
[2023-11-16T00:33:22.975+0000] {processor.py:839} INFO - DAG(s) dict_keys(['example_setup_teardown']) retrieved from /home/airflow/.local/lib/python3.8/site-packages/airflow/example_dags/example_setup_teardown.py
[2023-11-16T00:33:22.989+0000] {logging_mixin.py:154} INFO - [2023-11-16T00:33:22.989+0000] {dag.py:2941} INFO - Sync 1 DAGs
[2023-11-16T00:33:23.003+0000] {logging_mixin.py:154} INFO - [2023-11-16T00:33:23.003+0000] {dag.py:3722} INFO - Setting next_dagrun for example_setup_teardown to 2023-11-15T00:33:23.003021+00:00, run_after=2023-11-16T00:33:23.003021+00:00
[2023-11-16T00:33:23.016+0000] {processor.py:179} INFO - Processing /home/airflow/.local/lib/python3.8/site-packages/airflow/example_dags/example_setup_teardown.py took 0.050 seconds
[2023-11-16T00:33:53.197+0000] {processor.py:157} INFO - Started process (PID=2923) to work on /home/airflow/.local/lib/python3.8/site-packages/airflow/example_dags/example_setup_teardown.py
[2023-11-16T00:33:53.198+0000] {processor.py:829} INFO - Processing file /home/airflow/.local/lib/python3.8/site-packages/airflow/example_dags/example_setup_teardown.py for tasks to queue
[2023-11-16T00:33:53.200+0000] {logging_mixin.py:154} INFO - [2023-11-16T00:33:53.200+0000] {dagbag.py:536} INFO - Filling up the DagBag from /home/airflow/.local/lib/python3.8/site-packages/airflow/example_dags/example_setup_teardown.py
[2023-11-16T00:33:53.205+0000] {processor.py:839} INFO - DAG(s) dict_keys(['example_setup_teardown']) retrieved from /home/airflow/.local/lib/python3.8/site-packages/airflow/example_dags/example_setup_teardown.py
[2023-11-16T00:33:53.219+0000] {logging_mixin.py:154} INFO - [2023-11-16T00:33:53.219+0000] {dag.py:2941} INFO - Sync 1 DAGs
[2023-11-16T00:33:53.233+0000] {logging_mixin.py:154} INFO - [2023-11-16T00:33:53.233+0000] {dag.py:3722} INFO - Setting next_dagrun for example_setup_teardown to 2023-11-15T00:33:53.233492+00:00, run_after=2023-11-16T00:33:53.233492+00:00
[2023-11-16T00:33:53.246+0000] {processor.py:179} INFO - Processing /home/airflow/.local/lib/python3.8/site-packages/airflow/example_dags/example_setup_teardown.py took 0.051 seconds
[2023-11-16T00:34:23.453+0000] {processor.py:157} INFO - Started process (PID=2980) to work on /home/airflow/.local/lib/python3.8/site-packages/airflow/example_dags/example_setup_teardown.py
[2023-11-16T00:34:23.453+0000] {processor.py:829} INFO - Processing file /home/airflow/.local/lib/python3.8/site-packages/airflow/example_dags/example_setup_teardown.py for tasks to queue
[2023-11-16T00:34:23.455+0000] {logging_mixin.py:154} INFO - [2023-11-16T00:34:23.455+0000] {dagbag.py:536} INFO - Filling up the DagBag from /home/airflow/.local/lib/python3.8/site-packages/airflow/example_dags/example_setup_teardown.py
[2023-11-16T00:34:23.459+0000] {processor.py:839} INFO - DAG(s) dict_keys(['example_setup_teardown']) retrieved from /home/airflow/.local/lib/python3.8/site-packages/airflow/example_dags/example_setup_teardown.py
[2023-11-16T00:34:23.473+0000] {logging_mixin.py:154} INFO - [2023-11-16T00:34:23.473+0000] {dag.py:2941} INFO - Sync 1 DAGs
[2023-11-16T00:34:23.487+0000] {logging_mixin.py:154} INFO - [2023-11-16T00:34:23.487+0000] {dag.py:3722} INFO - Setting next_dagrun for example_setup_teardown to 2023-11-15T00:34:23.487405+00:00, run_after=2023-11-16T00:34:23.487405+00:00
[2023-11-16T00:34:23.500+0000] {processor.py:179} INFO - Processing /home/airflow/.local/lib/python3.8/site-packages/airflow/example_dags/example_setup_teardown.py took 0.049 seconds
[2023-11-16T00:34:53.737+0000] {processor.py:157} INFO - Started process (PID=3037) to work on /home/airflow/.local/lib/python3.8/site-packages/airflow/example_dags/example_setup_teardown.py
[2023-11-16T00:34:53.738+0000] {processor.py:829} INFO - Processing file /home/airflow/.local/lib/python3.8/site-packages/airflow/example_dags/example_setup_teardown.py for tasks to queue
[2023-11-16T00:34:53.739+0000] {logging_mixin.py:154} INFO - [2023-11-16T00:34:53.739+0000] {dagbag.py:536} INFO - Filling up the DagBag from /home/airflow/.local/lib/python3.8/site-packages/airflow/example_dags/example_setup_teardown.py
[2023-11-16T00:34:53.744+0000] {processor.py:839} INFO - DAG(s) dict_keys(['example_setup_teardown']) retrieved from /home/airflow/.local/lib/python3.8/site-packages/airflow/example_dags/example_setup_teardown.py
[2023-11-16T00:34:53.757+0000] {logging_mixin.py:154} INFO - [2023-11-16T00:34:53.757+0000] {dag.py:2941} INFO - Sync 1 DAGs
[2023-11-16T00:34:53.771+0000] {logging_mixin.py:154} INFO - [2023-11-16T00:34:53.771+0000] {dag.py:3722} INFO - Setting next_dagrun for example_setup_teardown to 2023-11-15T00:34:53.771079+00:00, run_after=2023-11-16T00:34:53.771079+00:00
[2023-11-16T00:34:53.784+0000] {processor.py:179} INFO - Processing /home/airflow/.local/lib/python3.8/site-packages/airflow/example_dags/example_setup_teardown.py took 0.049 seconds
[2023-11-16T00:35:23.849+0000] {processor.py:157} INFO - Started process (PID=3094) to work on /home/airflow/.local/lib/python3.8/site-packages/airflow/example_dags/example_setup_teardown.py
[2023-11-16T00:35:23.850+0000] {processor.py:829} INFO - Processing file /home/airflow/.local/lib/python3.8/site-packages/airflow/example_dags/example_setup_teardown.py for tasks to queue
[2023-11-16T00:35:23.851+0000] {logging_mixin.py:154} INFO - [2023-11-16T00:35:23.851+0000] {dagbag.py:536} INFO - Filling up the DagBag from /home/airflow/.local/lib/python3.8/site-packages/airflow/example_dags/example_setup_teardown.py
[2023-11-16T00:35:23.856+0000] {processor.py:839} INFO - DAG(s) dict_keys(['example_setup_teardown']) retrieved from /home/airflow/.local/lib/python3.8/site-packages/airflow/example_dags/example_setup_teardown.py
[2023-11-16T00:35:23.871+0000] {logging_mixin.py:154} INFO - [2023-11-16T00:35:23.871+0000] {dag.py:2941} INFO - Sync 1 DAGs
[2023-11-16T00:35:23.885+0000] {logging_mixin.py:154} INFO - [2023-11-16T00:35:23.885+0000] {dag.py:3722} INFO - Setting next_dagrun for example_setup_teardown to 2023-11-15T00:35:23.885212+00:00, run_after=2023-11-16T00:35:23.885212+00:00
[2023-11-16T00:35:23.898+0000] {processor.py:179} INFO - Processing /home/airflow/.local/lib/python3.8/site-packages/airflow/example_dags/example_setup_teardown.py took 0.052 seconds
[2023-11-16T00:35:54.131+0000] {processor.py:157} INFO - Started process (PID=3151) to work on /home/airflow/.local/lib/python3.8/site-packages/airflow/example_dags/example_setup_teardown.py
[2023-11-16T00:35:54.132+0000] {processor.py:829} INFO - Processing file /home/airflow/.local/lib/python3.8/site-packages/airflow/example_dags/example_setup_teardown.py for tasks to queue
[2023-11-16T00:35:54.133+0000] {logging_mixin.py:154} INFO - [2023-11-16T00:35:54.133+0000] {dagbag.py:536} INFO - Filling up the DagBag from /home/airflow/.local/lib/python3.8/site-packages/airflow/example_dags/example_setup_teardown.py
[2023-11-16T00:35:54.138+0000] {processor.py:839} INFO - DAG(s) dict_keys(['example_setup_teardown']) retrieved from /home/airflow/.local/lib/python3.8/site-packages/airflow/example_dags/example_setup_teardown.py
[2023-11-16T00:35:54.153+0000] {logging_mixin.py:154} INFO - [2023-11-16T00:35:54.153+0000] {dag.py:2941} INFO - Sync 1 DAGs
[2023-11-16T00:35:54.168+0000] {logging_mixin.py:154} INFO - [2023-11-16T00:35:54.168+0000] {dag.py:3722} INFO - Setting next_dagrun for example_setup_teardown to 2023-11-15T00:35:54.168215+00:00, run_after=2023-11-16T00:35:54.168215+00:00
[2023-11-16T00:35:54.181+0000] {processor.py:179} INFO - Processing /home/airflow/.local/lib/python3.8/site-packages/airflow/example_dags/example_setup_teardown.py took 0.052 seconds
[2023-11-16T00:36:24.232+0000] {processor.py:157} INFO - Started process (PID=3209) to work on /home/airflow/.local/lib/python3.8/site-packages/airflow/example_dags/example_setup_teardown.py
[2023-11-16T00:36:24.233+0000] {processor.py:829} INFO - Processing file /home/airflow/.local/lib/python3.8/site-packages/airflow/example_dags/example_setup_teardown.py for tasks to queue
[2023-11-16T00:36:24.234+0000] {logging_mixin.py:154} INFO - [2023-11-16T00:36:24.234+0000] {dagbag.py:536} INFO - Filling up the DagBag from /home/airflow/.local/lib/python3.8/site-packages/airflow/example_dags/example_setup_teardown.py
[2023-11-16T00:36:24.239+0000] {processor.py:839} INFO - DAG(s) dict_keys(['example_setup_teardown']) retrieved from /home/airflow/.local/lib/python3.8/site-packages/airflow/example_dags/example_setup_teardown.py
[2023-11-16T00:36:24.253+0000] {logging_mixin.py:154} INFO - [2023-11-16T00:36:24.252+0000] {dag.py:2941} INFO - Sync 1 DAGs
[2023-11-16T00:36:24.267+0000] {logging_mixin.py:154} INFO - [2023-11-16T00:36:24.267+0000] {dag.py:3722} INFO - Setting next_dagrun for example_setup_teardown to 2023-11-15T00:36:24.267043+00:00, run_after=2023-11-16T00:36:24.267043+00:00
[2023-11-16T00:36:24.279+0000] {processor.py:179} INFO - Processing /home/airflow/.local/lib/python3.8/site-packages/airflow/example_dags/example_setup_teardown.py took 0.049 seconds
[2023-11-16T00:36:54.444+0000] {processor.py:157} INFO - Started process (PID=3266) to work on /home/airflow/.local/lib/python3.8/site-packages/airflow/example_dags/example_setup_teardown.py
[2023-11-16T00:36:54.445+0000] {processor.py:829} INFO - Processing file /home/airflow/.local/lib/python3.8/site-packages/airflow/example_dags/example_setup_teardown.py for tasks to queue
[2023-11-16T00:36:54.447+0000] {logging_mixin.py:154} INFO - [2023-11-16T00:36:54.446+0000] {dagbag.py:536} INFO - Filling up the DagBag from /home/airflow/.local/lib/python3.8/site-packages/airflow/example_dags/example_setup_teardown.py
[2023-11-16T00:36:54.452+0000] {processor.py:839} INFO - DAG(s) dict_keys(['example_setup_teardown']) retrieved from /home/airflow/.local/lib/python3.8/site-packages/airflow/example_dags/example_setup_teardown.py
[2023-11-16T00:36:54.466+0000] {logging_mixin.py:154} INFO - [2023-11-16T00:36:54.466+0000] {dag.py:2941} INFO - Sync 1 DAGs
[2023-11-16T00:36:54.481+0000] {logging_mixin.py:154} INFO - [2023-11-16T00:36:54.480+0000] {dag.py:3722} INFO - Setting next_dagrun for example_setup_teardown to 2023-11-15T00:36:54.480648+00:00, run_after=2023-11-16T00:36:54.480648+00:00
[2023-11-16T00:36:54.492+0000] {processor.py:179} INFO - Processing /home/airflow/.local/lib/python3.8/site-packages/airflow/example_dags/example_setup_teardown.py took 0.050 seconds
[2023-11-16T00:37:24.672+0000] {processor.py:157} INFO - Started process (PID=3323) to work on /home/airflow/.local/lib/python3.8/site-packages/airflow/example_dags/example_setup_teardown.py
[2023-11-16T00:37:24.672+0000] {processor.py:829} INFO - Processing file /home/airflow/.local/lib/python3.8/site-packages/airflow/example_dags/example_setup_teardown.py for tasks to queue
[2023-11-16T00:37:24.674+0000] {logging_mixin.py:154} INFO - [2023-11-16T00:37:24.674+0000] {dagbag.py:536} INFO - Filling up the DagBag from /home/airflow/.local/lib/python3.8/site-packages/airflow/example_dags/example_setup_teardown.py
[2023-11-16T00:37:24.679+0000] {processor.py:839} INFO - DAG(s) dict_keys(['example_setup_teardown']) retrieved from /home/airflow/.local/lib/python3.8/site-packages/airflow/example_dags/example_setup_teardown.py
[2023-11-16T00:37:24.692+0000] {logging_mixin.py:154} INFO - [2023-11-16T00:37:24.691+0000] {dag.py:2941} INFO - Sync 1 DAGs
[2023-11-16T00:37:24.705+0000] {logging_mixin.py:154} INFO - [2023-11-16T00:37:24.705+0000] {dag.py:3722} INFO - Setting next_dagrun for example_setup_teardown to 2023-11-15T00:37:24.705240+00:00, run_after=2023-11-16T00:37:24.705240+00:00
[2023-11-16T00:37:24.717+0000] {processor.py:179} INFO - Processing /home/airflow/.local/lib/python3.8/site-packages/airflow/example_dags/example_setup_teardown.py took 0.047 seconds
[2023-11-16T00:37:54.884+0000] {processor.py:157} INFO - Started process (PID=3381) to work on /home/airflow/.local/lib/python3.8/site-packages/airflow/example_dags/example_setup_teardown.py
[2023-11-16T00:37:54.885+0000] {processor.py:829} INFO - Processing file /home/airflow/.local/lib/python3.8/site-packages/airflow/example_dags/example_setup_teardown.py for tasks to queue
[2023-11-16T00:37:54.886+0000] {logging_mixin.py:154} INFO - [2023-11-16T00:37:54.886+0000] {dagbag.py:536} INFO - Filling up the DagBag from /home/airflow/.local/lib/python3.8/site-packages/airflow/example_dags/example_setup_teardown.py
[2023-11-16T00:37:54.891+0000] {processor.py:839} INFO - DAG(s) dict_keys(['example_setup_teardown']) retrieved from /home/airflow/.local/lib/python3.8/site-packages/airflow/example_dags/example_setup_teardown.py
[2023-11-16T00:37:54.905+0000] {logging_mixin.py:154} INFO - [2023-11-16T00:37:54.904+0000] {dag.py:2941} INFO - Sync 1 DAGs
[2023-11-16T00:37:54.919+0000] {logging_mixin.py:154} INFO - [2023-11-16T00:37:54.919+0000] {dag.py:3722} INFO - Setting next_dagrun for example_setup_teardown to 2023-11-15T00:37:54.919227+00:00, run_after=2023-11-16T00:37:54.919227+00:00
[2023-11-16T00:37:54.931+0000] {processor.py:179} INFO - Processing /home/airflow/.local/lib/python3.8/site-packages/airflow/example_dags/example_setup_teardown.py took 0.050 seconds
[2023-11-16T00:38:25.143+0000] {processor.py:157} INFO - Started process (PID=3438) to work on /home/airflow/.local/lib/python3.8/site-packages/airflow/example_dags/example_setup_teardown.py
[2023-11-16T00:38:25.144+0000] {processor.py:829} INFO - Processing file /home/airflow/.local/lib/python3.8/site-packages/airflow/example_dags/example_setup_teardown.py for tasks to queue
[2023-11-16T00:38:25.145+0000] {logging_mixin.py:154} INFO - [2023-11-16T00:38:25.145+0000] {dagbag.py:536} INFO - Filling up the DagBag from /home/airflow/.local/lib/python3.8/site-packages/airflow/example_dags/example_setup_teardown.py
[2023-11-16T00:38:25.150+0000] {processor.py:839} INFO - DAG(s) dict_keys(['example_setup_teardown']) retrieved from /home/airflow/.local/lib/python3.8/site-packages/airflow/example_dags/example_setup_teardown.py
[2023-11-16T00:38:25.164+0000] {logging_mixin.py:154} INFO - [2023-11-16T00:38:25.164+0000] {dag.py:2941} INFO - Sync 1 DAGs
[2023-11-16T00:38:25.178+0000] {logging_mixin.py:154} INFO - [2023-11-16T00:38:25.178+0000] {dag.py:3722} INFO - Setting next_dagrun for example_setup_teardown to 2023-11-15T00:38:25.178417+00:00, run_after=2023-11-16T00:38:25.178417+00:00
[2023-11-16T00:38:25.192+0000] {processor.py:179} INFO - Processing /home/airflow/.local/lib/python3.8/site-packages/airflow/example_dags/example_setup_teardown.py took 0.051 seconds
[2023-11-16T00:38:55.414+0000] {processor.py:157} INFO - Started process (PID=3503) to work on /home/airflow/.local/lib/python3.8/site-packages/airflow/example_dags/example_setup_teardown.py
[2023-11-16T00:38:55.415+0000] {processor.py:829} INFO - Processing file /home/airflow/.local/lib/python3.8/site-packages/airflow/example_dags/example_setup_teardown.py for tasks to queue
[2023-11-16T00:38:55.417+0000] {logging_mixin.py:154} INFO - [2023-11-16T00:38:55.417+0000] {dagbag.py:536} INFO - Filling up the DagBag from /home/airflow/.local/lib/python3.8/site-packages/airflow/example_dags/example_setup_teardown.py
[2023-11-16T00:38:55.422+0000] {processor.py:839} INFO - DAG(s) dict_keys(['example_setup_teardown']) retrieved from /home/airflow/.local/lib/python3.8/site-packages/airflow/example_dags/example_setup_teardown.py
[2023-11-16T00:38:55.437+0000] {logging_mixin.py:154} INFO - [2023-11-16T00:38:55.437+0000] {dag.py:2941} INFO - Sync 1 DAGs
[2023-11-16T00:38:55.453+0000] {logging_mixin.py:154} INFO - [2023-11-16T00:38:55.453+0000] {dag.py:3722} INFO - Setting next_dagrun for example_setup_teardown to 2023-11-15T00:38:55.452856+00:00, run_after=2023-11-16T00:38:55.452856+00:00
[2023-11-16T00:38:55.466+0000] {processor.py:179} INFO - Processing /home/airflow/.local/lib/python3.8/site-packages/airflow/example_dags/example_setup_teardown.py took 0.054 seconds
[2023-11-16T00:39:25.676+0000] {processor.py:157} INFO - Started process (PID=3560) to work on /home/airflow/.local/lib/python3.8/site-packages/airflow/example_dags/example_setup_teardown.py
[2023-11-16T00:39:25.676+0000] {processor.py:829} INFO - Processing file /home/airflow/.local/lib/python3.8/site-packages/airflow/example_dags/example_setup_teardown.py for tasks to queue
[2023-11-16T00:39:25.678+0000] {logging_mixin.py:154} INFO - [2023-11-16T00:39:25.678+0000] {dagbag.py:536} INFO - Filling up the DagBag from /home/airflow/.local/lib/python3.8/site-packages/airflow/example_dags/example_setup_teardown.py
[2023-11-16T00:39:25.683+0000] {processor.py:839} INFO - DAG(s) dict_keys(['example_setup_teardown']) retrieved from /home/airflow/.local/lib/python3.8/site-packages/airflow/example_dags/example_setup_teardown.py
[2023-11-16T00:39:25.699+0000] {logging_mixin.py:154} INFO - [2023-11-16T00:39:25.699+0000] {dag.py:2941} INFO - Sync 1 DAGs
[2023-11-16T00:39:25.716+0000] {logging_mixin.py:154} INFO - [2023-11-16T00:39:25.716+0000] {dag.py:3722} INFO - Setting next_dagrun for example_setup_teardown to 2023-11-15T00:39:25.715930+00:00, run_after=2023-11-16T00:39:25.715930+00:00
[2023-11-16T00:39:25.729+0000] {processor.py:179} INFO - Processing /home/airflow/.local/lib/python3.8/site-packages/airflow/example_dags/example_setup_teardown.py took 0.056 seconds
[2023-11-16T00:39:55.976+0000] {processor.py:157} INFO - Started process (PID=3617) to work on /home/airflow/.local/lib/python3.8/site-packages/airflow/example_dags/example_setup_teardown.py
[2023-11-16T00:39:55.977+0000] {processor.py:829} INFO - Processing file /home/airflow/.local/lib/python3.8/site-packages/airflow/example_dags/example_setup_teardown.py for tasks to queue
[2023-11-16T00:39:55.979+0000] {logging_mixin.py:154} INFO - [2023-11-16T00:39:55.979+0000] {dagbag.py:536} INFO - Filling up the DagBag from /home/airflow/.local/lib/python3.8/site-packages/airflow/example_dags/example_setup_teardown.py
[2023-11-16T00:39:55.986+0000] {processor.py:839} INFO - DAG(s) dict_keys(['example_setup_teardown']) retrieved from /home/airflow/.local/lib/python3.8/site-packages/airflow/example_dags/example_setup_teardown.py
[2023-11-16T00:39:56.000+0000] {logging_mixin.py:154} INFO - [2023-11-16T00:39:55.999+0000] {dag.py:2941} INFO - Sync 1 DAGs
[2023-11-16T00:39:56.013+0000] {logging_mixin.py:154} INFO - [2023-11-16T00:39:56.013+0000] {dag.py:3722} INFO - Setting next_dagrun for example_setup_teardown to 2023-11-15T00:39:56.013544+00:00, run_after=2023-11-16T00:39:56.013544+00:00
[2023-11-16T00:39:56.025+0000] {processor.py:179} INFO - Processing /home/airflow/.local/lib/python3.8/site-packages/airflow/example_dags/example_setup_teardown.py took 0.051 seconds
[2023-11-16T00:40:26.166+0000] {processor.py:157} INFO - Started process (PID=3675) to work on /home/airflow/.local/lib/python3.8/site-packages/airflow/example_dags/example_setup_teardown.py
[2023-11-16T00:40:26.166+0000] {processor.py:829} INFO - Processing file /home/airflow/.local/lib/python3.8/site-packages/airflow/example_dags/example_setup_teardown.py for tasks to queue
[2023-11-16T00:40:26.168+0000] {logging_mixin.py:154} INFO - [2023-11-16T00:40:26.168+0000] {dagbag.py:536} INFO - Filling up the DagBag from /home/airflow/.local/lib/python3.8/site-packages/airflow/example_dags/example_setup_teardown.py
[2023-11-16T00:40:26.173+0000] {processor.py:839} INFO - DAG(s) dict_keys(['example_setup_teardown']) retrieved from /home/airflow/.local/lib/python3.8/site-packages/airflow/example_dags/example_setup_teardown.py
[2023-11-16T00:40:26.188+0000] {logging_mixin.py:154} INFO - [2023-11-16T00:40:26.188+0000] {dag.py:2941} INFO - Sync 1 DAGs
[2023-11-16T00:40:26.203+0000] {logging_mixin.py:154} INFO - [2023-11-16T00:40:26.203+0000] {dag.py:3722} INFO - Setting next_dagrun for example_setup_teardown to 2023-11-15T00:40:26.203201+00:00, run_after=2023-11-16T00:40:26.203201+00:00
[2023-11-16T00:40:26.215+0000] {processor.py:179} INFO - Processing /home/airflow/.local/lib/python3.8/site-packages/airflow/example_dags/example_setup_teardown.py took 0.051 seconds
[2023-11-16T00:40:56.300+0000] {processor.py:157} INFO - Started process (PID=3732) to work on /home/airflow/.local/lib/python3.8/site-packages/airflow/example_dags/example_setup_teardown.py
[2023-11-16T00:40:56.301+0000] {processor.py:829} INFO - Processing file /home/airflow/.local/lib/python3.8/site-packages/airflow/example_dags/example_setup_teardown.py for tasks to queue
[2023-11-16T00:40:56.303+0000] {logging_mixin.py:154} INFO - [2023-11-16T00:40:56.303+0000] {dagbag.py:536} INFO - Filling up the DagBag from /home/airflow/.local/lib/python3.8/site-packages/airflow/example_dags/example_setup_teardown.py
[2023-11-16T00:40:56.308+0000] {processor.py:839} INFO - DAG(s) dict_keys(['example_setup_teardown']) retrieved from /home/airflow/.local/lib/python3.8/site-packages/airflow/example_dags/example_setup_teardown.py
[2023-11-16T00:40:56.322+0000] {logging_mixin.py:154} INFO - [2023-11-16T00:40:56.322+0000] {dag.py:2941} INFO - Sync 1 DAGs
[2023-11-16T00:40:56.336+0000] {logging_mixin.py:154} INFO - [2023-11-16T00:40:56.336+0000] {dag.py:3722} INFO - Setting next_dagrun for example_setup_teardown to 2023-11-15T00:40:56.335830+00:00, run_after=2023-11-16T00:40:56.335830+00:00
[2023-11-16T00:40:56.347+0000] {processor.py:179} INFO - Processing /home/airflow/.local/lib/python3.8/site-packages/airflow/example_dags/example_setup_teardown.py took 0.049 seconds
[2023-11-16T00:41:26.439+0000] {processor.py:157} INFO - Started process (PID=3789) to work on /home/airflow/.local/lib/python3.8/site-packages/airflow/example_dags/example_setup_teardown.py
[2023-11-16T00:41:26.440+0000] {processor.py:829} INFO - Processing file /home/airflow/.local/lib/python3.8/site-packages/airflow/example_dags/example_setup_teardown.py for tasks to queue
[2023-11-16T00:41:26.441+0000] {logging_mixin.py:154} INFO - [2023-11-16T00:41:26.441+0000] {dagbag.py:536} INFO - Filling up the DagBag from /home/airflow/.local/lib/python3.8/site-packages/airflow/example_dags/example_setup_teardown.py
[2023-11-16T00:41:26.446+0000] {processor.py:839} INFO - DAG(s) dict_keys(['example_setup_teardown']) retrieved from /home/airflow/.local/lib/python3.8/site-packages/airflow/example_dags/example_setup_teardown.py
[2023-11-16T00:41:26.460+0000] {logging_mixin.py:154} INFO - [2023-11-16T00:41:26.460+0000] {dag.py:2941} INFO - Sync 1 DAGs
[2023-11-16T00:41:26.474+0000] {logging_mixin.py:154} INFO - [2023-11-16T00:41:26.474+0000] {dag.py:3722} INFO - Setting next_dagrun for example_setup_teardown to 2023-11-15T00:41:26.474353+00:00, run_after=2023-11-16T00:41:26.474353+00:00
[2023-11-16T00:41:26.486+0000] {processor.py:179} INFO - Processing /home/airflow/.local/lib/python3.8/site-packages/airflow/example_dags/example_setup_teardown.py took 0.049 seconds
[2023-11-16T00:41:56.635+0000] {processor.py:157} INFO - Started process (PID=3846) to work on /home/airflow/.local/lib/python3.8/site-packages/airflow/example_dags/example_setup_teardown.py
[2023-11-16T00:41:56.636+0000] {processor.py:829} INFO - Processing file /home/airflow/.local/lib/python3.8/site-packages/airflow/example_dags/example_setup_teardown.py for tasks to queue
[2023-11-16T00:41:56.637+0000] {logging_mixin.py:154} INFO - [2023-11-16T00:41:56.637+0000] {dagbag.py:536} INFO - Filling up the DagBag from /home/airflow/.local/lib/python3.8/site-packages/airflow/example_dags/example_setup_teardown.py
[2023-11-16T00:41:56.642+0000] {processor.py:839} INFO - DAG(s) dict_keys(['example_setup_teardown']) retrieved from /home/airflow/.local/lib/python3.8/site-packages/airflow/example_dags/example_setup_teardown.py
[2023-11-16T00:41:56.655+0000] {logging_mixin.py:154} INFO - [2023-11-16T00:41:56.655+0000] {dag.py:2941} INFO - Sync 1 DAGs
[2023-11-16T00:41:56.669+0000] {logging_mixin.py:154} INFO - [2023-11-16T00:41:56.669+0000] {dag.py:3722} INFO - Setting next_dagrun for example_setup_teardown to 2023-11-15T00:41:56.669336+00:00, run_after=2023-11-16T00:41:56.669336+00:00
[2023-11-16T00:41:56.681+0000] {processor.py:179} INFO - Processing /home/airflow/.local/lib/python3.8/site-packages/airflow/example_dags/example_setup_teardown.py took 0.048 seconds
[2023-11-16T00:42:26.816+0000] {processor.py:157} INFO - Started process (PID=3903) to work on /home/airflow/.local/lib/python3.8/site-packages/airflow/example_dags/example_setup_teardown.py
[2023-11-16T00:42:26.817+0000] {processor.py:829} INFO - Processing file /home/airflow/.local/lib/python3.8/site-packages/airflow/example_dags/example_setup_teardown.py for tasks to queue
[2023-11-16T00:42:26.818+0000] {logging_mixin.py:154} INFO - [2023-11-16T00:42:26.818+0000] {dagbag.py:536} INFO - Filling up the DagBag from /home/airflow/.local/lib/python3.8/site-packages/airflow/example_dags/example_setup_teardown.py
[2023-11-16T00:42:26.824+0000] {processor.py:839} INFO - DAG(s) dict_keys(['example_setup_teardown']) retrieved from /home/airflow/.local/lib/python3.8/site-packages/airflow/example_dags/example_setup_teardown.py
[2023-11-16T00:42:26.838+0000] {logging_mixin.py:154} INFO - [2023-11-16T00:42:26.837+0000] {dag.py:2941} INFO - Sync 1 DAGs
[2023-11-16T00:42:26.851+0000] {logging_mixin.py:154} INFO - [2023-11-16T00:42:26.851+0000] {dag.py:3722} INFO - Setting next_dagrun for example_setup_teardown to 2023-11-15T00:42:26.851080+00:00, run_after=2023-11-16T00:42:26.851080+00:00
[2023-11-16T00:42:26.862+0000] {processor.py:179} INFO - Processing /home/airflow/.local/lib/python3.8/site-packages/airflow/example_dags/example_setup_teardown.py took 0.049 seconds
[2023-11-16T00:42:57.006+0000] {processor.py:157} INFO - Started process (PID=3960) to work on /home/airflow/.local/lib/python3.8/site-packages/airflow/example_dags/example_setup_teardown.py
[2023-11-16T00:42:57.006+0000] {processor.py:829} INFO - Processing file /home/airflow/.local/lib/python3.8/site-packages/airflow/example_dags/example_setup_teardown.py for tasks to queue
[2023-11-16T00:42:57.008+0000] {logging_mixin.py:154} INFO - [2023-11-16T00:42:57.008+0000] {dagbag.py:536} INFO - Filling up the DagBag from /home/airflow/.local/lib/python3.8/site-packages/airflow/example_dags/example_setup_teardown.py
[2023-11-16T00:42:57.013+0000] {processor.py:839} INFO - DAG(s) dict_keys(['example_setup_teardown']) retrieved from /home/airflow/.local/lib/python3.8/site-packages/airflow/example_dags/example_setup_teardown.py
[2023-11-16T00:42:57.027+0000] {logging_mixin.py:154} INFO - [2023-11-16T00:42:57.027+0000] {dag.py:2941} INFO - Sync 1 DAGs
[2023-11-16T00:42:57.042+0000] {logging_mixin.py:154} INFO - [2023-11-16T00:42:57.042+0000] {dag.py:3722} INFO - Setting next_dagrun for example_setup_teardown to 2023-11-15T00:42:57.041917+00:00, run_after=2023-11-16T00:42:57.041917+00:00
[2023-11-16T00:42:57.060+0000] {processor.py:179} INFO - Processing /home/airflow/.local/lib/python3.8/site-packages/airflow/example_dags/example_setup_teardown.py took 0.057 seconds
[2023-11-16T00:43:27.394+0000] {processor.py:157} INFO - Started process (PID=4017) to work on /home/airflow/.local/lib/python3.8/site-packages/airflow/example_dags/example_setup_teardown.py
[2023-11-16T00:43:27.395+0000] {processor.py:829} INFO - Processing file /home/airflow/.local/lib/python3.8/site-packages/airflow/example_dags/example_setup_teardown.py for tasks to queue
[2023-11-16T00:43:27.396+0000] {logging_mixin.py:154} INFO - [2023-11-16T00:43:27.396+0000] {dagbag.py:536} INFO - Filling up the DagBag from /home/airflow/.local/lib/python3.8/site-packages/airflow/example_dags/example_setup_teardown.py
[2023-11-16T00:43:27.401+0000] {processor.py:839} INFO - DAG(s) dict_keys(['example_setup_teardown']) retrieved from /home/airflow/.local/lib/python3.8/site-packages/airflow/example_dags/example_setup_teardown.py
[2023-11-16T00:43:27.415+0000] {logging_mixin.py:154} INFO - [2023-11-16T00:43:27.415+0000] {dag.py:2941} INFO - Sync 1 DAGs
[2023-11-16T00:43:27.430+0000] {logging_mixin.py:154} INFO - [2023-11-16T00:43:27.430+0000] {dag.py:3722} INFO - Setting next_dagrun for example_setup_teardown to 2023-11-15T00:43:27.429849+00:00, run_after=2023-11-16T00:43:27.429849+00:00
[2023-11-16T00:43:27.442+0000] {processor.py:179} INFO - Processing /home/airflow/.local/lib/python3.8/site-packages/airflow/example_dags/example_setup_teardown.py took 0.051 seconds
[2023-11-16T00:43:57.578+0000] {processor.py:157} INFO - Started process (PID=4074) to work on /home/airflow/.local/lib/python3.8/site-packages/airflow/example_dags/example_setup_teardown.py
[2023-11-16T00:43:57.579+0000] {processor.py:829} INFO - Processing file /home/airflow/.local/lib/python3.8/site-packages/airflow/example_dags/example_setup_teardown.py for tasks to queue
[2023-11-16T00:43:57.581+0000] {logging_mixin.py:154} INFO - [2023-11-16T00:43:57.581+0000] {dagbag.py:536} INFO - Filling up the DagBag from /home/airflow/.local/lib/python3.8/site-packages/airflow/example_dags/example_setup_teardown.py
[2023-11-16T00:43:57.588+0000] {processor.py:839} INFO - DAG(s) dict_keys(['example_setup_teardown']) retrieved from /home/airflow/.local/lib/python3.8/site-packages/airflow/example_dags/example_setup_teardown.py
[2023-11-16T00:43:57.608+0000] {logging_mixin.py:154} INFO - [2023-11-16T00:43:57.607+0000] {dag.py:2941} INFO - Sync 1 DAGs
[2023-11-16T00:43:57.788+0000] {logging_mixin.py:154} INFO - [2023-11-16T00:43:57.788+0000] {process_utils.py:259} INFO - Waiting up to 5 seconds for processes to exit...
