[2023-11-16T00:06:23.396+0000] {processor.py:157} INFO - Started process (PID=75) to work on /home/airflow/.local/lib/python3.8/site-packages/airflow/example_dags/example_nested_branch_dag.py
[2023-11-16T00:06:23.398+0000] {processor.py:829} INFO - Processing file /home/airflow/.local/lib/python3.8/site-packages/airflow/example_dags/example_nested_branch_dag.py for tasks to queue
[2023-11-16T00:06:23.399+0000] {logging_mixin.py:154} INFO - [2023-11-16T00:06:23.399+0000] {dagbag.py:536} INFO - Filling up the DagBag from /home/airflow/.local/lib/python3.8/site-packages/airflow/example_dags/example_nested_branch_dag.py
[2023-11-16T00:06:23.408+0000] {processor.py:839} INFO - DAG(s) dict_keys(['example_nested_branch_dag']) retrieved from /home/airflow/.local/lib/python3.8/site-packages/airflow/example_dags/example_nested_branch_dag.py
[2023-11-16T00:06:23.418+0000] {logging_mixin.py:154} INFO - [2023-11-16T00:06:23.418+0000] {dag.py:2941} INFO - Sync 1 DAGs
[2023-11-16T00:06:23.437+0000] {logging_mixin.py:154} INFO - [2023-11-16T00:06:23.436+0000] {dag.py:3722} INFO - Setting next_dagrun for example_nested_branch_dag to 2023-11-15T00:00:00+00:00, run_after=2023-11-16T00:00:00+00:00
[2023-11-16T00:06:23.452+0000] {processor.py:179} INFO - Processing /home/airflow/.local/lib/python3.8/site-packages/airflow/example_dags/example_nested_branch_dag.py took 0.057 seconds
[2023-11-16T00:08:29.957+0000] {processor.py:157} INFO - Started process (PID=78) to work on /home/airflow/.local/lib/python3.8/site-packages/airflow/example_dags/example_nested_branch_dag.py
[2023-11-16T00:08:29.958+0000] {processor.py:829} INFO - Processing file /home/airflow/.local/lib/python3.8/site-packages/airflow/example_dags/example_nested_branch_dag.py for tasks to queue
[2023-11-16T00:08:29.960+0000] {logging_mixin.py:154} INFO - [2023-11-16T00:08:29.960+0000] {dagbag.py:536} INFO - Filling up the DagBag from /home/airflow/.local/lib/python3.8/site-packages/airflow/example_dags/example_nested_branch_dag.py
[2023-11-16T00:08:29.969+0000] {processor.py:839} INFO - DAG(s) dict_keys(['example_nested_branch_dag']) retrieved from /home/airflow/.local/lib/python3.8/site-packages/airflow/example_dags/example_nested_branch_dag.py
[2023-11-16T00:08:29.977+0000] {logging_mixin.py:154} INFO - [2023-11-16T00:08:29.977+0000] {dag.py:2941} INFO - Sync 1 DAGs
[2023-11-16T00:08:29.996+0000] {logging_mixin.py:154} INFO - [2023-11-16T00:08:29.995+0000] {dag.py:3722} INFO - Setting next_dagrun for example_nested_branch_dag to 2023-11-15T00:00:00+00:00, run_after=2023-11-16T00:00:00+00:00
[2023-11-16T00:08:30.009+0000] {processor.py:179} INFO - Processing /home/airflow/.local/lib/python3.8/site-packages/airflow/example_dags/example_nested_branch_dag.py took 0.054 seconds
[2023-11-16T00:09:01.062+0000] {processor.py:157} INFO - Started process (PID=136) to work on /home/airflow/.local/lib/python3.8/site-packages/airflow/example_dags/example_nested_branch_dag.py
[2023-11-16T00:09:01.063+0000] {processor.py:829} INFO - Processing file /home/airflow/.local/lib/python3.8/site-packages/airflow/example_dags/example_nested_branch_dag.py for tasks to queue
[2023-11-16T00:09:01.066+0000] {logging_mixin.py:154} INFO - [2023-11-16T00:09:01.065+0000] {dagbag.py:536} INFO - Filling up the DagBag from /home/airflow/.local/lib/python3.8/site-packages/airflow/example_dags/example_nested_branch_dag.py
[2023-11-16T00:09:01.073+0000] {processor.py:839} INFO - DAG(s) dict_keys(['example_nested_branch_dag']) retrieved from /home/airflow/.local/lib/python3.8/site-packages/airflow/example_dags/example_nested_branch_dag.py
[2023-11-16T00:09:01.090+0000] {logging_mixin.py:154} INFO - [2023-11-16T00:09:01.089+0000] {dag.py:2941} INFO - Sync 1 DAGs
[2023-11-16T00:09:01.105+0000] {logging_mixin.py:154} INFO - [2023-11-16T00:09:01.105+0000] {dag.py:3722} INFO - Setting next_dagrun for example_nested_branch_dag to 2023-11-15T00:00:00+00:00, run_after=2023-11-16T00:00:00+00:00
[2023-11-16T00:09:01.116+0000] {processor.py:179} INFO - Processing /home/airflow/.local/lib/python3.8/site-packages/airflow/example_dags/example_nested_branch_dag.py took 0.057 seconds
[2023-11-16T00:09:31.421+0000] {processor.py:157} INFO - Started process (PID=193) to work on /home/airflow/.local/lib/python3.8/site-packages/airflow/example_dags/example_nested_branch_dag.py
[2023-11-16T00:09:31.422+0000] {processor.py:829} INFO - Processing file /home/airflow/.local/lib/python3.8/site-packages/airflow/example_dags/example_nested_branch_dag.py for tasks to queue
[2023-11-16T00:09:31.423+0000] {logging_mixin.py:154} INFO - [2023-11-16T00:09:31.423+0000] {dagbag.py:536} INFO - Filling up the DagBag from /home/airflow/.local/lib/python3.8/site-packages/airflow/example_dags/example_nested_branch_dag.py
[2023-11-16T00:09:31.430+0000] {processor.py:839} INFO - DAG(s) dict_keys(['example_nested_branch_dag']) retrieved from /home/airflow/.local/lib/python3.8/site-packages/airflow/example_dags/example_nested_branch_dag.py
[2023-11-16T00:09:31.445+0000] {logging_mixin.py:154} INFO - [2023-11-16T00:09:31.445+0000] {dag.py:2941} INFO - Sync 1 DAGs
[2023-11-16T00:09:31.460+0000] {logging_mixin.py:154} INFO - [2023-11-16T00:09:31.460+0000] {dag.py:3722} INFO - Setting next_dagrun for example_nested_branch_dag to 2023-11-15T00:00:00+00:00, run_after=2023-11-16T00:00:00+00:00
[2023-11-16T00:09:31.472+0000] {processor.py:179} INFO - Processing /home/airflow/.local/lib/python3.8/site-packages/airflow/example_dags/example_nested_branch_dag.py took 0.054 seconds
[2023-11-16T00:10:01.622+0000] {processor.py:157} INFO - Started process (PID=250) to work on /home/airflow/.local/lib/python3.8/site-packages/airflow/example_dags/example_nested_branch_dag.py
[2023-11-16T00:10:01.623+0000] {processor.py:829} INFO - Processing file /home/airflow/.local/lib/python3.8/site-packages/airflow/example_dags/example_nested_branch_dag.py for tasks to queue
[2023-11-16T00:10:01.625+0000] {logging_mixin.py:154} INFO - [2023-11-16T00:10:01.624+0000] {dagbag.py:536} INFO - Filling up the DagBag from /home/airflow/.local/lib/python3.8/site-packages/airflow/example_dags/example_nested_branch_dag.py
[2023-11-16T00:10:01.631+0000] {processor.py:839} INFO - DAG(s) dict_keys(['example_nested_branch_dag']) retrieved from /home/airflow/.local/lib/python3.8/site-packages/airflow/example_dags/example_nested_branch_dag.py
[2023-11-16T00:10:01.646+0000] {logging_mixin.py:154} INFO - [2023-11-16T00:10:01.646+0000] {dag.py:2941} INFO - Sync 1 DAGs
[2023-11-16T00:10:01.660+0000] {logging_mixin.py:154} INFO - [2023-11-16T00:10:01.660+0000] {dag.py:3722} INFO - Setting next_dagrun for example_nested_branch_dag to 2023-11-15T00:00:00+00:00, run_after=2023-11-16T00:00:00+00:00
[2023-11-16T00:10:01.672+0000] {processor.py:179} INFO - Processing /home/airflow/.local/lib/python3.8/site-packages/airflow/example_dags/example_nested_branch_dag.py took 0.052 seconds
[2023-11-16T00:10:32.506+0000] {processor.py:157} INFO - Started process (PID=307) to work on /home/airflow/.local/lib/python3.8/site-packages/airflow/example_dags/example_nested_branch_dag.py
[2023-11-16T00:10:32.507+0000] {processor.py:829} INFO - Processing file /home/airflow/.local/lib/python3.8/site-packages/airflow/example_dags/example_nested_branch_dag.py for tasks to queue
[2023-11-16T00:10:32.509+0000] {logging_mixin.py:154} INFO - [2023-11-16T00:10:32.509+0000] {dagbag.py:536} INFO - Filling up the DagBag from /home/airflow/.local/lib/python3.8/site-packages/airflow/example_dags/example_nested_branch_dag.py
[2023-11-16T00:10:32.515+0000] {processor.py:839} INFO - DAG(s) dict_keys(['example_nested_branch_dag']) retrieved from /home/airflow/.local/lib/python3.8/site-packages/airflow/example_dags/example_nested_branch_dag.py
[2023-11-16T00:10:32.529+0000] {logging_mixin.py:154} INFO - [2023-11-16T00:10:32.529+0000] {dag.py:2941} INFO - Sync 1 DAGs
[2023-11-16T00:10:32.545+0000] {logging_mixin.py:154} INFO - [2023-11-16T00:10:32.545+0000] {dag.py:3722} INFO - Setting next_dagrun for example_nested_branch_dag to 2023-11-15T00:00:00+00:00, run_after=2023-11-16T00:00:00+00:00
[2023-11-16T00:10:32.557+0000] {processor.py:179} INFO - Processing /home/airflow/.local/lib/python3.8/site-packages/airflow/example_dags/example_nested_branch_dag.py took 0.054 seconds
[2023-11-16T00:11:02.844+0000] {processor.py:157} INFO - Started process (PID=364) to work on /home/airflow/.local/lib/python3.8/site-packages/airflow/example_dags/example_nested_branch_dag.py
[2023-11-16T00:11:02.845+0000] {processor.py:829} INFO - Processing file /home/airflow/.local/lib/python3.8/site-packages/airflow/example_dags/example_nested_branch_dag.py for tasks to queue
[2023-11-16T00:11:02.846+0000] {logging_mixin.py:154} INFO - [2023-11-16T00:11:02.846+0000] {dagbag.py:536} INFO - Filling up the DagBag from /home/airflow/.local/lib/python3.8/site-packages/airflow/example_dags/example_nested_branch_dag.py
[2023-11-16T00:11:02.853+0000] {processor.py:839} INFO - DAG(s) dict_keys(['example_nested_branch_dag']) retrieved from /home/airflow/.local/lib/python3.8/site-packages/airflow/example_dags/example_nested_branch_dag.py
[2023-11-16T00:11:02.867+0000] {logging_mixin.py:154} INFO - [2023-11-16T00:11:02.867+0000] {dag.py:2941} INFO - Sync 1 DAGs
[2023-11-16T00:11:02.881+0000] {logging_mixin.py:154} INFO - [2023-11-16T00:11:02.881+0000] {dag.py:3722} INFO - Setting next_dagrun for example_nested_branch_dag to 2023-11-15T00:00:00+00:00, run_after=2023-11-16T00:00:00+00:00
[2023-11-16T00:11:02.892+0000] {processor.py:179} INFO - Processing /home/airflow/.local/lib/python3.8/site-packages/airflow/example_dags/example_nested_branch_dag.py took 0.050 seconds
[2023-11-16T00:11:33.967+0000] {processor.py:157} INFO - Started process (PID=421) to work on /home/airflow/.local/lib/python3.8/site-packages/airflow/example_dags/example_nested_branch_dag.py
[2023-11-16T00:11:33.967+0000] {processor.py:829} INFO - Processing file /home/airflow/.local/lib/python3.8/site-packages/airflow/example_dags/example_nested_branch_dag.py for tasks to queue
[2023-11-16T00:11:33.969+0000] {logging_mixin.py:154} INFO - [2023-11-16T00:11:33.969+0000] {dagbag.py:536} INFO - Filling up the DagBag from /home/airflow/.local/lib/python3.8/site-packages/airflow/example_dags/example_nested_branch_dag.py
[2023-11-16T00:11:33.976+0000] {processor.py:839} INFO - DAG(s) dict_keys(['example_nested_branch_dag']) retrieved from /home/airflow/.local/lib/python3.8/site-packages/airflow/example_dags/example_nested_branch_dag.py
[2023-11-16T00:11:33.992+0000] {logging_mixin.py:154} INFO - [2023-11-16T00:11:33.992+0000] {dag.py:2941} INFO - Sync 1 DAGs
[2023-11-16T00:11:34.008+0000] {logging_mixin.py:154} INFO - [2023-11-16T00:11:34.008+0000] {dag.py:3722} INFO - Setting next_dagrun for example_nested_branch_dag to 2023-11-15T00:00:00+00:00, run_after=2023-11-16T00:00:00+00:00
[2023-11-16T00:11:34.021+0000] {processor.py:179} INFO - Processing /home/airflow/.local/lib/python3.8/site-packages/airflow/example_dags/example_nested_branch_dag.py took 0.057 seconds
[2023-11-16T00:12:04.980+0000] {processor.py:157} INFO - Started process (PID=478) to work on /home/airflow/.local/lib/python3.8/site-packages/airflow/example_dags/example_nested_branch_dag.py
[2023-11-16T00:12:04.981+0000] {processor.py:829} INFO - Processing file /home/airflow/.local/lib/python3.8/site-packages/airflow/example_dags/example_nested_branch_dag.py for tasks to queue
[2023-11-16T00:12:04.983+0000] {logging_mixin.py:154} INFO - [2023-11-16T00:12:04.983+0000] {dagbag.py:536} INFO - Filling up the DagBag from /home/airflow/.local/lib/python3.8/site-packages/airflow/example_dags/example_nested_branch_dag.py
[2023-11-16T00:12:04.991+0000] {processor.py:839} INFO - DAG(s) dict_keys(['example_nested_branch_dag']) retrieved from /home/airflow/.local/lib/python3.8/site-packages/airflow/example_dags/example_nested_branch_dag.py
[2023-11-16T00:12:05.007+0000] {logging_mixin.py:154} INFO - [2023-11-16T00:12:05.007+0000] {dag.py:2941} INFO - Sync 1 DAGs
[2023-11-16T00:12:05.022+0000] {logging_mixin.py:154} INFO - [2023-11-16T00:12:05.022+0000] {dag.py:3722} INFO - Setting next_dagrun for example_nested_branch_dag to 2023-11-15T00:00:00+00:00, run_after=2023-11-16T00:00:00+00:00
[2023-11-16T00:12:05.034+0000] {processor.py:179} INFO - Processing /home/airflow/.local/lib/python3.8/site-packages/airflow/example_dags/example_nested_branch_dag.py took 0.056 seconds
[2023-11-16T00:12:35.264+0000] {processor.py:157} INFO - Started process (PID=536) to work on /home/airflow/.local/lib/python3.8/site-packages/airflow/example_dags/example_nested_branch_dag.py
[2023-11-16T00:12:35.265+0000] {processor.py:829} INFO - Processing file /home/airflow/.local/lib/python3.8/site-packages/airflow/example_dags/example_nested_branch_dag.py for tasks to queue
[2023-11-16T00:12:35.266+0000] {logging_mixin.py:154} INFO - [2023-11-16T00:12:35.266+0000] {dagbag.py:536} INFO - Filling up the DagBag from /home/airflow/.local/lib/python3.8/site-packages/airflow/example_dags/example_nested_branch_dag.py
[2023-11-16T00:12:35.273+0000] {processor.py:839} INFO - DAG(s) dict_keys(['example_nested_branch_dag']) retrieved from /home/airflow/.local/lib/python3.8/site-packages/airflow/example_dags/example_nested_branch_dag.py
[2023-11-16T00:12:35.287+0000] {logging_mixin.py:154} INFO - [2023-11-16T00:12:35.287+0000] {dag.py:2941} INFO - Sync 1 DAGs
[2023-11-16T00:12:35.302+0000] {logging_mixin.py:154} INFO - [2023-11-16T00:12:35.302+0000] {dag.py:3722} INFO - Setting next_dagrun for example_nested_branch_dag to 2023-11-15T00:00:00+00:00, run_after=2023-11-16T00:00:00+00:00
[2023-11-16T00:12:35.315+0000] {processor.py:179} INFO - Processing /home/airflow/.local/lib/python3.8/site-packages/airflow/example_dags/example_nested_branch_dag.py took 0.054 seconds
[2023-11-16T00:13:05.429+0000] {processor.py:157} INFO - Started process (PID=593) to work on /home/airflow/.local/lib/python3.8/site-packages/airflow/example_dags/example_nested_branch_dag.py
[2023-11-16T00:13:05.430+0000] {processor.py:829} INFO - Processing file /home/airflow/.local/lib/python3.8/site-packages/airflow/example_dags/example_nested_branch_dag.py for tasks to queue
[2023-11-16T00:13:05.431+0000] {logging_mixin.py:154} INFO - [2023-11-16T00:13:05.431+0000] {dagbag.py:536} INFO - Filling up the DagBag from /home/airflow/.local/lib/python3.8/site-packages/airflow/example_dags/example_nested_branch_dag.py
[2023-11-16T00:13:05.438+0000] {processor.py:839} INFO - DAG(s) dict_keys(['example_nested_branch_dag']) retrieved from /home/airflow/.local/lib/python3.8/site-packages/airflow/example_dags/example_nested_branch_dag.py
[2023-11-16T00:13:05.452+0000] {logging_mixin.py:154} INFO - [2023-11-16T00:13:05.452+0000] {dag.py:2941} INFO - Sync 1 DAGs
[2023-11-16T00:13:05.467+0000] {logging_mixin.py:154} INFO - [2023-11-16T00:13:05.467+0000] {dag.py:3722} INFO - Setting next_dagrun for example_nested_branch_dag to 2023-11-15T00:00:00+00:00, run_after=2023-11-16T00:00:00+00:00
[2023-11-16T00:13:05.480+0000] {processor.py:179} INFO - Processing /home/airflow/.local/lib/python3.8/site-packages/airflow/example_dags/example_nested_branch_dag.py took 0.053 seconds
[2023-11-16T00:13:36.508+0000] {processor.py:157} INFO - Started process (PID=650) to work on /home/airflow/.local/lib/python3.8/site-packages/airflow/example_dags/example_nested_branch_dag.py
[2023-11-16T00:13:36.509+0000] {processor.py:829} INFO - Processing file /home/airflow/.local/lib/python3.8/site-packages/airflow/example_dags/example_nested_branch_dag.py for tasks to queue
[2023-11-16T00:13:36.510+0000] {logging_mixin.py:154} INFO - [2023-11-16T00:13:36.510+0000] {dagbag.py:536} INFO - Filling up the DagBag from /home/airflow/.local/lib/python3.8/site-packages/airflow/example_dags/example_nested_branch_dag.py
[2023-11-16T00:13:36.517+0000] {processor.py:839} INFO - DAG(s) dict_keys(['example_nested_branch_dag']) retrieved from /home/airflow/.local/lib/python3.8/site-packages/airflow/example_dags/example_nested_branch_dag.py
[2023-11-16T00:13:36.530+0000] {logging_mixin.py:154} INFO - [2023-11-16T00:13:36.530+0000] {dag.py:2941} INFO - Sync 1 DAGs
[2023-11-16T00:13:36.544+0000] {logging_mixin.py:154} INFO - [2023-11-16T00:13:36.544+0000] {dag.py:3722} INFO - Setting next_dagrun for example_nested_branch_dag to 2023-11-15T00:00:00+00:00, run_after=2023-11-16T00:00:00+00:00
[2023-11-16T00:13:36.555+0000] {processor.py:179} INFO - Processing /home/airflow/.local/lib/python3.8/site-packages/airflow/example_dags/example_nested_branch_dag.py took 0.050 seconds
[2023-11-16T00:14:06.723+0000] {processor.py:157} INFO - Started process (PID=707) to work on /home/airflow/.local/lib/python3.8/site-packages/airflow/example_dags/example_nested_branch_dag.py
[2023-11-16T00:14:06.724+0000] {processor.py:829} INFO - Processing file /home/airflow/.local/lib/python3.8/site-packages/airflow/example_dags/example_nested_branch_dag.py for tasks to queue
[2023-11-16T00:14:06.725+0000] {logging_mixin.py:154} INFO - [2023-11-16T00:14:06.725+0000] {dagbag.py:536} INFO - Filling up the DagBag from /home/airflow/.local/lib/python3.8/site-packages/airflow/example_dags/example_nested_branch_dag.py
[2023-11-16T00:14:06.732+0000] {processor.py:839} INFO - DAG(s) dict_keys(['example_nested_branch_dag']) retrieved from /home/airflow/.local/lib/python3.8/site-packages/airflow/example_dags/example_nested_branch_dag.py
[2023-11-16T00:14:06.746+0000] {logging_mixin.py:154} INFO - [2023-11-16T00:14:06.746+0000] {dag.py:2941} INFO - Sync 1 DAGs
[2023-11-16T00:14:06.762+0000] {logging_mixin.py:154} INFO - [2023-11-16T00:14:06.762+0000] {dag.py:3722} INFO - Setting next_dagrun for example_nested_branch_dag to 2023-11-15T00:00:00+00:00, run_after=2023-11-16T00:00:00+00:00
[2023-11-16T00:14:06.775+0000] {processor.py:179} INFO - Processing /home/airflow/.local/lib/python3.8/site-packages/airflow/example_dags/example_nested_branch_dag.py took 0.054 seconds
[2023-11-16T00:14:37.841+0000] {processor.py:157} INFO - Started process (PID=764) to work on /home/airflow/.local/lib/python3.8/site-packages/airflow/example_dags/example_nested_branch_dag.py
[2023-11-16T00:14:37.841+0000] {processor.py:829} INFO - Processing file /home/airflow/.local/lib/python3.8/site-packages/airflow/example_dags/example_nested_branch_dag.py for tasks to queue
[2023-11-16T00:14:37.843+0000] {logging_mixin.py:154} INFO - [2023-11-16T00:14:37.843+0000] {dagbag.py:536} INFO - Filling up the DagBag from /home/airflow/.local/lib/python3.8/site-packages/airflow/example_dags/example_nested_branch_dag.py
[2023-11-16T00:14:37.849+0000] {processor.py:839} INFO - DAG(s) dict_keys(['example_nested_branch_dag']) retrieved from /home/airflow/.local/lib/python3.8/site-packages/airflow/example_dags/example_nested_branch_dag.py
[2023-11-16T00:14:37.863+0000] {logging_mixin.py:154} INFO - [2023-11-16T00:14:37.863+0000] {dag.py:2941} INFO - Sync 1 DAGs
[2023-11-16T00:14:37.879+0000] {logging_mixin.py:154} INFO - [2023-11-16T00:14:37.878+0000] {dag.py:3722} INFO - Setting next_dagrun for example_nested_branch_dag to 2023-11-15T00:00:00+00:00, run_after=2023-11-16T00:00:00+00:00
[2023-11-16T00:14:37.891+0000] {processor.py:179} INFO - Processing /home/airflow/.local/lib/python3.8/site-packages/airflow/example_dags/example_nested_branch_dag.py took 0.053 seconds
[2023-11-16T00:15:08.150+0000] {processor.py:157} INFO - Started process (PID=821) to work on /home/airflow/.local/lib/python3.8/site-packages/airflow/example_dags/example_nested_branch_dag.py
[2023-11-16T00:15:08.151+0000] {processor.py:829} INFO - Processing file /home/airflow/.local/lib/python3.8/site-packages/airflow/example_dags/example_nested_branch_dag.py for tasks to queue
[2023-11-16T00:15:08.152+0000] {logging_mixin.py:154} INFO - [2023-11-16T00:15:08.152+0000] {dagbag.py:536} INFO - Filling up the DagBag from /home/airflow/.local/lib/python3.8/site-packages/airflow/example_dags/example_nested_branch_dag.py
[2023-11-16T00:15:08.159+0000] {processor.py:839} INFO - DAG(s) dict_keys(['example_nested_branch_dag']) retrieved from /home/airflow/.local/lib/python3.8/site-packages/airflow/example_dags/example_nested_branch_dag.py
[2023-11-16T00:15:08.174+0000] {logging_mixin.py:154} INFO - [2023-11-16T00:15:08.174+0000] {dag.py:2941} INFO - Sync 1 DAGs
[2023-11-16T00:15:08.188+0000] {logging_mixin.py:154} INFO - [2023-11-16T00:15:08.188+0000] {dag.py:3722} INFO - Setting next_dagrun for example_nested_branch_dag to 2023-11-15T00:00:00+00:00, run_after=2023-11-16T00:00:00+00:00
[2023-11-16T00:15:08.200+0000] {processor.py:179} INFO - Processing /home/airflow/.local/lib/python3.8/site-packages/airflow/example_dags/example_nested_branch_dag.py took 0.053 seconds
[2023-11-16T00:15:39.288+0000] {processor.py:157} INFO - Started process (PID=878) to work on /home/airflow/.local/lib/python3.8/site-packages/airflow/example_dags/example_nested_branch_dag.py
[2023-11-16T00:15:39.289+0000] {processor.py:829} INFO - Processing file /home/airflow/.local/lib/python3.8/site-packages/airflow/example_dags/example_nested_branch_dag.py for tasks to queue
[2023-11-16T00:15:39.290+0000] {logging_mixin.py:154} INFO - [2023-11-16T00:15:39.290+0000] {dagbag.py:536} INFO - Filling up the DagBag from /home/airflow/.local/lib/python3.8/site-packages/airflow/example_dags/example_nested_branch_dag.py
[2023-11-16T00:15:39.297+0000] {processor.py:839} INFO - DAG(s) dict_keys(['example_nested_branch_dag']) retrieved from /home/airflow/.local/lib/python3.8/site-packages/airflow/example_dags/example_nested_branch_dag.py
[2023-11-16T00:15:39.312+0000] {logging_mixin.py:154} INFO - [2023-11-16T00:15:39.312+0000] {dag.py:2941} INFO - Sync 1 DAGs
[2023-11-16T00:15:39.327+0000] {logging_mixin.py:154} INFO - [2023-11-16T00:15:39.327+0000] {dag.py:3722} INFO - Setting next_dagrun for example_nested_branch_dag to 2023-11-15T00:00:00+00:00, run_after=2023-11-16T00:00:00+00:00
[2023-11-16T00:15:39.340+0000] {processor.py:179} INFO - Processing /home/airflow/.local/lib/python3.8/site-packages/airflow/example_dags/example_nested_branch_dag.py took 0.054 seconds
[2023-11-16T00:16:09.458+0000] {processor.py:157} INFO - Started process (PID=936) to work on /home/airflow/.local/lib/python3.8/site-packages/airflow/example_dags/example_nested_branch_dag.py
[2023-11-16T00:16:09.458+0000] {processor.py:829} INFO - Processing file /home/airflow/.local/lib/python3.8/site-packages/airflow/example_dags/example_nested_branch_dag.py for tasks to queue
[2023-11-16T00:16:09.460+0000] {logging_mixin.py:154} INFO - [2023-11-16T00:16:09.460+0000] {dagbag.py:536} INFO - Filling up the DagBag from /home/airflow/.local/lib/python3.8/site-packages/airflow/example_dags/example_nested_branch_dag.py
[2023-11-16T00:16:09.467+0000] {processor.py:839} INFO - DAG(s) dict_keys(['example_nested_branch_dag']) retrieved from /home/airflow/.local/lib/python3.8/site-packages/airflow/example_dags/example_nested_branch_dag.py
[2023-11-16T00:16:09.484+0000] {logging_mixin.py:154} INFO - [2023-11-16T00:16:09.483+0000] {dag.py:2941} INFO - Sync 1 DAGs
[2023-11-16T00:16:09.503+0000] {logging_mixin.py:154} INFO - [2023-11-16T00:16:09.503+0000] {dag.py:3722} INFO - Setting next_dagrun for example_nested_branch_dag to 2023-11-15T00:00:00+00:00, run_after=2023-11-16T00:00:00+00:00
[2023-11-16T00:16:09.517+0000] {processor.py:179} INFO - Processing /home/airflow/.local/lib/python3.8/site-packages/airflow/example_dags/example_nested_branch_dag.py took 0.061 seconds
[2023-11-16T00:16:39.664+0000] {processor.py:157} INFO - Started process (PID=992) to work on /home/airflow/.local/lib/python3.8/site-packages/airflow/example_dags/example_nested_branch_dag.py
[2023-11-16T00:16:39.665+0000] {processor.py:829} INFO - Processing file /home/airflow/.local/lib/python3.8/site-packages/airflow/example_dags/example_nested_branch_dag.py for tasks to queue
[2023-11-16T00:16:39.666+0000] {logging_mixin.py:154} INFO - [2023-11-16T00:16:39.666+0000] {dagbag.py:536} INFO - Filling up the DagBag from /home/airflow/.local/lib/python3.8/site-packages/airflow/example_dags/example_nested_branch_dag.py
[2023-11-16T00:16:39.673+0000] {processor.py:839} INFO - DAG(s) dict_keys(['example_nested_branch_dag']) retrieved from /home/airflow/.local/lib/python3.8/site-packages/airflow/example_dags/example_nested_branch_dag.py
[2023-11-16T00:16:39.687+0000] {logging_mixin.py:154} INFO - [2023-11-16T00:16:39.687+0000] {dag.py:2941} INFO - Sync 1 DAGs
[2023-11-16T00:16:39.703+0000] {logging_mixin.py:154} INFO - [2023-11-16T00:16:39.703+0000] {dag.py:3722} INFO - Setting next_dagrun for example_nested_branch_dag to 2023-11-15T00:00:00+00:00, run_after=2023-11-16T00:00:00+00:00
[2023-11-16T00:16:39.717+0000] {processor.py:179} INFO - Processing /home/airflow/.local/lib/python3.8/site-packages/airflow/example_dags/example_nested_branch_dag.py took 0.055 seconds
[2023-11-16T00:17:09.821+0000] {processor.py:157} INFO - Started process (PID=1049) to work on /home/airflow/.local/lib/python3.8/site-packages/airflow/example_dags/example_nested_branch_dag.py
[2023-11-16T00:17:09.822+0000] {processor.py:829} INFO - Processing file /home/airflow/.local/lib/python3.8/site-packages/airflow/example_dags/example_nested_branch_dag.py for tasks to queue
[2023-11-16T00:17:09.824+0000] {logging_mixin.py:154} INFO - [2023-11-16T00:17:09.824+0000] {dagbag.py:536} INFO - Filling up the DagBag from /home/airflow/.local/lib/python3.8/site-packages/airflow/example_dags/example_nested_branch_dag.py
[2023-11-16T00:17:09.832+0000] {processor.py:839} INFO - DAG(s) dict_keys(['example_nested_branch_dag']) retrieved from /home/airflow/.local/lib/python3.8/site-packages/airflow/example_dags/example_nested_branch_dag.py
[2023-11-16T00:17:09.848+0000] {logging_mixin.py:154} INFO - [2023-11-16T00:17:09.848+0000] {dag.py:2941} INFO - Sync 1 DAGs
[2023-11-16T00:17:09.863+0000] {logging_mixin.py:154} INFO - [2023-11-16T00:17:09.863+0000] {dag.py:3722} INFO - Setting next_dagrun for example_nested_branch_dag to 2023-11-15T00:00:00+00:00, run_after=2023-11-16T00:00:00+00:00
[2023-11-16T00:17:09.874+0000] {processor.py:179} INFO - Processing /home/airflow/.local/lib/python3.8/site-packages/airflow/example_dags/example_nested_branch_dag.py took 0.055 seconds
[2023-11-16T00:17:39.902+0000] {processor.py:157} INFO - Started process (PID=1106) to work on /home/airflow/.local/lib/python3.8/site-packages/airflow/example_dags/example_nested_branch_dag.py
[2023-11-16T00:17:39.903+0000] {processor.py:829} INFO - Processing file /home/airflow/.local/lib/python3.8/site-packages/airflow/example_dags/example_nested_branch_dag.py for tasks to queue
[2023-11-16T00:17:39.904+0000] {logging_mixin.py:154} INFO - [2023-11-16T00:17:39.904+0000] {dagbag.py:536} INFO - Filling up the DagBag from /home/airflow/.local/lib/python3.8/site-packages/airflow/example_dags/example_nested_branch_dag.py
[2023-11-16T00:17:39.910+0000] {processor.py:839} INFO - DAG(s) dict_keys(['example_nested_branch_dag']) retrieved from /home/airflow/.local/lib/python3.8/site-packages/airflow/example_dags/example_nested_branch_dag.py
[2023-11-16T00:17:39.924+0000] {logging_mixin.py:154} INFO - [2023-11-16T00:17:39.924+0000] {dag.py:2941} INFO - Sync 1 DAGs
[2023-11-16T00:17:39.938+0000] {logging_mixin.py:154} INFO - [2023-11-16T00:17:39.938+0000] {dag.py:3722} INFO - Setting next_dagrun for example_nested_branch_dag to 2023-11-15T00:00:00+00:00, run_after=2023-11-16T00:00:00+00:00
[2023-11-16T00:17:39.950+0000] {processor.py:179} INFO - Processing /home/airflow/.local/lib/python3.8/site-packages/airflow/example_dags/example_nested_branch_dag.py took 0.050 seconds
[2023-11-16T00:18:10.646+0000] {processor.py:157} INFO - Started process (PID=1162) to work on /home/airflow/.local/lib/python3.8/site-packages/airflow/example_dags/example_nested_branch_dag.py
[2023-11-16T00:18:10.647+0000] {processor.py:829} INFO - Processing file /home/airflow/.local/lib/python3.8/site-packages/airflow/example_dags/example_nested_branch_dag.py for tasks to queue
[2023-11-16T00:18:10.648+0000] {logging_mixin.py:154} INFO - [2023-11-16T00:18:10.648+0000] {dagbag.py:536} INFO - Filling up the DagBag from /home/airflow/.local/lib/python3.8/site-packages/airflow/example_dags/example_nested_branch_dag.py
[2023-11-16T00:18:10.655+0000] {processor.py:839} INFO - DAG(s) dict_keys(['example_nested_branch_dag']) retrieved from /home/airflow/.local/lib/python3.8/site-packages/airflow/example_dags/example_nested_branch_dag.py
[2023-11-16T00:18:10.670+0000] {logging_mixin.py:154} INFO - [2023-11-16T00:18:10.670+0000] {dag.py:2941} INFO - Sync 1 DAGs
[2023-11-16T00:18:10.685+0000] {logging_mixin.py:154} INFO - [2023-11-16T00:18:10.685+0000] {dag.py:3722} INFO - Setting next_dagrun for example_nested_branch_dag to 2023-11-15T00:00:00+00:00, run_after=2023-11-16T00:00:00+00:00
[2023-11-16T00:18:10.696+0000] {processor.py:179} INFO - Processing /home/airflow/.local/lib/python3.8/site-packages/airflow/example_dags/example_nested_branch_dag.py took 0.052 seconds
[2023-11-16T00:18:40.912+0000] {processor.py:157} INFO - Started process (PID=1219) to work on /home/airflow/.local/lib/python3.8/site-packages/airflow/example_dags/example_nested_branch_dag.py
[2023-11-16T00:18:40.913+0000] {processor.py:829} INFO - Processing file /home/airflow/.local/lib/python3.8/site-packages/airflow/example_dags/example_nested_branch_dag.py for tasks to queue
[2023-11-16T00:18:40.914+0000] {logging_mixin.py:154} INFO - [2023-11-16T00:18:40.914+0000] {dagbag.py:536} INFO - Filling up the DagBag from /home/airflow/.local/lib/python3.8/site-packages/airflow/example_dags/example_nested_branch_dag.py
[2023-11-16T00:18:40.921+0000] {processor.py:839} INFO - DAG(s) dict_keys(['example_nested_branch_dag']) retrieved from /home/airflow/.local/lib/python3.8/site-packages/airflow/example_dags/example_nested_branch_dag.py
[2023-11-16T00:18:40.935+0000] {logging_mixin.py:154} INFO - [2023-11-16T00:18:40.935+0000] {dag.py:2941} INFO - Sync 1 DAGs
[2023-11-16T00:18:40.949+0000] {logging_mixin.py:154} INFO - [2023-11-16T00:18:40.949+0000] {dag.py:3722} INFO - Setting next_dagrun for example_nested_branch_dag to 2023-11-15T00:00:00+00:00, run_after=2023-11-16T00:00:00+00:00
[2023-11-16T00:18:40.961+0000] {processor.py:179} INFO - Processing /home/airflow/.local/lib/python3.8/site-packages/airflow/example_dags/example_nested_branch_dag.py took 0.051 seconds
[2023-11-16T00:19:11.133+0000] {processor.py:157} INFO - Started process (PID=1276) to work on /home/airflow/.local/lib/python3.8/site-packages/airflow/example_dags/example_nested_branch_dag.py
[2023-11-16T00:19:11.133+0000] {processor.py:829} INFO - Processing file /home/airflow/.local/lib/python3.8/site-packages/airflow/example_dags/example_nested_branch_dag.py for tasks to queue
[2023-11-16T00:19:11.135+0000] {logging_mixin.py:154} INFO - [2023-11-16T00:19:11.135+0000] {dagbag.py:536} INFO - Filling up the DagBag from /home/airflow/.local/lib/python3.8/site-packages/airflow/example_dags/example_nested_branch_dag.py
[2023-11-16T00:19:11.141+0000] {processor.py:839} INFO - DAG(s) dict_keys(['example_nested_branch_dag']) retrieved from /home/airflow/.local/lib/python3.8/site-packages/airflow/example_dags/example_nested_branch_dag.py
[2023-11-16T00:19:11.156+0000] {logging_mixin.py:154} INFO - [2023-11-16T00:19:11.155+0000] {dag.py:2941} INFO - Sync 1 DAGs
[2023-11-16T00:19:11.171+0000] {logging_mixin.py:154} INFO - [2023-11-16T00:19:11.171+0000] {dag.py:3722} INFO - Setting next_dagrun for example_nested_branch_dag to 2023-11-15T00:00:00+00:00, run_after=2023-11-16T00:00:00+00:00
[2023-11-16T00:19:11.184+0000] {processor.py:179} INFO - Processing /home/airflow/.local/lib/python3.8/site-packages/airflow/example_dags/example_nested_branch_dag.py took 0.053 seconds
[2023-11-16T00:19:42.235+0000] {processor.py:157} INFO - Started process (PID=1334) to work on /home/airflow/.local/lib/python3.8/site-packages/airflow/example_dags/example_nested_branch_dag.py
[2023-11-16T00:19:42.236+0000] {processor.py:829} INFO - Processing file /home/airflow/.local/lib/python3.8/site-packages/airflow/example_dags/example_nested_branch_dag.py for tasks to queue
[2023-11-16T00:19:42.238+0000] {logging_mixin.py:154} INFO - [2023-11-16T00:19:42.238+0000] {dagbag.py:536} INFO - Filling up the DagBag from /home/airflow/.local/lib/python3.8/site-packages/airflow/example_dags/example_nested_branch_dag.py
[2023-11-16T00:19:42.245+0000] {processor.py:839} INFO - DAG(s) dict_keys(['example_nested_branch_dag']) retrieved from /home/airflow/.local/lib/python3.8/site-packages/airflow/example_dags/example_nested_branch_dag.py
[2023-11-16T00:19:42.261+0000] {logging_mixin.py:154} INFO - [2023-11-16T00:19:42.260+0000] {dag.py:2941} INFO - Sync 1 DAGs
[2023-11-16T00:19:42.276+0000] {logging_mixin.py:154} INFO - [2023-11-16T00:19:42.276+0000] {dag.py:3722} INFO - Setting next_dagrun for example_nested_branch_dag to 2023-11-15T00:00:00+00:00, run_after=2023-11-16T00:00:00+00:00
[2023-11-16T00:19:42.288+0000] {processor.py:179} INFO - Processing /home/airflow/.local/lib/python3.8/site-packages/airflow/example_dags/example_nested_branch_dag.py took 0.055 seconds
[2023-11-16T00:20:12.679+0000] {processor.py:157} INFO - Started process (PID=1393) to work on /home/airflow/.local/lib/python3.8/site-packages/airflow/example_dags/example_nested_branch_dag.py
[2023-11-16T00:20:12.679+0000] {processor.py:829} INFO - Processing file /home/airflow/.local/lib/python3.8/site-packages/airflow/example_dags/example_nested_branch_dag.py for tasks to queue
[2023-11-16T00:20:12.681+0000] {logging_mixin.py:154} INFO - [2023-11-16T00:20:12.681+0000] {dagbag.py:536} INFO - Filling up the DagBag from /home/airflow/.local/lib/python3.8/site-packages/airflow/example_dags/example_nested_branch_dag.py
[2023-11-16T00:20:12.688+0000] {processor.py:839} INFO - DAG(s) dict_keys(['example_nested_branch_dag']) retrieved from /home/airflow/.local/lib/python3.8/site-packages/airflow/example_dags/example_nested_branch_dag.py
[2023-11-16T00:20:12.702+0000] {logging_mixin.py:154} INFO - [2023-11-16T00:20:12.702+0000] {dag.py:2941} INFO - Sync 1 DAGs
[2023-11-16T00:20:12.717+0000] {logging_mixin.py:154} INFO - [2023-11-16T00:20:12.716+0000] {dag.py:3722} INFO - Setting next_dagrun for example_nested_branch_dag to 2023-11-15T00:00:00+00:00, run_after=2023-11-16T00:00:00+00:00
[2023-11-16T00:20:12.731+0000] {processor.py:179} INFO - Processing /home/airflow/.local/lib/python3.8/site-packages/airflow/example_dags/example_nested_branch_dag.py took 0.054 seconds
[2023-11-16T00:20:43.057+0000] {processor.py:157} INFO - Started process (PID=1449) to work on /home/airflow/.local/lib/python3.8/site-packages/airflow/example_dags/example_nested_branch_dag.py
[2023-11-16T00:20:43.058+0000] {processor.py:829} INFO - Processing file /home/airflow/.local/lib/python3.8/site-packages/airflow/example_dags/example_nested_branch_dag.py for tasks to queue
[2023-11-16T00:20:43.060+0000] {logging_mixin.py:154} INFO - [2023-11-16T00:20:43.060+0000] {dagbag.py:536} INFO - Filling up the DagBag from /home/airflow/.local/lib/python3.8/site-packages/airflow/example_dags/example_nested_branch_dag.py
[2023-11-16T00:20:43.070+0000] {processor.py:839} INFO - DAG(s) dict_keys(['example_nested_branch_dag']) retrieved from /home/airflow/.local/lib/python3.8/site-packages/airflow/example_dags/example_nested_branch_dag.py
[2023-11-16T00:20:43.088+0000] {logging_mixin.py:154} INFO - [2023-11-16T00:20:43.087+0000] {dag.py:2941} INFO - Sync 1 DAGs
[2023-11-16T00:20:43.104+0000] {logging_mixin.py:154} INFO - [2023-11-16T00:20:43.104+0000] {dag.py:3722} INFO - Setting next_dagrun for example_nested_branch_dag to 2023-11-15T00:00:00+00:00, run_after=2023-11-16T00:00:00+00:00
[2023-11-16T00:20:43.118+0000] {processor.py:179} INFO - Processing /home/airflow/.local/lib/python3.8/site-packages/airflow/example_dags/example_nested_branch_dag.py took 0.064 seconds
[2023-11-16T00:21:14.317+0000] {processor.py:157} INFO - Started process (PID=1506) to work on /home/airflow/.local/lib/python3.8/site-packages/airflow/example_dags/example_nested_branch_dag.py
[2023-11-16T00:21:14.318+0000] {processor.py:829} INFO - Processing file /home/airflow/.local/lib/python3.8/site-packages/airflow/example_dags/example_nested_branch_dag.py for tasks to queue
[2023-11-16T00:21:14.319+0000] {logging_mixin.py:154} INFO - [2023-11-16T00:21:14.319+0000] {dagbag.py:536} INFO - Filling up the DagBag from /home/airflow/.local/lib/python3.8/site-packages/airflow/example_dags/example_nested_branch_dag.py
[2023-11-16T00:21:14.326+0000] {processor.py:839} INFO - DAG(s) dict_keys(['example_nested_branch_dag']) retrieved from /home/airflow/.local/lib/python3.8/site-packages/airflow/example_dags/example_nested_branch_dag.py
[2023-11-16T00:21:14.340+0000] {logging_mixin.py:154} INFO - [2023-11-16T00:21:14.340+0000] {dag.py:2941} INFO - Sync 1 DAGs
[2023-11-16T00:21:14.356+0000] {logging_mixin.py:154} INFO - [2023-11-16T00:21:14.356+0000] {dag.py:3722} INFO - Setting next_dagrun for example_nested_branch_dag to 2023-11-15T00:00:00+00:00, run_after=2023-11-16T00:00:00+00:00
[2023-11-16T00:21:14.369+0000] {processor.py:179} INFO - Processing /home/airflow/.local/lib/python3.8/site-packages/airflow/example_dags/example_nested_branch_dag.py took 0.054 seconds
[2023-11-16T00:21:45.255+0000] {processor.py:157} INFO - Started process (PID=1563) to work on /home/airflow/.local/lib/python3.8/site-packages/airflow/example_dags/example_nested_branch_dag.py
[2023-11-16T00:21:45.256+0000] {processor.py:829} INFO - Processing file /home/airflow/.local/lib/python3.8/site-packages/airflow/example_dags/example_nested_branch_dag.py for tasks to queue
[2023-11-16T00:21:45.258+0000] {logging_mixin.py:154} INFO - [2023-11-16T00:21:45.257+0000] {dagbag.py:536} INFO - Filling up the DagBag from /home/airflow/.local/lib/python3.8/site-packages/airflow/example_dags/example_nested_branch_dag.py
[2023-11-16T00:21:45.264+0000] {processor.py:839} INFO - DAG(s) dict_keys(['example_nested_branch_dag']) retrieved from /home/airflow/.local/lib/python3.8/site-packages/airflow/example_dags/example_nested_branch_dag.py
[2023-11-16T00:21:45.279+0000] {logging_mixin.py:154} INFO - [2023-11-16T00:21:45.278+0000] {dag.py:2941} INFO - Sync 1 DAGs
[2023-11-16T00:21:45.392+0000] {logging_mixin.py:154} INFO - [2023-11-16T00:21:45.392+0000] {dag.py:3722} INFO - Setting next_dagrun for example_nested_branch_dag to 2023-11-15T00:00:00+00:00, run_after=2023-11-16T00:00:00+00:00
[2023-11-16T00:21:45.405+0000] {processor.py:179} INFO - Processing /home/airflow/.local/lib/python3.8/site-packages/airflow/example_dags/example_nested_branch_dag.py took 0.152 seconds
[2023-11-16T00:22:16.251+0000] {processor.py:157} INFO - Started process (PID=1620) to work on /home/airflow/.local/lib/python3.8/site-packages/airflow/example_dags/example_nested_branch_dag.py
[2023-11-16T00:22:16.251+0000] {processor.py:829} INFO - Processing file /home/airflow/.local/lib/python3.8/site-packages/airflow/example_dags/example_nested_branch_dag.py for tasks to queue
[2023-11-16T00:22:16.253+0000] {logging_mixin.py:154} INFO - [2023-11-16T00:22:16.253+0000] {dagbag.py:536} INFO - Filling up the DagBag from /home/airflow/.local/lib/python3.8/site-packages/airflow/example_dags/example_nested_branch_dag.py
[2023-11-16T00:22:16.259+0000] {processor.py:839} INFO - DAG(s) dict_keys(['example_nested_branch_dag']) retrieved from /home/airflow/.local/lib/python3.8/site-packages/airflow/example_dags/example_nested_branch_dag.py
[2023-11-16T00:22:16.273+0000] {logging_mixin.py:154} INFO - [2023-11-16T00:22:16.273+0000] {dag.py:2941} INFO - Sync 1 DAGs
[2023-11-16T00:22:16.288+0000] {logging_mixin.py:154} INFO - [2023-11-16T00:22:16.288+0000] {dag.py:3722} INFO - Setting next_dagrun for example_nested_branch_dag to 2023-11-15T00:00:00+00:00, run_after=2023-11-16T00:00:00+00:00
[2023-11-16T00:22:16.300+0000] {processor.py:179} INFO - Processing /home/airflow/.local/lib/python3.8/site-packages/airflow/example_dags/example_nested_branch_dag.py took 0.051 seconds
[2023-11-16T00:22:47.107+0000] {processor.py:157} INFO - Started process (PID=1677) to work on /home/airflow/.local/lib/python3.8/site-packages/airflow/example_dags/example_nested_branch_dag.py
[2023-11-16T00:22:47.108+0000] {processor.py:829} INFO - Processing file /home/airflow/.local/lib/python3.8/site-packages/airflow/example_dags/example_nested_branch_dag.py for tasks to queue
[2023-11-16T00:22:47.109+0000] {logging_mixin.py:154} INFO - [2023-11-16T00:22:47.109+0000] {dagbag.py:536} INFO - Filling up the DagBag from /home/airflow/.local/lib/python3.8/site-packages/airflow/example_dags/example_nested_branch_dag.py
[2023-11-16T00:22:47.116+0000] {processor.py:839} INFO - DAG(s) dict_keys(['example_nested_branch_dag']) retrieved from /home/airflow/.local/lib/python3.8/site-packages/airflow/example_dags/example_nested_branch_dag.py
[2023-11-16T00:22:47.131+0000] {logging_mixin.py:154} INFO - [2023-11-16T00:22:47.131+0000] {dag.py:2941} INFO - Sync 1 DAGs
[2023-11-16T00:22:47.146+0000] {logging_mixin.py:154} INFO - [2023-11-16T00:22:47.146+0000] {dag.py:3722} INFO - Setting next_dagrun for example_nested_branch_dag to 2023-11-15T00:00:00+00:00, run_after=2023-11-16T00:00:00+00:00
[2023-11-16T00:22:47.158+0000] {processor.py:179} INFO - Processing /home/airflow/.local/lib/python3.8/site-packages/airflow/example_dags/example_nested_branch_dag.py took 0.053 seconds
[2023-11-16T00:23:17.277+0000] {processor.py:157} INFO - Started process (PID=1734) to work on /home/airflow/.local/lib/python3.8/site-packages/airflow/example_dags/example_nested_branch_dag.py
[2023-11-16T00:23:17.278+0000] {processor.py:829} INFO - Processing file /home/airflow/.local/lib/python3.8/site-packages/airflow/example_dags/example_nested_branch_dag.py for tasks to queue
[2023-11-16T00:23:17.280+0000] {logging_mixin.py:154} INFO - [2023-11-16T00:23:17.279+0000] {dagbag.py:536} INFO - Filling up the DagBag from /home/airflow/.local/lib/python3.8/site-packages/airflow/example_dags/example_nested_branch_dag.py
[2023-11-16T00:23:17.286+0000] {processor.py:839} INFO - DAG(s) dict_keys(['example_nested_branch_dag']) retrieved from /home/airflow/.local/lib/python3.8/site-packages/airflow/example_dags/example_nested_branch_dag.py
[2023-11-16T00:23:17.301+0000] {logging_mixin.py:154} INFO - [2023-11-16T00:23:17.301+0000] {dag.py:2941} INFO - Sync 1 DAGs
[2023-11-16T00:23:17.407+0000] {logging_mixin.py:154} INFO - [2023-11-16T00:23:17.407+0000] {dag.py:3722} INFO - Setting next_dagrun for example_nested_branch_dag to 2023-11-15T00:00:00+00:00, run_after=2023-11-16T00:00:00+00:00
[2023-11-16T00:23:17.419+0000] {processor.py:179} INFO - Processing /home/airflow/.local/lib/python3.8/site-packages/airflow/example_dags/example_nested_branch_dag.py took 0.144 seconds
[2023-11-16T00:23:48.338+0000] {processor.py:157} INFO - Started process (PID=1791) to work on /home/airflow/.local/lib/python3.8/site-packages/airflow/example_dags/example_nested_branch_dag.py
[2023-11-16T00:23:48.339+0000] {processor.py:829} INFO - Processing file /home/airflow/.local/lib/python3.8/site-packages/airflow/example_dags/example_nested_branch_dag.py for tasks to queue
[2023-11-16T00:23:48.341+0000] {logging_mixin.py:154} INFO - [2023-11-16T00:23:48.340+0000] {dagbag.py:536} INFO - Filling up the DagBag from /home/airflow/.local/lib/python3.8/site-packages/airflow/example_dags/example_nested_branch_dag.py
[2023-11-16T00:23:48.347+0000] {processor.py:839} INFO - DAG(s) dict_keys(['example_nested_branch_dag']) retrieved from /home/airflow/.local/lib/python3.8/site-packages/airflow/example_dags/example_nested_branch_dag.py
[2023-11-16T00:23:48.362+0000] {logging_mixin.py:154} INFO - [2023-11-16T00:23:48.361+0000] {dag.py:2941} INFO - Sync 1 DAGs
[2023-11-16T00:23:48.468+0000] {logging_mixin.py:154} INFO - [2023-11-16T00:23:48.468+0000] {dag.py:3722} INFO - Setting next_dagrun for example_nested_branch_dag to 2023-11-15T00:00:00+00:00, run_after=2023-11-16T00:00:00+00:00
[2023-11-16T00:23:48.478+0000] {processor.py:179} INFO - Processing /home/airflow/.local/lib/python3.8/site-packages/airflow/example_dags/example_nested_branch_dag.py took 0.142 seconds
[2023-11-16T00:24:19.017+0000] {processor.py:157} INFO - Started process (PID=1848) to work on /home/airflow/.local/lib/python3.8/site-packages/airflow/example_dags/example_nested_branch_dag.py
[2023-11-16T00:24:19.017+0000] {processor.py:829} INFO - Processing file /home/airflow/.local/lib/python3.8/site-packages/airflow/example_dags/example_nested_branch_dag.py for tasks to queue
[2023-11-16T00:24:19.019+0000] {logging_mixin.py:154} INFO - [2023-11-16T00:24:19.019+0000] {dagbag.py:536} INFO - Filling up the DagBag from /home/airflow/.local/lib/python3.8/site-packages/airflow/example_dags/example_nested_branch_dag.py
[2023-11-16T00:24:19.026+0000] {processor.py:839} INFO - DAG(s) dict_keys(['example_nested_branch_dag']) retrieved from /home/airflow/.local/lib/python3.8/site-packages/airflow/example_dags/example_nested_branch_dag.py
[2023-11-16T00:24:19.040+0000] {logging_mixin.py:154} INFO - [2023-11-16T00:24:19.040+0000] {dag.py:2941} INFO - Sync 1 DAGs
[2023-11-16T00:24:19.064+0000] {logging_mixin.py:154} INFO - [2023-11-16T00:24:19.064+0000] {dag.py:3722} INFO - Setting next_dagrun for example_nested_branch_dag to 2023-11-15T00:00:00+00:00, run_after=2023-11-16T00:00:00+00:00
[2023-11-16T00:24:19.081+0000] {processor.py:179} INFO - Processing /home/airflow/.local/lib/python3.8/site-packages/airflow/example_dags/example_nested_branch_dag.py took 0.067 seconds
[2023-11-16T00:24:50.017+0000] {processor.py:157} INFO - Started process (PID=1905) to work on /home/airflow/.local/lib/python3.8/site-packages/airflow/example_dags/example_nested_branch_dag.py
[2023-11-16T00:24:50.018+0000] {processor.py:829} INFO - Processing file /home/airflow/.local/lib/python3.8/site-packages/airflow/example_dags/example_nested_branch_dag.py for tasks to queue
[2023-11-16T00:24:50.020+0000] {logging_mixin.py:154} INFO - [2023-11-16T00:24:50.019+0000] {dagbag.py:536} INFO - Filling up the DagBag from /home/airflow/.local/lib/python3.8/site-packages/airflow/example_dags/example_nested_branch_dag.py
[2023-11-16T00:24:50.027+0000] {processor.py:839} INFO - DAG(s) dict_keys(['example_nested_branch_dag']) retrieved from /home/airflow/.local/lib/python3.8/site-packages/airflow/example_dags/example_nested_branch_dag.py
[2023-11-16T00:24:50.041+0000] {logging_mixin.py:154} INFO - [2023-11-16T00:24:50.041+0000] {dag.py:2941} INFO - Sync 1 DAGs
[2023-11-16T00:24:50.056+0000] {logging_mixin.py:154} INFO - [2023-11-16T00:24:50.056+0000] {dag.py:3722} INFO - Setting next_dagrun for example_nested_branch_dag to 2023-11-15T00:00:00+00:00, run_after=2023-11-16T00:00:00+00:00
[2023-11-16T00:24:50.068+0000] {processor.py:179} INFO - Processing /home/airflow/.local/lib/python3.8/site-packages/airflow/example_dags/example_nested_branch_dag.py took 0.053 seconds
[2023-11-16T00:25:20.172+0000] {processor.py:157} INFO - Started process (PID=1962) to work on /home/airflow/.local/lib/python3.8/site-packages/airflow/example_dags/example_nested_branch_dag.py
[2023-11-16T00:25:20.173+0000] {processor.py:829} INFO - Processing file /home/airflow/.local/lib/python3.8/site-packages/airflow/example_dags/example_nested_branch_dag.py for tasks to queue
[2023-11-16T00:25:20.174+0000] {logging_mixin.py:154} INFO - [2023-11-16T00:25:20.174+0000] {dagbag.py:536} INFO - Filling up the DagBag from /home/airflow/.local/lib/python3.8/site-packages/airflow/example_dags/example_nested_branch_dag.py
[2023-11-16T00:25:20.181+0000] {processor.py:839} INFO - DAG(s) dict_keys(['example_nested_branch_dag']) retrieved from /home/airflow/.local/lib/python3.8/site-packages/airflow/example_dags/example_nested_branch_dag.py
[2023-11-16T00:25:20.196+0000] {logging_mixin.py:154} INFO - [2023-11-16T00:25:20.196+0000] {dag.py:2941} INFO - Sync 1 DAGs
[2023-11-16T00:25:20.213+0000] {logging_mixin.py:154} INFO - [2023-11-16T00:25:20.213+0000] {dag.py:3722} INFO - Setting next_dagrun for example_nested_branch_dag to 2023-11-15T00:00:00+00:00, run_after=2023-11-16T00:00:00+00:00
[2023-11-16T00:25:20.224+0000] {processor.py:179} INFO - Processing /home/airflow/.local/lib/python3.8/site-packages/airflow/example_dags/example_nested_branch_dag.py took 0.055 seconds
[2023-11-16T00:25:50.372+0000] {processor.py:157} INFO - Started process (PID=2019) to work on /home/airflow/.local/lib/python3.8/site-packages/airflow/example_dags/example_nested_branch_dag.py
[2023-11-16T00:25:50.373+0000] {processor.py:829} INFO - Processing file /home/airflow/.local/lib/python3.8/site-packages/airflow/example_dags/example_nested_branch_dag.py for tasks to queue
[2023-11-16T00:25:50.374+0000] {logging_mixin.py:154} INFO - [2023-11-16T00:25:50.374+0000] {dagbag.py:536} INFO - Filling up the DagBag from /home/airflow/.local/lib/python3.8/site-packages/airflow/example_dags/example_nested_branch_dag.py
[2023-11-16T00:25:50.381+0000] {processor.py:839} INFO - DAG(s) dict_keys(['example_nested_branch_dag']) retrieved from /home/airflow/.local/lib/python3.8/site-packages/airflow/example_dags/example_nested_branch_dag.py
[2023-11-16T00:25:50.396+0000] {logging_mixin.py:154} INFO - [2023-11-16T00:25:50.396+0000] {dag.py:2941} INFO - Sync 1 DAGs
[2023-11-16T00:25:50.412+0000] {logging_mixin.py:154} INFO - [2023-11-16T00:25:50.412+0000] {dag.py:3722} INFO - Setting next_dagrun for example_nested_branch_dag to 2023-11-15T00:00:00+00:00, run_after=2023-11-16T00:00:00+00:00
[2023-11-16T00:25:50.424+0000] {processor.py:179} INFO - Processing /home/airflow/.local/lib/python3.8/site-packages/airflow/example_dags/example_nested_branch_dag.py took 0.055 seconds
[2023-11-16T00:26:20.650+0000] {processor.py:157} INFO - Started process (PID=2076) to work on /home/airflow/.local/lib/python3.8/site-packages/airflow/example_dags/example_nested_branch_dag.py
[2023-11-16T00:26:20.651+0000] {processor.py:829} INFO - Processing file /home/airflow/.local/lib/python3.8/site-packages/airflow/example_dags/example_nested_branch_dag.py for tasks to queue
[2023-11-16T00:26:20.653+0000] {logging_mixin.py:154} INFO - [2023-11-16T00:26:20.652+0000] {dagbag.py:536} INFO - Filling up the DagBag from /home/airflow/.local/lib/python3.8/site-packages/airflow/example_dags/example_nested_branch_dag.py
[2023-11-16T00:26:20.659+0000] {processor.py:839} INFO - DAG(s) dict_keys(['example_nested_branch_dag']) retrieved from /home/airflow/.local/lib/python3.8/site-packages/airflow/example_dags/example_nested_branch_dag.py
[2023-11-16T00:26:20.673+0000] {logging_mixin.py:154} INFO - [2023-11-16T00:26:20.673+0000] {dag.py:2941} INFO - Sync 1 DAGs
[2023-11-16T00:26:20.687+0000] {logging_mixin.py:154} INFO - [2023-11-16T00:26:20.687+0000] {dag.py:3722} INFO - Setting next_dagrun for example_nested_branch_dag to 2023-11-15T00:00:00+00:00, run_after=2023-11-16T00:00:00+00:00
[2023-11-16T00:26:20.701+0000] {processor.py:179} INFO - Processing /home/airflow/.local/lib/python3.8/site-packages/airflow/example_dags/example_nested_branch_dag.py took 0.053 seconds
[2023-11-16T00:26:50.825+0000] {processor.py:157} INFO - Started process (PID=2133) to work on /home/airflow/.local/lib/python3.8/site-packages/airflow/example_dags/example_nested_branch_dag.py
[2023-11-16T00:26:50.825+0000] {processor.py:829} INFO - Processing file /home/airflow/.local/lib/python3.8/site-packages/airflow/example_dags/example_nested_branch_dag.py for tasks to queue
[2023-11-16T00:26:50.827+0000] {logging_mixin.py:154} INFO - [2023-11-16T00:26:50.827+0000] {dagbag.py:536} INFO - Filling up the DagBag from /home/airflow/.local/lib/python3.8/site-packages/airflow/example_dags/example_nested_branch_dag.py
[2023-11-16T00:26:50.834+0000] {processor.py:839} INFO - DAG(s) dict_keys(['example_nested_branch_dag']) retrieved from /home/airflow/.local/lib/python3.8/site-packages/airflow/example_dags/example_nested_branch_dag.py
[2023-11-16T00:26:50.847+0000] {logging_mixin.py:154} INFO - [2023-11-16T00:26:50.847+0000] {dag.py:2941} INFO - Sync 1 DAGs
[2023-11-16T00:26:50.862+0000] {logging_mixin.py:154} INFO - [2023-11-16T00:26:50.862+0000] {dag.py:3722} INFO - Setting next_dagrun for example_nested_branch_dag to 2023-11-15T00:00:00+00:00, run_after=2023-11-16T00:00:00+00:00
[2023-11-16T00:26:50.875+0000] {processor.py:179} INFO - Processing /home/airflow/.local/lib/python3.8/site-packages/airflow/example_dags/example_nested_branch_dag.py took 0.052 seconds
[2023-11-16T00:27:21.131+0000] {processor.py:157} INFO - Started process (PID=2190) to work on /home/airflow/.local/lib/python3.8/site-packages/airflow/example_dags/example_nested_branch_dag.py
[2023-11-16T00:27:21.131+0000] {processor.py:829} INFO - Processing file /home/airflow/.local/lib/python3.8/site-packages/airflow/example_dags/example_nested_branch_dag.py for tasks to queue
[2023-11-16T00:27:21.133+0000] {logging_mixin.py:154} INFO - [2023-11-16T00:27:21.133+0000] {dagbag.py:536} INFO - Filling up the DagBag from /home/airflow/.local/lib/python3.8/site-packages/airflow/example_dags/example_nested_branch_dag.py
[2023-11-16T00:27:21.140+0000] {processor.py:839} INFO - DAG(s) dict_keys(['example_nested_branch_dag']) retrieved from /home/airflow/.local/lib/python3.8/site-packages/airflow/example_dags/example_nested_branch_dag.py
[2023-11-16T00:27:21.154+0000] {logging_mixin.py:154} INFO - [2023-11-16T00:27:21.154+0000] {dag.py:2941} INFO - Sync 1 DAGs
[2023-11-16T00:27:21.170+0000] {logging_mixin.py:154} INFO - [2023-11-16T00:27:21.170+0000] {dag.py:3722} INFO - Setting next_dagrun for example_nested_branch_dag to 2023-11-15T00:00:00+00:00, run_after=2023-11-16T00:00:00+00:00
[2023-11-16T00:27:21.182+0000] {processor.py:179} INFO - Processing /home/airflow/.local/lib/python3.8/site-packages/airflow/example_dags/example_nested_branch_dag.py took 0.053 seconds
[2023-11-16T00:27:51.252+0000] {processor.py:157} INFO - Started process (PID=2247) to work on /home/airflow/.local/lib/python3.8/site-packages/airflow/example_dags/example_nested_branch_dag.py
[2023-11-16T00:27:51.252+0000] {processor.py:829} INFO - Processing file /home/airflow/.local/lib/python3.8/site-packages/airflow/example_dags/example_nested_branch_dag.py for tasks to queue
[2023-11-16T00:27:51.254+0000] {logging_mixin.py:154} INFO - [2023-11-16T00:27:51.254+0000] {dagbag.py:536} INFO - Filling up the DagBag from /home/airflow/.local/lib/python3.8/site-packages/airflow/example_dags/example_nested_branch_dag.py
[2023-11-16T00:27:51.262+0000] {processor.py:839} INFO - DAG(s) dict_keys(['example_nested_branch_dag']) retrieved from /home/airflow/.local/lib/python3.8/site-packages/airflow/example_dags/example_nested_branch_dag.py
[2023-11-16T00:27:51.276+0000] {logging_mixin.py:154} INFO - [2023-11-16T00:27:51.275+0000] {dag.py:2941} INFO - Sync 1 DAGs
[2023-11-16T00:27:51.290+0000] {logging_mixin.py:154} INFO - [2023-11-16T00:27:51.290+0000] {dag.py:3722} INFO - Setting next_dagrun for example_nested_branch_dag to 2023-11-15T00:00:00+00:00, run_after=2023-11-16T00:00:00+00:00
[2023-11-16T00:27:51.302+0000] {processor.py:179} INFO - Processing /home/airflow/.local/lib/python3.8/site-packages/airflow/example_dags/example_nested_branch_dag.py took 0.053 seconds
[2023-11-16T00:28:21.407+0000] {processor.py:157} INFO - Started process (PID=2304) to work on /home/airflow/.local/lib/python3.8/site-packages/airflow/example_dags/example_nested_branch_dag.py
[2023-11-16T00:28:21.408+0000] {processor.py:829} INFO - Processing file /home/airflow/.local/lib/python3.8/site-packages/airflow/example_dags/example_nested_branch_dag.py for tasks to queue
[2023-11-16T00:28:21.410+0000] {logging_mixin.py:154} INFO - [2023-11-16T00:28:21.410+0000] {dagbag.py:536} INFO - Filling up the DagBag from /home/airflow/.local/lib/python3.8/site-packages/airflow/example_dags/example_nested_branch_dag.py
[2023-11-16T00:28:21.417+0000] {processor.py:839} INFO - DAG(s) dict_keys(['example_nested_branch_dag']) retrieved from /home/airflow/.local/lib/python3.8/site-packages/airflow/example_dags/example_nested_branch_dag.py
[2023-11-16T00:28:21.431+0000] {logging_mixin.py:154} INFO - [2023-11-16T00:28:21.431+0000] {dag.py:2941} INFO - Sync 1 DAGs
[2023-11-16T00:28:21.447+0000] {logging_mixin.py:154} INFO - [2023-11-16T00:28:21.447+0000] {dag.py:3722} INFO - Setting next_dagrun for example_nested_branch_dag to 2023-11-15T00:00:00+00:00, run_after=2023-11-16T00:00:00+00:00
[2023-11-16T00:28:21.460+0000] {processor.py:179} INFO - Processing /home/airflow/.local/lib/python3.8/site-packages/airflow/example_dags/example_nested_branch_dag.py took 0.055 seconds
[2023-11-16T00:28:51.576+0000] {processor.py:157} INFO - Started process (PID=2361) to work on /home/airflow/.local/lib/python3.8/site-packages/airflow/example_dags/example_nested_branch_dag.py
[2023-11-16T00:28:51.577+0000] {processor.py:829} INFO - Processing file /home/airflow/.local/lib/python3.8/site-packages/airflow/example_dags/example_nested_branch_dag.py for tasks to queue
[2023-11-16T00:28:51.579+0000] {logging_mixin.py:154} INFO - [2023-11-16T00:28:51.578+0000] {dagbag.py:536} INFO - Filling up the DagBag from /home/airflow/.local/lib/python3.8/site-packages/airflow/example_dags/example_nested_branch_dag.py
[2023-11-16T00:28:51.585+0000] {processor.py:839} INFO - DAG(s) dict_keys(['example_nested_branch_dag']) retrieved from /home/airflow/.local/lib/python3.8/site-packages/airflow/example_dags/example_nested_branch_dag.py
[2023-11-16T00:28:51.601+0000] {logging_mixin.py:154} INFO - [2023-11-16T00:28:51.600+0000] {dag.py:2941} INFO - Sync 1 DAGs
[2023-11-16T00:28:51.615+0000] {logging_mixin.py:154} INFO - [2023-11-16T00:28:51.615+0000] {dag.py:3722} INFO - Setting next_dagrun for example_nested_branch_dag to 2023-11-15T00:00:00+00:00, run_after=2023-11-16T00:00:00+00:00
[2023-11-16T00:28:51.628+0000] {processor.py:179} INFO - Processing /home/airflow/.local/lib/python3.8/site-packages/airflow/example_dags/example_nested_branch_dag.py took 0.054 seconds
[2023-11-16T00:29:21.924+0000] {processor.py:157} INFO - Started process (PID=2418) to work on /home/airflow/.local/lib/python3.8/site-packages/airflow/example_dags/example_nested_branch_dag.py
[2023-11-16T00:29:21.925+0000] {processor.py:829} INFO - Processing file /home/airflow/.local/lib/python3.8/site-packages/airflow/example_dags/example_nested_branch_dag.py for tasks to queue
[2023-11-16T00:29:21.926+0000] {logging_mixin.py:154} INFO - [2023-11-16T00:29:21.926+0000] {dagbag.py:536} INFO - Filling up the DagBag from /home/airflow/.local/lib/python3.8/site-packages/airflow/example_dags/example_nested_branch_dag.py
[2023-11-16T00:29:21.934+0000] {processor.py:839} INFO - DAG(s) dict_keys(['example_nested_branch_dag']) retrieved from /home/airflow/.local/lib/python3.8/site-packages/airflow/example_dags/example_nested_branch_dag.py
[2023-11-16T00:29:21.949+0000] {logging_mixin.py:154} INFO - [2023-11-16T00:29:21.949+0000] {dag.py:2941} INFO - Sync 1 DAGs
[2023-11-16T00:29:21.964+0000] {logging_mixin.py:154} INFO - [2023-11-16T00:29:21.964+0000] {dag.py:3722} INFO - Setting next_dagrun for example_nested_branch_dag to 2023-11-15T00:00:00+00:00, run_after=2023-11-16T00:00:00+00:00
[2023-11-16T00:29:21.975+0000] {processor.py:179} INFO - Processing /home/airflow/.local/lib/python3.8/site-packages/airflow/example_dags/example_nested_branch_dag.py took 0.053 seconds
[2023-11-16T00:29:52.038+0000] {processor.py:157} INFO - Started process (PID=2475) to work on /home/airflow/.local/lib/python3.8/site-packages/airflow/example_dags/example_nested_branch_dag.py
[2023-11-16T00:29:52.039+0000] {processor.py:829} INFO - Processing file /home/airflow/.local/lib/python3.8/site-packages/airflow/example_dags/example_nested_branch_dag.py for tasks to queue
[2023-11-16T00:29:52.041+0000] {logging_mixin.py:154} INFO - [2023-11-16T00:29:52.041+0000] {dagbag.py:536} INFO - Filling up the DagBag from /home/airflow/.local/lib/python3.8/site-packages/airflow/example_dags/example_nested_branch_dag.py
[2023-11-16T00:29:52.048+0000] {processor.py:839} INFO - DAG(s) dict_keys(['example_nested_branch_dag']) retrieved from /home/airflow/.local/lib/python3.8/site-packages/airflow/example_dags/example_nested_branch_dag.py
[2023-11-16T00:29:52.062+0000] {logging_mixin.py:154} INFO - [2023-11-16T00:29:52.062+0000] {dag.py:2941} INFO - Sync 1 DAGs
[2023-11-16T00:29:52.077+0000] {logging_mixin.py:154} INFO - [2023-11-16T00:29:52.077+0000] {dag.py:3722} INFO - Setting next_dagrun for example_nested_branch_dag to 2023-11-15T00:00:00+00:00, run_after=2023-11-16T00:00:00+00:00
[2023-11-16T00:29:52.089+0000] {processor.py:179} INFO - Processing /home/airflow/.local/lib/python3.8/site-packages/airflow/example_dags/example_nested_branch_dag.py took 0.053 seconds
[2023-11-16T00:30:22.253+0000] {processor.py:157} INFO - Started process (PID=2533) to work on /home/airflow/.local/lib/python3.8/site-packages/airflow/example_dags/example_nested_branch_dag.py
[2023-11-16T00:30:22.254+0000] {processor.py:829} INFO - Processing file /home/airflow/.local/lib/python3.8/site-packages/airflow/example_dags/example_nested_branch_dag.py for tasks to queue
[2023-11-16T00:30:22.255+0000] {logging_mixin.py:154} INFO - [2023-11-16T00:30:22.255+0000] {dagbag.py:536} INFO - Filling up the DagBag from /home/airflow/.local/lib/python3.8/site-packages/airflow/example_dags/example_nested_branch_dag.py
[2023-11-16T00:30:22.263+0000] {processor.py:839} INFO - DAG(s) dict_keys(['example_nested_branch_dag']) retrieved from /home/airflow/.local/lib/python3.8/site-packages/airflow/example_dags/example_nested_branch_dag.py
[2023-11-16T00:30:22.278+0000] {logging_mixin.py:154} INFO - [2023-11-16T00:30:22.278+0000] {dag.py:2941} INFO - Sync 1 DAGs
[2023-11-16T00:30:22.293+0000] {logging_mixin.py:154} INFO - [2023-11-16T00:30:22.293+0000] {dag.py:3722} INFO - Setting next_dagrun for example_nested_branch_dag to 2023-11-15T00:00:00+00:00, run_after=2023-11-16T00:00:00+00:00
[2023-11-16T00:30:22.305+0000] {processor.py:179} INFO - Processing /home/airflow/.local/lib/python3.8/site-packages/airflow/example_dags/example_nested_branch_dag.py took 0.054 seconds
[2023-11-16T00:30:52.402+0000] {processor.py:157} INFO - Started process (PID=2591) to work on /home/airflow/.local/lib/python3.8/site-packages/airflow/example_dags/example_nested_branch_dag.py
[2023-11-16T00:30:52.403+0000] {processor.py:829} INFO - Processing file /home/airflow/.local/lib/python3.8/site-packages/airflow/example_dags/example_nested_branch_dag.py for tasks to queue
[2023-11-16T00:30:52.404+0000] {logging_mixin.py:154} INFO - [2023-11-16T00:30:52.404+0000] {dagbag.py:536} INFO - Filling up the DagBag from /home/airflow/.local/lib/python3.8/site-packages/airflow/example_dags/example_nested_branch_dag.py
[2023-11-16T00:30:52.411+0000] {processor.py:839} INFO - DAG(s) dict_keys(['example_nested_branch_dag']) retrieved from /home/airflow/.local/lib/python3.8/site-packages/airflow/example_dags/example_nested_branch_dag.py
[2023-11-16T00:30:52.425+0000] {logging_mixin.py:154} INFO - [2023-11-16T00:30:52.425+0000] {dag.py:2941} INFO - Sync 1 DAGs
[2023-11-16T00:30:52.439+0000] {logging_mixin.py:154} INFO - [2023-11-16T00:30:52.439+0000] {dag.py:3722} INFO - Setting next_dagrun for example_nested_branch_dag to 2023-11-15T00:00:00+00:00, run_after=2023-11-16T00:00:00+00:00
[2023-11-16T00:30:52.456+0000] {processor.py:179} INFO - Processing /home/airflow/.local/lib/python3.8/site-packages/airflow/example_dags/example_nested_branch_dag.py took 0.056 seconds
[2023-11-16T00:31:23.446+0000] {processor.py:157} INFO - Started process (PID=2648) to work on /home/airflow/.local/lib/python3.8/site-packages/airflow/example_dags/example_nested_branch_dag.py
[2023-11-16T00:31:23.447+0000] {processor.py:829} INFO - Processing file /home/airflow/.local/lib/python3.8/site-packages/airflow/example_dags/example_nested_branch_dag.py for tasks to queue
[2023-11-16T00:31:23.448+0000] {logging_mixin.py:154} INFO - [2023-11-16T00:31:23.448+0000] {dagbag.py:536} INFO - Filling up the DagBag from /home/airflow/.local/lib/python3.8/site-packages/airflow/example_dags/example_nested_branch_dag.py
[2023-11-16T00:31:23.455+0000] {processor.py:839} INFO - DAG(s) dict_keys(['example_nested_branch_dag']) retrieved from /home/airflow/.local/lib/python3.8/site-packages/airflow/example_dags/example_nested_branch_dag.py
[2023-11-16T00:31:23.470+0000] {logging_mixin.py:154} INFO - [2023-11-16T00:31:23.470+0000] {dag.py:2941} INFO - Sync 1 DAGs
[2023-11-16T00:31:23.486+0000] {logging_mixin.py:154} INFO - [2023-11-16T00:31:23.486+0000] {dag.py:3722} INFO - Setting next_dagrun for example_nested_branch_dag to 2023-11-15T00:00:00+00:00, run_after=2023-11-16T00:00:00+00:00
[2023-11-16T00:31:23.499+0000] {processor.py:179} INFO - Processing /home/airflow/.local/lib/python3.8/site-packages/airflow/example_dags/example_nested_branch_dag.py took 0.055 seconds
[2023-11-16T00:31:53.697+0000] {processor.py:157} INFO - Started process (PID=2705) to work on /home/airflow/.local/lib/python3.8/site-packages/airflow/example_dags/example_nested_branch_dag.py
[2023-11-16T00:31:53.698+0000] {processor.py:829} INFO - Processing file /home/airflow/.local/lib/python3.8/site-packages/airflow/example_dags/example_nested_branch_dag.py for tasks to queue
[2023-11-16T00:31:53.699+0000] {logging_mixin.py:154} INFO - [2023-11-16T00:31:53.699+0000] {dagbag.py:536} INFO - Filling up the DagBag from /home/airflow/.local/lib/python3.8/site-packages/airflow/example_dags/example_nested_branch_dag.py
[2023-11-16T00:31:53.707+0000] {processor.py:839} INFO - DAG(s) dict_keys(['example_nested_branch_dag']) retrieved from /home/airflow/.local/lib/python3.8/site-packages/airflow/example_dags/example_nested_branch_dag.py
[2023-11-16T00:31:53.721+0000] {logging_mixin.py:154} INFO - [2023-11-16T00:31:53.720+0000] {dag.py:2941} INFO - Sync 1 DAGs
[2023-11-16T00:31:53.736+0000] {logging_mixin.py:154} INFO - [2023-11-16T00:31:53.736+0000] {dag.py:3722} INFO - Setting next_dagrun for example_nested_branch_dag to 2023-11-15T00:00:00+00:00, run_after=2023-11-16T00:00:00+00:00
[2023-11-16T00:31:53.747+0000] {processor.py:179} INFO - Processing /home/airflow/.local/lib/python3.8/site-packages/airflow/example_dags/example_nested_branch_dag.py took 0.053 seconds
[2023-11-16T00:32:24.030+0000] {processor.py:157} INFO - Started process (PID=2762) to work on /home/airflow/.local/lib/python3.8/site-packages/airflow/example_dags/example_nested_branch_dag.py
[2023-11-16T00:32:24.031+0000] {processor.py:829} INFO - Processing file /home/airflow/.local/lib/python3.8/site-packages/airflow/example_dags/example_nested_branch_dag.py for tasks to queue
[2023-11-16T00:32:24.032+0000] {logging_mixin.py:154} INFO - [2023-11-16T00:32:24.032+0000] {dagbag.py:536} INFO - Filling up the DagBag from /home/airflow/.local/lib/python3.8/site-packages/airflow/example_dags/example_nested_branch_dag.py
[2023-11-16T00:32:24.039+0000] {processor.py:839} INFO - DAG(s) dict_keys(['example_nested_branch_dag']) retrieved from /home/airflow/.local/lib/python3.8/site-packages/airflow/example_dags/example_nested_branch_dag.py
[2023-11-16T00:32:24.053+0000] {logging_mixin.py:154} INFO - [2023-11-16T00:32:24.053+0000] {dag.py:2941} INFO - Sync 1 DAGs
[2023-11-16T00:32:24.068+0000] {logging_mixin.py:154} INFO - [2023-11-16T00:32:24.068+0000] {dag.py:3722} INFO - Setting next_dagrun for example_nested_branch_dag to 2023-11-15T00:00:00+00:00, run_after=2023-11-16T00:00:00+00:00
[2023-11-16T00:32:24.080+0000] {processor.py:179} INFO - Processing /home/airflow/.local/lib/python3.8/site-packages/airflow/example_dags/example_nested_branch_dag.py took 0.052 seconds
[2023-11-16T00:32:54.139+0000] {processor.py:157} INFO - Started process (PID=2818) to work on /home/airflow/.local/lib/python3.8/site-packages/airflow/example_dags/example_nested_branch_dag.py
[2023-11-16T00:32:54.139+0000] {processor.py:829} INFO - Processing file /home/airflow/.local/lib/python3.8/site-packages/airflow/example_dags/example_nested_branch_dag.py for tasks to queue
[2023-11-16T00:32:54.141+0000] {logging_mixin.py:154} INFO - [2023-11-16T00:32:54.141+0000] {dagbag.py:536} INFO - Filling up the DagBag from /home/airflow/.local/lib/python3.8/site-packages/airflow/example_dags/example_nested_branch_dag.py
[2023-11-16T00:32:54.149+0000] {processor.py:839} INFO - DAG(s) dict_keys(['example_nested_branch_dag']) retrieved from /home/airflow/.local/lib/python3.8/site-packages/airflow/example_dags/example_nested_branch_dag.py
[2023-11-16T00:32:54.164+0000] {logging_mixin.py:154} INFO - [2023-11-16T00:32:54.163+0000] {dag.py:2941} INFO - Sync 1 DAGs
[2023-11-16T00:32:54.180+0000] {logging_mixin.py:154} INFO - [2023-11-16T00:32:54.180+0000] {dag.py:3722} INFO - Setting next_dagrun for example_nested_branch_dag to 2023-11-15T00:00:00+00:00, run_after=2023-11-16T00:00:00+00:00
[2023-11-16T00:32:54.195+0000] {processor.py:179} INFO - Processing /home/airflow/.local/lib/python3.8/site-packages/airflow/example_dags/example_nested_branch_dag.py took 0.059 seconds
[2023-11-16T00:33:24.377+0000] {processor.py:157} INFO - Started process (PID=2881) to work on /home/airflow/.local/lib/python3.8/site-packages/airflow/example_dags/example_nested_branch_dag.py
[2023-11-16T00:33:24.378+0000] {processor.py:829} INFO - Processing file /home/airflow/.local/lib/python3.8/site-packages/airflow/example_dags/example_nested_branch_dag.py for tasks to queue
[2023-11-16T00:33:24.380+0000] {logging_mixin.py:154} INFO - [2023-11-16T00:33:24.380+0000] {dagbag.py:536} INFO - Filling up the DagBag from /home/airflow/.local/lib/python3.8/site-packages/airflow/example_dags/example_nested_branch_dag.py
[2023-11-16T00:33:24.388+0000] {processor.py:839} INFO - DAG(s) dict_keys(['example_nested_branch_dag']) retrieved from /home/airflow/.local/lib/python3.8/site-packages/airflow/example_dags/example_nested_branch_dag.py
[2023-11-16T00:33:24.403+0000] {logging_mixin.py:154} INFO - [2023-11-16T00:33:24.403+0000] {dag.py:2941} INFO - Sync 1 DAGs
[2023-11-16T00:33:24.419+0000] {logging_mixin.py:154} INFO - [2023-11-16T00:33:24.419+0000] {dag.py:3722} INFO - Setting next_dagrun for example_nested_branch_dag to 2023-11-15T00:00:00+00:00, run_after=2023-11-16T00:00:00+00:00
[2023-11-16T00:33:24.432+0000] {processor.py:179} INFO - Processing /home/airflow/.local/lib/python3.8/site-packages/airflow/example_dags/example_nested_branch_dag.py took 0.057 seconds
[2023-11-16T00:33:54.614+0000] {processor.py:157} INFO - Started process (PID=2939) to work on /home/airflow/.local/lib/python3.8/site-packages/airflow/example_dags/example_nested_branch_dag.py
[2023-11-16T00:33:54.615+0000] {processor.py:829} INFO - Processing file /home/airflow/.local/lib/python3.8/site-packages/airflow/example_dags/example_nested_branch_dag.py for tasks to queue
[2023-11-16T00:33:54.617+0000] {logging_mixin.py:154} INFO - [2023-11-16T00:33:54.617+0000] {dagbag.py:536} INFO - Filling up the DagBag from /home/airflow/.local/lib/python3.8/site-packages/airflow/example_dags/example_nested_branch_dag.py
[2023-11-16T00:33:54.624+0000] {processor.py:839} INFO - DAG(s) dict_keys(['example_nested_branch_dag']) retrieved from /home/airflow/.local/lib/python3.8/site-packages/airflow/example_dags/example_nested_branch_dag.py
[2023-11-16T00:33:54.641+0000] {logging_mixin.py:154} INFO - [2023-11-16T00:33:54.640+0000] {dag.py:2941} INFO - Sync 1 DAGs
[2023-11-16T00:33:54.656+0000] {logging_mixin.py:154} INFO - [2023-11-16T00:33:54.656+0000] {dag.py:3722} INFO - Setting next_dagrun for example_nested_branch_dag to 2023-11-15T00:00:00+00:00, run_after=2023-11-16T00:00:00+00:00
[2023-11-16T00:33:54.670+0000] {processor.py:179} INFO - Processing /home/airflow/.local/lib/python3.8/site-packages/airflow/example_dags/example_nested_branch_dag.py took 0.058 seconds
[2023-11-16T00:34:24.781+0000] {processor.py:157} INFO - Started process (PID=2996) to work on /home/airflow/.local/lib/python3.8/site-packages/airflow/example_dags/example_nested_branch_dag.py
[2023-11-16T00:34:24.781+0000] {processor.py:829} INFO - Processing file /home/airflow/.local/lib/python3.8/site-packages/airflow/example_dags/example_nested_branch_dag.py for tasks to queue
[2023-11-16T00:34:24.783+0000] {logging_mixin.py:154} INFO - [2023-11-16T00:34:24.783+0000] {dagbag.py:536} INFO - Filling up the DagBag from /home/airflow/.local/lib/python3.8/site-packages/airflow/example_dags/example_nested_branch_dag.py
[2023-11-16T00:34:24.790+0000] {processor.py:839} INFO - DAG(s) dict_keys(['example_nested_branch_dag']) retrieved from /home/airflow/.local/lib/python3.8/site-packages/airflow/example_dags/example_nested_branch_dag.py
[2023-11-16T00:34:24.805+0000] {logging_mixin.py:154} INFO - [2023-11-16T00:34:24.805+0000] {dag.py:2941} INFO - Sync 1 DAGs
[2023-11-16T00:34:24.820+0000] {logging_mixin.py:154} INFO - [2023-11-16T00:34:24.820+0000] {dag.py:3722} INFO - Setting next_dagrun for example_nested_branch_dag to 2023-11-15T00:00:00+00:00, run_after=2023-11-16T00:00:00+00:00
[2023-11-16T00:34:24.833+0000] {processor.py:179} INFO - Processing /home/airflow/.local/lib/python3.8/site-packages/airflow/example_dags/example_nested_branch_dag.py took 0.054 seconds
[2023-11-16T00:34:55.127+0000] {processor.py:157} INFO - Started process (PID=3053) to work on /home/airflow/.local/lib/python3.8/site-packages/airflow/example_dags/example_nested_branch_dag.py
[2023-11-16T00:34:55.128+0000] {processor.py:829} INFO - Processing file /home/airflow/.local/lib/python3.8/site-packages/airflow/example_dags/example_nested_branch_dag.py for tasks to queue
[2023-11-16T00:34:55.129+0000] {logging_mixin.py:154} INFO - [2023-11-16T00:34:55.129+0000] {dagbag.py:536} INFO - Filling up the DagBag from /home/airflow/.local/lib/python3.8/site-packages/airflow/example_dags/example_nested_branch_dag.py
[2023-11-16T00:34:55.137+0000] {processor.py:839} INFO - DAG(s) dict_keys(['example_nested_branch_dag']) retrieved from /home/airflow/.local/lib/python3.8/site-packages/airflow/example_dags/example_nested_branch_dag.py
[2023-11-16T00:34:55.151+0000] {logging_mixin.py:154} INFO - [2023-11-16T00:34:55.151+0000] {dag.py:2941} INFO - Sync 1 DAGs
[2023-11-16T00:34:55.166+0000] {logging_mixin.py:154} INFO - [2023-11-16T00:34:55.166+0000] {dag.py:3722} INFO - Setting next_dagrun for example_nested_branch_dag to 2023-11-15T00:00:00+00:00, run_after=2023-11-16T00:00:00+00:00
[2023-11-16T00:34:55.178+0000] {processor.py:179} INFO - Processing /home/airflow/.local/lib/python3.8/site-packages/airflow/example_dags/example_nested_branch_dag.py took 0.053 seconds
[2023-11-16T00:35:26.188+0000] {processor.py:157} INFO - Started process (PID=3110) to work on /home/airflow/.local/lib/python3.8/site-packages/airflow/example_dags/example_nested_branch_dag.py
[2023-11-16T00:35:26.189+0000] {processor.py:829} INFO - Processing file /home/airflow/.local/lib/python3.8/site-packages/airflow/example_dags/example_nested_branch_dag.py for tasks to queue
[2023-11-16T00:35:26.191+0000] {logging_mixin.py:154} INFO - [2023-11-16T00:35:26.191+0000] {dagbag.py:536} INFO - Filling up the DagBag from /home/airflow/.local/lib/python3.8/site-packages/airflow/example_dags/example_nested_branch_dag.py
[2023-11-16T00:35:26.198+0000] {processor.py:839} INFO - DAG(s) dict_keys(['example_nested_branch_dag']) retrieved from /home/airflow/.local/lib/python3.8/site-packages/airflow/example_dags/example_nested_branch_dag.py
[2023-11-16T00:35:26.213+0000] {logging_mixin.py:154} INFO - [2023-11-16T00:35:26.213+0000] {dag.py:2941} INFO - Sync 1 DAGs
[2023-11-16T00:35:26.227+0000] {logging_mixin.py:154} INFO - [2023-11-16T00:35:26.227+0000] {dag.py:3722} INFO - Setting next_dagrun for example_nested_branch_dag to 2023-11-15T00:00:00+00:00, run_after=2023-11-16T00:00:00+00:00
[2023-11-16T00:35:26.238+0000] {processor.py:179} INFO - Processing /home/airflow/.local/lib/python3.8/site-packages/airflow/example_dags/example_nested_branch_dag.py took 0.052 seconds
[2023-11-16T00:35:56.530+0000] {processor.py:157} INFO - Started process (PID=3168) to work on /home/airflow/.local/lib/python3.8/site-packages/airflow/example_dags/example_nested_branch_dag.py
[2023-11-16T00:35:56.531+0000] {processor.py:829} INFO - Processing file /home/airflow/.local/lib/python3.8/site-packages/airflow/example_dags/example_nested_branch_dag.py for tasks to queue
[2023-11-16T00:35:56.532+0000] {logging_mixin.py:154} INFO - [2023-11-16T00:35:56.532+0000] {dagbag.py:536} INFO - Filling up the DagBag from /home/airflow/.local/lib/python3.8/site-packages/airflow/example_dags/example_nested_branch_dag.py
[2023-11-16T00:35:56.539+0000] {processor.py:839} INFO - DAG(s) dict_keys(['example_nested_branch_dag']) retrieved from /home/airflow/.local/lib/python3.8/site-packages/airflow/example_dags/example_nested_branch_dag.py
[2023-11-16T00:35:56.552+0000] {logging_mixin.py:154} INFO - [2023-11-16T00:35:56.552+0000] {dag.py:2941} INFO - Sync 1 DAGs
[2023-11-16T00:35:56.567+0000] {logging_mixin.py:154} INFO - [2023-11-16T00:35:56.567+0000] {dag.py:3722} INFO - Setting next_dagrun for example_nested_branch_dag to 2023-11-15T00:00:00+00:00, run_after=2023-11-16T00:00:00+00:00
[2023-11-16T00:35:56.580+0000] {processor.py:179} INFO - Processing /home/airflow/.local/lib/python3.8/site-packages/airflow/example_dags/example_nested_branch_dag.py took 0.052 seconds
[2023-11-16T00:36:26.604+0000] {processor.py:157} INFO - Started process (PID=3224) to work on /home/airflow/.local/lib/python3.8/site-packages/airflow/example_dags/example_nested_branch_dag.py
[2023-11-16T00:36:26.605+0000] {processor.py:829} INFO - Processing file /home/airflow/.local/lib/python3.8/site-packages/airflow/example_dags/example_nested_branch_dag.py for tasks to queue
[2023-11-16T00:36:26.607+0000] {logging_mixin.py:154} INFO - [2023-11-16T00:36:26.606+0000] {dagbag.py:536} INFO - Filling up the DagBag from /home/airflow/.local/lib/python3.8/site-packages/airflow/example_dags/example_nested_branch_dag.py
[2023-11-16T00:36:26.614+0000] {processor.py:839} INFO - DAG(s) dict_keys(['example_nested_branch_dag']) retrieved from /home/airflow/.local/lib/python3.8/site-packages/airflow/example_dags/example_nested_branch_dag.py
[2023-11-16T00:36:26.628+0000] {logging_mixin.py:154} INFO - [2023-11-16T00:36:26.628+0000] {dag.py:2941} INFO - Sync 1 DAGs
[2023-11-16T00:36:26.643+0000] {logging_mixin.py:154} INFO - [2023-11-16T00:36:26.643+0000] {dag.py:3722} INFO - Setting next_dagrun for example_nested_branch_dag to 2023-11-15T00:00:00+00:00, run_after=2023-11-16T00:00:00+00:00
[2023-11-16T00:36:26.655+0000] {processor.py:179} INFO - Processing /home/airflow/.local/lib/python3.8/site-packages/airflow/example_dags/example_nested_branch_dag.py took 0.053 seconds
[2023-11-16T00:36:56.910+0000] {processor.py:157} INFO - Started process (PID=3282) to work on /home/airflow/.local/lib/python3.8/site-packages/airflow/example_dags/example_nested_branch_dag.py
[2023-11-16T00:36:56.911+0000] {processor.py:829} INFO - Processing file /home/airflow/.local/lib/python3.8/site-packages/airflow/example_dags/example_nested_branch_dag.py for tasks to queue
[2023-11-16T00:36:56.912+0000] {logging_mixin.py:154} INFO - [2023-11-16T00:36:56.912+0000] {dagbag.py:536} INFO - Filling up the DagBag from /home/airflow/.local/lib/python3.8/site-packages/airflow/example_dags/example_nested_branch_dag.py
[2023-11-16T00:36:56.919+0000] {processor.py:839} INFO - DAG(s) dict_keys(['example_nested_branch_dag']) retrieved from /home/airflow/.local/lib/python3.8/site-packages/airflow/example_dags/example_nested_branch_dag.py
[2023-11-16T00:36:56.934+0000] {logging_mixin.py:154} INFO - [2023-11-16T00:36:56.934+0000] {dag.py:2941} INFO - Sync 1 DAGs
[2023-11-16T00:36:56.950+0000] {logging_mixin.py:154} INFO - [2023-11-16T00:36:56.950+0000] {dag.py:3722} INFO - Setting next_dagrun for example_nested_branch_dag to 2023-11-15T00:00:00+00:00, run_after=2023-11-16T00:00:00+00:00
[2023-11-16T00:36:56.963+0000] {processor.py:179} INFO - Processing /home/airflow/.local/lib/python3.8/site-packages/airflow/example_dags/example_nested_branch_dag.py took 0.055 seconds
[2023-11-16T00:37:27.142+0000] {processor.py:157} INFO - Started process (PID=3340) to work on /home/airflow/.local/lib/python3.8/site-packages/airflow/example_dags/example_nested_branch_dag.py
[2023-11-16T00:37:27.143+0000] {processor.py:829} INFO - Processing file /home/airflow/.local/lib/python3.8/site-packages/airflow/example_dags/example_nested_branch_dag.py for tasks to queue
[2023-11-16T00:37:27.144+0000] {logging_mixin.py:154} INFO - [2023-11-16T00:37:27.144+0000] {dagbag.py:536} INFO - Filling up the DagBag from /home/airflow/.local/lib/python3.8/site-packages/airflow/example_dags/example_nested_branch_dag.py
[2023-11-16T00:37:27.151+0000] {processor.py:839} INFO - DAG(s) dict_keys(['example_nested_branch_dag']) retrieved from /home/airflow/.local/lib/python3.8/site-packages/airflow/example_dags/example_nested_branch_dag.py
[2023-11-16T00:37:27.166+0000] {logging_mixin.py:154} INFO - [2023-11-16T00:37:27.166+0000] {dag.py:2941} INFO - Sync 1 DAGs
[2023-11-16T00:37:27.182+0000] {logging_mixin.py:154} INFO - [2023-11-16T00:37:27.181+0000] {dag.py:3722} INFO - Setting next_dagrun for example_nested_branch_dag to 2023-11-15T00:00:00+00:00, run_after=2023-11-16T00:00:00+00:00
[2023-11-16T00:37:27.195+0000] {processor.py:179} INFO - Processing /home/airflow/.local/lib/python3.8/site-packages/airflow/example_dags/example_nested_branch_dag.py took 0.056 seconds
[2023-11-16T00:37:57.357+0000] {processor.py:157} INFO - Started process (PID=3397) to work on /home/airflow/.local/lib/python3.8/site-packages/airflow/example_dags/example_nested_branch_dag.py
[2023-11-16T00:37:57.358+0000] {processor.py:829} INFO - Processing file /home/airflow/.local/lib/python3.8/site-packages/airflow/example_dags/example_nested_branch_dag.py for tasks to queue
[2023-11-16T00:37:57.360+0000] {logging_mixin.py:154} INFO - [2023-11-16T00:37:57.359+0000] {dagbag.py:536} INFO - Filling up the DagBag from /home/airflow/.local/lib/python3.8/site-packages/airflow/example_dags/example_nested_branch_dag.py
[2023-11-16T00:37:57.367+0000] {processor.py:839} INFO - DAG(s) dict_keys(['example_nested_branch_dag']) retrieved from /home/airflow/.local/lib/python3.8/site-packages/airflow/example_dags/example_nested_branch_dag.py
[2023-11-16T00:37:57.382+0000] {logging_mixin.py:154} INFO - [2023-11-16T00:37:57.382+0000] {dag.py:2941} INFO - Sync 1 DAGs
[2023-11-16T00:37:57.400+0000] {logging_mixin.py:154} INFO - [2023-11-16T00:37:57.400+0000] {dag.py:3722} INFO - Setting next_dagrun for example_nested_branch_dag to 2023-11-15T00:00:00+00:00, run_after=2023-11-16T00:00:00+00:00
[2023-11-16T00:37:57.412+0000] {processor.py:179} INFO - Processing /home/airflow/.local/lib/python3.8/site-packages/airflow/example_dags/example_nested_branch_dag.py took 0.058 seconds
[2023-11-16T00:38:27.609+0000] {processor.py:157} INFO - Started process (PID=3454) to work on /home/airflow/.local/lib/python3.8/site-packages/airflow/example_dags/example_nested_branch_dag.py
[2023-11-16T00:38:27.609+0000] {processor.py:829} INFO - Processing file /home/airflow/.local/lib/python3.8/site-packages/airflow/example_dags/example_nested_branch_dag.py for tasks to queue
[2023-11-16T00:38:27.611+0000] {logging_mixin.py:154} INFO - [2023-11-16T00:38:27.611+0000] {dagbag.py:536} INFO - Filling up the DagBag from /home/airflow/.local/lib/python3.8/site-packages/airflow/example_dags/example_nested_branch_dag.py
[2023-11-16T00:38:27.618+0000] {processor.py:839} INFO - DAG(s) dict_keys(['example_nested_branch_dag']) retrieved from /home/airflow/.local/lib/python3.8/site-packages/airflow/example_dags/example_nested_branch_dag.py
[2023-11-16T00:38:27.633+0000] {logging_mixin.py:154} INFO - [2023-11-16T00:38:27.633+0000] {dag.py:2941} INFO - Sync 1 DAGs
[2023-11-16T00:38:27.648+0000] {logging_mixin.py:154} INFO - [2023-11-16T00:38:27.647+0000] {dag.py:3722} INFO - Setting next_dagrun for example_nested_branch_dag to 2023-11-15T00:00:00+00:00, run_after=2023-11-16T00:00:00+00:00
[2023-11-16T00:38:27.660+0000] {processor.py:179} INFO - Processing /home/airflow/.local/lib/python3.8/site-packages/airflow/example_dags/example_nested_branch_dag.py took 0.054 seconds
[2023-11-16T00:38:57.957+0000] {processor.py:157} INFO - Started process (PID=3512) to work on /home/airflow/.local/lib/python3.8/site-packages/airflow/example_dags/example_nested_branch_dag.py
[2023-11-16T00:38:57.957+0000] {processor.py:829} INFO - Processing file /home/airflow/.local/lib/python3.8/site-packages/airflow/example_dags/example_nested_branch_dag.py for tasks to queue
[2023-11-16T00:38:57.959+0000] {logging_mixin.py:154} INFO - [2023-11-16T00:38:57.959+0000] {dagbag.py:536} INFO - Filling up the DagBag from /home/airflow/.local/lib/python3.8/site-packages/airflow/example_dags/example_nested_branch_dag.py
[2023-11-16T00:38:57.966+0000] {processor.py:839} INFO - DAG(s) dict_keys(['example_nested_branch_dag']) retrieved from /home/airflow/.local/lib/python3.8/site-packages/airflow/example_dags/example_nested_branch_dag.py
[2023-11-16T00:38:57.980+0000] {logging_mixin.py:154} INFO - [2023-11-16T00:38:57.980+0000] {dag.py:2941} INFO - Sync 1 DAGs
[2023-11-16T00:38:57.995+0000] {logging_mixin.py:154} INFO - [2023-11-16T00:38:57.994+0000] {dag.py:3722} INFO - Setting next_dagrun for example_nested_branch_dag to 2023-11-15T00:00:00+00:00, run_after=2023-11-16T00:00:00+00:00
[2023-11-16T00:38:58.007+0000] {processor.py:179} INFO - Processing /home/airflow/.local/lib/python3.8/site-packages/airflow/example_dags/example_nested_branch_dag.py took 0.053 seconds
[2023-11-16T00:39:28.262+0000] {processor.py:157} INFO - Started process (PID=3569) to work on /home/airflow/.local/lib/python3.8/site-packages/airflow/example_dags/example_nested_branch_dag.py
[2023-11-16T00:39:28.263+0000] {processor.py:829} INFO - Processing file /home/airflow/.local/lib/python3.8/site-packages/airflow/example_dags/example_nested_branch_dag.py for tasks to queue
[2023-11-16T00:39:28.265+0000] {logging_mixin.py:154} INFO - [2023-11-16T00:39:28.264+0000] {dagbag.py:536} INFO - Filling up the DagBag from /home/airflow/.local/lib/python3.8/site-packages/airflow/example_dags/example_nested_branch_dag.py
[2023-11-16T00:39:28.271+0000] {processor.py:839} INFO - DAG(s) dict_keys(['example_nested_branch_dag']) retrieved from /home/airflow/.local/lib/python3.8/site-packages/airflow/example_dags/example_nested_branch_dag.py
[2023-11-16T00:39:28.285+0000] {logging_mixin.py:154} INFO - [2023-11-16T00:39:28.285+0000] {dag.py:2941} INFO - Sync 1 DAGs
[2023-11-16T00:39:28.301+0000] {logging_mixin.py:154} INFO - [2023-11-16T00:39:28.300+0000] {dag.py:3722} INFO - Setting next_dagrun for example_nested_branch_dag to 2023-11-15T00:00:00+00:00, run_after=2023-11-16T00:00:00+00:00
[2023-11-16T00:39:28.312+0000] {processor.py:179} INFO - Processing /home/airflow/.local/lib/python3.8/site-packages/airflow/example_dags/example_nested_branch_dag.py took 0.052 seconds
[2023-11-16T00:39:58.409+0000] {processor.py:157} INFO - Started process (PID=3626) to work on /home/airflow/.local/lib/python3.8/site-packages/airflow/example_dags/example_nested_branch_dag.py
[2023-11-16T00:39:58.410+0000] {processor.py:829} INFO - Processing file /home/airflow/.local/lib/python3.8/site-packages/airflow/example_dags/example_nested_branch_dag.py for tasks to queue
[2023-11-16T00:39:58.412+0000] {logging_mixin.py:154} INFO - [2023-11-16T00:39:58.411+0000] {dagbag.py:536} INFO - Filling up the DagBag from /home/airflow/.local/lib/python3.8/site-packages/airflow/example_dags/example_nested_branch_dag.py
[2023-11-16T00:39:58.418+0000] {processor.py:839} INFO - DAG(s) dict_keys(['example_nested_branch_dag']) retrieved from /home/airflow/.local/lib/python3.8/site-packages/airflow/example_dags/example_nested_branch_dag.py
[2023-11-16T00:39:58.432+0000] {logging_mixin.py:154} INFO - [2023-11-16T00:39:58.432+0000] {dag.py:2941} INFO - Sync 1 DAGs
[2023-11-16T00:39:58.447+0000] {logging_mixin.py:154} INFO - [2023-11-16T00:39:58.446+0000] {dag.py:3722} INFO - Setting next_dagrun for example_nested_branch_dag to 2023-11-15T00:00:00+00:00, run_after=2023-11-16T00:00:00+00:00
[2023-11-16T00:39:58.459+0000] {processor.py:179} INFO - Processing /home/airflow/.local/lib/python3.8/site-packages/airflow/example_dags/example_nested_branch_dag.py took 0.052 seconds
[2023-11-16T00:40:28.540+0000] {processor.py:157} INFO - Started process (PID=3684) to work on /home/airflow/.local/lib/python3.8/site-packages/airflow/example_dags/example_nested_branch_dag.py
[2023-11-16T00:40:28.541+0000] {processor.py:829} INFO - Processing file /home/airflow/.local/lib/python3.8/site-packages/airflow/example_dags/example_nested_branch_dag.py for tasks to queue
[2023-11-16T00:40:28.543+0000] {logging_mixin.py:154} INFO - [2023-11-16T00:40:28.542+0000] {dagbag.py:536} INFO - Filling up the DagBag from /home/airflow/.local/lib/python3.8/site-packages/airflow/example_dags/example_nested_branch_dag.py
[2023-11-16T00:40:28.549+0000] {processor.py:839} INFO - DAG(s) dict_keys(['example_nested_branch_dag']) retrieved from /home/airflow/.local/lib/python3.8/site-packages/airflow/example_dags/example_nested_branch_dag.py
[2023-11-16T00:40:28.563+0000] {logging_mixin.py:154} INFO - [2023-11-16T00:40:28.563+0000] {dag.py:2941} INFO - Sync 1 DAGs
[2023-11-16T00:40:28.578+0000] {logging_mixin.py:154} INFO - [2023-11-16T00:40:28.578+0000] {dag.py:3722} INFO - Setting next_dagrun for example_nested_branch_dag to 2023-11-15T00:00:00+00:00, run_after=2023-11-16T00:00:00+00:00
[2023-11-16T00:40:28.590+0000] {processor.py:179} INFO - Processing /home/airflow/.local/lib/python3.8/site-packages/airflow/example_dags/example_nested_branch_dag.py took 0.052 seconds
[2023-11-16T00:40:58.680+0000] {processor.py:157} INFO - Started process (PID=3741) to work on /home/airflow/.local/lib/python3.8/site-packages/airflow/example_dags/example_nested_branch_dag.py
[2023-11-16T00:40:58.681+0000] {processor.py:829} INFO - Processing file /home/airflow/.local/lib/python3.8/site-packages/airflow/example_dags/example_nested_branch_dag.py for tasks to queue
[2023-11-16T00:40:58.683+0000] {logging_mixin.py:154} INFO - [2023-11-16T00:40:58.682+0000] {dagbag.py:536} INFO - Filling up the DagBag from /home/airflow/.local/lib/python3.8/site-packages/airflow/example_dags/example_nested_branch_dag.py
[2023-11-16T00:40:58.690+0000] {processor.py:839} INFO - DAG(s) dict_keys(['example_nested_branch_dag']) retrieved from /home/airflow/.local/lib/python3.8/site-packages/airflow/example_dags/example_nested_branch_dag.py
[2023-11-16T00:40:58.703+0000] {logging_mixin.py:154} INFO - [2023-11-16T00:40:58.703+0000] {dag.py:2941} INFO - Sync 1 DAGs
[2023-11-16T00:40:58.718+0000] {logging_mixin.py:154} INFO - [2023-11-16T00:40:58.718+0000] {dag.py:3722} INFO - Setting next_dagrun for example_nested_branch_dag to 2023-11-15T00:00:00+00:00, run_after=2023-11-16T00:00:00+00:00
[2023-11-16T00:40:58.731+0000] {processor.py:179} INFO - Processing /home/airflow/.local/lib/python3.8/site-packages/airflow/example_dags/example_nested_branch_dag.py took 0.053 seconds
[2023-11-16T00:41:28.819+0000] {processor.py:157} INFO - Started process (PID=3798) to work on /home/airflow/.local/lib/python3.8/site-packages/airflow/example_dags/example_nested_branch_dag.py
[2023-11-16T00:41:28.820+0000] {processor.py:829} INFO - Processing file /home/airflow/.local/lib/python3.8/site-packages/airflow/example_dags/example_nested_branch_dag.py for tasks to queue
[2023-11-16T00:41:28.822+0000] {logging_mixin.py:154} INFO - [2023-11-16T00:41:28.822+0000] {dagbag.py:536} INFO - Filling up the DagBag from /home/airflow/.local/lib/python3.8/site-packages/airflow/example_dags/example_nested_branch_dag.py
[2023-11-16T00:41:28.829+0000] {processor.py:839} INFO - DAG(s) dict_keys(['example_nested_branch_dag']) retrieved from /home/airflow/.local/lib/python3.8/site-packages/airflow/example_dags/example_nested_branch_dag.py
[2023-11-16T00:41:28.846+0000] {logging_mixin.py:154} INFO - [2023-11-16T00:41:28.846+0000] {dag.py:2941} INFO - Sync 1 DAGs
[2023-11-16T00:41:28.861+0000] {logging_mixin.py:154} INFO - [2023-11-16T00:41:28.861+0000] {dag.py:3722} INFO - Setting next_dagrun for example_nested_branch_dag to 2023-11-15T00:00:00+00:00, run_after=2023-11-16T00:00:00+00:00
[2023-11-16T00:41:28.873+0000] {processor.py:179} INFO - Processing /home/airflow/.local/lib/python3.8/site-packages/airflow/example_dags/example_nested_branch_dag.py took 0.057 seconds
[2023-11-16T00:41:59.069+0000] {processor.py:157} INFO - Started process (PID=3855) to work on /home/airflow/.local/lib/python3.8/site-packages/airflow/example_dags/example_nested_branch_dag.py
[2023-11-16T00:41:59.070+0000] {processor.py:829} INFO - Processing file /home/airflow/.local/lib/python3.8/site-packages/airflow/example_dags/example_nested_branch_dag.py for tasks to queue
[2023-11-16T00:41:59.072+0000] {logging_mixin.py:154} INFO - [2023-11-16T00:41:59.072+0000] {dagbag.py:536} INFO - Filling up the DagBag from /home/airflow/.local/lib/python3.8/site-packages/airflow/example_dags/example_nested_branch_dag.py
[2023-11-16T00:41:59.079+0000] {processor.py:839} INFO - DAG(s) dict_keys(['example_nested_branch_dag']) retrieved from /home/airflow/.local/lib/python3.8/site-packages/airflow/example_dags/example_nested_branch_dag.py
[2023-11-16T00:41:59.094+0000] {logging_mixin.py:154} INFO - [2023-11-16T00:41:59.094+0000] {dag.py:2941} INFO - Sync 1 DAGs
[2023-11-16T00:41:59.110+0000] {logging_mixin.py:154} INFO - [2023-11-16T00:41:59.110+0000] {dag.py:3722} INFO - Setting next_dagrun for example_nested_branch_dag to 2023-11-15T00:00:00+00:00, run_after=2023-11-16T00:00:00+00:00
[2023-11-16T00:41:59.122+0000] {processor.py:179} INFO - Processing /home/airflow/.local/lib/python3.8/site-packages/airflow/example_dags/example_nested_branch_dag.py took 0.056 seconds
[2023-11-16T00:42:29.281+0000] {processor.py:157} INFO - Started process (PID=3912) to work on /home/airflow/.local/lib/python3.8/site-packages/airflow/example_dags/example_nested_branch_dag.py
[2023-11-16T00:42:29.282+0000] {processor.py:829} INFO - Processing file /home/airflow/.local/lib/python3.8/site-packages/airflow/example_dags/example_nested_branch_dag.py for tasks to queue
[2023-11-16T00:42:29.284+0000] {logging_mixin.py:154} INFO - [2023-11-16T00:42:29.283+0000] {dagbag.py:536} INFO - Filling up the DagBag from /home/airflow/.local/lib/python3.8/site-packages/airflow/example_dags/example_nested_branch_dag.py
[2023-11-16T00:42:29.291+0000] {processor.py:839} INFO - DAG(s) dict_keys(['example_nested_branch_dag']) retrieved from /home/airflow/.local/lib/python3.8/site-packages/airflow/example_dags/example_nested_branch_dag.py
[2023-11-16T00:42:29.306+0000] {logging_mixin.py:154} INFO - [2023-11-16T00:42:29.305+0000] {dag.py:2941} INFO - Sync 1 DAGs
[2023-11-16T00:42:29.322+0000] {logging_mixin.py:154} INFO - [2023-11-16T00:42:29.322+0000] {dag.py:3722} INFO - Setting next_dagrun for example_nested_branch_dag to 2023-11-15T00:00:00+00:00, run_after=2023-11-16T00:00:00+00:00
[2023-11-16T00:42:29.334+0000] {processor.py:179} INFO - Processing /home/airflow/.local/lib/python3.8/site-packages/airflow/example_dags/example_nested_branch_dag.py took 0.055 seconds
[2023-11-16T00:42:59.387+0000] {processor.py:157} INFO - Started process (PID=3969) to work on /home/airflow/.local/lib/python3.8/site-packages/airflow/example_dags/example_nested_branch_dag.py
[2023-11-16T00:42:59.388+0000] {processor.py:829} INFO - Processing file /home/airflow/.local/lib/python3.8/site-packages/airflow/example_dags/example_nested_branch_dag.py for tasks to queue
[2023-11-16T00:42:59.390+0000] {logging_mixin.py:154} INFO - [2023-11-16T00:42:59.390+0000] {dagbag.py:536} INFO - Filling up the DagBag from /home/airflow/.local/lib/python3.8/site-packages/airflow/example_dags/example_nested_branch_dag.py
[2023-11-16T00:42:59.397+0000] {processor.py:839} INFO - DAG(s) dict_keys(['example_nested_branch_dag']) retrieved from /home/airflow/.local/lib/python3.8/site-packages/airflow/example_dags/example_nested_branch_dag.py
[2023-11-16T00:42:59.412+0000] {logging_mixin.py:154} INFO - [2023-11-16T00:42:59.412+0000] {dag.py:2941} INFO - Sync 1 DAGs
[2023-11-16T00:42:59.427+0000] {logging_mixin.py:154} INFO - [2023-11-16T00:42:59.427+0000] {dag.py:3722} INFO - Setting next_dagrun for example_nested_branch_dag to 2023-11-15T00:00:00+00:00, run_after=2023-11-16T00:00:00+00:00
[2023-11-16T00:42:59.439+0000] {processor.py:179} INFO - Processing /home/airflow/.local/lib/python3.8/site-packages/airflow/example_dags/example_nested_branch_dag.py took 0.054 seconds
[2023-11-16T00:43:29.782+0000] {processor.py:157} INFO - Started process (PID=4026) to work on /home/airflow/.local/lib/python3.8/site-packages/airflow/example_dags/example_nested_branch_dag.py
[2023-11-16T00:43:29.783+0000] {processor.py:829} INFO - Processing file /home/airflow/.local/lib/python3.8/site-packages/airflow/example_dags/example_nested_branch_dag.py for tasks to queue
[2023-11-16T00:43:29.785+0000] {logging_mixin.py:154} INFO - [2023-11-16T00:43:29.785+0000] {dagbag.py:536} INFO - Filling up the DagBag from /home/airflow/.local/lib/python3.8/site-packages/airflow/example_dags/example_nested_branch_dag.py
[2023-11-16T00:43:29.792+0000] {processor.py:839} INFO - DAG(s) dict_keys(['example_nested_branch_dag']) retrieved from /home/airflow/.local/lib/python3.8/site-packages/airflow/example_dags/example_nested_branch_dag.py
[2023-11-16T00:43:29.807+0000] {logging_mixin.py:154} INFO - [2023-11-16T00:43:29.807+0000] {dag.py:2941} INFO - Sync 1 DAGs
[2023-11-16T00:43:29.823+0000] {logging_mixin.py:154} INFO - [2023-11-16T00:43:29.823+0000] {dag.py:3722} INFO - Setting next_dagrun for example_nested_branch_dag to 2023-11-15T00:00:00+00:00, run_after=2023-11-16T00:00:00+00:00
[2023-11-16T00:43:29.835+0000] {processor.py:179} INFO - Processing /home/airflow/.local/lib/python3.8/site-packages/airflow/example_dags/example_nested_branch_dag.py took 0.055 seconds
