[2023-11-16T00:06:22.294+0000] {processor.py:157} INFO - Started process (PID=48) to work on /home/airflow/.local/lib/python3.8/site-packages/airflow/example_dags/example_params_ui_tutorial.py
[2023-11-16T00:06:22.295+0000] {processor.py:829} INFO - Processing file /home/airflow/.local/lib/python3.8/site-packages/airflow/example_dags/example_params_ui_tutorial.py for tasks to queue
[2023-11-16T00:06:22.297+0000] {logging_mixin.py:154} INFO - [2023-11-16T00:06:22.297+0000] {dagbag.py:536} INFO - Filling up the DagBag from /home/airflow/.local/lib/python3.8/site-packages/airflow/example_dags/example_params_ui_tutorial.py
[2023-11-16T00:06:22.339+0000] {processor.py:839} INFO - DAG(s) dict_keys(['example_params_ui_tutorial']) retrieved from /home/airflow/.local/lib/python3.8/site-packages/airflow/example_dags/example_params_ui_tutorial.py
[2023-11-16T00:06:22.356+0000] {logging_mixin.py:154} INFO - [2023-11-16T00:06:22.356+0000] {dag.py:2941} INFO - Sync 1 DAGs
[2023-11-16T00:06:22.366+0000] {logging_mixin.py:154} INFO - [2023-11-16T00:06:22.366+0000] {dag.py:3722} INFO - Setting next_dagrun for example_params_ui_tutorial to None, run_after=None
[2023-11-16T00:06:22.378+0000] {processor.py:179} INFO - Processing /home/airflow/.local/lib/python3.8/site-packages/airflow/example_dags/example_params_ui_tutorial.py took 0.087 seconds
[2023-11-16T00:08:28.879+0000] {processor.py:157} INFO - Started process (PID=51) to work on /home/airflow/.local/lib/python3.8/site-packages/airflow/example_dags/example_params_ui_tutorial.py
[2023-11-16T00:08:28.882+0000] {processor.py:829} INFO - Processing file /home/airflow/.local/lib/python3.8/site-packages/airflow/example_dags/example_params_ui_tutorial.py for tasks to queue
[2023-11-16T00:08:28.885+0000] {logging_mixin.py:154} INFO - [2023-11-16T00:08:28.884+0000] {dagbag.py:536} INFO - Filling up the DagBag from /home/airflow/.local/lib/python3.8/site-packages/airflow/example_dags/example_params_ui_tutorial.py
[2023-11-16T00:08:28.920+0000] {processor.py:839} INFO - DAG(s) dict_keys(['example_params_ui_tutorial']) retrieved from /home/airflow/.local/lib/python3.8/site-packages/airflow/example_dags/example_params_ui_tutorial.py
[2023-11-16T00:08:28.928+0000] {logging_mixin.py:154} INFO - [2023-11-16T00:08:28.928+0000] {dag.py:2941} INFO - Sync 1 DAGs
[2023-11-16T00:08:28.937+0000] {logging_mixin.py:154} INFO - [2023-11-16T00:08:28.936+0000] {dag.py:3722} INFO - Setting next_dagrun for example_params_ui_tutorial to None, run_after=None
[2023-11-16T00:08:28.949+0000] {processor.py:179} INFO - Processing /home/airflow/.local/lib/python3.8/site-packages/airflow/example_dags/example_params_ui_tutorial.py took 0.073 seconds
[2023-11-16T00:08:59.934+0000] {processor.py:157} INFO - Started process (PID=109) to work on /home/airflow/.local/lib/python3.8/site-packages/airflow/example_dags/example_params_ui_tutorial.py
[2023-11-16T00:08:59.934+0000] {processor.py:829} INFO - Processing file /home/airflow/.local/lib/python3.8/site-packages/airflow/example_dags/example_params_ui_tutorial.py for tasks to queue
[2023-11-16T00:08:59.936+0000] {logging_mixin.py:154} INFO - [2023-11-16T00:08:59.936+0000] {dagbag.py:536} INFO - Filling up the DagBag from /home/airflow/.local/lib/python3.8/site-packages/airflow/example_dags/example_params_ui_tutorial.py
[2023-11-16T00:08:59.958+0000] {processor.py:839} INFO - DAG(s) dict_keys(['example_params_ui_tutorial']) retrieved from /home/airflow/.local/lib/python3.8/site-packages/airflow/example_dags/example_params_ui_tutorial.py
[2023-11-16T00:08:59.991+0000] {logging_mixin.py:154} INFO - [2023-11-16T00:08:59.991+0000] {dag.py:2941} INFO - Sync 1 DAGs
[2023-11-16T00:08:59.999+0000] {logging_mixin.py:154} INFO - [2023-11-16T00:08:59.999+0000] {dag.py:3722} INFO - Setting next_dagrun for example_params_ui_tutorial to None, run_after=None
[2023-11-16T00:09:00.010+0000] {processor.py:179} INFO - Processing /home/airflow/.local/lib/python3.8/site-packages/airflow/example_dags/example_params_ui_tutorial.py took 0.079 seconds
[2023-11-16T00:09:30.317+0000] {processor.py:157} INFO - Started process (PID=166) to work on /home/airflow/.local/lib/python3.8/site-packages/airflow/example_dags/example_params_ui_tutorial.py
[2023-11-16T00:09:30.318+0000] {processor.py:829} INFO - Processing file /home/airflow/.local/lib/python3.8/site-packages/airflow/example_dags/example_params_ui_tutorial.py for tasks to queue
[2023-11-16T00:09:30.319+0000] {logging_mixin.py:154} INFO - [2023-11-16T00:09:30.319+0000] {dagbag.py:536} INFO - Filling up the DagBag from /home/airflow/.local/lib/python3.8/site-packages/airflow/example_dags/example_params_ui_tutorial.py
[2023-11-16T00:09:30.342+0000] {processor.py:839} INFO - DAG(s) dict_keys(['example_params_ui_tutorial']) retrieved from /home/airflow/.local/lib/python3.8/site-packages/airflow/example_dags/example_params_ui_tutorial.py
[2023-11-16T00:09:30.376+0000] {logging_mixin.py:154} INFO - [2023-11-16T00:09:30.375+0000] {dag.py:2941} INFO - Sync 1 DAGs
[2023-11-16T00:09:30.384+0000] {logging_mixin.py:154} INFO - [2023-11-16T00:09:30.383+0000] {dag.py:3722} INFO - Setting next_dagrun for example_params_ui_tutorial to None, run_after=None
[2023-11-16T00:09:30.395+0000] {processor.py:179} INFO - Processing /home/airflow/.local/lib/python3.8/site-packages/airflow/example_dags/example_params_ui_tutorial.py took 0.081 seconds
[2023-11-16T00:10:00.469+0000] {processor.py:157} INFO - Started process (PID=223) to work on /home/airflow/.local/lib/python3.8/site-packages/airflow/example_dags/example_params_ui_tutorial.py
[2023-11-16T00:10:00.470+0000] {processor.py:829} INFO - Processing file /home/airflow/.local/lib/python3.8/site-packages/airflow/example_dags/example_params_ui_tutorial.py for tasks to queue
[2023-11-16T00:10:00.471+0000] {logging_mixin.py:154} INFO - [2023-11-16T00:10:00.471+0000] {dagbag.py:536} INFO - Filling up the DagBag from /home/airflow/.local/lib/python3.8/site-packages/airflow/example_dags/example_params_ui_tutorial.py
[2023-11-16T00:10:00.496+0000] {processor.py:839} INFO - DAG(s) dict_keys(['example_params_ui_tutorial']) retrieved from /home/airflow/.local/lib/python3.8/site-packages/airflow/example_dags/example_params_ui_tutorial.py
[2023-11-16T00:10:00.535+0000] {logging_mixin.py:154} INFO - [2023-11-16T00:10:00.534+0000] {dag.py:2941} INFO - Sync 1 DAGs
[2023-11-16T00:10:00.543+0000] {logging_mixin.py:154} INFO - [2023-11-16T00:10:00.543+0000] {dag.py:3722} INFO - Setting next_dagrun for example_params_ui_tutorial to None, run_after=None
[2023-11-16T00:10:00.555+0000] {processor.py:179} INFO - Processing /home/airflow/.local/lib/python3.8/site-packages/airflow/example_dags/example_params_ui_tutorial.py took 0.089 seconds
[2023-11-16T00:10:31.525+0000] {processor.py:157} INFO - Started process (PID=280) to work on /home/airflow/.local/lib/python3.8/site-packages/airflow/example_dags/example_params_ui_tutorial.py
[2023-11-16T00:10:31.526+0000] {processor.py:829} INFO - Processing file /home/airflow/.local/lib/python3.8/site-packages/airflow/example_dags/example_params_ui_tutorial.py for tasks to queue
[2023-11-16T00:10:31.528+0000] {logging_mixin.py:154} INFO - [2023-11-16T00:10:31.528+0000] {dagbag.py:536} INFO - Filling up the DagBag from /home/airflow/.local/lib/python3.8/site-packages/airflow/example_dags/example_params_ui_tutorial.py
[2023-11-16T00:10:31.551+0000] {processor.py:839} INFO - DAG(s) dict_keys(['example_params_ui_tutorial']) retrieved from /home/airflow/.local/lib/python3.8/site-packages/airflow/example_dags/example_params_ui_tutorial.py
[2023-11-16T00:10:31.586+0000] {logging_mixin.py:154} INFO - [2023-11-16T00:10:31.585+0000] {dag.py:2941} INFO - Sync 1 DAGs
[2023-11-16T00:10:31.593+0000] {logging_mixin.py:154} INFO - [2023-11-16T00:10:31.593+0000] {dag.py:3722} INFO - Setting next_dagrun for example_params_ui_tutorial to None, run_after=None
[2023-11-16T00:10:31.606+0000] {processor.py:179} INFO - Processing /home/airflow/.local/lib/python3.8/site-packages/airflow/example_dags/example_params_ui_tutorial.py took 0.083 seconds
[2023-11-16T00:11:01.629+0000] {processor.py:157} INFO - Started process (PID=337) to work on /home/airflow/.local/lib/python3.8/site-packages/airflow/example_dags/example_params_ui_tutorial.py
[2023-11-16T00:11:01.630+0000] {processor.py:829} INFO - Processing file /home/airflow/.local/lib/python3.8/site-packages/airflow/example_dags/example_params_ui_tutorial.py for tasks to queue
[2023-11-16T00:11:01.632+0000] {logging_mixin.py:154} INFO - [2023-11-16T00:11:01.631+0000] {dagbag.py:536} INFO - Filling up the DagBag from /home/airflow/.local/lib/python3.8/site-packages/airflow/example_dags/example_params_ui_tutorial.py
[2023-11-16T00:11:01.656+0000] {processor.py:839} INFO - DAG(s) dict_keys(['example_params_ui_tutorial']) retrieved from /home/airflow/.local/lib/python3.8/site-packages/airflow/example_dags/example_params_ui_tutorial.py
[2023-11-16T00:11:01.692+0000] {logging_mixin.py:154} INFO - [2023-11-16T00:11:01.691+0000] {dag.py:2941} INFO - Sync 1 DAGs
[2023-11-16T00:11:01.701+0000] {logging_mixin.py:154} INFO - [2023-11-16T00:11:01.700+0000] {dag.py:3722} INFO - Setting next_dagrun for example_params_ui_tutorial to None, run_after=None
[2023-11-16T00:11:01.714+0000] {processor.py:179} INFO - Processing /home/airflow/.local/lib/python3.8/site-packages/airflow/example_dags/example_params_ui_tutorial.py took 0.087 seconds
[2023-11-16T00:11:31.770+0000] {processor.py:157} INFO - Started process (PID=394) to work on /home/airflow/.local/lib/python3.8/site-packages/airflow/example_dags/example_params_ui_tutorial.py
[2023-11-16T00:11:31.771+0000] {processor.py:829} INFO - Processing file /home/airflow/.local/lib/python3.8/site-packages/airflow/example_dags/example_params_ui_tutorial.py for tasks to queue
[2023-11-16T00:11:31.773+0000] {logging_mixin.py:154} INFO - [2023-11-16T00:11:31.773+0000] {dagbag.py:536} INFO - Filling up the DagBag from /home/airflow/.local/lib/python3.8/site-packages/airflow/example_dags/example_params_ui_tutorial.py
[2023-11-16T00:11:31.797+0000] {processor.py:839} INFO - DAG(s) dict_keys(['example_params_ui_tutorial']) retrieved from /home/airflow/.local/lib/python3.8/site-packages/airflow/example_dags/example_params_ui_tutorial.py
[2023-11-16T00:11:31.832+0000] {logging_mixin.py:154} INFO - [2023-11-16T00:11:31.832+0000] {dag.py:2941} INFO - Sync 1 DAGs
[2023-11-16T00:11:31.840+0000] {logging_mixin.py:154} INFO - [2023-11-16T00:11:31.840+0000] {dag.py:3722} INFO - Setting next_dagrun for example_params_ui_tutorial to None, run_after=None
[2023-11-16T00:11:31.853+0000] {processor.py:179} INFO - Processing /home/airflow/.local/lib/python3.8/site-packages/airflow/example_dags/example_params_ui_tutorial.py took 0.085 seconds
[2023-11-16T00:12:01.939+0000] {processor.py:157} INFO - Started process (PID=451) to work on /home/airflow/.local/lib/python3.8/site-packages/airflow/example_dags/example_params_ui_tutorial.py
[2023-11-16T00:12:01.940+0000] {processor.py:829} INFO - Processing file /home/airflow/.local/lib/python3.8/site-packages/airflow/example_dags/example_params_ui_tutorial.py for tasks to queue
[2023-11-16T00:12:01.942+0000] {logging_mixin.py:154} INFO - [2023-11-16T00:12:01.942+0000] {dagbag.py:536} INFO - Filling up the DagBag from /home/airflow/.local/lib/python3.8/site-packages/airflow/example_dags/example_params_ui_tutorial.py
[2023-11-16T00:12:01.966+0000] {processor.py:839} INFO - DAG(s) dict_keys(['example_params_ui_tutorial']) retrieved from /home/airflow/.local/lib/python3.8/site-packages/airflow/example_dags/example_params_ui_tutorial.py
[2023-11-16T00:12:02.001+0000] {logging_mixin.py:154} INFO - [2023-11-16T00:12:02.001+0000] {dag.py:2941} INFO - Sync 1 DAGs
[2023-11-16T00:12:02.011+0000] {logging_mixin.py:154} INFO - [2023-11-16T00:12:02.011+0000] {dag.py:3722} INFO - Setting next_dagrun for example_params_ui_tutorial to None, run_after=None
[2023-11-16T00:12:02.025+0000] {processor.py:179} INFO - Processing /home/airflow/.local/lib/python3.8/site-packages/airflow/example_dags/example_params_ui_tutorial.py took 0.088 seconds
[2023-11-16T00:12:32.092+0000] {processor.py:157} INFO - Started process (PID=510) to work on /home/airflow/.local/lib/python3.8/site-packages/airflow/example_dags/example_params_ui_tutorial.py
[2023-11-16T00:12:32.093+0000] {processor.py:829} INFO - Processing file /home/airflow/.local/lib/python3.8/site-packages/airflow/example_dags/example_params_ui_tutorial.py for tasks to queue
[2023-11-16T00:12:32.094+0000] {logging_mixin.py:154} INFO - [2023-11-16T00:12:32.094+0000] {dagbag.py:536} INFO - Filling up the DagBag from /home/airflow/.local/lib/python3.8/site-packages/airflow/example_dags/example_params_ui_tutorial.py
[2023-11-16T00:12:32.117+0000] {processor.py:839} INFO - DAG(s) dict_keys(['example_params_ui_tutorial']) retrieved from /home/airflow/.local/lib/python3.8/site-packages/airflow/example_dags/example_params_ui_tutorial.py
[2023-11-16T00:12:32.151+0000] {logging_mixin.py:154} INFO - [2023-11-16T00:12:32.151+0000] {dag.py:2941} INFO - Sync 1 DAGs
[2023-11-16T00:12:32.159+0000] {logging_mixin.py:154} INFO - [2023-11-16T00:12:32.159+0000] {dag.py:3722} INFO - Setting next_dagrun for example_params_ui_tutorial to None, run_after=None
[2023-11-16T00:12:32.172+0000] {processor.py:179} INFO - Processing /home/airflow/.local/lib/python3.8/site-packages/airflow/example_dags/example_params_ui_tutorial.py took 0.082 seconds
[2023-11-16T00:13:02.197+0000] {processor.py:157} INFO - Started process (PID=567) to work on /home/airflow/.local/lib/python3.8/site-packages/airflow/example_dags/example_params_ui_tutorial.py
[2023-11-16T00:13:02.197+0000] {processor.py:829} INFO - Processing file /home/airflow/.local/lib/python3.8/site-packages/airflow/example_dags/example_params_ui_tutorial.py for tasks to queue
[2023-11-16T00:13:02.199+0000] {logging_mixin.py:154} INFO - [2023-11-16T00:13:02.199+0000] {dagbag.py:536} INFO - Filling up the DagBag from /home/airflow/.local/lib/python3.8/site-packages/airflow/example_dags/example_params_ui_tutorial.py
[2023-11-16T00:13:02.222+0000] {processor.py:839} INFO - DAG(s) dict_keys(['example_params_ui_tutorial']) retrieved from /home/airflow/.local/lib/python3.8/site-packages/airflow/example_dags/example_params_ui_tutorial.py
[2023-11-16T00:13:02.257+0000] {logging_mixin.py:154} INFO - [2023-11-16T00:13:02.257+0000] {dag.py:2941} INFO - Sync 1 DAGs
[2023-11-16T00:13:02.267+0000] {logging_mixin.py:154} INFO - [2023-11-16T00:13:02.267+0000] {dag.py:3722} INFO - Setting next_dagrun for example_params_ui_tutorial to None, run_after=None
[2023-11-16T00:13:02.280+0000] {processor.py:179} INFO - Processing /home/airflow/.local/lib/python3.8/site-packages/airflow/example_dags/example_params_ui_tutorial.py took 0.085 seconds
[2023-11-16T00:13:32.338+0000] {processor.py:157} INFO - Started process (PID=624) to work on /home/airflow/.local/lib/python3.8/site-packages/airflow/example_dags/example_params_ui_tutorial.py
[2023-11-16T00:13:32.339+0000] {processor.py:829} INFO - Processing file /home/airflow/.local/lib/python3.8/site-packages/airflow/example_dags/example_params_ui_tutorial.py for tasks to queue
[2023-11-16T00:13:32.340+0000] {logging_mixin.py:154} INFO - [2023-11-16T00:13:32.340+0000] {dagbag.py:536} INFO - Filling up the DagBag from /home/airflow/.local/lib/python3.8/site-packages/airflow/example_dags/example_params_ui_tutorial.py
[2023-11-16T00:13:32.363+0000] {processor.py:839} INFO - DAG(s) dict_keys(['example_params_ui_tutorial']) retrieved from /home/airflow/.local/lib/python3.8/site-packages/airflow/example_dags/example_params_ui_tutorial.py
[2023-11-16T00:13:32.428+0000] {logging_mixin.py:154} INFO - [2023-11-16T00:13:32.428+0000] {dag.py:2941} INFO - Sync 1 DAGs
[2023-11-16T00:13:32.437+0000] {logging_mixin.py:154} INFO - [2023-11-16T00:13:32.437+0000] {dag.py:3722} INFO - Setting next_dagrun for example_params_ui_tutorial to None, run_after=None
[2023-11-16T00:13:32.450+0000] {processor.py:179} INFO - Processing /home/airflow/.local/lib/python3.8/site-packages/airflow/example_dags/example_params_ui_tutorial.py took 0.114 seconds
[2023-11-16T00:14:02.498+0000] {processor.py:157} INFO - Started process (PID=681) to work on /home/airflow/.local/lib/python3.8/site-packages/airflow/example_dags/example_params_ui_tutorial.py
[2023-11-16T00:14:02.499+0000] {processor.py:829} INFO - Processing file /home/airflow/.local/lib/python3.8/site-packages/airflow/example_dags/example_params_ui_tutorial.py for tasks to queue
[2023-11-16T00:14:02.501+0000] {logging_mixin.py:154} INFO - [2023-11-16T00:14:02.501+0000] {dagbag.py:536} INFO - Filling up the DagBag from /home/airflow/.local/lib/python3.8/site-packages/airflow/example_dags/example_params_ui_tutorial.py
[2023-11-16T00:14:02.523+0000] {processor.py:839} INFO - DAG(s) dict_keys(['example_params_ui_tutorial']) retrieved from /home/airflow/.local/lib/python3.8/site-packages/airflow/example_dags/example_params_ui_tutorial.py
[2023-11-16T00:14:02.555+0000] {logging_mixin.py:154} INFO - [2023-11-16T00:14:02.555+0000] {dag.py:2941} INFO - Sync 1 DAGs
[2023-11-16T00:14:02.562+0000] {logging_mixin.py:154} INFO - [2023-11-16T00:14:02.562+0000] {dag.py:3722} INFO - Setting next_dagrun for example_params_ui_tutorial to None, run_after=None
[2023-11-16T00:14:02.574+0000] {processor.py:179} INFO - Processing /home/airflow/.local/lib/python3.8/site-packages/airflow/example_dags/example_params_ui_tutorial.py took 0.077 seconds
[2023-11-16T00:14:32.705+0000] {processor.py:157} INFO - Started process (PID=737) to work on /home/airflow/.local/lib/python3.8/site-packages/airflow/example_dags/example_params_ui_tutorial.py
[2023-11-16T00:14:32.706+0000] {processor.py:829} INFO - Processing file /home/airflow/.local/lib/python3.8/site-packages/airflow/example_dags/example_params_ui_tutorial.py for tasks to queue
[2023-11-16T00:14:32.708+0000] {logging_mixin.py:154} INFO - [2023-11-16T00:14:32.708+0000] {dagbag.py:536} INFO - Filling up the DagBag from /home/airflow/.local/lib/python3.8/site-packages/airflow/example_dags/example_params_ui_tutorial.py
[2023-11-16T00:14:32.735+0000] {processor.py:839} INFO - DAG(s) dict_keys(['example_params_ui_tutorial']) retrieved from /home/airflow/.local/lib/python3.8/site-packages/airflow/example_dags/example_params_ui_tutorial.py
[2023-11-16T00:14:32.768+0000] {logging_mixin.py:154} INFO - [2023-11-16T00:14:32.768+0000] {dag.py:2941} INFO - Sync 1 DAGs
[2023-11-16T00:14:32.776+0000] {logging_mixin.py:154} INFO - [2023-11-16T00:14:32.776+0000] {dag.py:3722} INFO - Setting next_dagrun for example_params_ui_tutorial to None, run_after=None
[2023-11-16T00:14:32.788+0000] {processor.py:179} INFO - Processing /home/airflow/.local/lib/python3.8/site-packages/airflow/example_dags/example_params_ui_tutorial.py took 0.084 seconds
[2023-11-16T00:15:02.989+0000] {processor.py:157} INFO - Started process (PID=794) to work on /home/airflow/.local/lib/python3.8/site-packages/airflow/example_dags/example_params_ui_tutorial.py
[2023-11-16T00:15:02.990+0000] {processor.py:829} INFO - Processing file /home/airflow/.local/lib/python3.8/site-packages/airflow/example_dags/example_params_ui_tutorial.py for tasks to queue
[2023-11-16T00:15:02.991+0000] {logging_mixin.py:154} INFO - [2023-11-16T00:15:02.991+0000] {dagbag.py:536} INFO - Filling up the DagBag from /home/airflow/.local/lib/python3.8/site-packages/airflow/example_dags/example_params_ui_tutorial.py
[2023-11-16T00:15:03.014+0000] {processor.py:839} INFO - DAG(s) dict_keys(['example_params_ui_tutorial']) retrieved from /home/airflow/.local/lib/python3.8/site-packages/airflow/example_dags/example_params_ui_tutorial.py
[2023-11-16T00:15:03.049+0000] {logging_mixin.py:154} INFO - [2023-11-16T00:15:03.049+0000] {dag.py:2941} INFO - Sync 1 DAGs
[2023-11-16T00:15:03.059+0000] {logging_mixin.py:154} INFO - [2023-11-16T00:15:03.059+0000] {dag.py:3722} INFO - Setting next_dagrun for example_params_ui_tutorial to None, run_after=None
[2023-11-16T00:15:03.081+0000] {processor.py:179} INFO - Processing /home/airflow/.local/lib/python3.8/site-packages/airflow/example_dags/example_params_ui_tutorial.py took 0.094 seconds
[2023-11-16T00:15:33.155+0000] {processor.py:157} INFO - Started process (PID=851) to work on /home/airflow/.local/lib/python3.8/site-packages/airflow/example_dags/example_params_ui_tutorial.py
[2023-11-16T00:15:33.156+0000] {processor.py:829} INFO - Processing file /home/airflow/.local/lib/python3.8/site-packages/airflow/example_dags/example_params_ui_tutorial.py for tasks to queue
[2023-11-16T00:15:33.157+0000] {logging_mixin.py:154} INFO - [2023-11-16T00:15:33.157+0000] {dagbag.py:536} INFO - Filling up the DagBag from /home/airflow/.local/lib/python3.8/site-packages/airflow/example_dags/example_params_ui_tutorial.py
[2023-11-16T00:15:33.179+0000] {processor.py:839} INFO - DAG(s) dict_keys(['example_params_ui_tutorial']) retrieved from /home/airflow/.local/lib/python3.8/site-packages/airflow/example_dags/example_params_ui_tutorial.py
[2023-11-16T00:15:33.214+0000] {logging_mixin.py:154} INFO - [2023-11-16T00:15:33.214+0000] {dag.py:2941} INFO - Sync 1 DAGs
[2023-11-16T00:15:33.223+0000] {logging_mixin.py:154} INFO - [2023-11-16T00:15:33.222+0000] {dag.py:3722} INFO - Setting next_dagrun for example_params_ui_tutorial to None, run_after=None
[2023-11-16T00:15:33.234+0000] {processor.py:179} INFO - Processing /home/airflow/.local/lib/python3.8/site-packages/airflow/example_dags/example_params_ui_tutorial.py took 0.082 seconds
[2023-11-16T00:16:03.269+0000] {processor.py:157} INFO - Started process (PID=909) to work on /home/airflow/.local/lib/python3.8/site-packages/airflow/example_dags/example_params_ui_tutorial.py
[2023-11-16T00:16:03.271+0000] {processor.py:829} INFO - Processing file /home/airflow/.local/lib/python3.8/site-packages/airflow/example_dags/example_params_ui_tutorial.py for tasks to queue
[2023-11-16T00:16:03.274+0000] {logging_mixin.py:154} INFO - [2023-11-16T00:16:03.273+0000] {dagbag.py:536} INFO - Filling up the DagBag from /home/airflow/.local/lib/python3.8/site-packages/airflow/example_dags/example_params_ui_tutorial.py
[2023-11-16T00:16:03.297+0000] {processor.py:839} INFO - DAG(s) dict_keys(['example_params_ui_tutorial']) retrieved from /home/airflow/.local/lib/python3.8/site-packages/airflow/example_dags/example_params_ui_tutorial.py
[2023-11-16T00:16:03.333+0000] {logging_mixin.py:154} INFO - [2023-11-16T00:16:03.333+0000] {dag.py:2941} INFO - Sync 1 DAGs
[2023-11-16T00:16:03.341+0000] {logging_mixin.py:154} INFO - [2023-11-16T00:16:03.341+0000] {dag.py:3722} INFO - Setting next_dagrun for example_params_ui_tutorial to None, run_after=None
[2023-11-16T00:16:03.354+0000] {processor.py:179} INFO - Processing /home/airflow/.local/lib/python3.8/site-packages/airflow/example_dags/example_params_ui_tutorial.py took 0.087 seconds
[2023-11-16T00:16:33.501+0000] {processor.py:157} INFO - Started process (PID=965) to work on /home/airflow/.local/lib/python3.8/site-packages/airflow/example_dags/example_params_ui_tutorial.py
[2023-11-16T00:16:33.502+0000] {processor.py:829} INFO - Processing file /home/airflow/.local/lib/python3.8/site-packages/airflow/example_dags/example_params_ui_tutorial.py for tasks to queue
[2023-11-16T00:16:33.503+0000] {logging_mixin.py:154} INFO - [2023-11-16T00:16:33.503+0000] {dagbag.py:536} INFO - Filling up the DagBag from /home/airflow/.local/lib/python3.8/site-packages/airflow/example_dags/example_params_ui_tutorial.py
[2023-11-16T00:16:33.527+0000] {processor.py:839} INFO - DAG(s) dict_keys(['example_params_ui_tutorial']) retrieved from /home/airflow/.local/lib/python3.8/site-packages/airflow/example_dags/example_params_ui_tutorial.py
[2023-11-16T00:16:33.561+0000] {logging_mixin.py:154} INFO - [2023-11-16T00:16:33.561+0000] {dag.py:2941} INFO - Sync 1 DAGs
[2023-11-16T00:16:33.570+0000] {logging_mixin.py:154} INFO - [2023-11-16T00:16:33.569+0000] {dag.py:3722} INFO - Setting next_dagrun for example_params_ui_tutorial to None, run_after=None
[2023-11-16T00:16:33.582+0000] {processor.py:179} INFO - Processing /home/airflow/.local/lib/python3.8/site-packages/airflow/example_dags/example_params_ui_tutorial.py took 0.085 seconds
[2023-11-16T00:17:03.704+0000] {processor.py:157} INFO - Started process (PID=1022) to work on /home/airflow/.local/lib/python3.8/site-packages/airflow/example_dags/example_params_ui_tutorial.py
[2023-11-16T00:17:03.705+0000] {processor.py:829} INFO - Processing file /home/airflow/.local/lib/python3.8/site-packages/airflow/example_dags/example_params_ui_tutorial.py for tasks to queue
[2023-11-16T00:17:03.706+0000] {logging_mixin.py:154} INFO - [2023-11-16T00:17:03.706+0000] {dagbag.py:536} INFO - Filling up the DagBag from /home/airflow/.local/lib/python3.8/site-packages/airflow/example_dags/example_params_ui_tutorial.py
[2023-11-16T00:17:03.732+0000] {processor.py:839} INFO - DAG(s) dict_keys(['example_params_ui_tutorial']) retrieved from /home/airflow/.local/lib/python3.8/site-packages/airflow/example_dags/example_params_ui_tutorial.py
[2023-11-16T00:17:03.769+0000] {logging_mixin.py:154} INFO - [2023-11-16T00:17:03.769+0000] {dag.py:2941} INFO - Sync 1 DAGs
[2023-11-16T00:17:03.777+0000] {logging_mixin.py:154} INFO - [2023-11-16T00:17:03.777+0000] {dag.py:3722} INFO - Setting next_dagrun for example_params_ui_tutorial to None, run_after=None
[2023-11-16T00:17:03.789+0000] {processor.py:179} INFO - Processing /home/airflow/.local/lib/python3.8/site-packages/airflow/example_dags/example_params_ui_tutorial.py took 0.087 seconds
[2023-11-16T00:17:33.867+0000] {processor.py:157} INFO - Started process (PID=1079) to work on /home/airflow/.local/lib/python3.8/site-packages/airflow/example_dags/example_params_ui_tutorial.py
[2023-11-16T00:17:33.868+0000] {processor.py:829} INFO - Processing file /home/airflow/.local/lib/python3.8/site-packages/airflow/example_dags/example_params_ui_tutorial.py for tasks to queue
[2023-11-16T00:17:33.869+0000] {logging_mixin.py:154} INFO - [2023-11-16T00:17:33.869+0000] {dagbag.py:536} INFO - Filling up the DagBag from /home/airflow/.local/lib/python3.8/site-packages/airflow/example_dags/example_params_ui_tutorial.py
[2023-11-16T00:17:33.892+0000] {processor.py:839} INFO - DAG(s) dict_keys(['example_params_ui_tutorial']) retrieved from /home/airflow/.local/lib/python3.8/site-packages/airflow/example_dags/example_params_ui_tutorial.py
[2023-11-16T00:17:33.928+0000] {logging_mixin.py:154} INFO - [2023-11-16T00:17:33.928+0000] {dag.py:2941} INFO - Sync 1 DAGs
[2023-11-16T00:17:33.936+0000] {logging_mixin.py:154} INFO - [2023-11-16T00:17:33.936+0000] {dag.py:3722} INFO - Setting next_dagrun for example_params_ui_tutorial to None, run_after=None
[2023-11-16T00:17:33.948+0000] {processor.py:179} INFO - Processing /home/airflow/.local/lib/python3.8/site-packages/airflow/example_dags/example_params_ui_tutorial.py took 0.083 seconds
[2023-11-16T00:18:04.170+0000] {processor.py:157} INFO - Started process (PID=1136) to work on /home/airflow/.local/lib/python3.8/site-packages/airflow/example_dags/example_params_ui_tutorial.py
[2023-11-16T00:18:04.171+0000] {processor.py:829} INFO - Processing file /home/airflow/.local/lib/python3.8/site-packages/airflow/example_dags/example_params_ui_tutorial.py for tasks to queue
[2023-11-16T00:18:04.172+0000] {logging_mixin.py:154} INFO - [2023-11-16T00:18:04.172+0000] {dagbag.py:536} INFO - Filling up the DagBag from /home/airflow/.local/lib/python3.8/site-packages/airflow/example_dags/example_params_ui_tutorial.py
[2023-11-16T00:18:04.196+0000] {processor.py:839} INFO - DAG(s) dict_keys(['example_params_ui_tutorial']) retrieved from /home/airflow/.local/lib/python3.8/site-packages/airflow/example_dags/example_params_ui_tutorial.py
[2023-11-16T00:18:04.229+0000] {logging_mixin.py:154} INFO - [2023-11-16T00:18:04.229+0000] {dag.py:2941} INFO - Sync 1 DAGs
[2023-11-16T00:18:04.237+0000] {logging_mixin.py:154} INFO - [2023-11-16T00:18:04.236+0000] {dag.py:3722} INFO - Setting next_dagrun for example_params_ui_tutorial to None, run_after=None
[2023-11-16T00:18:04.249+0000] {processor.py:179} INFO - Processing /home/airflow/.local/lib/python3.8/site-packages/airflow/example_dags/example_params_ui_tutorial.py took 0.080 seconds
[2023-11-16T00:18:34.864+0000] {processor.py:157} INFO - Started process (PID=1193) to work on /home/airflow/.local/lib/python3.8/site-packages/airflow/example_dags/example_params_ui_tutorial.py
[2023-11-16T00:18:34.865+0000] {processor.py:829} INFO - Processing file /home/airflow/.local/lib/python3.8/site-packages/airflow/example_dags/example_params_ui_tutorial.py for tasks to queue
[2023-11-16T00:18:34.866+0000] {logging_mixin.py:154} INFO - [2023-11-16T00:18:34.866+0000] {dagbag.py:536} INFO - Filling up the DagBag from /home/airflow/.local/lib/python3.8/site-packages/airflow/example_dags/example_params_ui_tutorial.py
[2023-11-16T00:18:34.896+0000] {processor.py:839} INFO - DAG(s) dict_keys(['example_params_ui_tutorial']) retrieved from /home/airflow/.local/lib/python3.8/site-packages/airflow/example_dags/example_params_ui_tutorial.py
[2023-11-16T00:18:34.931+0000] {logging_mixin.py:154} INFO - [2023-11-16T00:18:34.931+0000] {dag.py:2941} INFO - Sync 1 DAGs
[2023-11-16T00:18:34.939+0000] {logging_mixin.py:154} INFO - [2023-11-16T00:18:34.939+0000] {dag.py:3722} INFO - Setting next_dagrun for example_params_ui_tutorial to None, run_after=None
[2023-11-16T00:18:34.951+0000] {processor.py:179} INFO - Processing /home/airflow/.local/lib/python3.8/site-packages/airflow/example_dags/example_params_ui_tutorial.py took 0.090 seconds
[2023-11-16T00:19:05.058+0000] {processor.py:157} INFO - Started process (PID=1250) to work on /home/airflow/.local/lib/python3.8/site-packages/airflow/example_dags/example_params_ui_tutorial.py
[2023-11-16T00:19:05.060+0000] {processor.py:829} INFO - Processing file /home/airflow/.local/lib/python3.8/site-packages/airflow/example_dags/example_params_ui_tutorial.py for tasks to queue
[2023-11-16T00:19:05.061+0000] {logging_mixin.py:154} INFO - [2023-11-16T00:19:05.061+0000] {dagbag.py:536} INFO - Filling up the DagBag from /home/airflow/.local/lib/python3.8/site-packages/airflow/example_dags/example_params_ui_tutorial.py
[2023-11-16T00:19:05.085+0000] {processor.py:839} INFO - DAG(s) dict_keys(['example_params_ui_tutorial']) retrieved from /home/airflow/.local/lib/python3.8/site-packages/airflow/example_dags/example_params_ui_tutorial.py
[2023-11-16T00:19:05.120+0000] {logging_mixin.py:154} INFO - [2023-11-16T00:19:05.120+0000] {dag.py:2941} INFO - Sync 1 DAGs
[2023-11-16T00:19:05.129+0000] {logging_mixin.py:154} INFO - [2023-11-16T00:19:05.129+0000] {dag.py:3722} INFO - Setting next_dagrun for example_params_ui_tutorial to None, run_after=None
[2023-11-16T00:19:05.142+0000] {processor.py:179} INFO - Processing /home/airflow/.local/lib/python3.8/site-packages/airflow/example_dags/example_params_ui_tutorial.py took 0.087 seconds
[2023-11-16T00:19:35.318+0000] {processor.py:157} INFO - Started process (PID=1308) to work on /home/airflow/.local/lib/python3.8/site-packages/airflow/example_dags/example_params_ui_tutorial.py
[2023-11-16T00:19:35.319+0000] {processor.py:829} INFO - Processing file /home/airflow/.local/lib/python3.8/site-packages/airflow/example_dags/example_params_ui_tutorial.py for tasks to queue
[2023-11-16T00:19:35.321+0000] {logging_mixin.py:154} INFO - [2023-11-16T00:19:35.321+0000] {dagbag.py:536} INFO - Filling up the DagBag from /home/airflow/.local/lib/python3.8/site-packages/airflow/example_dags/example_params_ui_tutorial.py
[2023-11-16T00:19:35.345+0000] {processor.py:839} INFO - DAG(s) dict_keys(['example_params_ui_tutorial']) retrieved from /home/airflow/.local/lib/python3.8/site-packages/airflow/example_dags/example_params_ui_tutorial.py
[2023-11-16T00:19:35.382+0000] {logging_mixin.py:154} INFO - [2023-11-16T00:19:35.382+0000] {dag.py:2941} INFO - Sync 1 DAGs
[2023-11-16T00:19:35.390+0000] {logging_mixin.py:154} INFO - [2023-11-16T00:19:35.390+0000] {dag.py:3722} INFO - Setting next_dagrun for example_params_ui_tutorial to None, run_after=None
[2023-11-16T00:19:35.403+0000] {processor.py:179} INFO - Processing /home/airflow/.local/lib/python3.8/site-packages/airflow/example_dags/example_params_ui_tutorial.py took 0.087 seconds
[2023-11-16T00:20:05.577+0000] {processor.py:157} INFO - Started process (PID=1365) to work on /home/airflow/.local/lib/python3.8/site-packages/airflow/example_dags/example_params_ui_tutorial.py
[2023-11-16T00:20:05.578+0000] {processor.py:829} INFO - Processing file /home/airflow/.local/lib/python3.8/site-packages/airflow/example_dags/example_params_ui_tutorial.py for tasks to queue
[2023-11-16T00:20:05.579+0000] {logging_mixin.py:154} INFO - [2023-11-16T00:20:05.579+0000] {dagbag.py:536} INFO - Filling up the DagBag from /home/airflow/.local/lib/python3.8/site-packages/airflow/example_dags/example_params_ui_tutorial.py
[2023-11-16T00:20:05.603+0000] {processor.py:839} INFO - DAG(s) dict_keys(['example_params_ui_tutorial']) retrieved from /home/airflow/.local/lib/python3.8/site-packages/airflow/example_dags/example_params_ui_tutorial.py
[2023-11-16T00:20:05.638+0000] {logging_mixin.py:154} INFO - [2023-11-16T00:20:05.637+0000] {dag.py:2941} INFO - Sync 1 DAGs
[2023-11-16T00:20:05.645+0000] {logging_mixin.py:154} INFO - [2023-11-16T00:20:05.645+0000] {dag.py:3722} INFO - Setting next_dagrun for example_params_ui_tutorial to None, run_after=None
[2023-11-16T00:20:05.660+0000] {processor.py:179} INFO - Processing /home/airflow/.local/lib/python3.8/site-packages/airflow/example_dags/example_params_ui_tutorial.py took 0.085 seconds
[2023-11-16T00:20:35.879+0000] {processor.py:157} INFO - Started process (PID=1422) to work on /home/airflow/.local/lib/python3.8/site-packages/airflow/example_dags/example_params_ui_tutorial.py
[2023-11-16T00:20:35.880+0000] {processor.py:829} INFO - Processing file /home/airflow/.local/lib/python3.8/site-packages/airflow/example_dags/example_params_ui_tutorial.py for tasks to queue
[2023-11-16T00:20:35.881+0000] {logging_mixin.py:154} INFO - [2023-11-16T00:20:35.881+0000] {dagbag.py:536} INFO - Filling up the DagBag from /home/airflow/.local/lib/python3.8/site-packages/airflow/example_dags/example_params_ui_tutorial.py
[2023-11-16T00:20:35.910+0000] {processor.py:839} INFO - DAG(s) dict_keys(['example_params_ui_tutorial']) retrieved from /home/airflow/.local/lib/python3.8/site-packages/airflow/example_dags/example_params_ui_tutorial.py
[2023-11-16T00:20:35.947+0000] {logging_mixin.py:154} INFO - [2023-11-16T00:20:35.947+0000] {dag.py:2941} INFO - Sync 1 DAGs
[2023-11-16T00:20:36.049+0000] {logging_mixin.py:154} INFO - [2023-11-16T00:20:36.049+0000] {dag.py:3722} INFO - Setting next_dagrun for example_params_ui_tutorial to None, run_after=None
[2023-11-16T00:20:36.061+0000] {processor.py:179} INFO - Processing /home/airflow/.local/lib/python3.8/site-packages/airflow/example_dags/example_params_ui_tutorial.py took 0.184 seconds
[2023-11-16T00:21:06.191+0000] {processor.py:157} INFO - Started process (PID=1479) to work on /home/airflow/.local/lib/python3.8/site-packages/airflow/example_dags/example_params_ui_tutorial.py
[2023-11-16T00:21:06.192+0000] {processor.py:829} INFO - Processing file /home/airflow/.local/lib/python3.8/site-packages/airflow/example_dags/example_params_ui_tutorial.py for tasks to queue
[2023-11-16T00:21:06.194+0000] {logging_mixin.py:154} INFO - [2023-11-16T00:21:06.194+0000] {dagbag.py:536} INFO - Filling up the DagBag from /home/airflow/.local/lib/python3.8/site-packages/airflow/example_dags/example_params_ui_tutorial.py
[2023-11-16T00:21:06.217+0000] {processor.py:839} INFO - DAG(s) dict_keys(['example_params_ui_tutorial']) retrieved from /home/airflow/.local/lib/python3.8/site-packages/airflow/example_dags/example_params_ui_tutorial.py
[2023-11-16T00:21:06.250+0000] {logging_mixin.py:154} INFO - [2023-11-16T00:21:06.250+0000] {dag.py:2941} INFO - Sync 1 DAGs
[2023-11-16T00:21:06.258+0000] {logging_mixin.py:154} INFO - [2023-11-16T00:21:06.258+0000] {dag.py:3722} INFO - Setting next_dagrun for example_params_ui_tutorial to None, run_after=None
[2023-11-16T00:21:06.271+0000] {processor.py:179} INFO - Processing /home/airflow/.local/lib/python3.8/site-packages/airflow/example_dags/example_params_ui_tutorial.py took 0.083 seconds
[2023-11-16T00:21:36.493+0000] {processor.py:157} INFO - Started process (PID=1536) to work on /home/airflow/.local/lib/python3.8/site-packages/airflow/example_dags/example_params_ui_tutorial.py
[2023-11-16T00:21:36.494+0000] {processor.py:829} INFO - Processing file /home/airflow/.local/lib/python3.8/site-packages/airflow/example_dags/example_params_ui_tutorial.py for tasks to queue
[2023-11-16T00:21:36.495+0000] {logging_mixin.py:154} INFO - [2023-11-16T00:21:36.495+0000] {dagbag.py:536} INFO - Filling up the DagBag from /home/airflow/.local/lib/python3.8/site-packages/airflow/example_dags/example_params_ui_tutorial.py
[2023-11-16T00:21:36.523+0000] {processor.py:839} INFO - DAG(s) dict_keys(['example_params_ui_tutorial']) retrieved from /home/airflow/.local/lib/python3.8/site-packages/airflow/example_dags/example_params_ui_tutorial.py
[2023-11-16T00:21:36.555+0000] {logging_mixin.py:154} INFO - [2023-11-16T00:21:36.555+0000] {dag.py:2941} INFO - Sync 1 DAGs
[2023-11-16T00:21:36.563+0000] {logging_mixin.py:154} INFO - [2023-11-16T00:21:36.563+0000] {dag.py:3722} INFO - Setting next_dagrun for example_params_ui_tutorial to None, run_after=None
[2023-11-16T00:21:36.575+0000] {processor.py:179} INFO - Processing /home/airflow/.local/lib/python3.8/site-packages/airflow/example_dags/example_params_ui_tutorial.py took 0.085 seconds
[2023-11-16T00:22:07.112+0000] {processor.py:157} INFO - Started process (PID=1593) to work on /home/airflow/.local/lib/python3.8/site-packages/airflow/example_dags/example_params_ui_tutorial.py
[2023-11-16T00:22:07.113+0000] {processor.py:829} INFO - Processing file /home/airflow/.local/lib/python3.8/site-packages/airflow/example_dags/example_params_ui_tutorial.py for tasks to queue
[2023-11-16T00:22:07.114+0000] {logging_mixin.py:154} INFO - [2023-11-16T00:22:07.114+0000] {dagbag.py:536} INFO - Filling up the DagBag from /home/airflow/.local/lib/python3.8/site-packages/airflow/example_dags/example_params_ui_tutorial.py
[2023-11-16T00:22:07.137+0000] {processor.py:839} INFO - DAG(s) dict_keys(['example_params_ui_tutorial']) retrieved from /home/airflow/.local/lib/python3.8/site-packages/airflow/example_dags/example_params_ui_tutorial.py
[2023-11-16T00:22:07.172+0000] {logging_mixin.py:154} INFO - [2023-11-16T00:22:07.172+0000] {dag.py:2941} INFO - Sync 1 DAGs
[2023-11-16T00:22:07.180+0000] {logging_mixin.py:154} INFO - [2023-11-16T00:22:07.179+0000] {dag.py:3722} INFO - Setting next_dagrun for example_params_ui_tutorial to None, run_after=None
[2023-11-16T00:22:07.192+0000] {processor.py:179} INFO - Processing /home/airflow/.local/lib/python3.8/site-packages/airflow/example_dags/example_params_ui_tutorial.py took 0.082 seconds
[2023-11-16T00:22:37.372+0000] {processor.py:157} INFO - Started process (PID=1650) to work on /home/airflow/.local/lib/python3.8/site-packages/airflow/example_dags/example_params_ui_tutorial.py
[2023-11-16T00:22:37.373+0000] {processor.py:829} INFO - Processing file /home/airflow/.local/lib/python3.8/site-packages/airflow/example_dags/example_params_ui_tutorial.py for tasks to queue
[2023-11-16T00:22:37.375+0000] {logging_mixin.py:154} INFO - [2023-11-16T00:22:37.374+0000] {dagbag.py:536} INFO - Filling up the DagBag from /home/airflow/.local/lib/python3.8/site-packages/airflow/example_dags/example_params_ui_tutorial.py
[2023-11-16T00:22:37.397+0000] {processor.py:839} INFO - DAG(s) dict_keys(['example_params_ui_tutorial']) retrieved from /home/airflow/.local/lib/python3.8/site-packages/airflow/example_dags/example_params_ui_tutorial.py
[2023-11-16T00:22:37.438+0000] {logging_mixin.py:154} INFO - [2023-11-16T00:22:37.438+0000] {dag.py:2941} INFO - Sync 1 DAGs
[2023-11-16T00:22:37.540+0000] {logging_mixin.py:154} INFO - [2023-11-16T00:22:37.540+0000] {dag.py:3722} INFO - Setting next_dagrun for example_params_ui_tutorial to None, run_after=None
[2023-11-16T00:22:37.553+0000] {processor.py:179} INFO - Processing /home/airflow/.local/lib/python3.8/site-packages/airflow/example_dags/example_params_ui_tutorial.py took 0.183 seconds
[2023-11-16T00:23:08.001+0000] {processor.py:157} INFO - Started process (PID=1707) to work on /home/airflow/.local/lib/python3.8/site-packages/airflow/example_dags/example_params_ui_tutorial.py
[2023-11-16T00:23:08.002+0000] {processor.py:829} INFO - Processing file /home/airflow/.local/lib/python3.8/site-packages/airflow/example_dags/example_params_ui_tutorial.py for tasks to queue
[2023-11-16T00:23:08.004+0000] {logging_mixin.py:154} INFO - [2023-11-16T00:23:08.004+0000] {dagbag.py:536} INFO - Filling up the DagBag from /home/airflow/.local/lib/python3.8/site-packages/airflow/example_dags/example_params_ui_tutorial.py
[2023-11-16T00:23:08.029+0000] {processor.py:839} INFO - DAG(s) dict_keys(['example_params_ui_tutorial']) retrieved from /home/airflow/.local/lib/python3.8/site-packages/airflow/example_dags/example_params_ui_tutorial.py
[2023-11-16T00:23:08.067+0000] {logging_mixin.py:154} INFO - [2023-11-16T00:23:08.067+0000] {dag.py:2941} INFO - Sync 1 DAGs
[2023-11-16T00:23:08.076+0000] {logging_mixin.py:154} INFO - [2023-11-16T00:23:08.076+0000] {dag.py:3722} INFO - Setting next_dagrun for example_params_ui_tutorial to None, run_after=None
[2023-11-16T00:23:08.089+0000] {processor.py:179} INFO - Processing /home/airflow/.local/lib/python3.8/site-packages/airflow/example_dags/example_params_ui_tutorial.py took 0.091 seconds
[2023-11-16T00:23:38.221+0000] {processor.py:157} INFO - Started process (PID=1764) to work on /home/airflow/.local/lib/python3.8/site-packages/airflow/example_dags/example_params_ui_tutorial.py
[2023-11-16T00:23:38.221+0000] {processor.py:829} INFO - Processing file /home/airflow/.local/lib/python3.8/site-packages/airflow/example_dags/example_params_ui_tutorial.py for tasks to queue
[2023-11-16T00:23:38.223+0000] {logging_mixin.py:154} INFO - [2023-11-16T00:23:38.223+0000] {dagbag.py:536} INFO - Filling up the DagBag from /home/airflow/.local/lib/python3.8/site-packages/airflow/example_dags/example_params_ui_tutorial.py
[2023-11-16T00:23:38.246+0000] {processor.py:839} INFO - DAG(s) dict_keys(['example_params_ui_tutorial']) retrieved from /home/airflow/.local/lib/python3.8/site-packages/airflow/example_dags/example_params_ui_tutorial.py
[2023-11-16T00:23:38.279+0000] {logging_mixin.py:154} INFO - [2023-11-16T00:23:38.279+0000] {dag.py:2941} INFO - Sync 1 DAGs
[2023-11-16T00:23:38.287+0000] {logging_mixin.py:154} INFO - [2023-11-16T00:23:38.287+0000] {dag.py:3722} INFO - Setting next_dagrun for example_params_ui_tutorial to None, run_after=None
[2023-11-16T00:23:38.298+0000] {processor.py:179} INFO - Processing /home/airflow/.local/lib/python3.8/site-packages/airflow/example_dags/example_params_ui_tutorial.py took 0.080 seconds
[2023-11-16T00:24:09.095+0000] {processor.py:157} INFO - Started process (PID=1821) to work on /home/airflow/.local/lib/python3.8/site-packages/airflow/example_dags/example_params_ui_tutorial.py
[2023-11-16T00:24:09.096+0000] {processor.py:829} INFO - Processing file /home/airflow/.local/lib/python3.8/site-packages/airflow/example_dags/example_params_ui_tutorial.py for tasks to queue
[2023-11-16T00:24:09.097+0000] {logging_mixin.py:154} INFO - [2023-11-16T00:24:09.097+0000] {dagbag.py:536} INFO - Filling up the DagBag from /home/airflow/.local/lib/python3.8/site-packages/airflow/example_dags/example_params_ui_tutorial.py
[2023-11-16T00:24:09.226+0000] {processor.py:839} INFO - DAG(s) dict_keys(['example_params_ui_tutorial']) retrieved from /home/airflow/.local/lib/python3.8/site-packages/airflow/example_dags/example_params_ui_tutorial.py
[2023-11-16T00:24:09.259+0000] {logging_mixin.py:154} INFO - [2023-11-16T00:24:09.259+0000] {dag.py:2941} INFO - Sync 1 DAGs
[2023-11-16T00:24:09.266+0000] {logging_mixin.py:154} INFO - [2023-11-16T00:24:09.266+0000] {dag.py:3722} INFO - Setting next_dagrun for example_params_ui_tutorial to None, run_after=None
[2023-11-16T00:24:09.278+0000] {processor.py:179} INFO - Processing /home/airflow/.local/lib/python3.8/site-packages/airflow/example_dags/example_params_ui_tutorial.py took 0.185 seconds
[2023-11-16T00:24:39.875+0000] {processor.py:157} INFO - Started process (PID=1878) to work on /home/airflow/.local/lib/python3.8/site-packages/airflow/example_dags/example_params_ui_tutorial.py
[2023-11-16T00:24:39.876+0000] {processor.py:829} INFO - Processing file /home/airflow/.local/lib/python3.8/site-packages/airflow/example_dags/example_params_ui_tutorial.py for tasks to queue
[2023-11-16T00:24:39.877+0000] {logging_mixin.py:154} INFO - [2023-11-16T00:24:39.877+0000] {dagbag.py:536} INFO - Filling up the DagBag from /home/airflow/.local/lib/python3.8/site-packages/airflow/example_dags/example_params_ui_tutorial.py
[2023-11-16T00:24:39.906+0000] {processor.py:839} INFO - DAG(s) dict_keys(['example_params_ui_tutorial']) retrieved from /home/airflow/.local/lib/python3.8/site-packages/airflow/example_dags/example_params_ui_tutorial.py
[2023-11-16T00:24:39.942+0000] {logging_mixin.py:154} INFO - [2023-11-16T00:24:39.942+0000] {dag.py:2941} INFO - Sync 1 DAGs
[2023-11-16T00:24:39.952+0000] {logging_mixin.py:154} INFO - [2023-11-16T00:24:39.951+0000] {dag.py:3722} INFO - Setting next_dagrun for example_params_ui_tutorial to None, run_after=None
[2023-11-16T00:24:39.965+0000] {processor.py:179} INFO - Processing /home/airflow/.local/lib/python3.8/site-packages/airflow/example_dags/example_params_ui_tutorial.py took 0.093 seconds
[2023-11-16T00:25:10.099+0000] {processor.py:157} INFO - Started process (PID=1935) to work on /home/airflow/.local/lib/python3.8/site-packages/airflow/example_dags/example_params_ui_tutorial.py
[2023-11-16T00:25:10.100+0000] {processor.py:829} INFO - Processing file /home/airflow/.local/lib/python3.8/site-packages/airflow/example_dags/example_params_ui_tutorial.py for tasks to queue
[2023-11-16T00:25:10.103+0000] {logging_mixin.py:154} INFO - [2023-11-16T00:25:10.102+0000] {dagbag.py:536} INFO - Filling up the DagBag from /home/airflow/.local/lib/python3.8/site-packages/airflow/example_dags/example_params_ui_tutorial.py
[2023-11-16T00:25:10.126+0000] {processor.py:839} INFO - DAG(s) dict_keys(['example_params_ui_tutorial']) retrieved from /home/airflow/.local/lib/python3.8/site-packages/airflow/example_dags/example_params_ui_tutorial.py
[2023-11-16T00:25:10.161+0000] {logging_mixin.py:154} INFO - [2023-11-16T00:25:10.161+0000] {dag.py:2941} INFO - Sync 1 DAGs
[2023-11-16T00:25:10.169+0000] {logging_mixin.py:154} INFO - [2023-11-16T00:25:10.169+0000] {dag.py:3722} INFO - Setting next_dagrun for example_params_ui_tutorial to None, run_after=None
[2023-11-16T00:25:10.182+0000] {processor.py:179} INFO - Processing /home/airflow/.local/lib/python3.8/site-packages/airflow/example_dags/example_params_ui_tutorial.py took 0.086 seconds
[2023-11-16T00:25:40.267+0000] {processor.py:157} INFO - Started process (PID=1993) to work on /home/airflow/.local/lib/python3.8/site-packages/airflow/example_dags/example_params_ui_tutorial.py
[2023-11-16T00:25:40.268+0000] {processor.py:829} INFO - Processing file /home/airflow/.local/lib/python3.8/site-packages/airflow/example_dags/example_params_ui_tutorial.py for tasks to queue
[2023-11-16T00:25:40.270+0000] {logging_mixin.py:154} INFO - [2023-11-16T00:25:40.270+0000] {dagbag.py:536} INFO - Filling up the DagBag from /home/airflow/.local/lib/python3.8/site-packages/airflow/example_dags/example_params_ui_tutorial.py
[2023-11-16T00:25:40.293+0000] {processor.py:839} INFO - DAG(s) dict_keys(['example_params_ui_tutorial']) retrieved from /home/airflow/.local/lib/python3.8/site-packages/airflow/example_dags/example_params_ui_tutorial.py
[2023-11-16T00:25:40.326+0000] {logging_mixin.py:154} INFO - [2023-11-16T00:25:40.325+0000] {dag.py:2941} INFO - Sync 1 DAGs
[2023-11-16T00:25:40.334+0000] {logging_mixin.py:154} INFO - [2023-11-16T00:25:40.334+0000] {dag.py:3722} INFO - Setting next_dagrun for example_params_ui_tutorial to None, run_after=None
[2023-11-16T00:25:40.346+0000] {processor.py:179} INFO - Processing /home/airflow/.local/lib/python3.8/site-packages/airflow/example_dags/example_params_ui_tutorial.py took 0.081 seconds
[2023-11-16T00:26:10.486+0000] {processor.py:157} INFO - Started process (PID=2049) to work on /home/airflow/.local/lib/python3.8/site-packages/airflow/example_dags/example_params_ui_tutorial.py
[2023-11-16T00:26:10.487+0000] {processor.py:829} INFO - Processing file /home/airflow/.local/lib/python3.8/site-packages/airflow/example_dags/example_params_ui_tutorial.py for tasks to queue
[2023-11-16T00:26:10.489+0000] {logging_mixin.py:154} INFO - [2023-11-16T00:26:10.489+0000] {dagbag.py:536} INFO - Filling up the DagBag from /home/airflow/.local/lib/python3.8/site-packages/airflow/example_dags/example_params_ui_tutorial.py
[2023-11-16T00:26:10.513+0000] {processor.py:839} INFO - DAG(s) dict_keys(['example_params_ui_tutorial']) retrieved from /home/airflow/.local/lib/python3.8/site-packages/airflow/example_dags/example_params_ui_tutorial.py
[2023-11-16T00:26:10.549+0000] {logging_mixin.py:154} INFO - [2023-11-16T00:26:10.549+0000] {dag.py:2941} INFO - Sync 1 DAGs
[2023-11-16T00:26:10.556+0000] {logging_mixin.py:154} INFO - [2023-11-16T00:26:10.556+0000] {dag.py:3722} INFO - Setting next_dagrun for example_params_ui_tutorial to None, run_after=None
[2023-11-16T00:26:10.569+0000] {processor.py:179} INFO - Processing /home/airflow/.local/lib/python3.8/site-packages/airflow/example_dags/example_params_ui_tutorial.py took 0.085 seconds
[2023-11-16T00:26:40.718+0000] {processor.py:157} INFO - Started process (PID=2106) to work on /home/airflow/.local/lib/python3.8/site-packages/airflow/example_dags/example_params_ui_tutorial.py
[2023-11-16T00:26:40.719+0000] {processor.py:829} INFO - Processing file /home/airflow/.local/lib/python3.8/site-packages/airflow/example_dags/example_params_ui_tutorial.py for tasks to queue
[2023-11-16T00:26:40.721+0000] {logging_mixin.py:154} INFO - [2023-11-16T00:26:40.720+0000] {dagbag.py:536} INFO - Filling up the DagBag from /home/airflow/.local/lib/python3.8/site-packages/airflow/example_dags/example_params_ui_tutorial.py
[2023-11-16T00:26:40.744+0000] {processor.py:839} INFO - DAG(s) dict_keys(['example_params_ui_tutorial']) retrieved from /home/airflow/.local/lib/python3.8/site-packages/airflow/example_dags/example_params_ui_tutorial.py
[2023-11-16T00:26:40.780+0000] {logging_mixin.py:154} INFO - [2023-11-16T00:26:40.780+0000] {dag.py:2941} INFO - Sync 1 DAGs
[2023-11-16T00:26:40.789+0000] {logging_mixin.py:154} INFO - [2023-11-16T00:26:40.788+0000] {dag.py:3722} INFO - Setting next_dagrun for example_params_ui_tutorial to None, run_after=None
[2023-11-16T00:26:40.801+0000] {processor.py:179} INFO - Processing /home/airflow/.local/lib/python3.8/site-packages/airflow/example_dags/example_params_ui_tutorial.py took 0.086 seconds
[2023-11-16T00:27:10.893+0000] {processor.py:157} INFO - Started process (PID=2163) to work on /home/airflow/.local/lib/python3.8/site-packages/airflow/example_dags/example_params_ui_tutorial.py
[2023-11-16T00:27:10.894+0000] {processor.py:829} INFO - Processing file /home/airflow/.local/lib/python3.8/site-packages/airflow/example_dags/example_params_ui_tutorial.py for tasks to queue
[2023-11-16T00:27:10.895+0000] {logging_mixin.py:154} INFO - [2023-11-16T00:27:10.895+0000] {dagbag.py:536} INFO - Filling up the DagBag from /home/airflow/.local/lib/python3.8/site-packages/airflow/example_dags/example_params_ui_tutorial.py
[2023-11-16T00:27:10.918+0000] {processor.py:839} INFO - DAG(s) dict_keys(['example_params_ui_tutorial']) retrieved from /home/airflow/.local/lib/python3.8/site-packages/airflow/example_dags/example_params_ui_tutorial.py
[2023-11-16T00:27:10.952+0000] {logging_mixin.py:154} INFO - [2023-11-16T00:27:10.951+0000] {dag.py:2941} INFO - Sync 1 DAGs
[2023-11-16T00:27:10.960+0000] {logging_mixin.py:154} INFO - [2023-11-16T00:27:10.960+0000] {dag.py:3722} INFO - Setting next_dagrun for example_params_ui_tutorial to None, run_after=None
[2023-11-16T00:27:10.973+0000] {processor.py:179} INFO - Processing /home/airflow/.local/lib/python3.8/site-packages/airflow/example_dags/example_params_ui_tutorial.py took 0.083 seconds
[2023-11-16T00:27:41.029+0000] {processor.py:157} INFO - Started process (PID=2220) to work on /home/airflow/.local/lib/python3.8/site-packages/airflow/example_dags/example_params_ui_tutorial.py
[2023-11-16T00:27:41.030+0000] {processor.py:829} INFO - Processing file /home/airflow/.local/lib/python3.8/site-packages/airflow/example_dags/example_params_ui_tutorial.py for tasks to queue
[2023-11-16T00:27:41.032+0000] {logging_mixin.py:154} INFO - [2023-11-16T00:27:41.031+0000] {dagbag.py:536} INFO - Filling up the DagBag from /home/airflow/.local/lib/python3.8/site-packages/airflow/example_dags/example_params_ui_tutorial.py
[2023-11-16T00:27:41.057+0000] {processor.py:839} INFO - DAG(s) dict_keys(['example_params_ui_tutorial']) retrieved from /home/airflow/.local/lib/python3.8/site-packages/airflow/example_dags/example_params_ui_tutorial.py
[2023-11-16T00:27:41.095+0000] {logging_mixin.py:154} INFO - [2023-11-16T00:27:41.095+0000] {dag.py:2941} INFO - Sync 1 DAGs
[2023-11-16T00:27:41.104+0000] {logging_mixin.py:154} INFO - [2023-11-16T00:27:41.103+0000] {dag.py:3722} INFO - Setting next_dagrun for example_params_ui_tutorial to None, run_after=None
[2023-11-16T00:27:41.115+0000] {processor.py:179} INFO - Processing /home/airflow/.local/lib/python3.8/site-packages/airflow/example_dags/example_params_ui_tutorial.py took 0.089 seconds
[2023-11-16T00:28:11.149+0000] {processor.py:157} INFO - Started process (PID=2277) to work on /home/airflow/.local/lib/python3.8/site-packages/airflow/example_dags/example_params_ui_tutorial.py
[2023-11-16T00:28:11.150+0000] {processor.py:829} INFO - Processing file /home/airflow/.local/lib/python3.8/site-packages/airflow/example_dags/example_params_ui_tutorial.py for tasks to queue
[2023-11-16T00:28:11.151+0000] {logging_mixin.py:154} INFO - [2023-11-16T00:28:11.151+0000] {dagbag.py:536} INFO - Filling up the DagBag from /home/airflow/.local/lib/python3.8/site-packages/airflow/example_dags/example_params_ui_tutorial.py
[2023-11-16T00:28:11.175+0000] {processor.py:839} INFO - DAG(s) dict_keys(['example_params_ui_tutorial']) retrieved from /home/airflow/.local/lib/python3.8/site-packages/airflow/example_dags/example_params_ui_tutorial.py
[2023-11-16T00:28:11.210+0000] {logging_mixin.py:154} INFO - [2023-11-16T00:28:11.210+0000] {dag.py:2941} INFO - Sync 1 DAGs
[2023-11-16T00:28:11.218+0000] {logging_mixin.py:154} INFO - [2023-11-16T00:28:11.218+0000] {dag.py:3722} INFO - Setting next_dagrun for example_params_ui_tutorial to None, run_after=None
[2023-11-16T00:28:11.230+0000] {processor.py:179} INFO - Processing /home/airflow/.local/lib/python3.8/site-packages/airflow/example_dags/example_params_ui_tutorial.py took 0.084 seconds
[2023-11-16T00:28:41.358+0000] {processor.py:157} INFO - Started process (PID=2334) to work on /home/airflow/.local/lib/python3.8/site-packages/airflow/example_dags/example_params_ui_tutorial.py
[2023-11-16T00:28:41.359+0000] {processor.py:829} INFO - Processing file /home/airflow/.local/lib/python3.8/site-packages/airflow/example_dags/example_params_ui_tutorial.py for tasks to queue
[2023-11-16T00:28:41.361+0000] {logging_mixin.py:154} INFO - [2023-11-16T00:28:41.361+0000] {dagbag.py:536} INFO - Filling up the DagBag from /home/airflow/.local/lib/python3.8/site-packages/airflow/example_dags/example_params_ui_tutorial.py
[2023-11-16T00:28:41.385+0000] {processor.py:839} INFO - DAG(s) dict_keys(['example_params_ui_tutorial']) retrieved from /home/airflow/.local/lib/python3.8/site-packages/airflow/example_dags/example_params_ui_tutorial.py
[2023-11-16T00:28:41.421+0000] {logging_mixin.py:154} INFO - [2023-11-16T00:28:41.421+0000] {dag.py:2941} INFO - Sync 1 DAGs
[2023-11-16T00:28:41.429+0000] {logging_mixin.py:154} INFO - [2023-11-16T00:28:41.429+0000] {dag.py:3722} INFO - Setting next_dagrun for example_params_ui_tutorial to None, run_after=None
[2023-11-16T00:28:41.443+0000] {processor.py:179} INFO - Processing /home/airflow/.local/lib/python3.8/site-packages/airflow/example_dags/example_params_ui_tutorial.py took 0.087 seconds
[2023-11-16T00:29:11.640+0000] {processor.py:157} INFO - Started process (PID=2391) to work on /home/airflow/.local/lib/python3.8/site-packages/airflow/example_dags/example_params_ui_tutorial.py
[2023-11-16T00:29:11.641+0000] {processor.py:829} INFO - Processing file /home/airflow/.local/lib/python3.8/site-packages/airflow/example_dags/example_params_ui_tutorial.py for tasks to queue
[2023-11-16T00:29:11.643+0000] {logging_mixin.py:154} INFO - [2023-11-16T00:29:11.642+0000] {dagbag.py:536} INFO - Filling up the DagBag from /home/airflow/.local/lib/python3.8/site-packages/airflow/example_dags/example_params_ui_tutorial.py
[2023-11-16T00:29:11.666+0000] {processor.py:839} INFO - DAG(s) dict_keys(['example_params_ui_tutorial']) retrieved from /home/airflow/.local/lib/python3.8/site-packages/airflow/example_dags/example_params_ui_tutorial.py
[2023-11-16T00:29:11.704+0000] {logging_mixin.py:154} INFO - [2023-11-16T00:29:11.703+0000] {dag.py:2941} INFO - Sync 1 DAGs
[2023-11-16T00:29:11.714+0000] {logging_mixin.py:154} INFO - [2023-11-16T00:29:11.714+0000] {dag.py:3722} INFO - Setting next_dagrun for example_params_ui_tutorial to None, run_after=None
[2023-11-16T00:29:11.727+0000] {processor.py:179} INFO - Processing /home/airflow/.local/lib/python3.8/site-packages/airflow/example_dags/example_params_ui_tutorial.py took 0.088 seconds
[2023-11-16T00:29:41.779+0000] {processor.py:157} INFO - Started process (PID=2448) to work on /home/airflow/.local/lib/python3.8/site-packages/airflow/example_dags/example_params_ui_tutorial.py
[2023-11-16T00:29:41.780+0000] {processor.py:829} INFO - Processing file /home/airflow/.local/lib/python3.8/site-packages/airflow/example_dags/example_params_ui_tutorial.py for tasks to queue
[2023-11-16T00:29:41.782+0000] {logging_mixin.py:154} INFO - [2023-11-16T00:29:41.781+0000] {dagbag.py:536} INFO - Filling up the DagBag from /home/airflow/.local/lib/python3.8/site-packages/airflow/example_dags/example_params_ui_tutorial.py
[2023-11-16T00:29:41.806+0000] {processor.py:839} INFO - DAG(s) dict_keys(['example_params_ui_tutorial']) retrieved from /home/airflow/.local/lib/python3.8/site-packages/airflow/example_dags/example_params_ui_tutorial.py
[2023-11-16T00:29:41.843+0000] {logging_mixin.py:154} INFO - [2023-11-16T00:29:41.842+0000] {dag.py:2941} INFO - Sync 1 DAGs
[2023-11-16T00:29:41.850+0000] {logging_mixin.py:154} INFO - [2023-11-16T00:29:41.850+0000] {dag.py:3722} INFO - Setting next_dagrun for example_params_ui_tutorial to None, run_after=None
[2023-11-16T00:29:41.862+0000] {processor.py:179} INFO - Processing /home/airflow/.local/lib/python3.8/site-packages/airflow/example_dags/example_params_ui_tutorial.py took 0.086 seconds
[2023-11-16T00:30:12.033+0000] {processor.py:157} INFO - Started process (PID=2506) to work on /home/airflow/.local/lib/python3.8/site-packages/airflow/example_dags/example_params_ui_tutorial.py
[2023-11-16T00:30:12.034+0000] {processor.py:829} INFO - Processing file /home/airflow/.local/lib/python3.8/site-packages/airflow/example_dags/example_params_ui_tutorial.py for tasks to queue
[2023-11-16T00:30:12.036+0000] {logging_mixin.py:154} INFO - [2023-11-16T00:30:12.035+0000] {dagbag.py:536} INFO - Filling up the DagBag from /home/airflow/.local/lib/python3.8/site-packages/airflow/example_dags/example_params_ui_tutorial.py
[2023-11-16T00:30:12.059+0000] {processor.py:839} INFO - DAG(s) dict_keys(['example_params_ui_tutorial']) retrieved from /home/airflow/.local/lib/python3.8/site-packages/airflow/example_dags/example_params_ui_tutorial.py
[2023-11-16T00:30:12.093+0000] {logging_mixin.py:154} INFO - [2023-11-16T00:30:12.093+0000] {dag.py:2941} INFO - Sync 1 DAGs
[2023-11-16T00:30:12.101+0000] {logging_mixin.py:154} INFO - [2023-11-16T00:30:12.101+0000] {dag.py:3722} INFO - Setting next_dagrun for example_params_ui_tutorial to None, run_after=None
[2023-11-16T00:30:12.112+0000] {processor.py:179} INFO - Processing /home/airflow/.local/lib/python3.8/site-packages/airflow/example_dags/example_params_ui_tutorial.py took 0.081 seconds
[2023-11-16T00:30:42.168+0000] {processor.py:157} INFO - Started process (PID=2564) to work on /home/airflow/.local/lib/python3.8/site-packages/airflow/example_dags/example_params_ui_tutorial.py
[2023-11-16T00:30:42.169+0000] {processor.py:829} INFO - Processing file /home/airflow/.local/lib/python3.8/site-packages/airflow/example_dags/example_params_ui_tutorial.py for tasks to queue
[2023-11-16T00:30:42.172+0000] {logging_mixin.py:154} INFO - [2023-11-16T00:30:42.171+0000] {dagbag.py:536} INFO - Filling up the DagBag from /home/airflow/.local/lib/python3.8/site-packages/airflow/example_dags/example_params_ui_tutorial.py
[2023-11-16T00:30:42.195+0000] {processor.py:839} INFO - DAG(s) dict_keys(['example_params_ui_tutorial']) retrieved from /home/airflow/.local/lib/python3.8/site-packages/airflow/example_dags/example_params_ui_tutorial.py
[2023-11-16T00:30:42.234+0000] {logging_mixin.py:154} INFO - [2023-11-16T00:30:42.234+0000] {dag.py:2941} INFO - Sync 1 DAGs
[2023-11-16T00:30:42.242+0000] {logging_mixin.py:154} INFO - [2023-11-16T00:30:42.242+0000] {dag.py:3722} INFO - Setting next_dagrun for example_params_ui_tutorial to None, run_after=None
[2023-11-16T00:30:42.254+0000] {processor.py:179} INFO - Processing /home/airflow/.local/lib/python3.8/site-packages/airflow/example_dags/example_params_ui_tutorial.py took 0.089 seconds
[2023-11-16T00:31:12.342+0000] {processor.py:157} INFO - Started process (PID=2621) to work on /home/airflow/.local/lib/python3.8/site-packages/airflow/example_dags/example_params_ui_tutorial.py
[2023-11-16T00:31:12.343+0000] {processor.py:829} INFO - Processing file /home/airflow/.local/lib/python3.8/site-packages/airflow/example_dags/example_params_ui_tutorial.py for tasks to queue
[2023-11-16T00:31:12.345+0000] {logging_mixin.py:154} INFO - [2023-11-16T00:31:12.344+0000] {dagbag.py:536} INFO - Filling up the DagBag from /home/airflow/.local/lib/python3.8/site-packages/airflow/example_dags/example_params_ui_tutorial.py
[2023-11-16T00:31:12.371+0000] {processor.py:839} INFO - DAG(s) dict_keys(['example_params_ui_tutorial']) retrieved from /home/airflow/.local/lib/python3.8/site-packages/airflow/example_dags/example_params_ui_tutorial.py
[2023-11-16T00:31:12.410+0000] {logging_mixin.py:154} INFO - [2023-11-16T00:31:12.409+0000] {dag.py:2941} INFO - Sync 1 DAGs
[2023-11-16T00:31:12.420+0000] {logging_mixin.py:154} INFO - [2023-11-16T00:31:12.419+0000] {dag.py:3722} INFO - Setting next_dagrun for example_params_ui_tutorial to None, run_after=None
[2023-11-16T00:31:12.433+0000] {processor.py:179} INFO - Processing /home/airflow/.local/lib/python3.8/site-packages/airflow/example_dags/example_params_ui_tutorial.py took 0.093 seconds
[2023-11-16T00:31:42.551+0000] {processor.py:157} INFO - Started process (PID=2678) to work on /home/airflow/.local/lib/python3.8/site-packages/airflow/example_dags/example_params_ui_tutorial.py
[2023-11-16T00:31:42.552+0000] {processor.py:829} INFO - Processing file /home/airflow/.local/lib/python3.8/site-packages/airflow/example_dags/example_params_ui_tutorial.py for tasks to queue
[2023-11-16T00:31:42.554+0000] {logging_mixin.py:154} INFO - [2023-11-16T00:31:42.554+0000] {dagbag.py:536} INFO - Filling up the DagBag from /home/airflow/.local/lib/python3.8/site-packages/airflow/example_dags/example_params_ui_tutorial.py
[2023-11-16T00:31:42.582+0000] {processor.py:839} INFO - DAG(s) dict_keys(['example_params_ui_tutorial']) retrieved from /home/airflow/.local/lib/python3.8/site-packages/airflow/example_dags/example_params_ui_tutorial.py
[2023-11-16T00:31:42.617+0000] {logging_mixin.py:154} INFO - [2023-11-16T00:31:42.617+0000] {dag.py:2941} INFO - Sync 1 DAGs
[2023-11-16T00:31:42.625+0000] {logging_mixin.py:154} INFO - [2023-11-16T00:31:42.625+0000] {dag.py:3722} INFO - Setting next_dagrun for example_params_ui_tutorial to None, run_after=None
[2023-11-16T00:31:42.637+0000] {processor.py:179} INFO - Processing /home/airflow/.local/lib/python3.8/site-packages/airflow/example_dags/example_params_ui_tutorial.py took 0.089 seconds
[2023-11-16T00:32:12.839+0000] {processor.py:157} INFO - Started process (PID=2735) to work on /home/airflow/.local/lib/python3.8/site-packages/airflow/example_dags/example_params_ui_tutorial.py
[2023-11-16T00:32:12.840+0000] {processor.py:829} INFO - Processing file /home/airflow/.local/lib/python3.8/site-packages/airflow/example_dags/example_params_ui_tutorial.py for tasks to queue
[2023-11-16T00:32:12.842+0000] {logging_mixin.py:154} INFO - [2023-11-16T00:32:12.841+0000] {dagbag.py:536} INFO - Filling up the DagBag from /home/airflow/.local/lib/python3.8/site-packages/airflow/example_dags/example_params_ui_tutorial.py
[2023-11-16T00:32:12.864+0000] {processor.py:839} INFO - DAG(s) dict_keys(['example_params_ui_tutorial']) retrieved from /home/airflow/.local/lib/python3.8/site-packages/airflow/example_dags/example_params_ui_tutorial.py
[2023-11-16T00:32:12.898+0000] {logging_mixin.py:154} INFO - [2023-11-16T00:32:12.897+0000] {dag.py:2941} INFO - Sync 1 DAGs
[2023-11-16T00:32:12.906+0000] {logging_mixin.py:154} INFO - [2023-11-16T00:32:12.906+0000] {dag.py:3722} INFO - Setting next_dagrun for example_params_ui_tutorial to None, run_after=None
[2023-11-16T00:32:12.917+0000] {processor.py:179} INFO - Processing /home/airflow/.local/lib/python3.8/site-packages/airflow/example_dags/example_params_ui_tutorial.py took 0.080 seconds
[2023-11-16T00:32:43.030+0000] {processor.py:157} INFO - Started process (PID=2791) to work on /home/airflow/.local/lib/python3.8/site-packages/airflow/example_dags/example_params_ui_tutorial.py
[2023-11-16T00:32:43.031+0000] {processor.py:829} INFO - Processing file /home/airflow/.local/lib/python3.8/site-packages/airflow/example_dags/example_params_ui_tutorial.py for tasks to queue
[2023-11-16T00:32:43.033+0000] {logging_mixin.py:154} INFO - [2023-11-16T00:32:43.032+0000] {dagbag.py:536} INFO - Filling up the DagBag from /home/airflow/.local/lib/python3.8/site-packages/airflow/example_dags/example_params_ui_tutorial.py
[2023-11-16T00:32:43.061+0000] {processor.py:839} INFO - DAG(s) dict_keys(['example_params_ui_tutorial']) retrieved from /home/airflow/.local/lib/python3.8/site-packages/airflow/example_dags/example_params_ui_tutorial.py
[2023-11-16T00:32:43.104+0000] {logging_mixin.py:154} INFO - [2023-11-16T00:32:43.103+0000] {dag.py:2941} INFO - Sync 1 DAGs
[2023-11-16T00:32:43.112+0000] {logging_mixin.py:154} INFO - [2023-11-16T00:32:43.112+0000] {dag.py:3722} INFO - Setting next_dagrun for example_params_ui_tutorial to None, run_after=None
[2023-11-16T00:32:43.124+0000] {processor.py:179} INFO - Processing /home/airflow/.local/lib/python3.8/site-packages/airflow/example_dags/example_params_ui_tutorial.py took 0.097 seconds
[2023-11-16T00:33:13.160+0000] {processor.py:157} INFO - Started process (PID=2848) to work on /home/airflow/.local/lib/python3.8/site-packages/airflow/example_dags/example_params_ui_tutorial.py
[2023-11-16T00:33:13.160+0000] {processor.py:829} INFO - Processing file /home/airflow/.local/lib/python3.8/site-packages/airflow/example_dags/example_params_ui_tutorial.py for tasks to queue
[2023-11-16T00:33:13.162+0000] {logging_mixin.py:154} INFO - [2023-11-16T00:33:13.162+0000] {dagbag.py:536} INFO - Filling up the DagBag from /home/airflow/.local/lib/python3.8/site-packages/airflow/example_dags/example_params_ui_tutorial.py
[2023-11-16T00:33:13.185+0000] {processor.py:839} INFO - DAG(s) dict_keys(['example_params_ui_tutorial']) retrieved from /home/airflow/.local/lib/python3.8/site-packages/airflow/example_dags/example_params_ui_tutorial.py
[2023-11-16T00:33:13.222+0000] {logging_mixin.py:154} INFO - [2023-11-16T00:33:13.222+0000] {dag.py:2941} INFO - Sync 1 DAGs
[2023-11-16T00:33:13.230+0000] {logging_mixin.py:154} INFO - [2023-11-16T00:33:13.230+0000] {dag.py:3722} INFO - Setting next_dagrun for example_params_ui_tutorial to None, run_after=None
[2023-11-16T00:33:13.242+0000] {processor.py:179} INFO - Processing /home/airflow/.local/lib/python3.8/site-packages/airflow/example_dags/example_params_ui_tutorial.py took 0.085 seconds
[2023-11-16T00:33:43.406+0000] {processor.py:157} INFO - Started process (PID=2905) to work on /home/airflow/.local/lib/python3.8/site-packages/airflow/example_dags/example_params_ui_tutorial.py
[2023-11-16T00:33:43.407+0000] {processor.py:829} INFO - Processing file /home/airflow/.local/lib/python3.8/site-packages/airflow/example_dags/example_params_ui_tutorial.py for tasks to queue
[2023-11-16T00:33:43.409+0000] {logging_mixin.py:154} INFO - [2023-11-16T00:33:43.409+0000] {dagbag.py:536} INFO - Filling up the DagBag from /home/airflow/.local/lib/python3.8/site-packages/airflow/example_dags/example_params_ui_tutorial.py
[2023-11-16T00:33:43.433+0000] {processor.py:839} INFO - DAG(s) dict_keys(['example_params_ui_tutorial']) retrieved from /home/airflow/.local/lib/python3.8/site-packages/airflow/example_dags/example_params_ui_tutorial.py
[2023-11-16T00:33:43.471+0000] {logging_mixin.py:154} INFO - [2023-11-16T00:33:43.470+0000] {dag.py:2941} INFO - Sync 1 DAGs
[2023-11-16T00:33:43.480+0000] {logging_mixin.py:154} INFO - [2023-11-16T00:33:43.480+0000] {dag.py:3722} INFO - Setting next_dagrun for example_params_ui_tutorial to None, run_after=None
[2023-11-16T00:33:43.493+0000] {processor.py:179} INFO - Processing /home/airflow/.local/lib/python3.8/site-packages/airflow/example_dags/example_params_ui_tutorial.py took 0.089 seconds
[2023-11-16T00:34:13.537+0000] {processor.py:157} INFO - Started process (PID=2960) to work on /home/airflow/.local/lib/python3.8/site-packages/airflow/example_dags/example_params_ui_tutorial.py
[2023-11-16T00:34:13.538+0000] {processor.py:829} INFO - Processing file /home/airflow/.local/lib/python3.8/site-packages/airflow/example_dags/example_params_ui_tutorial.py for tasks to queue
[2023-11-16T00:34:13.539+0000] {logging_mixin.py:154} INFO - [2023-11-16T00:34:13.539+0000] {dagbag.py:536} INFO - Filling up the DagBag from /home/airflow/.local/lib/python3.8/site-packages/airflow/example_dags/example_params_ui_tutorial.py
[2023-11-16T00:34:13.563+0000] {processor.py:839} INFO - DAG(s) dict_keys(['example_params_ui_tutorial']) retrieved from /home/airflow/.local/lib/python3.8/site-packages/airflow/example_dags/example_params_ui_tutorial.py
[2023-11-16T00:34:13.598+0000] {logging_mixin.py:154} INFO - [2023-11-16T00:34:13.598+0000] {dag.py:2941} INFO - Sync 1 DAGs
[2023-11-16T00:34:13.606+0000] {logging_mixin.py:154} INFO - [2023-11-16T00:34:13.606+0000] {dag.py:3722} INFO - Setting next_dagrun for example_params_ui_tutorial to None, run_after=None
[2023-11-16T00:34:13.619+0000] {processor.py:179} INFO - Processing /home/airflow/.local/lib/python3.8/site-packages/airflow/example_dags/example_params_ui_tutorial.py took 0.084 seconds
[2023-11-16T00:34:43.804+0000] {processor.py:157} INFO - Started process (PID=3017) to work on /home/airflow/.local/lib/python3.8/site-packages/airflow/example_dags/example_params_ui_tutorial.py
[2023-11-16T00:34:43.805+0000] {processor.py:829} INFO - Processing file /home/airflow/.local/lib/python3.8/site-packages/airflow/example_dags/example_params_ui_tutorial.py for tasks to queue
[2023-11-16T00:34:43.807+0000] {logging_mixin.py:154} INFO - [2023-11-16T00:34:43.807+0000] {dagbag.py:536} INFO - Filling up the DagBag from /home/airflow/.local/lib/python3.8/site-packages/airflow/example_dags/example_params_ui_tutorial.py
[2023-11-16T00:34:43.830+0000] {processor.py:839} INFO - DAG(s) dict_keys(['example_params_ui_tutorial']) retrieved from /home/airflow/.local/lib/python3.8/site-packages/airflow/example_dags/example_params_ui_tutorial.py
[2023-11-16T00:34:43.866+0000] {logging_mixin.py:154} INFO - [2023-11-16T00:34:43.866+0000] {dag.py:2941} INFO - Sync 1 DAGs
[2023-11-16T00:34:43.876+0000] {logging_mixin.py:154} INFO - [2023-11-16T00:34:43.876+0000] {dag.py:3722} INFO - Setting next_dagrun for example_params_ui_tutorial to None, run_after=None
[2023-11-16T00:34:43.889+0000] {processor.py:179} INFO - Processing /home/airflow/.local/lib/python3.8/site-packages/airflow/example_dags/example_params_ui_tutorial.py took 0.087 seconds
[2023-11-16T00:35:14.029+0000] {processor.py:157} INFO - Started process (PID=3074) to work on /home/airflow/.local/lib/python3.8/site-packages/airflow/example_dags/example_params_ui_tutorial.py
[2023-11-16T00:35:14.030+0000] {processor.py:829} INFO - Processing file /home/airflow/.local/lib/python3.8/site-packages/airflow/example_dags/example_params_ui_tutorial.py for tasks to queue
[2023-11-16T00:35:14.032+0000] {logging_mixin.py:154} INFO - [2023-11-16T00:35:14.031+0000] {dagbag.py:536} INFO - Filling up the DagBag from /home/airflow/.local/lib/python3.8/site-packages/airflow/example_dags/example_params_ui_tutorial.py
[2023-11-16T00:35:14.055+0000] {processor.py:839} INFO - DAG(s) dict_keys(['example_params_ui_tutorial']) retrieved from /home/airflow/.local/lib/python3.8/site-packages/airflow/example_dags/example_params_ui_tutorial.py
[2023-11-16T00:35:14.090+0000] {logging_mixin.py:154} INFO - [2023-11-16T00:35:14.090+0000] {dag.py:2941} INFO - Sync 1 DAGs
[2023-11-16T00:35:14.098+0000] {logging_mixin.py:154} INFO - [2023-11-16T00:35:14.098+0000] {dag.py:3722} INFO - Setting next_dagrun for example_params_ui_tutorial to None, run_after=None
[2023-11-16T00:35:14.111+0000] {processor.py:179} INFO - Processing /home/airflow/.local/lib/python3.8/site-packages/airflow/example_dags/example_params_ui_tutorial.py took 0.085 seconds
[2023-11-16T00:35:45.086+0000] {processor.py:157} INFO - Started process (PID=3131) to work on /home/airflow/.local/lib/python3.8/site-packages/airflow/example_dags/example_params_ui_tutorial.py
[2023-11-16T00:35:45.087+0000] {processor.py:829} INFO - Processing file /home/airflow/.local/lib/python3.8/site-packages/airflow/example_dags/example_params_ui_tutorial.py for tasks to queue
[2023-11-16T00:35:45.089+0000] {logging_mixin.py:154} INFO - [2023-11-16T00:35:45.089+0000] {dagbag.py:536} INFO - Filling up the DagBag from /home/airflow/.local/lib/python3.8/site-packages/airflow/example_dags/example_params_ui_tutorial.py
[2023-11-16T00:35:45.114+0000] {processor.py:839} INFO - DAG(s) dict_keys(['example_params_ui_tutorial']) retrieved from /home/airflow/.local/lib/python3.8/site-packages/airflow/example_dags/example_params_ui_tutorial.py
[2023-11-16T00:35:45.150+0000] {logging_mixin.py:154} INFO - [2023-11-16T00:35:45.150+0000] {dag.py:2941} INFO - Sync 1 DAGs
[2023-11-16T00:35:45.158+0000] {logging_mixin.py:154} INFO - [2023-11-16T00:35:45.158+0000] {dag.py:3722} INFO - Setting next_dagrun for example_params_ui_tutorial to None, run_after=None
[2023-11-16T00:35:45.172+0000] {processor.py:179} INFO - Processing /home/airflow/.local/lib/python3.8/site-packages/airflow/example_dags/example_params_ui_tutorial.py took 0.088 seconds
[2023-11-16T00:36:15.455+0000] {processor.py:157} INFO - Started process (PID=3189) to work on /home/airflow/.local/lib/python3.8/site-packages/airflow/example_dags/example_params_ui_tutorial.py
[2023-11-16T00:36:15.456+0000] {processor.py:829} INFO - Processing file /home/airflow/.local/lib/python3.8/site-packages/airflow/example_dags/example_params_ui_tutorial.py for tasks to queue
[2023-11-16T00:36:15.457+0000] {logging_mixin.py:154} INFO - [2023-11-16T00:36:15.457+0000] {dagbag.py:536} INFO - Filling up the DagBag from /home/airflow/.local/lib/python3.8/site-packages/airflow/example_dags/example_params_ui_tutorial.py
[2023-11-16T00:36:15.481+0000] {processor.py:839} INFO - DAG(s) dict_keys(['example_params_ui_tutorial']) retrieved from /home/airflow/.local/lib/python3.8/site-packages/airflow/example_dags/example_params_ui_tutorial.py
[2023-11-16T00:36:15.516+0000] {logging_mixin.py:154} INFO - [2023-11-16T00:36:15.516+0000] {dag.py:2941} INFO - Sync 1 DAGs
[2023-11-16T00:36:15.525+0000] {logging_mixin.py:154} INFO - [2023-11-16T00:36:15.525+0000] {dag.py:3722} INFO - Setting next_dagrun for example_params_ui_tutorial to None, run_after=None
[2023-11-16T00:36:15.537+0000] {processor.py:179} INFO - Processing /home/airflow/.local/lib/python3.8/site-packages/airflow/example_dags/example_params_ui_tutorial.py took 0.084 seconds
[2023-11-16T00:36:45.582+0000] {processor.py:157} INFO - Started process (PID=3246) to work on /home/airflow/.local/lib/python3.8/site-packages/airflow/example_dags/example_params_ui_tutorial.py
[2023-11-16T00:36:45.583+0000] {processor.py:829} INFO - Processing file /home/airflow/.local/lib/python3.8/site-packages/airflow/example_dags/example_params_ui_tutorial.py for tasks to queue
[2023-11-16T00:36:45.584+0000] {logging_mixin.py:154} INFO - [2023-11-16T00:36:45.584+0000] {dagbag.py:536} INFO - Filling up the DagBag from /home/airflow/.local/lib/python3.8/site-packages/airflow/example_dags/example_params_ui_tutorial.py
[2023-11-16T00:36:45.608+0000] {processor.py:839} INFO - DAG(s) dict_keys(['example_params_ui_tutorial']) retrieved from /home/airflow/.local/lib/python3.8/site-packages/airflow/example_dags/example_params_ui_tutorial.py
[2023-11-16T00:36:45.643+0000] {logging_mixin.py:154} INFO - [2023-11-16T00:36:45.642+0000] {dag.py:2941} INFO - Sync 1 DAGs
[2023-11-16T00:36:45.651+0000] {logging_mixin.py:154} INFO - [2023-11-16T00:36:45.650+0000] {dag.py:3722} INFO - Setting next_dagrun for example_params_ui_tutorial to None, run_after=None
[2023-11-16T00:36:45.662+0000] {processor.py:179} INFO - Processing /home/airflow/.local/lib/python3.8/site-packages/airflow/example_dags/example_params_ui_tutorial.py took 0.083 seconds
[2023-11-16T00:37:15.829+0000] {processor.py:157} INFO - Started process (PID=3303) to work on /home/airflow/.local/lib/python3.8/site-packages/airflow/example_dags/example_params_ui_tutorial.py
[2023-11-16T00:37:15.830+0000] {processor.py:829} INFO - Processing file /home/airflow/.local/lib/python3.8/site-packages/airflow/example_dags/example_params_ui_tutorial.py for tasks to queue
[2023-11-16T00:37:15.832+0000] {logging_mixin.py:154} INFO - [2023-11-16T00:37:15.831+0000] {dagbag.py:536} INFO - Filling up the DagBag from /home/airflow/.local/lib/python3.8/site-packages/airflow/example_dags/example_params_ui_tutorial.py
[2023-11-16T00:37:15.856+0000] {processor.py:839} INFO - DAG(s) dict_keys(['example_params_ui_tutorial']) retrieved from /home/airflow/.local/lib/python3.8/site-packages/airflow/example_dags/example_params_ui_tutorial.py
[2023-11-16T00:37:15.893+0000] {logging_mixin.py:154} INFO - [2023-11-16T00:37:15.892+0000] {dag.py:2941} INFO - Sync 1 DAGs
[2023-11-16T00:37:15.901+0000] {logging_mixin.py:154} INFO - [2023-11-16T00:37:15.901+0000] {dag.py:3722} INFO - Setting next_dagrun for example_params_ui_tutorial to None, run_after=None
[2023-11-16T00:37:15.913+0000] {processor.py:179} INFO - Processing /home/airflow/.local/lib/python3.8/site-packages/airflow/example_dags/example_params_ui_tutorial.py took 0.086 seconds
[2023-11-16T00:37:46.069+0000] {processor.py:157} INFO - Started process (PID=3361) to work on /home/airflow/.local/lib/python3.8/site-packages/airflow/example_dags/example_params_ui_tutorial.py
[2023-11-16T00:37:46.070+0000] {processor.py:829} INFO - Processing file /home/airflow/.local/lib/python3.8/site-packages/airflow/example_dags/example_params_ui_tutorial.py for tasks to queue
[2023-11-16T00:37:46.071+0000] {logging_mixin.py:154} INFO - [2023-11-16T00:37:46.071+0000] {dagbag.py:536} INFO - Filling up the DagBag from /home/airflow/.local/lib/python3.8/site-packages/airflow/example_dags/example_params_ui_tutorial.py
[2023-11-16T00:37:46.096+0000] {processor.py:839} INFO - DAG(s) dict_keys(['example_params_ui_tutorial']) retrieved from /home/airflow/.local/lib/python3.8/site-packages/airflow/example_dags/example_params_ui_tutorial.py
[2023-11-16T00:37:46.130+0000] {logging_mixin.py:154} INFO - [2023-11-16T00:37:46.129+0000] {dag.py:2941} INFO - Sync 1 DAGs
[2023-11-16T00:37:46.137+0000] {logging_mixin.py:154} INFO - [2023-11-16T00:37:46.137+0000] {dag.py:3722} INFO - Setting next_dagrun for example_params_ui_tutorial to None, run_after=None
[2023-11-16T00:37:46.150+0000] {processor.py:179} INFO - Processing /home/airflow/.local/lib/python3.8/site-packages/airflow/example_dags/example_params_ui_tutorial.py took 0.084 seconds
[2023-11-16T00:38:16.284+0000] {processor.py:157} INFO - Started process (PID=3418) to work on /home/airflow/.local/lib/python3.8/site-packages/airflow/example_dags/example_params_ui_tutorial.py
[2023-11-16T00:38:16.285+0000] {processor.py:829} INFO - Processing file /home/airflow/.local/lib/python3.8/site-packages/airflow/example_dags/example_params_ui_tutorial.py for tasks to queue
[2023-11-16T00:38:16.287+0000] {logging_mixin.py:154} INFO - [2023-11-16T00:38:16.286+0000] {dagbag.py:536} INFO - Filling up the DagBag from /home/airflow/.local/lib/python3.8/site-packages/airflow/example_dags/example_params_ui_tutorial.py
[2023-11-16T00:38:16.310+0000] {processor.py:839} INFO - DAG(s) dict_keys(['example_params_ui_tutorial']) retrieved from /home/airflow/.local/lib/python3.8/site-packages/airflow/example_dags/example_params_ui_tutorial.py
[2023-11-16T00:38:16.348+0000] {logging_mixin.py:154} INFO - [2023-11-16T00:38:16.348+0000] {dag.py:2941} INFO - Sync 1 DAGs
[2023-11-16T00:38:16.357+0000] {logging_mixin.py:154} INFO - [2023-11-16T00:38:16.357+0000] {dag.py:3722} INFO - Setting next_dagrun for example_params_ui_tutorial to None, run_after=None
[2023-11-16T00:38:16.374+0000] {processor.py:179} INFO - Processing /home/airflow/.local/lib/python3.8/site-packages/airflow/example_dags/example_params_ui_tutorial.py took 0.091 seconds
[2023-11-16T00:38:46.668+0000] {processor.py:157} INFO - Started process (PID=3475) to work on /home/airflow/.local/lib/python3.8/site-packages/airflow/example_dags/example_params_ui_tutorial.py
[2023-11-16T00:38:46.669+0000] {processor.py:829} INFO - Processing file /home/airflow/.local/lib/python3.8/site-packages/airflow/example_dags/example_params_ui_tutorial.py for tasks to queue
[2023-11-16T00:38:46.672+0000] {logging_mixin.py:154} INFO - [2023-11-16T00:38:46.671+0000] {dagbag.py:536} INFO - Filling up the DagBag from /home/airflow/.local/lib/python3.8/site-packages/airflow/example_dags/example_params_ui_tutorial.py
[2023-11-16T00:38:46.699+0000] {processor.py:839} INFO - DAG(s) dict_keys(['example_params_ui_tutorial']) retrieved from /home/airflow/.local/lib/python3.8/site-packages/airflow/example_dags/example_params_ui_tutorial.py
[2023-11-16T00:38:46.742+0000] {logging_mixin.py:154} INFO - [2023-11-16T00:38:46.742+0000] {dag.py:2941} INFO - Sync 1 DAGs
[2023-11-16T00:38:46.754+0000] {logging_mixin.py:154} INFO - [2023-11-16T00:38:46.754+0000] {dag.py:3722} INFO - Setting next_dagrun for example_params_ui_tutorial to None, run_after=None
[2023-11-16T00:38:46.770+0000] {processor.py:179} INFO - Processing /home/airflow/.local/lib/python3.8/site-packages/airflow/example_dags/example_params_ui_tutorial.py took 0.104 seconds
[2023-11-16T00:39:16.835+0000] {processor.py:157} INFO - Started process (PID=3533) to work on /home/airflow/.local/lib/python3.8/site-packages/airflow/example_dags/example_params_ui_tutorial.py
[2023-11-16T00:39:16.836+0000] {processor.py:829} INFO - Processing file /home/airflow/.local/lib/python3.8/site-packages/airflow/example_dags/example_params_ui_tutorial.py for tasks to queue
[2023-11-16T00:39:16.838+0000] {logging_mixin.py:154} INFO - [2023-11-16T00:39:16.838+0000] {dagbag.py:536} INFO - Filling up the DagBag from /home/airflow/.local/lib/python3.8/site-packages/airflow/example_dags/example_params_ui_tutorial.py
[2023-11-16T00:39:16.861+0000] {processor.py:839} INFO - DAG(s) dict_keys(['example_params_ui_tutorial']) retrieved from /home/airflow/.local/lib/python3.8/site-packages/airflow/example_dags/example_params_ui_tutorial.py
[2023-11-16T00:39:16.897+0000] {logging_mixin.py:154} INFO - [2023-11-16T00:39:16.897+0000] {dag.py:2941} INFO - Sync 1 DAGs
[2023-11-16T00:39:16.906+0000] {logging_mixin.py:154} INFO - [2023-11-16T00:39:16.906+0000] {dag.py:3722} INFO - Setting next_dagrun for example_params_ui_tutorial to None, run_after=None
[2023-11-16T00:39:16.919+0000] {processor.py:179} INFO - Processing /home/airflow/.local/lib/python3.8/site-packages/airflow/example_dags/example_params_ui_tutorial.py took 0.086 seconds
[2023-11-16T00:39:47.199+0000] {processor.py:157} INFO - Started process (PID=3590) to work on /home/airflow/.local/lib/python3.8/site-packages/airflow/example_dags/example_params_ui_tutorial.py
[2023-11-16T00:39:47.200+0000] {processor.py:829} INFO - Processing file /home/airflow/.local/lib/python3.8/site-packages/airflow/example_dags/example_params_ui_tutorial.py for tasks to queue
[2023-11-16T00:39:47.201+0000] {logging_mixin.py:154} INFO - [2023-11-16T00:39:47.201+0000] {dagbag.py:536} INFO - Filling up the DagBag from /home/airflow/.local/lib/python3.8/site-packages/airflow/example_dags/example_params_ui_tutorial.py
[2023-11-16T00:39:47.226+0000] {processor.py:839} INFO - DAG(s) dict_keys(['example_params_ui_tutorial']) retrieved from /home/airflow/.local/lib/python3.8/site-packages/airflow/example_dags/example_params_ui_tutorial.py
[2023-11-16T00:39:47.263+0000] {logging_mixin.py:154} INFO - [2023-11-16T00:39:47.263+0000] {dag.py:2941} INFO - Sync 1 DAGs
[2023-11-16T00:39:47.271+0000] {logging_mixin.py:154} INFO - [2023-11-16T00:39:47.271+0000] {dag.py:3722} INFO - Setting next_dagrun for example_params_ui_tutorial to None, run_after=None
[2023-11-16T00:39:47.287+0000] {processor.py:179} INFO - Processing /home/airflow/.local/lib/python3.8/site-packages/airflow/example_dags/example_params_ui_tutorial.py took 0.091 seconds
[2023-11-16T00:40:17.336+0000] {processor.py:157} INFO - Started process (PID=3647) to work on /home/airflow/.local/lib/python3.8/site-packages/airflow/example_dags/example_params_ui_tutorial.py
[2023-11-16T00:40:17.337+0000] {processor.py:829} INFO - Processing file /home/airflow/.local/lib/python3.8/site-packages/airflow/example_dags/example_params_ui_tutorial.py for tasks to queue
[2023-11-16T00:40:17.338+0000] {logging_mixin.py:154} INFO - [2023-11-16T00:40:17.338+0000] {dagbag.py:536} INFO - Filling up the DagBag from /home/airflow/.local/lib/python3.8/site-packages/airflow/example_dags/example_params_ui_tutorial.py
[2023-11-16T00:40:17.362+0000] {processor.py:839} INFO - DAG(s) dict_keys(['example_params_ui_tutorial']) retrieved from /home/airflow/.local/lib/python3.8/site-packages/airflow/example_dags/example_params_ui_tutorial.py
[2023-11-16T00:40:17.401+0000] {logging_mixin.py:154} INFO - [2023-11-16T00:40:17.401+0000] {dag.py:2941} INFO - Sync 1 DAGs
[2023-11-16T00:40:17.410+0000] {logging_mixin.py:154} INFO - [2023-11-16T00:40:17.410+0000] {dag.py:3722} INFO - Setting next_dagrun for example_params_ui_tutorial to None, run_after=None
[2023-11-16T00:40:17.423+0000] {processor.py:179} INFO - Processing /home/airflow/.local/lib/python3.8/site-packages/airflow/example_dags/example_params_ui_tutorial.py took 0.089 seconds
[2023-11-16T00:40:48.407+0000] {processor.py:157} INFO - Started process (PID=3705) to work on /home/airflow/.local/lib/python3.8/site-packages/airflow/example_dags/example_params_ui_tutorial.py
[2023-11-16T00:40:48.408+0000] {processor.py:829} INFO - Processing file /home/airflow/.local/lib/python3.8/site-packages/airflow/example_dags/example_params_ui_tutorial.py for tasks to queue
[2023-11-16T00:40:48.410+0000] {logging_mixin.py:154} INFO - [2023-11-16T00:40:48.410+0000] {dagbag.py:536} INFO - Filling up the DagBag from /home/airflow/.local/lib/python3.8/site-packages/airflow/example_dags/example_params_ui_tutorial.py
[2023-11-16T00:40:48.433+0000] {processor.py:839} INFO - DAG(s) dict_keys(['example_params_ui_tutorial']) retrieved from /home/airflow/.local/lib/python3.8/site-packages/airflow/example_dags/example_params_ui_tutorial.py
[2023-11-16T00:40:48.469+0000] {logging_mixin.py:154} INFO - [2023-11-16T00:40:48.469+0000] {dag.py:2941} INFO - Sync 1 DAGs
[2023-11-16T00:40:48.477+0000] {logging_mixin.py:154} INFO - [2023-11-16T00:40:48.477+0000] {dag.py:3722} INFO - Setting next_dagrun for example_params_ui_tutorial to None, run_after=None
[2023-11-16T00:40:48.489+0000] {processor.py:179} INFO - Processing /home/airflow/.local/lib/python3.8/site-packages/airflow/example_dags/example_params_ui_tutorial.py took 0.084 seconds
[2023-11-16T00:41:18.584+0000] {processor.py:157} INFO - Started process (PID=3762) to work on /home/airflow/.local/lib/python3.8/site-packages/airflow/example_dags/example_params_ui_tutorial.py
[2023-11-16T00:41:18.585+0000] {processor.py:829} INFO - Processing file /home/airflow/.local/lib/python3.8/site-packages/airflow/example_dags/example_params_ui_tutorial.py for tasks to queue
[2023-11-16T00:41:18.586+0000] {logging_mixin.py:154} INFO - [2023-11-16T00:41:18.586+0000] {dagbag.py:536} INFO - Filling up the DagBag from /home/airflow/.local/lib/python3.8/site-packages/airflow/example_dags/example_params_ui_tutorial.py
[2023-11-16T00:41:18.609+0000] {processor.py:839} INFO - DAG(s) dict_keys(['example_params_ui_tutorial']) retrieved from /home/airflow/.local/lib/python3.8/site-packages/airflow/example_dags/example_params_ui_tutorial.py
[2023-11-16T00:41:18.643+0000] {logging_mixin.py:154} INFO - [2023-11-16T00:41:18.643+0000] {dag.py:2941} INFO - Sync 1 DAGs
[2023-11-16T00:41:18.651+0000] {logging_mixin.py:154} INFO - [2023-11-16T00:41:18.651+0000] {dag.py:3722} INFO - Setting next_dagrun for example_params_ui_tutorial to None, run_after=None
[2023-11-16T00:41:18.662+0000] {processor.py:179} INFO - Processing /home/airflow/.local/lib/python3.8/site-packages/airflow/example_dags/example_params_ui_tutorial.py took 0.081 seconds
[2023-11-16T00:41:48.745+0000] {processor.py:157} INFO - Started process (PID=3819) to work on /home/airflow/.local/lib/python3.8/site-packages/airflow/example_dags/example_params_ui_tutorial.py
[2023-11-16T00:41:48.746+0000] {processor.py:829} INFO - Processing file /home/airflow/.local/lib/python3.8/site-packages/airflow/example_dags/example_params_ui_tutorial.py for tasks to queue
[2023-11-16T00:41:48.748+0000] {logging_mixin.py:154} INFO - [2023-11-16T00:41:48.748+0000] {dagbag.py:536} INFO - Filling up the DagBag from /home/airflow/.local/lib/python3.8/site-packages/airflow/example_dags/example_params_ui_tutorial.py
[2023-11-16T00:41:48.771+0000] {processor.py:839} INFO - DAG(s) dict_keys(['example_params_ui_tutorial']) retrieved from /home/airflow/.local/lib/python3.8/site-packages/airflow/example_dags/example_params_ui_tutorial.py
[2023-11-16T00:41:48.805+0000] {logging_mixin.py:154} INFO - [2023-11-16T00:41:48.805+0000] {dag.py:2941} INFO - Sync 1 DAGs
[2023-11-16T00:41:48.812+0000] {logging_mixin.py:154} INFO - [2023-11-16T00:41:48.812+0000] {dag.py:3722} INFO - Setting next_dagrun for example_params_ui_tutorial to None, run_after=None
[2023-11-16T00:41:48.823+0000] {processor.py:179} INFO - Processing /home/airflow/.local/lib/python3.8/site-packages/airflow/example_dags/example_params_ui_tutorial.py took 0.081 seconds
[2023-11-16T00:42:19.050+0000] {processor.py:157} INFO - Started process (PID=3876) to work on /home/airflow/.local/lib/python3.8/site-packages/airflow/example_dags/example_params_ui_tutorial.py
[2023-11-16T00:42:19.051+0000] {processor.py:829} INFO - Processing file /home/airflow/.local/lib/python3.8/site-packages/airflow/example_dags/example_params_ui_tutorial.py for tasks to queue
[2023-11-16T00:42:19.053+0000] {logging_mixin.py:154} INFO - [2023-11-16T00:42:19.053+0000] {dagbag.py:536} INFO - Filling up the DagBag from /home/airflow/.local/lib/python3.8/site-packages/airflow/example_dags/example_params_ui_tutorial.py
[2023-11-16T00:42:19.079+0000] {processor.py:839} INFO - DAG(s) dict_keys(['example_params_ui_tutorial']) retrieved from /home/airflow/.local/lib/python3.8/site-packages/airflow/example_dags/example_params_ui_tutorial.py
[2023-11-16T00:42:19.114+0000] {logging_mixin.py:154} INFO - [2023-11-16T00:42:19.114+0000] {dag.py:2941} INFO - Sync 1 DAGs
[2023-11-16T00:42:19.122+0000] {logging_mixin.py:154} INFO - [2023-11-16T00:42:19.122+0000] {dag.py:3722} INFO - Setting next_dagrun for example_params_ui_tutorial to None, run_after=None
[2023-11-16T00:42:19.135+0000] {processor.py:179} INFO - Processing /home/airflow/.local/lib/python3.8/site-packages/airflow/example_dags/example_params_ui_tutorial.py took 0.088 seconds
[2023-11-16T00:42:49.225+0000] {processor.py:157} INFO - Started process (PID=3933) to work on /home/airflow/.local/lib/python3.8/site-packages/airflow/example_dags/example_params_ui_tutorial.py
[2023-11-16T00:42:49.226+0000] {processor.py:829} INFO - Processing file /home/airflow/.local/lib/python3.8/site-packages/airflow/example_dags/example_params_ui_tutorial.py for tasks to queue
[2023-11-16T00:42:49.228+0000] {logging_mixin.py:154} INFO - [2023-11-16T00:42:49.228+0000] {dagbag.py:536} INFO - Filling up the DagBag from /home/airflow/.local/lib/python3.8/site-packages/airflow/example_dags/example_params_ui_tutorial.py
[2023-11-16T00:42:49.251+0000] {processor.py:839} INFO - DAG(s) dict_keys(['example_params_ui_tutorial']) retrieved from /home/airflow/.local/lib/python3.8/site-packages/airflow/example_dags/example_params_ui_tutorial.py
[2023-11-16T00:42:49.286+0000] {logging_mixin.py:154} INFO - [2023-11-16T00:42:49.286+0000] {dag.py:2941} INFO - Sync 1 DAGs
[2023-11-16T00:42:49.295+0000] {logging_mixin.py:154} INFO - [2023-11-16T00:42:49.295+0000] {dag.py:3722} INFO - Setting next_dagrun for example_params_ui_tutorial to None, run_after=None
[2023-11-16T00:42:49.309+0000] {processor.py:179} INFO - Processing /home/airflow/.local/lib/python3.8/site-packages/airflow/example_dags/example_params_ui_tutorial.py took 0.087 seconds
[2023-11-16T00:43:19.519+0000] {processor.py:157} INFO - Started process (PID=3990) to work on /home/airflow/.local/lib/python3.8/site-packages/airflow/example_dags/example_params_ui_tutorial.py
[2023-11-16T00:43:19.519+0000] {processor.py:829} INFO - Processing file /home/airflow/.local/lib/python3.8/site-packages/airflow/example_dags/example_params_ui_tutorial.py for tasks to queue
[2023-11-16T00:43:19.522+0000] {logging_mixin.py:154} INFO - [2023-11-16T00:43:19.521+0000] {dagbag.py:536} INFO - Filling up the DagBag from /home/airflow/.local/lib/python3.8/site-packages/airflow/example_dags/example_params_ui_tutorial.py
[2023-11-16T00:43:19.546+0000] {processor.py:839} INFO - DAG(s) dict_keys(['example_params_ui_tutorial']) retrieved from /home/airflow/.local/lib/python3.8/site-packages/airflow/example_dags/example_params_ui_tutorial.py
[2023-11-16T00:43:19.584+0000] {logging_mixin.py:154} INFO - [2023-11-16T00:43:19.583+0000] {dag.py:2941} INFO - Sync 1 DAGs
[2023-11-16T00:43:19.593+0000] {logging_mixin.py:154} INFO - [2023-11-16T00:43:19.593+0000] {dag.py:3722} INFO - Setting next_dagrun for example_params_ui_tutorial to None, run_after=None
[2023-11-16T00:43:19.606+0000] {processor.py:179} INFO - Processing /home/airflow/.local/lib/python3.8/site-packages/airflow/example_dags/example_params_ui_tutorial.py took 0.090 seconds
[2023-11-16T00:43:49.751+0000] {processor.py:157} INFO - Started process (PID=4047) to work on /home/airflow/.local/lib/python3.8/site-packages/airflow/example_dags/example_params_ui_tutorial.py
[2023-11-16T00:43:49.752+0000] {processor.py:829} INFO - Processing file /home/airflow/.local/lib/python3.8/site-packages/airflow/example_dags/example_params_ui_tutorial.py for tasks to queue
[2023-11-16T00:43:49.754+0000] {logging_mixin.py:154} INFO - [2023-11-16T00:43:49.754+0000] {dagbag.py:536} INFO - Filling up the DagBag from /home/airflow/.local/lib/python3.8/site-packages/airflow/example_dags/example_params_ui_tutorial.py
[2023-11-16T00:43:49.778+0000] {processor.py:839} INFO - DAG(s) dict_keys(['example_params_ui_tutorial']) retrieved from /home/airflow/.local/lib/python3.8/site-packages/airflow/example_dags/example_params_ui_tutorial.py
[2023-11-16T00:43:49.813+0000] {logging_mixin.py:154} INFO - [2023-11-16T00:43:49.813+0000] {dag.py:2941} INFO - Sync 1 DAGs
[2023-11-16T00:43:49.822+0000] {logging_mixin.py:154} INFO - [2023-11-16T00:43:49.821+0000] {dag.py:3722} INFO - Setting next_dagrun for example_params_ui_tutorial to None, run_after=None
[2023-11-16T00:43:49.836+0000] {processor.py:179} INFO - Processing /home/airflow/.local/lib/python3.8/site-packages/airflow/example_dags/example_params_ui_tutorial.py took 0.087 seconds
