[2023-11-16T00:06:23.234+0000] {processor.py:157} INFO - Started process (PID=71) to work on /home/airflow/.local/lib/python3.8/site-packages/airflow/example_dags/example_latest_only.py
[2023-11-16T00:06:23.235+0000] {processor.py:829} INFO - Processing file /home/airflow/.local/lib/python3.8/site-packages/airflow/example_dags/example_latest_only.py for tasks to queue
[2023-11-16T00:06:23.236+0000] {logging_mixin.py:154} INFO - [2023-11-16T00:06:23.236+0000] {dagbag.py:536} INFO - Filling up the DagBag from /home/airflow/.local/lib/python3.8/site-packages/airflow/example_dags/example_latest_only.py
[2023-11-16T00:06:23.242+0000] {processor.py:839} INFO - DAG(s) dict_keys(['latest_only']) retrieved from /home/airflow/.local/lib/python3.8/site-packages/airflow/example_dags/example_latest_only.py
[2023-11-16T00:06:23.251+0000] {logging_mixin.py:154} INFO - [2023-11-16T00:06:23.251+0000] {dag.py:2941} INFO - Sync 1 DAGs
[2023-11-16T00:06:23.269+0000] {logging_mixin.py:154} INFO - [2023-11-16T00:06:23.269+0000] {dag.py:3722} INFO - Setting next_dagrun for latest_only to 2023-11-15T20:06:23.269469+00:00, run_after=2023-11-16T00:06:23.269469+00:00
[2023-11-16T00:06:23.288+0000] {processor.py:179} INFO - Processing /home/airflow/.local/lib/python3.8/site-packages/airflow/example_dags/example_latest_only.py took 0.057 seconds
[2023-11-16T00:08:29.820+0000] {processor.py:157} INFO - Started process (PID=74) to work on /home/airflow/.local/lib/python3.8/site-packages/airflow/example_dags/example_latest_only.py
[2023-11-16T00:08:29.821+0000] {processor.py:829} INFO - Processing file /home/airflow/.local/lib/python3.8/site-packages/airflow/example_dags/example_latest_only.py for tasks to queue
[2023-11-16T00:08:29.823+0000] {logging_mixin.py:154} INFO - [2023-11-16T00:08:29.823+0000] {dagbag.py:536} INFO - Filling up the DagBag from /home/airflow/.local/lib/python3.8/site-packages/airflow/example_dags/example_latest_only.py
[2023-11-16T00:08:29.828+0000] {processor.py:839} INFO - DAG(s) dict_keys(['latest_only']) retrieved from /home/airflow/.local/lib/python3.8/site-packages/airflow/example_dags/example_latest_only.py
[2023-11-16T00:08:29.836+0000] {logging_mixin.py:154} INFO - [2023-11-16T00:08:29.836+0000] {dag.py:2941} INFO - Sync 1 DAGs
[2023-11-16T00:08:29.853+0000] {logging_mixin.py:154} INFO - [2023-11-16T00:08:29.853+0000] {dag.py:3722} INFO - Setting next_dagrun for latest_only to 2023-11-15T20:08:29.853271+00:00, run_after=2023-11-16T00:08:29.853271+00:00
[2023-11-16T00:08:29.867+0000] {processor.py:179} INFO - Processing /home/airflow/.local/lib/python3.8/site-packages/airflow/example_dags/example_latest_only.py took 0.049 seconds
[2023-11-16T00:09:00.899+0000] {processor.py:157} INFO - Started process (PID=132) to work on /home/airflow/.local/lib/python3.8/site-packages/airflow/example_dags/example_latest_only.py
[2023-11-16T00:09:00.900+0000] {processor.py:829} INFO - Processing file /home/airflow/.local/lib/python3.8/site-packages/airflow/example_dags/example_latest_only.py for tasks to queue
[2023-11-16T00:09:00.901+0000] {logging_mixin.py:154} INFO - [2023-11-16T00:09:00.901+0000] {dagbag.py:536} INFO - Filling up the DagBag from /home/airflow/.local/lib/python3.8/site-packages/airflow/example_dags/example_latest_only.py
[2023-11-16T00:09:00.905+0000] {processor.py:839} INFO - DAG(s) dict_keys(['latest_only']) retrieved from /home/airflow/.local/lib/python3.8/site-packages/airflow/example_dags/example_latest_only.py
[2023-11-16T00:09:00.918+0000] {logging_mixin.py:154} INFO - [2023-11-16T00:09:00.918+0000] {dag.py:2941} INFO - Sync 1 DAGs
[2023-11-16T00:09:00.932+0000] {logging_mixin.py:154} INFO - [2023-11-16T00:09:00.932+0000] {dag.py:3722} INFO - Setting next_dagrun for latest_only to 2023-11-15T20:09:00.932136+00:00, run_after=2023-11-16T00:09:00.932136+00:00
[2023-11-16T00:09:00.945+0000] {processor.py:179} INFO - Processing /home/airflow/.local/lib/python3.8/site-packages/airflow/example_dags/example_latest_only.py took 0.048 seconds
[2023-11-16T00:09:31.283+0000] {processor.py:157} INFO - Started process (PID=189) to work on /home/airflow/.local/lib/python3.8/site-packages/airflow/example_dags/example_latest_only.py
[2023-11-16T00:09:31.284+0000] {processor.py:829} INFO - Processing file /home/airflow/.local/lib/python3.8/site-packages/airflow/example_dags/example_latest_only.py for tasks to queue
[2023-11-16T00:09:31.286+0000] {logging_mixin.py:154} INFO - [2023-11-16T00:09:31.285+0000] {dagbag.py:536} INFO - Filling up the DagBag from /home/airflow/.local/lib/python3.8/site-packages/airflow/example_dags/example_latest_only.py
[2023-11-16T00:09:31.289+0000] {processor.py:839} INFO - DAG(s) dict_keys(['latest_only']) retrieved from /home/airflow/.local/lib/python3.8/site-packages/airflow/example_dags/example_latest_only.py
[2023-11-16T00:09:31.302+0000] {logging_mixin.py:154} INFO - [2023-11-16T00:09:31.302+0000] {dag.py:2941} INFO - Sync 1 DAGs
[2023-11-16T00:09:31.317+0000] {logging_mixin.py:154} INFO - [2023-11-16T00:09:31.317+0000] {dag.py:3722} INFO - Setting next_dagrun for latest_only to 2023-11-15T20:09:31.316887+00:00, run_after=2023-11-16T00:09:31.316887+00:00
[2023-11-16T00:09:31.331+0000] {processor.py:179} INFO - Processing /home/airflow/.local/lib/python3.8/site-packages/airflow/example_dags/example_latest_only.py took 0.049 seconds
[2023-11-16T00:10:01.494+0000] {processor.py:157} INFO - Started process (PID=246) to work on /home/airflow/.local/lib/python3.8/site-packages/airflow/example_dags/example_latest_only.py
[2023-11-16T00:10:01.494+0000] {processor.py:829} INFO - Processing file /home/airflow/.local/lib/python3.8/site-packages/airflow/example_dags/example_latest_only.py for tasks to queue
[2023-11-16T00:10:01.496+0000] {logging_mixin.py:154} INFO - [2023-11-16T00:10:01.496+0000] {dagbag.py:536} INFO - Filling up the DagBag from /home/airflow/.local/lib/python3.8/site-packages/airflow/example_dags/example_latest_only.py
[2023-11-16T00:10:01.500+0000] {processor.py:839} INFO - DAG(s) dict_keys(['latest_only']) retrieved from /home/airflow/.local/lib/python3.8/site-packages/airflow/example_dags/example_latest_only.py
[2023-11-16T00:10:01.513+0000] {logging_mixin.py:154} INFO - [2023-11-16T00:10:01.513+0000] {dag.py:2941} INFO - Sync 1 DAGs
[2023-11-16T00:10:01.527+0000] {logging_mixin.py:154} INFO - [2023-11-16T00:10:01.526+0000] {dag.py:3722} INFO - Setting next_dagrun for latest_only to 2023-11-15T20:10:01.526811+00:00, run_after=2023-11-16T00:10:01.526811+00:00
[2023-11-16T00:10:01.538+0000] {processor.py:179} INFO - Processing /home/airflow/.local/lib/python3.8/site-packages/airflow/example_dags/example_latest_only.py took 0.047 seconds
[2023-11-16T00:10:32.380+0000] {processor.py:157} INFO - Started process (PID=303) to work on /home/airflow/.local/lib/python3.8/site-packages/airflow/example_dags/example_latest_only.py
[2023-11-16T00:10:32.381+0000] {processor.py:829} INFO - Processing file /home/airflow/.local/lib/python3.8/site-packages/airflow/example_dags/example_latest_only.py for tasks to queue
[2023-11-16T00:10:32.382+0000] {logging_mixin.py:154} INFO - [2023-11-16T00:10:32.382+0000] {dagbag.py:536} INFO - Filling up the DagBag from /home/airflow/.local/lib/python3.8/site-packages/airflow/example_dags/example_latest_only.py
[2023-11-16T00:10:32.385+0000] {processor.py:839} INFO - DAG(s) dict_keys(['latest_only']) retrieved from /home/airflow/.local/lib/python3.8/site-packages/airflow/example_dags/example_latest_only.py
[2023-11-16T00:10:32.398+0000] {logging_mixin.py:154} INFO - [2023-11-16T00:10:32.398+0000] {dag.py:2941} INFO - Sync 1 DAGs
[2023-11-16T00:10:32.411+0000] {logging_mixin.py:154} INFO - [2023-11-16T00:10:32.411+0000] {dag.py:3722} INFO - Setting next_dagrun for latest_only to 2023-11-15T20:10:32.411546+00:00, run_after=2023-11-16T00:10:32.411546+00:00
[2023-11-16T00:10:32.423+0000] {processor.py:179} INFO - Processing /home/airflow/.local/lib/python3.8/site-packages/airflow/example_dags/example_latest_only.py took 0.045 seconds
[2023-11-16T00:11:02.709+0000] {processor.py:157} INFO - Started process (PID=360) to work on /home/airflow/.local/lib/python3.8/site-packages/airflow/example_dags/example_latest_only.py
[2023-11-16T00:11:02.710+0000] {processor.py:829} INFO - Processing file /home/airflow/.local/lib/python3.8/site-packages/airflow/example_dags/example_latest_only.py for tasks to queue
[2023-11-16T00:11:02.712+0000] {logging_mixin.py:154} INFO - [2023-11-16T00:11:02.712+0000] {dagbag.py:536} INFO - Filling up the DagBag from /home/airflow/.local/lib/python3.8/site-packages/airflow/example_dags/example_latest_only.py
[2023-11-16T00:11:02.715+0000] {processor.py:839} INFO - DAG(s) dict_keys(['latest_only']) retrieved from /home/airflow/.local/lib/python3.8/site-packages/airflow/example_dags/example_latest_only.py
[2023-11-16T00:11:02.728+0000] {logging_mixin.py:154} INFO - [2023-11-16T00:11:02.728+0000] {dag.py:2941} INFO - Sync 1 DAGs
[2023-11-16T00:11:02.742+0000] {logging_mixin.py:154} INFO - [2023-11-16T00:11:02.742+0000] {dag.py:3722} INFO - Setting next_dagrun for latest_only to 2023-11-15T20:11:02.741982+00:00, run_after=2023-11-16T00:11:02.741982+00:00
[2023-11-16T00:11:02.754+0000] {processor.py:179} INFO - Processing /home/airflow/.local/lib/python3.8/site-packages/airflow/example_dags/example_latest_only.py took 0.047 seconds
[2023-11-16T00:11:33.829+0000] {processor.py:157} INFO - Started process (PID=417) to work on /home/airflow/.local/lib/python3.8/site-packages/airflow/example_dags/example_latest_only.py
[2023-11-16T00:11:33.830+0000] {processor.py:829} INFO - Processing file /home/airflow/.local/lib/python3.8/site-packages/airflow/example_dags/example_latest_only.py for tasks to queue
[2023-11-16T00:11:33.831+0000] {logging_mixin.py:154} INFO - [2023-11-16T00:11:33.831+0000] {dagbag.py:536} INFO - Filling up the DagBag from /home/airflow/.local/lib/python3.8/site-packages/airflow/example_dags/example_latest_only.py
[2023-11-16T00:11:33.835+0000] {processor.py:839} INFO - DAG(s) dict_keys(['latest_only']) retrieved from /home/airflow/.local/lib/python3.8/site-packages/airflow/example_dags/example_latest_only.py
[2023-11-16T00:11:33.849+0000] {logging_mixin.py:154} INFO - [2023-11-16T00:11:33.849+0000] {dag.py:2941} INFO - Sync 1 DAGs
[2023-11-16T00:11:33.864+0000] {logging_mixin.py:154} INFO - [2023-11-16T00:11:33.864+0000] {dag.py:3722} INFO - Setting next_dagrun for latest_only to 2023-11-15T20:11:33.864159+00:00, run_after=2023-11-16T00:11:33.864159+00:00
[2023-11-16T00:11:33.877+0000] {processor.py:179} INFO - Processing /home/airflow/.local/lib/python3.8/site-packages/airflow/example_dags/example_latest_only.py took 0.051 seconds
[2023-11-16T00:12:04.849+0000] {processor.py:157} INFO - Started process (PID=474) to work on /home/airflow/.local/lib/python3.8/site-packages/airflow/example_dags/example_latest_only.py
[2023-11-16T00:12:04.849+0000] {processor.py:829} INFO - Processing file /home/airflow/.local/lib/python3.8/site-packages/airflow/example_dags/example_latest_only.py for tasks to queue
[2023-11-16T00:12:04.851+0000] {logging_mixin.py:154} INFO - [2023-11-16T00:12:04.851+0000] {dagbag.py:536} INFO - Filling up the DagBag from /home/airflow/.local/lib/python3.8/site-packages/airflow/example_dags/example_latest_only.py
[2023-11-16T00:12:04.855+0000] {processor.py:839} INFO - DAG(s) dict_keys(['latest_only']) retrieved from /home/airflow/.local/lib/python3.8/site-packages/airflow/example_dags/example_latest_only.py
[2023-11-16T00:12:04.868+0000] {logging_mixin.py:154} INFO - [2023-11-16T00:12:04.867+0000] {dag.py:2941} INFO - Sync 1 DAGs
[2023-11-16T00:12:04.882+0000] {logging_mixin.py:154} INFO - [2023-11-16T00:12:04.881+0000] {dag.py:3722} INFO - Setting next_dagrun for latest_only to 2023-11-15T20:12:04.881827+00:00, run_after=2023-11-16T00:12:04.881827+00:00
[2023-11-16T00:12:04.894+0000] {processor.py:179} INFO - Processing /home/airflow/.local/lib/python3.8/site-packages/airflow/example_dags/example_latest_only.py took 0.048 seconds
[2023-11-16T00:12:35.131+0000] {processor.py:157} INFO - Started process (PID=532) to work on /home/airflow/.local/lib/python3.8/site-packages/airflow/example_dags/example_latest_only.py
[2023-11-16T00:12:35.132+0000] {processor.py:829} INFO - Processing file /home/airflow/.local/lib/python3.8/site-packages/airflow/example_dags/example_latest_only.py for tasks to queue
[2023-11-16T00:12:35.134+0000] {logging_mixin.py:154} INFO - [2023-11-16T00:12:35.134+0000] {dagbag.py:536} INFO - Filling up the DagBag from /home/airflow/.local/lib/python3.8/site-packages/airflow/example_dags/example_latest_only.py
[2023-11-16T00:12:35.137+0000] {processor.py:839} INFO - DAG(s) dict_keys(['latest_only']) retrieved from /home/airflow/.local/lib/python3.8/site-packages/airflow/example_dags/example_latest_only.py
[2023-11-16T00:12:35.151+0000] {logging_mixin.py:154} INFO - [2023-11-16T00:12:35.151+0000] {dag.py:2941} INFO - Sync 1 DAGs
[2023-11-16T00:12:35.166+0000] {logging_mixin.py:154} INFO - [2023-11-16T00:12:35.165+0000] {dag.py:3722} INFO - Setting next_dagrun for latest_only to 2023-11-15T20:12:35.165666+00:00, run_after=2023-11-16T00:12:35.165666+00:00
[2023-11-16T00:12:35.177+0000] {processor.py:179} INFO - Processing /home/airflow/.local/lib/python3.8/site-packages/airflow/example_dags/example_latest_only.py took 0.048 seconds
[2023-11-16T00:13:05.294+0000] {processor.py:157} INFO - Started process (PID=589) to work on /home/airflow/.local/lib/python3.8/site-packages/airflow/example_dags/example_latest_only.py
[2023-11-16T00:13:05.295+0000] {processor.py:829} INFO - Processing file /home/airflow/.local/lib/python3.8/site-packages/airflow/example_dags/example_latest_only.py for tasks to queue
[2023-11-16T00:13:05.297+0000] {logging_mixin.py:154} INFO - [2023-11-16T00:13:05.297+0000] {dagbag.py:536} INFO - Filling up the DagBag from /home/airflow/.local/lib/python3.8/site-packages/airflow/example_dags/example_latest_only.py
[2023-11-16T00:13:05.301+0000] {processor.py:839} INFO - DAG(s) dict_keys(['latest_only']) retrieved from /home/airflow/.local/lib/python3.8/site-packages/airflow/example_dags/example_latest_only.py
[2023-11-16T00:13:05.314+0000] {logging_mixin.py:154} INFO - [2023-11-16T00:13:05.314+0000] {dag.py:2941} INFO - Sync 1 DAGs
[2023-11-16T00:13:05.328+0000] {logging_mixin.py:154} INFO - [2023-11-16T00:13:05.328+0000] {dag.py:3722} INFO - Setting next_dagrun for latest_only to 2023-11-15T20:13:05.328488+00:00, run_after=2023-11-16T00:13:05.328488+00:00
[2023-11-16T00:13:05.341+0000] {processor.py:179} INFO - Processing /home/airflow/.local/lib/python3.8/site-packages/airflow/example_dags/example_latest_only.py took 0.049 seconds
[2023-11-16T00:13:36.381+0000] {processor.py:157} INFO - Started process (PID=646) to work on /home/airflow/.local/lib/python3.8/site-packages/airflow/example_dags/example_latest_only.py
[2023-11-16T00:13:36.382+0000] {processor.py:829} INFO - Processing file /home/airflow/.local/lib/python3.8/site-packages/airflow/example_dags/example_latest_only.py for tasks to queue
[2023-11-16T00:13:36.383+0000] {logging_mixin.py:154} INFO - [2023-11-16T00:13:36.383+0000] {dagbag.py:536} INFO - Filling up the DagBag from /home/airflow/.local/lib/python3.8/site-packages/airflow/example_dags/example_latest_only.py
[2023-11-16T00:13:36.387+0000] {processor.py:839} INFO - DAG(s) dict_keys(['latest_only']) retrieved from /home/airflow/.local/lib/python3.8/site-packages/airflow/example_dags/example_latest_only.py
[2023-11-16T00:13:36.399+0000] {logging_mixin.py:154} INFO - [2023-11-16T00:13:36.399+0000] {dag.py:2941} INFO - Sync 1 DAGs
[2023-11-16T00:13:36.413+0000] {logging_mixin.py:154} INFO - [2023-11-16T00:13:36.413+0000] {dag.py:3722} INFO - Setting next_dagrun for latest_only to 2023-11-15T20:13:36.413466+00:00, run_after=2023-11-16T00:13:36.413466+00:00
[2023-11-16T00:13:36.425+0000] {processor.py:179} INFO - Processing /home/airflow/.local/lib/python3.8/site-packages/airflow/example_dags/example_latest_only.py took 0.046 seconds
[2023-11-16T00:14:06.597+0000] {processor.py:157} INFO - Started process (PID=703) to work on /home/airflow/.local/lib/python3.8/site-packages/airflow/example_dags/example_latest_only.py
[2023-11-16T00:14:06.598+0000] {processor.py:829} INFO - Processing file /home/airflow/.local/lib/python3.8/site-packages/airflow/example_dags/example_latest_only.py for tasks to queue
[2023-11-16T00:14:06.600+0000] {logging_mixin.py:154} INFO - [2023-11-16T00:14:06.600+0000] {dagbag.py:536} INFO - Filling up the DagBag from /home/airflow/.local/lib/python3.8/site-packages/airflow/example_dags/example_latest_only.py
[2023-11-16T00:14:06.603+0000] {processor.py:839} INFO - DAG(s) dict_keys(['latest_only']) retrieved from /home/airflow/.local/lib/python3.8/site-packages/airflow/example_dags/example_latest_only.py
[2023-11-16T00:14:06.616+0000] {logging_mixin.py:154} INFO - [2023-11-16T00:14:06.616+0000] {dag.py:2941} INFO - Sync 1 DAGs
[2023-11-16T00:14:06.630+0000] {logging_mixin.py:154} INFO - [2023-11-16T00:14:06.630+0000] {dag.py:3722} INFO - Setting next_dagrun for latest_only to 2023-11-15T20:14:06.630587+00:00, run_after=2023-11-16T00:14:06.630587+00:00
[2023-11-16T00:14:06.642+0000] {processor.py:179} INFO - Processing /home/airflow/.local/lib/python3.8/site-packages/airflow/example_dags/example_latest_only.py took 0.047 seconds
[2023-11-16T00:14:37.711+0000] {processor.py:157} INFO - Started process (PID=760) to work on /home/airflow/.local/lib/python3.8/site-packages/airflow/example_dags/example_latest_only.py
[2023-11-16T00:14:37.712+0000] {processor.py:829} INFO - Processing file /home/airflow/.local/lib/python3.8/site-packages/airflow/example_dags/example_latest_only.py for tasks to queue
[2023-11-16T00:14:37.714+0000] {logging_mixin.py:154} INFO - [2023-11-16T00:14:37.714+0000] {dagbag.py:536} INFO - Filling up the DagBag from /home/airflow/.local/lib/python3.8/site-packages/airflow/example_dags/example_latest_only.py
[2023-11-16T00:14:37.717+0000] {processor.py:839} INFO - DAG(s) dict_keys(['latest_only']) retrieved from /home/airflow/.local/lib/python3.8/site-packages/airflow/example_dags/example_latest_only.py
[2023-11-16T00:14:37.731+0000] {logging_mixin.py:154} INFO - [2023-11-16T00:14:37.730+0000] {dag.py:2941} INFO - Sync 1 DAGs
[2023-11-16T00:14:37.746+0000] {logging_mixin.py:154} INFO - [2023-11-16T00:14:37.746+0000] {dag.py:3722} INFO - Setting next_dagrun for latest_only to 2023-11-15T20:14:37.745996+00:00, run_after=2023-11-16T00:14:37.745996+00:00
[2023-11-16T00:14:37.757+0000] {processor.py:179} INFO - Processing /home/airflow/.local/lib/python3.8/site-packages/airflow/example_dags/example_latest_only.py took 0.048 seconds
[2023-11-16T00:15:08.016+0000] {processor.py:157} INFO - Started process (PID=817) to work on /home/airflow/.local/lib/python3.8/site-packages/airflow/example_dags/example_latest_only.py
[2023-11-16T00:15:08.016+0000] {processor.py:829} INFO - Processing file /home/airflow/.local/lib/python3.8/site-packages/airflow/example_dags/example_latest_only.py for tasks to queue
[2023-11-16T00:15:08.018+0000] {logging_mixin.py:154} INFO - [2023-11-16T00:15:08.018+0000] {dagbag.py:536} INFO - Filling up the DagBag from /home/airflow/.local/lib/python3.8/site-packages/airflow/example_dags/example_latest_only.py
[2023-11-16T00:15:08.021+0000] {processor.py:839} INFO - DAG(s) dict_keys(['latest_only']) retrieved from /home/airflow/.local/lib/python3.8/site-packages/airflow/example_dags/example_latest_only.py
[2023-11-16T00:15:08.036+0000] {logging_mixin.py:154} INFO - [2023-11-16T00:15:08.036+0000] {dag.py:2941} INFO - Sync 1 DAGs
[2023-11-16T00:15:08.051+0000] {logging_mixin.py:154} INFO - [2023-11-16T00:15:08.051+0000] {dag.py:3722} INFO - Setting next_dagrun for latest_only to 2023-11-15T20:15:08.050861+00:00, run_after=2023-11-16T00:15:08.050861+00:00
[2023-11-16T00:15:08.063+0000] {processor.py:179} INFO - Processing /home/airflow/.local/lib/python3.8/site-packages/airflow/example_dags/example_latest_only.py took 0.050 seconds
[2023-11-16T00:15:39.124+0000] {processor.py:157} INFO - Started process (PID=874) to work on /home/airflow/.local/lib/python3.8/site-packages/airflow/example_dags/example_latest_only.py
[2023-11-16T00:15:39.125+0000] {processor.py:829} INFO - Processing file /home/airflow/.local/lib/python3.8/site-packages/airflow/example_dags/example_latest_only.py for tasks to queue
[2023-11-16T00:15:39.127+0000] {logging_mixin.py:154} INFO - [2023-11-16T00:15:39.126+0000] {dagbag.py:536} INFO - Filling up the DagBag from /home/airflow/.local/lib/python3.8/site-packages/airflow/example_dags/example_latest_only.py
[2023-11-16T00:15:39.130+0000] {processor.py:839} INFO - DAG(s) dict_keys(['latest_only']) retrieved from /home/airflow/.local/lib/python3.8/site-packages/airflow/example_dags/example_latest_only.py
[2023-11-16T00:15:39.144+0000] {logging_mixin.py:154} INFO - [2023-11-16T00:15:39.143+0000] {dag.py:2941} INFO - Sync 1 DAGs
[2023-11-16T00:15:39.157+0000] {logging_mixin.py:154} INFO - [2023-11-16T00:15:39.157+0000] {dag.py:3722} INFO - Setting next_dagrun for latest_only to 2023-11-15T20:15:39.157529+00:00, run_after=2023-11-16T00:15:39.157529+00:00
[2023-11-16T00:15:39.169+0000] {processor.py:179} INFO - Processing /home/airflow/.local/lib/python3.8/site-packages/airflow/example_dags/example_latest_only.py took 0.047 seconds
[2023-11-16T00:16:09.323+0000] {processor.py:157} INFO - Started process (PID=932) to work on /home/airflow/.local/lib/python3.8/site-packages/airflow/example_dags/example_latest_only.py
[2023-11-16T00:16:09.324+0000] {processor.py:829} INFO - Processing file /home/airflow/.local/lib/python3.8/site-packages/airflow/example_dags/example_latest_only.py for tasks to queue
[2023-11-16T00:16:09.326+0000] {logging_mixin.py:154} INFO - [2023-11-16T00:16:09.326+0000] {dagbag.py:536} INFO - Filling up the DagBag from /home/airflow/.local/lib/python3.8/site-packages/airflow/example_dags/example_latest_only.py
[2023-11-16T00:16:09.329+0000] {processor.py:839} INFO - DAG(s) dict_keys(['latest_only']) retrieved from /home/airflow/.local/lib/python3.8/site-packages/airflow/example_dags/example_latest_only.py
[2023-11-16T00:16:09.343+0000] {logging_mixin.py:154} INFO - [2023-11-16T00:16:09.343+0000] {dag.py:2941} INFO - Sync 1 DAGs
[2023-11-16T00:16:09.358+0000] {logging_mixin.py:154} INFO - [2023-11-16T00:16:09.358+0000] {dag.py:3722} INFO - Setting next_dagrun for latest_only to 2023-11-15T20:16:09.358116+00:00, run_after=2023-11-16T00:16:09.358116+00:00
[2023-11-16T00:16:09.370+0000] {processor.py:179} INFO - Processing /home/airflow/.local/lib/python3.8/site-packages/airflow/example_dags/example_latest_only.py took 0.049 seconds
[2023-11-16T00:16:39.471+0000] {processor.py:157} INFO - Started process (PID=988) to work on /home/airflow/.local/lib/python3.8/site-packages/airflow/example_dags/example_latest_only.py
[2023-11-16T00:16:39.472+0000] {processor.py:829} INFO - Processing file /home/airflow/.local/lib/python3.8/site-packages/airflow/example_dags/example_latest_only.py for tasks to queue
[2023-11-16T00:16:39.474+0000] {logging_mixin.py:154} INFO - [2023-11-16T00:16:39.473+0000] {dagbag.py:536} INFO - Filling up the DagBag from /home/airflow/.local/lib/python3.8/site-packages/airflow/example_dags/example_latest_only.py
[2023-11-16T00:16:39.477+0000] {processor.py:839} INFO - DAG(s) dict_keys(['latest_only']) retrieved from /home/airflow/.local/lib/python3.8/site-packages/airflow/example_dags/example_latest_only.py
[2023-11-16T00:16:39.491+0000] {logging_mixin.py:154} INFO - [2023-11-16T00:16:39.491+0000] {dag.py:2941} INFO - Sync 1 DAGs
[2023-11-16T00:16:39.506+0000] {logging_mixin.py:154} INFO - [2023-11-16T00:16:39.506+0000] {dag.py:3722} INFO - Setting next_dagrun for latest_only to 2023-11-15T20:16:39.505867+00:00, run_after=2023-11-16T00:16:39.505867+00:00
[2023-11-16T00:16:39.518+0000] {processor.py:179} INFO - Processing /home/airflow/.local/lib/python3.8/site-packages/airflow/example_dags/example_latest_only.py took 0.049 seconds
[2023-11-16T00:17:09.552+0000] {processor.py:157} INFO - Started process (PID=1044) to work on /home/airflow/.local/lib/python3.8/site-packages/airflow/example_dags/example_latest_only.py
[2023-11-16T00:17:09.553+0000] {processor.py:829} INFO - Processing file /home/airflow/.local/lib/python3.8/site-packages/airflow/example_dags/example_latest_only.py for tasks to queue
[2023-11-16T00:17:09.555+0000] {logging_mixin.py:154} INFO - [2023-11-16T00:17:09.554+0000] {dagbag.py:536} INFO - Filling up the DagBag from /home/airflow/.local/lib/python3.8/site-packages/airflow/example_dags/example_latest_only.py
[2023-11-16T00:17:09.558+0000] {processor.py:839} INFO - DAG(s) dict_keys(['latest_only']) retrieved from /home/airflow/.local/lib/python3.8/site-packages/airflow/example_dags/example_latest_only.py
[2023-11-16T00:17:09.570+0000] {logging_mixin.py:154} INFO - [2023-11-16T00:17:09.570+0000] {dag.py:2941} INFO - Sync 1 DAGs
[2023-11-16T00:17:09.584+0000] {logging_mixin.py:154} INFO - [2023-11-16T00:17:09.583+0000] {dag.py:3722} INFO - Setting next_dagrun for latest_only to 2023-11-15T20:17:09.583688+00:00, run_after=2023-11-16T00:17:09.583688+00:00
[2023-11-16T00:17:09.595+0000] {processor.py:179} INFO - Processing /home/airflow/.local/lib/python3.8/site-packages/airflow/example_dags/example_latest_only.py took 0.045 seconds
[2023-11-16T00:17:39.767+0000] {processor.py:157} INFO - Started process (PID=1101) to work on /home/airflow/.local/lib/python3.8/site-packages/airflow/example_dags/example_latest_only.py
[2023-11-16T00:17:39.768+0000] {processor.py:829} INFO - Processing file /home/airflow/.local/lib/python3.8/site-packages/airflow/example_dags/example_latest_only.py for tasks to queue
[2023-11-16T00:17:39.769+0000] {logging_mixin.py:154} INFO - [2023-11-16T00:17:39.769+0000] {dagbag.py:536} INFO - Filling up the DagBag from /home/airflow/.local/lib/python3.8/site-packages/airflow/example_dags/example_latest_only.py
[2023-11-16T00:17:39.772+0000] {processor.py:839} INFO - DAG(s) dict_keys(['latest_only']) retrieved from /home/airflow/.local/lib/python3.8/site-packages/airflow/example_dags/example_latest_only.py
[2023-11-16T00:17:39.785+0000] {logging_mixin.py:154} INFO - [2023-11-16T00:17:39.785+0000] {dag.py:2941} INFO - Sync 1 DAGs
[2023-11-16T00:17:39.798+0000] {logging_mixin.py:154} INFO - [2023-11-16T00:17:39.798+0000] {dag.py:3722} INFO - Setting next_dagrun for latest_only to 2023-11-15T20:17:39.798536+00:00, run_after=2023-11-16T00:17:39.798536+00:00
[2023-11-16T00:17:39.810+0000] {processor.py:179} INFO - Processing /home/airflow/.local/lib/python3.8/site-packages/airflow/example_dags/example_latest_only.py took 0.045 seconds
[2023-11-16T00:18:10.388+0000] {processor.py:157} INFO - Started process (PID=1158) to work on /home/airflow/.local/lib/python3.8/site-packages/airflow/example_dags/example_latest_only.py
[2023-11-16T00:18:10.388+0000] {processor.py:829} INFO - Processing file /home/airflow/.local/lib/python3.8/site-packages/airflow/example_dags/example_latest_only.py for tasks to queue
[2023-11-16T00:18:10.390+0000] {logging_mixin.py:154} INFO - [2023-11-16T00:18:10.390+0000] {dagbag.py:536} INFO - Filling up the DagBag from /home/airflow/.local/lib/python3.8/site-packages/airflow/example_dags/example_latest_only.py
[2023-11-16T00:18:10.393+0000] {processor.py:839} INFO - DAG(s) dict_keys(['latest_only']) retrieved from /home/airflow/.local/lib/python3.8/site-packages/airflow/example_dags/example_latest_only.py
[2023-11-16T00:18:10.407+0000] {logging_mixin.py:154} INFO - [2023-11-16T00:18:10.406+0000] {dag.py:2941} INFO - Sync 1 DAGs
[2023-11-16T00:18:10.423+0000] {logging_mixin.py:154} INFO - [2023-11-16T00:18:10.422+0000] {dag.py:3722} INFO - Setting next_dagrun for latest_only to 2023-11-15T20:18:10.422409+00:00, run_after=2023-11-16T00:18:10.422409+00:00
[2023-11-16T00:18:10.528+0000] {processor.py:179} INFO - Processing /home/airflow/.local/lib/python3.8/site-packages/airflow/example_dags/example_latest_only.py took 0.143 seconds
[2023-11-16T00:18:40.720+0000] {processor.py:157} INFO - Started process (PID=1215) to work on /home/airflow/.local/lib/python3.8/site-packages/airflow/example_dags/example_latest_only.py
[2023-11-16T00:18:40.721+0000] {processor.py:829} INFO - Processing file /home/airflow/.local/lib/python3.8/site-packages/airflow/example_dags/example_latest_only.py for tasks to queue
[2023-11-16T00:18:40.723+0000] {logging_mixin.py:154} INFO - [2023-11-16T00:18:40.722+0000] {dagbag.py:536} INFO - Filling up the DagBag from /home/airflow/.local/lib/python3.8/site-packages/airflow/example_dags/example_latest_only.py
[2023-11-16T00:18:40.726+0000] {processor.py:839} INFO - DAG(s) dict_keys(['latest_only']) retrieved from /home/airflow/.local/lib/python3.8/site-packages/airflow/example_dags/example_latest_only.py
[2023-11-16T00:18:40.739+0000] {logging_mixin.py:154} INFO - [2023-11-16T00:18:40.739+0000] {dag.py:2941} INFO - Sync 1 DAGs
[2023-11-16T00:18:40.752+0000] {logging_mixin.py:154} INFO - [2023-11-16T00:18:40.752+0000] {dag.py:3722} INFO - Setting next_dagrun for latest_only to 2023-11-15T20:18:40.752569+00:00, run_after=2023-11-16T00:18:40.752569+00:00
[2023-11-16T00:18:40.764+0000] {processor.py:179} INFO - Processing /home/airflow/.local/lib/python3.8/site-packages/airflow/example_dags/example_latest_only.py took 0.046 seconds
[2023-11-16T00:19:10.998+0000] {processor.py:157} INFO - Started process (PID=1272) to work on /home/airflow/.local/lib/python3.8/site-packages/airflow/example_dags/example_latest_only.py
[2023-11-16T00:19:10.999+0000] {processor.py:829} INFO - Processing file /home/airflow/.local/lib/python3.8/site-packages/airflow/example_dags/example_latest_only.py for tasks to queue
[2023-11-16T00:19:11.000+0000] {logging_mixin.py:154} INFO - [2023-11-16T00:19:11.000+0000] {dagbag.py:536} INFO - Filling up the DagBag from /home/airflow/.local/lib/python3.8/site-packages/airflow/example_dags/example_latest_only.py
[2023-11-16T00:19:11.004+0000] {processor.py:839} INFO - DAG(s) dict_keys(['latest_only']) retrieved from /home/airflow/.local/lib/python3.8/site-packages/airflow/example_dags/example_latest_only.py
[2023-11-16T00:19:11.016+0000] {logging_mixin.py:154} INFO - [2023-11-16T00:19:11.016+0000] {dag.py:2941} INFO - Sync 1 DAGs
[2023-11-16T00:19:11.030+0000] {logging_mixin.py:154} INFO - [2023-11-16T00:19:11.030+0000] {dag.py:3722} INFO - Setting next_dagrun for latest_only to 2023-11-15T20:19:11.030136+00:00, run_after=2023-11-16T00:19:11.030136+00:00
[2023-11-16T00:19:11.042+0000] {processor.py:179} INFO - Processing /home/airflow/.local/lib/python3.8/site-packages/airflow/example_dags/example_latest_only.py took 0.046 seconds
[2023-11-16T00:19:41.981+0000] {processor.py:157} INFO - Started process (PID=1330) to work on /home/airflow/.local/lib/python3.8/site-packages/airflow/example_dags/example_latest_only.py
[2023-11-16T00:19:41.982+0000] {processor.py:829} INFO - Processing file /home/airflow/.local/lib/python3.8/site-packages/airflow/example_dags/example_latest_only.py for tasks to queue
[2023-11-16T00:19:41.984+0000] {logging_mixin.py:154} INFO - [2023-11-16T00:19:41.984+0000] {dagbag.py:536} INFO - Filling up the DagBag from /home/airflow/.local/lib/python3.8/site-packages/airflow/example_dags/example_latest_only.py
[2023-11-16T00:19:41.987+0000] {processor.py:839} INFO - DAG(s) dict_keys(['latest_only']) retrieved from /home/airflow/.local/lib/python3.8/site-packages/airflow/example_dags/example_latest_only.py
[2023-11-16T00:19:42.000+0000] {logging_mixin.py:154} INFO - [2023-11-16T00:19:42.000+0000] {dag.py:2941} INFO - Sync 1 DAGs
[2023-11-16T00:19:42.108+0000] {logging_mixin.py:154} INFO - [2023-11-16T00:19:42.108+0000] {dag.py:3722} INFO - Setting next_dagrun for latest_only to 2023-11-15T20:19:42.108464+00:00, run_after=2023-11-16T00:19:42.108464+00:00
[2023-11-16T00:19:42.121+0000] {processor.py:179} INFO - Processing /home/airflow/.local/lib/python3.8/site-packages/airflow/example_dags/example_latest_only.py took 0.142 seconds
[2023-11-16T00:20:12.496+0000] {processor.py:157} INFO - Started process (PID=1387) to work on /home/airflow/.local/lib/python3.8/site-packages/airflow/example_dags/example_latest_only.py
[2023-11-16T00:20:12.497+0000] {processor.py:829} INFO - Processing file /home/airflow/.local/lib/python3.8/site-packages/airflow/example_dags/example_latest_only.py for tasks to queue
[2023-11-16T00:20:12.499+0000] {logging_mixin.py:154} INFO - [2023-11-16T00:20:12.499+0000] {dagbag.py:536} INFO - Filling up the DagBag from /home/airflow/.local/lib/python3.8/site-packages/airflow/example_dags/example_latest_only.py
[2023-11-16T00:20:12.502+0000] {processor.py:839} INFO - DAG(s) dict_keys(['latest_only']) retrieved from /home/airflow/.local/lib/python3.8/site-packages/airflow/example_dags/example_latest_only.py
[2023-11-16T00:20:12.516+0000] {logging_mixin.py:154} INFO - [2023-11-16T00:20:12.516+0000] {dag.py:2941} INFO - Sync 1 DAGs
[2023-11-16T00:20:12.530+0000] {logging_mixin.py:154} INFO - [2023-11-16T00:20:12.530+0000] {dag.py:3722} INFO - Setting next_dagrun for latest_only to 2023-11-15T20:20:12.529962+00:00, run_after=2023-11-16T00:20:12.529962+00:00
[2023-11-16T00:20:12.540+0000] {processor.py:179} INFO - Processing /home/airflow/.local/lib/python3.8/site-packages/airflow/example_dags/example_latest_only.py took 0.046 seconds
[2023-11-16T00:20:42.886+0000] {processor.py:157} INFO - Started process (PID=1444) to work on /home/airflow/.local/lib/python3.8/site-packages/airflow/example_dags/example_latest_only.py
[2023-11-16T00:20:42.886+0000] {processor.py:829} INFO - Processing file /home/airflow/.local/lib/python3.8/site-packages/airflow/example_dags/example_latest_only.py for tasks to queue
[2023-11-16T00:20:42.888+0000] {logging_mixin.py:154} INFO - [2023-11-16T00:20:42.888+0000] {dagbag.py:536} INFO - Filling up the DagBag from /home/airflow/.local/lib/python3.8/site-packages/airflow/example_dags/example_latest_only.py
[2023-11-16T00:20:42.891+0000] {processor.py:839} INFO - DAG(s) dict_keys(['latest_only']) retrieved from /home/airflow/.local/lib/python3.8/site-packages/airflow/example_dags/example_latest_only.py
[2023-11-16T00:20:42.904+0000] {logging_mixin.py:154} INFO - [2023-11-16T00:20:42.904+0000] {dag.py:2941} INFO - Sync 1 DAGs
[2023-11-16T00:20:42.918+0000] {logging_mixin.py:154} INFO - [2023-11-16T00:20:42.918+0000] {dag.py:3722} INFO - Setting next_dagrun for latest_only to 2023-11-15T20:20:42.918136+00:00, run_after=2023-11-16T00:20:42.918136+00:00
[2023-11-16T00:20:42.929+0000] {processor.py:179} INFO - Processing /home/airflow/.local/lib/python3.8/site-packages/airflow/example_dags/example_latest_only.py took 0.046 seconds
[2023-11-16T00:21:14.083+0000] {processor.py:157} INFO - Started process (PID=1502) to work on /home/airflow/.local/lib/python3.8/site-packages/airflow/example_dags/example_latest_only.py
[2023-11-16T00:21:14.084+0000] {processor.py:829} INFO - Processing file /home/airflow/.local/lib/python3.8/site-packages/airflow/example_dags/example_latest_only.py for tasks to queue
[2023-11-16T00:21:14.087+0000] {logging_mixin.py:154} INFO - [2023-11-16T00:21:14.086+0000] {dagbag.py:536} INFO - Filling up the DagBag from /home/airflow/.local/lib/python3.8/site-packages/airflow/example_dags/example_latest_only.py
[2023-11-16T00:21:14.091+0000] {processor.py:839} INFO - DAG(s) dict_keys(['latest_only']) retrieved from /home/airflow/.local/lib/python3.8/site-packages/airflow/example_dags/example_latest_only.py
[2023-11-16T00:21:14.108+0000] {logging_mixin.py:154} INFO - [2023-11-16T00:21:14.108+0000] {dag.py:2941} INFO - Sync 1 DAGs
[2023-11-16T00:21:14.230+0000] {logging_mixin.py:154} INFO - [2023-11-16T00:21:14.230+0000] {dag.py:3722} INFO - Setting next_dagrun for latest_only to 2023-11-15T20:21:14.230399+00:00, run_after=2023-11-16T00:21:14.230399+00:00
[2023-11-16T00:21:14.241+0000] {processor.py:179} INFO - Processing /home/airflow/.local/lib/python3.8/site-packages/airflow/example_dags/example_latest_only.py took 0.161 seconds
[2023-11-16T00:21:44.914+0000] {processor.py:157} INFO - Started process (PID=1559) to work on /home/airflow/.local/lib/python3.8/site-packages/airflow/example_dags/example_latest_only.py
[2023-11-16T00:21:44.914+0000] {processor.py:829} INFO - Processing file /home/airflow/.local/lib/python3.8/site-packages/airflow/example_dags/example_latest_only.py for tasks to queue
[2023-11-16T00:21:44.916+0000] {logging_mixin.py:154} INFO - [2023-11-16T00:21:44.916+0000] {dagbag.py:536} INFO - Filling up the DagBag from /home/airflow/.local/lib/python3.8/site-packages/airflow/example_dags/example_latest_only.py
[2023-11-16T00:21:44.920+0000] {processor.py:839} INFO - DAG(s) dict_keys(['latest_only']) retrieved from /home/airflow/.local/lib/python3.8/site-packages/airflow/example_dags/example_latest_only.py
[2023-11-16T00:21:44.932+0000] {logging_mixin.py:154} INFO - [2023-11-16T00:21:44.932+0000] {dag.py:2941} INFO - Sync 1 DAGs
[2023-11-16T00:21:45.041+0000] {logging_mixin.py:154} INFO - [2023-11-16T00:21:45.041+0000] {dag.py:3722} INFO - Setting next_dagrun for latest_only to 2023-11-15T20:21:45.041164+00:00, run_after=2023-11-16T00:21:45.041164+00:00
[2023-11-16T00:21:45.060+0000] {processor.py:179} INFO - Processing /home/airflow/.local/lib/python3.8/site-packages/airflow/example_dags/example_latest_only.py took 0.149 seconds
[2023-11-16T00:22:15.100+0000] {processor.py:157} INFO - Started process (PID=1616) to work on /home/airflow/.local/lib/python3.8/site-packages/airflow/example_dags/example_latest_only.py
[2023-11-16T00:22:15.101+0000] {processor.py:829} INFO - Processing file /home/airflow/.local/lib/python3.8/site-packages/airflow/example_dags/example_latest_only.py for tasks to queue
[2023-11-16T00:22:15.103+0000] {logging_mixin.py:154} INFO - [2023-11-16T00:22:15.103+0000] {dagbag.py:536} INFO - Filling up the DagBag from /home/airflow/.local/lib/python3.8/site-packages/airflow/example_dags/example_latest_only.py
[2023-11-16T00:22:15.106+0000] {processor.py:839} INFO - DAG(s) dict_keys(['latest_only']) retrieved from /home/airflow/.local/lib/python3.8/site-packages/airflow/example_dags/example_latest_only.py
[2023-11-16T00:22:15.119+0000] {logging_mixin.py:154} INFO - [2023-11-16T00:22:15.119+0000] {dag.py:2941} INFO - Sync 1 DAGs
[2023-11-16T00:22:15.133+0000] {logging_mixin.py:154} INFO - [2023-11-16T00:22:15.133+0000] {dag.py:3722} INFO - Setting next_dagrun for latest_only to 2023-11-15T20:22:15.133263+00:00, run_after=2023-11-16T00:22:15.133263+00:00
[2023-11-16T00:22:15.145+0000] {processor.py:179} INFO - Processing /home/airflow/.local/lib/python3.8/site-packages/airflow/example_dags/example_latest_only.py took 0.047 seconds
[2023-11-16T00:22:45.945+0000] {processor.py:157} INFO - Started process (PID=1673) to work on /home/airflow/.local/lib/python3.8/site-packages/airflow/example_dags/example_latest_only.py
[2023-11-16T00:22:45.945+0000] {processor.py:829} INFO - Processing file /home/airflow/.local/lib/python3.8/site-packages/airflow/example_dags/example_latest_only.py for tasks to queue
[2023-11-16T00:22:45.947+0000] {logging_mixin.py:154} INFO - [2023-11-16T00:22:45.947+0000] {dagbag.py:536} INFO - Filling up the DagBag from /home/airflow/.local/lib/python3.8/site-packages/airflow/example_dags/example_latest_only.py
[2023-11-16T00:22:45.951+0000] {processor.py:839} INFO - DAG(s) dict_keys(['latest_only']) retrieved from /home/airflow/.local/lib/python3.8/site-packages/airflow/example_dags/example_latest_only.py
[2023-11-16T00:22:45.965+0000] {logging_mixin.py:154} INFO - [2023-11-16T00:22:45.964+0000] {dag.py:2941} INFO - Sync 1 DAGs
[2023-11-16T00:22:45.979+0000] {logging_mixin.py:154} INFO - [2023-11-16T00:22:45.978+0000] {dag.py:3722} INFO - Setting next_dagrun for latest_only to 2023-11-15T20:22:45.978718+00:00, run_after=2023-11-16T00:22:45.978718+00:00
[2023-11-16T00:22:45.990+0000] {processor.py:179} INFO - Processing /home/airflow/.local/lib/python3.8/site-packages/airflow/example_dags/example_latest_only.py took 0.048 seconds
[2023-11-16T00:23:16.955+0000] {processor.py:157} INFO - Started process (PID=1730) to work on /home/airflow/.local/lib/python3.8/site-packages/airflow/example_dags/example_latest_only.py
[2023-11-16T00:23:16.956+0000] {processor.py:829} INFO - Processing file /home/airflow/.local/lib/python3.8/site-packages/airflow/example_dags/example_latest_only.py for tasks to queue
[2023-11-16T00:23:16.958+0000] {logging_mixin.py:154} INFO - [2023-11-16T00:23:16.958+0000] {dagbag.py:536} INFO - Filling up the DagBag from /home/airflow/.local/lib/python3.8/site-packages/airflow/example_dags/example_latest_only.py
[2023-11-16T00:23:16.961+0000] {processor.py:839} INFO - DAG(s) dict_keys(['latest_only']) retrieved from /home/airflow/.local/lib/python3.8/site-packages/airflow/example_dags/example_latest_only.py
[2023-11-16T00:23:16.975+0000] {logging_mixin.py:154} INFO - [2023-11-16T00:23:16.975+0000] {dag.py:2941} INFO - Sync 1 DAGs
[2023-11-16T00:23:17.084+0000] {logging_mixin.py:154} INFO - [2023-11-16T00:23:17.084+0000] {dag.py:3722} INFO - Setting next_dagrun for latest_only to 2023-11-15T20:23:17.084502+00:00, run_after=2023-11-16T00:23:17.084502+00:00
[2023-11-16T00:23:17.096+0000] {processor.py:179} INFO - Processing /home/airflow/.local/lib/python3.8/site-packages/airflow/example_dags/example_latest_only.py took 0.143 seconds
[2023-11-16T00:23:47.991+0000] {processor.py:157} INFO - Started process (PID=1787) to work on /home/airflow/.local/lib/python3.8/site-packages/airflow/example_dags/example_latest_only.py
[2023-11-16T00:23:47.992+0000] {processor.py:829} INFO - Processing file /home/airflow/.local/lib/python3.8/site-packages/airflow/example_dags/example_latest_only.py for tasks to queue
[2023-11-16T00:23:47.993+0000] {logging_mixin.py:154} INFO - [2023-11-16T00:23:47.993+0000] {dagbag.py:536} INFO - Filling up the DagBag from /home/airflow/.local/lib/python3.8/site-packages/airflow/example_dags/example_latest_only.py
[2023-11-16T00:23:47.997+0000] {processor.py:839} INFO - DAG(s) dict_keys(['latest_only']) retrieved from /home/airflow/.local/lib/python3.8/site-packages/airflow/example_dags/example_latest_only.py
[2023-11-16T00:23:48.010+0000] {logging_mixin.py:154} INFO - [2023-11-16T00:23:48.010+0000] {dag.py:2941} INFO - Sync 1 DAGs
[2023-11-16T00:23:48.121+0000] {logging_mixin.py:154} INFO - [2023-11-16T00:23:48.121+0000] {dag.py:3722} INFO - Setting next_dagrun for latest_only to 2023-11-15T20:23:48.121372+00:00, run_after=2023-11-16T00:23:48.121372+00:00
[2023-11-16T00:23:48.138+0000] {processor.py:179} INFO - Processing /home/airflow/.local/lib/python3.8/site-packages/airflow/example_dags/example_latest_only.py took 0.149 seconds
[2023-11-16T00:24:18.872+0000] {processor.py:157} INFO - Started process (PID=1844) to work on /home/airflow/.local/lib/python3.8/site-packages/airflow/example_dags/example_latest_only.py
[2023-11-16T00:24:18.872+0000] {processor.py:829} INFO - Processing file /home/airflow/.local/lib/python3.8/site-packages/airflow/example_dags/example_latest_only.py for tasks to queue
[2023-11-16T00:24:18.874+0000] {logging_mixin.py:154} INFO - [2023-11-16T00:24:18.874+0000] {dagbag.py:536} INFO - Filling up the DagBag from /home/airflow/.local/lib/python3.8/site-packages/airflow/example_dags/example_latest_only.py
[2023-11-16T00:24:18.878+0000] {processor.py:839} INFO - DAG(s) dict_keys(['latest_only']) retrieved from /home/airflow/.local/lib/python3.8/site-packages/airflow/example_dags/example_latest_only.py
[2023-11-16T00:24:18.892+0000] {logging_mixin.py:154} INFO - [2023-11-16T00:24:18.891+0000] {dag.py:2941} INFO - Sync 1 DAGs
[2023-11-16T00:24:18.905+0000] {logging_mixin.py:154} INFO - [2023-11-16T00:24:18.905+0000] {dag.py:3722} INFO - Setting next_dagrun for latest_only to 2023-11-15T20:24:18.905574+00:00, run_after=2023-11-16T00:24:18.905574+00:00
[2023-11-16T00:24:18.920+0000] {processor.py:179} INFO - Processing /home/airflow/.local/lib/python3.8/site-packages/airflow/example_dags/example_latest_only.py took 0.050 seconds
[2023-11-16T00:24:49.887+0000] {processor.py:157} INFO - Started process (PID=1901) to work on /home/airflow/.local/lib/python3.8/site-packages/airflow/example_dags/example_latest_only.py
[2023-11-16T00:24:49.887+0000] {processor.py:829} INFO - Processing file /home/airflow/.local/lib/python3.8/site-packages/airflow/example_dags/example_latest_only.py for tasks to queue
[2023-11-16T00:24:49.890+0000] {logging_mixin.py:154} INFO - [2023-11-16T00:24:49.889+0000] {dagbag.py:536} INFO - Filling up the DagBag from /home/airflow/.local/lib/python3.8/site-packages/airflow/example_dags/example_latest_only.py
[2023-11-16T00:24:49.893+0000] {processor.py:839} INFO - DAG(s) dict_keys(['latest_only']) retrieved from /home/airflow/.local/lib/python3.8/site-packages/airflow/example_dags/example_latest_only.py
[2023-11-16T00:24:49.906+0000] {logging_mixin.py:154} INFO - [2023-11-16T00:24:49.906+0000] {dag.py:2941} INFO - Sync 1 DAGs
[2023-11-16T00:24:49.920+0000] {logging_mixin.py:154} INFO - [2023-11-16T00:24:49.920+0000] {dag.py:3722} INFO - Setting next_dagrun for latest_only to 2023-11-15T20:24:49.920243+00:00, run_after=2023-11-16T00:24:49.920243+00:00
[2023-11-16T00:24:49.931+0000] {processor.py:179} INFO - Processing /home/airflow/.local/lib/python3.8/site-packages/airflow/example_dags/example_latest_only.py took 0.047 seconds
[2023-11-16T00:25:20.043+0000] {processor.py:157} INFO - Started process (PID=1958) to work on /home/airflow/.local/lib/python3.8/site-packages/airflow/example_dags/example_latest_only.py
[2023-11-16T00:25:20.044+0000] {processor.py:829} INFO - Processing file /home/airflow/.local/lib/python3.8/site-packages/airflow/example_dags/example_latest_only.py for tasks to queue
[2023-11-16T00:25:20.046+0000] {logging_mixin.py:154} INFO - [2023-11-16T00:25:20.045+0000] {dagbag.py:536} INFO - Filling up the DagBag from /home/airflow/.local/lib/python3.8/site-packages/airflow/example_dags/example_latest_only.py
[2023-11-16T00:25:20.049+0000] {processor.py:839} INFO - DAG(s) dict_keys(['latest_only']) retrieved from /home/airflow/.local/lib/python3.8/site-packages/airflow/example_dags/example_latest_only.py
[2023-11-16T00:25:20.061+0000] {logging_mixin.py:154} INFO - [2023-11-16T00:25:20.061+0000] {dag.py:2941} INFO - Sync 1 DAGs
[2023-11-16T00:25:20.076+0000] {logging_mixin.py:154} INFO - [2023-11-16T00:25:20.075+0000] {dag.py:3722} INFO - Setting next_dagrun for latest_only to 2023-11-15T20:25:20.075682+00:00, run_after=2023-11-16T00:25:20.075682+00:00
[2023-11-16T00:25:20.087+0000] {processor.py:179} INFO - Processing /home/airflow/.local/lib/python3.8/site-packages/airflow/example_dags/example_latest_only.py took 0.047 seconds
[2023-11-16T00:25:50.232+0000] {processor.py:157} INFO - Started process (PID=2015) to work on /home/airflow/.local/lib/python3.8/site-packages/airflow/example_dags/example_latest_only.py
[2023-11-16T00:25:50.233+0000] {processor.py:829} INFO - Processing file /home/airflow/.local/lib/python3.8/site-packages/airflow/example_dags/example_latest_only.py for tasks to queue
[2023-11-16T00:25:50.235+0000] {logging_mixin.py:154} INFO - [2023-11-16T00:25:50.235+0000] {dagbag.py:536} INFO - Filling up the DagBag from /home/airflow/.local/lib/python3.8/site-packages/airflow/example_dags/example_latest_only.py
[2023-11-16T00:25:50.238+0000] {processor.py:839} INFO - DAG(s) dict_keys(['latest_only']) retrieved from /home/airflow/.local/lib/python3.8/site-packages/airflow/example_dags/example_latest_only.py
[2023-11-16T00:25:50.253+0000] {logging_mixin.py:154} INFO - [2023-11-16T00:25:50.252+0000] {dag.py:2941} INFO - Sync 1 DAGs
[2023-11-16T00:25:50.267+0000] {logging_mixin.py:154} INFO - [2023-11-16T00:25:50.267+0000] {dag.py:3722} INFO - Setting next_dagrun for latest_only to 2023-11-15T20:25:50.267636+00:00, run_after=2023-11-16T00:25:50.267636+00:00
[2023-11-16T00:25:50.280+0000] {processor.py:179} INFO - Processing /home/airflow/.local/lib/python3.8/site-packages/airflow/example_dags/example_latest_only.py took 0.050 seconds
[2023-11-16T00:26:20.456+0000] {processor.py:157} INFO - Started process (PID=2072) to work on /home/airflow/.local/lib/python3.8/site-packages/airflow/example_dags/example_latest_only.py
[2023-11-16T00:26:20.457+0000] {processor.py:829} INFO - Processing file /home/airflow/.local/lib/python3.8/site-packages/airflow/example_dags/example_latest_only.py for tasks to queue
[2023-11-16T00:26:20.459+0000] {logging_mixin.py:154} INFO - [2023-11-16T00:26:20.459+0000] {dagbag.py:536} INFO - Filling up the DagBag from /home/airflow/.local/lib/python3.8/site-packages/airflow/example_dags/example_latest_only.py
[2023-11-16T00:26:20.462+0000] {processor.py:839} INFO - DAG(s) dict_keys(['latest_only']) retrieved from /home/airflow/.local/lib/python3.8/site-packages/airflow/example_dags/example_latest_only.py
[2023-11-16T00:26:20.475+0000] {logging_mixin.py:154} INFO - [2023-11-16T00:26:20.475+0000] {dag.py:2941} INFO - Sync 1 DAGs
[2023-11-16T00:26:20.488+0000] {logging_mixin.py:154} INFO - [2023-11-16T00:26:20.488+0000] {dag.py:3722} INFO - Setting next_dagrun for latest_only to 2023-11-15T20:26:20.488384+00:00, run_after=2023-11-16T00:26:20.488384+00:00
[2023-11-16T00:26:20.499+0000] {processor.py:179} INFO - Processing /home/airflow/.local/lib/python3.8/site-packages/airflow/example_dags/example_latest_only.py took 0.045 seconds
[2023-11-16T00:26:50.665+0000] {processor.py:157} INFO - Started process (PID=2129) to work on /home/airflow/.local/lib/python3.8/site-packages/airflow/example_dags/example_latest_only.py
[2023-11-16T00:26:50.666+0000] {processor.py:829} INFO - Processing file /home/airflow/.local/lib/python3.8/site-packages/airflow/example_dags/example_latest_only.py for tasks to queue
[2023-11-16T00:26:50.668+0000] {logging_mixin.py:154} INFO - [2023-11-16T00:26:50.668+0000] {dagbag.py:536} INFO - Filling up the DagBag from /home/airflow/.local/lib/python3.8/site-packages/airflow/example_dags/example_latest_only.py
[2023-11-16T00:26:50.671+0000] {processor.py:839} INFO - DAG(s) dict_keys(['latest_only']) retrieved from /home/airflow/.local/lib/python3.8/site-packages/airflow/example_dags/example_latest_only.py
[2023-11-16T00:26:50.684+0000] {logging_mixin.py:154} INFO - [2023-11-16T00:26:50.684+0000] {dag.py:2941} INFO - Sync 1 DAGs
[2023-11-16T00:26:50.697+0000] {logging_mixin.py:154} INFO - [2023-11-16T00:26:50.697+0000] {dag.py:3722} INFO - Setting next_dagrun for latest_only to 2023-11-15T20:26:50.697216+00:00, run_after=2023-11-16T00:26:50.697216+00:00
[2023-11-16T00:26:50.709+0000] {processor.py:179} INFO - Processing /home/airflow/.local/lib/python3.8/site-packages/airflow/example_dags/example_latest_only.py took 0.046 seconds
[2023-11-16T00:27:20.992+0000] {processor.py:157} INFO - Started process (PID=2186) to work on /home/airflow/.local/lib/python3.8/site-packages/airflow/example_dags/example_latest_only.py
[2023-11-16T00:27:20.993+0000] {processor.py:829} INFO - Processing file /home/airflow/.local/lib/python3.8/site-packages/airflow/example_dags/example_latest_only.py for tasks to queue
[2023-11-16T00:27:20.995+0000] {logging_mixin.py:154} INFO - [2023-11-16T00:27:20.995+0000] {dagbag.py:536} INFO - Filling up the DagBag from /home/airflow/.local/lib/python3.8/site-packages/airflow/example_dags/example_latest_only.py
[2023-11-16T00:27:20.998+0000] {processor.py:839} INFO - DAG(s) dict_keys(['latest_only']) retrieved from /home/airflow/.local/lib/python3.8/site-packages/airflow/example_dags/example_latest_only.py
[2023-11-16T00:27:21.011+0000] {logging_mixin.py:154} INFO - [2023-11-16T00:27:21.010+0000] {dag.py:2941} INFO - Sync 1 DAGs
[2023-11-16T00:27:21.024+0000] {logging_mixin.py:154} INFO - [2023-11-16T00:27:21.024+0000] {dag.py:3722} INFO - Setting next_dagrun for latest_only to 2023-11-15T20:27:21.024667+00:00, run_after=2023-11-16T00:27:21.024667+00:00
[2023-11-16T00:27:21.037+0000] {processor.py:179} INFO - Processing /home/airflow/.local/lib/python3.8/site-packages/airflow/example_dags/example_latest_only.py took 0.047 seconds
[2023-11-16T00:27:51.112+0000] {processor.py:157} INFO - Started process (PID=2243) to work on /home/airflow/.local/lib/python3.8/site-packages/airflow/example_dags/example_latest_only.py
[2023-11-16T00:27:51.113+0000] {processor.py:829} INFO - Processing file /home/airflow/.local/lib/python3.8/site-packages/airflow/example_dags/example_latest_only.py for tasks to queue
[2023-11-16T00:27:51.115+0000] {logging_mixin.py:154} INFO - [2023-11-16T00:27:51.114+0000] {dagbag.py:536} INFO - Filling up the DagBag from /home/airflow/.local/lib/python3.8/site-packages/airflow/example_dags/example_latest_only.py
[2023-11-16T00:27:51.118+0000] {processor.py:839} INFO - DAG(s) dict_keys(['latest_only']) retrieved from /home/airflow/.local/lib/python3.8/site-packages/airflow/example_dags/example_latest_only.py
[2023-11-16T00:27:51.132+0000] {logging_mixin.py:154} INFO - [2023-11-16T00:27:51.131+0000] {dag.py:2941} INFO - Sync 1 DAGs
[2023-11-16T00:27:51.146+0000] {logging_mixin.py:154} INFO - [2023-11-16T00:27:51.146+0000] {dag.py:3722} INFO - Setting next_dagrun for latest_only to 2023-11-15T20:27:51.146447+00:00, run_after=2023-11-16T00:27:51.146447+00:00
[2023-11-16T00:27:51.158+0000] {processor.py:179} INFO - Processing /home/airflow/.local/lib/python3.8/site-packages/airflow/example_dags/example_latest_only.py took 0.049 seconds
[2023-11-16T00:28:21.266+0000] {processor.py:157} INFO - Started process (PID=2300) to work on /home/airflow/.local/lib/python3.8/site-packages/airflow/example_dags/example_latest_only.py
[2023-11-16T00:28:21.267+0000] {processor.py:829} INFO - Processing file /home/airflow/.local/lib/python3.8/site-packages/airflow/example_dags/example_latest_only.py for tasks to queue
[2023-11-16T00:28:21.269+0000] {logging_mixin.py:154} INFO - [2023-11-16T00:28:21.269+0000] {dagbag.py:536} INFO - Filling up the DagBag from /home/airflow/.local/lib/python3.8/site-packages/airflow/example_dags/example_latest_only.py
[2023-11-16T00:28:21.273+0000] {processor.py:839} INFO - DAG(s) dict_keys(['latest_only']) retrieved from /home/airflow/.local/lib/python3.8/site-packages/airflow/example_dags/example_latest_only.py
[2023-11-16T00:28:21.287+0000] {logging_mixin.py:154} INFO - [2023-11-16T00:28:21.287+0000] {dag.py:2941} INFO - Sync 1 DAGs
[2023-11-16T00:28:21.301+0000] {logging_mixin.py:154} INFO - [2023-11-16T00:28:21.301+0000] {dag.py:3722} INFO - Setting next_dagrun for latest_only to 2023-11-15T20:28:21.301500+00:00, run_after=2023-11-16T00:28:21.301500+00:00
[2023-11-16T00:28:21.315+0000] {processor.py:179} INFO - Processing /home/airflow/.local/lib/python3.8/site-packages/airflow/example_dags/example_latest_only.py took 0.051 seconds
[2023-11-16T00:28:51.367+0000] {processor.py:157} INFO - Started process (PID=2357) to work on /home/airflow/.local/lib/python3.8/site-packages/airflow/example_dags/example_latest_only.py
[2023-11-16T00:28:51.368+0000] {processor.py:829} INFO - Processing file /home/airflow/.local/lib/python3.8/site-packages/airflow/example_dags/example_latest_only.py for tasks to queue
[2023-11-16T00:28:51.370+0000] {logging_mixin.py:154} INFO - [2023-11-16T00:28:51.370+0000] {dagbag.py:536} INFO - Filling up the DagBag from /home/airflow/.local/lib/python3.8/site-packages/airflow/example_dags/example_latest_only.py
[2023-11-16T00:28:51.373+0000] {processor.py:839} INFO - DAG(s) dict_keys(['latest_only']) retrieved from /home/airflow/.local/lib/python3.8/site-packages/airflow/example_dags/example_latest_only.py
[2023-11-16T00:28:51.386+0000] {logging_mixin.py:154} INFO - [2023-11-16T00:28:51.386+0000] {dag.py:2941} INFO - Sync 1 DAGs
[2023-11-16T00:28:51.400+0000] {logging_mixin.py:154} INFO - [2023-11-16T00:28:51.399+0000] {dag.py:3722} INFO - Setting next_dagrun for latest_only to 2023-11-15T20:28:51.399753+00:00, run_after=2023-11-16T00:28:51.399753+00:00
[2023-11-16T00:28:51.411+0000] {processor.py:179} INFO - Processing /home/airflow/.local/lib/python3.8/site-packages/airflow/example_dags/example_latest_only.py took 0.046 seconds
[2023-11-16T00:29:21.679+0000] {processor.py:157} INFO - Started process (PID=2414) to work on /home/airflow/.local/lib/python3.8/site-packages/airflow/example_dags/example_latest_only.py
[2023-11-16T00:29:21.680+0000] {processor.py:829} INFO - Processing file /home/airflow/.local/lib/python3.8/site-packages/airflow/example_dags/example_latest_only.py for tasks to queue
[2023-11-16T00:29:21.682+0000] {logging_mixin.py:154} INFO - [2023-11-16T00:29:21.682+0000] {dagbag.py:536} INFO - Filling up the DagBag from /home/airflow/.local/lib/python3.8/site-packages/airflow/example_dags/example_latest_only.py
[2023-11-16T00:29:21.685+0000] {processor.py:839} INFO - DAG(s) dict_keys(['latest_only']) retrieved from /home/airflow/.local/lib/python3.8/site-packages/airflow/example_dags/example_latest_only.py
[2023-11-16T00:29:21.699+0000] {logging_mixin.py:154} INFO - [2023-11-16T00:29:21.699+0000] {dag.py:2941} INFO - Sync 1 DAGs
[2023-11-16T00:29:21.715+0000] {logging_mixin.py:154} INFO - [2023-11-16T00:29:21.715+0000] {dag.py:3722} INFO - Setting next_dagrun for latest_only to 2023-11-15T20:29:21.715117+00:00, run_after=2023-11-16T00:29:21.715117+00:00
[2023-11-16T00:29:21.728+0000] {processor.py:179} INFO - Processing /home/airflow/.local/lib/python3.8/site-packages/airflow/example_dags/example_latest_only.py took 0.051 seconds
[2023-11-16T00:29:51.902+0000] {processor.py:157} INFO - Started process (PID=2471) to work on /home/airflow/.local/lib/python3.8/site-packages/airflow/example_dags/example_latest_only.py
[2023-11-16T00:29:51.903+0000] {processor.py:829} INFO - Processing file /home/airflow/.local/lib/python3.8/site-packages/airflow/example_dags/example_latest_only.py for tasks to queue
[2023-11-16T00:29:51.904+0000] {logging_mixin.py:154} INFO - [2023-11-16T00:29:51.904+0000] {dagbag.py:536} INFO - Filling up the DagBag from /home/airflow/.local/lib/python3.8/site-packages/airflow/example_dags/example_latest_only.py
[2023-11-16T00:29:51.908+0000] {processor.py:839} INFO - DAG(s) dict_keys(['latest_only']) retrieved from /home/airflow/.local/lib/python3.8/site-packages/airflow/example_dags/example_latest_only.py
[2023-11-16T00:29:51.921+0000] {logging_mixin.py:154} INFO - [2023-11-16T00:29:51.921+0000] {dag.py:2941} INFO - Sync 1 DAGs
[2023-11-16T00:29:51.937+0000] {logging_mixin.py:154} INFO - [2023-11-16T00:29:51.937+0000] {dag.py:3722} INFO - Setting next_dagrun for latest_only to 2023-11-15T20:29:51.937491+00:00, run_after=2023-11-16T00:29:51.937491+00:00
[2023-11-16T00:29:51.949+0000] {processor.py:179} INFO - Processing /home/airflow/.local/lib/python3.8/site-packages/airflow/example_dags/example_latest_only.py took 0.050 seconds
[2023-11-16T00:30:22.064+0000] {processor.py:157} INFO - Started process (PID=2529) to work on /home/airflow/.local/lib/python3.8/site-packages/airflow/example_dags/example_latest_only.py
[2023-11-16T00:30:22.065+0000] {processor.py:829} INFO - Processing file /home/airflow/.local/lib/python3.8/site-packages/airflow/example_dags/example_latest_only.py for tasks to queue
[2023-11-16T00:30:22.067+0000] {logging_mixin.py:154} INFO - [2023-11-16T00:30:22.067+0000] {dagbag.py:536} INFO - Filling up the DagBag from /home/airflow/.local/lib/python3.8/site-packages/airflow/example_dags/example_latest_only.py
[2023-11-16T00:30:22.070+0000] {processor.py:839} INFO - DAG(s) dict_keys(['latest_only']) retrieved from /home/airflow/.local/lib/python3.8/site-packages/airflow/example_dags/example_latest_only.py
[2023-11-16T00:30:22.084+0000] {logging_mixin.py:154} INFO - [2023-11-16T00:30:22.083+0000] {dag.py:2941} INFO - Sync 1 DAGs
[2023-11-16T00:30:22.098+0000] {logging_mixin.py:154} INFO - [2023-11-16T00:30:22.097+0000] {dag.py:3722} INFO - Setting next_dagrun for latest_only to 2023-11-15T20:30:22.097807+00:00, run_after=2023-11-16T00:30:22.097807+00:00
[2023-11-16T00:30:22.109+0000] {processor.py:179} INFO - Processing /home/airflow/.local/lib/python3.8/site-packages/airflow/example_dags/example_latest_only.py took 0.047 seconds
[2023-11-16T00:30:52.264+0000] {processor.py:157} INFO - Started process (PID=2587) to work on /home/airflow/.local/lib/python3.8/site-packages/airflow/example_dags/example_latest_only.py
[2023-11-16T00:30:52.265+0000] {processor.py:829} INFO - Processing file /home/airflow/.local/lib/python3.8/site-packages/airflow/example_dags/example_latest_only.py for tasks to queue
[2023-11-16T00:30:52.266+0000] {logging_mixin.py:154} INFO - [2023-11-16T00:30:52.266+0000] {dagbag.py:536} INFO - Filling up the DagBag from /home/airflow/.local/lib/python3.8/site-packages/airflow/example_dags/example_latest_only.py
[2023-11-16T00:30:52.270+0000] {processor.py:839} INFO - DAG(s) dict_keys(['latest_only']) retrieved from /home/airflow/.local/lib/python3.8/site-packages/airflow/example_dags/example_latest_only.py
[2023-11-16T00:30:52.284+0000] {logging_mixin.py:154} INFO - [2023-11-16T00:30:52.283+0000] {dag.py:2941} INFO - Sync 1 DAGs
[2023-11-16T00:30:52.298+0000] {logging_mixin.py:154} INFO - [2023-11-16T00:30:52.298+0000] {dag.py:3722} INFO - Setting next_dagrun for latest_only to 2023-11-15T20:30:52.298176+00:00, run_after=2023-11-16T00:30:52.298176+00:00
[2023-11-16T00:30:52.309+0000] {processor.py:179} INFO - Processing /home/airflow/.local/lib/python3.8/site-packages/airflow/example_dags/example_latest_only.py took 0.048 seconds
[2023-11-16T00:31:23.236+0000] {processor.py:157} INFO - Started process (PID=2644) to work on /home/airflow/.local/lib/python3.8/site-packages/airflow/example_dags/example_latest_only.py
[2023-11-16T00:31:23.237+0000] {processor.py:829} INFO - Processing file /home/airflow/.local/lib/python3.8/site-packages/airflow/example_dags/example_latest_only.py for tasks to queue
[2023-11-16T00:31:23.239+0000] {logging_mixin.py:154} INFO - [2023-11-16T00:31:23.239+0000] {dagbag.py:536} INFO - Filling up the DagBag from /home/airflow/.local/lib/python3.8/site-packages/airflow/example_dags/example_latest_only.py
[2023-11-16T00:31:23.243+0000] {processor.py:839} INFO - DAG(s) dict_keys(['latest_only']) retrieved from /home/airflow/.local/lib/python3.8/site-packages/airflow/example_dags/example_latest_only.py
[2023-11-16T00:31:23.258+0000] {logging_mixin.py:154} INFO - [2023-11-16T00:31:23.257+0000] {dag.py:2941} INFO - Sync 1 DAGs
[2023-11-16T00:31:23.274+0000] {logging_mixin.py:154} INFO - [2023-11-16T00:31:23.274+0000] {dag.py:3722} INFO - Setting next_dagrun for latest_only to 2023-11-15T20:31:23.274312+00:00, run_after=2023-11-16T00:31:23.274312+00:00
[2023-11-16T00:31:23.288+0000] {processor.py:179} INFO - Processing /home/airflow/.local/lib/python3.8/site-packages/airflow/example_dags/example_latest_only.py took 0.054 seconds
[2023-11-16T00:31:53.507+0000] {processor.py:157} INFO - Started process (PID=2701) to work on /home/airflow/.local/lib/python3.8/site-packages/airflow/example_dags/example_latest_only.py
[2023-11-16T00:31:53.508+0000] {processor.py:829} INFO - Processing file /home/airflow/.local/lib/python3.8/site-packages/airflow/example_dags/example_latest_only.py for tasks to queue
[2023-11-16T00:31:53.510+0000] {logging_mixin.py:154} INFO - [2023-11-16T00:31:53.510+0000] {dagbag.py:536} INFO - Filling up the DagBag from /home/airflow/.local/lib/python3.8/site-packages/airflow/example_dags/example_latest_only.py
[2023-11-16T00:31:53.513+0000] {processor.py:839} INFO - DAG(s) dict_keys(['latest_only']) retrieved from /home/airflow/.local/lib/python3.8/site-packages/airflow/example_dags/example_latest_only.py
[2023-11-16T00:31:53.526+0000] {logging_mixin.py:154} INFO - [2023-11-16T00:31:53.526+0000] {dag.py:2941} INFO - Sync 1 DAGs
[2023-11-16T00:31:53.540+0000] {logging_mixin.py:154} INFO - [2023-11-16T00:31:53.540+0000] {dag.py:3722} INFO - Setting next_dagrun for latest_only to 2023-11-15T20:31:53.540280+00:00, run_after=2023-11-16T00:31:53.540280+00:00
[2023-11-16T00:31:53.552+0000] {processor.py:179} INFO - Processing /home/airflow/.local/lib/python3.8/site-packages/airflow/example_dags/example_latest_only.py took 0.047 seconds
[2023-11-16T00:32:23.758+0000] {processor.py:157} INFO - Started process (PID=2758) to work on /home/airflow/.local/lib/python3.8/site-packages/airflow/example_dags/example_latest_only.py
[2023-11-16T00:32:23.759+0000] {processor.py:829} INFO - Processing file /home/airflow/.local/lib/python3.8/site-packages/airflow/example_dags/example_latest_only.py for tasks to queue
[2023-11-16T00:32:23.761+0000] {logging_mixin.py:154} INFO - [2023-11-16T00:32:23.761+0000] {dagbag.py:536} INFO - Filling up the DagBag from /home/airflow/.local/lib/python3.8/site-packages/airflow/example_dags/example_latest_only.py
[2023-11-16T00:32:23.764+0000] {processor.py:839} INFO - DAG(s) dict_keys(['latest_only']) retrieved from /home/airflow/.local/lib/python3.8/site-packages/airflow/example_dags/example_latest_only.py
[2023-11-16T00:32:23.778+0000] {logging_mixin.py:154} INFO - [2023-11-16T00:32:23.777+0000] {dag.py:2941} INFO - Sync 1 DAGs
[2023-11-16T00:32:23.791+0000] {logging_mixin.py:154} INFO - [2023-11-16T00:32:23.791+0000] {dag.py:3722} INFO - Setting next_dagrun for latest_only to 2023-11-15T20:32:23.791076+00:00, run_after=2023-11-16T00:32:23.791076+00:00
[2023-11-16T00:32:23.804+0000] {processor.py:179} INFO - Processing /home/airflow/.local/lib/python3.8/site-packages/airflow/example_dags/example_latest_only.py took 0.048 seconds
[2023-11-16T00:32:53.852+0000] {processor.py:157} INFO - Started process (PID=2813) to work on /home/airflow/.local/lib/python3.8/site-packages/airflow/example_dags/example_latest_only.py
[2023-11-16T00:32:53.853+0000] {processor.py:829} INFO - Processing file /home/airflow/.local/lib/python3.8/site-packages/airflow/example_dags/example_latest_only.py for tasks to queue
[2023-11-16T00:32:53.855+0000] {logging_mixin.py:154} INFO - [2023-11-16T00:32:53.855+0000] {dagbag.py:536} INFO - Filling up the DagBag from /home/airflow/.local/lib/python3.8/site-packages/airflow/example_dags/example_latest_only.py
[2023-11-16T00:32:53.859+0000] {processor.py:839} INFO - DAG(s) dict_keys(['latest_only']) retrieved from /home/airflow/.local/lib/python3.8/site-packages/airflow/example_dags/example_latest_only.py
[2023-11-16T00:32:53.872+0000] {logging_mixin.py:154} INFO - [2023-11-16T00:32:53.872+0000] {dag.py:2941} INFO - Sync 1 DAGs
[2023-11-16T00:32:53.886+0000] {logging_mixin.py:154} INFO - [2023-11-16T00:32:53.886+0000] {dag.py:3722} INFO - Setting next_dagrun for latest_only to 2023-11-15T20:32:53.886551+00:00, run_after=2023-11-16T00:32:53.886551+00:00
[2023-11-16T00:32:53.903+0000] {processor.py:179} INFO - Processing /home/airflow/.local/lib/python3.8/site-packages/airflow/example_dags/example_latest_only.py took 0.053 seconds
[2023-11-16T00:33:24.094+0000] {processor.py:157} INFO - Started process (PID=2871) to work on /home/airflow/.local/lib/python3.8/site-packages/airflow/example_dags/example_latest_only.py
[2023-11-16T00:33:24.095+0000] {processor.py:829} INFO - Processing file /home/airflow/.local/lib/python3.8/site-packages/airflow/example_dags/example_latest_only.py for tasks to queue
[2023-11-16T00:33:24.097+0000] {logging_mixin.py:154} INFO - [2023-11-16T00:33:24.097+0000] {dagbag.py:536} INFO - Filling up the DagBag from /home/airflow/.local/lib/python3.8/site-packages/airflow/example_dags/example_latest_only.py
[2023-11-16T00:33:24.100+0000] {processor.py:839} INFO - DAG(s) dict_keys(['latest_only']) retrieved from /home/airflow/.local/lib/python3.8/site-packages/airflow/example_dags/example_latest_only.py
[2023-11-16T00:33:24.115+0000] {logging_mixin.py:154} INFO - [2023-11-16T00:33:24.115+0000] {dag.py:2941} INFO - Sync 1 DAGs
[2023-11-16T00:33:24.131+0000] {logging_mixin.py:154} INFO - [2023-11-16T00:33:24.131+0000] {dag.py:3722} INFO - Setting next_dagrun for latest_only to 2023-11-15T20:33:24.130843+00:00, run_after=2023-11-16T00:33:24.130843+00:00
[2023-11-16T00:33:24.144+0000] {processor.py:179} INFO - Processing /home/airflow/.local/lib/python3.8/site-packages/airflow/example_dags/example_latest_only.py took 0.053 seconds
[2023-11-16T00:33:54.348+0000] {processor.py:157} INFO - Started process (PID=2928) to work on /home/airflow/.local/lib/python3.8/site-packages/airflow/example_dags/example_latest_only.py
[2023-11-16T00:33:54.349+0000] {processor.py:829} INFO - Processing file /home/airflow/.local/lib/python3.8/site-packages/airflow/example_dags/example_latest_only.py for tasks to queue
[2023-11-16T00:33:54.351+0000] {logging_mixin.py:154} INFO - [2023-11-16T00:33:54.351+0000] {dagbag.py:536} INFO - Filling up the DagBag from /home/airflow/.local/lib/python3.8/site-packages/airflow/example_dags/example_latest_only.py
[2023-11-16T00:33:54.355+0000] {processor.py:839} INFO - DAG(s) dict_keys(['latest_only']) retrieved from /home/airflow/.local/lib/python3.8/site-packages/airflow/example_dags/example_latest_only.py
[2023-11-16T00:33:54.370+0000] {logging_mixin.py:154} INFO - [2023-11-16T00:33:54.370+0000] {dag.py:2941} INFO - Sync 1 DAGs
[2023-11-16T00:33:54.385+0000] {logging_mixin.py:154} INFO - [2023-11-16T00:33:54.385+0000] {dag.py:3722} INFO - Setting next_dagrun for latest_only to 2023-11-15T20:33:54.385423+00:00, run_after=2023-11-16T00:33:54.385423+00:00
[2023-11-16T00:33:54.403+0000] {processor.py:179} INFO - Processing /home/airflow/.local/lib/python3.8/site-packages/airflow/example_dags/example_latest_only.py took 0.057 seconds
[2023-11-16T00:34:24.634+0000] {processor.py:157} INFO - Started process (PID=2992) to work on /home/airflow/.local/lib/python3.8/site-packages/airflow/example_dags/example_latest_only.py
[2023-11-16T00:34:24.635+0000] {processor.py:829} INFO - Processing file /home/airflow/.local/lib/python3.8/site-packages/airflow/example_dags/example_latest_only.py for tasks to queue
[2023-11-16T00:34:24.637+0000] {logging_mixin.py:154} INFO - [2023-11-16T00:34:24.637+0000] {dagbag.py:536} INFO - Filling up the DagBag from /home/airflow/.local/lib/python3.8/site-packages/airflow/example_dags/example_latest_only.py
[2023-11-16T00:34:24.640+0000] {processor.py:839} INFO - DAG(s) dict_keys(['latest_only']) retrieved from /home/airflow/.local/lib/python3.8/site-packages/airflow/example_dags/example_latest_only.py
[2023-11-16T00:34:24.654+0000] {logging_mixin.py:154} INFO - [2023-11-16T00:34:24.654+0000] {dag.py:2941} INFO - Sync 1 DAGs
[2023-11-16T00:34:24.669+0000] {logging_mixin.py:154} INFO - [2023-11-16T00:34:24.669+0000] {dag.py:3722} INFO - Setting next_dagrun for latest_only to 2023-11-15T20:34:24.668973+00:00, run_after=2023-11-16T00:34:24.668973+00:00
[2023-11-16T00:34:24.682+0000] {processor.py:179} INFO - Processing /home/airflow/.local/lib/python3.8/site-packages/airflow/example_dags/example_latest_only.py took 0.050 seconds
[2023-11-16T00:34:54.926+0000] {processor.py:157} INFO - Started process (PID=3049) to work on /home/airflow/.local/lib/python3.8/site-packages/airflow/example_dags/example_latest_only.py
[2023-11-16T00:34:54.926+0000] {processor.py:829} INFO - Processing file /home/airflow/.local/lib/python3.8/site-packages/airflow/example_dags/example_latest_only.py for tasks to queue
[2023-11-16T00:34:54.928+0000] {logging_mixin.py:154} INFO - [2023-11-16T00:34:54.928+0000] {dagbag.py:536} INFO - Filling up the DagBag from /home/airflow/.local/lib/python3.8/site-packages/airflow/example_dags/example_latest_only.py
[2023-11-16T00:34:54.931+0000] {processor.py:839} INFO - DAG(s) dict_keys(['latest_only']) retrieved from /home/airflow/.local/lib/python3.8/site-packages/airflow/example_dags/example_latest_only.py
[2023-11-16T00:34:54.945+0000] {logging_mixin.py:154} INFO - [2023-11-16T00:34:54.944+0000] {dag.py:2941} INFO - Sync 1 DAGs
[2023-11-16T00:34:54.959+0000] {logging_mixin.py:154} INFO - [2023-11-16T00:34:54.959+0000] {dag.py:3722} INFO - Setting next_dagrun for latest_only to 2023-11-15T20:34:54.959594+00:00, run_after=2023-11-16T00:34:54.959594+00:00
[2023-11-16T00:34:54.973+0000] {processor.py:179} INFO - Processing /home/airflow/.local/lib/python3.8/site-packages/airflow/example_dags/example_latest_only.py took 0.050 seconds
[2023-11-16T00:35:26.043+0000] {processor.py:157} INFO - Started process (PID=3106) to work on /home/airflow/.local/lib/python3.8/site-packages/airflow/example_dags/example_latest_only.py
[2023-11-16T00:35:26.044+0000] {processor.py:829} INFO - Processing file /home/airflow/.local/lib/python3.8/site-packages/airflow/example_dags/example_latest_only.py for tasks to queue
[2023-11-16T00:35:26.046+0000] {logging_mixin.py:154} INFO - [2023-11-16T00:35:26.046+0000] {dagbag.py:536} INFO - Filling up the DagBag from /home/airflow/.local/lib/python3.8/site-packages/airflow/example_dags/example_latest_only.py
[2023-11-16T00:35:26.049+0000] {processor.py:839} INFO - DAG(s) dict_keys(['latest_only']) retrieved from /home/airflow/.local/lib/python3.8/site-packages/airflow/example_dags/example_latest_only.py
[2023-11-16T00:35:26.064+0000] {logging_mixin.py:154} INFO - [2023-11-16T00:35:26.064+0000] {dag.py:2941} INFO - Sync 1 DAGs
[2023-11-16T00:35:26.079+0000] {logging_mixin.py:154} INFO - [2023-11-16T00:35:26.078+0000] {dag.py:3722} INFO - Setting next_dagrun for latest_only to 2023-11-15T20:35:26.078806+00:00, run_after=2023-11-16T00:35:26.078806+00:00
[2023-11-16T00:35:26.091+0000] {processor.py:179} INFO - Processing /home/airflow/.local/lib/python3.8/site-packages/airflow/example_dags/example_latest_only.py took 0.050 seconds
[2023-11-16T00:35:56.332+0000] {processor.py:157} INFO - Started process (PID=3164) to work on /home/airflow/.local/lib/python3.8/site-packages/airflow/example_dags/example_latest_only.py
[2023-11-16T00:35:56.333+0000] {processor.py:829} INFO - Processing file /home/airflow/.local/lib/python3.8/site-packages/airflow/example_dags/example_latest_only.py for tasks to queue
[2023-11-16T00:35:56.335+0000] {logging_mixin.py:154} INFO - [2023-11-16T00:35:56.334+0000] {dagbag.py:536} INFO - Filling up the DagBag from /home/airflow/.local/lib/python3.8/site-packages/airflow/example_dags/example_latest_only.py
[2023-11-16T00:35:56.338+0000] {processor.py:839} INFO - DAG(s) dict_keys(['latest_only']) retrieved from /home/airflow/.local/lib/python3.8/site-packages/airflow/example_dags/example_latest_only.py
[2023-11-16T00:35:56.352+0000] {logging_mixin.py:154} INFO - [2023-11-16T00:35:56.352+0000] {dag.py:2941} INFO - Sync 1 DAGs
[2023-11-16T00:35:56.367+0000] {logging_mixin.py:154} INFO - [2023-11-16T00:35:56.367+0000] {dag.py:3722} INFO - Setting next_dagrun for latest_only to 2023-11-15T20:35:56.367209+00:00, run_after=2023-11-16T00:35:56.367209+00:00
[2023-11-16T00:35:56.381+0000] {processor.py:179} INFO - Processing /home/airflow/.local/lib/python3.8/site-packages/airflow/example_dags/example_latest_only.py took 0.051 seconds
[2023-11-16T00:36:26.421+0000] {processor.py:157} INFO - Started process (PID=3220) to work on /home/airflow/.local/lib/python3.8/site-packages/airflow/example_dags/example_latest_only.py
[2023-11-16T00:36:26.422+0000] {processor.py:829} INFO - Processing file /home/airflow/.local/lib/python3.8/site-packages/airflow/example_dags/example_latest_only.py for tasks to queue
[2023-11-16T00:36:26.424+0000] {logging_mixin.py:154} INFO - [2023-11-16T00:36:26.424+0000] {dagbag.py:536} INFO - Filling up the DagBag from /home/airflow/.local/lib/python3.8/site-packages/airflow/example_dags/example_latest_only.py
[2023-11-16T00:36:26.428+0000] {processor.py:839} INFO - DAG(s) dict_keys(['latest_only']) retrieved from /home/airflow/.local/lib/python3.8/site-packages/airflow/example_dags/example_latest_only.py
[2023-11-16T00:36:26.442+0000] {logging_mixin.py:154} INFO - [2023-11-16T00:36:26.441+0000] {dag.py:2941} INFO - Sync 1 DAGs
[2023-11-16T00:36:26.455+0000] {logging_mixin.py:154} INFO - [2023-11-16T00:36:26.455+0000] {dag.py:3722} INFO - Setting next_dagrun for latest_only to 2023-11-15T20:36:26.455657+00:00, run_after=2023-11-16T00:36:26.455657+00:00
[2023-11-16T00:36:26.468+0000] {processor.py:179} INFO - Processing /home/airflow/.local/lib/python3.8/site-packages/airflow/example_dags/example_latest_only.py took 0.049 seconds
[2023-11-16T00:36:56.613+0000] {processor.py:157} INFO - Started process (PID=3277) to work on /home/airflow/.local/lib/python3.8/site-packages/airflow/example_dags/example_latest_only.py
[2023-11-16T00:36:56.614+0000] {processor.py:829} INFO - Processing file /home/airflow/.local/lib/python3.8/site-packages/airflow/example_dags/example_latest_only.py for tasks to queue
[2023-11-16T00:36:56.616+0000] {logging_mixin.py:154} INFO - [2023-11-16T00:36:56.616+0000] {dagbag.py:536} INFO - Filling up the DagBag from /home/airflow/.local/lib/python3.8/site-packages/airflow/example_dags/example_latest_only.py
[2023-11-16T00:36:56.619+0000] {processor.py:839} INFO - DAG(s) dict_keys(['latest_only']) retrieved from /home/airflow/.local/lib/python3.8/site-packages/airflow/example_dags/example_latest_only.py
[2023-11-16T00:36:56.636+0000] {logging_mixin.py:154} INFO - [2023-11-16T00:36:56.635+0000] {dag.py:2941} INFO - Sync 1 DAGs
[2023-11-16T00:36:56.651+0000] {logging_mixin.py:154} INFO - [2023-11-16T00:36:56.651+0000] {dag.py:3722} INFO - Setting next_dagrun for latest_only to 2023-11-15T20:36:56.651094+00:00, run_after=2023-11-16T00:36:56.651094+00:00
[2023-11-16T00:36:56.665+0000] {processor.py:179} INFO - Processing /home/airflow/.local/lib/python3.8/site-packages/airflow/example_dags/example_latest_only.py took 0.055 seconds
[2023-11-16T00:37:26.896+0000] {processor.py:157} INFO - Started process (PID=3336) to work on /home/airflow/.local/lib/python3.8/site-packages/airflow/example_dags/example_latest_only.py
[2023-11-16T00:37:26.897+0000] {processor.py:829} INFO - Processing file /home/airflow/.local/lib/python3.8/site-packages/airflow/example_dags/example_latest_only.py for tasks to queue
[2023-11-16T00:37:26.899+0000] {logging_mixin.py:154} INFO - [2023-11-16T00:37:26.899+0000] {dagbag.py:536} INFO - Filling up the DagBag from /home/airflow/.local/lib/python3.8/site-packages/airflow/example_dags/example_latest_only.py
[2023-11-16T00:37:26.902+0000] {processor.py:839} INFO - DAG(s) dict_keys(['latest_only']) retrieved from /home/airflow/.local/lib/python3.8/site-packages/airflow/example_dags/example_latest_only.py
[2023-11-16T00:37:26.918+0000] {logging_mixin.py:154} INFO - [2023-11-16T00:37:26.918+0000] {dag.py:2941} INFO - Sync 1 DAGs
[2023-11-16T00:37:26.934+0000] {logging_mixin.py:154} INFO - [2023-11-16T00:37:26.934+0000] {dag.py:3722} INFO - Setting next_dagrun for latest_only to 2023-11-15T20:37:26.934115+00:00, run_after=2023-11-16T00:37:26.934115+00:00
[2023-11-16T00:37:26.946+0000] {processor.py:179} INFO - Processing /home/airflow/.local/lib/python3.8/site-packages/airflow/example_dags/example_latest_only.py took 0.052 seconds
[2023-11-16T00:37:57.042+0000] {processor.py:157} INFO - Started process (PID=3392) to work on /home/airflow/.local/lib/python3.8/site-packages/airflow/example_dags/example_latest_only.py
[2023-11-16T00:37:57.043+0000] {processor.py:829} INFO - Processing file /home/airflow/.local/lib/python3.8/site-packages/airflow/example_dags/example_latest_only.py for tasks to queue
[2023-11-16T00:37:57.045+0000] {logging_mixin.py:154} INFO - [2023-11-16T00:37:57.045+0000] {dagbag.py:536} INFO - Filling up the DagBag from /home/airflow/.local/lib/python3.8/site-packages/airflow/example_dags/example_latest_only.py
[2023-11-16T00:37:57.057+0000] {processor.py:839} INFO - DAG(s) dict_keys(['latest_only']) retrieved from /home/airflow/.local/lib/python3.8/site-packages/airflow/example_dags/example_latest_only.py
[2023-11-16T00:37:57.073+0000] {logging_mixin.py:154} INFO - [2023-11-16T00:37:57.072+0000] {dag.py:2941} INFO - Sync 1 DAGs
[2023-11-16T00:37:57.089+0000] {logging_mixin.py:154} INFO - [2023-11-16T00:37:57.089+0000] {dag.py:3722} INFO - Setting next_dagrun for latest_only to 2023-11-15T20:37:57.088950+00:00, run_after=2023-11-16T00:37:57.088950+00:00
[2023-11-16T00:37:57.101+0000] {processor.py:179} INFO - Processing /home/airflow/.local/lib/python3.8/site-packages/airflow/example_dags/example_latest_only.py took 0.061 seconds
[2023-11-16T00:38:27.403+0000] {processor.py:157} INFO - Started process (PID=3450) to work on /home/airflow/.local/lib/python3.8/site-packages/airflow/example_dags/example_latest_only.py
[2023-11-16T00:38:27.404+0000] {processor.py:829} INFO - Processing file /home/airflow/.local/lib/python3.8/site-packages/airflow/example_dags/example_latest_only.py for tasks to queue
[2023-11-16T00:38:27.406+0000] {logging_mixin.py:154} INFO - [2023-11-16T00:38:27.405+0000] {dagbag.py:536} INFO - Filling up the DagBag from /home/airflow/.local/lib/python3.8/site-packages/airflow/example_dags/example_latest_only.py
[2023-11-16T00:38:27.409+0000] {processor.py:839} INFO - DAG(s) dict_keys(['latest_only']) retrieved from /home/airflow/.local/lib/python3.8/site-packages/airflow/example_dags/example_latest_only.py
[2023-11-16T00:38:27.423+0000] {logging_mixin.py:154} INFO - [2023-11-16T00:38:27.423+0000] {dag.py:2941} INFO - Sync 1 DAGs
[2023-11-16T00:38:27.439+0000] {logging_mixin.py:154} INFO - [2023-11-16T00:38:27.439+0000] {dag.py:3722} INFO - Setting next_dagrun for latest_only to 2023-11-15T20:38:27.439034+00:00, run_after=2023-11-16T00:38:27.439034+00:00
[2023-11-16T00:38:27.455+0000] {processor.py:179} INFO - Processing /home/airflow/.local/lib/python3.8/site-packages/airflow/example_dags/example_latest_only.py took 0.055 seconds
[2023-11-16T00:38:57.678+0000] {processor.py:157} INFO - Started process (PID=3508) to work on /home/airflow/.local/lib/python3.8/site-packages/airflow/example_dags/example_latest_only.py
[2023-11-16T00:38:57.679+0000] {processor.py:829} INFO - Processing file /home/airflow/.local/lib/python3.8/site-packages/airflow/example_dags/example_latest_only.py for tasks to queue
[2023-11-16T00:38:57.681+0000] {logging_mixin.py:154} INFO - [2023-11-16T00:38:57.681+0000] {dagbag.py:536} INFO - Filling up the DagBag from /home/airflow/.local/lib/python3.8/site-packages/airflow/example_dags/example_latest_only.py
[2023-11-16T00:38:57.685+0000] {processor.py:839} INFO - DAG(s) dict_keys(['latest_only']) retrieved from /home/airflow/.local/lib/python3.8/site-packages/airflow/example_dags/example_latest_only.py
[2023-11-16T00:38:57.699+0000] {logging_mixin.py:154} INFO - [2023-11-16T00:38:57.699+0000] {dag.py:2941} INFO - Sync 1 DAGs
[2023-11-16T00:38:57.713+0000] {logging_mixin.py:154} INFO - [2023-11-16T00:38:57.713+0000] {dag.py:3722} INFO - Setting next_dagrun for latest_only to 2023-11-15T20:38:57.713226+00:00, run_after=2023-11-16T00:38:57.713226+00:00
[2023-11-16T00:38:57.726+0000] {processor.py:179} INFO - Processing /home/airflow/.local/lib/python3.8/site-packages/airflow/example_dags/example_latest_only.py took 0.050 seconds
[2023-11-16T00:39:27.995+0000] {processor.py:157} INFO - Started process (PID=3565) to work on /home/airflow/.local/lib/python3.8/site-packages/airflow/example_dags/example_latest_only.py
[2023-11-16T00:39:27.996+0000] {processor.py:829} INFO - Processing file /home/airflow/.local/lib/python3.8/site-packages/airflow/example_dags/example_latest_only.py for tasks to queue
[2023-11-16T00:39:27.998+0000] {logging_mixin.py:154} INFO - [2023-11-16T00:39:27.998+0000] {dagbag.py:536} INFO - Filling up the DagBag from /home/airflow/.local/lib/python3.8/site-packages/airflow/example_dags/example_latest_only.py
[2023-11-16T00:39:28.003+0000] {processor.py:839} INFO - DAG(s) dict_keys(['latest_only']) retrieved from /home/airflow/.local/lib/python3.8/site-packages/airflow/example_dags/example_latest_only.py
[2023-11-16T00:39:28.017+0000] {logging_mixin.py:154} INFO - [2023-11-16T00:39:28.017+0000] {dag.py:2941} INFO - Sync 1 DAGs
[2023-11-16T00:39:28.031+0000] {logging_mixin.py:154} INFO - [2023-11-16T00:39:28.031+0000] {dag.py:3722} INFO - Setting next_dagrun for latest_only to 2023-11-15T20:39:28.030879+00:00, run_after=2023-11-16T00:39:28.030879+00:00
[2023-11-16T00:39:28.043+0000] {processor.py:179} INFO - Processing /home/airflow/.local/lib/python3.8/site-packages/airflow/example_dags/example_latest_only.py took 0.050 seconds
[2023-11-16T00:39:58.133+0000] {processor.py:157} INFO - Started process (PID=3622) to work on /home/airflow/.local/lib/python3.8/site-packages/airflow/example_dags/example_latest_only.py
[2023-11-16T00:39:58.134+0000] {processor.py:829} INFO - Processing file /home/airflow/.local/lib/python3.8/site-packages/airflow/example_dags/example_latest_only.py for tasks to queue
[2023-11-16T00:39:58.136+0000] {logging_mixin.py:154} INFO - [2023-11-16T00:39:58.136+0000] {dagbag.py:536} INFO - Filling up the DagBag from /home/airflow/.local/lib/python3.8/site-packages/airflow/example_dags/example_latest_only.py
[2023-11-16T00:39:58.140+0000] {processor.py:839} INFO - DAG(s) dict_keys(['latest_only']) retrieved from /home/airflow/.local/lib/python3.8/site-packages/airflow/example_dags/example_latest_only.py
[2023-11-16T00:39:58.152+0000] {logging_mixin.py:154} INFO - [2023-11-16T00:39:58.152+0000] {dag.py:2941} INFO - Sync 1 DAGs
[2023-11-16T00:39:58.167+0000] {logging_mixin.py:154} INFO - [2023-11-16T00:39:58.167+0000] {dag.py:3722} INFO - Setting next_dagrun for latest_only to 2023-11-15T20:39:58.167492+00:00, run_after=2023-11-16T00:39:58.167492+00:00
[2023-11-16T00:39:58.183+0000] {processor.py:179} INFO - Processing /home/airflow/.local/lib/python3.8/site-packages/airflow/example_dags/example_latest_only.py took 0.052 seconds
[2023-11-16T00:40:28.332+0000] {processor.py:157} INFO - Started process (PID=3680) to work on /home/airflow/.local/lib/python3.8/site-packages/airflow/example_dags/example_latest_only.py
[2023-11-16T00:40:28.333+0000] {processor.py:829} INFO - Processing file /home/airflow/.local/lib/python3.8/site-packages/airflow/example_dags/example_latest_only.py for tasks to queue
[2023-11-16T00:40:28.335+0000] {logging_mixin.py:154} INFO - [2023-11-16T00:40:28.334+0000] {dagbag.py:536} INFO - Filling up the DagBag from /home/airflow/.local/lib/python3.8/site-packages/airflow/example_dags/example_latest_only.py
[2023-11-16T00:40:28.338+0000] {processor.py:839} INFO - DAG(s) dict_keys(['latest_only']) retrieved from /home/airflow/.local/lib/python3.8/site-packages/airflow/example_dags/example_latest_only.py
[2023-11-16T00:40:28.351+0000] {logging_mixin.py:154} INFO - [2023-11-16T00:40:28.351+0000] {dag.py:2941} INFO - Sync 1 DAGs
[2023-11-16T00:40:28.365+0000] {logging_mixin.py:154} INFO - [2023-11-16T00:40:28.365+0000] {dag.py:3722} INFO - Setting next_dagrun for latest_only to 2023-11-15T20:40:28.365089+00:00, run_after=2023-11-16T00:40:28.365089+00:00
[2023-11-16T00:40:28.377+0000] {processor.py:179} INFO - Processing /home/airflow/.local/lib/python3.8/site-packages/airflow/example_dags/example_latest_only.py took 0.047 seconds
[2023-11-16T00:40:58.459+0000] {processor.py:157} INFO - Started process (PID=3736) to work on /home/airflow/.local/lib/python3.8/site-packages/airflow/example_dags/example_latest_only.py
[2023-11-16T00:40:58.460+0000] {processor.py:829} INFO - Processing file /home/airflow/.local/lib/python3.8/site-packages/airflow/example_dags/example_latest_only.py for tasks to queue
[2023-11-16T00:40:58.462+0000] {logging_mixin.py:154} INFO - [2023-11-16T00:40:58.462+0000] {dagbag.py:536} INFO - Filling up the DagBag from /home/airflow/.local/lib/python3.8/site-packages/airflow/example_dags/example_latest_only.py
[2023-11-16T00:40:58.466+0000] {processor.py:839} INFO - DAG(s) dict_keys(['latest_only']) retrieved from /home/airflow/.local/lib/python3.8/site-packages/airflow/example_dags/example_latest_only.py
[2023-11-16T00:40:58.480+0000] {logging_mixin.py:154} INFO - [2023-11-16T00:40:58.479+0000] {dag.py:2941} INFO - Sync 1 DAGs
[2023-11-16T00:40:58.493+0000] {logging_mixin.py:154} INFO - [2023-11-16T00:40:58.493+0000] {dag.py:3722} INFO - Setting next_dagrun for latest_only to 2023-11-15T20:40:58.493406+00:00, run_after=2023-11-16T00:40:58.493406+00:00
[2023-11-16T00:40:58.506+0000] {processor.py:179} INFO - Processing /home/airflow/.local/lib/python3.8/site-packages/airflow/example_dags/example_latest_only.py took 0.049 seconds
[2023-11-16T00:41:28.594+0000] {processor.py:157} INFO - Started process (PID=3793) to work on /home/airflow/.local/lib/python3.8/site-packages/airflow/example_dags/example_latest_only.py
[2023-11-16T00:41:28.595+0000] {processor.py:829} INFO - Processing file /home/airflow/.local/lib/python3.8/site-packages/airflow/example_dags/example_latest_only.py for tasks to queue
[2023-11-16T00:41:28.597+0000] {logging_mixin.py:154} INFO - [2023-11-16T00:41:28.597+0000] {dagbag.py:536} INFO - Filling up the DagBag from /home/airflow/.local/lib/python3.8/site-packages/airflow/example_dags/example_latest_only.py
[2023-11-16T00:41:28.602+0000] {processor.py:839} INFO - DAG(s) dict_keys(['latest_only']) retrieved from /home/airflow/.local/lib/python3.8/site-packages/airflow/example_dags/example_latest_only.py
[2023-11-16T00:41:28.620+0000] {logging_mixin.py:154} INFO - [2023-11-16T00:41:28.619+0000] {dag.py:2941} INFO - Sync 1 DAGs
[2023-11-16T00:41:28.634+0000] {logging_mixin.py:154} INFO - [2023-11-16T00:41:28.634+0000] {dag.py:3722} INFO - Setting next_dagrun for latest_only to 2023-11-15T20:41:28.634547+00:00, run_after=2023-11-16T00:41:28.634547+00:00
[2023-11-16T00:41:28.647+0000] {processor.py:179} INFO - Processing /home/airflow/.local/lib/python3.8/site-packages/airflow/example_dags/example_latest_only.py took 0.055 seconds
[2023-11-16T00:41:58.810+0000] {processor.py:157} INFO - Started process (PID=3850) to work on /home/airflow/.local/lib/python3.8/site-packages/airflow/example_dags/example_latest_only.py
[2023-11-16T00:41:58.811+0000] {processor.py:829} INFO - Processing file /home/airflow/.local/lib/python3.8/site-packages/airflow/example_dags/example_latest_only.py for tasks to queue
[2023-11-16T00:41:58.813+0000] {logging_mixin.py:154} INFO - [2023-11-16T00:41:58.813+0000] {dagbag.py:536} INFO - Filling up the DagBag from /home/airflow/.local/lib/python3.8/site-packages/airflow/example_dags/example_latest_only.py
[2023-11-16T00:41:58.817+0000] {processor.py:839} INFO - DAG(s) dict_keys(['latest_only']) retrieved from /home/airflow/.local/lib/python3.8/site-packages/airflow/example_dags/example_latest_only.py
[2023-11-16T00:41:58.833+0000] {logging_mixin.py:154} INFO - [2023-11-16T00:41:58.833+0000] {dag.py:2941} INFO - Sync 1 DAGs
[2023-11-16T00:41:58.847+0000] {logging_mixin.py:154} INFO - [2023-11-16T00:41:58.846+0000] {dag.py:3722} INFO - Setting next_dagrun for latest_only to 2023-11-15T20:41:58.846803+00:00, run_after=2023-11-16T00:41:58.846803+00:00
[2023-11-16T00:41:58.858+0000] {processor.py:179} INFO - Processing /home/airflow/.local/lib/python3.8/site-packages/airflow/example_dags/example_latest_only.py took 0.049 seconds
[2023-11-16T00:42:29.056+0000] {processor.py:157} INFO - Started process (PID=3907) to work on /home/airflow/.local/lib/python3.8/site-packages/airflow/example_dags/example_latest_only.py
[2023-11-16T00:42:29.057+0000] {processor.py:829} INFO - Processing file /home/airflow/.local/lib/python3.8/site-packages/airflow/example_dags/example_latest_only.py for tasks to queue
[2023-11-16T00:42:29.061+0000] {logging_mixin.py:154} INFO - [2023-11-16T00:42:29.060+0000] {dagbag.py:536} INFO - Filling up the DagBag from /home/airflow/.local/lib/python3.8/site-packages/airflow/example_dags/example_latest_only.py
[2023-11-16T00:42:29.065+0000] {processor.py:839} INFO - DAG(s) dict_keys(['latest_only']) retrieved from /home/airflow/.local/lib/python3.8/site-packages/airflow/example_dags/example_latest_only.py
[2023-11-16T00:42:29.082+0000] {logging_mixin.py:154} INFO - [2023-11-16T00:42:29.082+0000] {dag.py:2941} INFO - Sync 1 DAGs
[2023-11-16T00:42:29.099+0000] {logging_mixin.py:154} INFO - [2023-11-16T00:42:29.099+0000] {dag.py:3722} INFO - Setting next_dagrun for latest_only to 2023-11-15T20:42:29.099030+00:00, run_after=2023-11-16T00:42:29.099030+00:00
[2023-11-16T00:42:29.113+0000] {processor.py:179} INFO - Processing /home/airflow/.local/lib/python3.8/site-packages/airflow/example_dags/example_latest_only.py took 0.059 seconds
[2023-11-16T00:42:59.205+0000] {processor.py:157} INFO - Started process (PID=3964) to work on /home/airflow/.local/lib/python3.8/site-packages/airflow/example_dags/example_latest_only.py
[2023-11-16T00:42:59.205+0000] {processor.py:829} INFO - Processing file /home/airflow/.local/lib/python3.8/site-packages/airflow/example_dags/example_latest_only.py for tasks to queue
[2023-11-16T00:42:59.207+0000] {logging_mixin.py:154} INFO - [2023-11-16T00:42:59.207+0000] {dagbag.py:536} INFO - Filling up the DagBag from /home/airflow/.local/lib/python3.8/site-packages/airflow/example_dags/example_latest_only.py
[2023-11-16T00:42:59.211+0000] {processor.py:839} INFO - DAG(s) dict_keys(['latest_only']) retrieved from /home/airflow/.local/lib/python3.8/site-packages/airflow/example_dags/example_latest_only.py
[2023-11-16T00:42:59.226+0000] {logging_mixin.py:154} INFO - [2023-11-16T00:42:59.225+0000] {dag.py:2941} INFO - Sync 1 DAGs
[2023-11-16T00:42:59.242+0000] {logging_mixin.py:154} INFO - [2023-11-16T00:42:59.242+0000] {dag.py:3722} INFO - Setting next_dagrun for latest_only to 2023-11-15T20:42:59.241895+00:00, run_after=2023-11-16T00:42:59.241895+00:00
[2023-11-16T00:42:59.255+0000] {processor.py:179} INFO - Processing /home/airflow/.local/lib/python3.8/site-packages/airflow/example_dags/example_latest_only.py took 0.053 seconds
[2023-11-16T00:43:29.588+0000] {processor.py:157} INFO - Started process (PID=4022) to work on /home/airflow/.local/lib/python3.8/site-packages/airflow/example_dags/example_latest_only.py
[2023-11-16T00:43:29.589+0000] {processor.py:829} INFO - Processing file /home/airflow/.local/lib/python3.8/site-packages/airflow/example_dags/example_latest_only.py for tasks to queue
[2023-11-16T00:43:29.591+0000] {logging_mixin.py:154} INFO - [2023-11-16T00:43:29.591+0000] {dagbag.py:536} INFO - Filling up the DagBag from /home/airflow/.local/lib/python3.8/site-packages/airflow/example_dags/example_latest_only.py
[2023-11-16T00:43:29.595+0000] {processor.py:839} INFO - DAG(s) dict_keys(['latest_only']) retrieved from /home/airflow/.local/lib/python3.8/site-packages/airflow/example_dags/example_latest_only.py
[2023-11-16T00:43:29.611+0000] {logging_mixin.py:154} INFO - [2023-11-16T00:43:29.611+0000] {dag.py:2941} INFO - Sync 1 DAGs
[2023-11-16T00:43:29.626+0000] {logging_mixin.py:154} INFO - [2023-11-16T00:43:29.626+0000] {dag.py:3722} INFO - Setting next_dagrun for latest_only to 2023-11-15T20:43:29.626579+00:00, run_after=2023-11-16T00:43:29.626579+00:00
[2023-11-16T00:43:29.641+0000] {processor.py:179} INFO - Processing /home/airflow/.local/lib/python3.8/site-packages/airflow/example_dags/example_latest_only.py took 0.056 seconds
