[2023-11-16T00:06:22.662+0000] {processor.py:157} INFO - Started process (PID=57) to work on /home/airflow/.local/lib/python3.8/site-packages/airflow/example_dags/example_task_group.py
[2023-11-16T00:06:22.663+0000] {processor.py:829} INFO - Processing file /home/airflow/.local/lib/python3.8/site-packages/airflow/example_dags/example_task_group.py for tasks to queue
[2023-11-16T00:06:22.664+0000] {logging_mixin.py:154} INFO - [2023-11-16T00:06:22.664+0000] {dagbag.py:536} INFO - Filling up the DagBag from /home/airflow/.local/lib/python3.8/site-packages/airflow/example_dags/example_task_group.py
[2023-11-16T00:06:22.671+0000] {processor.py:839} INFO - DAG(s) dict_keys(['example_task_group']) retrieved from /home/airflow/.local/lib/python3.8/site-packages/airflow/example_dags/example_task_group.py
[2023-11-16T00:06:22.679+0000] {logging_mixin.py:154} INFO - [2023-11-16T00:06:22.678+0000] {dag.py:2941} INFO - Sync 1 DAGs
[2023-11-16T00:06:22.695+0000] {logging_mixin.py:154} INFO - [2023-11-16T00:06:22.695+0000] {dag.py:3722} INFO - Setting next_dagrun for example_task_group to 2023-11-15T00:06:22.695134+00:00, run_after=2023-11-16T00:06:22.695134+00:00
[2023-11-16T00:06:22.709+0000] {processor.py:179} INFO - Processing /home/airflow/.local/lib/python3.8/site-packages/airflow/example_dags/example_task_group.py took 0.049 seconds
[2023-11-16T00:08:29.261+0000] {processor.py:157} INFO - Started process (PID=60) to work on /home/airflow/.local/lib/python3.8/site-packages/airflow/example_dags/example_task_group.py
[2023-11-16T00:08:29.263+0000] {processor.py:829} INFO - Processing file /home/airflow/.local/lib/python3.8/site-packages/airflow/example_dags/example_task_group.py for tasks to queue
[2023-11-16T00:08:29.265+0000] {logging_mixin.py:154} INFO - [2023-11-16T00:08:29.265+0000] {dagbag.py:536} INFO - Filling up the DagBag from /home/airflow/.local/lib/python3.8/site-packages/airflow/example_dags/example_task_group.py
[2023-11-16T00:08:29.274+0000] {processor.py:839} INFO - DAG(s) dict_keys(['example_task_group']) retrieved from /home/airflow/.local/lib/python3.8/site-packages/airflow/example_dags/example_task_group.py
[2023-11-16T00:08:29.284+0000] {logging_mixin.py:154} INFO - [2023-11-16T00:08:29.284+0000] {dag.py:2941} INFO - Sync 1 DAGs
[2023-11-16T00:08:29.304+0000] {logging_mixin.py:154} INFO - [2023-11-16T00:08:29.304+0000] {dag.py:3722} INFO - Setting next_dagrun for example_task_group to 2023-11-15T00:08:29.304282+00:00, run_after=2023-11-16T00:08:29.304282+00:00
[2023-11-16T00:08:29.319+0000] {processor.py:179} INFO - Processing /home/airflow/.local/lib/python3.8/site-packages/airflow/example_dags/example_task_group.py took 0.062 seconds
[2023-11-16T00:09:00.348+0000] {processor.py:157} INFO - Started process (PID=118) to work on /home/airflow/.local/lib/python3.8/site-packages/airflow/example_dags/example_task_group.py
[2023-11-16T00:09:00.349+0000] {processor.py:829} INFO - Processing file /home/airflow/.local/lib/python3.8/site-packages/airflow/example_dags/example_task_group.py for tasks to queue
[2023-11-16T00:09:00.351+0000] {logging_mixin.py:154} INFO - [2023-11-16T00:09:00.351+0000] {dagbag.py:536} INFO - Filling up the DagBag from /home/airflow/.local/lib/python3.8/site-packages/airflow/example_dags/example_task_group.py
[2023-11-16T00:09:00.356+0000] {processor.py:839} INFO - DAG(s) dict_keys(['example_task_group']) retrieved from /home/airflow/.local/lib/python3.8/site-packages/airflow/example_dags/example_task_group.py
[2023-11-16T00:09:00.370+0000] {logging_mixin.py:154} INFO - [2023-11-16T00:09:00.370+0000] {dag.py:2941} INFO - Sync 1 DAGs
[2023-11-16T00:09:00.384+0000] {logging_mixin.py:154} INFO - [2023-11-16T00:09:00.384+0000] {dag.py:3722} INFO - Setting next_dagrun for example_task_group to 2023-11-15T00:09:00.384415+00:00, run_after=2023-11-16T00:09:00.384415+00:00
[2023-11-16T00:09:00.396+0000] {processor.py:179} INFO - Processing /home/airflow/.local/lib/python3.8/site-packages/airflow/example_dags/example_task_group.py took 0.050 seconds
[2023-11-16T00:09:30.664+0000] {processor.py:157} INFO - Started process (PID=174) to work on /home/airflow/.local/lib/python3.8/site-packages/airflow/example_dags/example_task_group.py
[2023-11-16T00:09:30.665+0000] {processor.py:829} INFO - Processing file /home/airflow/.local/lib/python3.8/site-packages/airflow/example_dags/example_task_group.py for tasks to queue
[2023-11-16T00:09:30.667+0000] {logging_mixin.py:154} INFO - [2023-11-16T00:09:30.667+0000] {dagbag.py:536} INFO - Filling up the DagBag from /home/airflow/.local/lib/python3.8/site-packages/airflow/example_dags/example_task_group.py
[2023-11-16T00:09:30.672+0000] {processor.py:839} INFO - DAG(s) dict_keys(['example_task_group']) retrieved from /home/airflow/.local/lib/python3.8/site-packages/airflow/example_dags/example_task_group.py
[2023-11-16T00:09:30.687+0000] {logging_mixin.py:154} INFO - [2023-11-16T00:09:30.687+0000] {dag.py:2941} INFO - Sync 1 DAGs
[2023-11-16T00:09:30.702+0000] {logging_mixin.py:154} INFO - [2023-11-16T00:09:30.702+0000] {dag.py:3722} INFO - Setting next_dagrun for example_task_group to 2023-11-15T00:09:30.702190+00:00, run_after=2023-11-16T00:09:30.702190+00:00
[2023-11-16T00:09:30.715+0000] {processor.py:179} INFO - Processing /home/airflow/.local/lib/python3.8/site-packages/airflow/example_dags/example_task_group.py took 0.053 seconds
[2023-11-16T00:10:00.900+0000] {processor.py:157} INFO - Started process (PID=231) to work on /home/airflow/.local/lib/python3.8/site-packages/airflow/example_dags/example_task_group.py
[2023-11-16T00:10:00.901+0000] {processor.py:829} INFO - Processing file /home/airflow/.local/lib/python3.8/site-packages/airflow/example_dags/example_task_group.py for tasks to queue
[2023-11-16T00:10:00.903+0000] {logging_mixin.py:154} INFO - [2023-11-16T00:10:00.902+0000] {dagbag.py:536} INFO - Filling up the DagBag from /home/airflow/.local/lib/python3.8/site-packages/airflow/example_dags/example_task_group.py
[2023-11-16T00:10:00.907+0000] {processor.py:839} INFO - DAG(s) dict_keys(['example_task_group']) retrieved from /home/airflow/.local/lib/python3.8/site-packages/airflow/example_dags/example_task_group.py
[2023-11-16T00:10:00.921+0000] {logging_mixin.py:154} INFO - [2023-11-16T00:10:00.921+0000] {dag.py:2941} INFO - Sync 1 DAGs
[2023-11-16T00:10:00.935+0000] {logging_mixin.py:154} INFO - [2023-11-16T00:10:00.935+0000] {dag.py:3722} INFO - Setting next_dagrun for example_task_group to 2023-11-15T00:10:00.935265+00:00, run_after=2023-11-16T00:10:00.935265+00:00
[2023-11-16T00:10:00.946+0000] {processor.py:179} INFO - Processing /home/airflow/.local/lib/python3.8/site-packages/airflow/example_dags/example_task_group.py took 0.048 seconds
[2023-11-16T00:10:31.867+0000] {processor.py:157} INFO - Started process (PID=289) to work on /home/airflow/.local/lib/python3.8/site-packages/airflow/example_dags/example_task_group.py
[2023-11-16T00:10:31.867+0000] {processor.py:829} INFO - Processing file /home/airflow/.local/lib/python3.8/site-packages/airflow/example_dags/example_task_group.py for tasks to queue
[2023-11-16T00:10:31.869+0000] {logging_mixin.py:154} INFO - [2023-11-16T00:10:31.869+0000] {dagbag.py:536} INFO - Filling up the DagBag from /home/airflow/.local/lib/python3.8/site-packages/airflow/example_dags/example_task_group.py
[2023-11-16T00:10:31.873+0000] {processor.py:839} INFO - DAG(s) dict_keys(['example_task_group']) retrieved from /home/airflow/.local/lib/python3.8/site-packages/airflow/example_dags/example_task_group.py
[2023-11-16T00:10:31.888+0000] {logging_mixin.py:154} INFO - [2023-11-16T00:10:31.887+0000] {dag.py:2941} INFO - Sync 1 DAGs
[2023-11-16T00:10:31.901+0000] {logging_mixin.py:154} INFO - [2023-11-16T00:10:31.901+0000] {dag.py:3722} INFO - Setting next_dagrun for example_task_group to 2023-11-15T00:10:31.901602+00:00, run_after=2023-11-16T00:10:31.901602+00:00
[2023-11-16T00:10:31.912+0000] {processor.py:179} INFO - Processing /home/airflow/.local/lib/python3.8/site-packages/airflow/example_dags/example_task_group.py took 0.048 seconds
[2023-11-16T00:11:01.951+0000] {processor.py:157} INFO - Started process (PID=345) to work on /home/airflow/.local/lib/python3.8/site-packages/airflow/example_dags/example_task_group.py
[2023-11-16T00:11:01.951+0000] {processor.py:829} INFO - Processing file /home/airflow/.local/lib/python3.8/site-packages/airflow/example_dags/example_task_group.py for tasks to queue
[2023-11-16T00:11:01.953+0000] {logging_mixin.py:154} INFO - [2023-11-16T00:11:01.953+0000] {dagbag.py:536} INFO - Filling up the DagBag from /home/airflow/.local/lib/python3.8/site-packages/airflow/example_dags/example_task_group.py
[2023-11-16T00:11:01.958+0000] {processor.py:839} INFO - DAG(s) dict_keys(['example_task_group']) retrieved from /home/airflow/.local/lib/python3.8/site-packages/airflow/example_dags/example_task_group.py
[2023-11-16T00:11:01.971+0000] {logging_mixin.py:154} INFO - [2023-11-16T00:11:01.971+0000] {dag.py:2941} INFO - Sync 1 DAGs
[2023-11-16T00:11:01.985+0000] {logging_mixin.py:154} INFO - [2023-11-16T00:11:01.984+0000] {dag.py:3722} INFO - Setting next_dagrun for example_task_group to 2023-11-15T00:11:01.984655+00:00, run_after=2023-11-16T00:11:01.984655+00:00
[2023-11-16T00:11:01.996+0000] {processor.py:179} INFO - Processing /home/airflow/.local/lib/python3.8/site-packages/airflow/example_dags/example_task_group.py took 0.047 seconds
[2023-11-16T00:11:32.097+0000] {processor.py:157} INFO - Started process (PID=402) to work on /home/airflow/.local/lib/python3.8/site-packages/airflow/example_dags/example_task_group.py
[2023-11-16T00:11:32.098+0000] {processor.py:829} INFO - Processing file /home/airflow/.local/lib/python3.8/site-packages/airflow/example_dags/example_task_group.py for tasks to queue
[2023-11-16T00:11:32.099+0000] {logging_mixin.py:154} INFO - [2023-11-16T00:11:32.099+0000] {dagbag.py:536} INFO - Filling up the DagBag from /home/airflow/.local/lib/python3.8/site-packages/airflow/example_dags/example_task_group.py
[2023-11-16T00:11:32.104+0000] {processor.py:839} INFO - DAG(s) dict_keys(['example_task_group']) retrieved from /home/airflow/.local/lib/python3.8/site-packages/airflow/example_dags/example_task_group.py
[2023-11-16T00:11:32.118+0000] {logging_mixin.py:154} INFO - [2023-11-16T00:11:32.118+0000] {dag.py:2941} INFO - Sync 1 DAGs
[2023-11-16T00:11:32.138+0000] {logging_mixin.py:154} INFO - [2023-11-16T00:11:32.137+0000] {dag.py:3722} INFO - Setting next_dagrun for example_task_group to 2023-11-15T00:11:32.137819+00:00, run_after=2023-11-16T00:11:32.137819+00:00
[2023-11-16T00:11:32.149+0000] {processor.py:179} INFO - Processing /home/airflow/.local/lib/python3.8/site-packages/airflow/example_dags/example_task_group.py took 0.054 seconds
[2023-11-16T00:12:02.199+0000] {processor.py:157} INFO - Started process (PID=459) to work on /home/airflow/.local/lib/python3.8/site-packages/airflow/example_dags/example_task_group.py
[2023-11-16T00:12:02.200+0000] {processor.py:829} INFO - Processing file /home/airflow/.local/lib/python3.8/site-packages/airflow/example_dags/example_task_group.py for tasks to queue
[2023-11-16T00:12:02.202+0000] {logging_mixin.py:154} INFO - [2023-11-16T00:12:02.202+0000] {dagbag.py:536} INFO - Filling up the DagBag from /home/airflow/.local/lib/python3.8/site-packages/airflow/example_dags/example_task_group.py
[2023-11-16T00:12:02.207+0000] {processor.py:839} INFO - DAG(s) dict_keys(['example_task_group']) retrieved from /home/airflow/.local/lib/python3.8/site-packages/airflow/example_dags/example_task_group.py
[2023-11-16T00:12:02.221+0000] {logging_mixin.py:154} INFO - [2023-11-16T00:12:02.221+0000] {dag.py:2941} INFO - Sync 1 DAGs
[2023-11-16T00:12:02.236+0000] {logging_mixin.py:154} INFO - [2023-11-16T00:12:02.235+0000] {dag.py:3722} INFO - Setting next_dagrun for example_task_group to 2023-11-15T00:12:02.235681+00:00, run_after=2023-11-16T00:12:02.235681+00:00
[2023-11-16T00:12:02.247+0000] {processor.py:179} INFO - Processing /home/airflow/.local/lib/python3.8/site-packages/airflow/example_dags/example_task_group.py took 0.050 seconds
[2023-11-16T00:12:32.340+0000] {processor.py:157} INFO - Started process (PID=517) to work on /home/airflow/.local/lib/python3.8/site-packages/airflow/example_dags/example_task_group.py
[2023-11-16T00:12:32.341+0000] {processor.py:829} INFO - Processing file /home/airflow/.local/lib/python3.8/site-packages/airflow/example_dags/example_task_group.py for tasks to queue
[2023-11-16T00:12:32.342+0000] {logging_mixin.py:154} INFO - [2023-11-16T00:12:32.342+0000] {dagbag.py:536} INFO - Filling up the DagBag from /home/airflow/.local/lib/python3.8/site-packages/airflow/example_dags/example_task_group.py
[2023-11-16T00:12:32.347+0000] {processor.py:839} INFO - DAG(s) dict_keys(['example_task_group']) retrieved from /home/airflow/.local/lib/python3.8/site-packages/airflow/example_dags/example_task_group.py
[2023-11-16T00:12:32.361+0000] {logging_mixin.py:154} INFO - [2023-11-16T00:12:32.361+0000] {dag.py:2941} INFO - Sync 1 DAGs
[2023-11-16T00:12:32.375+0000] {logging_mixin.py:154} INFO - [2023-11-16T00:12:32.375+0000] {dag.py:3722} INFO - Setting next_dagrun for example_task_group to 2023-11-15T00:12:32.375219+00:00, run_after=2023-11-16T00:12:32.375219+00:00
[2023-11-16T00:12:32.387+0000] {processor.py:179} INFO - Processing /home/airflow/.local/lib/python3.8/site-packages/airflow/example_dags/example_task_group.py took 0.049 seconds
[2023-11-16T00:13:02.552+0000] {processor.py:157} INFO - Started process (PID=574) to work on /home/airflow/.local/lib/python3.8/site-packages/airflow/example_dags/example_task_group.py
[2023-11-16T00:13:02.553+0000] {processor.py:829} INFO - Processing file /home/airflow/.local/lib/python3.8/site-packages/airflow/example_dags/example_task_group.py for tasks to queue
[2023-11-16T00:13:02.554+0000] {logging_mixin.py:154} INFO - [2023-11-16T00:13:02.554+0000] {dagbag.py:536} INFO - Filling up the DagBag from /home/airflow/.local/lib/python3.8/site-packages/airflow/example_dags/example_task_group.py
[2023-11-16T00:13:02.559+0000] {processor.py:839} INFO - DAG(s) dict_keys(['example_task_group']) retrieved from /home/airflow/.local/lib/python3.8/site-packages/airflow/example_dags/example_task_group.py
[2023-11-16T00:13:02.572+0000] {logging_mixin.py:154} INFO - [2023-11-16T00:13:02.572+0000] {dag.py:2941} INFO - Sync 1 DAGs
[2023-11-16T00:13:02.585+0000] {logging_mixin.py:154} INFO - [2023-11-16T00:13:02.585+0000] {dag.py:3722} INFO - Setting next_dagrun for example_task_group to 2023-11-15T00:13:02.585650+00:00, run_after=2023-11-16T00:13:02.585650+00:00
[2023-11-16T00:13:02.598+0000] {processor.py:179} INFO - Processing /home/airflow/.local/lib/python3.8/site-packages/airflow/example_dags/example_task_group.py took 0.049 seconds
[2023-11-16T00:13:32.697+0000] {processor.py:157} INFO - Started process (PID=631) to work on /home/airflow/.local/lib/python3.8/site-packages/airflow/example_dags/example_task_group.py
[2023-11-16T00:13:32.698+0000] {processor.py:829} INFO - Processing file /home/airflow/.local/lib/python3.8/site-packages/airflow/example_dags/example_task_group.py for tasks to queue
[2023-11-16T00:13:32.699+0000] {logging_mixin.py:154} INFO - [2023-11-16T00:13:32.699+0000] {dagbag.py:536} INFO - Filling up the DagBag from /home/airflow/.local/lib/python3.8/site-packages/airflow/example_dags/example_task_group.py
[2023-11-16T00:13:32.704+0000] {processor.py:839} INFO - DAG(s) dict_keys(['example_task_group']) retrieved from /home/airflow/.local/lib/python3.8/site-packages/airflow/example_dags/example_task_group.py
[2023-11-16T00:13:32.719+0000] {logging_mixin.py:154} INFO - [2023-11-16T00:13:32.719+0000] {dag.py:2941} INFO - Sync 1 DAGs
[2023-11-16T00:13:32.733+0000] {logging_mixin.py:154} INFO - [2023-11-16T00:13:32.733+0000] {dag.py:3722} INFO - Setting next_dagrun for example_task_group to 2023-11-15T00:13:32.732905+00:00, run_after=2023-11-16T00:13:32.732905+00:00
[2023-11-16T00:13:32.745+0000] {processor.py:179} INFO - Processing /home/airflow/.local/lib/python3.8/site-packages/airflow/example_dags/example_task_group.py took 0.050 seconds
[2023-11-16T00:14:02.882+0000] {processor.py:157} INFO - Started process (PID=688) to work on /home/airflow/.local/lib/python3.8/site-packages/airflow/example_dags/example_task_group.py
[2023-11-16T00:14:02.883+0000] {processor.py:829} INFO - Processing file /home/airflow/.local/lib/python3.8/site-packages/airflow/example_dags/example_task_group.py for tasks to queue
[2023-11-16T00:14:02.885+0000] {logging_mixin.py:154} INFO - [2023-11-16T00:14:02.884+0000] {dagbag.py:536} INFO - Filling up the DagBag from /home/airflow/.local/lib/python3.8/site-packages/airflow/example_dags/example_task_group.py
[2023-11-16T00:14:02.889+0000] {processor.py:839} INFO - DAG(s) dict_keys(['example_task_group']) retrieved from /home/airflow/.local/lib/python3.8/site-packages/airflow/example_dags/example_task_group.py
[2023-11-16T00:14:02.903+0000] {logging_mixin.py:154} INFO - [2023-11-16T00:14:02.903+0000] {dag.py:2941} INFO - Sync 1 DAGs
[2023-11-16T00:14:02.917+0000] {logging_mixin.py:154} INFO - [2023-11-16T00:14:02.917+0000] {dag.py:3722} INFO - Setting next_dagrun for example_task_group to 2023-11-15T00:14:02.916888+00:00, run_after=2023-11-16T00:14:02.916888+00:00
[2023-11-16T00:14:02.928+0000] {processor.py:179} INFO - Processing /home/airflow/.local/lib/python3.8/site-packages/airflow/example_dags/example_task_group.py took 0.048 seconds
[2023-11-16T00:14:32.975+0000] {processor.py:157} INFO - Started process (PID=745) to work on /home/airflow/.local/lib/python3.8/site-packages/airflow/example_dags/example_task_group.py
[2023-11-16T00:14:32.976+0000] {processor.py:829} INFO - Processing file /home/airflow/.local/lib/python3.8/site-packages/airflow/example_dags/example_task_group.py for tasks to queue
[2023-11-16T00:14:32.977+0000] {logging_mixin.py:154} INFO - [2023-11-16T00:14:32.977+0000] {dagbag.py:536} INFO - Filling up the DagBag from /home/airflow/.local/lib/python3.8/site-packages/airflow/example_dags/example_task_group.py
[2023-11-16T00:14:32.983+0000] {processor.py:839} INFO - DAG(s) dict_keys(['example_task_group']) retrieved from /home/airflow/.local/lib/python3.8/site-packages/airflow/example_dags/example_task_group.py
[2023-11-16T00:14:32.998+0000] {logging_mixin.py:154} INFO - [2023-11-16T00:14:32.998+0000] {dag.py:2941} INFO - Sync 1 DAGs
[2023-11-16T00:14:33.011+0000] {logging_mixin.py:154} INFO - [2023-11-16T00:14:33.011+0000] {dag.py:3722} INFO - Setting next_dagrun for example_task_group to 2023-11-15T00:14:33.011491+00:00, run_after=2023-11-16T00:14:33.011491+00:00
[2023-11-16T00:14:33.024+0000] {processor.py:179} INFO - Processing /home/airflow/.local/lib/python3.8/site-packages/airflow/example_dags/example_task_group.py took 0.052 seconds
[2023-11-16T00:15:03.317+0000] {processor.py:157} INFO - Started process (PID=802) to work on /home/airflow/.local/lib/python3.8/site-packages/airflow/example_dags/example_task_group.py
[2023-11-16T00:15:03.318+0000] {processor.py:829} INFO - Processing file /home/airflow/.local/lib/python3.8/site-packages/airflow/example_dags/example_task_group.py for tasks to queue
[2023-11-16T00:15:03.320+0000] {logging_mixin.py:154} INFO - [2023-11-16T00:15:03.320+0000] {dagbag.py:536} INFO - Filling up the DagBag from /home/airflow/.local/lib/python3.8/site-packages/airflow/example_dags/example_task_group.py
[2023-11-16T00:15:03.325+0000] {processor.py:839} INFO - DAG(s) dict_keys(['example_task_group']) retrieved from /home/airflow/.local/lib/python3.8/site-packages/airflow/example_dags/example_task_group.py
[2023-11-16T00:15:03.339+0000] {logging_mixin.py:154} INFO - [2023-11-16T00:15:03.339+0000] {dag.py:2941} INFO - Sync 1 DAGs
[2023-11-16T00:15:03.354+0000] {logging_mixin.py:154} INFO - [2023-11-16T00:15:03.353+0000] {dag.py:3722} INFO - Setting next_dagrun for example_task_group to 2023-11-15T00:15:03.353677+00:00, run_after=2023-11-16T00:15:03.353677+00:00
[2023-11-16T00:15:03.365+0000] {processor.py:179} INFO - Processing /home/airflow/.local/lib/python3.8/site-packages/airflow/example_dags/example_task_group.py took 0.050 seconds
[2023-11-16T00:15:33.429+0000] {processor.py:157} INFO - Started process (PID=859) to work on /home/airflow/.local/lib/python3.8/site-packages/airflow/example_dags/example_task_group.py
[2023-11-16T00:15:33.429+0000] {processor.py:829} INFO - Processing file /home/airflow/.local/lib/python3.8/site-packages/airflow/example_dags/example_task_group.py for tasks to queue
[2023-11-16T00:15:33.431+0000] {logging_mixin.py:154} INFO - [2023-11-16T00:15:33.431+0000] {dagbag.py:536} INFO - Filling up the DagBag from /home/airflow/.local/lib/python3.8/site-packages/airflow/example_dags/example_task_group.py
[2023-11-16T00:15:33.436+0000] {processor.py:839} INFO - DAG(s) dict_keys(['example_task_group']) retrieved from /home/airflow/.local/lib/python3.8/site-packages/airflow/example_dags/example_task_group.py
[2023-11-16T00:15:33.450+0000] {logging_mixin.py:154} INFO - [2023-11-16T00:15:33.450+0000] {dag.py:2941} INFO - Sync 1 DAGs
[2023-11-16T00:15:33.464+0000] {logging_mixin.py:154} INFO - [2023-11-16T00:15:33.464+0000] {dag.py:3722} INFO - Setting next_dagrun for example_task_group to 2023-11-15T00:15:33.464235+00:00, run_after=2023-11-16T00:15:33.464235+00:00
[2023-11-16T00:15:33.475+0000] {processor.py:179} INFO - Processing /home/airflow/.local/lib/python3.8/site-packages/airflow/example_dags/example_task_group.py took 0.048 seconds
[2023-11-16T00:16:03.547+0000] {processor.py:157} INFO - Started process (PID=917) to work on /home/airflow/.local/lib/python3.8/site-packages/airflow/example_dags/example_task_group.py
[2023-11-16T00:16:03.548+0000] {processor.py:829} INFO - Processing file /home/airflow/.local/lib/python3.8/site-packages/airflow/example_dags/example_task_group.py for tasks to queue
[2023-11-16T00:16:03.550+0000] {logging_mixin.py:154} INFO - [2023-11-16T00:16:03.549+0000] {dagbag.py:536} INFO - Filling up the DagBag from /home/airflow/.local/lib/python3.8/site-packages/airflow/example_dags/example_task_group.py
[2023-11-16T00:16:03.554+0000] {processor.py:839} INFO - DAG(s) dict_keys(['example_task_group']) retrieved from /home/airflow/.local/lib/python3.8/site-packages/airflow/example_dags/example_task_group.py
[2023-11-16T00:16:03.569+0000] {logging_mixin.py:154} INFO - [2023-11-16T00:16:03.569+0000] {dag.py:2941} INFO - Sync 1 DAGs
[2023-11-16T00:16:03.583+0000] {logging_mixin.py:154} INFO - [2023-11-16T00:16:03.583+0000] {dag.py:3722} INFO - Setting next_dagrun for example_task_group to 2023-11-15T00:16:03.583604+00:00, run_after=2023-11-16T00:16:03.583604+00:00
[2023-11-16T00:16:03.595+0000] {processor.py:179} INFO - Processing /home/airflow/.local/lib/python3.8/site-packages/airflow/example_dags/example_task_group.py took 0.050 seconds
[2023-11-16T00:16:33.765+0000] {processor.py:157} INFO - Started process (PID=973) to work on /home/airflow/.local/lib/python3.8/site-packages/airflow/example_dags/example_task_group.py
[2023-11-16T00:16:33.766+0000] {processor.py:829} INFO - Processing file /home/airflow/.local/lib/python3.8/site-packages/airflow/example_dags/example_task_group.py for tasks to queue
[2023-11-16T00:16:33.767+0000] {logging_mixin.py:154} INFO - [2023-11-16T00:16:33.767+0000] {dagbag.py:536} INFO - Filling up the DagBag from /home/airflow/.local/lib/python3.8/site-packages/airflow/example_dags/example_task_group.py
[2023-11-16T00:16:33.772+0000] {processor.py:839} INFO - DAG(s) dict_keys(['example_task_group']) retrieved from /home/airflow/.local/lib/python3.8/site-packages/airflow/example_dags/example_task_group.py
[2023-11-16T00:16:33.786+0000] {logging_mixin.py:154} INFO - [2023-11-16T00:16:33.786+0000] {dag.py:2941} INFO - Sync 1 DAGs
[2023-11-16T00:16:33.799+0000] {logging_mixin.py:154} INFO - [2023-11-16T00:16:33.799+0000] {dag.py:3722} INFO - Setting next_dagrun for example_task_group to 2023-11-15T00:16:33.799293+00:00, run_after=2023-11-16T00:16:33.799293+00:00
[2023-11-16T00:16:33.810+0000] {processor.py:179} INFO - Processing /home/airflow/.local/lib/python3.8/site-packages/airflow/example_dags/example_task_group.py took 0.047 seconds
[2023-11-16T00:17:03.956+0000] {processor.py:157} INFO - Started process (PID=1030) to work on /home/airflow/.local/lib/python3.8/site-packages/airflow/example_dags/example_task_group.py
[2023-11-16T00:17:03.956+0000] {processor.py:829} INFO - Processing file /home/airflow/.local/lib/python3.8/site-packages/airflow/example_dags/example_task_group.py for tasks to queue
[2023-11-16T00:17:03.958+0000] {logging_mixin.py:154} INFO - [2023-11-16T00:17:03.958+0000] {dagbag.py:536} INFO - Filling up the DagBag from /home/airflow/.local/lib/python3.8/site-packages/airflow/example_dags/example_task_group.py
[2023-11-16T00:17:03.963+0000] {processor.py:839} INFO - DAG(s) dict_keys(['example_task_group']) retrieved from /home/airflow/.local/lib/python3.8/site-packages/airflow/example_dags/example_task_group.py
[2023-11-16T00:17:03.976+0000] {logging_mixin.py:154} INFO - [2023-11-16T00:17:03.976+0000] {dag.py:2941} INFO - Sync 1 DAGs
[2023-11-16T00:17:03.990+0000] {logging_mixin.py:154} INFO - [2023-11-16T00:17:03.990+0000] {dag.py:3722} INFO - Setting next_dagrun for example_task_group to 2023-11-15T00:17:03.989850+00:00, run_after=2023-11-16T00:17:03.989850+00:00
[2023-11-16T00:17:04.000+0000] {processor.py:179} INFO - Processing /home/airflow/.local/lib/python3.8/site-packages/airflow/example_dags/example_task_group.py took 0.046 seconds
[2023-11-16T00:17:34.205+0000] {processor.py:157} INFO - Started process (PID=1087) to work on /home/airflow/.local/lib/python3.8/site-packages/airflow/example_dags/example_task_group.py
[2023-11-16T00:17:34.206+0000] {processor.py:829} INFO - Processing file /home/airflow/.local/lib/python3.8/site-packages/airflow/example_dags/example_task_group.py for tasks to queue
[2023-11-16T00:17:34.208+0000] {logging_mixin.py:154} INFO - [2023-11-16T00:17:34.208+0000] {dagbag.py:536} INFO - Filling up the DagBag from /home/airflow/.local/lib/python3.8/site-packages/airflow/example_dags/example_task_group.py
[2023-11-16T00:17:34.212+0000] {processor.py:839} INFO - DAG(s) dict_keys(['example_task_group']) retrieved from /home/airflow/.local/lib/python3.8/site-packages/airflow/example_dags/example_task_group.py
[2023-11-16T00:17:34.231+0000] {logging_mixin.py:154} INFO - [2023-11-16T00:17:34.230+0000] {dag.py:2941} INFO - Sync 1 DAGs
[2023-11-16T00:17:34.247+0000] {logging_mixin.py:154} INFO - [2023-11-16T00:17:34.246+0000] {dag.py:3722} INFO - Setting next_dagrun for example_task_group to 2023-11-15T00:17:34.246782+00:00, run_after=2023-11-16T00:17:34.246782+00:00
[2023-11-16T00:17:34.258+0000] {processor.py:179} INFO - Processing /home/airflow/.local/lib/python3.8/site-packages/airflow/example_dags/example_task_group.py took 0.055 seconds
[2023-11-16T00:18:04.496+0000] {processor.py:157} INFO - Started process (PID=1144) to work on /home/airflow/.local/lib/python3.8/site-packages/airflow/example_dags/example_task_group.py
[2023-11-16T00:18:04.497+0000] {processor.py:829} INFO - Processing file /home/airflow/.local/lib/python3.8/site-packages/airflow/example_dags/example_task_group.py for tasks to queue
[2023-11-16T00:18:04.499+0000] {logging_mixin.py:154} INFO - [2023-11-16T00:18:04.499+0000] {dagbag.py:536} INFO - Filling up the DagBag from /home/airflow/.local/lib/python3.8/site-packages/airflow/example_dags/example_task_group.py
[2023-11-16T00:18:04.504+0000] {processor.py:839} INFO - DAG(s) dict_keys(['example_task_group']) retrieved from /home/airflow/.local/lib/python3.8/site-packages/airflow/example_dags/example_task_group.py
[2023-11-16T00:18:04.518+0000] {logging_mixin.py:154} INFO - [2023-11-16T00:18:04.518+0000] {dag.py:2941} INFO - Sync 1 DAGs
[2023-11-16T00:18:04.531+0000] {logging_mixin.py:154} INFO - [2023-11-16T00:18:04.531+0000] {dag.py:3722} INFO - Setting next_dagrun for example_task_group to 2023-11-15T00:18:04.531309+00:00, run_after=2023-11-16T00:18:04.531309+00:00
[2023-11-16T00:18:04.542+0000] {processor.py:179} INFO - Processing /home/airflow/.local/lib/python3.8/site-packages/airflow/example_dags/example_task_group.py took 0.048 seconds
[2023-11-16T00:18:35.139+0000] {processor.py:157} INFO - Started process (PID=1201) to work on /home/airflow/.local/lib/python3.8/site-packages/airflow/example_dags/example_task_group.py
[2023-11-16T00:18:35.140+0000] {processor.py:829} INFO - Processing file /home/airflow/.local/lib/python3.8/site-packages/airflow/example_dags/example_task_group.py for tasks to queue
[2023-11-16T00:18:35.142+0000] {logging_mixin.py:154} INFO - [2023-11-16T00:18:35.141+0000] {dagbag.py:536} INFO - Filling up the DagBag from /home/airflow/.local/lib/python3.8/site-packages/airflow/example_dags/example_task_group.py
[2023-11-16T00:18:35.147+0000] {processor.py:839} INFO - DAG(s) dict_keys(['example_task_group']) retrieved from /home/airflow/.local/lib/python3.8/site-packages/airflow/example_dags/example_task_group.py
[2023-11-16T00:18:35.165+0000] {logging_mixin.py:154} INFO - [2023-11-16T00:18:35.165+0000] {dag.py:2941} INFO - Sync 1 DAGs
[2023-11-16T00:18:35.181+0000] {logging_mixin.py:154} INFO - [2023-11-16T00:18:35.181+0000] {dag.py:3722} INFO - Setting next_dagrun for example_task_group to 2023-11-15T00:18:35.181011+00:00, run_after=2023-11-16T00:18:35.181011+00:00
[2023-11-16T00:18:35.193+0000] {processor.py:179} INFO - Processing /home/airflow/.local/lib/python3.8/site-packages/airflow/example_dags/example_task_group.py took 0.056 seconds
[2023-11-16T00:19:05.493+0000] {processor.py:157} INFO - Started process (PID=1258) to work on /home/airflow/.local/lib/python3.8/site-packages/airflow/example_dags/example_task_group.py
[2023-11-16T00:19:05.494+0000] {processor.py:829} INFO - Processing file /home/airflow/.local/lib/python3.8/site-packages/airflow/example_dags/example_task_group.py for tasks to queue
[2023-11-16T00:19:05.495+0000] {logging_mixin.py:154} INFO - [2023-11-16T00:19:05.495+0000] {dagbag.py:536} INFO - Filling up the DagBag from /home/airflow/.local/lib/python3.8/site-packages/airflow/example_dags/example_task_group.py
[2023-11-16T00:19:05.500+0000] {processor.py:839} INFO - DAG(s) dict_keys(['example_task_group']) retrieved from /home/airflow/.local/lib/python3.8/site-packages/airflow/example_dags/example_task_group.py
[2023-11-16T00:19:05.514+0000] {logging_mixin.py:154} INFO - [2023-11-16T00:19:05.514+0000] {dag.py:2941} INFO - Sync 1 DAGs
[2023-11-16T00:19:05.528+0000] {logging_mixin.py:154} INFO - [2023-11-16T00:19:05.528+0000] {dag.py:3722} INFO - Setting next_dagrun for example_task_group to 2023-11-15T00:19:05.528330+00:00, run_after=2023-11-16T00:19:05.528330+00:00
[2023-11-16T00:19:05.540+0000] {processor.py:179} INFO - Processing /home/airflow/.local/lib/python3.8/site-packages/airflow/example_dags/example_task_group.py took 0.049 seconds
[2023-11-16T00:19:35.671+0000] {processor.py:157} INFO - Started process (PID=1316) to work on /home/airflow/.local/lib/python3.8/site-packages/airflow/example_dags/example_task_group.py
[2023-11-16T00:19:35.672+0000] {processor.py:829} INFO - Processing file /home/airflow/.local/lib/python3.8/site-packages/airflow/example_dags/example_task_group.py for tasks to queue
[2023-11-16T00:19:35.673+0000] {logging_mixin.py:154} INFO - [2023-11-16T00:19:35.673+0000] {dagbag.py:536} INFO - Filling up the DagBag from /home/airflow/.local/lib/python3.8/site-packages/airflow/example_dags/example_task_group.py
[2023-11-16T00:19:35.678+0000] {processor.py:839} INFO - DAG(s) dict_keys(['example_task_group']) retrieved from /home/airflow/.local/lib/python3.8/site-packages/airflow/example_dags/example_task_group.py
[2023-11-16T00:19:35.693+0000] {logging_mixin.py:154} INFO - [2023-11-16T00:19:35.693+0000] {dag.py:2941} INFO - Sync 1 DAGs
[2023-11-16T00:19:35.709+0000] {logging_mixin.py:154} INFO - [2023-11-16T00:19:35.708+0000] {dag.py:3722} INFO - Setting next_dagrun for example_task_group to 2023-11-15T00:19:35.708707+00:00, run_after=2023-11-16T00:19:35.708707+00:00
[2023-11-16T00:19:35.721+0000] {processor.py:179} INFO - Processing /home/airflow/.local/lib/python3.8/site-packages/airflow/example_dags/example_task_group.py took 0.052 seconds
[2023-11-16T00:20:05.910+0000] {processor.py:157} INFO - Started process (PID=1373) to work on /home/airflow/.local/lib/python3.8/site-packages/airflow/example_dags/example_task_group.py
[2023-11-16T00:20:05.910+0000] {processor.py:829} INFO - Processing file /home/airflow/.local/lib/python3.8/site-packages/airflow/example_dags/example_task_group.py for tasks to queue
[2023-11-16T00:20:05.912+0000] {logging_mixin.py:154} INFO - [2023-11-16T00:20:05.912+0000] {dagbag.py:536} INFO - Filling up the DagBag from /home/airflow/.local/lib/python3.8/site-packages/airflow/example_dags/example_task_group.py
[2023-11-16T00:20:05.917+0000] {processor.py:839} INFO - DAG(s) dict_keys(['example_task_group']) retrieved from /home/airflow/.local/lib/python3.8/site-packages/airflow/example_dags/example_task_group.py
[2023-11-16T00:20:05.931+0000] {logging_mixin.py:154} INFO - [2023-11-16T00:20:05.930+0000] {dag.py:2941} INFO - Sync 1 DAGs
[2023-11-16T00:20:05.945+0000] {logging_mixin.py:154} INFO - [2023-11-16T00:20:05.945+0000] {dag.py:3722} INFO - Setting next_dagrun for example_task_group to 2023-11-15T00:20:05.945090+00:00, run_after=2023-11-16T00:20:05.945090+00:00
[2023-11-16T00:20:05.957+0000] {processor.py:179} INFO - Processing /home/airflow/.local/lib/python3.8/site-packages/airflow/example_dags/example_task_group.py took 0.049 seconds
[2023-11-16T00:20:36.372+0000] {processor.py:157} INFO - Started process (PID=1430) to work on /home/airflow/.local/lib/python3.8/site-packages/airflow/example_dags/example_task_group.py
[2023-11-16T00:20:36.373+0000] {processor.py:829} INFO - Processing file /home/airflow/.local/lib/python3.8/site-packages/airflow/example_dags/example_task_group.py for tasks to queue
[2023-11-16T00:20:36.374+0000] {logging_mixin.py:154} INFO - [2023-11-16T00:20:36.374+0000] {dagbag.py:536} INFO - Filling up the DagBag from /home/airflow/.local/lib/python3.8/site-packages/airflow/example_dags/example_task_group.py
[2023-11-16T00:20:36.379+0000] {processor.py:839} INFO - DAG(s) dict_keys(['example_task_group']) retrieved from /home/airflow/.local/lib/python3.8/site-packages/airflow/example_dags/example_task_group.py
[2023-11-16T00:20:36.393+0000] {logging_mixin.py:154} INFO - [2023-11-16T00:20:36.393+0000] {dag.py:2941} INFO - Sync 1 DAGs
[2023-11-16T00:20:36.406+0000] {logging_mixin.py:154} INFO - [2023-11-16T00:20:36.406+0000] {dag.py:3722} INFO - Setting next_dagrun for example_task_group to 2023-11-15T00:20:36.406574+00:00, run_after=2023-11-16T00:20:36.406574+00:00
[2023-11-16T00:20:36.418+0000] {processor.py:179} INFO - Processing /home/airflow/.local/lib/python3.8/site-packages/airflow/example_dags/example_task_group.py took 0.049 seconds
[2023-11-16T00:21:06.682+0000] {processor.py:157} INFO - Started process (PID=1487) to work on /home/airflow/.local/lib/python3.8/site-packages/airflow/example_dags/example_task_group.py
[2023-11-16T00:21:06.683+0000] {processor.py:829} INFO - Processing file /home/airflow/.local/lib/python3.8/site-packages/airflow/example_dags/example_task_group.py for tasks to queue
[2023-11-16T00:21:06.684+0000] {logging_mixin.py:154} INFO - [2023-11-16T00:21:06.684+0000] {dagbag.py:536} INFO - Filling up the DagBag from /home/airflow/.local/lib/python3.8/site-packages/airflow/example_dags/example_task_group.py
[2023-11-16T00:21:06.689+0000] {processor.py:839} INFO - DAG(s) dict_keys(['example_task_group']) retrieved from /home/airflow/.local/lib/python3.8/site-packages/airflow/example_dags/example_task_group.py
[2023-11-16T00:21:06.703+0000] {logging_mixin.py:154} INFO - [2023-11-16T00:21:06.703+0000] {dag.py:2941} INFO - Sync 1 DAGs
[2023-11-16T00:21:06.718+0000] {logging_mixin.py:154} INFO - [2023-11-16T00:21:06.718+0000] {dag.py:3722} INFO - Setting next_dagrun for example_task_group to 2023-11-15T00:21:06.718493+00:00, run_after=2023-11-16T00:21:06.718493+00:00
[2023-11-16T00:21:06.822+0000] {processor.py:179} INFO - Processing /home/airflow/.local/lib/python3.8/site-packages/airflow/example_dags/example_task_group.py took 0.142 seconds
[2023-11-16T00:21:37.782+0000] {processor.py:157} INFO - Started process (PID=1544) to work on /home/airflow/.local/lib/python3.8/site-packages/airflow/example_dags/example_task_group.py
[2023-11-16T00:21:37.783+0000] {processor.py:829} INFO - Processing file /home/airflow/.local/lib/python3.8/site-packages/airflow/example_dags/example_task_group.py for tasks to queue
[2023-11-16T00:21:37.784+0000] {logging_mixin.py:154} INFO - [2023-11-16T00:21:37.784+0000] {dagbag.py:536} INFO - Filling up the DagBag from /home/airflow/.local/lib/python3.8/site-packages/airflow/example_dags/example_task_group.py
[2023-11-16T00:21:37.789+0000] {processor.py:839} INFO - DAG(s) dict_keys(['example_task_group']) retrieved from /home/airflow/.local/lib/python3.8/site-packages/airflow/example_dags/example_task_group.py
[2023-11-16T00:21:37.803+0000] {logging_mixin.py:154} INFO - [2023-11-16T00:21:37.803+0000] {dag.py:2941} INFO - Sync 1 DAGs
[2023-11-16T00:21:37.817+0000] {logging_mixin.py:154} INFO - [2023-11-16T00:21:37.816+0000] {dag.py:3722} INFO - Setting next_dagrun for example_task_group to 2023-11-15T00:21:37.816701+00:00, run_after=2023-11-16T00:21:37.816701+00:00
[2023-11-16T00:21:37.828+0000] {processor.py:179} INFO - Processing /home/airflow/.local/lib/python3.8/site-packages/airflow/example_dags/example_task_group.py took 0.049 seconds
[2023-11-16T00:22:08.371+0000] {processor.py:157} INFO - Started process (PID=1601) to work on /home/airflow/.local/lib/python3.8/site-packages/airflow/example_dags/example_task_group.py
[2023-11-16T00:22:08.372+0000] {processor.py:829} INFO - Processing file /home/airflow/.local/lib/python3.8/site-packages/airflow/example_dags/example_task_group.py for tasks to queue
[2023-11-16T00:22:08.374+0000] {logging_mixin.py:154} INFO - [2023-11-16T00:22:08.374+0000] {dagbag.py:536} INFO - Filling up the DagBag from /home/airflow/.local/lib/python3.8/site-packages/airflow/example_dags/example_task_group.py
[2023-11-16T00:22:08.379+0000] {processor.py:839} INFO - DAG(s) dict_keys(['example_task_group']) retrieved from /home/airflow/.local/lib/python3.8/site-packages/airflow/example_dags/example_task_group.py
[2023-11-16T00:22:08.393+0000] {logging_mixin.py:154} INFO - [2023-11-16T00:22:08.393+0000] {dag.py:2941} INFO - Sync 1 DAGs
[2023-11-16T00:22:08.406+0000] {logging_mixin.py:154} INFO - [2023-11-16T00:22:08.406+0000] {dag.py:3722} INFO - Setting next_dagrun for example_task_group to 2023-11-15T00:22:08.406368+00:00, run_after=2023-11-16T00:22:08.406368+00:00
[2023-11-16T00:22:08.419+0000] {processor.py:179} INFO - Processing /home/airflow/.local/lib/python3.8/site-packages/airflow/example_dags/example_task_group.py took 0.050 seconds
[2023-11-16T00:22:38.946+0000] {processor.py:157} INFO - Started process (PID=1658) to work on /home/airflow/.local/lib/python3.8/site-packages/airflow/example_dags/example_task_group.py
[2023-11-16T00:22:38.947+0000] {processor.py:829} INFO - Processing file /home/airflow/.local/lib/python3.8/site-packages/airflow/example_dags/example_task_group.py for tasks to queue
[2023-11-16T00:22:38.949+0000] {logging_mixin.py:154} INFO - [2023-11-16T00:22:38.948+0000] {dagbag.py:536} INFO - Filling up the DagBag from /home/airflow/.local/lib/python3.8/site-packages/airflow/example_dags/example_task_group.py
[2023-11-16T00:22:38.953+0000] {processor.py:839} INFO - DAG(s) dict_keys(['example_task_group']) retrieved from /home/airflow/.local/lib/python3.8/site-packages/airflow/example_dags/example_task_group.py
[2023-11-16T00:22:38.972+0000] {logging_mixin.py:154} INFO - [2023-11-16T00:22:38.972+0000] {dag.py:2941} INFO - Sync 1 DAGs
[2023-11-16T00:22:39.083+0000] {logging_mixin.py:154} INFO - [2023-11-16T00:22:39.083+0000] {dag.py:3722} INFO - Setting next_dagrun for example_task_group to 2023-11-15T00:22:39.083401+00:00, run_after=2023-11-16T00:22:39.083401+00:00
[2023-11-16T00:22:39.094+0000] {processor.py:179} INFO - Processing /home/airflow/.local/lib/python3.8/site-packages/airflow/example_dags/example_task_group.py took 0.151 seconds
[2023-11-16T00:23:09.510+0000] {processor.py:157} INFO - Started process (PID=1715) to work on /home/airflow/.local/lib/python3.8/site-packages/airflow/example_dags/example_task_group.py
[2023-11-16T00:23:09.511+0000] {processor.py:829} INFO - Processing file /home/airflow/.local/lib/python3.8/site-packages/airflow/example_dags/example_task_group.py for tasks to queue
[2023-11-16T00:23:09.512+0000] {logging_mixin.py:154} INFO - [2023-11-16T00:23:09.512+0000] {dagbag.py:536} INFO - Filling up the DagBag from /home/airflow/.local/lib/python3.8/site-packages/airflow/example_dags/example_task_group.py
[2023-11-16T00:23:09.517+0000] {processor.py:839} INFO - DAG(s) dict_keys(['example_task_group']) retrieved from /home/airflow/.local/lib/python3.8/site-packages/airflow/example_dags/example_task_group.py
[2023-11-16T00:23:09.532+0000] {logging_mixin.py:154} INFO - [2023-11-16T00:23:09.532+0000] {dag.py:2941} INFO - Sync 1 DAGs
[2023-11-16T00:23:09.645+0000] {logging_mixin.py:154} INFO - [2023-11-16T00:23:09.644+0000] {dag.py:3722} INFO - Setting next_dagrun for example_task_group to 2023-11-15T00:23:09.547357+00:00, run_after=2023-11-16T00:23:09.547357+00:00
[2023-11-16T00:23:09.657+0000] {processor.py:179} INFO - Processing /home/airflow/.local/lib/python3.8/site-packages/airflow/example_dags/example_task_group.py took 0.150 seconds
[2023-11-16T00:23:40.702+0000] {processor.py:157} INFO - Started process (PID=1772) to work on /home/airflow/.local/lib/python3.8/site-packages/airflow/example_dags/example_task_group.py
[2023-11-16T00:23:40.703+0000] {processor.py:829} INFO - Processing file /home/airflow/.local/lib/python3.8/site-packages/airflow/example_dags/example_task_group.py for tasks to queue
[2023-11-16T00:23:40.705+0000] {logging_mixin.py:154} INFO - [2023-11-16T00:23:40.704+0000] {dagbag.py:536} INFO - Filling up the DagBag from /home/airflow/.local/lib/python3.8/site-packages/airflow/example_dags/example_task_group.py
[2023-11-16T00:23:40.709+0000] {processor.py:839} INFO - DAG(s) dict_keys(['example_task_group']) retrieved from /home/airflow/.local/lib/python3.8/site-packages/airflow/example_dags/example_task_group.py
[2023-11-16T00:23:40.723+0000] {logging_mixin.py:154} INFO - [2023-11-16T00:23:40.723+0000] {dag.py:2941} INFO - Sync 1 DAGs
[2023-11-16T00:23:40.737+0000] {logging_mixin.py:154} INFO - [2023-11-16T00:23:40.737+0000] {dag.py:3722} INFO - Setting next_dagrun for example_task_group to 2023-11-15T00:23:40.736797+00:00, run_after=2023-11-16T00:23:40.736797+00:00
[2023-11-16T00:23:40.747+0000] {processor.py:179} INFO - Processing /home/airflow/.local/lib/python3.8/site-packages/airflow/example_dags/example_task_group.py took 0.047 seconds
[2023-11-16T00:24:10.787+0000] {processor.py:157} INFO - Started process (PID=1829) to work on /home/airflow/.local/lib/python3.8/site-packages/airflow/example_dags/example_task_group.py
[2023-11-16T00:24:10.788+0000] {processor.py:829} INFO - Processing file /home/airflow/.local/lib/python3.8/site-packages/airflow/example_dags/example_task_group.py for tasks to queue
[2023-11-16T00:24:10.790+0000] {logging_mixin.py:154} INFO - [2023-11-16T00:24:10.790+0000] {dagbag.py:536} INFO - Filling up the DagBag from /home/airflow/.local/lib/python3.8/site-packages/airflow/example_dags/example_task_group.py
[2023-11-16T00:24:10.899+0000] {processor.py:839} INFO - DAG(s) dict_keys(['example_task_group']) retrieved from /home/airflow/.local/lib/python3.8/site-packages/airflow/example_dags/example_task_group.py
[2023-11-16T00:24:10.911+0000] {logging_mixin.py:154} INFO - [2023-11-16T00:24:10.911+0000] {dag.py:2941} INFO - Sync 1 DAGs
[2023-11-16T00:24:10.924+0000] {logging_mixin.py:154} INFO - [2023-11-16T00:24:10.924+0000] {dag.py:3722} INFO - Setting next_dagrun for example_task_group to 2023-11-15T00:24:10.924141+00:00, run_after=2023-11-16T00:24:10.924141+00:00
[2023-11-16T00:24:10.936+0000] {processor.py:179} INFO - Processing /home/airflow/.local/lib/python3.8/site-packages/airflow/example_dags/example_task_group.py took 0.152 seconds
[2023-11-16T00:24:41.146+0000] {processor.py:157} INFO - Started process (PID=1886) to work on /home/airflow/.local/lib/python3.8/site-packages/airflow/example_dags/example_task_group.py
[2023-11-16T00:24:41.147+0000] {processor.py:829} INFO - Processing file /home/airflow/.local/lib/python3.8/site-packages/airflow/example_dags/example_task_group.py for tasks to queue
[2023-11-16T00:24:41.148+0000] {logging_mixin.py:154} INFO - [2023-11-16T00:24:41.148+0000] {dagbag.py:536} INFO - Filling up the DagBag from /home/airflow/.local/lib/python3.8/site-packages/airflow/example_dags/example_task_group.py
[2023-11-16T00:24:41.153+0000] {processor.py:839} INFO - DAG(s) dict_keys(['example_task_group']) retrieved from /home/airflow/.local/lib/python3.8/site-packages/airflow/example_dags/example_task_group.py
[2023-11-16T00:24:41.167+0000] {logging_mixin.py:154} INFO - [2023-11-16T00:24:41.167+0000] {dag.py:2941} INFO - Sync 1 DAGs
[2023-11-16T00:24:41.181+0000] {logging_mixin.py:154} INFO - [2023-11-16T00:24:41.181+0000] {dag.py:3722} INFO - Setting next_dagrun for example_task_group to 2023-11-15T00:24:41.181238+00:00, run_after=2023-11-16T00:24:41.181238+00:00
[2023-11-16T00:24:41.193+0000] {processor.py:179} INFO - Processing /home/airflow/.local/lib/python3.8/site-packages/airflow/example_dags/example_task_group.py took 0.050 seconds
[2023-11-16T00:25:11.364+0000] {processor.py:157} INFO - Started process (PID=1943) to work on /home/airflow/.local/lib/python3.8/site-packages/airflow/example_dags/example_task_group.py
[2023-11-16T00:25:11.365+0000] {processor.py:829} INFO - Processing file /home/airflow/.local/lib/python3.8/site-packages/airflow/example_dags/example_task_group.py for tasks to queue
[2023-11-16T00:25:11.366+0000] {logging_mixin.py:154} INFO - [2023-11-16T00:25:11.366+0000] {dagbag.py:536} INFO - Filling up the DagBag from /home/airflow/.local/lib/python3.8/site-packages/airflow/example_dags/example_task_group.py
[2023-11-16T00:25:11.371+0000] {processor.py:839} INFO - DAG(s) dict_keys(['example_task_group']) retrieved from /home/airflow/.local/lib/python3.8/site-packages/airflow/example_dags/example_task_group.py
[2023-11-16T00:25:11.386+0000] {logging_mixin.py:154} INFO - [2023-11-16T00:25:11.386+0000] {dag.py:2941} INFO - Sync 1 DAGs
[2023-11-16T00:25:11.402+0000] {logging_mixin.py:154} INFO - [2023-11-16T00:25:11.402+0000] {dag.py:3722} INFO - Setting next_dagrun for example_task_group to 2023-11-15T00:25:11.402036+00:00, run_after=2023-11-16T00:25:11.402036+00:00
[2023-11-16T00:25:11.415+0000] {processor.py:179} INFO - Processing /home/airflow/.local/lib/python3.8/site-packages/airflow/example_dags/example_task_group.py took 0.054 seconds
[2023-11-16T00:25:41.538+0000] {processor.py:157} INFO - Started process (PID=2000) to work on /home/airflow/.local/lib/python3.8/site-packages/airflow/example_dags/example_task_group.py
[2023-11-16T00:25:41.539+0000] {processor.py:829} INFO - Processing file /home/airflow/.local/lib/python3.8/site-packages/airflow/example_dags/example_task_group.py for tasks to queue
[2023-11-16T00:25:41.541+0000] {logging_mixin.py:154} INFO - [2023-11-16T00:25:41.540+0000] {dagbag.py:536} INFO - Filling up the DagBag from /home/airflow/.local/lib/python3.8/site-packages/airflow/example_dags/example_task_group.py
[2023-11-16T00:25:41.545+0000] {processor.py:839} INFO - DAG(s) dict_keys(['example_task_group']) retrieved from /home/airflow/.local/lib/python3.8/site-packages/airflow/example_dags/example_task_group.py
[2023-11-16T00:25:41.562+0000] {logging_mixin.py:154} INFO - [2023-11-16T00:25:41.562+0000] {dag.py:2941} INFO - Sync 1 DAGs
[2023-11-16T00:25:41.576+0000] {logging_mixin.py:154} INFO - [2023-11-16T00:25:41.576+0000] {dag.py:3722} INFO - Setting next_dagrun for example_task_group to 2023-11-15T00:25:41.576279+00:00, run_after=2023-11-16T00:25:41.576279+00:00
[2023-11-16T00:25:41.587+0000] {processor.py:179} INFO - Processing /home/airflow/.local/lib/python3.8/site-packages/airflow/example_dags/example_task_group.py took 0.051 seconds
[2023-11-16T00:26:11.771+0000] {processor.py:157} INFO - Started process (PID=2057) to work on /home/airflow/.local/lib/python3.8/site-packages/airflow/example_dags/example_task_group.py
[2023-11-16T00:26:11.772+0000] {processor.py:829} INFO - Processing file /home/airflow/.local/lib/python3.8/site-packages/airflow/example_dags/example_task_group.py for tasks to queue
[2023-11-16T00:26:11.773+0000] {logging_mixin.py:154} INFO - [2023-11-16T00:26:11.773+0000] {dagbag.py:536} INFO - Filling up the DagBag from /home/airflow/.local/lib/python3.8/site-packages/airflow/example_dags/example_task_group.py
[2023-11-16T00:26:11.778+0000] {processor.py:839} INFO - DAG(s) dict_keys(['example_task_group']) retrieved from /home/airflow/.local/lib/python3.8/site-packages/airflow/example_dags/example_task_group.py
[2023-11-16T00:26:11.792+0000] {logging_mixin.py:154} INFO - [2023-11-16T00:26:11.792+0000] {dag.py:2941} INFO - Sync 1 DAGs
[2023-11-16T00:26:11.806+0000] {logging_mixin.py:154} INFO - [2023-11-16T00:26:11.805+0000] {dag.py:3722} INFO - Setting next_dagrun for example_task_group to 2023-11-15T00:26:11.805680+00:00, run_after=2023-11-16T00:26:11.805680+00:00
[2023-11-16T00:26:11.817+0000] {processor.py:179} INFO - Processing /home/airflow/.local/lib/python3.8/site-packages/airflow/example_dags/example_task_group.py took 0.047 seconds
[2023-11-16T00:26:42.027+0000] {processor.py:157} INFO - Started process (PID=2114) to work on /home/airflow/.local/lib/python3.8/site-packages/airflow/example_dags/example_task_group.py
[2023-11-16T00:26:42.028+0000] {processor.py:829} INFO - Processing file /home/airflow/.local/lib/python3.8/site-packages/airflow/example_dags/example_task_group.py for tasks to queue
[2023-11-16T00:26:42.029+0000] {logging_mixin.py:154} INFO - [2023-11-16T00:26:42.029+0000] {dagbag.py:536} INFO - Filling up the DagBag from /home/airflow/.local/lib/python3.8/site-packages/airflow/example_dags/example_task_group.py
[2023-11-16T00:26:42.034+0000] {processor.py:839} INFO - DAG(s) dict_keys(['example_task_group']) retrieved from /home/airflow/.local/lib/python3.8/site-packages/airflow/example_dags/example_task_group.py
[2023-11-16T00:26:42.048+0000] {logging_mixin.py:154} INFO - [2023-11-16T00:26:42.048+0000] {dag.py:2941} INFO - Sync 1 DAGs
[2023-11-16T00:26:42.061+0000] {logging_mixin.py:154} INFO - [2023-11-16T00:26:42.061+0000] {dag.py:3722} INFO - Setting next_dagrun for example_task_group to 2023-11-15T00:26:42.061649+00:00, run_after=2023-11-16T00:26:42.061649+00:00
[2023-11-16T00:26:42.073+0000] {processor.py:179} INFO - Processing /home/airflow/.local/lib/python3.8/site-packages/airflow/example_dags/example_task_group.py took 0.048 seconds
[2023-11-16T00:27:12.254+0000] {processor.py:157} INFO - Started process (PID=2171) to work on /home/airflow/.local/lib/python3.8/site-packages/airflow/example_dags/example_task_group.py
[2023-11-16T00:27:12.255+0000] {processor.py:829} INFO - Processing file /home/airflow/.local/lib/python3.8/site-packages/airflow/example_dags/example_task_group.py for tasks to queue
[2023-11-16T00:27:12.257+0000] {logging_mixin.py:154} INFO - [2023-11-16T00:27:12.257+0000] {dagbag.py:536} INFO - Filling up the DagBag from /home/airflow/.local/lib/python3.8/site-packages/airflow/example_dags/example_task_group.py
[2023-11-16T00:27:12.262+0000] {processor.py:839} INFO - DAG(s) dict_keys(['example_task_group']) retrieved from /home/airflow/.local/lib/python3.8/site-packages/airflow/example_dags/example_task_group.py
[2023-11-16T00:27:12.279+0000] {logging_mixin.py:154} INFO - [2023-11-16T00:27:12.279+0000] {dag.py:2941} INFO - Sync 1 DAGs
[2023-11-16T00:27:12.293+0000] {logging_mixin.py:154} INFO - [2023-11-16T00:27:12.292+0000] {dag.py:3722} INFO - Setting next_dagrun for example_task_group to 2023-11-15T00:27:12.292686+00:00, run_after=2023-11-16T00:27:12.292686+00:00
[2023-11-16T00:27:12.309+0000] {processor.py:179} INFO - Processing /home/airflow/.local/lib/python3.8/site-packages/airflow/example_dags/example_task_group.py took 0.057 seconds
[2023-11-16T00:27:42.357+0000] {processor.py:157} INFO - Started process (PID=2228) to work on /home/airflow/.local/lib/python3.8/site-packages/airflow/example_dags/example_task_group.py
[2023-11-16T00:27:42.358+0000] {processor.py:829} INFO - Processing file /home/airflow/.local/lib/python3.8/site-packages/airflow/example_dags/example_task_group.py for tasks to queue
[2023-11-16T00:27:42.360+0000] {logging_mixin.py:154} INFO - [2023-11-16T00:27:42.360+0000] {dagbag.py:536} INFO - Filling up the DagBag from /home/airflow/.local/lib/python3.8/site-packages/airflow/example_dags/example_task_group.py
[2023-11-16T00:27:42.365+0000] {processor.py:839} INFO - DAG(s) dict_keys(['example_task_group']) retrieved from /home/airflow/.local/lib/python3.8/site-packages/airflow/example_dags/example_task_group.py
[2023-11-16T00:27:42.378+0000] {logging_mixin.py:154} INFO - [2023-11-16T00:27:42.378+0000] {dag.py:2941} INFO - Sync 1 DAGs
[2023-11-16T00:27:42.395+0000] {logging_mixin.py:154} INFO - [2023-11-16T00:27:42.395+0000] {dag.py:3722} INFO - Setting next_dagrun for example_task_group to 2023-11-15T00:27:42.394974+00:00, run_after=2023-11-16T00:27:42.394974+00:00
[2023-11-16T00:27:42.405+0000] {processor.py:179} INFO - Processing /home/airflow/.local/lib/python3.8/site-packages/airflow/example_dags/example_task_group.py took 0.050 seconds
[2023-11-16T00:28:12.458+0000] {processor.py:157} INFO - Started process (PID=2285) to work on /home/airflow/.local/lib/python3.8/site-packages/airflow/example_dags/example_task_group.py
[2023-11-16T00:28:12.459+0000] {processor.py:829} INFO - Processing file /home/airflow/.local/lib/python3.8/site-packages/airflow/example_dags/example_task_group.py for tasks to queue
[2023-11-16T00:28:12.460+0000] {logging_mixin.py:154} INFO - [2023-11-16T00:28:12.460+0000] {dagbag.py:536} INFO - Filling up the DagBag from /home/airflow/.local/lib/python3.8/site-packages/airflow/example_dags/example_task_group.py
[2023-11-16T00:28:12.465+0000] {processor.py:839} INFO - DAG(s) dict_keys(['example_task_group']) retrieved from /home/airflow/.local/lib/python3.8/site-packages/airflow/example_dags/example_task_group.py
[2023-11-16T00:28:12.480+0000] {logging_mixin.py:154} INFO - [2023-11-16T00:28:12.480+0000] {dag.py:2941} INFO - Sync 1 DAGs
[2023-11-16T00:28:12.494+0000] {logging_mixin.py:154} INFO - [2023-11-16T00:28:12.494+0000] {dag.py:3722} INFO - Setting next_dagrun for example_task_group to 2023-11-15T00:28:12.494448+00:00, run_after=2023-11-16T00:28:12.494448+00:00
[2023-11-16T00:28:12.506+0000] {processor.py:179} INFO - Processing /home/airflow/.local/lib/python3.8/site-packages/airflow/example_dags/example_task_group.py took 0.051 seconds
[2023-11-16T00:28:42.702+0000] {processor.py:157} INFO - Started process (PID=2342) to work on /home/airflow/.local/lib/python3.8/site-packages/airflow/example_dags/example_task_group.py
[2023-11-16T00:28:42.703+0000] {processor.py:829} INFO - Processing file /home/airflow/.local/lib/python3.8/site-packages/airflow/example_dags/example_task_group.py for tasks to queue
[2023-11-16T00:28:42.705+0000] {logging_mixin.py:154} INFO - [2023-11-16T00:28:42.705+0000] {dagbag.py:536} INFO - Filling up the DagBag from /home/airflow/.local/lib/python3.8/site-packages/airflow/example_dags/example_task_group.py
[2023-11-16T00:28:42.710+0000] {processor.py:839} INFO - DAG(s) dict_keys(['example_task_group']) retrieved from /home/airflow/.local/lib/python3.8/site-packages/airflow/example_dags/example_task_group.py
[2023-11-16T00:28:42.724+0000] {logging_mixin.py:154} INFO - [2023-11-16T00:28:42.724+0000] {dag.py:2941} INFO - Sync 1 DAGs
[2023-11-16T00:28:42.737+0000] {logging_mixin.py:154} INFO - [2023-11-16T00:28:42.737+0000] {dag.py:3722} INFO - Setting next_dagrun for example_task_group to 2023-11-15T00:28:42.737512+00:00, run_after=2023-11-16T00:28:42.737512+00:00
[2023-11-16T00:28:42.748+0000] {processor.py:179} INFO - Processing /home/airflow/.local/lib/python3.8/site-packages/airflow/example_dags/example_task_group.py took 0.048 seconds
[2023-11-16T00:29:12.944+0000] {processor.py:157} INFO - Started process (PID=2399) to work on /home/airflow/.local/lib/python3.8/site-packages/airflow/example_dags/example_task_group.py
[2023-11-16T00:29:12.945+0000] {processor.py:829} INFO - Processing file /home/airflow/.local/lib/python3.8/site-packages/airflow/example_dags/example_task_group.py for tasks to queue
[2023-11-16T00:29:12.947+0000] {logging_mixin.py:154} INFO - [2023-11-16T00:29:12.947+0000] {dagbag.py:536} INFO - Filling up the DagBag from /home/airflow/.local/lib/python3.8/site-packages/airflow/example_dags/example_task_group.py
[2023-11-16T00:29:12.951+0000] {processor.py:839} INFO - DAG(s) dict_keys(['example_task_group']) retrieved from /home/airflow/.local/lib/python3.8/site-packages/airflow/example_dags/example_task_group.py
[2023-11-16T00:29:12.966+0000] {logging_mixin.py:154} INFO - [2023-11-16T00:29:12.965+0000] {dag.py:2941} INFO - Sync 1 DAGs
[2023-11-16T00:29:12.979+0000] {logging_mixin.py:154} INFO - [2023-11-16T00:29:12.979+0000] {dag.py:3722} INFO - Setting next_dagrun for example_task_group to 2023-11-15T00:29:12.979385+00:00, run_after=2023-11-16T00:29:12.979385+00:00
[2023-11-16T00:29:12.994+0000] {processor.py:179} INFO - Processing /home/airflow/.local/lib/python3.8/site-packages/airflow/example_dags/example_task_group.py took 0.052 seconds
[2023-11-16T00:29:43.125+0000] {processor.py:157} INFO - Started process (PID=2456) to work on /home/airflow/.local/lib/python3.8/site-packages/airflow/example_dags/example_task_group.py
[2023-11-16T00:29:43.126+0000] {processor.py:829} INFO - Processing file /home/airflow/.local/lib/python3.8/site-packages/airflow/example_dags/example_task_group.py for tasks to queue
[2023-11-16T00:29:43.128+0000] {logging_mixin.py:154} INFO - [2023-11-16T00:29:43.128+0000] {dagbag.py:536} INFO - Filling up the DagBag from /home/airflow/.local/lib/python3.8/site-packages/airflow/example_dags/example_task_group.py
[2023-11-16T00:29:43.133+0000] {processor.py:839} INFO - DAG(s) dict_keys(['example_task_group']) retrieved from /home/airflow/.local/lib/python3.8/site-packages/airflow/example_dags/example_task_group.py
[2023-11-16T00:29:43.147+0000] {logging_mixin.py:154} INFO - [2023-11-16T00:29:43.147+0000] {dag.py:2941} INFO - Sync 1 DAGs
[2023-11-16T00:29:43.160+0000] {logging_mixin.py:154} INFO - [2023-11-16T00:29:43.160+0000] {dag.py:3722} INFO - Setting next_dagrun for example_task_group to 2023-11-15T00:29:43.160247+00:00, run_after=2023-11-16T00:29:43.160247+00:00
[2023-11-16T00:29:43.173+0000] {processor.py:179} INFO - Processing /home/airflow/.local/lib/python3.8/site-packages/airflow/example_dags/example_task_group.py took 0.049 seconds
[2023-11-16T00:30:13.295+0000] {processor.py:157} INFO - Started process (PID=2514) to work on /home/airflow/.local/lib/python3.8/site-packages/airflow/example_dags/example_task_group.py
[2023-11-16T00:30:13.296+0000] {processor.py:829} INFO - Processing file /home/airflow/.local/lib/python3.8/site-packages/airflow/example_dags/example_task_group.py for tasks to queue
[2023-11-16T00:30:13.298+0000] {logging_mixin.py:154} INFO - [2023-11-16T00:30:13.298+0000] {dagbag.py:536} INFO - Filling up the DagBag from /home/airflow/.local/lib/python3.8/site-packages/airflow/example_dags/example_task_group.py
[2023-11-16T00:30:13.303+0000] {processor.py:839} INFO - DAG(s) dict_keys(['example_task_group']) retrieved from /home/airflow/.local/lib/python3.8/site-packages/airflow/example_dags/example_task_group.py
[2023-11-16T00:30:13.317+0000] {logging_mixin.py:154} INFO - [2023-11-16T00:30:13.317+0000] {dag.py:2941} INFO - Sync 1 DAGs
[2023-11-16T00:30:13.331+0000] {logging_mixin.py:154} INFO - [2023-11-16T00:30:13.331+0000] {dag.py:3722} INFO - Setting next_dagrun for example_task_group to 2023-11-15T00:30:13.331145+00:00, run_after=2023-11-16T00:30:13.331145+00:00
[2023-11-16T00:30:13.343+0000] {processor.py:179} INFO - Processing /home/airflow/.local/lib/python3.8/site-packages/airflow/example_dags/example_task_group.py took 0.050 seconds
[2023-11-16T00:30:43.503+0000] {processor.py:157} INFO - Started process (PID=2572) to work on /home/airflow/.local/lib/python3.8/site-packages/airflow/example_dags/example_task_group.py
[2023-11-16T00:30:43.504+0000] {processor.py:829} INFO - Processing file /home/airflow/.local/lib/python3.8/site-packages/airflow/example_dags/example_task_group.py for tasks to queue
[2023-11-16T00:30:43.506+0000] {logging_mixin.py:154} INFO - [2023-11-16T00:30:43.505+0000] {dagbag.py:536} INFO - Filling up the DagBag from /home/airflow/.local/lib/python3.8/site-packages/airflow/example_dags/example_task_group.py
[2023-11-16T00:30:43.511+0000] {processor.py:839} INFO - DAG(s) dict_keys(['example_task_group']) retrieved from /home/airflow/.local/lib/python3.8/site-packages/airflow/example_dags/example_task_group.py
[2023-11-16T00:30:43.526+0000] {logging_mixin.py:154} INFO - [2023-11-16T00:30:43.525+0000] {dag.py:2941} INFO - Sync 1 DAGs
[2023-11-16T00:30:43.540+0000] {logging_mixin.py:154} INFO - [2023-11-16T00:30:43.539+0000] {dag.py:3722} INFO - Setting next_dagrun for example_task_group to 2023-11-15T00:30:43.539773+00:00, run_after=2023-11-16T00:30:43.539773+00:00
[2023-11-16T00:30:43.551+0000] {processor.py:179} INFO - Processing /home/airflow/.local/lib/python3.8/site-packages/airflow/example_dags/example_task_group.py took 0.050 seconds
[2023-11-16T00:31:13.658+0000] {processor.py:157} INFO - Started process (PID=2629) to work on /home/airflow/.local/lib/python3.8/site-packages/airflow/example_dags/example_task_group.py
[2023-11-16T00:31:13.659+0000] {processor.py:829} INFO - Processing file /home/airflow/.local/lib/python3.8/site-packages/airflow/example_dags/example_task_group.py for tasks to queue
[2023-11-16T00:31:13.661+0000] {logging_mixin.py:154} INFO - [2023-11-16T00:31:13.660+0000] {dagbag.py:536} INFO - Filling up the DagBag from /home/airflow/.local/lib/python3.8/site-packages/airflow/example_dags/example_task_group.py
[2023-11-16T00:31:13.665+0000] {processor.py:839} INFO - DAG(s) dict_keys(['example_task_group']) retrieved from /home/airflow/.local/lib/python3.8/site-packages/airflow/example_dags/example_task_group.py
[2023-11-16T00:31:13.679+0000] {logging_mixin.py:154} INFO - [2023-11-16T00:31:13.679+0000] {dag.py:2941} INFO - Sync 1 DAGs
[2023-11-16T00:31:13.693+0000] {logging_mixin.py:154} INFO - [2023-11-16T00:31:13.693+0000] {dag.py:3722} INFO - Setting next_dagrun for example_task_group to 2023-11-15T00:31:13.693424+00:00, run_after=2023-11-16T00:31:13.693424+00:00
[2023-11-16T00:31:13.705+0000] {processor.py:179} INFO - Processing /home/airflow/.local/lib/python3.8/site-packages/airflow/example_dags/example_task_group.py took 0.048 seconds
[2023-11-16T00:31:43.861+0000] {processor.py:157} INFO - Started process (PID=2686) to work on /home/airflow/.local/lib/python3.8/site-packages/airflow/example_dags/example_task_group.py
[2023-11-16T00:31:43.862+0000] {processor.py:829} INFO - Processing file /home/airflow/.local/lib/python3.8/site-packages/airflow/example_dags/example_task_group.py for tasks to queue
[2023-11-16T00:31:43.863+0000] {logging_mixin.py:154} INFO - [2023-11-16T00:31:43.863+0000] {dagbag.py:536} INFO - Filling up the DagBag from /home/airflow/.local/lib/python3.8/site-packages/airflow/example_dags/example_task_group.py
[2023-11-16T00:31:43.869+0000] {processor.py:839} INFO - DAG(s) dict_keys(['example_task_group']) retrieved from /home/airflow/.local/lib/python3.8/site-packages/airflow/example_dags/example_task_group.py
[2023-11-16T00:31:43.882+0000] {logging_mixin.py:154} INFO - [2023-11-16T00:31:43.882+0000] {dag.py:2941} INFO - Sync 1 DAGs
[2023-11-16T00:31:43.896+0000] {logging_mixin.py:154} INFO - [2023-11-16T00:31:43.896+0000] {dag.py:3722} INFO - Setting next_dagrun for example_task_group to 2023-11-15T00:31:43.895889+00:00, run_after=2023-11-16T00:31:43.895889+00:00
[2023-11-16T00:31:43.907+0000] {processor.py:179} INFO - Processing /home/airflow/.local/lib/python3.8/site-packages/airflow/example_dags/example_task_group.py took 0.048 seconds
[2023-11-16T00:32:14.189+0000] {processor.py:157} INFO - Started process (PID=2743) to work on /home/airflow/.local/lib/python3.8/site-packages/airflow/example_dags/example_task_group.py
[2023-11-16T00:32:14.190+0000] {processor.py:829} INFO - Processing file /home/airflow/.local/lib/python3.8/site-packages/airflow/example_dags/example_task_group.py for tasks to queue
[2023-11-16T00:32:14.192+0000] {logging_mixin.py:154} INFO - [2023-11-16T00:32:14.192+0000] {dagbag.py:536} INFO - Filling up the DagBag from /home/airflow/.local/lib/python3.8/site-packages/airflow/example_dags/example_task_group.py
[2023-11-16T00:32:14.197+0000] {processor.py:839} INFO - DAG(s) dict_keys(['example_task_group']) retrieved from /home/airflow/.local/lib/python3.8/site-packages/airflow/example_dags/example_task_group.py
[2023-11-16T00:32:14.210+0000] {logging_mixin.py:154} INFO - [2023-11-16T00:32:14.210+0000] {dag.py:2941} INFO - Sync 1 DAGs
[2023-11-16T00:32:14.224+0000] {logging_mixin.py:154} INFO - [2023-11-16T00:32:14.224+0000] {dag.py:3722} INFO - Setting next_dagrun for example_task_group to 2023-11-15T00:32:14.224270+00:00, run_after=2023-11-16T00:32:14.224270+00:00
[2023-11-16T00:32:14.235+0000] {processor.py:179} INFO - Processing /home/airflow/.local/lib/python3.8/site-packages/airflow/example_dags/example_task_group.py took 0.047 seconds
[2023-11-16T00:32:44.346+0000] {processor.py:157} INFO - Started process (PID=2799) to work on /home/airflow/.local/lib/python3.8/site-packages/airflow/example_dags/example_task_group.py
[2023-11-16T00:32:44.347+0000] {processor.py:829} INFO - Processing file /home/airflow/.local/lib/python3.8/site-packages/airflow/example_dags/example_task_group.py for tasks to queue
[2023-11-16T00:32:44.348+0000] {logging_mixin.py:154} INFO - [2023-11-16T00:32:44.348+0000] {dagbag.py:536} INFO - Filling up the DagBag from /home/airflow/.local/lib/python3.8/site-packages/airflow/example_dags/example_task_group.py
[2023-11-16T00:32:44.353+0000] {processor.py:839} INFO - DAG(s) dict_keys(['example_task_group']) retrieved from /home/airflow/.local/lib/python3.8/site-packages/airflow/example_dags/example_task_group.py
[2023-11-16T00:32:44.367+0000] {logging_mixin.py:154} INFO - [2023-11-16T00:32:44.367+0000] {dag.py:2941} INFO - Sync 1 DAGs
[2023-11-16T00:32:44.380+0000] {logging_mixin.py:154} INFO - [2023-11-16T00:32:44.380+0000] {dag.py:3722} INFO - Setting next_dagrun for example_task_group to 2023-11-15T00:32:44.379850+00:00, run_after=2023-11-16T00:32:44.379850+00:00
[2023-11-16T00:32:44.391+0000] {processor.py:179} INFO - Processing /home/airflow/.local/lib/python3.8/site-packages/airflow/example_dags/example_task_group.py took 0.047 seconds
[2023-11-16T00:33:14.537+0000] {processor.py:157} INFO - Started process (PID=2856) to work on /home/airflow/.local/lib/python3.8/site-packages/airflow/example_dags/example_task_group.py
[2023-11-16T00:33:14.538+0000] {processor.py:829} INFO - Processing file /home/airflow/.local/lib/python3.8/site-packages/airflow/example_dags/example_task_group.py for tasks to queue
[2023-11-16T00:33:14.539+0000] {logging_mixin.py:154} INFO - [2023-11-16T00:33:14.539+0000] {dagbag.py:536} INFO - Filling up the DagBag from /home/airflow/.local/lib/python3.8/site-packages/airflow/example_dags/example_task_group.py
[2023-11-16T00:33:14.544+0000] {processor.py:839} INFO - DAG(s) dict_keys(['example_task_group']) retrieved from /home/airflow/.local/lib/python3.8/site-packages/airflow/example_dags/example_task_group.py
[2023-11-16T00:33:14.564+0000] {logging_mixin.py:154} INFO - [2023-11-16T00:33:14.564+0000] {dag.py:2941} INFO - Sync 1 DAGs
[2023-11-16T00:33:14.580+0000] {logging_mixin.py:154} INFO - [2023-11-16T00:33:14.579+0000] {dag.py:3722} INFO - Setting next_dagrun for example_task_group to 2023-11-15T00:33:14.579652+00:00, run_after=2023-11-16T00:33:14.579652+00:00
[2023-11-16T00:33:14.592+0000] {processor.py:179} INFO - Processing /home/airflow/.local/lib/python3.8/site-packages/airflow/example_dags/example_task_group.py took 0.057 seconds
[2023-11-16T00:33:44.767+0000] {processor.py:157} INFO - Started process (PID=2913) to work on /home/airflow/.local/lib/python3.8/site-packages/airflow/example_dags/example_task_group.py
[2023-11-16T00:33:44.768+0000] {processor.py:829} INFO - Processing file /home/airflow/.local/lib/python3.8/site-packages/airflow/example_dags/example_task_group.py for tasks to queue
[2023-11-16T00:33:44.770+0000] {logging_mixin.py:154} INFO - [2023-11-16T00:33:44.769+0000] {dagbag.py:536} INFO - Filling up the DagBag from /home/airflow/.local/lib/python3.8/site-packages/airflow/example_dags/example_task_group.py
[2023-11-16T00:33:44.775+0000] {processor.py:839} INFO - DAG(s) dict_keys(['example_task_group']) retrieved from /home/airflow/.local/lib/python3.8/site-packages/airflow/example_dags/example_task_group.py
[2023-11-16T00:33:44.788+0000] {logging_mixin.py:154} INFO - [2023-11-16T00:33:44.788+0000] {dag.py:2941} INFO - Sync 1 DAGs
[2023-11-16T00:33:44.802+0000] {logging_mixin.py:154} INFO - [2023-11-16T00:33:44.802+0000] {dag.py:3722} INFO - Setting next_dagrun for example_task_group to 2023-11-15T00:33:44.802213+00:00, run_after=2023-11-16T00:33:44.802213+00:00
[2023-11-16T00:33:44.813+0000] {processor.py:179} INFO - Processing /home/airflow/.local/lib/python3.8/site-packages/airflow/example_dags/example_task_group.py took 0.048 seconds
[2023-11-16T00:34:14.952+0000] {processor.py:157} INFO - Started process (PID=2970) to work on /home/airflow/.local/lib/python3.8/site-packages/airflow/example_dags/example_task_group.py
[2023-11-16T00:34:14.953+0000] {processor.py:829} INFO - Processing file /home/airflow/.local/lib/python3.8/site-packages/airflow/example_dags/example_task_group.py for tasks to queue
[2023-11-16T00:34:14.954+0000] {logging_mixin.py:154} INFO - [2023-11-16T00:34:14.954+0000] {dagbag.py:536} INFO - Filling up the DagBag from /home/airflow/.local/lib/python3.8/site-packages/airflow/example_dags/example_task_group.py
[2023-11-16T00:34:14.959+0000] {processor.py:839} INFO - DAG(s) dict_keys(['example_task_group']) retrieved from /home/airflow/.local/lib/python3.8/site-packages/airflow/example_dags/example_task_group.py
[2023-11-16T00:34:14.973+0000] {logging_mixin.py:154} INFO - [2023-11-16T00:34:14.973+0000] {dag.py:2941} INFO - Sync 1 DAGs
[2023-11-16T00:34:14.986+0000] {logging_mixin.py:154} INFO - [2023-11-16T00:34:14.986+0000] {dag.py:3722} INFO - Setting next_dagrun for example_task_group to 2023-11-15T00:34:14.986434+00:00, run_after=2023-11-16T00:34:14.986434+00:00
[2023-11-16T00:34:14.998+0000] {processor.py:179} INFO - Processing /home/airflow/.local/lib/python3.8/site-packages/airflow/example_dags/example_task_group.py took 0.048 seconds
[2023-11-16T00:34:45.283+0000] {processor.py:157} INFO - Started process (PID=3027) to work on /home/airflow/.local/lib/python3.8/site-packages/airflow/example_dags/example_task_group.py
[2023-11-16T00:34:45.284+0000] {processor.py:829} INFO - Processing file /home/airflow/.local/lib/python3.8/site-packages/airflow/example_dags/example_task_group.py for tasks to queue
[2023-11-16T00:34:45.286+0000] {logging_mixin.py:154} INFO - [2023-11-16T00:34:45.285+0000] {dagbag.py:536} INFO - Filling up the DagBag from /home/airflow/.local/lib/python3.8/site-packages/airflow/example_dags/example_task_group.py
[2023-11-16T00:34:45.291+0000] {processor.py:839} INFO - DAG(s) dict_keys(['example_task_group']) retrieved from /home/airflow/.local/lib/python3.8/site-packages/airflow/example_dags/example_task_group.py
[2023-11-16T00:34:45.306+0000] {logging_mixin.py:154} INFO - [2023-11-16T00:34:45.306+0000] {dag.py:2941} INFO - Sync 1 DAGs
[2023-11-16T00:34:45.320+0000] {logging_mixin.py:154} INFO - [2023-11-16T00:34:45.320+0000] {dag.py:3722} INFO - Setting next_dagrun for example_task_group to 2023-11-15T00:34:45.319993+00:00, run_after=2023-11-16T00:34:45.319993+00:00
[2023-11-16T00:34:45.332+0000] {processor.py:179} INFO - Processing /home/airflow/.local/lib/python3.8/site-packages/airflow/example_dags/example_task_group.py took 0.051 seconds
[2023-11-16T00:35:15.419+0000] {processor.py:157} INFO - Started process (PID=3084) to work on /home/airflow/.local/lib/python3.8/site-packages/airflow/example_dags/example_task_group.py
[2023-11-16T00:35:15.420+0000] {processor.py:829} INFO - Processing file /home/airflow/.local/lib/python3.8/site-packages/airflow/example_dags/example_task_group.py for tasks to queue
[2023-11-16T00:35:15.422+0000] {logging_mixin.py:154} INFO - [2023-11-16T00:35:15.422+0000] {dagbag.py:536} INFO - Filling up the DagBag from /home/airflow/.local/lib/python3.8/site-packages/airflow/example_dags/example_task_group.py
[2023-11-16T00:35:15.428+0000] {processor.py:839} INFO - DAG(s) dict_keys(['example_task_group']) retrieved from /home/airflow/.local/lib/python3.8/site-packages/airflow/example_dags/example_task_group.py
[2023-11-16T00:35:15.443+0000] {logging_mixin.py:154} INFO - [2023-11-16T00:35:15.442+0000] {dag.py:2941} INFO - Sync 1 DAGs
[2023-11-16T00:35:15.457+0000] {logging_mixin.py:154} INFO - [2023-11-16T00:35:15.457+0000] {dag.py:3722} INFO - Setting next_dagrun for example_task_group to 2023-11-15T00:35:15.457469+00:00, run_after=2023-11-16T00:35:15.457469+00:00
[2023-11-16T00:35:15.470+0000] {processor.py:179} INFO - Processing /home/airflow/.local/lib/python3.8/site-packages/airflow/example_dags/example_task_group.py took 0.053 seconds
[2023-11-16T00:35:46.392+0000] {processor.py:157} INFO - Started process (PID=3139) to work on /home/airflow/.local/lib/python3.8/site-packages/airflow/example_dags/example_task_group.py
[2023-11-16T00:35:46.393+0000] {processor.py:829} INFO - Processing file /home/airflow/.local/lib/python3.8/site-packages/airflow/example_dags/example_task_group.py for tasks to queue
[2023-11-16T00:35:46.394+0000] {logging_mixin.py:154} INFO - [2023-11-16T00:35:46.394+0000] {dagbag.py:536} INFO - Filling up the DagBag from /home/airflow/.local/lib/python3.8/site-packages/airflow/example_dags/example_task_group.py
[2023-11-16T00:35:46.399+0000] {processor.py:839} INFO - DAG(s) dict_keys(['example_task_group']) retrieved from /home/airflow/.local/lib/python3.8/site-packages/airflow/example_dags/example_task_group.py
[2023-11-16T00:35:46.414+0000] {logging_mixin.py:154} INFO - [2023-11-16T00:35:46.414+0000] {dag.py:2941} INFO - Sync 1 DAGs
[2023-11-16T00:35:46.428+0000] {logging_mixin.py:154} INFO - [2023-11-16T00:35:46.427+0000] {dag.py:3722} INFO - Setting next_dagrun for example_task_group to 2023-11-15T00:35:46.427782+00:00, run_after=2023-11-16T00:35:46.427782+00:00
[2023-11-16T00:35:46.439+0000] {processor.py:179} INFO - Processing /home/airflow/.local/lib/python3.8/site-packages/airflow/example_dags/example_task_group.py took 0.049 seconds
[2023-11-16T00:36:16.772+0000] {processor.py:157} INFO - Started process (PID=3197) to work on /home/airflow/.local/lib/python3.8/site-packages/airflow/example_dags/example_task_group.py
[2023-11-16T00:36:16.772+0000] {processor.py:829} INFO - Processing file /home/airflow/.local/lib/python3.8/site-packages/airflow/example_dags/example_task_group.py for tasks to queue
[2023-11-16T00:36:16.774+0000] {logging_mixin.py:154} INFO - [2023-11-16T00:36:16.774+0000] {dagbag.py:536} INFO - Filling up the DagBag from /home/airflow/.local/lib/python3.8/site-packages/airflow/example_dags/example_task_group.py
[2023-11-16T00:36:16.779+0000] {processor.py:839} INFO - DAG(s) dict_keys(['example_task_group']) retrieved from /home/airflow/.local/lib/python3.8/site-packages/airflow/example_dags/example_task_group.py
[2023-11-16T00:36:16.793+0000] {logging_mixin.py:154} INFO - [2023-11-16T00:36:16.792+0000] {dag.py:2941} INFO - Sync 1 DAGs
[2023-11-16T00:36:16.806+0000] {logging_mixin.py:154} INFO - [2023-11-16T00:36:16.806+0000] {dag.py:3722} INFO - Setting next_dagrun for example_task_group to 2023-11-15T00:36:16.806525+00:00, run_after=2023-11-16T00:36:16.806525+00:00
[2023-11-16T00:36:16.817+0000] {processor.py:179} INFO - Processing /home/airflow/.local/lib/python3.8/site-packages/airflow/example_dags/example_task_group.py took 0.048 seconds
[2023-11-16T00:36:46.982+0000] {processor.py:157} INFO - Started process (PID=3254) to work on /home/airflow/.local/lib/python3.8/site-packages/airflow/example_dags/example_task_group.py
[2023-11-16T00:36:46.983+0000] {processor.py:829} INFO - Processing file /home/airflow/.local/lib/python3.8/site-packages/airflow/example_dags/example_task_group.py for tasks to queue
[2023-11-16T00:36:46.985+0000] {logging_mixin.py:154} INFO - [2023-11-16T00:36:46.984+0000] {dagbag.py:536} INFO - Filling up the DagBag from /home/airflow/.local/lib/python3.8/site-packages/airflow/example_dags/example_task_group.py
[2023-11-16T00:36:46.990+0000] {processor.py:839} INFO - DAG(s) dict_keys(['example_task_group']) retrieved from /home/airflow/.local/lib/python3.8/site-packages/airflow/example_dags/example_task_group.py
[2023-11-16T00:36:47.005+0000] {logging_mixin.py:154} INFO - [2023-11-16T00:36:47.005+0000] {dag.py:2941} INFO - Sync 1 DAGs
[2023-11-16T00:36:47.019+0000] {logging_mixin.py:154} INFO - [2023-11-16T00:36:47.018+0000] {dag.py:3722} INFO - Setting next_dagrun for example_task_group to 2023-11-15T00:36:47.018828+00:00, run_after=2023-11-16T00:36:47.018828+00:00
[2023-11-16T00:36:47.032+0000] {processor.py:179} INFO - Processing /home/airflow/.local/lib/python3.8/site-packages/airflow/example_dags/example_task_group.py took 0.052 seconds
[2023-11-16T00:37:17.154+0000] {processor.py:157} INFO - Started process (PID=3311) to work on /home/airflow/.local/lib/python3.8/site-packages/airflow/example_dags/example_task_group.py
[2023-11-16T00:37:17.155+0000] {processor.py:829} INFO - Processing file /home/airflow/.local/lib/python3.8/site-packages/airflow/example_dags/example_task_group.py for tasks to queue
[2023-11-16T00:37:17.157+0000] {logging_mixin.py:154} INFO - [2023-11-16T00:37:17.157+0000] {dagbag.py:536} INFO - Filling up the DagBag from /home/airflow/.local/lib/python3.8/site-packages/airflow/example_dags/example_task_group.py
[2023-11-16T00:37:17.164+0000] {processor.py:839} INFO - DAG(s) dict_keys(['example_task_group']) retrieved from /home/airflow/.local/lib/python3.8/site-packages/airflow/example_dags/example_task_group.py
[2023-11-16T00:37:17.180+0000] {logging_mixin.py:154} INFO - [2023-11-16T00:37:17.179+0000] {dag.py:2941} INFO - Sync 1 DAGs
[2023-11-16T00:37:17.194+0000] {logging_mixin.py:154} INFO - [2023-11-16T00:37:17.194+0000] {dag.py:3722} INFO - Setting next_dagrun for example_task_group to 2023-11-15T00:37:17.193918+00:00, run_after=2023-11-16T00:37:17.193918+00:00
[2023-11-16T00:37:17.206+0000] {processor.py:179} INFO - Processing /home/airflow/.local/lib/python3.8/site-packages/airflow/example_dags/example_task_group.py took 0.055 seconds
[2023-11-16T00:37:47.410+0000] {processor.py:157} INFO - Started process (PID=3369) to work on /home/airflow/.local/lib/python3.8/site-packages/airflow/example_dags/example_task_group.py
[2023-11-16T00:37:47.411+0000] {processor.py:829} INFO - Processing file /home/airflow/.local/lib/python3.8/site-packages/airflow/example_dags/example_task_group.py for tasks to queue
[2023-11-16T00:37:47.412+0000] {logging_mixin.py:154} INFO - [2023-11-16T00:37:47.412+0000] {dagbag.py:536} INFO - Filling up the DagBag from /home/airflow/.local/lib/python3.8/site-packages/airflow/example_dags/example_task_group.py
[2023-11-16T00:37:47.417+0000] {processor.py:839} INFO - DAG(s) dict_keys(['example_task_group']) retrieved from /home/airflow/.local/lib/python3.8/site-packages/airflow/example_dags/example_task_group.py
[2023-11-16T00:37:47.431+0000] {logging_mixin.py:154} INFO - [2023-11-16T00:37:47.431+0000] {dag.py:2941} INFO - Sync 1 DAGs
[2023-11-16T00:37:47.446+0000] {logging_mixin.py:154} INFO - [2023-11-16T00:37:47.446+0000] {dag.py:3722} INFO - Setting next_dagrun for example_task_group to 2023-11-15T00:37:47.446195+00:00, run_after=2023-11-16T00:37:47.446195+00:00
[2023-11-16T00:37:47.458+0000] {processor.py:179} INFO - Processing /home/airflow/.local/lib/python3.8/site-packages/airflow/example_dags/example_task_group.py took 0.050 seconds
[2023-11-16T00:38:17.636+0000] {processor.py:157} INFO - Started process (PID=3426) to work on /home/airflow/.local/lib/python3.8/site-packages/airflow/example_dags/example_task_group.py
[2023-11-16T00:38:17.637+0000] {processor.py:829} INFO - Processing file /home/airflow/.local/lib/python3.8/site-packages/airflow/example_dags/example_task_group.py for tasks to queue
[2023-11-16T00:38:17.638+0000] {logging_mixin.py:154} INFO - [2023-11-16T00:38:17.638+0000] {dagbag.py:536} INFO - Filling up the DagBag from /home/airflow/.local/lib/python3.8/site-packages/airflow/example_dags/example_task_group.py
[2023-11-16T00:38:17.644+0000] {processor.py:839} INFO - DAG(s) dict_keys(['example_task_group']) retrieved from /home/airflow/.local/lib/python3.8/site-packages/airflow/example_dags/example_task_group.py
[2023-11-16T00:38:17.658+0000] {logging_mixin.py:154} INFO - [2023-11-16T00:38:17.658+0000] {dag.py:2941} INFO - Sync 1 DAGs
[2023-11-16T00:38:17.673+0000] {logging_mixin.py:154} INFO - [2023-11-16T00:38:17.672+0000] {dag.py:3722} INFO - Setting next_dagrun for example_task_group to 2023-11-15T00:38:17.672632+00:00, run_after=2023-11-16T00:38:17.672632+00:00
[2023-11-16T00:38:17.685+0000] {processor.py:179} INFO - Processing /home/airflow/.local/lib/python3.8/site-packages/airflow/example_dags/example_task_group.py took 0.052 seconds
[2023-11-16T00:38:48.019+0000] {processor.py:157} INFO - Started process (PID=3483) to work on /home/airflow/.local/lib/python3.8/site-packages/airflow/example_dags/example_task_group.py
[2023-11-16T00:38:48.019+0000] {processor.py:829} INFO - Processing file /home/airflow/.local/lib/python3.8/site-packages/airflow/example_dags/example_task_group.py for tasks to queue
[2023-11-16T00:38:48.021+0000] {logging_mixin.py:154} INFO - [2023-11-16T00:38:48.021+0000] {dagbag.py:536} INFO - Filling up the DagBag from /home/airflow/.local/lib/python3.8/site-packages/airflow/example_dags/example_task_group.py
[2023-11-16T00:38:48.026+0000] {processor.py:839} INFO - DAG(s) dict_keys(['example_task_group']) retrieved from /home/airflow/.local/lib/python3.8/site-packages/airflow/example_dags/example_task_group.py
[2023-11-16T00:38:48.040+0000] {logging_mixin.py:154} INFO - [2023-11-16T00:38:48.040+0000] {dag.py:2941} INFO - Sync 1 DAGs
[2023-11-16T00:38:48.053+0000] {logging_mixin.py:154} INFO - [2023-11-16T00:38:48.053+0000] {dag.py:3722} INFO - Setting next_dagrun for example_task_group to 2023-11-15T00:38:48.053187+00:00, run_after=2023-11-16T00:38:48.053187+00:00
[2023-11-16T00:38:48.064+0000] {processor.py:179} INFO - Processing /home/airflow/.local/lib/python3.8/site-packages/airflow/example_dags/example_task_group.py took 0.048 seconds
[2023-11-16T00:39:18.181+0000] {processor.py:157} INFO - Started process (PID=3541) to work on /home/airflow/.local/lib/python3.8/site-packages/airflow/example_dags/example_task_group.py
[2023-11-16T00:39:18.182+0000] {processor.py:829} INFO - Processing file /home/airflow/.local/lib/python3.8/site-packages/airflow/example_dags/example_task_group.py for tasks to queue
[2023-11-16T00:39:18.183+0000] {logging_mixin.py:154} INFO - [2023-11-16T00:39:18.183+0000] {dagbag.py:536} INFO - Filling up the DagBag from /home/airflow/.local/lib/python3.8/site-packages/airflow/example_dags/example_task_group.py
[2023-11-16T00:39:18.188+0000] {processor.py:839} INFO - DAG(s) dict_keys(['example_task_group']) retrieved from /home/airflow/.local/lib/python3.8/site-packages/airflow/example_dags/example_task_group.py
[2023-11-16T00:39:18.202+0000] {logging_mixin.py:154} INFO - [2023-11-16T00:39:18.201+0000] {dag.py:2941} INFO - Sync 1 DAGs
[2023-11-16T00:39:18.215+0000] {logging_mixin.py:154} INFO - [2023-11-16T00:39:18.215+0000] {dag.py:3722} INFO - Setting next_dagrun for example_task_group to 2023-11-15T00:39:18.215275+00:00, run_after=2023-11-16T00:39:18.215275+00:00
[2023-11-16T00:39:18.227+0000] {processor.py:179} INFO - Processing /home/airflow/.local/lib/python3.8/site-packages/airflow/example_dags/example_task_group.py took 0.048 seconds
[2023-11-16T00:39:48.529+0000] {processor.py:157} INFO - Started process (PID=3598) to work on /home/airflow/.local/lib/python3.8/site-packages/airflow/example_dags/example_task_group.py
[2023-11-16T00:39:48.530+0000] {processor.py:829} INFO - Processing file /home/airflow/.local/lib/python3.8/site-packages/airflow/example_dags/example_task_group.py for tasks to queue
[2023-11-16T00:39:48.531+0000] {logging_mixin.py:154} INFO - [2023-11-16T00:39:48.531+0000] {dagbag.py:536} INFO - Filling up the DagBag from /home/airflow/.local/lib/python3.8/site-packages/airflow/example_dags/example_task_group.py
[2023-11-16T00:39:48.536+0000] {processor.py:839} INFO - DAG(s) dict_keys(['example_task_group']) retrieved from /home/airflow/.local/lib/python3.8/site-packages/airflow/example_dags/example_task_group.py
[2023-11-16T00:39:48.550+0000] {logging_mixin.py:154} INFO - [2023-11-16T00:39:48.550+0000] {dag.py:2941} INFO - Sync 1 DAGs
[2023-11-16T00:39:48.563+0000] {logging_mixin.py:154} INFO - [2023-11-16T00:39:48.563+0000] {dag.py:3722} INFO - Setting next_dagrun for example_task_group to 2023-11-15T00:39:48.563524+00:00, run_after=2023-11-16T00:39:48.563524+00:00
[2023-11-16T00:39:48.574+0000] {processor.py:179} INFO - Processing /home/airflow/.local/lib/python3.8/site-packages/airflow/example_dags/example_task_group.py took 0.047 seconds
[2023-11-16T00:40:18.702+0000] {processor.py:157} INFO - Started process (PID=3655) to work on /home/airflow/.local/lib/python3.8/site-packages/airflow/example_dags/example_task_group.py
[2023-11-16T00:40:18.703+0000] {processor.py:829} INFO - Processing file /home/airflow/.local/lib/python3.8/site-packages/airflow/example_dags/example_task_group.py for tasks to queue
[2023-11-16T00:40:18.704+0000] {logging_mixin.py:154} INFO - [2023-11-16T00:40:18.704+0000] {dagbag.py:536} INFO - Filling up the DagBag from /home/airflow/.local/lib/python3.8/site-packages/airflow/example_dags/example_task_group.py
[2023-11-16T00:40:18.709+0000] {processor.py:839} INFO - DAG(s) dict_keys(['example_task_group']) retrieved from /home/airflow/.local/lib/python3.8/site-packages/airflow/example_dags/example_task_group.py
[2023-11-16T00:40:18.723+0000] {logging_mixin.py:154} INFO - [2023-11-16T00:40:18.723+0000] {dag.py:2941} INFO - Sync 1 DAGs
[2023-11-16T00:40:18.737+0000] {logging_mixin.py:154} INFO - [2023-11-16T00:40:18.737+0000] {dag.py:3722} INFO - Setting next_dagrun for example_task_group to 2023-11-15T00:40:18.737333+00:00, run_after=2023-11-16T00:40:18.737333+00:00
[2023-11-16T00:40:18.749+0000] {processor.py:179} INFO - Processing /home/airflow/.local/lib/python3.8/site-packages/airflow/example_dags/example_task_group.py took 0.049 seconds
[2023-11-16T00:40:48.785+0000] {processor.py:157} INFO - Started process (PID=3713) to work on /home/airflow/.local/lib/python3.8/site-packages/airflow/example_dags/example_task_group.py
[2023-11-16T00:40:48.785+0000] {processor.py:829} INFO - Processing file /home/airflow/.local/lib/python3.8/site-packages/airflow/example_dags/example_task_group.py for tasks to queue
[2023-11-16T00:40:48.787+0000] {logging_mixin.py:154} INFO - [2023-11-16T00:40:48.787+0000] {dagbag.py:536} INFO - Filling up the DagBag from /home/airflow/.local/lib/python3.8/site-packages/airflow/example_dags/example_task_group.py
[2023-11-16T00:40:48.792+0000] {processor.py:839} INFO - DAG(s) dict_keys(['example_task_group']) retrieved from /home/airflow/.local/lib/python3.8/site-packages/airflow/example_dags/example_task_group.py
[2023-11-16T00:40:48.806+0000] {logging_mixin.py:154} INFO - [2023-11-16T00:40:48.806+0000] {dag.py:2941} INFO - Sync 1 DAGs
[2023-11-16T00:40:48.819+0000] {logging_mixin.py:154} INFO - [2023-11-16T00:40:48.819+0000] {dag.py:3722} INFO - Setting next_dagrun for example_task_group to 2023-11-15T00:40:48.819459+00:00, run_after=2023-11-16T00:40:48.819459+00:00
[2023-11-16T00:40:48.830+0000] {processor.py:179} INFO - Processing /home/airflow/.local/lib/python3.8/site-packages/airflow/example_dags/example_task_group.py took 0.048 seconds
[2023-11-16T00:41:18.896+0000] {processor.py:157} INFO - Started process (PID=3770) to work on /home/airflow/.local/lib/python3.8/site-packages/airflow/example_dags/example_task_group.py
[2023-11-16T00:41:18.897+0000] {processor.py:829} INFO - Processing file /home/airflow/.local/lib/python3.8/site-packages/airflow/example_dags/example_task_group.py for tasks to queue
[2023-11-16T00:41:18.899+0000] {logging_mixin.py:154} INFO - [2023-11-16T00:41:18.899+0000] {dagbag.py:536} INFO - Filling up the DagBag from /home/airflow/.local/lib/python3.8/site-packages/airflow/example_dags/example_task_group.py
[2023-11-16T00:41:18.904+0000] {processor.py:839} INFO - DAG(s) dict_keys(['example_task_group']) retrieved from /home/airflow/.local/lib/python3.8/site-packages/airflow/example_dags/example_task_group.py
[2023-11-16T00:41:18.918+0000] {logging_mixin.py:154} INFO - [2023-11-16T00:41:18.918+0000] {dag.py:2941} INFO - Sync 1 DAGs
[2023-11-16T00:41:18.931+0000] {logging_mixin.py:154} INFO - [2023-11-16T00:41:18.931+0000] {dag.py:3722} INFO - Setting next_dagrun for example_task_group to 2023-11-15T00:41:18.931066+00:00, run_after=2023-11-16T00:41:18.931066+00:00
[2023-11-16T00:41:18.941+0000] {processor.py:179} INFO - Processing /home/airflow/.local/lib/python3.8/site-packages/airflow/example_dags/example_task_group.py took 0.047 seconds
[2023-11-16T00:41:49.062+0000] {processor.py:157} INFO - Started process (PID=3827) to work on /home/airflow/.local/lib/python3.8/site-packages/airflow/example_dags/example_task_group.py
[2023-11-16T00:41:49.063+0000] {processor.py:829} INFO - Processing file /home/airflow/.local/lib/python3.8/site-packages/airflow/example_dags/example_task_group.py for tasks to queue
[2023-11-16T00:41:49.065+0000] {logging_mixin.py:154} INFO - [2023-11-16T00:41:49.065+0000] {dagbag.py:536} INFO - Filling up the DagBag from /home/airflow/.local/lib/python3.8/site-packages/airflow/example_dags/example_task_group.py
[2023-11-16T00:41:49.071+0000] {processor.py:839} INFO - DAG(s) dict_keys(['example_task_group']) retrieved from /home/airflow/.local/lib/python3.8/site-packages/airflow/example_dags/example_task_group.py
[2023-11-16T00:41:49.088+0000] {logging_mixin.py:154} INFO - [2023-11-16T00:41:49.088+0000] {dag.py:2941} INFO - Sync 1 DAGs
[2023-11-16T00:41:49.103+0000] {logging_mixin.py:154} INFO - [2023-11-16T00:41:49.103+0000] {dag.py:3722} INFO - Setting next_dagrun for example_task_group to 2023-11-15T00:41:49.103098+00:00, run_after=2023-11-16T00:41:49.103098+00:00
[2023-11-16T00:41:49.119+0000] {processor.py:179} INFO - Processing /home/airflow/.local/lib/python3.8/site-packages/airflow/example_dags/example_task_group.py took 0.059 seconds
[2023-11-16T00:42:19.332+0000] {processor.py:157} INFO - Started process (PID=3884) to work on /home/airflow/.local/lib/python3.8/site-packages/airflow/example_dags/example_task_group.py
[2023-11-16T00:42:19.332+0000] {processor.py:829} INFO - Processing file /home/airflow/.local/lib/python3.8/site-packages/airflow/example_dags/example_task_group.py for tasks to queue
[2023-11-16T00:42:19.334+0000] {logging_mixin.py:154} INFO - [2023-11-16T00:42:19.334+0000] {dagbag.py:536} INFO - Filling up the DagBag from /home/airflow/.local/lib/python3.8/site-packages/airflow/example_dags/example_task_group.py
[2023-11-16T00:42:19.339+0000] {processor.py:839} INFO - DAG(s) dict_keys(['example_task_group']) retrieved from /home/airflow/.local/lib/python3.8/site-packages/airflow/example_dags/example_task_group.py
[2023-11-16T00:42:19.354+0000] {logging_mixin.py:154} INFO - [2023-11-16T00:42:19.353+0000] {dag.py:2941} INFO - Sync 1 DAGs
[2023-11-16T00:42:19.368+0000] {logging_mixin.py:154} INFO - [2023-11-16T00:42:19.368+0000] {dag.py:3722} INFO - Setting next_dagrun for example_task_group to 2023-11-15T00:42:19.367975+00:00, run_after=2023-11-16T00:42:19.367975+00:00
[2023-11-16T00:42:19.379+0000] {processor.py:179} INFO - Processing /home/airflow/.local/lib/python3.8/site-packages/airflow/example_dags/example_task_group.py took 0.050 seconds
[2023-11-16T00:42:49.504+0000] {processor.py:157} INFO - Started process (PID=3941) to work on /home/airflow/.local/lib/python3.8/site-packages/airflow/example_dags/example_task_group.py
[2023-11-16T00:42:49.505+0000] {processor.py:829} INFO - Processing file /home/airflow/.local/lib/python3.8/site-packages/airflow/example_dags/example_task_group.py for tasks to queue
[2023-11-16T00:42:49.507+0000] {logging_mixin.py:154} INFO - [2023-11-16T00:42:49.506+0000] {dagbag.py:536} INFO - Filling up the DagBag from /home/airflow/.local/lib/python3.8/site-packages/airflow/example_dags/example_task_group.py
[2023-11-16T00:42:49.511+0000] {processor.py:839} INFO - DAG(s) dict_keys(['example_task_group']) retrieved from /home/airflow/.local/lib/python3.8/site-packages/airflow/example_dags/example_task_group.py
[2023-11-16T00:42:49.526+0000] {logging_mixin.py:154} INFO - [2023-11-16T00:42:49.525+0000] {dag.py:2941} INFO - Sync 1 DAGs
[2023-11-16T00:42:49.540+0000] {logging_mixin.py:154} INFO - [2023-11-16T00:42:49.540+0000] {dag.py:3722} INFO - Setting next_dagrun for example_task_group to 2023-11-15T00:42:49.540272+00:00, run_after=2023-11-16T00:42:49.540272+00:00
[2023-11-16T00:42:49.552+0000] {processor.py:179} INFO - Processing /home/airflow/.local/lib/python3.8/site-packages/airflow/example_dags/example_task_group.py took 0.050 seconds
[2023-11-16T00:43:19.863+0000] {processor.py:157} INFO - Started process (PID=3998) to work on /home/airflow/.local/lib/python3.8/site-packages/airflow/example_dags/example_task_group.py
[2023-11-16T00:43:19.864+0000] {processor.py:829} INFO - Processing file /home/airflow/.local/lib/python3.8/site-packages/airflow/example_dags/example_task_group.py for tasks to queue
[2023-11-16T00:43:19.865+0000] {logging_mixin.py:154} INFO - [2023-11-16T00:43:19.865+0000] {dagbag.py:536} INFO - Filling up the DagBag from /home/airflow/.local/lib/python3.8/site-packages/airflow/example_dags/example_task_group.py
[2023-11-16T00:43:19.870+0000] {processor.py:839} INFO - DAG(s) dict_keys(['example_task_group']) retrieved from /home/airflow/.local/lib/python3.8/site-packages/airflow/example_dags/example_task_group.py
[2023-11-16T00:43:19.884+0000] {logging_mixin.py:154} INFO - [2023-11-16T00:43:19.884+0000] {dag.py:2941} INFO - Sync 1 DAGs
[2023-11-16T00:43:19.899+0000] {logging_mixin.py:154} INFO - [2023-11-16T00:43:19.899+0000] {dag.py:3722} INFO - Setting next_dagrun for example_task_group to 2023-11-15T00:43:19.899117+00:00, run_after=2023-11-16T00:43:19.899117+00:00
[2023-11-16T00:43:19.911+0000] {processor.py:179} INFO - Processing /home/airflow/.local/lib/python3.8/site-packages/airflow/example_dags/example_task_group.py took 0.051 seconds
[2023-11-16T00:43:50.034+0000] {processor.py:157} INFO - Started process (PID=4055) to work on /home/airflow/.local/lib/python3.8/site-packages/airflow/example_dags/example_task_group.py
[2023-11-16T00:43:50.035+0000] {processor.py:829} INFO - Processing file /home/airflow/.local/lib/python3.8/site-packages/airflow/example_dags/example_task_group.py for tasks to queue
[2023-11-16T00:43:50.036+0000] {logging_mixin.py:154} INFO - [2023-11-16T00:43:50.036+0000] {dagbag.py:536} INFO - Filling up the DagBag from /home/airflow/.local/lib/python3.8/site-packages/airflow/example_dags/example_task_group.py
[2023-11-16T00:43:50.041+0000] {processor.py:839} INFO - DAG(s) dict_keys(['example_task_group']) retrieved from /home/airflow/.local/lib/python3.8/site-packages/airflow/example_dags/example_task_group.py
[2023-11-16T00:43:50.056+0000] {logging_mixin.py:154} INFO - [2023-11-16T00:43:50.055+0000] {dag.py:2941} INFO - Sync 1 DAGs
[2023-11-16T00:43:50.069+0000] {logging_mixin.py:154} INFO - [2023-11-16T00:43:50.069+0000] {dag.py:3722} INFO - Setting next_dagrun for example_task_group to 2023-11-15T00:43:50.069492+00:00, run_after=2023-11-16T00:43:50.069492+00:00
[2023-11-16T00:43:50.080+0000] {processor.py:179} INFO - Processing /home/airflow/.local/lib/python3.8/site-packages/airflow/example_dags/example_task_group.py took 0.049 seconds
