[2023-11-16T00:06:22.525+0000] {processor.py:157} INFO - Started process (PID=53) to work on /home/airflow/.local/lib/python3.8/site-packages/airflow/example_dags/example_branch_labels.py
[2023-11-16T00:06:22.526+0000] {processor.py:829} INFO - Processing file /home/airflow/.local/lib/python3.8/site-packages/airflow/example_dags/example_branch_labels.py for tasks to queue
[2023-11-16T00:06:22.527+0000] {logging_mixin.py:154} INFO - [2023-11-16T00:06:22.527+0000] {dagbag.py:536} INFO - Filling up the DagBag from /home/airflow/.local/lib/python3.8/site-packages/airflow/example_dags/example_branch_labels.py
[2023-11-16T00:06:22.534+0000] {processor.py:839} INFO - DAG(s) dict_keys(['example_branch_labels']) retrieved from /home/airflow/.local/lib/python3.8/site-packages/airflow/example_dags/example_branch_labels.py
[2023-11-16T00:06:22.542+0000] {logging_mixin.py:154} INFO - [2023-11-16T00:06:22.542+0000] {dag.py:2941} INFO - Sync 1 DAGs
[2023-11-16T00:06:22.560+0000] {logging_mixin.py:154} INFO - [2023-11-16T00:06:22.560+0000] {dag.py:3722} INFO - Setting next_dagrun for example_branch_labels to 2023-11-15T00:00:00+00:00, run_after=2023-11-16T00:00:00+00:00
[2023-11-16T00:06:22.573+0000] {processor.py:179} INFO - Processing /home/airflow/.local/lib/python3.8/site-packages/airflow/example_dags/example_branch_labels.py took 0.050 seconds
[2023-11-16T00:08:29.113+0000] {processor.py:157} INFO - Started process (PID=56) to work on /home/airflow/.local/lib/python3.8/site-packages/airflow/example_dags/example_branch_labels.py
[2023-11-16T00:08:29.114+0000] {processor.py:829} INFO - Processing file /home/airflow/.local/lib/python3.8/site-packages/airflow/example_dags/example_branch_labels.py for tasks to queue
[2023-11-16T00:08:29.116+0000] {logging_mixin.py:154} INFO - [2023-11-16T00:08:29.116+0000] {dagbag.py:536} INFO - Filling up the DagBag from /home/airflow/.local/lib/python3.8/site-packages/airflow/example_dags/example_branch_labels.py
[2023-11-16T00:08:29.124+0000] {processor.py:839} INFO - DAG(s) dict_keys(['example_branch_labels']) retrieved from /home/airflow/.local/lib/python3.8/site-packages/airflow/example_dags/example_branch_labels.py
[2023-11-16T00:08:29.133+0000] {logging_mixin.py:154} INFO - [2023-11-16T00:08:29.133+0000] {dag.py:2941} INFO - Sync 1 DAGs
[2023-11-16T00:08:29.151+0000] {logging_mixin.py:154} INFO - [2023-11-16T00:08:29.151+0000] {dag.py:3722} INFO - Setting next_dagrun for example_branch_labels to 2023-11-15T00:00:00+00:00, run_after=2023-11-16T00:00:00+00:00
[2023-11-16T00:08:29.166+0000] {processor.py:179} INFO - Processing /home/airflow/.local/lib/python3.8/site-packages/airflow/example_dags/example_branch_labels.py took 0.056 seconds
[2023-11-16T00:09:00.216+0000] {processor.py:157} INFO - Started process (PID=114) to work on /home/airflow/.local/lib/python3.8/site-packages/airflow/example_dags/example_branch_labels.py
[2023-11-16T00:09:00.217+0000] {processor.py:829} INFO - Processing file /home/airflow/.local/lib/python3.8/site-packages/airflow/example_dags/example_branch_labels.py for tasks to queue
[2023-11-16T00:09:00.219+0000] {logging_mixin.py:154} INFO - [2023-11-16T00:09:00.219+0000] {dagbag.py:536} INFO - Filling up the DagBag from /home/airflow/.local/lib/python3.8/site-packages/airflow/example_dags/example_branch_labels.py
[2023-11-16T00:09:00.224+0000] {processor.py:839} INFO - DAG(s) dict_keys(['example_branch_labels']) retrieved from /home/airflow/.local/lib/python3.8/site-packages/airflow/example_dags/example_branch_labels.py
[2023-11-16T00:09:00.237+0000] {logging_mixin.py:154} INFO - [2023-11-16T00:09:00.237+0000] {dag.py:2941} INFO - Sync 1 DAGs
[2023-11-16T00:09:00.253+0000] {logging_mixin.py:154} INFO - [2023-11-16T00:09:00.253+0000] {dag.py:3722} INFO - Setting next_dagrun for example_branch_labels to 2023-11-15T00:00:00+00:00, run_after=2023-11-16T00:00:00+00:00
[2023-11-16T00:09:00.265+0000] {processor.py:179} INFO - Processing /home/airflow/.local/lib/python3.8/site-packages/airflow/example_dags/example_branch_labels.py took 0.051 seconds
[2023-11-16T00:09:30.574+0000] {processor.py:157} INFO - Started process (PID=171) to work on /home/airflow/.local/lib/python3.8/site-packages/airflow/example_dags/example_branch_labels.py
[2023-11-16T00:09:30.575+0000] {processor.py:829} INFO - Processing file /home/airflow/.local/lib/python3.8/site-packages/airflow/example_dags/example_branch_labels.py for tasks to queue
[2023-11-16T00:09:30.577+0000] {logging_mixin.py:154} INFO - [2023-11-16T00:09:30.577+0000] {dagbag.py:536} INFO - Filling up the DagBag from /home/airflow/.local/lib/python3.8/site-packages/airflow/example_dags/example_branch_labels.py
[2023-11-16T00:09:30.582+0000] {processor.py:839} INFO - DAG(s) dict_keys(['example_branch_labels']) retrieved from /home/airflow/.local/lib/python3.8/site-packages/airflow/example_dags/example_branch_labels.py
[2023-11-16T00:09:30.597+0000] {logging_mixin.py:154} INFO - [2023-11-16T00:09:30.597+0000] {dag.py:2941} INFO - Sync 1 DAGs
[2023-11-16T00:09:30.613+0000] {logging_mixin.py:154} INFO - [2023-11-16T00:09:30.613+0000] {dag.py:3722} INFO - Setting next_dagrun for example_branch_labels to 2023-11-15T00:00:00+00:00, run_after=2023-11-16T00:00:00+00:00
[2023-11-16T00:09:30.627+0000] {processor.py:179} INFO - Processing /home/airflow/.local/lib/python3.8/site-packages/airflow/example_dags/example_branch_labels.py took 0.055 seconds
[2023-11-16T00:10:00.793+0000] {processor.py:157} INFO - Started process (PID=228) to work on /home/airflow/.local/lib/python3.8/site-packages/airflow/example_dags/example_branch_labels.py
[2023-11-16T00:10:00.794+0000] {processor.py:829} INFO - Processing file /home/airflow/.local/lib/python3.8/site-packages/airflow/example_dags/example_branch_labels.py for tasks to queue
[2023-11-16T00:10:00.795+0000] {logging_mixin.py:154} INFO - [2023-11-16T00:10:00.795+0000] {dagbag.py:536} INFO - Filling up the DagBag from /home/airflow/.local/lib/python3.8/site-packages/airflow/example_dags/example_branch_labels.py
[2023-11-16T00:10:00.801+0000] {processor.py:839} INFO - DAG(s) dict_keys(['example_branch_labels']) retrieved from /home/airflow/.local/lib/python3.8/site-packages/airflow/example_dags/example_branch_labels.py
[2023-11-16T00:10:00.814+0000] {logging_mixin.py:154} INFO - [2023-11-16T00:10:00.814+0000] {dag.py:2941} INFO - Sync 1 DAGs
[2023-11-16T00:10:00.829+0000] {logging_mixin.py:154} INFO - [2023-11-16T00:10:00.829+0000] {dag.py:3722} INFO - Setting next_dagrun for example_branch_labels to 2023-11-15T00:00:00+00:00, run_after=2023-11-16T00:00:00+00:00
[2023-11-16T00:10:00.840+0000] {processor.py:179} INFO - Processing /home/airflow/.local/lib/python3.8/site-packages/airflow/example_dags/example_branch_labels.py took 0.049 seconds
[2023-11-16T00:10:31.700+0000] {processor.py:157} INFO - Started process (PID=285) to work on /home/airflow/.local/lib/python3.8/site-packages/airflow/example_dags/example_branch_labels.py
[2023-11-16T00:10:31.701+0000] {processor.py:829} INFO - Processing file /home/airflow/.local/lib/python3.8/site-packages/airflow/example_dags/example_branch_labels.py for tasks to queue
[2023-11-16T00:10:31.702+0000] {logging_mixin.py:154} INFO - [2023-11-16T00:10:31.702+0000] {dagbag.py:536} INFO - Filling up the DagBag from /home/airflow/.local/lib/python3.8/site-packages/airflow/example_dags/example_branch_labels.py
[2023-11-16T00:10:31.707+0000] {processor.py:839} INFO - DAG(s) dict_keys(['example_branch_labels']) retrieved from /home/airflow/.local/lib/python3.8/site-packages/airflow/example_dags/example_branch_labels.py
[2023-11-16T00:10:31.722+0000] {logging_mixin.py:154} INFO - [2023-11-16T00:10:31.721+0000] {dag.py:2941} INFO - Sync 1 DAGs
[2023-11-16T00:10:31.736+0000] {logging_mixin.py:154} INFO - [2023-11-16T00:10:31.736+0000] {dag.py:3722} INFO - Setting next_dagrun for example_branch_labels to 2023-11-15T00:00:00+00:00, run_after=2023-11-16T00:00:00+00:00
[2023-11-16T00:10:31.747+0000] {processor.py:179} INFO - Processing /home/airflow/.local/lib/python3.8/site-packages/airflow/example_dags/example_branch_labels.py took 0.049 seconds
[2023-11-16T00:11:01.813+0000] {processor.py:157} INFO - Started process (PID=342) to work on /home/airflow/.local/lib/python3.8/site-packages/airflow/example_dags/example_branch_labels.py
[2023-11-16T00:11:01.814+0000] {processor.py:829} INFO - Processing file /home/airflow/.local/lib/python3.8/site-packages/airflow/example_dags/example_branch_labels.py for tasks to queue
[2023-11-16T00:11:01.816+0000] {logging_mixin.py:154} INFO - [2023-11-16T00:11:01.816+0000] {dagbag.py:536} INFO - Filling up the DagBag from /home/airflow/.local/lib/python3.8/site-packages/airflow/example_dags/example_branch_labels.py
[2023-11-16T00:11:01.821+0000] {processor.py:839} INFO - DAG(s) dict_keys(['example_branch_labels']) retrieved from /home/airflow/.local/lib/python3.8/site-packages/airflow/example_dags/example_branch_labels.py
[2023-11-16T00:11:01.834+0000] {logging_mixin.py:154} INFO - [2023-11-16T00:11:01.834+0000] {dag.py:2941} INFO - Sync 1 DAGs
[2023-11-16T00:11:01.849+0000] {logging_mixin.py:154} INFO - [2023-11-16T00:11:01.849+0000] {dag.py:3722} INFO - Setting next_dagrun for example_branch_labels to 2023-11-15T00:00:00+00:00, run_after=2023-11-16T00:00:00+00:00
[2023-11-16T00:11:01.860+0000] {processor.py:179} INFO - Processing /home/airflow/.local/lib/python3.8/site-packages/airflow/example_dags/example_branch_labels.py took 0.048 seconds
[2023-11-16T00:11:31.950+0000] {processor.py:157} INFO - Started process (PID=399) to work on /home/airflow/.local/lib/python3.8/site-packages/airflow/example_dags/example_branch_labels.py
[2023-11-16T00:11:31.951+0000] {processor.py:829} INFO - Processing file /home/airflow/.local/lib/python3.8/site-packages/airflow/example_dags/example_branch_labels.py for tasks to queue
[2023-11-16T00:11:31.953+0000] {logging_mixin.py:154} INFO - [2023-11-16T00:11:31.953+0000] {dagbag.py:536} INFO - Filling up the DagBag from /home/airflow/.local/lib/python3.8/site-packages/airflow/example_dags/example_branch_labels.py
[2023-11-16T00:11:31.960+0000] {processor.py:839} INFO - DAG(s) dict_keys(['example_branch_labels']) retrieved from /home/airflow/.local/lib/python3.8/site-packages/airflow/example_dags/example_branch_labels.py
[2023-11-16T00:11:31.974+0000] {logging_mixin.py:154} INFO - [2023-11-16T00:11:31.974+0000] {dag.py:2941} INFO - Sync 1 DAGs
[2023-11-16T00:11:31.989+0000] {logging_mixin.py:154} INFO - [2023-11-16T00:11:31.989+0000] {dag.py:3722} INFO - Setting next_dagrun for example_branch_labels to 2023-11-15T00:00:00+00:00, run_after=2023-11-16T00:00:00+00:00
[2023-11-16T00:11:32.000+0000] {processor.py:179} INFO - Processing /home/airflow/.local/lib/python3.8/site-packages/airflow/example_dags/example_branch_labels.py took 0.053 seconds
[2023-11-16T00:12:02.114+0000] {processor.py:157} INFO - Started process (PID=456) to work on /home/airflow/.local/lib/python3.8/site-packages/airflow/example_dags/example_branch_labels.py
[2023-11-16T00:12:02.115+0000] {processor.py:829} INFO - Processing file /home/airflow/.local/lib/python3.8/site-packages/airflow/example_dags/example_branch_labels.py for tasks to queue
[2023-11-16T00:12:02.117+0000] {logging_mixin.py:154} INFO - [2023-11-16T00:12:02.116+0000] {dagbag.py:536} INFO - Filling up the DagBag from /home/airflow/.local/lib/python3.8/site-packages/airflow/example_dags/example_branch_labels.py
[2023-11-16T00:12:02.122+0000] {processor.py:839} INFO - DAG(s) dict_keys(['example_branch_labels']) retrieved from /home/airflow/.local/lib/python3.8/site-packages/airflow/example_dags/example_branch_labels.py
[2023-11-16T00:12:02.136+0000] {logging_mixin.py:154} INFO - [2023-11-16T00:12:02.136+0000] {dag.py:2941} INFO - Sync 1 DAGs
[2023-11-16T00:12:02.151+0000] {logging_mixin.py:154} INFO - [2023-11-16T00:12:02.151+0000] {dag.py:3722} INFO - Setting next_dagrun for example_branch_labels to 2023-11-15T00:00:00+00:00, run_after=2023-11-16T00:00:00+00:00
[2023-11-16T00:12:02.162+0000] {processor.py:179} INFO - Processing /home/airflow/.local/lib/python3.8/site-packages/airflow/example_dags/example_branch_labels.py took 0.050 seconds
[2023-11-16T00:12:32.246+0000] {processor.py:157} INFO - Started process (PID=514) to work on /home/airflow/.local/lib/python3.8/site-packages/airflow/example_dags/example_branch_labels.py
[2023-11-16T00:12:32.247+0000] {processor.py:829} INFO - Processing file /home/airflow/.local/lib/python3.8/site-packages/airflow/example_dags/example_branch_labels.py for tasks to queue
[2023-11-16T00:12:32.249+0000] {logging_mixin.py:154} INFO - [2023-11-16T00:12:32.248+0000] {dagbag.py:536} INFO - Filling up the DagBag from /home/airflow/.local/lib/python3.8/site-packages/airflow/example_dags/example_branch_labels.py
[2023-11-16T00:12:32.254+0000] {processor.py:839} INFO - DAG(s) dict_keys(['example_branch_labels']) retrieved from /home/airflow/.local/lib/python3.8/site-packages/airflow/example_dags/example_branch_labels.py
[2023-11-16T00:12:32.271+0000] {logging_mixin.py:154} INFO - [2023-11-16T00:12:32.270+0000] {dag.py:2941} INFO - Sync 1 DAGs
[2023-11-16T00:12:32.285+0000] {logging_mixin.py:154} INFO - [2023-11-16T00:12:32.285+0000] {dag.py:3722} INFO - Setting next_dagrun for example_branch_labels to 2023-11-15T00:00:00+00:00, run_after=2023-11-16T00:00:00+00:00
[2023-11-16T00:12:32.297+0000] {processor.py:179} INFO - Processing /home/airflow/.local/lib/python3.8/site-packages/airflow/example_dags/example_branch_labels.py took 0.053 seconds
[2023-11-16T00:13:02.438+0000] {processor.py:157} INFO - Started process (PID=571) to work on /home/airflow/.local/lib/python3.8/site-packages/airflow/example_dags/example_branch_labels.py
[2023-11-16T00:13:02.439+0000] {processor.py:829} INFO - Processing file /home/airflow/.local/lib/python3.8/site-packages/airflow/example_dags/example_branch_labels.py for tasks to queue
[2023-11-16T00:13:02.440+0000] {logging_mixin.py:154} INFO - [2023-11-16T00:13:02.440+0000] {dagbag.py:536} INFO - Filling up the DagBag from /home/airflow/.local/lib/python3.8/site-packages/airflow/example_dags/example_branch_labels.py
[2023-11-16T00:13:02.445+0000] {processor.py:839} INFO - DAG(s) dict_keys(['example_branch_labels']) retrieved from /home/airflow/.local/lib/python3.8/site-packages/airflow/example_dags/example_branch_labels.py
[2023-11-16T00:13:02.459+0000] {logging_mixin.py:154} INFO - [2023-11-16T00:13:02.459+0000] {dag.py:2941} INFO - Sync 1 DAGs
[2023-11-16T00:13:02.474+0000] {logging_mixin.py:154} INFO - [2023-11-16T00:13:02.474+0000] {dag.py:3722} INFO - Setting next_dagrun for example_branch_labels to 2023-11-15T00:00:00+00:00, run_after=2023-11-16T00:00:00+00:00
[2023-11-16T00:13:02.486+0000] {processor.py:179} INFO - Processing /home/airflow/.local/lib/python3.8/site-packages/airflow/example_dags/example_branch_labels.py took 0.050 seconds
[2023-11-16T00:13:32.554+0000] {processor.py:157} INFO - Started process (PID=628) to work on /home/airflow/.local/lib/python3.8/site-packages/airflow/example_dags/example_branch_labels.py
[2023-11-16T00:13:32.555+0000] {processor.py:829} INFO - Processing file /home/airflow/.local/lib/python3.8/site-packages/airflow/example_dags/example_branch_labels.py for tasks to queue
[2023-11-16T00:13:32.557+0000] {logging_mixin.py:154} INFO - [2023-11-16T00:13:32.556+0000] {dagbag.py:536} INFO - Filling up the DagBag from /home/airflow/.local/lib/python3.8/site-packages/airflow/example_dags/example_branch_labels.py
[2023-11-16T00:13:32.562+0000] {processor.py:839} INFO - DAG(s) dict_keys(['example_branch_labels']) retrieved from /home/airflow/.local/lib/python3.8/site-packages/airflow/example_dags/example_branch_labels.py
[2023-11-16T00:13:32.577+0000] {logging_mixin.py:154} INFO - [2023-11-16T00:13:32.577+0000] {dag.py:2941} INFO - Sync 1 DAGs
[2023-11-16T00:13:32.592+0000] {logging_mixin.py:154} INFO - [2023-11-16T00:13:32.592+0000] {dag.py:3722} INFO - Setting next_dagrun for example_branch_labels to 2023-11-15T00:00:00+00:00, run_after=2023-11-16T00:00:00+00:00
[2023-11-16T00:13:32.604+0000] {processor.py:179} INFO - Processing /home/airflow/.local/lib/python3.8/site-packages/airflow/example_dags/example_branch_labels.py took 0.052 seconds
[2023-11-16T00:14:02.742+0000] {processor.py:157} INFO - Started process (PID=685) to work on /home/airflow/.local/lib/python3.8/site-packages/airflow/example_dags/example_branch_labels.py
[2023-11-16T00:14:02.743+0000] {processor.py:829} INFO - Processing file /home/airflow/.local/lib/python3.8/site-packages/airflow/example_dags/example_branch_labels.py for tasks to queue
[2023-11-16T00:14:02.745+0000] {logging_mixin.py:154} INFO - [2023-11-16T00:14:02.744+0000] {dagbag.py:536} INFO - Filling up the DagBag from /home/airflow/.local/lib/python3.8/site-packages/airflow/example_dags/example_branch_labels.py
[2023-11-16T00:14:02.750+0000] {processor.py:839} INFO - DAG(s) dict_keys(['example_branch_labels']) retrieved from /home/airflow/.local/lib/python3.8/site-packages/airflow/example_dags/example_branch_labels.py
[2023-11-16T00:14:02.763+0000] {logging_mixin.py:154} INFO - [2023-11-16T00:14:02.762+0000] {dag.py:2941} INFO - Sync 1 DAGs
[2023-11-16T00:14:02.780+0000] {logging_mixin.py:154} INFO - [2023-11-16T00:14:02.780+0000] {dag.py:3722} INFO - Setting next_dagrun for example_branch_labels to 2023-11-15T00:00:00+00:00, run_after=2023-11-16T00:00:00+00:00
[2023-11-16T00:14:02.794+0000] {processor.py:179} INFO - Processing /home/airflow/.local/lib/python3.8/site-packages/airflow/example_dags/example_branch_labels.py took 0.054 seconds
[2023-11-16T00:14:32.865+0000] {processor.py:157} INFO - Started process (PID=742) to work on /home/airflow/.local/lib/python3.8/site-packages/airflow/example_dags/example_branch_labels.py
[2023-11-16T00:14:32.866+0000] {processor.py:829} INFO - Processing file /home/airflow/.local/lib/python3.8/site-packages/airflow/example_dags/example_branch_labels.py for tasks to queue
[2023-11-16T00:14:32.868+0000] {logging_mixin.py:154} INFO - [2023-11-16T00:14:32.868+0000] {dagbag.py:536} INFO - Filling up the DagBag from /home/airflow/.local/lib/python3.8/site-packages/airflow/example_dags/example_branch_labels.py
[2023-11-16T00:14:32.875+0000] {processor.py:839} INFO - DAG(s) dict_keys(['example_branch_labels']) retrieved from /home/airflow/.local/lib/python3.8/site-packages/airflow/example_dags/example_branch_labels.py
[2023-11-16T00:14:32.889+0000] {logging_mixin.py:154} INFO - [2023-11-16T00:14:32.889+0000] {dag.py:2941} INFO - Sync 1 DAGs
[2023-11-16T00:14:32.904+0000] {logging_mixin.py:154} INFO - [2023-11-16T00:14:32.904+0000] {dag.py:3722} INFO - Setting next_dagrun for example_branch_labels to 2023-11-15T00:00:00+00:00, run_after=2023-11-16T00:00:00+00:00
[2023-11-16T00:14:32.916+0000] {processor.py:179} INFO - Processing /home/airflow/.local/lib/python3.8/site-packages/airflow/example_dags/example_branch_labels.py took 0.053 seconds
[2023-11-16T00:15:03.180+0000] {processor.py:157} INFO - Started process (PID=799) to work on /home/airflow/.local/lib/python3.8/site-packages/airflow/example_dags/example_branch_labels.py
[2023-11-16T00:15:03.180+0000] {processor.py:829} INFO - Processing file /home/airflow/.local/lib/python3.8/site-packages/airflow/example_dags/example_branch_labels.py for tasks to queue
[2023-11-16T00:15:03.182+0000] {logging_mixin.py:154} INFO - [2023-11-16T00:15:03.182+0000] {dagbag.py:536} INFO - Filling up the DagBag from /home/airflow/.local/lib/python3.8/site-packages/airflow/example_dags/example_branch_labels.py
[2023-11-16T00:15:03.188+0000] {processor.py:839} INFO - DAG(s) dict_keys(['example_branch_labels']) retrieved from /home/airflow/.local/lib/python3.8/site-packages/airflow/example_dags/example_branch_labels.py
[2023-11-16T00:15:03.205+0000] {logging_mixin.py:154} INFO - [2023-11-16T00:15:03.205+0000] {dag.py:2941} INFO - Sync 1 DAGs
[2023-11-16T00:15:03.224+0000] {logging_mixin.py:154} INFO - [2023-11-16T00:15:03.224+0000] {dag.py:3722} INFO - Setting next_dagrun for example_branch_labels to 2023-11-15T00:00:00+00:00, run_after=2023-11-16T00:00:00+00:00
[2023-11-16T00:15:03.237+0000] {processor.py:179} INFO - Processing /home/airflow/.local/lib/python3.8/site-packages/airflow/example_dags/example_branch_labels.py took 0.060 seconds
[2023-11-16T00:15:33.327+0000] {processor.py:157} INFO - Started process (PID=856) to work on /home/airflow/.local/lib/python3.8/site-packages/airflow/example_dags/example_branch_labels.py
[2023-11-16T00:15:33.328+0000] {processor.py:829} INFO - Processing file /home/airflow/.local/lib/python3.8/site-packages/airflow/example_dags/example_branch_labels.py for tasks to queue
[2023-11-16T00:15:33.329+0000] {logging_mixin.py:154} INFO - [2023-11-16T00:15:33.329+0000] {dagbag.py:536} INFO - Filling up the DagBag from /home/airflow/.local/lib/python3.8/site-packages/airflow/example_dags/example_branch_labels.py
[2023-11-16T00:15:33.335+0000] {processor.py:839} INFO - DAG(s) dict_keys(['example_branch_labels']) retrieved from /home/airflow/.local/lib/python3.8/site-packages/airflow/example_dags/example_branch_labels.py
[2023-11-16T00:15:33.349+0000] {logging_mixin.py:154} INFO - [2023-11-16T00:15:33.349+0000] {dag.py:2941} INFO - Sync 1 DAGs
[2023-11-16T00:15:33.364+0000] {logging_mixin.py:154} INFO - [2023-11-16T00:15:33.364+0000] {dag.py:3722} INFO - Setting next_dagrun for example_branch_labels to 2023-11-15T00:00:00+00:00, run_after=2023-11-16T00:00:00+00:00
[2023-11-16T00:15:33.375+0000] {processor.py:179} INFO - Processing /home/airflow/.local/lib/python3.8/site-packages/airflow/example_dags/example_branch_labels.py took 0.050 seconds
[2023-11-16T00:16:03.450+0000] {processor.py:157} INFO - Started process (PID=914) to work on /home/airflow/.local/lib/python3.8/site-packages/airflow/example_dags/example_branch_labels.py
[2023-11-16T00:16:03.451+0000] {processor.py:829} INFO - Processing file /home/airflow/.local/lib/python3.8/site-packages/airflow/example_dags/example_branch_labels.py for tasks to queue
[2023-11-16T00:16:03.453+0000] {logging_mixin.py:154} INFO - [2023-11-16T00:16:03.453+0000] {dagbag.py:536} INFO - Filling up the DagBag from /home/airflow/.local/lib/python3.8/site-packages/airflow/example_dags/example_branch_labels.py
[2023-11-16T00:16:03.459+0000] {processor.py:839} INFO - DAG(s) dict_keys(['example_branch_labels']) retrieved from /home/airflow/.local/lib/python3.8/site-packages/airflow/example_dags/example_branch_labels.py
[2023-11-16T00:16:03.474+0000] {logging_mixin.py:154} INFO - [2023-11-16T00:16:03.474+0000] {dag.py:2941} INFO - Sync 1 DAGs
[2023-11-16T00:16:03.490+0000] {logging_mixin.py:154} INFO - [2023-11-16T00:16:03.490+0000] {dag.py:3722} INFO - Setting next_dagrun for example_branch_labels to 2023-11-15T00:00:00+00:00, run_after=2023-11-16T00:00:00+00:00
[2023-11-16T00:16:03.502+0000] {processor.py:179} INFO - Processing /home/airflow/.local/lib/python3.8/site-packages/airflow/example_dags/example_branch_labels.py took 0.054 seconds
[2023-11-16T00:16:33.678+0000] {processor.py:157} INFO - Started process (PID=970) to work on /home/airflow/.local/lib/python3.8/site-packages/airflow/example_dags/example_branch_labels.py
[2023-11-16T00:16:33.679+0000] {processor.py:829} INFO - Processing file /home/airflow/.local/lib/python3.8/site-packages/airflow/example_dags/example_branch_labels.py for tasks to queue
[2023-11-16T00:16:33.680+0000] {logging_mixin.py:154} INFO - [2023-11-16T00:16:33.680+0000] {dagbag.py:536} INFO - Filling up the DagBag from /home/airflow/.local/lib/python3.8/site-packages/airflow/example_dags/example_branch_labels.py
[2023-11-16T00:16:33.686+0000] {processor.py:839} INFO - DAG(s) dict_keys(['example_branch_labels']) retrieved from /home/airflow/.local/lib/python3.8/site-packages/airflow/example_dags/example_branch_labels.py
[2023-11-16T00:16:33.701+0000] {logging_mixin.py:154} INFO - [2023-11-16T00:16:33.701+0000] {dag.py:2941} INFO - Sync 1 DAGs
[2023-11-16T00:16:33.716+0000] {logging_mixin.py:154} INFO - [2023-11-16T00:16:33.716+0000] {dag.py:3722} INFO - Setting next_dagrun for example_branch_labels to 2023-11-15T00:00:00+00:00, run_after=2023-11-16T00:00:00+00:00
[2023-11-16T00:16:33.729+0000] {processor.py:179} INFO - Processing /home/airflow/.local/lib/python3.8/site-packages/airflow/example_dags/example_branch_labels.py took 0.054 seconds
[2023-11-16T00:17:03.873+0000] {processor.py:157} INFO - Started process (PID=1027) to work on /home/airflow/.local/lib/python3.8/site-packages/airflow/example_dags/example_branch_labels.py
[2023-11-16T00:17:03.874+0000] {processor.py:829} INFO - Processing file /home/airflow/.local/lib/python3.8/site-packages/airflow/example_dags/example_branch_labels.py for tasks to queue
[2023-11-16T00:17:03.876+0000] {logging_mixin.py:154} INFO - [2023-11-16T00:17:03.876+0000] {dagbag.py:536} INFO - Filling up the DagBag from /home/airflow/.local/lib/python3.8/site-packages/airflow/example_dags/example_branch_labels.py
[2023-11-16T00:17:03.881+0000] {processor.py:839} INFO - DAG(s) dict_keys(['example_branch_labels']) retrieved from /home/airflow/.local/lib/python3.8/site-packages/airflow/example_dags/example_branch_labels.py
[2023-11-16T00:17:03.895+0000] {logging_mixin.py:154} INFO - [2023-11-16T00:17:03.895+0000] {dag.py:2941} INFO - Sync 1 DAGs
[2023-11-16T00:17:03.910+0000] {logging_mixin.py:154} INFO - [2023-11-16T00:17:03.910+0000] {dag.py:3722} INFO - Setting next_dagrun for example_branch_labels to 2023-11-15T00:00:00+00:00, run_after=2023-11-16T00:00:00+00:00
[2023-11-16T00:17:03.921+0000] {processor.py:179} INFO - Processing /home/airflow/.local/lib/python3.8/site-packages/airflow/example_dags/example_branch_labels.py took 0.050 seconds
[2023-11-16T00:17:34.132+0000] {processor.py:157} INFO - Started process (PID=1084) to work on /home/airflow/.local/lib/python3.8/site-packages/airflow/example_dags/example_branch_labels.py
[2023-11-16T00:17:34.133+0000] {processor.py:829} INFO - Processing file /home/airflow/.local/lib/python3.8/site-packages/airflow/example_dags/example_branch_labels.py for tasks to queue
[2023-11-16T00:17:34.134+0000] {logging_mixin.py:154} INFO - [2023-11-16T00:17:34.134+0000] {dagbag.py:536} INFO - Filling up the DagBag from /home/airflow/.local/lib/python3.8/site-packages/airflow/example_dags/example_branch_labels.py
[2023-11-16T00:17:34.139+0000] {processor.py:839} INFO - DAG(s) dict_keys(['example_branch_labels']) retrieved from /home/airflow/.local/lib/python3.8/site-packages/airflow/example_dags/example_branch_labels.py
[2023-11-16T00:17:34.152+0000] {logging_mixin.py:154} INFO - [2023-11-16T00:17:34.152+0000] {dag.py:2941} INFO - Sync 1 DAGs
[2023-11-16T00:17:34.167+0000] {logging_mixin.py:154} INFO - [2023-11-16T00:17:34.167+0000] {dag.py:3722} INFO - Setting next_dagrun for example_branch_labels to 2023-11-15T00:00:00+00:00, run_after=2023-11-16T00:00:00+00:00
[2023-11-16T00:17:34.178+0000] {processor.py:179} INFO - Processing /home/airflow/.local/lib/python3.8/site-packages/airflow/example_dags/example_branch_labels.py took 0.048 seconds
[2023-11-16T00:18:04.414+0000] {processor.py:157} INFO - Started process (PID=1141) to work on /home/airflow/.local/lib/python3.8/site-packages/airflow/example_dags/example_branch_labels.py
[2023-11-16T00:18:04.415+0000] {processor.py:829} INFO - Processing file /home/airflow/.local/lib/python3.8/site-packages/airflow/example_dags/example_branch_labels.py for tasks to queue
[2023-11-16T00:18:04.416+0000] {logging_mixin.py:154} INFO - [2023-11-16T00:18:04.416+0000] {dagbag.py:536} INFO - Filling up the DagBag from /home/airflow/.local/lib/python3.8/site-packages/airflow/example_dags/example_branch_labels.py
[2023-11-16T00:18:04.421+0000] {processor.py:839} INFO - DAG(s) dict_keys(['example_branch_labels']) retrieved from /home/airflow/.local/lib/python3.8/site-packages/airflow/example_dags/example_branch_labels.py
[2023-11-16T00:18:04.436+0000] {logging_mixin.py:154} INFO - [2023-11-16T00:18:04.435+0000] {dag.py:2941} INFO - Sync 1 DAGs
[2023-11-16T00:18:04.450+0000] {logging_mixin.py:154} INFO - [2023-11-16T00:18:04.450+0000] {dag.py:3722} INFO - Setting next_dagrun for example_branch_labels to 2023-11-15T00:00:00+00:00, run_after=2023-11-16T00:00:00+00:00
[2023-11-16T00:18:04.462+0000] {processor.py:179} INFO - Processing /home/airflow/.local/lib/python3.8/site-packages/airflow/example_dags/example_branch_labels.py took 0.050 seconds
[2023-11-16T00:18:35.043+0000] {processor.py:157} INFO - Started process (PID=1198) to work on /home/airflow/.local/lib/python3.8/site-packages/airflow/example_dags/example_branch_labels.py
[2023-11-16T00:18:35.044+0000] {processor.py:829} INFO - Processing file /home/airflow/.local/lib/python3.8/site-packages/airflow/example_dags/example_branch_labels.py for tasks to queue
[2023-11-16T00:18:35.046+0000] {logging_mixin.py:154} INFO - [2023-11-16T00:18:35.045+0000] {dagbag.py:536} INFO - Filling up the DagBag from /home/airflow/.local/lib/python3.8/site-packages/airflow/example_dags/example_branch_labels.py
[2023-11-16T00:18:35.051+0000] {processor.py:839} INFO - DAG(s) dict_keys(['example_branch_labels']) retrieved from /home/airflow/.local/lib/python3.8/site-packages/airflow/example_dags/example_branch_labels.py
[2023-11-16T00:18:35.066+0000] {logging_mixin.py:154} INFO - [2023-11-16T00:18:35.065+0000] {dag.py:2941} INFO - Sync 1 DAGs
[2023-11-16T00:18:35.083+0000] {logging_mixin.py:154} INFO - [2023-11-16T00:18:35.083+0000] {dag.py:3722} INFO - Setting next_dagrun for example_branch_labels to 2023-11-15T00:00:00+00:00, run_after=2023-11-16T00:00:00+00:00
[2023-11-16T00:18:35.098+0000] {processor.py:179} INFO - Processing /home/airflow/.local/lib/python3.8/site-packages/airflow/example_dags/example_branch_labels.py took 0.056 seconds
[2023-11-16T00:19:05.424+0000] {processor.py:157} INFO - Started process (PID=1255) to work on /home/airflow/.local/lib/python3.8/site-packages/airflow/example_dags/example_branch_labels.py
[2023-11-16T00:19:05.425+0000] {processor.py:829} INFO - Processing file /home/airflow/.local/lib/python3.8/site-packages/airflow/example_dags/example_branch_labels.py for tasks to queue
[2023-11-16T00:19:05.427+0000] {logging_mixin.py:154} INFO - [2023-11-16T00:19:05.426+0000] {dagbag.py:536} INFO - Filling up the DagBag from /home/airflow/.local/lib/python3.8/site-packages/airflow/example_dags/example_branch_labels.py
[2023-11-16T00:19:05.432+0000] {processor.py:839} INFO - DAG(s) dict_keys(['example_branch_labels']) retrieved from /home/airflow/.local/lib/python3.8/site-packages/airflow/example_dags/example_branch_labels.py
[2023-11-16T00:19:05.446+0000] {logging_mixin.py:154} INFO - [2023-11-16T00:19:05.446+0000] {dag.py:2941} INFO - Sync 1 DAGs
[2023-11-16T00:19:05.464+0000] {logging_mixin.py:154} INFO - [2023-11-16T00:19:05.464+0000] {dag.py:3722} INFO - Setting next_dagrun for example_branch_labels to 2023-11-15T00:00:00+00:00, run_after=2023-11-16T00:00:00+00:00
[2023-11-16T00:19:05.475+0000] {processor.py:179} INFO - Processing /home/airflow/.local/lib/python3.8/site-packages/airflow/example_dags/example_branch_labels.py took 0.053 seconds
[2023-11-16T00:19:35.584+0000] {processor.py:157} INFO - Started process (PID=1313) to work on /home/airflow/.local/lib/python3.8/site-packages/airflow/example_dags/example_branch_labels.py
[2023-11-16T00:19:35.584+0000] {processor.py:829} INFO - Processing file /home/airflow/.local/lib/python3.8/site-packages/airflow/example_dags/example_branch_labels.py for tasks to queue
[2023-11-16T00:19:35.586+0000] {logging_mixin.py:154} INFO - [2023-11-16T00:19:35.585+0000] {dagbag.py:536} INFO - Filling up the DagBag from /home/airflow/.local/lib/python3.8/site-packages/airflow/example_dags/example_branch_labels.py
[2023-11-16T00:19:35.591+0000] {processor.py:839} INFO - DAG(s) dict_keys(['example_branch_labels']) retrieved from /home/airflow/.local/lib/python3.8/site-packages/airflow/example_dags/example_branch_labels.py
[2023-11-16T00:19:35.604+0000] {logging_mixin.py:154} INFO - [2023-11-16T00:19:35.604+0000] {dag.py:2941} INFO - Sync 1 DAGs
[2023-11-16T00:19:35.618+0000] {logging_mixin.py:154} INFO - [2023-11-16T00:19:35.618+0000] {dag.py:3722} INFO - Setting next_dagrun for example_branch_labels to 2023-11-15T00:00:00+00:00, run_after=2023-11-16T00:00:00+00:00
[2023-11-16T00:19:35.630+0000] {processor.py:179} INFO - Processing /home/airflow/.local/lib/python3.8/site-packages/airflow/example_dags/example_branch_labels.py took 0.049 seconds
[2023-11-16T00:20:05.830+0000] {processor.py:157} INFO - Started process (PID=1370) to work on /home/airflow/.local/lib/python3.8/site-packages/airflow/example_dags/example_branch_labels.py
[2023-11-16T00:20:05.831+0000] {processor.py:829} INFO - Processing file /home/airflow/.local/lib/python3.8/site-packages/airflow/example_dags/example_branch_labels.py for tasks to queue
[2023-11-16T00:20:05.833+0000] {logging_mixin.py:154} INFO - [2023-11-16T00:20:05.832+0000] {dagbag.py:536} INFO - Filling up the DagBag from /home/airflow/.local/lib/python3.8/site-packages/airflow/example_dags/example_branch_labels.py
[2023-11-16T00:20:05.838+0000] {processor.py:839} INFO - DAG(s) dict_keys(['example_branch_labels']) retrieved from /home/airflow/.local/lib/python3.8/site-packages/airflow/example_dags/example_branch_labels.py
[2023-11-16T00:20:05.852+0000] {logging_mixin.py:154} INFO - [2023-11-16T00:20:05.852+0000] {dag.py:2941} INFO - Sync 1 DAGs
[2023-11-16T00:20:05.867+0000] {logging_mixin.py:154} INFO - [2023-11-16T00:20:05.867+0000] {dag.py:3722} INFO - Setting next_dagrun for example_branch_labels to 2023-11-15T00:00:00+00:00, run_after=2023-11-16T00:00:00+00:00
[2023-11-16T00:20:05.878+0000] {processor.py:179} INFO - Processing /home/airflow/.local/lib/python3.8/site-packages/airflow/example_dags/example_branch_labels.py took 0.050 seconds
[2023-11-16T00:20:36.254+0000] {processor.py:157} INFO - Started process (PID=1427) to work on /home/airflow/.local/lib/python3.8/site-packages/airflow/example_dags/example_branch_labels.py
[2023-11-16T00:20:36.267+0000] {processor.py:829} INFO - Processing file /home/airflow/.local/lib/python3.8/site-packages/airflow/example_dags/example_branch_labels.py for tasks to queue
[2023-11-16T00:20:36.269+0000] {logging_mixin.py:154} INFO - [2023-11-16T00:20:36.269+0000] {dagbag.py:536} INFO - Filling up the DagBag from /home/airflow/.local/lib/python3.8/site-packages/airflow/example_dags/example_branch_labels.py
[2023-11-16T00:20:36.275+0000] {processor.py:839} INFO - DAG(s) dict_keys(['example_branch_labels']) retrieved from /home/airflow/.local/lib/python3.8/site-packages/airflow/example_dags/example_branch_labels.py
[2023-11-16T00:20:36.290+0000] {logging_mixin.py:154} INFO - [2023-11-16T00:20:36.290+0000] {dag.py:2941} INFO - Sync 1 DAGs
[2023-11-16T00:20:36.305+0000] {logging_mixin.py:154} INFO - [2023-11-16T00:20:36.305+0000] {dag.py:3722} INFO - Setting next_dagrun for example_branch_labels to 2023-11-15T00:00:00+00:00, run_after=2023-11-16T00:00:00+00:00
[2023-11-16T00:20:36.317+0000] {processor.py:179} INFO - Processing /home/airflow/.local/lib/python3.8/site-packages/airflow/example_dags/example_branch_labels.py took 0.066 seconds
[2023-11-16T00:21:06.498+0000] {processor.py:157} INFO - Started process (PID=1484) to work on /home/airflow/.local/lib/python3.8/site-packages/airflow/example_dags/example_branch_labels.py
[2023-11-16T00:21:06.498+0000] {processor.py:829} INFO - Processing file /home/airflow/.local/lib/python3.8/site-packages/airflow/example_dags/example_branch_labels.py for tasks to queue
[2023-11-16T00:21:06.500+0000] {logging_mixin.py:154} INFO - [2023-11-16T00:21:06.500+0000] {dagbag.py:536} INFO - Filling up the DagBag from /home/airflow/.local/lib/python3.8/site-packages/airflow/example_dags/example_branch_labels.py
[2023-11-16T00:21:06.505+0000] {processor.py:839} INFO - DAG(s) dict_keys(['example_branch_labels']) retrieved from /home/airflow/.local/lib/python3.8/site-packages/airflow/example_dags/example_branch_labels.py
[2023-11-16T00:21:06.518+0000] {logging_mixin.py:154} INFO - [2023-11-16T00:21:06.518+0000] {dag.py:2941} INFO - Sync 1 DAGs
[2023-11-16T00:21:06.533+0000] {logging_mixin.py:154} INFO - [2023-11-16T00:21:06.533+0000] {dag.py:3722} INFO - Setting next_dagrun for example_branch_labels to 2023-11-15T00:00:00+00:00, run_after=2023-11-16T00:00:00+00:00
[2023-11-16T00:21:06.642+0000] {processor.py:179} INFO - Processing /home/airflow/.local/lib/python3.8/site-packages/airflow/example_dags/example_branch_labels.py took 0.146 seconds
[2023-11-16T00:21:36.676+0000] {processor.py:157} INFO - Started process (PID=1541) to work on /home/airflow/.local/lib/python3.8/site-packages/airflow/example_dags/example_branch_labels.py
[2023-11-16T00:21:36.677+0000] {processor.py:829} INFO - Processing file /home/airflow/.local/lib/python3.8/site-packages/airflow/example_dags/example_branch_labels.py for tasks to queue
[2023-11-16T00:21:36.678+0000] {logging_mixin.py:154} INFO - [2023-11-16T00:21:36.678+0000] {dagbag.py:536} INFO - Filling up the DagBag from /home/airflow/.local/lib/python3.8/site-packages/airflow/example_dags/example_branch_labels.py
[2023-11-16T00:21:36.683+0000] {processor.py:839} INFO - DAG(s) dict_keys(['example_branch_labels']) retrieved from /home/airflow/.local/lib/python3.8/site-packages/airflow/example_dags/example_branch_labels.py
[2023-11-16T00:21:36.697+0000] {logging_mixin.py:154} INFO - [2023-11-16T00:21:36.697+0000] {dag.py:2941} INFO - Sync 1 DAGs
[2023-11-16T00:21:36.711+0000] {logging_mixin.py:154} INFO - [2023-11-16T00:21:36.711+0000] {dag.py:3722} INFO - Setting next_dagrun for example_branch_labels to 2023-11-15T00:00:00+00:00, run_after=2023-11-16T00:00:00+00:00
[2023-11-16T00:21:36.722+0000] {processor.py:179} INFO - Processing /home/airflow/.local/lib/python3.8/site-packages/airflow/example_dags/example_branch_labels.py took 0.048 seconds
[2023-11-16T00:22:07.281+0000] {processor.py:157} INFO - Started process (PID=1598) to work on /home/airflow/.local/lib/python3.8/site-packages/airflow/example_dags/example_branch_labels.py
[2023-11-16T00:22:07.281+0000] {processor.py:829} INFO - Processing file /home/airflow/.local/lib/python3.8/site-packages/airflow/example_dags/example_branch_labels.py for tasks to queue
[2023-11-16T00:22:07.283+0000] {logging_mixin.py:154} INFO - [2023-11-16T00:22:07.283+0000] {dagbag.py:536} INFO - Filling up the DagBag from /home/airflow/.local/lib/python3.8/site-packages/airflow/example_dags/example_branch_labels.py
[2023-11-16T00:22:07.289+0000] {processor.py:839} INFO - DAG(s) dict_keys(['example_branch_labels']) retrieved from /home/airflow/.local/lib/python3.8/site-packages/airflow/example_dags/example_branch_labels.py
[2023-11-16T00:22:07.302+0000] {logging_mixin.py:154} INFO - [2023-11-16T00:22:07.302+0000] {dag.py:2941} INFO - Sync 1 DAGs
[2023-11-16T00:22:07.316+0000] {logging_mixin.py:154} INFO - [2023-11-16T00:22:07.316+0000] {dag.py:3722} INFO - Setting next_dagrun for example_branch_labels to 2023-11-15T00:00:00+00:00, run_after=2023-11-16T00:00:00+00:00
[2023-11-16T00:22:07.329+0000] {processor.py:179} INFO - Processing /home/airflow/.local/lib/python3.8/site-packages/airflow/example_dags/example_branch_labels.py took 0.050 seconds
[2023-11-16T00:22:37.747+0000] {processor.py:157} INFO - Started process (PID=1655) to work on /home/airflow/.local/lib/python3.8/site-packages/airflow/example_dags/example_branch_labels.py
[2023-11-16T00:22:37.747+0000] {processor.py:829} INFO - Processing file /home/airflow/.local/lib/python3.8/site-packages/airflow/example_dags/example_branch_labels.py for tasks to queue
[2023-11-16T00:22:37.749+0000] {logging_mixin.py:154} INFO - [2023-11-16T00:22:37.749+0000] {dagbag.py:536} INFO - Filling up the DagBag from /home/airflow/.local/lib/python3.8/site-packages/airflow/example_dags/example_branch_labels.py
[2023-11-16T00:22:37.754+0000] {processor.py:839} INFO - DAG(s) dict_keys(['example_branch_labels']) retrieved from /home/airflow/.local/lib/python3.8/site-packages/airflow/example_dags/example_branch_labels.py
[2023-11-16T00:22:37.768+0000] {logging_mixin.py:154} INFO - [2023-11-16T00:22:37.768+0000] {dag.py:2941} INFO - Sync 1 DAGs
[2023-11-16T00:22:37.873+0000] {logging_mixin.py:154} INFO - [2023-11-16T00:22:37.873+0000] {dag.py:3722} INFO - Setting next_dagrun for example_branch_labels to 2023-11-15T00:00:00+00:00, run_after=2023-11-16T00:00:00+00:00
[2023-11-16T00:22:37.886+0000] {processor.py:179} INFO - Processing /home/airflow/.local/lib/python3.8/site-packages/airflow/example_dags/example_branch_labels.py took 0.142 seconds
[2023-11-16T00:23:08.332+0000] {processor.py:157} INFO - Started process (PID=1712) to work on /home/airflow/.local/lib/python3.8/site-packages/airflow/example_dags/example_branch_labels.py
[2023-11-16T00:23:08.332+0000] {processor.py:829} INFO - Processing file /home/airflow/.local/lib/python3.8/site-packages/airflow/example_dags/example_branch_labels.py for tasks to queue
[2023-11-16T00:23:08.334+0000] {logging_mixin.py:154} INFO - [2023-11-16T00:23:08.333+0000] {dagbag.py:536} INFO - Filling up the DagBag from /home/airflow/.local/lib/python3.8/site-packages/airflow/example_dags/example_branch_labels.py
[2023-11-16T00:23:08.339+0000] {processor.py:839} INFO - DAG(s) dict_keys(['example_branch_labels']) retrieved from /home/airflow/.local/lib/python3.8/site-packages/airflow/example_dags/example_branch_labels.py
[2023-11-16T00:23:08.354+0000] {logging_mixin.py:154} INFO - [2023-11-16T00:23:08.353+0000] {dag.py:2941} INFO - Sync 1 DAGs
[2023-11-16T00:23:08.369+0000] {logging_mixin.py:154} INFO - [2023-11-16T00:23:08.369+0000] {dag.py:3722} INFO - Setting next_dagrun for example_branch_labels to 2023-11-15T00:00:00+00:00, run_after=2023-11-16T00:00:00+00:00
[2023-11-16T00:23:08.475+0000] {processor.py:179} INFO - Processing /home/airflow/.local/lib/python3.8/site-packages/airflow/example_dags/example_branch_labels.py took 0.146 seconds
[2023-11-16T00:23:38.599+0000] {processor.py:157} INFO - Started process (PID=1769) to work on /home/airflow/.local/lib/python3.8/site-packages/airflow/example_dags/example_branch_labels.py
[2023-11-16T00:23:38.600+0000] {processor.py:829} INFO - Processing file /home/airflow/.local/lib/python3.8/site-packages/airflow/example_dags/example_branch_labels.py for tasks to queue
[2023-11-16T00:23:38.602+0000] {logging_mixin.py:154} INFO - [2023-11-16T00:23:38.602+0000] {dagbag.py:536} INFO - Filling up the DagBag from /home/airflow/.local/lib/python3.8/site-packages/airflow/example_dags/example_branch_labels.py
[2023-11-16T00:23:38.609+0000] {processor.py:839} INFO - DAG(s) dict_keys(['example_branch_labels']) retrieved from /home/airflow/.local/lib/python3.8/site-packages/airflow/example_dags/example_branch_labels.py
[2023-11-16T00:23:38.626+0000] {logging_mixin.py:154} INFO - [2023-11-16T00:23:38.626+0000] {dag.py:2941} INFO - Sync 1 DAGs
[2023-11-16T00:23:38.642+0000] {logging_mixin.py:154} INFO - [2023-11-16T00:23:38.642+0000] {dag.py:3722} INFO - Setting next_dagrun for example_branch_labels to 2023-11-15T00:00:00+00:00, run_after=2023-11-16T00:00:00+00:00
[2023-11-16T00:23:38.654+0000] {processor.py:179} INFO - Processing /home/airflow/.local/lib/python3.8/site-packages/airflow/example_dags/example_branch_labels.py took 0.057 seconds
[2023-11-16T00:24:09.469+0000] {processor.py:157} INFO - Started process (PID=1826) to work on /home/airflow/.local/lib/python3.8/site-packages/airflow/example_dags/example_branch_labels.py
[2023-11-16T00:24:09.469+0000] {processor.py:829} INFO - Processing file /home/airflow/.local/lib/python3.8/site-packages/airflow/example_dags/example_branch_labels.py for tasks to queue
[2023-11-16T00:24:09.471+0000] {logging_mixin.py:154} INFO - [2023-11-16T00:24:09.471+0000] {dagbag.py:536} INFO - Filling up the DagBag from /home/airflow/.local/lib/python3.8/site-packages/airflow/example_dags/example_branch_labels.py
[2023-11-16T00:24:09.573+0000] {processor.py:839} INFO - DAG(s) dict_keys(['example_branch_labels']) retrieved from /home/airflow/.local/lib/python3.8/site-packages/airflow/example_dags/example_branch_labels.py
[2023-11-16T00:24:09.584+0000] {logging_mixin.py:154} INFO - [2023-11-16T00:24:09.584+0000] {dag.py:2941} INFO - Sync 1 DAGs
[2023-11-16T00:24:09.597+0000] {logging_mixin.py:154} INFO - [2023-11-16T00:24:09.597+0000] {dag.py:3722} INFO - Setting next_dagrun for example_branch_labels to 2023-11-15T00:00:00+00:00, run_after=2023-11-16T00:00:00+00:00
[2023-11-16T00:24:09.609+0000] {processor.py:179} INFO - Processing /home/airflow/.local/lib/python3.8/site-packages/airflow/example_dags/example_branch_labels.py took 0.143 seconds
[2023-11-16T00:24:40.066+0000] {processor.py:157} INFO - Started process (PID=1883) to work on /home/airflow/.local/lib/python3.8/site-packages/airflow/example_dags/example_branch_labels.py
[2023-11-16T00:24:40.067+0000] {processor.py:829} INFO - Processing file /home/airflow/.local/lib/python3.8/site-packages/airflow/example_dags/example_branch_labels.py for tasks to queue
[2023-11-16T00:24:40.069+0000] {logging_mixin.py:154} INFO - [2023-11-16T00:24:40.069+0000] {dagbag.py:536} INFO - Filling up the DagBag from /home/airflow/.local/lib/python3.8/site-packages/airflow/example_dags/example_branch_labels.py
[2023-11-16T00:24:40.075+0000] {processor.py:839} INFO - DAG(s) dict_keys(['example_branch_labels']) retrieved from /home/airflow/.local/lib/python3.8/site-packages/airflow/example_dags/example_branch_labels.py
[2023-11-16T00:24:40.088+0000] {logging_mixin.py:154} INFO - [2023-11-16T00:24:40.088+0000] {dag.py:2941} INFO - Sync 1 DAGs
[2023-11-16T00:24:40.102+0000] {logging_mixin.py:154} INFO - [2023-11-16T00:24:40.102+0000] {dag.py:3722} INFO - Setting next_dagrun for example_branch_labels to 2023-11-15T00:00:00+00:00, run_after=2023-11-16T00:00:00+00:00
[2023-11-16T00:24:40.114+0000] {processor.py:179} INFO - Processing /home/airflow/.local/lib/python3.8/site-packages/airflow/example_dags/example_branch_labels.py took 0.050 seconds
[2023-11-16T00:25:10.284+0000] {processor.py:157} INFO - Started process (PID=1940) to work on /home/airflow/.local/lib/python3.8/site-packages/airflow/example_dags/example_branch_labels.py
[2023-11-16T00:25:10.285+0000] {processor.py:829} INFO - Processing file /home/airflow/.local/lib/python3.8/site-packages/airflow/example_dags/example_branch_labels.py for tasks to queue
[2023-11-16T00:25:10.286+0000] {logging_mixin.py:154} INFO - [2023-11-16T00:25:10.286+0000] {dagbag.py:536} INFO - Filling up the DagBag from /home/airflow/.local/lib/python3.8/site-packages/airflow/example_dags/example_branch_labels.py
[2023-11-16T00:25:10.292+0000] {processor.py:839} INFO - DAG(s) dict_keys(['example_branch_labels']) retrieved from /home/airflow/.local/lib/python3.8/site-packages/airflow/example_dags/example_branch_labels.py
[2023-11-16T00:25:10.305+0000] {logging_mixin.py:154} INFO - [2023-11-16T00:25:10.305+0000] {dag.py:2941} INFO - Sync 1 DAGs
[2023-11-16T00:25:10.320+0000] {logging_mixin.py:154} INFO - [2023-11-16T00:25:10.320+0000] {dag.py:3722} INFO - Setting next_dagrun for example_branch_labels to 2023-11-15T00:00:00+00:00, run_after=2023-11-16T00:00:00+00:00
[2023-11-16T00:25:10.332+0000] {processor.py:179} INFO - Processing /home/airflow/.local/lib/python3.8/site-packages/airflow/example_dags/example_branch_labels.py took 0.050 seconds
[2023-11-16T00:25:40.428+0000] {processor.py:157} INFO - Started process (PID=1997) to work on /home/airflow/.local/lib/python3.8/site-packages/airflow/example_dags/example_branch_labels.py
[2023-11-16T00:25:40.428+0000] {processor.py:829} INFO - Processing file /home/airflow/.local/lib/python3.8/site-packages/airflow/example_dags/example_branch_labels.py for tasks to queue
[2023-11-16T00:25:40.430+0000] {logging_mixin.py:154} INFO - [2023-11-16T00:25:40.430+0000] {dagbag.py:536} INFO - Filling up the DagBag from /home/airflow/.local/lib/python3.8/site-packages/airflow/example_dags/example_branch_labels.py
[2023-11-16T00:25:40.436+0000] {processor.py:839} INFO - DAG(s) dict_keys(['example_branch_labels']) retrieved from /home/airflow/.local/lib/python3.8/site-packages/airflow/example_dags/example_branch_labels.py
[2023-11-16T00:25:40.449+0000] {logging_mixin.py:154} INFO - [2023-11-16T00:25:40.449+0000] {dag.py:2941} INFO - Sync 1 DAGs
[2023-11-16T00:25:40.462+0000] {logging_mixin.py:154} INFO - [2023-11-16T00:25:40.462+0000] {dag.py:3722} INFO - Setting next_dagrun for example_branch_labels to 2023-11-15T00:00:00+00:00, run_after=2023-11-16T00:00:00+00:00
[2023-11-16T00:25:40.473+0000] {processor.py:179} INFO - Processing /home/airflow/.local/lib/python3.8/site-packages/airflow/example_dags/example_branch_labels.py took 0.047 seconds
[2023-11-16T00:26:10.670+0000] {processor.py:157} INFO - Started process (PID=2054) to work on /home/airflow/.local/lib/python3.8/site-packages/airflow/example_dags/example_branch_labels.py
[2023-11-16T00:26:10.671+0000] {processor.py:829} INFO - Processing file /home/airflow/.local/lib/python3.8/site-packages/airflow/example_dags/example_branch_labels.py for tasks to queue
[2023-11-16T00:26:10.673+0000] {logging_mixin.py:154} INFO - [2023-11-16T00:26:10.673+0000] {dagbag.py:536} INFO - Filling up the DagBag from /home/airflow/.local/lib/python3.8/site-packages/airflow/example_dags/example_branch_labels.py
[2023-11-16T00:26:10.678+0000] {processor.py:839} INFO - DAG(s) dict_keys(['example_branch_labels']) retrieved from /home/airflow/.local/lib/python3.8/site-packages/airflow/example_dags/example_branch_labels.py
[2023-11-16T00:26:10.692+0000] {logging_mixin.py:154} INFO - [2023-11-16T00:26:10.692+0000] {dag.py:2941} INFO - Sync 1 DAGs
[2023-11-16T00:26:10.707+0000] {logging_mixin.py:154} INFO - [2023-11-16T00:26:10.707+0000] {dag.py:3722} INFO - Setting next_dagrun for example_branch_labels to 2023-11-15T00:00:00+00:00, run_after=2023-11-16T00:00:00+00:00
[2023-11-16T00:26:10.718+0000] {processor.py:179} INFO - Processing /home/airflow/.local/lib/python3.8/site-packages/airflow/example_dags/example_branch_labels.py took 0.050 seconds
[2023-11-16T00:26:40.905+0000] {processor.py:157} INFO - Started process (PID=2111) to work on /home/airflow/.local/lib/python3.8/site-packages/airflow/example_dags/example_branch_labels.py
[2023-11-16T00:26:40.906+0000] {processor.py:829} INFO - Processing file /home/airflow/.local/lib/python3.8/site-packages/airflow/example_dags/example_branch_labels.py for tasks to queue
[2023-11-16T00:26:40.908+0000] {logging_mixin.py:154} INFO - [2023-11-16T00:26:40.907+0000] {dagbag.py:536} INFO - Filling up the DagBag from /home/airflow/.local/lib/python3.8/site-packages/airflow/example_dags/example_branch_labels.py
[2023-11-16T00:26:40.913+0000] {processor.py:839} INFO - DAG(s) dict_keys(['example_branch_labels']) retrieved from /home/airflow/.local/lib/python3.8/site-packages/airflow/example_dags/example_branch_labels.py
[2023-11-16T00:26:40.929+0000] {logging_mixin.py:154} INFO - [2023-11-16T00:26:40.929+0000] {dag.py:2941} INFO - Sync 1 DAGs
[2023-11-16T00:26:40.946+0000] {logging_mixin.py:154} INFO - [2023-11-16T00:26:40.946+0000] {dag.py:3722} INFO - Setting next_dagrun for example_branch_labels to 2023-11-15T00:00:00+00:00, run_after=2023-11-16T00:00:00+00:00
[2023-11-16T00:26:40.958+0000] {processor.py:179} INFO - Processing /home/airflow/.local/lib/python3.8/site-packages/airflow/example_dags/example_branch_labels.py took 0.055 seconds
[2023-11-16T00:27:11.167+0000] {processor.py:157} INFO - Started process (PID=2168) to work on /home/airflow/.local/lib/python3.8/site-packages/airflow/example_dags/example_branch_labels.py
[2023-11-16T00:27:11.168+0000] {processor.py:829} INFO - Processing file /home/airflow/.local/lib/python3.8/site-packages/airflow/example_dags/example_branch_labels.py for tasks to queue
[2023-11-16T00:27:11.169+0000] {logging_mixin.py:154} INFO - [2023-11-16T00:27:11.169+0000] {dagbag.py:536} INFO - Filling up the DagBag from /home/airflow/.local/lib/python3.8/site-packages/airflow/example_dags/example_branch_labels.py
[2023-11-16T00:27:11.175+0000] {processor.py:839} INFO - DAG(s) dict_keys(['example_branch_labels']) retrieved from /home/airflow/.local/lib/python3.8/site-packages/airflow/example_dags/example_branch_labels.py
[2023-11-16T00:27:11.190+0000] {logging_mixin.py:154} INFO - [2023-11-16T00:27:11.189+0000] {dag.py:2941} INFO - Sync 1 DAGs
[2023-11-16T00:27:11.204+0000] {logging_mixin.py:154} INFO - [2023-11-16T00:27:11.204+0000] {dag.py:3722} INFO - Setting next_dagrun for example_branch_labels to 2023-11-15T00:00:00+00:00, run_after=2023-11-16T00:00:00+00:00
[2023-11-16T00:27:11.217+0000] {processor.py:179} INFO - Processing /home/airflow/.local/lib/python3.8/site-packages/airflow/example_dags/example_branch_labels.py took 0.052 seconds
[2023-11-16T00:27:41.269+0000] {processor.py:157} INFO - Started process (PID=2225) to work on /home/airflow/.local/lib/python3.8/site-packages/airflow/example_dags/example_branch_labels.py
[2023-11-16T00:27:41.270+0000] {processor.py:829} INFO - Processing file /home/airflow/.local/lib/python3.8/site-packages/airflow/example_dags/example_branch_labels.py for tasks to queue
[2023-11-16T00:27:41.271+0000] {logging_mixin.py:154} INFO - [2023-11-16T00:27:41.271+0000] {dagbag.py:536} INFO - Filling up the DagBag from /home/airflow/.local/lib/python3.8/site-packages/airflow/example_dags/example_branch_labels.py
[2023-11-16T00:27:41.277+0000] {processor.py:839} INFO - DAG(s) dict_keys(['example_branch_labels']) retrieved from /home/airflow/.local/lib/python3.8/site-packages/airflow/example_dags/example_branch_labels.py
[2023-11-16T00:27:41.291+0000] {logging_mixin.py:154} INFO - [2023-11-16T00:27:41.291+0000] {dag.py:2941} INFO - Sync 1 DAGs
[2023-11-16T00:27:41.306+0000] {logging_mixin.py:154} INFO - [2023-11-16T00:27:41.305+0000] {dag.py:3722} INFO - Setting next_dagrun for example_branch_labels to 2023-11-15T00:00:00+00:00, run_after=2023-11-16T00:00:00+00:00
[2023-11-16T00:27:41.318+0000] {processor.py:179} INFO - Processing /home/airflow/.local/lib/python3.8/site-packages/airflow/example_dags/example_branch_labels.py took 0.052 seconds
[2023-11-16T00:28:12.318+0000] {processor.py:157} INFO - Started process (PID=2282) to work on /home/airflow/.local/lib/python3.8/site-packages/airflow/example_dags/example_branch_labels.py
[2023-11-16T00:28:12.319+0000] {processor.py:829} INFO - Processing file /home/airflow/.local/lib/python3.8/site-packages/airflow/example_dags/example_branch_labels.py for tasks to queue
[2023-11-16T00:28:12.322+0000] {logging_mixin.py:154} INFO - [2023-11-16T00:28:12.321+0000] {dagbag.py:536} INFO - Filling up the DagBag from /home/airflow/.local/lib/python3.8/site-packages/airflow/example_dags/example_branch_labels.py
[2023-11-16T00:28:12.329+0000] {processor.py:839} INFO - DAG(s) dict_keys(['example_branch_labels']) retrieved from /home/airflow/.local/lib/python3.8/site-packages/airflow/example_dags/example_branch_labels.py
[2023-11-16T00:28:12.343+0000] {logging_mixin.py:154} INFO - [2023-11-16T00:28:12.343+0000] {dag.py:2941} INFO - Sync 1 DAGs
[2023-11-16T00:28:12.358+0000] {logging_mixin.py:154} INFO - [2023-11-16T00:28:12.358+0000] {dag.py:3722} INFO - Setting next_dagrun for example_branch_labels to 2023-11-15T00:00:00+00:00, run_after=2023-11-16T00:00:00+00:00
[2023-11-16T00:28:12.371+0000] {processor.py:179} INFO - Processing /home/airflow/.local/lib/python3.8/site-packages/airflow/example_dags/example_branch_labels.py took 0.057 seconds
[2023-11-16T00:28:42.558+0000] {processor.py:157} INFO - Started process (PID=2339) to work on /home/airflow/.local/lib/python3.8/site-packages/airflow/example_dags/example_branch_labels.py
[2023-11-16T00:28:42.559+0000] {processor.py:829} INFO - Processing file /home/airflow/.local/lib/python3.8/site-packages/airflow/example_dags/example_branch_labels.py for tasks to queue
[2023-11-16T00:28:42.561+0000] {logging_mixin.py:154} INFO - [2023-11-16T00:28:42.561+0000] {dagbag.py:536} INFO - Filling up the DagBag from /home/airflow/.local/lib/python3.8/site-packages/airflow/example_dags/example_branch_labels.py
[2023-11-16T00:28:42.567+0000] {processor.py:839} INFO - DAG(s) dict_keys(['example_branch_labels']) retrieved from /home/airflow/.local/lib/python3.8/site-packages/airflow/example_dags/example_branch_labels.py
[2023-11-16T00:28:42.580+0000] {logging_mixin.py:154} INFO - [2023-11-16T00:28:42.580+0000] {dag.py:2941} INFO - Sync 1 DAGs
[2023-11-16T00:28:42.595+0000] {logging_mixin.py:154} INFO - [2023-11-16T00:28:42.595+0000] {dag.py:3722} INFO - Setting next_dagrun for example_branch_labels to 2023-11-15T00:00:00+00:00, run_after=2023-11-16T00:00:00+00:00
[2023-11-16T00:28:42.609+0000] {processor.py:179} INFO - Processing /home/airflow/.local/lib/python3.8/site-packages/airflow/example_dags/example_branch_labels.py took 0.053 seconds
[2023-11-16T00:29:12.797+0000] {processor.py:157} INFO - Started process (PID=2396) to work on /home/airflow/.local/lib/python3.8/site-packages/airflow/example_dags/example_branch_labels.py
[2023-11-16T00:29:12.798+0000] {processor.py:829} INFO - Processing file /home/airflow/.local/lib/python3.8/site-packages/airflow/example_dags/example_branch_labels.py for tasks to queue
[2023-11-16T00:29:12.800+0000] {logging_mixin.py:154} INFO - [2023-11-16T00:29:12.799+0000] {dagbag.py:536} INFO - Filling up the DagBag from /home/airflow/.local/lib/python3.8/site-packages/airflow/example_dags/example_branch_labels.py
[2023-11-16T00:29:12.807+0000] {processor.py:839} INFO - DAG(s) dict_keys(['example_branch_labels']) retrieved from /home/airflow/.local/lib/python3.8/site-packages/airflow/example_dags/example_branch_labels.py
[2023-11-16T00:29:12.821+0000] {logging_mixin.py:154} INFO - [2023-11-16T00:29:12.821+0000] {dag.py:2941} INFO - Sync 1 DAGs
[2023-11-16T00:29:12.836+0000] {logging_mixin.py:154} INFO - [2023-11-16T00:29:12.836+0000] {dag.py:3722} INFO - Setting next_dagrun for example_branch_labels to 2023-11-15T00:00:00+00:00, run_after=2023-11-16T00:00:00+00:00
[2023-11-16T00:29:12.851+0000] {processor.py:179} INFO - Processing /home/airflow/.local/lib/python3.8/site-packages/airflow/example_dags/example_branch_labels.py took 0.056 seconds
[2023-11-16T00:29:42.963+0000] {processor.py:157} INFO - Started process (PID=2453) to work on /home/airflow/.local/lib/python3.8/site-packages/airflow/example_dags/example_branch_labels.py
[2023-11-16T00:29:42.964+0000] {processor.py:829} INFO - Processing file /home/airflow/.local/lib/python3.8/site-packages/airflow/example_dags/example_branch_labels.py for tasks to queue
[2023-11-16T00:29:42.966+0000] {logging_mixin.py:154} INFO - [2023-11-16T00:29:42.966+0000] {dagbag.py:536} INFO - Filling up the DagBag from /home/airflow/.local/lib/python3.8/site-packages/airflow/example_dags/example_branch_labels.py
[2023-11-16T00:29:42.975+0000] {processor.py:839} INFO - DAG(s) dict_keys(['example_branch_labels']) retrieved from /home/airflow/.local/lib/python3.8/site-packages/airflow/example_dags/example_branch_labels.py
[2023-11-16T00:29:42.990+0000] {logging_mixin.py:154} INFO - [2023-11-16T00:29:42.990+0000] {dag.py:2941} INFO - Sync 1 DAGs
[2023-11-16T00:29:43.005+0000] {logging_mixin.py:154} INFO - [2023-11-16T00:29:43.005+0000] {dag.py:3722} INFO - Setting next_dagrun for example_branch_labels to 2023-11-15T00:00:00+00:00, run_after=2023-11-16T00:00:00+00:00
[2023-11-16T00:29:43.020+0000] {processor.py:179} INFO - Processing /home/airflow/.local/lib/python3.8/site-packages/airflow/example_dags/example_branch_labels.py took 0.060 seconds
[2023-11-16T00:30:13.154+0000] {processor.py:157} INFO - Started process (PID=2511) to work on /home/airflow/.local/lib/python3.8/site-packages/airflow/example_dags/example_branch_labels.py
[2023-11-16T00:30:13.154+0000] {processor.py:829} INFO - Processing file /home/airflow/.local/lib/python3.8/site-packages/airflow/example_dags/example_branch_labels.py for tasks to queue
[2023-11-16T00:30:13.156+0000] {logging_mixin.py:154} INFO - [2023-11-16T00:30:13.156+0000] {dagbag.py:536} INFO - Filling up the DagBag from /home/airflow/.local/lib/python3.8/site-packages/airflow/example_dags/example_branch_labels.py
[2023-11-16T00:30:13.161+0000] {processor.py:839} INFO - DAG(s) dict_keys(['example_branch_labels']) retrieved from /home/airflow/.local/lib/python3.8/site-packages/airflow/example_dags/example_branch_labels.py
[2023-11-16T00:30:13.177+0000] {logging_mixin.py:154} INFO - [2023-11-16T00:30:13.177+0000] {dag.py:2941} INFO - Sync 1 DAGs
[2023-11-16T00:30:13.192+0000] {logging_mixin.py:154} INFO - [2023-11-16T00:30:13.192+0000] {dag.py:3722} INFO - Setting next_dagrun for example_branch_labels to 2023-11-15T00:00:00+00:00, run_after=2023-11-16T00:00:00+00:00
[2023-11-16T00:30:13.203+0000] {processor.py:179} INFO - Processing /home/airflow/.local/lib/python3.8/site-packages/airflow/example_dags/example_branch_labels.py took 0.052 seconds
[2023-11-16T00:30:43.356+0000] {processor.py:157} INFO - Started process (PID=2569) to work on /home/airflow/.local/lib/python3.8/site-packages/airflow/example_dags/example_branch_labels.py
[2023-11-16T00:30:43.356+0000] {processor.py:829} INFO - Processing file /home/airflow/.local/lib/python3.8/site-packages/airflow/example_dags/example_branch_labels.py for tasks to queue
[2023-11-16T00:30:43.358+0000] {logging_mixin.py:154} INFO - [2023-11-16T00:30:43.358+0000] {dagbag.py:536} INFO - Filling up the DagBag from /home/airflow/.local/lib/python3.8/site-packages/airflow/example_dags/example_branch_labels.py
[2023-11-16T00:30:43.364+0000] {processor.py:839} INFO - DAG(s) dict_keys(['example_branch_labels']) retrieved from /home/airflow/.local/lib/python3.8/site-packages/airflow/example_dags/example_branch_labels.py
[2023-11-16T00:30:43.378+0000] {logging_mixin.py:154} INFO - [2023-11-16T00:30:43.378+0000] {dag.py:2941} INFO - Sync 1 DAGs
[2023-11-16T00:30:43.396+0000] {logging_mixin.py:154} INFO - [2023-11-16T00:30:43.395+0000] {dag.py:3722} INFO - Setting next_dagrun for example_branch_labels to 2023-11-15T00:00:00+00:00, run_after=2023-11-16T00:00:00+00:00
[2023-11-16T00:30:43.408+0000] {processor.py:179} INFO - Processing /home/airflow/.local/lib/python3.8/site-packages/airflow/example_dags/example_branch_labels.py took 0.055 seconds
[2023-11-16T00:31:13.530+0000] {processor.py:157} INFO - Started process (PID=2626) to work on /home/airflow/.local/lib/python3.8/site-packages/airflow/example_dags/example_branch_labels.py
[2023-11-16T00:31:13.530+0000] {processor.py:829} INFO - Processing file /home/airflow/.local/lib/python3.8/site-packages/airflow/example_dags/example_branch_labels.py for tasks to queue
[2023-11-16T00:31:13.533+0000] {logging_mixin.py:154} INFO - [2023-11-16T00:31:13.532+0000] {dagbag.py:536} INFO - Filling up the DagBag from /home/airflow/.local/lib/python3.8/site-packages/airflow/example_dags/example_branch_labels.py
[2023-11-16T00:31:13.538+0000] {processor.py:839} INFO - DAG(s) dict_keys(['example_branch_labels']) retrieved from /home/airflow/.local/lib/python3.8/site-packages/airflow/example_dags/example_branch_labels.py
[2023-11-16T00:31:13.553+0000] {logging_mixin.py:154} INFO - [2023-11-16T00:31:13.553+0000] {dag.py:2941} INFO - Sync 1 DAGs
[2023-11-16T00:31:13.570+0000] {logging_mixin.py:154} INFO - [2023-11-16T00:31:13.570+0000] {dag.py:3722} INFO - Setting next_dagrun for example_branch_labels to 2023-11-15T00:00:00+00:00, run_after=2023-11-16T00:00:00+00:00
[2023-11-16T00:31:13.582+0000] {processor.py:179} INFO - Processing /home/airflow/.local/lib/python3.8/site-packages/airflow/example_dags/example_branch_labels.py took 0.054 seconds
[2023-11-16T00:31:43.733+0000] {processor.py:157} INFO - Started process (PID=2683) to work on /home/airflow/.local/lib/python3.8/site-packages/airflow/example_dags/example_branch_labels.py
[2023-11-16T00:31:43.734+0000] {processor.py:829} INFO - Processing file /home/airflow/.local/lib/python3.8/site-packages/airflow/example_dags/example_branch_labels.py for tasks to queue
[2023-11-16T00:31:43.735+0000] {logging_mixin.py:154} INFO - [2023-11-16T00:31:43.735+0000] {dagbag.py:536} INFO - Filling up the DagBag from /home/airflow/.local/lib/python3.8/site-packages/airflow/example_dags/example_branch_labels.py
[2023-11-16T00:31:43.740+0000] {processor.py:839} INFO - DAG(s) dict_keys(['example_branch_labels']) retrieved from /home/airflow/.local/lib/python3.8/site-packages/airflow/example_dags/example_branch_labels.py
[2023-11-16T00:31:43.754+0000] {logging_mixin.py:154} INFO - [2023-11-16T00:31:43.754+0000] {dag.py:2941} INFO - Sync 1 DAGs
[2023-11-16T00:31:43.769+0000] {logging_mixin.py:154} INFO - [2023-11-16T00:31:43.769+0000] {dag.py:3722} INFO - Setting next_dagrun for example_branch_labels to 2023-11-15T00:00:00+00:00, run_after=2023-11-16T00:00:00+00:00
[2023-11-16T00:31:43.781+0000] {processor.py:179} INFO - Processing /home/airflow/.local/lib/python3.8/site-packages/airflow/example_dags/example_branch_labels.py took 0.050 seconds
[2023-11-16T00:32:14.059+0000] {processor.py:157} INFO - Started process (PID=2740) to work on /home/airflow/.local/lib/python3.8/site-packages/airflow/example_dags/example_branch_labels.py
[2023-11-16T00:32:14.060+0000] {processor.py:829} INFO - Processing file /home/airflow/.local/lib/python3.8/site-packages/airflow/example_dags/example_branch_labels.py for tasks to queue
[2023-11-16T00:32:14.062+0000] {logging_mixin.py:154} INFO - [2023-11-16T00:32:14.062+0000] {dagbag.py:536} INFO - Filling up the DagBag from /home/airflow/.local/lib/python3.8/site-packages/airflow/example_dags/example_branch_labels.py
[2023-11-16T00:32:14.067+0000] {processor.py:839} INFO - DAG(s) dict_keys(['example_branch_labels']) retrieved from /home/airflow/.local/lib/python3.8/site-packages/airflow/example_dags/example_branch_labels.py
[2023-11-16T00:32:14.081+0000] {logging_mixin.py:154} INFO - [2023-11-16T00:32:14.081+0000] {dag.py:2941} INFO - Sync 1 DAGs
[2023-11-16T00:32:14.097+0000] {logging_mixin.py:154} INFO - [2023-11-16T00:32:14.097+0000] {dag.py:3722} INFO - Setting next_dagrun for example_branch_labels to 2023-11-15T00:00:00+00:00, run_after=2023-11-16T00:00:00+00:00
[2023-11-16T00:32:14.109+0000] {processor.py:179} INFO - Processing /home/airflow/.local/lib/python3.8/site-packages/airflow/example_dags/example_branch_labels.py took 0.052 seconds
[2023-11-16T00:32:44.219+0000] {processor.py:157} INFO - Started process (PID=2796) to work on /home/airflow/.local/lib/python3.8/site-packages/airflow/example_dags/example_branch_labels.py
[2023-11-16T00:32:44.220+0000] {processor.py:829} INFO - Processing file /home/airflow/.local/lib/python3.8/site-packages/airflow/example_dags/example_branch_labels.py for tasks to queue
[2023-11-16T00:32:44.221+0000] {logging_mixin.py:154} INFO - [2023-11-16T00:32:44.221+0000] {dagbag.py:536} INFO - Filling up the DagBag from /home/airflow/.local/lib/python3.8/site-packages/airflow/example_dags/example_branch_labels.py
[2023-11-16T00:32:44.227+0000] {processor.py:839} INFO - DAG(s) dict_keys(['example_branch_labels']) retrieved from /home/airflow/.local/lib/python3.8/site-packages/airflow/example_dags/example_branch_labels.py
[2023-11-16T00:32:44.240+0000] {logging_mixin.py:154} INFO - [2023-11-16T00:32:44.240+0000] {dag.py:2941} INFO - Sync 1 DAGs
[2023-11-16T00:32:44.254+0000] {logging_mixin.py:154} INFO - [2023-11-16T00:32:44.254+0000] {dag.py:3722} INFO - Setting next_dagrun for example_branch_labels to 2023-11-15T00:00:00+00:00, run_after=2023-11-16T00:00:00+00:00
[2023-11-16T00:32:44.267+0000] {processor.py:179} INFO - Processing /home/airflow/.local/lib/python3.8/site-packages/airflow/example_dags/example_branch_labels.py took 0.050 seconds
[2023-11-16T00:33:14.359+0000] {processor.py:157} INFO - Started process (PID=2853) to work on /home/airflow/.local/lib/python3.8/site-packages/airflow/example_dags/example_branch_labels.py
[2023-11-16T00:33:14.360+0000] {processor.py:829} INFO - Processing file /home/airflow/.local/lib/python3.8/site-packages/airflow/example_dags/example_branch_labels.py for tasks to queue
[2023-11-16T00:33:14.362+0000] {logging_mixin.py:154} INFO - [2023-11-16T00:33:14.362+0000] {dagbag.py:536} INFO - Filling up the DagBag from /home/airflow/.local/lib/python3.8/site-packages/airflow/example_dags/example_branch_labels.py
[2023-11-16T00:33:14.369+0000] {processor.py:839} INFO - DAG(s) dict_keys(['example_branch_labels']) retrieved from /home/airflow/.local/lib/python3.8/site-packages/airflow/example_dags/example_branch_labels.py
[2023-11-16T00:33:14.385+0000] {logging_mixin.py:154} INFO - [2023-11-16T00:33:14.385+0000] {dag.py:2941} INFO - Sync 1 DAGs
[2023-11-16T00:33:14.403+0000] {logging_mixin.py:154} INFO - [2023-11-16T00:33:14.403+0000] {dag.py:3722} INFO - Setting next_dagrun for example_branch_labels to 2023-11-15T00:00:00+00:00, run_after=2023-11-16T00:00:00+00:00
[2023-11-16T00:33:14.414+0000] {processor.py:179} INFO - Processing /home/airflow/.local/lib/python3.8/site-packages/airflow/example_dags/example_branch_labels.py took 0.058 seconds
[2023-11-16T00:33:44.652+0000] {processor.py:157} INFO - Started process (PID=2910) to work on /home/airflow/.local/lib/python3.8/site-packages/airflow/example_dags/example_branch_labels.py
[2023-11-16T00:33:44.652+0000] {processor.py:829} INFO - Processing file /home/airflow/.local/lib/python3.8/site-packages/airflow/example_dags/example_branch_labels.py for tasks to queue
[2023-11-16T00:33:44.654+0000] {logging_mixin.py:154} INFO - [2023-11-16T00:33:44.654+0000] {dagbag.py:536} INFO - Filling up the DagBag from /home/airflow/.local/lib/python3.8/site-packages/airflow/example_dags/example_branch_labels.py
[2023-11-16T00:33:44.659+0000] {processor.py:839} INFO - DAG(s) dict_keys(['example_branch_labels']) retrieved from /home/airflow/.local/lib/python3.8/site-packages/airflow/example_dags/example_branch_labels.py
[2023-11-16T00:33:44.673+0000] {logging_mixin.py:154} INFO - [2023-11-16T00:33:44.673+0000] {dag.py:2941} INFO - Sync 1 DAGs
[2023-11-16T00:33:44.689+0000] {logging_mixin.py:154} INFO - [2023-11-16T00:33:44.688+0000] {dag.py:3722} INFO - Setting next_dagrun for example_branch_labels to 2023-11-15T00:00:00+00:00, run_after=2023-11-16T00:00:00+00:00
[2023-11-16T00:33:44.701+0000] {processor.py:179} INFO - Processing /home/airflow/.local/lib/python3.8/site-packages/airflow/example_dags/example_branch_labels.py took 0.051 seconds
[2023-11-16T00:34:14.824+0000] {processor.py:157} INFO - Started process (PID=2967) to work on /home/airflow/.local/lib/python3.8/site-packages/airflow/example_dags/example_branch_labels.py
[2023-11-16T00:34:14.825+0000] {processor.py:829} INFO - Processing file /home/airflow/.local/lib/python3.8/site-packages/airflow/example_dags/example_branch_labels.py for tasks to queue
[2023-11-16T00:34:14.827+0000] {logging_mixin.py:154} INFO - [2023-11-16T00:34:14.826+0000] {dagbag.py:536} INFO - Filling up the DagBag from /home/airflow/.local/lib/python3.8/site-packages/airflow/example_dags/example_branch_labels.py
[2023-11-16T00:34:14.832+0000] {processor.py:839} INFO - DAG(s) dict_keys(['example_branch_labels']) retrieved from /home/airflow/.local/lib/python3.8/site-packages/airflow/example_dags/example_branch_labels.py
[2023-11-16T00:34:14.846+0000] {logging_mixin.py:154} INFO - [2023-11-16T00:34:14.846+0000] {dag.py:2941} INFO - Sync 1 DAGs
[2023-11-16T00:34:14.861+0000] {logging_mixin.py:154} INFO - [2023-11-16T00:34:14.861+0000] {dag.py:3722} INFO - Setting next_dagrun for example_branch_labels to 2023-11-15T00:00:00+00:00, run_after=2023-11-16T00:00:00+00:00
[2023-11-16T00:34:14.874+0000] {processor.py:179} INFO - Processing /home/airflow/.local/lib/python3.8/site-packages/airflow/example_dags/example_branch_labels.py took 0.051 seconds
[2023-11-16T00:34:45.097+0000] {processor.py:157} INFO - Started process (PID=3024) to work on /home/airflow/.local/lib/python3.8/site-packages/airflow/example_dags/example_branch_labels.py
[2023-11-16T00:34:45.098+0000] {processor.py:829} INFO - Processing file /home/airflow/.local/lib/python3.8/site-packages/airflow/example_dags/example_branch_labels.py for tasks to queue
[2023-11-16T00:34:45.099+0000] {logging_mixin.py:154} INFO - [2023-11-16T00:34:45.099+0000] {dagbag.py:536} INFO - Filling up the DagBag from /home/airflow/.local/lib/python3.8/site-packages/airflow/example_dags/example_branch_labels.py
[2023-11-16T00:34:45.105+0000] {processor.py:839} INFO - DAG(s) dict_keys(['example_branch_labels']) retrieved from /home/airflow/.local/lib/python3.8/site-packages/airflow/example_dags/example_branch_labels.py
[2023-11-16T00:34:45.120+0000] {logging_mixin.py:154} INFO - [2023-11-16T00:34:45.119+0000] {dag.py:2941} INFO - Sync 1 DAGs
[2023-11-16T00:34:45.138+0000] {logging_mixin.py:154} INFO - [2023-11-16T00:34:45.138+0000] {dag.py:3722} INFO - Setting next_dagrun for example_branch_labels to 2023-11-15T00:00:00+00:00, run_after=2023-11-16T00:00:00+00:00
[2023-11-16T00:34:45.153+0000] {processor.py:179} INFO - Processing /home/airflow/.local/lib/python3.8/site-packages/airflow/example_dags/example_branch_labels.py took 0.058 seconds
[2023-11-16T00:35:15.260+0000] {processor.py:157} INFO - Started process (PID=3081) to work on /home/airflow/.local/lib/python3.8/site-packages/airflow/example_dags/example_branch_labels.py
[2023-11-16T00:35:15.261+0000] {processor.py:829} INFO - Processing file /home/airflow/.local/lib/python3.8/site-packages/airflow/example_dags/example_branch_labels.py for tasks to queue
[2023-11-16T00:35:15.262+0000] {logging_mixin.py:154} INFO - [2023-11-16T00:35:15.262+0000] {dagbag.py:536} INFO - Filling up the DagBag from /home/airflow/.local/lib/python3.8/site-packages/airflow/example_dags/example_branch_labels.py
[2023-11-16T00:35:15.268+0000] {processor.py:839} INFO - DAG(s) dict_keys(['example_branch_labels']) retrieved from /home/airflow/.local/lib/python3.8/site-packages/airflow/example_dags/example_branch_labels.py
[2023-11-16T00:35:15.283+0000] {logging_mixin.py:154} INFO - [2023-11-16T00:35:15.283+0000] {dag.py:2941} INFO - Sync 1 DAGs
[2023-11-16T00:35:15.300+0000] {logging_mixin.py:154} INFO - [2023-11-16T00:35:15.300+0000] {dag.py:3722} INFO - Setting next_dagrun for example_branch_labels to 2023-11-15T00:00:00+00:00, run_after=2023-11-16T00:00:00+00:00
[2023-11-16T00:35:15.316+0000] {processor.py:179} INFO - Processing /home/airflow/.local/lib/python3.8/site-packages/airflow/example_dags/example_branch_labels.py took 0.059 seconds
[2023-11-16T00:35:46.248+0000] {processor.py:157} INFO - Started process (PID=3136) to work on /home/airflow/.local/lib/python3.8/site-packages/airflow/example_dags/example_branch_labels.py
[2023-11-16T00:35:46.249+0000] {processor.py:829} INFO - Processing file /home/airflow/.local/lib/python3.8/site-packages/airflow/example_dags/example_branch_labels.py for tasks to queue
[2023-11-16T00:35:46.251+0000] {logging_mixin.py:154} INFO - [2023-11-16T00:35:46.251+0000] {dagbag.py:536} INFO - Filling up the DagBag from /home/airflow/.local/lib/python3.8/site-packages/airflow/example_dags/example_branch_labels.py
[2023-11-16T00:35:46.256+0000] {processor.py:839} INFO - DAG(s) dict_keys(['example_branch_labels']) retrieved from /home/airflow/.local/lib/python3.8/site-packages/airflow/example_dags/example_branch_labels.py
[2023-11-16T00:35:46.272+0000] {logging_mixin.py:154} INFO - [2023-11-16T00:35:46.272+0000] {dag.py:2941} INFO - Sync 1 DAGs
[2023-11-16T00:35:46.289+0000] {logging_mixin.py:154} INFO - [2023-11-16T00:35:46.289+0000] {dag.py:3722} INFO - Setting next_dagrun for example_branch_labels to 2023-11-15T00:00:00+00:00, run_after=2023-11-16T00:00:00+00:00
[2023-11-16T00:35:46.303+0000] {processor.py:179} INFO - Processing /home/airflow/.local/lib/python3.8/site-packages/airflow/example_dags/example_branch_labels.py took 0.057 seconds
[2023-11-16T00:36:16.639+0000] {processor.py:157} INFO - Started process (PID=3194) to work on /home/airflow/.local/lib/python3.8/site-packages/airflow/example_dags/example_branch_labels.py
[2023-11-16T00:36:16.640+0000] {processor.py:829} INFO - Processing file /home/airflow/.local/lib/python3.8/site-packages/airflow/example_dags/example_branch_labels.py for tasks to queue
[2023-11-16T00:36:16.642+0000] {logging_mixin.py:154} INFO - [2023-11-16T00:36:16.641+0000] {dagbag.py:536} INFO - Filling up the DagBag from /home/airflow/.local/lib/python3.8/site-packages/airflow/example_dags/example_branch_labels.py
[2023-11-16T00:36:16.647+0000] {processor.py:839} INFO - DAG(s) dict_keys(['example_branch_labels']) retrieved from /home/airflow/.local/lib/python3.8/site-packages/airflow/example_dags/example_branch_labels.py
[2023-11-16T00:36:16.663+0000] {logging_mixin.py:154} INFO - [2023-11-16T00:36:16.663+0000] {dag.py:2941} INFO - Sync 1 DAGs
[2023-11-16T00:36:16.678+0000] {logging_mixin.py:154} INFO - [2023-11-16T00:36:16.678+0000] {dag.py:3722} INFO - Setting next_dagrun for example_branch_labels to 2023-11-15T00:00:00+00:00, run_after=2023-11-16T00:00:00+00:00
[2023-11-16T00:36:16.691+0000] {processor.py:179} INFO - Processing /home/airflow/.local/lib/python3.8/site-packages/airflow/example_dags/example_branch_labels.py took 0.054 seconds
[2023-11-16T00:36:46.758+0000] {processor.py:157} INFO - Started process (PID=3251) to work on /home/airflow/.local/lib/python3.8/site-packages/airflow/example_dags/example_branch_labels.py
[2023-11-16T00:36:46.759+0000] {processor.py:829} INFO - Processing file /home/airflow/.local/lib/python3.8/site-packages/airflow/example_dags/example_branch_labels.py for tasks to queue
[2023-11-16T00:36:46.761+0000] {logging_mixin.py:154} INFO - [2023-11-16T00:36:46.760+0000] {dagbag.py:536} INFO - Filling up the DagBag from /home/airflow/.local/lib/python3.8/site-packages/airflow/example_dags/example_branch_labels.py
[2023-11-16T00:36:46.768+0000] {processor.py:839} INFO - DAG(s) dict_keys(['example_branch_labels']) retrieved from /home/airflow/.local/lib/python3.8/site-packages/airflow/example_dags/example_branch_labels.py
[2023-11-16T00:36:46.783+0000] {logging_mixin.py:154} INFO - [2023-11-16T00:36:46.783+0000] {dag.py:2941} INFO - Sync 1 DAGs
[2023-11-16T00:36:46.799+0000] {logging_mixin.py:154} INFO - [2023-11-16T00:36:46.799+0000] {dag.py:3722} INFO - Setting next_dagrun for example_branch_labels to 2023-11-15T00:00:00+00:00, run_after=2023-11-16T00:00:00+00:00
[2023-11-16T00:36:46.812+0000] {processor.py:179} INFO - Processing /home/airflow/.local/lib/python3.8/site-packages/airflow/example_dags/example_branch_labels.py took 0.057 seconds
[2023-11-16T00:37:17.011+0000] {processor.py:157} INFO - Started process (PID=3308) to work on /home/airflow/.local/lib/python3.8/site-packages/airflow/example_dags/example_branch_labels.py
[2023-11-16T00:37:17.012+0000] {processor.py:829} INFO - Processing file /home/airflow/.local/lib/python3.8/site-packages/airflow/example_dags/example_branch_labels.py for tasks to queue
[2023-11-16T00:37:17.014+0000] {logging_mixin.py:154} INFO - [2023-11-16T00:37:17.013+0000] {dagbag.py:536} INFO - Filling up the DagBag from /home/airflow/.local/lib/python3.8/site-packages/airflow/example_dags/example_branch_labels.py
[2023-11-16T00:37:17.020+0000] {processor.py:839} INFO - DAG(s) dict_keys(['example_branch_labels']) retrieved from /home/airflow/.local/lib/python3.8/site-packages/airflow/example_dags/example_branch_labels.py
[2023-11-16T00:37:17.035+0000] {logging_mixin.py:154} INFO - [2023-11-16T00:37:17.035+0000] {dag.py:2941} INFO - Sync 1 DAGs
[2023-11-16T00:37:17.050+0000] {logging_mixin.py:154} INFO - [2023-11-16T00:37:17.050+0000] {dag.py:3722} INFO - Setting next_dagrun for example_branch_labels to 2023-11-15T00:00:00+00:00, run_after=2023-11-16T00:00:00+00:00
[2023-11-16T00:37:17.068+0000] {processor.py:179} INFO - Processing /home/airflow/.local/lib/python3.8/site-packages/airflow/example_dags/example_branch_labels.py took 0.059 seconds
[2023-11-16T00:37:47.260+0000] {processor.py:157} INFO - Started process (PID=3366) to work on /home/airflow/.local/lib/python3.8/site-packages/airflow/example_dags/example_branch_labels.py
[2023-11-16T00:37:47.261+0000] {processor.py:829} INFO - Processing file /home/airflow/.local/lib/python3.8/site-packages/airflow/example_dags/example_branch_labels.py for tasks to queue
[2023-11-16T00:37:47.263+0000] {logging_mixin.py:154} INFO - [2023-11-16T00:37:47.263+0000] {dagbag.py:536} INFO - Filling up the DagBag from /home/airflow/.local/lib/python3.8/site-packages/airflow/example_dags/example_branch_labels.py
[2023-11-16T00:37:47.269+0000] {processor.py:839} INFO - DAG(s) dict_keys(['example_branch_labels']) retrieved from /home/airflow/.local/lib/python3.8/site-packages/airflow/example_dags/example_branch_labels.py
[2023-11-16T00:37:47.284+0000] {logging_mixin.py:154} INFO - [2023-11-16T00:37:47.284+0000] {dag.py:2941} INFO - Sync 1 DAGs
[2023-11-16T00:37:47.300+0000] {logging_mixin.py:154} INFO - [2023-11-16T00:37:47.300+0000] {dag.py:3722} INFO - Setting next_dagrun for example_branch_labels to 2023-11-15T00:00:00+00:00, run_after=2023-11-16T00:00:00+00:00
[2023-11-16T00:37:47.313+0000] {processor.py:179} INFO - Processing /home/airflow/.local/lib/python3.8/site-packages/airflow/example_dags/example_branch_labels.py took 0.055 seconds
[2023-11-16T00:38:17.476+0000] {processor.py:157} INFO - Started process (PID=3423) to work on /home/airflow/.local/lib/python3.8/site-packages/airflow/example_dags/example_branch_labels.py
[2023-11-16T00:38:17.477+0000] {processor.py:829} INFO - Processing file /home/airflow/.local/lib/python3.8/site-packages/airflow/example_dags/example_branch_labels.py for tasks to queue
[2023-11-16T00:38:17.480+0000] {logging_mixin.py:154} INFO - [2023-11-16T00:38:17.480+0000] {dagbag.py:536} INFO - Filling up the DagBag from /home/airflow/.local/lib/python3.8/site-packages/airflow/example_dags/example_branch_labels.py
[2023-11-16T00:38:17.486+0000] {processor.py:839} INFO - DAG(s) dict_keys(['example_branch_labels']) retrieved from /home/airflow/.local/lib/python3.8/site-packages/airflow/example_dags/example_branch_labels.py
[2023-11-16T00:38:17.502+0000] {logging_mixin.py:154} INFO - [2023-11-16T00:38:17.501+0000] {dag.py:2941} INFO - Sync 1 DAGs
[2023-11-16T00:38:17.521+0000] {logging_mixin.py:154} INFO - [2023-11-16T00:38:17.520+0000] {dag.py:3722} INFO - Setting next_dagrun for example_branch_labels to 2023-11-15T00:00:00+00:00, run_after=2023-11-16T00:00:00+00:00
[2023-11-16T00:38:17.536+0000] {processor.py:179} INFO - Processing /home/airflow/.local/lib/python3.8/site-packages/airflow/example_dags/example_branch_labels.py took 0.062 seconds
[2023-11-16T00:38:47.880+0000] {processor.py:157} INFO - Started process (PID=3480) to work on /home/airflow/.local/lib/python3.8/site-packages/airflow/example_dags/example_branch_labels.py
[2023-11-16T00:38:47.881+0000] {processor.py:829} INFO - Processing file /home/airflow/.local/lib/python3.8/site-packages/airflow/example_dags/example_branch_labels.py for tasks to queue
[2023-11-16T00:38:47.883+0000] {logging_mixin.py:154} INFO - [2023-11-16T00:38:47.883+0000] {dagbag.py:536} INFO - Filling up the DagBag from /home/airflow/.local/lib/python3.8/site-packages/airflow/example_dags/example_branch_labels.py
[2023-11-16T00:38:47.888+0000] {processor.py:839} INFO - DAG(s) dict_keys(['example_branch_labels']) retrieved from /home/airflow/.local/lib/python3.8/site-packages/airflow/example_dags/example_branch_labels.py
[2023-11-16T00:38:47.905+0000] {logging_mixin.py:154} INFO - [2023-11-16T00:38:47.905+0000] {dag.py:2941} INFO - Sync 1 DAGs
[2023-11-16T00:38:47.920+0000] {logging_mixin.py:154} INFO - [2023-11-16T00:38:47.920+0000] {dag.py:3722} INFO - Setting next_dagrun for example_branch_labels to 2023-11-15T00:00:00+00:00, run_after=2023-11-16T00:00:00+00:00
[2023-11-16T00:38:47.931+0000] {processor.py:179} INFO - Processing /home/airflow/.local/lib/python3.8/site-packages/airflow/example_dags/example_branch_labels.py took 0.053 seconds
[2023-11-16T00:39:18.049+0000] {processor.py:157} INFO - Started process (PID=3538) to work on /home/airflow/.local/lib/python3.8/site-packages/airflow/example_dags/example_branch_labels.py
[2023-11-16T00:39:18.050+0000] {processor.py:829} INFO - Processing file /home/airflow/.local/lib/python3.8/site-packages/airflow/example_dags/example_branch_labels.py for tasks to queue
[2023-11-16T00:39:18.051+0000] {logging_mixin.py:154} INFO - [2023-11-16T00:39:18.051+0000] {dagbag.py:536} INFO - Filling up the DagBag from /home/airflow/.local/lib/python3.8/site-packages/airflow/example_dags/example_branch_labels.py
[2023-11-16T00:39:18.057+0000] {processor.py:839} INFO - DAG(s) dict_keys(['example_branch_labels']) retrieved from /home/airflow/.local/lib/python3.8/site-packages/airflow/example_dags/example_branch_labels.py
[2023-11-16T00:39:18.071+0000] {logging_mixin.py:154} INFO - [2023-11-16T00:39:18.071+0000] {dag.py:2941} INFO - Sync 1 DAGs
[2023-11-16T00:39:18.086+0000] {logging_mixin.py:154} INFO - [2023-11-16T00:39:18.086+0000] {dag.py:3722} INFO - Setting next_dagrun for example_branch_labels to 2023-11-15T00:00:00+00:00, run_after=2023-11-16T00:00:00+00:00
[2023-11-16T00:39:18.100+0000] {processor.py:179} INFO - Processing /home/airflow/.local/lib/python3.8/site-packages/airflow/example_dags/example_branch_labels.py took 0.053 seconds
[2023-11-16T00:39:48.402+0000] {processor.py:157} INFO - Started process (PID=3595) to work on /home/airflow/.local/lib/python3.8/site-packages/airflow/example_dags/example_branch_labels.py
[2023-11-16T00:39:48.403+0000] {processor.py:829} INFO - Processing file /home/airflow/.local/lib/python3.8/site-packages/airflow/example_dags/example_branch_labels.py for tasks to queue
[2023-11-16T00:39:48.404+0000] {logging_mixin.py:154} INFO - [2023-11-16T00:39:48.404+0000] {dagbag.py:536} INFO - Filling up the DagBag from /home/airflow/.local/lib/python3.8/site-packages/airflow/example_dags/example_branch_labels.py
[2023-11-16T00:39:48.410+0000] {processor.py:839} INFO - DAG(s) dict_keys(['example_branch_labels']) retrieved from /home/airflow/.local/lib/python3.8/site-packages/airflow/example_dags/example_branch_labels.py
[2023-11-16T00:39:48.425+0000] {logging_mixin.py:154} INFO - [2023-11-16T00:39:48.424+0000] {dag.py:2941} INFO - Sync 1 DAGs
[2023-11-16T00:39:48.439+0000] {logging_mixin.py:154} INFO - [2023-11-16T00:39:48.439+0000] {dag.py:3722} INFO - Setting next_dagrun for example_branch_labels to 2023-11-15T00:00:00+00:00, run_after=2023-11-16T00:00:00+00:00
[2023-11-16T00:39:48.452+0000] {processor.py:179} INFO - Processing /home/airflow/.local/lib/python3.8/site-packages/airflow/example_dags/example_branch_labels.py took 0.051 seconds
[2023-11-16T00:40:18.490+0000] {processor.py:157} INFO - Started process (PID=3652) to work on /home/airflow/.local/lib/python3.8/site-packages/airflow/example_dags/example_branch_labels.py
[2023-11-16T00:40:18.491+0000] {processor.py:829} INFO - Processing file /home/airflow/.local/lib/python3.8/site-packages/airflow/example_dags/example_branch_labels.py for tasks to queue
[2023-11-16T00:40:18.493+0000] {logging_mixin.py:154} INFO - [2023-11-16T00:40:18.492+0000] {dagbag.py:536} INFO - Filling up the DagBag from /home/airflow/.local/lib/python3.8/site-packages/airflow/example_dags/example_branch_labels.py
[2023-11-16T00:40:18.499+0000] {processor.py:839} INFO - DAG(s) dict_keys(['example_branch_labels']) retrieved from /home/airflow/.local/lib/python3.8/site-packages/airflow/example_dags/example_branch_labels.py
[2023-11-16T00:40:18.514+0000] {logging_mixin.py:154} INFO - [2023-11-16T00:40:18.514+0000] {dag.py:2941} INFO - Sync 1 DAGs
[2023-11-16T00:40:18.530+0000] {logging_mixin.py:154} INFO - [2023-11-16T00:40:18.530+0000] {dag.py:3722} INFO - Setting next_dagrun for example_branch_labels to 2023-11-15T00:00:00+00:00, run_after=2023-11-16T00:00:00+00:00
[2023-11-16T00:40:18.543+0000] {processor.py:179} INFO - Processing /home/airflow/.local/lib/python3.8/site-packages/airflow/example_dags/example_branch_labels.py took 0.055 seconds
[2023-11-16T00:40:48.567+0000] {processor.py:157} INFO - Started process (PID=3709) to work on /home/airflow/.local/lib/python3.8/site-packages/airflow/example_dags/example_branch_labels.py
[2023-11-16T00:40:48.568+0000] {processor.py:829} INFO - Processing file /home/airflow/.local/lib/python3.8/site-packages/airflow/example_dags/example_branch_labels.py for tasks to queue
[2023-11-16T00:40:48.569+0000] {logging_mixin.py:154} INFO - [2023-11-16T00:40:48.569+0000] {dagbag.py:536} INFO - Filling up the DagBag from /home/airflow/.local/lib/python3.8/site-packages/airflow/example_dags/example_branch_labels.py
[2023-11-16T00:40:48.575+0000] {processor.py:839} INFO - DAG(s) dict_keys(['example_branch_labels']) retrieved from /home/airflow/.local/lib/python3.8/site-packages/airflow/example_dags/example_branch_labels.py
[2023-11-16T00:40:48.589+0000] {logging_mixin.py:154} INFO - [2023-11-16T00:40:48.589+0000] {dag.py:2941} INFO - Sync 1 DAGs
[2023-11-16T00:40:48.603+0000] {logging_mixin.py:154} INFO - [2023-11-16T00:40:48.603+0000] {dag.py:3722} INFO - Setting next_dagrun for example_branch_labels to 2023-11-15T00:00:00+00:00, run_after=2023-11-16T00:00:00+00:00
[2023-11-16T00:40:48.615+0000] {processor.py:179} INFO - Processing /home/airflow/.local/lib/python3.8/site-packages/airflow/example_dags/example_branch_labels.py took 0.050 seconds
[2023-11-16T00:41:18.691+0000] {processor.py:157} INFO - Started process (PID=3766) to work on /home/airflow/.local/lib/python3.8/site-packages/airflow/example_dags/example_branch_labels.py
[2023-11-16T00:41:18.692+0000] {processor.py:829} INFO - Processing file /home/airflow/.local/lib/python3.8/site-packages/airflow/example_dags/example_branch_labels.py for tasks to queue
[2023-11-16T00:41:18.694+0000] {logging_mixin.py:154} INFO - [2023-11-16T00:41:18.694+0000] {dagbag.py:536} INFO - Filling up the DagBag from /home/airflow/.local/lib/python3.8/site-packages/airflow/example_dags/example_branch_labels.py
[2023-11-16T00:41:18.699+0000] {processor.py:839} INFO - DAG(s) dict_keys(['example_branch_labels']) retrieved from /home/airflow/.local/lib/python3.8/site-packages/airflow/example_dags/example_branch_labels.py
[2023-11-16T00:41:18.713+0000] {logging_mixin.py:154} INFO - [2023-11-16T00:41:18.713+0000] {dag.py:2941} INFO - Sync 1 DAGs
[2023-11-16T00:41:18.727+0000] {logging_mixin.py:154} INFO - [2023-11-16T00:41:18.727+0000] {dag.py:3722} INFO - Setting next_dagrun for example_branch_labels to 2023-11-15T00:00:00+00:00, run_after=2023-11-16T00:00:00+00:00
[2023-11-16T00:41:18.738+0000] {processor.py:179} INFO - Processing /home/airflow/.local/lib/python3.8/site-packages/airflow/example_dags/example_branch_labels.py took 0.049 seconds
[2023-11-16T00:41:48.937+0000] {processor.py:157} INFO - Started process (PID=3824) to work on /home/airflow/.local/lib/python3.8/site-packages/airflow/example_dags/example_branch_labels.py
[2023-11-16T00:41:48.939+0000] {processor.py:829} INFO - Processing file /home/airflow/.local/lib/python3.8/site-packages/airflow/example_dags/example_branch_labels.py for tasks to queue
[2023-11-16T00:41:48.940+0000] {logging_mixin.py:154} INFO - [2023-11-16T00:41:48.940+0000] {dagbag.py:536} INFO - Filling up the DagBag from /home/airflow/.local/lib/python3.8/site-packages/airflow/example_dags/example_branch_labels.py
[2023-11-16T00:41:48.946+0000] {processor.py:839} INFO - DAG(s) dict_keys(['example_branch_labels']) retrieved from /home/airflow/.local/lib/python3.8/site-packages/airflow/example_dags/example_branch_labels.py
[2023-11-16T00:41:48.961+0000] {logging_mixin.py:154} INFO - [2023-11-16T00:41:48.960+0000] {dag.py:2941} INFO - Sync 1 DAGs
[2023-11-16T00:41:48.976+0000] {logging_mixin.py:154} INFO - [2023-11-16T00:41:48.976+0000] {dag.py:3722} INFO - Setting next_dagrun for example_branch_labels to 2023-11-15T00:00:00+00:00, run_after=2023-11-16T00:00:00+00:00
[2023-11-16T00:41:48.989+0000] {processor.py:179} INFO - Processing /home/airflow/.local/lib/python3.8/site-packages/airflow/example_dags/example_branch_labels.py took 0.054 seconds
[2023-11-16T00:42:19.234+0000] {processor.py:157} INFO - Started process (PID=3881) to work on /home/airflow/.local/lib/python3.8/site-packages/airflow/example_dags/example_branch_labels.py
[2023-11-16T00:42:19.235+0000] {processor.py:829} INFO - Processing file /home/airflow/.local/lib/python3.8/site-packages/airflow/example_dags/example_branch_labels.py for tasks to queue
[2023-11-16T00:42:19.237+0000] {logging_mixin.py:154} INFO - [2023-11-16T00:42:19.236+0000] {dagbag.py:536} INFO - Filling up the DagBag from /home/airflow/.local/lib/python3.8/site-packages/airflow/example_dags/example_branch_labels.py
[2023-11-16T00:42:19.243+0000] {processor.py:839} INFO - DAG(s) dict_keys(['example_branch_labels']) retrieved from /home/airflow/.local/lib/python3.8/site-packages/airflow/example_dags/example_branch_labels.py
[2023-11-16T00:42:19.256+0000] {logging_mixin.py:154} INFO - [2023-11-16T00:42:19.256+0000] {dag.py:2941} INFO - Sync 1 DAGs
[2023-11-16T00:42:19.272+0000] {logging_mixin.py:154} INFO - [2023-11-16T00:42:19.272+0000] {dag.py:3722} INFO - Setting next_dagrun for example_branch_labels to 2023-11-15T00:00:00+00:00, run_after=2023-11-16T00:00:00+00:00
[2023-11-16T00:42:19.285+0000] {processor.py:179} INFO - Processing /home/airflow/.local/lib/python3.8/site-packages/airflow/example_dags/example_branch_labels.py took 0.054 seconds
[2023-11-16T00:42:49.419+0000] {processor.py:157} INFO - Started process (PID=3938) to work on /home/airflow/.local/lib/python3.8/site-packages/airflow/example_dags/example_branch_labels.py
[2023-11-16T00:42:49.420+0000] {processor.py:829} INFO - Processing file /home/airflow/.local/lib/python3.8/site-packages/airflow/example_dags/example_branch_labels.py for tasks to queue
[2023-11-16T00:42:49.421+0000] {logging_mixin.py:154} INFO - [2023-11-16T00:42:49.421+0000] {dagbag.py:536} INFO - Filling up the DagBag from /home/airflow/.local/lib/python3.8/site-packages/airflow/example_dags/example_branch_labels.py
[2023-11-16T00:42:49.427+0000] {processor.py:839} INFO - DAG(s) dict_keys(['example_branch_labels']) retrieved from /home/airflow/.local/lib/python3.8/site-packages/airflow/example_dags/example_branch_labels.py
[2023-11-16T00:42:49.441+0000] {logging_mixin.py:154} INFO - [2023-11-16T00:42:49.441+0000] {dag.py:2941} INFO - Sync 1 DAGs
[2023-11-16T00:42:49.456+0000] {logging_mixin.py:154} INFO - [2023-11-16T00:42:49.456+0000] {dag.py:3722} INFO - Setting next_dagrun for example_branch_labels to 2023-11-15T00:00:00+00:00, run_after=2023-11-16T00:00:00+00:00
[2023-11-16T00:42:49.467+0000] {processor.py:179} INFO - Processing /home/airflow/.local/lib/python3.8/site-packages/airflow/example_dags/example_branch_labels.py took 0.051 seconds
[2023-11-16T00:43:19.775+0000] {processor.py:157} INFO - Started process (PID=3995) to work on /home/airflow/.local/lib/python3.8/site-packages/airflow/example_dags/example_branch_labels.py
[2023-11-16T00:43:19.776+0000] {processor.py:829} INFO - Processing file /home/airflow/.local/lib/python3.8/site-packages/airflow/example_dags/example_branch_labels.py for tasks to queue
[2023-11-16T00:43:19.778+0000] {logging_mixin.py:154} INFO - [2023-11-16T00:43:19.777+0000] {dagbag.py:536} INFO - Filling up the DagBag from /home/airflow/.local/lib/python3.8/site-packages/airflow/example_dags/example_branch_labels.py
[2023-11-16T00:43:19.783+0000] {processor.py:839} INFO - DAG(s) dict_keys(['example_branch_labels']) retrieved from /home/airflow/.local/lib/python3.8/site-packages/airflow/example_dags/example_branch_labels.py
[2023-11-16T00:43:19.798+0000] {logging_mixin.py:154} INFO - [2023-11-16T00:43:19.798+0000] {dag.py:2941} INFO - Sync 1 DAGs
[2023-11-16T00:43:19.813+0000] {logging_mixin.py:154} INFO - [2023-11-16T00:43:19.813+0000] {dag.py:3722} INFO - Setting next_dagrun for example_branch_labels to 2023-11-15T00:00:00+00:00, run_after=2023-11-16T00:00:00+00:00
[2023-11-16T00:43:19.824+0000] {processor.py:179} INFO - Processing /home/airflow/.local/lib/python3.8/site-packages/airflow/example_dags/example_branch_labels.py took 0.052 seconds
[2023-11-16T00:43:49.943+0000] {processor.py:157} INFO - Started process (PID=4052) to work on /home/airflow/.local/lib/python3.8/site-packages/airflow/example_dags/example_branch_labels.py
[2023-11-16T00:43:49.944+0000] {processor.py:829} INFO - Processing file /home/airflow/.local/lib/python3.8/site-packages/airflow/example_dags/example_branch_labels.py for tasks to queue
[2023-11-16T00:43:49.946+0000] {logging_mixin.py:154} INFO - [2023-11-16T00:43:49.945+0000] {dagbag.py:536} INFO - Filling up the DagBag from /home/airflow/.local/lib/python3.8/site-packages/airflow/example_dags/example_branch_labels.py
[2023-11-16T00:43:49.952+0000] {processor.py:839} INFO - DAG(s) dict_keys(['example_branch_labels']) retrieved from /home/airflow/.local/lib/python3.8/site-packages/airflow/example_dags/example_branch_labels.py
[2023-11-16T00:43:49.966+0000] {logging_mixin.py:154} INFO - [2023-11-16T00:43:49.966+0000] {dag.py:2941} INFO - Sync 1 DAGs
[2023-11-16T00:43:49.981+0000] {logging_mixin.py:154} INFO - [2023-11-16T00:43:49.981+0000] {dag.py:3722} INFO - Setting next_dagrun for example_branch_labels to 2023-11-15T00:00:00+00:00, run_after=2023-11-16T00:00:00+00:00
[2023-11-16T00:43:49.993+0000] {processor.py:179} INFO - Processing /home/airflow/.local/lib/python3.8/site-packages/airflow/example_dags/example_branch_labels.py took 0.052 seconds
