[2023-11-16T00:06:23.339+0000] {processor.py:157} INFO - Started process (PID=74) to work on /home/airflow/.local/lib/python3.8/site-packages/airflow/example_dags/example_branch_operator.py
[2023-11-16T00:06:23.340+0000] {processor.py:829} INFO - Processing file /home/airflow/.local/lib/python3.8/site-packages/airflow/example_dags/example_branch_operator.py for tasks to queue
[2023-11-16T00:06:23.343+0000] {logging_mixin.py:154} INFO - [2023-11-16T00:06:23.342+0000] {dagbag.py:536} INFO - Filling up the DagBag from /home/airflow/.local/lib/python3.8/site-packages/airflow/example_dags/example_branch_operator.py
[2023-11-16T00:06:23.354+0000] {processor.py:839} INFO - DAG(s) dict_keys(['example_branch_operator']) retrieved from /home/airflow/.local/lib/python3.8/site-packages/airflow/example_dags/example_branch_operator.py
[2023-11-16T00:06:23.368+0000] {logging_mixin.py:154} INFO - [2023-11-16T00:06:23.368+0000] {dag.py:2941} INFO - Sync 1 DAGs
[2023-11-16T00:06:23.387+0000] {logging_mixin.py:154} INFO - [2023-11-16T00:06:23.387+0000] {dag.py:3722} INFO - Setting next_dagrun for example_branch_operator to 2023-11-15T00:00:00+00:00, run_after=2023-11-16T00:00:00+00:00
[2023-11-16T00:06:23.401+0000] {processor.py:179} INFO - Processing /home/airflow/.local/lib/python3.8/site-packages/airflow/example_dags/example_branch_operator.py took 0.065 seconds
[2023-11-16T00:08:29.902+0000] {processor.py:157} INFO - Started process (PID=77) to work on /home/airflow/.local/lib/python3.8/site-packages/airflow/example_dags/example_branch_operator.py
[2023-11-16T00:08:29.903+0000] {processor.py:829} INFO - Processing file /home/airflow/.local/lib/python3.8/site-packages/airflow/example_dags/example_branch_operator.py for tasks to queue
[2023-11-16T00:08:29.906+0000] {logging_mixin.py:154} INFO - [2023-11-16T00:08:29.905+0000] {dagbag.py:536} INFO - Filling up the DagBag from /home/airflow/.local/lib/python3.8/site-packages/airflow/example_dags/example_branch_operator.py
[2023-11-16T00:08:29.915+0000] {processor.py:839} INFO - DAG(s) dict_keys(['example_branch_operator']) retrieved from /home/airflow/.local/lib/python3.8/site-packages/airflow/example_dags/example_branch_operator.py
[2023-11-16T00:08:29.925+0000] {logging_mixin.py:154} INFO - [2023-11-16T00:08:29.925+0000] {dag.py:2941} INFO - Sync 1 DAGs
[2023-11-16T00:08:29.943+0000] {logging_mixin.py:154} INFO - [2023-11-16T00:08:29.943+0000] {dag.py:3722} INFO - Setting next_dagrun for example_branch_operator to 2023-11-15T00:00:00+00:00, run_after=2023-11-16T00:00:00+00:00
[2023-11-16T00:08:29.955+0000] {processor.py:179} INFO - Processing /home/airflow/.local/lib/python3.8/site-packages/airflow/example_dags/example_branch_operator.py took 0.056 seconds
[2023-11-16T00:09:01.024+0000] {processor.py:157} INFO - Started process (PID=135) to work on /home/airflow/.local/lib/python3.8/site-packages/airflow/example_dags/example_branch_operator.py
[2023-11-16T00:09:01.025+0000] {processor.py:829} INFO - Processing file /home/airflow/.local/lib/python3.8/site-packages/airflow/example_dags/example_branch_operator.py for tasks to queue
[2023-11-16T00:09:01.027+0000] {logging_mixin.py:154} INFO - [2023-11-16T00:09:01.027+0000] {dagbag.py:536} INFO - Filling up the DagBag from /home/airflow/.local/lib/python3.8/site-packages/airflow/example_dags/example_branch_operator.py
[2023-11-16T00:09:01.033+0000] {processor.py:839} INFO - DAG(s) dict_keys(['example_branch_operator']) retrieved from /home/airflow/.local/lib/python3.8/site-packages/airflow/example_dags/example_branch_operator.py
[2023-11-16T00:09:01.049+0000] {logging_mixin.py:154} INFO - [2023-11-16T00:09:01.049+0000] {dag.py:2941} INFO - Sync 1 DAGs
[2023-11-16T00:09:01.070+0000] {logging_mixin.py:154} INFO - [2023-11-16T00:09:01.070+0000] {dag.py:3722} INFO - Setting next_dagrun for example_branch_operator to 2023-11-15T00:00:00+00:00, run_after=2023-11-16T00:00:00+00:00
[2023-11-16T00:09:01.084+0000] {processor.py:179} INFO - Processing /home/airflow/.local/lib/python3.8/site-packages/airflow/example_dags/example_branch_operator.py took 0.062 seconds
[2023-11-16T00:09:31.367+0000] {processor.py:157} INFO - Started process (PID=192) to work on /home/airflow/.local/lib/python3.8/site-packages/airflow/example_dags/example_branch_operator.py
[2023-11-16T00:09:31.368+0000] {processor.py:829} INFO - Processing file /home/airflow/.local/lib/python3.8/site-packages/airflow/example_dags/example_branch_operator.py for tasks to queue
[2023-11-16T00:09:31.369+0000] {logging_mixin.py:154} INFO - [2023-11-16T00:09:31.369+0000] {dagbag.py:536} INFO - Filling up the DagBag from /home/airflow/.local/lib/python3.8/site-packages/airflow/example_dags/example_branch_operator.py
[2023-11-16T00:09:31.375+0000] {processor.py:839} INFO - DAG(s) dict_keys(['example_branch_operator']) retrieved from /home/airflow/.local/lib/python3.8/site-packages/airflow/example_dags/example_branch_operator.py
[2023-11-16T00:09:31.390+0000] {logging_mixin.py:154} INFO - [2023-11-16T00:09:31.390+0000] {dag.py:2941} INFO - Sync 1 DAGs
[2023-11-16T00:09:31.405+0000] {logging_mixin.py:154} INFO - [2023-11-16T00:09:31.405+0000] {dag.py:3722} INFO - Setting next_dagrun for example_branch_operator to 2023-11-15T00:00:00+00:00, run_after=2023-11-16T00:00:00+00:00
[2023-11-16T00:09:31.418+0000] {processor.py:179} INFO - Processing /home/airflow/.local/lib/python3.8/site-packages/airflow/example_dags/example_branch_operator.py took 0.054 seconds
[2023-11-16T00:10:01.573+0000] {processor.py:157} INFO - Started process (PID=249) to work on /home/airflow/.local/lib/python3.8/site-packages/airflow/example_dags/example_branch_operator.py
[2023-11-16T00:10:01.573+0000] {processor.py:829} INFO - Processing file /home/airflow/.local/lib/python3.8/site-packages/airflow/example_dags/example_branch_operator.py for tasks to queue
[2023-11-16T00:10:01.575+0000] {logging_mixin.py:154} INFO - [2023-11-16T00:10:01.575+0000] {dagbag.py:536} INFO - Filling up the DagBag from /home/airflow/.local/lib/python3.8/site-packages/airflow/example_dags/example_branch_operator.py
[2023-11-16T00:10:01.581+0000] {processor.py:839} INFO - DAG(s) dict_keys(['example_branch_operator']) retrieved from /home/airflow/.local/lib/python3.8/site-packages/airflow/example_dags/example_branch_operator.py
[2023-11-16T00:10:01.596+0000] {logging_mixin.py:154} INFO - [2023-11-16T00:10:01.596+0000] {dag.py:2941} INFO - Sync 1 DAGs
[2023-11-16T00:10:01.610+0000] {logging_mixin.py:154} INFO - [2023-11-16T00:10:01.610+0000] {dag.py:3722} INFO - Setting next_dagrun for example_branch_operator to 2023-11-15T00:00:00+00:00, run_after=2023-11-16T00:00:00+00:00
[2023-11-16T00:10:01.623+0000] {processor.py:179} INFO - Processing /home/airflow/.local/lib/python3.8/site-packages/airflow/example_dags/example_branch_operator.py took 0.052 seconds
[2023-11-16T00:10:32.479+0000] {processor.py:157} INFO - Started process (PID=306) to work on /home/airflow/.local/lib/python3.8/site-packages/airflow/example_dags/example_branch_operator.py
[2023-11-16T00:10:32.480+0000] {processor.py:829} INFO - Processing file /home/airflow/.local/lib/python3.8/site-packages/airflow/example_dags/example_branch_operator.py for tasks to queue
[2023-11-16T00:10:32.481+0000] {logging_mixin.py:154} INFO - [2023-11-16T00:10:32.481+0000] {dagbag.py:536} INFO - Filling up the DagBag from /home/airflow/.local/lib/python3.8/site-packages/airflow/example_dags/example_branch_operator.py
[2023-11-16T00:10:32.487+0000] {processor.py:839} INFO - DAG(s) dict_keys(['example_branch_operator']) retrieved from /home/airflow/.local/lib/python3.8/site-packages/airflow/example_dags/example_branch_operator.py
[2023-11-16T00:10:32.502+0000] {logging_mixin.py:154} INFO - [2023-11-16T00:10:32.502+0000] {dag.py:2941} INFO - Sync 1 DAGs
[2023-11-16T00:10:32.518+0000] {logging_mixin.py:154} INFO - [2023-11-16T00:10:32.518+0000] {dag.py:3722} INFO - Setting next_dagrun for example_branch_operator to 2023-11-15T00:00:00+00:00, run_after=2023-11-16T00:00:00+00:00
[2023-11-16T00:10:32.531+0000] {processor.py:179} INFO - Processing /home/airflow/.local/lib/python3.8/site-packages/airflow/example_dags/example_branch_operator.py took 0.054 seconds
[2023-11-16T00:11:02.796+0000] {processor.py:157} INFO - Started process (PID=363) to work on /home/airflow/.local/lib/python3.8/site-packages/airflow/example_dags/example_branch_operator.py
[2023-11-16T00:11:02.796+0000] {processor.py:829} INFO - Processing file /home/airflow/.local/lib/python3.8/site-packages/airflow/example_dags/example_branch_operator.py for tasks to queue
[2023-11-16T00:11:02.798+0000] {logging_mixin.py:154} INFO - [2023-11-16T00:11:02.798+0000] {dagbag.py:536} INFO - Filling up the DagBag from /home/airflow/.local/lib/python3.8/site-packages/airflow/example_dags/example_branch_operator.py
[2023-11-16T00:11:02.804+0000] {processor.py:839} INFO - DAG(s) dict_keys(['example_branch_operator']) retrieved from /home/airflow/.local/lib/python3.8/site-packages/airflow/example_dags/example_branch_operator.py
[2023-11-16T00:11:02.819+0000] {logging_mixin.py:154} INFO - [2023-11-16T00:11:02.819+0000] {dag.py:2941} INFO - Sync 1 DAGs
[2023-11-16T00:11:02.834+0000] {logging_mixin.py:154} INFO - [2023-11-16T00:11:02.834+0000] {dag.py:3722} INFO - Setting next_dagrun for example_branch_operator to 2023-11-15T00:00:00+00:00, run_after=2023-11-16T00:00:00+00:00
[2023-11-16T00:11:02.845+0000] {processor.py:179} INFO - Processing /home/airflow/.local/lib/python3.8/site-packages/airflow/example_dags/example_branch_operator.py took 0.053 seconds
[2023-11-16T00:11:33.939+0000] {processor.py:157} INFO - Started process (PID=420) to work on /home/airflow/.local/lib/python3.8/site-packages/airflow/example_dags/example_branch_operator.py
[2023-11-16T00:11:33.940+0000] {processor.py:829} INFO - Processing file /home/airflow/.local/lib/python3.8/site-packages/airflow/example_dags/example_branch_operator.py for tasks to queue
[2023-11-16T00:11:33.942+0000] {logging_mixin.py:154} INFO - [2023-11-16T00:11:33.941+0000] {dagbag.py:536} INFO - Filling up the DagBag from /home/airflow/.local/lib/python3.8/site-packages/airflow/example_dags/example_branch_operator.py
[2023-11-16T00:11:33.948+0000] {processor.py:839} INFO - DAG(s) dict_keys(['example_branch_operator']) retrieved from /home/airflow/.local/lib/python3.8/site-packages/airflow/example_dags/example_branch_operator.py
[2023-11-16T00:11:33.965+0000] {logging_mixin.py:154} INFO - [2023-11-16T00:11:33.964+0000] {dag.py:2941} INFO - Sync 1 DAGs
[2023-11-16T00:11:33.981+0000] {logging_mixin.py:154} INFO - [2023-11-16T00:11:33.981+0000] {dag.py:3722} INFO - Setting next_dagrun for example_branch_operator to 2023-11-15T00:00:00+00:00, run_after=2023-11-16T00:00:00+00:00
[2023-11-16T00:11:33.996+0000] {processor.py:179} INFO - Processing /home/airflow/.local/lib/python3.8/site-packages/airflow/example_dags/example_branch_operator.py took 0.059 seconds
[2023-11-16T00:12:04.922+0000] {processor.py:157} INFO - Started process (PID=477) to work on /home/airflow/.local/lib/python3.8/site-packages/airflow/example_dags/example_branch_operator.py
[2023-11-16T00:12:04.923+0000] {processor.py:829} INFO - Processing file /home/airflow/.local/lib/python3.8/site-packages/airflow/example_dags/example_branch_operator.py for tasks to queue
[2023-11-16T00:12:04.924+0000] {logging_mixin.py:154} INFO - [2023-11-16T00:12:04.924+0000] {dagbag.py:536} INFO - Filling up the DagBag from /home/airflow/.local/lib/python3.8/site-packages/airflow/example_dags/example_branch_operator.py
[2023-11-16T00:12:04.931+0000] {processor.py:839} INFO - DAG(s) dict_keys(['example_branch_operator']) retrieved from /home/airflow/.local/lib/python3.8/site-packages/airflow/example_dags/example_branch_operator.py
[2023-11-16T00:12:04.946+0000] {logging_mixin.py:154} INFO - [2023-11-16T00:12:04.946+0000] {dag.py:2941} INFO - Sync 1 DAGs
[2023-11-16T00:12:04.961+0000] {logging_mixin.py:154} INFO - [2023-11-16T00:12:04.961+0000] {dag.py:3722} INFO - Setting next_dagrun for example_branch_operator to 2023-11-15T00:00:00+00:00, run_after=2023-11-16T00:00:00+00:00
[2023-11-16T00:12:04.973+0000] {processor.py:179} INFO - Processing /home/airflow/.local/lib/python3.8/site-packages/airflow/example_dags/example_branch_operator.py took 0.053 seconds
[2023-11-16T00:12:35.219+0000] {processor.py:157} INFO - Started process (PID=535) to work on /home/airflow/.local/lib/python3.8/site-packages/airflow/example_dags/example_branch_operator.py
[2023-11-16T00:12:35.219+0000] {processor.py:829} INFO - Processing file /home/airflow/.local/lib/python3.8/site-packages/airflow/example_dags/example_branch_operator.py for tasks to queue
[2023-11-16T00:12:35.221+0000] {logging_mixin.py:154} INFO - [2023-11-16T00:12:35.221+0000] {dagbag.py:536} INFO - Filling up the DagBag from /home/airflow/.local/lib/python3.8/site-packages/airflow/example_dags/example_branch_operator.py
[2023-11-16T00:12:35.227+0000] {processor.py:839} INFO - DAG(s) dict_keys(['example_branch_operator']) retrieved from /home/airflow/.local/lib/python3.8/site-packages/airflow/example_dags/example_branch_operator.py
[2023-11-16T00:12:35.241+0000] {logging_mixin.py:154} INFO - [2023-11-16T00:12:35.241+0000] {dag.py:2941} INFO - Sync 1 DAGs
[2023-11-16T00:12:35.257+0000] {logging_mixin.py:154} INFO - [2023-11-16T00:12:35.257+0000] {dag.py:3722} INFO - Setting next_dagrun for example_branch_operator to 2023-11-15T00:00:00+00:00, run_after=2023-11-16T00:00:00+00:00
[2023-11-16T00:12:35.269+0000] {processor.py:179} INFO - Processing /home/airflow/.local/lib/python3.8/site-packages/airflow/example_dags/example_branch_operator.py took 0.052 seconds
[2023-11-16T00:13:05.391+0000] {processor.py:157} INFO - Started process (PID=592) to work on /home/airflow/.local/lib/python3.8/site-packages/airflow/example_dags/example_branch_operator.py
[2023-11-16T00:13:05.392+0000] {processor.py:829} INFO - Processing file /home/airflow/.local/lib/python3.8/site-packages/airflow/example_dags/example_branch_operator.py for tasks to queue
[2023-11-16T00:13:05.394+0000] {logging_mixin.py:154} INFO - [2023-11-16T00:13:05.394+0000] {dagbag.py:536} INFO - Filling up the DagBag from /home/airflow/.local/lib/python3.8/site-packages/airflow/example_dags/example_branch_operator.py
[2023-11-16T00:13:05.400+0000] {processor.py:839} INFO - DAG(s) dict_keys(['example_branch_operator']) retrieved from /home/airflow/.local/lib/python3.8/site-packages/airflow/example_dags/example_branch_operator.py
[2023-11-16T00:13:05.416+0000] {logging_mixin.py:154} INFO - [2023-11-16T00:13:05.416+0000] {dag.py:2941} INFO - Sync 1 DAGs
[2023-11-16T00:13:05.432+0000] {logging_mixin.py:154} INFO - [2023-11-16T00:13:05.431+0000] {dag.py:3722} INFO - Setting next_dagrun for example_branch_operator to 2023-11-15T00:00:00+00:00, run_after=2023-11-16T00:00:00+00:00
[2023-11-16T00:13:05.445+0000] {processor.py:179} INFO - Processing /home/airflow/.local/lib/python3.8/site-packages/airflow/example_dags/example_branch_operator.py took 0.056 seconds
[2023-11-16T00:13:36.463+0000] {processor.py:157} INFO - Started process (PID=649) to work on /home/airflow/.local/lib/python3.8/site-packages/airflow/example_dags/example_branch_operator.py
[2023-11-16T00:13:36.464+0000] {processor.py:829} INFO - Processing file /home/airflow/.local/lib/python3.8/site-packages/airflow/example_dags/example_branch_operator.py for tasks to queue
[2023-11-16T00:13:36.466+0000] {logging_mixin.py:154} INFO - [2023-11-16T00:13:36.466+0000] {dagbag.py:536} INFO - Filling up the DagBag from /home/airflow/.local/lib/python3.8/site-packages/airflow/example_dags/example_branch_operator.py
[2023-11-16T00:13:36.472+0000] {processor.py:839} INFO - DAG(s) dict_keys(['example_branch_operator']) retrieved from /home/airflow/.local/lib/python3.8/site-packages/airflow/example_dags/example_branch_operator.py
[2023-11-16T00:13:36.486+0000] {logging_mixin.py:154} INFO - [2023-11-16T00:13:36.486+0000] {dag.py:2941} INFO - Sync 1 DAGs
[2023-11-16T00:13:36.500+0000] {logging_mixin.py:154} INFO - [2023-11-16T00:13:36.500+0000] {dag.py:3722} INFO - Setting next_dagrun for example_branch_operator to 2023-11-15T00:00:00+00:00, run_after=2023-11-16T00:00:00+00:00
[2023-11-16T00:13:36.512+0000] {processor.py:179} INFO - Processing /home/airflow/.local/lib/python3.8/site-packages/airflow/example_dags/example_branch_operator.py took 0.051 seconds
[2023-11-16T00:14:06.679+0000] {processor.py:157} INFO - Started process (PID=706) to work on /home/airflow/.local/lib/python3.8/site-packages/airflow/example_dags/example_branch_operator.py
[2023-11-16T00:14:06.680+0000] {processor.py:829} INFO - Processing file /home/airflow/.local/lib/python3.8/site-packages/airflow/example_dags/example_branch_operator.py for tasks to queue
[2023-11-16T00:14:06.681+0000] {logging_mixin.py:154} INFO - [2023-11-16T00:14:06.681+0000] {dagbag.py:536} INFO - Filling up the DagBag from /home/airflow/.local/lib/python3.8/site-packages/airflow/example_dags/example_branch_operator.py
[2023-11-16T00:14:06.687+0000] {processor.py:839} INFO - DAG(s) dict_keys(['example_branch_operator']) retrieved from /home/airflow/.local/lib/python3.8/site-packages/airflow/example_dags/example_branch_operator.py
[2023-11-16T00:14:06.701+0000] {logging_mixin.py:154} INFO - [2023-11-16T00:14:06.701+0000] {dag.py:2941} INFO - Sync 1 DAGs
[2023-11-16T00:14:06.716+0000] {logging_mixin.py:154} INFO - [2023-11-16T00:14:06.716+0000] {dag.py:3722} INFO - Setting next_dagrun for example_branch_operator to 2023-11-15T00:00:00+00:00, run_after=2023-11-16T00:00:00+00:00
[2023-11-16T00:14:06.728+0000] {processor.py:179} INFO - Processing /home/airflow/.local/lib/python3.8/site-packages/airflow/example_dags/example_branch_operator.py took 0.051 seconds
[2023-11-16T00:14:37.808+0000] {processor.py:157} INFO - Started process (PID=763) to work on /home/airflow/.local/lib/python3.8/site-packages/airflow/example_dags/example_branch_operator.py
[2023-11-16T00:14:37.809+0000] {processor.py:829} INFO - Processing file /home/airflow/.local/lib/python3.8/site-packages/airflow/example_dags/example_branch_operator.py for tasks to queue
[2023-11-16T00:14:37.810+0000] {logging_mixin.py:154} INFO - [2023-11-16T00:14:37.810+0000] {dagbag.py:536} INFO - Filling up the DagBag from /home/airflow/.local/lib/python3.8/site-packages/airflow/example_dags/example_branch_operator.py
[2023-11-16T00:14:37.816+0000] {processor.py:839} INFO - DAG(s) dict_keys(['example_branch_operator']) retrieved from /home/airflow/.local/lib/python3.8/site-packages/airflow/example_dags/example_branch_operator.py
[2023-11-16T00:14:37.831+0000] {logging_mixin.py:154} INFO - [2023-11-16T00:14:37.831+0000] {dag.py:2941} INFO - Sync 1 DAGs
[2023-11-16T00:14:37.846+0000] {logging_mixin.py:154} INFO - [2023-11-16T00:14:37.846+0000] {dag.py:3722} INFO - Setting next_dagrun for example_branch_operator to 2023-11-15T00:00:00+00:00, run_after=2023-11-16T00:00:00+00:00
[2023-11-16T00:14:37.858+0000] {processor.py:179} INFO - Processing /home/airflow/.local/lib/python3.8/site-packages/airflow/example_dags/example_branch_operator.py took 0.052 seconds
[2023-11-16T00:15:08.098+0000] {processor.py:157} INFO - Started process (PID=820) to work on /home/airflow/.local/lib/python3.8/site-packages/airflow/example_dags/example_branch_operator.py
[2023-11-16T00:15:08.099+0000] {processor.py:829} INFO - Processing file /home/airflow/.local/lib/python3.8/site-packages/airflow/example_dags/example_branch_operator.py for tasks to queue
[2023-11-16T00:15:08.101+0000] {logging_mixin.py:154} INFO - [2023-11-16T00:15:08.100+0000] {dagbag.py:536} INFO - Filling up the DagBag from /home/airflow/.local/lib/python3.8/site-packages/airflow/example_dags/example_branch_operator.py
[2023-11-16T00:15:08.107+0000] {processor.py:839} INFO - DAG(s) dict_keys(['example_branch_operator']) retrieved from /home/airflow/.local/lib/python3.8/site-packages/airflow/example_dags/example_branch_operator.py
[2023-11-16T00:15:08.121+0000] {logging_mixin.py:154} INFO - [2023-11-16T00:15:08.121+0000] {dag.py:2941} INFO - Sync 1 DAGs
[2023-11-16T00:15:08.135+0000] {logging_mixin.py:154} INFO - [2023-11-16T00:15:08.135+0000] {dag.py:3722} INFO - Setting next_dagrun for example_branch_operator to 2023-11-15T00:00:00+00:00, run_after=2023-11-16T00:00:00+00:00
[2023-11-16T00:15:08.148+0000] {processor.py:179} INFO - Processing /home/airflow/.local/lib/python3.8/site-packages/airflow/example_dags/example_branch_operator.py took 0.052 seconds
[2023-11-16T00:15:39.255+0000] {processor.py:157} INFO - Started process (PID=877) to work on /home/airflow/.local/lib/python3.8/site-packages/airflow/example_dags/example_branch_operator.py
[2023-11-16T00:15:39.256+0000] {processor.py:829} INFO - Processing file /home/airflow/.local/lib/python3.8/site-packages/airflow/example_dags/example_branch_operator.py for tasks to queue
[2023-11-16T00:15:39.258+0000] {logging_mixin.py:154} INFO - [2023-11-16T00:15:39.257+0000] {dagbag.py:536} INFO - Filling up the DagBag from /home/airflow/.local/lib/python3.8/site-packages/airflow/example_dags/example_branch_operator.py
[2023-11-16T00:15:39.264+0000] {processor.py:839} INFO - DAG(s) dict_keys(['example_branch_operator']) retrieved from /home/airflow/.local/lib/python3.8/site-packages/airflow/example_dags/example_branch_operator.py
[2023-11-16T00:15:39.279+0000] {logging_mixin.py:154} INFO - [2023-11-16T00:15:39.278+0000] {dag.py:2941} INFO - Sync 1 DAGs
[2023-11-16T00:15:39.294+0000] {logging_mixin.py:154} INFO - [2023-11-16T00:15:39.294+0000] {dag.py:3722} INFO - Setting next_dagrun for example_branch_operator to 2023-11-15T00:00:00+00:00, run_after=2023-11-16T00:00:00+00:00
[2023-11-16T00:15:39.307+0000] {processor.py:179} INFO - Processing /home/airflow/.local/lib/python3.8/site-packages/airflow/example_dags/example_branch_operator.py took 0.054 seconds
[2023-11-16T00:16:09.410+0000] {processor.py:157} INFO - Started process (PID=935) to work on /home/airflow/.local/lib/python3.8/site-packages/airflow/example_dags/example_branch_operator.py
[2023-11-16T00:16:09.411+0000] {processor.py:829} INFO - Processing file /home/airflow/.local/lib/python3.8/site-packages/airflow/example_dags/example_branch_operator.py for tasks to queue
[2023-11-16T00:16:09.413+0000] {logging_mixin.py:154} INFO - [2023-11-16T00:16:09.412+0000] {dagbag.py:536} INFO - Filling up the DagBag from /home/airflow/.local/lib/python3.8/site-packages/airflow/example_dags/example_branch_operator.py
[2023-11-16T00:16:09.419+0000] {processor.py:839} INFO - DAG(s) dict_keys(['example_branch_operator']) retrieved from /home/airflow/.local/lib/python3.8/site-packages/airflow/example_dags/example_branch_operator.py
[2023-11-16T00:16:09.434+0000] {logging_mixin.py:154} INFO - [2023-11-16T00:16:09.433+0000] {dag.py:2941} INFO - Sync 1 DAGs
[2023-11-16T00:16:09.449+0000] {logging_mixin.py:154} INFO - [2023-11-16T00:16:09.449+0000] {dag.py:3722} INFO - Setting next_dagrun for example_branch_operator to 2023-11-15T00:00:00+00:00, run_after=2023-11-16T00:00:00+00:00
[2023-11-16T00:16:09.463+0000] {processor.py:179} INFO - Processing /home/airflow/.local/lib/python3.8/site-packages/airflow/example_dags/example_branch_operator.py took 0.054 seconds
[2023-11-16T00:16:39.615+0000] {processor.py:157} INFO - Started process (PID=991) to work on /home/airflow/.local/lib/python3.8/site-packages/airflow/example_dags/example_branch_operator.py
[2023-11-16T00:16:39.616+0000] {processor.py:829} INFO - Processing file /home/airflow/.local/lib/python3.8/site-packages/airflow/example_dags/example_branch_operator.py for tasks to queue
[2023-11-16T00:16:39.618+0000] {logging_mixin.py:154} INFO - [2023-11-16T00:16:39.617+0000] {dagbag.py:536} INFO - Filling up the DagBag from /home/airflow/.local/lib/python3.8/site-packages/airflow/example_dags/example_branch_operator.py
[2023-11-16T00:16:39.624+0000] {processor.py:839} INFO - DAG(s) dict_keys(['example_branch_operator']) retrieved from /home/airflow/.local/lib/python3.8/site-packages/airflow/example_dags/example_branch_operator.py
[2023-11-16T00:16:39.639+0000] {logging_mixin.py:154} INFO - [2023-11-16T00:16:39.639+0000] {dag.py:2941} INFO - Sync 1 DAGs
[2023-11-16T00:16:39.655+0000] {logging_mixin.py:154} INFO - [2023-11-16T00:16:39.655+0000] {dag.py:3722} INFO - Setting next_dagrun for example_branch_operator to 2023-11-15T00:00:00+00:00, run_after=2023-11-16T00:00:00+00:00
[2023-11-16T00:16:39.666+0000] {processor.py:179} INFO - Processing /home/airflow/.local/lib/python3.8/site-packages/airflow/example_dags/example_branch_operator.py took 0.053 seconds
[2023-11-16T00:17:09.754+0000] {processor.py:157} INFO - Started process (PID=1048) to work on /home/airflow/.local/lib/python3.8/site-packages/airflow/example_dags/example_branch_operator.py
[2023-11-16T00:17:09.754+0000] {processor.py:829} INFO - Processing file /home/airflow/.local/lib/python3.8/site-packages/airflow/example_dags/example_branch_operator.py for tasks to queue
[2023-11-16T00:17:09.756+0000] {logging_mixin.py:154} INFO - [2023-11-16T00:17:09.756+0000] {dagbag.py:536} INFO - Filling up the DagBag from /home/airflow/.local/lib/python3.8/site-packages/airflow/example_dags/example_branch_operator.py
[2023-11-16T00:17:09.762+0000] {processor.py:839} INFO - DAG(s) dict_keys(['example_branch_operator']) retrieved from /home/airflow/.local/lib/python3.8/site-packages/airflow/example_dags/example_branch_operator.py
[2023-11-16T00:17:09.778+0000] {logging_mixin.py:154} INFO - [2023-11-16T00:17:09.777+0000] {dag.py:2941} INFO - Sync 1 DAGs
[2023-11-16T00:17:09.792+0000] {logging_mixin.py:154} INFO - [2023-11-16T00:17:09.792+0000] {dag.py:3722} INFO - Setting next_dagrun for example_branch_operator to 2023-11-15T00:00:00+00:00, run_after=2023-11-16T00:00:00+00:00
[2023-11-16T00:17:09.803+0000] {processor.py:179} INFO - Processing /home/airflow/.local/lib/python3.8/site-packages/airflow/example_dags/example_branch_operator.py took 0.052 seconds
[2023-11-16T00:17:39.837+0000] {processor.py:157} INFO - Started process (PID=1104) to work on /home/airflow/.local/lib/python3.8/site-packages/airflow/example_dags/example_branch_operator.py
[2023-11-16T00:17:39.837+0000] {processor.py:829} INFO - Processing file /home/airflow/.local/lib/python3.8/site-packages/airflow/example_dags/example_branch_operator.py for tasks to queue
[2023-11-16T00:17:39.839+0000] {logging_mixin.py:154} INFO - [2023-11-16T00:17:39.839+0000] {dagbag.py:536} INFO - Filling up the DagBag from /home/airflow/.local/lib/python3.8/site-packages/airflow/example_dags/example_branch_operator.py
[2023-11-16T00:17:39.845+0000] {processor.py:839} INFO - DAG(s) dict_keys(['example_branch_operator']) retrieved from /home/airflow/.local/lib/python3.8/site-packages/airflow/example_dags/example_branch_operator.py
[2023-11-16T00:17:39.859+0000] {logging_mixin.py:154} INFO - [2023-11-16T00:17:39.858+0000] {dag.py:2941} INFO - Sync 1 DAGs
[2023-11-16T00:17:39.873+0000] {logging_mixin.py:154} INFO - [2023-11-16T00:17:39.873+0000] {dag.py:3722} INFO - Setting next_dagrun for example_branch_operator to 2023-11-15T00:00:00+00:00, run_after=2023-11-16T00:00:00+00:00
[2023-11-16T00:17:39.884+0000] {processor.py:179} INFO - Processing /home/airflow/.local/lib/python3.8/site-packages/airflow/example_dags/example_branch_operator.py took 0.049 seconds
[2023-11-16T00:18:10.614+0000] {processor.py:157} INFO - Started process (PID=1161) to work on /home/airflow/.local/lib/python3.8/site-packages/airflow/example_dags/example_branch_operator.py
[2023-11-16T00:18:10.615+0000] {processor.py:829} INFO - Processing file /home/airflow/.local/lib/python3.8/site-packages/airflow/example_dags/example_branch_operator.py for tasks to queue
[2023-11-16T00:18:10.617+0000] {logging_mixin.py:154} INFO - [2023-11-16T00:18:10.616+0000] {dagbag.py:536} INFO - Filling up the DagBag from /home/airflow/.local/lib/python3.8/site-packages/airflow/example_dags/example_branch_operator.py
[2023-11-16T00:18:10.622+0000] {processor.py:839} INFO - DAG(s) dict_keys(['example_branch_operator']) retrieved from /home/airflow/.local/lib/python3.8/site-packages/airflow/example_dags/example_branch_operator.py
[2023-11-16T00:18:10.636+0000] {logging_mixin.py:154} INFO - [2023-11-16T00:18:10.636+0000] {dag.py:2941} INFO - Sync 1 DAGs
[2023-11-16T00:18:10.651+0000] {logging_mixin.py:154} INFO - [2023-11-16T00:18:10.651+0000] {dag.py:3722} INFO - Setting next_dagrun for example_branch_operator to 2023-11-15T00:00:00+00:00, run_after=2023-11-16T00:00:00+00:00
[2023-11-16T00:18:10.665+0000] {processor.py:179} INFO - Processing /home/airflow/.local/lib/python3.8/site-packages/airflow/example_dags/example_branch_operator.py took 0.053 seconds
[2023-11-16T00:18:40.845+0000] {processor.py:157} INFO - Started process (PID=1218) to work on /home/airflow/.local/lib/python3.8/site-packages/airflow/example_dags/example_branch_operator.py
[2023-11-16T00:18:40.846+0000] {processor.py:829} INFO - Processing file /home/airflow/.local/lib/python3.8/site-packages/airflow/example_dags/example_branch_operator.py for tasks to queue
[2023-11-16T00:18:40.848+0000] {logging_mixin.py:154} INFO - [2023-11-16T00:18:40.847+0000] {dagbag.py:536} INFO - Filling up the DagBag from /home/airflow/.local/lib/python3.8/site-packages/airflow/example_dags/example_branch_operator.py
[2023-11-16T00:18:40.853+0000] {processor.py:839} INFO - DAG(s) dict_keys(['example_branch_operator']) retrieved from /home/airflow/.local/lib/python3.8/site-packages/airflow/example_dags/example_branch_operator.py
[2023-11-16T00:18:40.868+0000] {logging_mixin.py:154} INFO - [2023-11-16T00:18:40.868+0000] {dag.py:2941} INFO - Sync 1 DAGs
[2023-11-16T00:18:40.883+0000] {logging_mixin.py:154} INFO - [2023-11-16T00:18:40.883+0000] {dag.py:3722} INFO - Setting next_dagrun for example_branch_operator to 2023-11-15T00:00:00+00:00, run_after=2023-11-16T00:00:00+00:00
[2023-11-16T00:18:40.895+0000] {processor.py:179} INFO - Processing /home/airflow/.local/lib/python3.8/site-packages/airflow/example_dags/example_branch_operator.py took 0.052 seconds
[2023-11-16T00:19:11.102+0000] {processor.py:157} INFO - Started process (PID=1275) to work on /home/airflow/.local/lib/python3.8/site-packages/airflow/example_dags/example_branch_operator.py
[2023-11-16T00:19:11.103+0000] {processor.py:829} INFO - Processing file /home/airflow/.local/lib/python3.8/site-packages/airflow/example_dags/example_branch_operator.py for tasks to queue
[2023-11-16T00:19:11.104+0000] {logging_mixin.py:154} INFO - [2023-11-16T00:19:11.104+0000] {dagbag.py:536} INFO - Filling up the DagBag from /home/airflow/.local/lib/python3.8/site-packages/airflow/example_dags/example_branch_operator.py
[2023-11-16T00:19:11.110+0000] {processor.py:839} INFO - DAG(s) dict_keys(['example_branch_operator']) retrieved from /home/airflow/.local/lib/python3.8/site-packages/airflow/example_dags/example_branch_operator.py
[2023-11-16T00:19:11.126+0000] {logging_mixin.py:154} INFO - [2023-11-16T00:19:11.126+0000] {dag.py:2941} INFO - Sync 1 DAGs
[2023-11-16T00:19:11.143+0000] {logging_mixin.py:154} INFO - [2023-11-16T00:19:11.143+0000] {dag.py:3722} INFO - Setting next_dagrun for example_branch_operator to 2023-11-15T00:00:00+00:00, run_after=2023-11-16T00:00:00+00:00
[2023-11-16T00:19:11.155+0000] {processor.py:179} INFO - Processing /home/airflow/.local/lib/python3.8/site-packages/airflow/example_dags/example_branch_operator.py took 0.055 seconds
[2023-11-16T00:19:42.144+0000] {processor.py:157} INFO - Started process (PID=1333) to work on /home/airflow/.local/lib/python3.8/site-packages/airflow/example_dags/example_branch_operator.py
[2023-11-16T00:19:42.144+0000] {processor.py:829} INFO - Processing file /home/airflow/.local/lib/python3.8/site-packages/airflow/example_dags/example_branch_operator.py for tasks to queue
[2023-11-16T00:19:42.146+0000] {logging_mixin.py:154} INFO - [2023-11-16T00:19:42.146+0000] {dagbag.py:536} INFO - Filling up the DagBag from /home/airflow/.local/lib/python3.8/site-packages/airflow/example_dags/example_branch_operator.py
[2023-11-16T00:19:42.152+0000] {processor.py:839} INFO - DAG(s) dict_keys(['example_branch_operator']) retrieved from /home/airflow/.local/lib/python3.8/site-packages/airflow/example_dags/example_branch_operator.py
[2023-11-16T00:19:42.167+0000] {logging_mixin.py:154} INFO - [2023-11-16T00:19:42.167+0000] {dag.py:2941} INFO - Sync 1 DAGs
[2023-11-16T00:19:42.181+0000] {logging_mixin.py:154} INFO - [2023-11-16T00:19:42.181+0000] {dag.py:3722} INFO - Setting next_dagrun for example_branch_operator to 2023-11-15T00:00:00+00:00, run_after=2023-11-16T00:00:00+00:00
[2023-11-16T00:19:42.193+0000] {processor.py:179} INFO - Processing /home/airflow/.local/lib/python3.8/site-packages/airflow/example_dags/example_branch_operator.py took 0.052 seconds
[2023-11-16T00:20:12.579+0000] {processor.py:157} INFO - Started process (PID=1390) to work on /home/airflow/.local/lib/python3.8/site-packages/airflow/example_dags/example_branch_operator.py
[2023-11-16T00:20:12.580+0000] {processor.py:829} INFO - Processing file /home/airflow/.local/lib/python3.8/site-packages/airflow/example_dags/example_branch_operator.py for tasks to queue
[2023-11-16T00:20:12.581+0000] {logging_mixin.py:154} INFO - [2023-11-16T00:20:12.581+0000] {dagbag.py:536} INFO - Filling up the DagBag from /home/airflow/.local/lib/python3.8/site-packages/airflow/example_dags/example_branch_operator.py
[2023-11-16T00:20:12.587+0000] {processor.py:839} INFO - DAG(s) dict_keys(['example_branch_operator']) retrieved from /home/airflow/.local/lib/python3.8/site-packages/airflow/example_dags/example_branch_operator.py
[2023-11-16T00:20:12.602+0000] {logging_mixin.py:154} INFO - [2023-11-16T00:20:12.602+0000] {dag.py:2941} INFO - Sync 1 DAGs
[2023-11-16T00:20:12.617+0000] {logging_mixin.py:154} INFO - [2023-11-16T00:20:12.617+0000] {dag.py:3722} INFO - Setting next_dagrun for example_branch_operator to 2023-11-15T00:00:00+00:00, run_after=2023-11-16T00:00:00+00:00
[2023-11-16T00:20:12.630+0000] {processor.py:179} INFO - Processing /home/airflow/.local/lib/python3.8/site-packages/airflow/example_dags/example_branch_operator.py took 0.052 seconds
[2023-11-16T00:20:42.981+0000] {processor.py:157} INFO - Started process (PID=1447) to work on /home/airflow/.local/lib/python3.8/site-packages/airflow/example_dags/example_branch_operator.py
[2023-11-16T00:20:42.982+0000] {processor.py:829} INFO - Processing file /home/airflow/.local/lib/python3.8/site-packages/airflow/example_dags/example_branch_operator.py for tasks to queue
[2023-11-16T00:20:42.984+0000] {logging_mixin.py:154} INFO - [2023-11-16T00:20:42.984+0000] {dagbag.py:536} INFO - Filling up the DagBag from /home/airflow/.local/lib/python3.8/site-packages/airflow/example_dags/example_branch_operator.py
[2023-11-16T00:20:42.990+0000] {processor.py:839} INFO - DAG(s) dict_keys(['example_branch_operator']) retrieved from /home/airflow/.local/lib/python3.8/site-packages/airflow/example_dags/example_branch_operator.py
[2023-11-16T00:20:43.006+0000] {logging_mixin.py:154} INFO - [2023-11-16T00:20:43.006+0000] {dag.py:2941} INFO - Sync 1 DAGs
[2023-11-16T00:20:43.021+0000] {logging_mixin.py:154} INFO - [2023-11-16T00:20:43.021+0000] {dag.py:3722} INFO - Setting next_dagrun for example_branch_operator to 2023-11-15T00:00:00+00:00, run_after=2023-11-16T00:00:00+00:00
[2023-11-16T00:20:43.034+0000] {processor.py:179} INFO - Processing /home/airflow/.local/lib/python3.8/site-packages/airflow/example_dags/example_branch_operator.py took 0.055 seconds
[2023-11-16T00:21:14.262+0000] {processor.py:157} INFO - Started process (PID=1505) to work on /home/airflow/.local/lib/python3.8/site-packages/airflow/example_dags/example_branch_operator.py
[2023-11-16T00:21:14.263+0000] {processor.py:829} INFO - Processing file /home/airflow/.local/lib/python3.8/site-packages/airflow/example_dags/example_branch_operator.py for tasks to queue
[2023-11-16T00:21:14.265+0000] {logging_mixin.py:154} INFO - [2023-11-16T00:21:14.265+0000] {dagbag.py:536} INFO - Filling up the DagBag from /home/airflow/.local/lib/python3.8/site-packages/airflow/example_dags/example_branch_operator.py
[2023-11-16T00:21:14.271+0000] {processor.py:839} INFO - DAG(s) dict_keys(['example_branch_operator']) retrieved from /home/airflow/.local/lib/python3.8/site-packages/airflow/example_dags/example_branch_operator.py
[2023-11-16T00:21:14.286+0000] {logging_mixin.py:154} INFO - [2023-11-16T00:21:14.286+0000] {dag.py:2941} INFO - Sync 1 DAGs
[2023-11-16T00:21:14.301+0000] {logging_mixin.py:154} INFO - [2023-11-16T00:21:14.300+0000] {dag.py:3722} INFO - Setting next_dagrun for example_branch_operator to 2023-11-15T00:00:00+00:00, run_after=2023-11-16T00:00:00+00:00
[2023-11-16T00:21:14.313+0000] {processor.py:179} INFO - Processing /home/airflow/.local/lib/python3.8/site-packages/airflow/example_dags/example_branch_operator.py took 0.053 seconds
[2023-11-16T00:21:45.104+0000] {processor.py:157} INFO - Started process (PID=1562) to work on /home/airflow/.local/lib/python3.8/site-packages/airflow/example_dags/example_branch_operator.py
[2023-11-16T00:21:45.105+0000] {processor.py:829} INFO - Processing file /home/airflow/.local/lib/python3.8/site-packages/airflow/example_dags/example_branch_operator.py for tasks to queue
[2023-11-16T00:21:45.106+0000] {logging_mixin.py:154} INFO - [2023-11-16T00:21:45.106+0000] {dagbag.py:536} INFO - Filling up the DagBag from /home/airflow/.local/lib/python3.8/site-packages/airflow/example_dags/example_branch_operator.py
[2023-11-16T00:21:45.112+0000] {processor.py:839} INFO - DAG(s) dict_keys(['example_branch_operator']) retrieved from /home/airflow/.local/lib/python3.8/site-packages/airflow/example_dags/example_branch_operator.py
[2023-11-16T00:21:45.127+0000] {logging_mixin.py:154} INFO - [2023-11-16T00:21:45.127+0000] {dag.py:2941} INFO - Sync 1 DAGs
[2023-11-16T00:21:45.238+0000] {logging_mixin.py:154} INFO - [2023-11-16T00:21:45.238+0000] {dag.py:3722} INFO - Setting next_dagrun for example_branch_operator to 2023-11-15T00:00:00+00:00, run_after=2023-11-16T00:00:00+00:00
[2023-11-16T00:21:45.249+0000] {processor.py:179} INFO - Processing /home/airflow/.local/lib/python3.8/site-packages/airflow/example_dags/example_branch_operator.py took 0.147 seconds
[2023-11-16T00:22:16.178+0000] {processor.py:157} INFO - Started process (PID=1619) to work on /home/airflow/.local/lib/python3.8/site-packages/airflow/example_dags/example_branch_operator.py
[2023-11-16T00:22:16.179+0000] {processor.py:829} INFO - Processing file /home/airflow/.local/lib/python3.8/site-packages/airflow/example_dags/example_branch_operator.py for tasks to queue
[2023-11-16T00:22:16.181+0000] {logging_mixin.py:154} INFO - [2023-11-16T00:22:16.181+0000] {dagbag.py:536} INFO - Filling up the DagBag from /home/airflow/.local/lib/python3.8/site-packages/airflow/example_dags/example_branch_operator.py
[2023-11-16T00:22:16.187+0000] {processor.py:839} INFO - DAG(s) dict_keys(['example_branch_operator']) retrieved from /home/airflow/.local/lib/python3.8/site-packages/airflow/example_dags/example_branch_operator.py
[2023-11-16T00:22:16.205+0000] {logging_mixin.py:154} INFO - [2023-11-16T00:22:16.205+0000] {dag.py:2941} INFO - Sync 1 DAGs
[2023-11-16T00:22:16.220+0000] {logging_mixin.py:154} INFO - [2023-11-16T00:22:16.220+0000] {dag.py:3722} INFO - Setting next_dagrun for example_branch_operator to 2023-11-15T00:00:00+00:00, run_after=2023-11-16T00:00:00+00:00
[2023-11-16T00:22:16.232+0000] {processor.py:179} INFO - Processing /home/airflow/.local/lib/python3.8/site-packages/airflow/example_dags/example_branch_operator.py took 0.056 seconds
[2023-11-16T00:22:47.061+0000] {processor.py:157} INFO - Started process (PID=1676) to work on /home/airflow/.local/lib/python3.8/site-packages/airflow/example_dags/example_branch_operator.py
[2023-11-16T00:22:47.063+0000] {processor.py:829} INFO - Processing file /home/airflow/.local/lib/python3.8/site-packages/airflow/example_dags/example_branch_operator.py for tasks to queue
[2023-11-16T00:22:47.065+0000] {logging_mixin.py:154} INFO - [2023-11-16T00:22:47.064+0000] {dagbag.py:536} INFO - Filling up the DagBag from /home/airflow/.local/lib/python3.8/site-packages/airflow/example_dags/example_branch_operator.py
[2023-11-16T00:22:47.071+0000] {processor.py:839} INFO - DAG(s) dict_keys(['example_branch_operator']) retrieved from /home/airflow/.local/lib/python3.8/site-packages/airflow/example_dags/example_branch_operator.py
[2023-11-16T00:22:47.088+0000] {logging_mixin.py:154} INFO - [2023-11-16T00:22:47.088+0000] {dag.py:2941} INFO - Sync 1 DAGs
[2023-11-16T00:22:47.103+0000] {logging_mixin.py:154} INFO - [2023-11-16T00:22:47.103+0000] {dag.py:3722} INFO - Setting next_dagrun for example_branch_operator to 2023-11-15T00:00:00+00:00, run_after=2023-11-16T00:00:00+00:00
[2023-11-16T00:22:47.115+0000] {processor.py:179} INFO - Processing /home/airflow/.local/lib/python3.8/site-packages/airflow/example_dags/example_branch_operator.py took 0.056 seconds
[2023-11-16T00:23:17.221+0000] {processor.py:157} INFO - Started process (PID=1733) to work on /home/airflow/.local/lib/python3.8/site-packages/airflow/example_dags/example_branch_operator.py
[2023-11-16T00:23:17.222+0000] {processor.py:829} INFO - Processing file /home/airflow/.local/lib/python3.8/site-packages/airflow/example_dags/example_branch_operator.py for tasks to queue
[2023-11-16T00:23:17.223+0000] {logging_mixin.py:154} INFO - [2023-11-16T00:23:17.223+0000] {dagbag.py:536} INFO - Filling up the DagBag from /home/airflow/.local/lib/python3.8/site-packages/airflow/example_dags/example_branch_operator.py
[2023-11-16T00:23:17.230+0000] {processor.py:839} INFO - DAG(s) dict_keys(['example_branch_operator']) retrieved from /home/airflow/.local/lib/python3.8/site-packages/airflow/example_dags/example_branch_operator.py
[2023-11-16T00:23:17.245+0000] {logging_mixin.py:154} INFO - [2023-11-16T00:23:17.245+0000] {dag.py:2941} INFO - Sync 1 DAGs
[2023-11-16T00:23:17.356+0000] {logging_mixin.py:154} INFO - [2023-11-16T00:23:17.356+0000] {dag.py:3722} INFO - Setting next_dagrun for example_branch_operator to 2023-11-15T00:00:00+00:00, run_after=2023-11-16T00:00:00+00:00
[2023-11-16T00:23:17.368+0000] {processor.py:179} INFO - Processing /home/airflow/.local/lib/python3.8/site-packages/airflow/example_dags/example_branch_operator.py took 0.149 seconds
[2023-11-16T00:23:48.289+0000] {processor.py:157} INFO - Started process (PID=1790) to work on /home/airflow/.local/lib/python3.8/site-packages/airflow/example_dags/example_branch_operator.py
[2023-11-16T00:23:48.290+0000] {processor.py:829} INFO - Processing file /home/airflow/.local/lib/python3.8/site-packages/airflow/example_dags/example_branch_operator.py for tasks to queue
[2023-11-16T00:23:48.292+0000] {logging_mixin.py:154} INFO - [2023-11-16T00:23:48.292+0000] {dagbag.py:536} INFO - Filling up the DagBag from /home/airflow/.local/lib/python3.8/site-packages/airflow/example_dags/example_branch_operator.py
[2023-11-16T00:23:48.299+0000] {processor.py:839} INFO - DAG(s) dict_keys(['example_branch_operator']) retrieved from /home/airflow/.local/lib/python3.8/site-packages/airflow/example_dags/example_branch_operator.py
[2023-11-16T00:23:48.314+0000] {logging_mixin.py:154} INFO - [2023-11-16T00:23:48.314+0000] {dag.py:2941} INFO - Sync 1 DAGs
[2023-11-16T00:23:48.424+0000] {logging_mixin.py:154} INFO - [2023-11-16T00:23:48.424+0000] {dag.py:3722} INFO - Setting next_dagrun for example_branch_operator to 2023-11-15T00:00:00+00:00, run_after=2023-11-16T00:00:00+00:00
[2023-11-16T00:23:48.436+0000] {processor.py:179} INFO - Processing /home/airflow/.local/lib/python3.8/site-packages/airflow/example_dags/example_branch_operator.py took 0.149 seconds
[2023-11-16T00:24:18.972+0000] {processor.py:157} INFO - Started process (PID=1847) to work on /home/airflow/.local/lib/python3.8/site-packages/airflow/example_dags/example_branch_operator.py
[2023-11-16T00:24:18.973+0000] {processor.py:829} INFO - Processing file /home/airflow/.local/lib/python3.8/site-packages/airflow/example_dags/example_branch_operator.py for tasks to queue
[2023-11-16T00:24:18.974+0000] {logging_mixin.py:154} INFO - [2023-11-16T00:24:18.974+0000] {dagbag.py:536} INFO - Filling up the DagBag from /home/airflow/.local/lib/python3.8/site-packages/airflow/example_dags/example_branch_operator.py
[2023-11-16T00:24:18.980+0000] {processor.py:839} INFO - DAG(s) dict_keys(['example_branch_operator']) retrieved from /home/airflow/.local/lib/python3.8/site-packages/airflow/example_dags/example_branch_operator.py
[2023-11-16T00:24:18.996+0000] {logging_mixin.py:154} INFO - [2023-11-16T00:24:18.996+0000] {dag.py:2941} INFO - Sync 1 DAGs
[2023-11-16T00:24:19.012+0000] {logging_mixin.py:154} INFO - [2023-11-16T00:24:19.012+0000] {dag.py:3722} INFO - Setting next_dagrun for example_branch_operator to 2023-11-15T00:00:00+00:00, run_after=2023-11-16T00:00:00+00:00
[2023-11-16T00:24:19.026+0000] {processor.py:179} INFO - Processing /home/airflow/.local/lib/python3.8/site-packages/airflow/example_dags/example_branch_operator.py took 0.057 seconds
[2023-11-16T00:24:49.980+0000] {processor.py:157} INFO - Started process (PID=1904) to work on /home/airflow/.local/lib/python3.8/site-packages/airflow/example_dags/example_branch_operator.py
[2023-11-16T00:24:49.981+0000] {processor.py:829} INFO - Processing file /home/airflow/.local/lib/python3.8/site-packages/airflow/example_dags/example_branch_operator.py for tasks to queue
[2023-11-16T00:24:49.983+0000] {logging_mixin.py:154} INFO - [2023-11-16T00:24:49.983+0000] {dagbag.py:536} INFO - Filling up the DagBag from /home/airflow/.local/lib/python3.8/site-packages/airflow/example_dags/example_branch_operator.py
[2023-11-16T00:24:49.989+0000] {processor.py:839} INFO - DAG(s) dict_keys(['example_branch_operator']) retrieved from /home/airflow/.local/lib/python3.8/site-packages/airflow/example_dags/example_branch_operator.py
[2023-11-16T00:24:50.004+0000] {logging_mixin.py:154} INFO - [2023-11-16T00:24:50.004+0000] {dag.py:2941} INFO - Sync 1 DAGs
[2023-11-16T00:24:50.020+0000] {logging_mixin.py:154} INFO - [2023-11-16T00:24:50.019+0000] {dag.py:3722} INFO - Setting next_dagrun for example_branch_operator to 2023-11-15T00:00:00+00:00, run_after=2023-11-16T00:00:00+00:00
[2023-11-16T00:24:50.031+0000] {processor.py:179} INFO - Processing /home/airflow/.local/lib/python3.8/site-packages/airflow/example_dags/example_branch_operator.py took 0.053 seconds
[2023-11-16T00:25:20.154+0000] {processor.py:157} INFO - Started process (PID=1961) to work on /home/airflow/.local/lib/python3.8/site-packages/airflow/example_dags/example_branch_operator.py
[2023-11-16T00:25:20.154+0000] {processor.py:829} INFO - Processing file /home/airflow/.local/lib/python3.8/site-packages/airflow/example_dags/example_branch_operator.py for tasks to queue
[2023-11-16T00:25:20.156+0000] {logging_mixin.py:154} INFO - [2023-11-16T00:25:20.156+0000] {dagbag.py:536} INFO - Filling up the DagBag from /home/airflow/.local/lib/python3.8/site-packages/airflow/example_dags/example_branch_operator.py
[2023-11-16T00:25:20.162+0000] {processor.py:839} INFO - DAG(s) dict_keys(['example_branch_operator']) retrieved from /home/airflow/.local/lib/python3.8/site-packages/airflow/example_dags/example_branch_operator.py
[2023-11-16T00:25:20.179+0000] {logging_mixin.py:154} INFO - [2023-11-16T00:25:20.179+0000] {dag.py:2941} INFO - Sync 1 DAGs
[2023-11-16T00:25:20.193+0000] {logging_mixin.py:154} INFO - [2023-11-16T00:25:20.193+0000] {dag.py:3722} INFO - Setting next_dagrun for example_branch_operator to 2023-11-15T00:00:00+00:00, run_after=2023-11-16T00:00:00+00:00
[2023-11-16T00:25:20.204+0000] {processor.py:179} INFO - Processing /home/airflow/.local/lib/python3.8/site-packages/airflow/example_dags/example_branch_operator.py took 0.053 seconds
[2023-11-16T00:25:50.334+0000] {processor.py:157} INFO - Started process (PID=2018) to work on /home/airflow/.local/lib/python3.8/site-packages/airflow/example_dags/example_branch_operator.py
[2023-11-16T00:25:50.335+0000] {processor.py:829} INFO - Processing file /home/airflow/.local/lib/python3.8/site-packages/airflow/example_dags/example_branch_operator.py for tasks to queue
[2023-11-16T00:25:50.337+0000] {logging_mixin.py:154} INFO - [2023-11-16T00:25:50.337+0000] {dagbag.py:536} INFO - Filling up the DagBag from /home/airflow/.local/lib/python3.8/site-packages/airflow/example_dags/example_branch_operator.py
[2023-11-16T00:25:50.343+0000] {processor.py:839} INFO - DAG(s) dict_keys(['example_branch_operator']) retrieved from /home/airflow/.local/lib/python3.8/site-packages/airflow/example_dags/example_branch_operator.py
[2023-11-16T00:25:50.358+0000] {logging_mixin.py:154} INFO - [2023-11-16T00:25:50.358+0000] {dag.py:2941} INFO - Sync 1 DAGs
[2023-11-16T00:25:50.374+0000] {logging_mixin.py:154} INFO - [2023-11-16T00:25:50.374+0000] {dag.py:3722} INFO - Setting next_dagrun for example_branch_operator to 2023-11-15T00:00:00+00:00, run_after=2023-11-16T00:00:00+00:00
[2023-11-16T00:25:50.386+0000] {processor.py:179} INFO - Processing /home/airflow/.local/lib/python3.8/site-packages/airflow/example_dags/example_branch_operator.py took 0.054 seconds
[2023-11-16T00:26:20.584+0000] {processor.py:157} INFO - Started process (PID=2075) to work on /home/airflow/.local/lib/python3.8/site-packages/airflow/example_dags/example_branch_operator.py
[2023-11-16T00:26:20.585+0000] {processor.py:829} INFO - Processing file /home/airflow/.local/lib/python3.8/site-packages/airflow/example_dags/example_branch_operator.py for tasks to queue
[2023-11-16T00:26:20.587+0000] {logging_mixin.py:154} INFO - [2023-11-16T00:26:20.586+0000] {dagbag.py:536} INFO - Filling up the DagBag from /home/airflow/.local/lib/python3.8/site-packages/airflow/example_dags/example_branch_operator.py
[2023-11-16T00:26:20.593+0000] {processor.py:839} INFO - DAG(s) dict_keys(['example_branch_operator']) retrieved from /home/airflow/.local/lib/python3.8/site-packages/airflow/example_dags/example_branch_operator.py
[2023-11-16T00:26:20.607+0000] {logging_mixin.py:154} INFO - [2023-11-16T00:26:20.607+0000] {dag.py:2941} INFO - Sync 1 DAGs
[2023-11-16T00:26:20.620+0000] {logging_mixin.py:154} INFO - [2023-11-16T00:26:20.620+0000] {dag.py:3722} INFO - Setting next_dagrun for example_branch_operator to 2023-11-15T00:00:00+00:00, run_after=2023-11-16T00:00:00+00:00
[2023-11-16T00:26:20.631+0000] {processor.py:179} INFO - Processing /home/airflow/.local/lib/python3.8/site-packages/airflow/example_dags/example_branch_operator.py took 0.049 seconds
[2023-11-16T00:26:50.796+0000] {processor.py:157} INFO - Started process (PID=2132) to work on /home/airflow/.local/lib/python3.8/site-packages/airflow/example_dags/example_branch_operator.py
[2023-11-16T00:26:50.797+0000] {processor.py:829} INFO - Processing file /home/airflow/.local/lib/python3.8/site-packages/airflow/example_dags/example_branch_operator.py for tasks to queue
[2023-11-16T00:26:50.799+0000] {logging_mixin.py:154} INFO - [2023-11-16T00:26:50.799+0000] {dagbag.py:536} INFO - Filling up the DagBag from /home/airflow/.local/lib/python3.8/site-packages/airflow/example_dags/example_branch_operator.py
[2023-11-16T00:26:50.805+0000] {processor.py:839} INFO - DAG(s) dict_keys(['example_branch_operator']) retrieved from /home/airflow/.local/lib/python3.8/site-packages/airflow/example_dags/example_branch_operator.py
[2023-11-16T00:26:50.820+0000] {logging_mixin.py:154} INFO - [2023-11-16T00:26:50.820+0000] {dag.py:2941} INFO - Sync 1 DAGs
[2023-11-16T00:26:50.835+0000] {logging_mixin.py:154} INFO - [2023-11-16T00:26:50.835+0000] {dag.py:3722} INFO - Setting next_dagrun for example_branch_operator to 2023-11-15T00:00:00+00:00, run_after=2023-11-16T00:00:00+00:00
[2023-11-16T00:26:50.847+0000] {processor.py:179} INFO - Processing /home/airflow/.local/lib/python3.8/site-packages/airflow/example_dags/example_branch_operator.py took 0.052 seconds
[2023-11-16T00:27:21.082+0000] {processor.py:157} INFO - Started process (PID=2189) to work on /home/airflow/.local/lib/python3.8/site-packages/airflow/example_dags/example_branch_operator.py
[2023-11-16T00:27:21.083+0000] {processor.py:829} INFO - Processing file /home/airflow/.local/lib/python3.8/site-packages/airflow/example_dags/example_branch_operator.py for tasks to queue
[2023-11-16T00:27:21.085+0000] {logging_mixin.py:154} INFO - [2023-11-16T00:27:21.084+0000] {dagbag.py:536} INFO - Filling up the DagBag from /home/airflow/.local/lib/python3.8/site-packages/airflow/example_dags/example_branch_operator.py
[2023-11-16T00:27:21.091+0000] {processor.py:839} INFO - DAG(s) dict_keys(['example_branch_operator']) retrieved from /home/airflow/.local/lib/python3.8/site-packages/airflow/example_dags/example_branch_operator.py
[2023-11-16T00:27:21.106+0000] {logging_mixin.py:154} INFO - [2023-11-16T00:27:21.105+0000] {dag.py:2941} INFO - Sync 1 DAGs
[2023-11-16T00:27:21.121+0000] {logging_mixin.py:154} INFO - [2023-11-16T00:27:21.121+0000] {dag.py:3722} INFO - Setting next_dagrun for example_branch_operator to 2023-11-15T00:00:00+00:00, run_after=2023-11-16T00:00:00+00:00
[2023-11-16T00:27:21.133+0000] {processor.py:179} INFO - Processing /home/airflow/.local/lib/python3.8/site-packages/airflow/example_dags/example_branch_operator.py took 0.053 seconds
[2023-11-16T00:27:51.204+0000] {processor.py:157} INFO - Started process (PID=2246) to work on /home/airflow/.local/lib/python3.8/site-packages/airflow/example_dags/example_branch_operator.py
[2023-11-16T00:27:51.205+0000] {processor.py:829} INFO - Processing file /home/airflow/.local/lib/python3.8/site-packages/airflow/example_dags/example_branch_operator.py for tasks to queue
[2023-11-16T00:27:51.207+0000] {logging_mixin.py:154} INFO - [2023-11-16T00:27:51.207+0000] {dagbag.py:536} INFO - Filling up the DagBag from /home/airflow/.local/lib/python3.8/site-packages/airflow/example_dags/example_branch_operator.py
[2023-11-16T00:27:51.213+0000] {processor.py:839} INFO - DAG(s) dict_keys(['example_branch_operator']) retrieved from /home/airflow/.local/lib/python3.8/site-packages/airflow/example_dags/example_branch_operator.py
[2023-11-16T00:27:51.228+0000] {logging_mixin.py:154} INFO - [2023-11-16T00:27:51.228+0000] {dag.py:2941} INFO - Sync 1 DAGs
[2023-11-16T00:27:51.243+0000] {logging_mixin.py:154} INFO - [2023-11-16T00:27:51.243+0000] {dag.py:3722} INFO - Setting next_dagrun for example_branch_operator to 2023-11-15T00:00:00+00:00, run_after=2023-11-16T00:00:00+00:00
[2023-11-16T00:27:51.255+0000] {processor.py:179} INFO - Processing /home/airflow/.local/lib/python3.8/site-packages/airflow/example_dags/example_branch_operator.py took 0.053 seconds
[2023-11-16T00:28:21.348+0000] {processor.py:157} INFO - Started process (PID=2303) to work on /home/airflow/.local/lib/python3.8/site-packages/airflow/example_dags/example_branch_operator.py
[2023-11-16T00:28:21.349+0000] {processor.py:829} INFO - Processing file /home/airflow/.local/lib/python3.8/site-packages/airflow/example_dags/example_branch_operator.py for tasks to queue
[2023-11-16T00:28:21.351+0000] {logging_mixin.py:154} INFO - [2023-11-16T00:28:21.350+0000] {dagbag.py:536} INFO - Filling up the DagBag from /home/airflow/.local/lib/python3.8/site-packages/airflow/example_dags/example_branch_operator.py
[2023-11-16T00:28:21.357+0000] {processor.py:839} INFO - DAG(s) dict_keys(['example_branch_operator']) retrieved from /home/airflow/.local/lib/python3.8/site-packages/airflow/example_dags/example_branch_operator.py
[2023-11-16T00:28:21.374+0000] {logging_mixin.py:154} INFO - [2023-11-16T00:28:21.374+0000] {dag.py:2941} INFO - Sync 1 DAGs
[2023-11-16T00:28:21.389+0000] {logging_mixin.py:154} INFO - [2023-11-16T00:28:21.389+0000] {dag.py:3722} INFO - Setting next_dagrun for example_branch_operator to 2023-11-15T00:00:00+00:00, run_after=2023-11-16T00:00:00+00:00
[2023-11-16T00:28:21.401+0000] {processor.py:179} INFO - Processing /home/airflow/.local/lib/python3.8/site-packages/airflow/example_dags/example_branch_operator.py took 0.055 seconds
[2023-11-16T00:28:51.506+0000] {processor.py:157} INFO - Started process (PID=2360) to work on /home/airflow/.local/lib/python3.8/site-packages/airflow/example_dags/example_branch_operator.py
[2023-11-16T00:28:51.506+0000] {processor.py:829} INFO - Processing file /home/airflow/.local/lib/python3.8/site-packages/airflow/example_dags/example_branch_operator.py for tasks to queue
[2023-11-16T00:28:51.508+0000] {logging_mixin.py:154} INFO - [2023-11-16T00:28:51.508+0000] {dagbag.py:536} INFO - Filling up the DagBag from /home/airflow/.local/lib/python3.8/site-packages/airflow/example_dags/example_branch_operator.py
[2023-11-16T00:28:51.514+0000] {processor.py:839} INFO - DAG(s) dict_keys(['example_branch_operator']) retrieved from /home/airflow/.local/lib/python3.8/site-packages/airflow/example_dags/example_branch_operator.py
[2023-11-16T00:28:51.529+0000] {logging_mixin.py:154} INFO - [2023-11-16T00:28:51.529+0000] {dag.py:2941} INFO - Sync 1 DAGs
[2023-11-16T00:28:51.544+0000] {logging_mixin.py:154} INFO - [2023-11-16T00:28:51.544+0000] {dag.py:3722} INFO - Setting next_dagrun for example_branch_operator to 2023-11-15T00:00:00+00:00, run_after=2023-11-16T00:00:00+00:00
[2023-11-16T00:28:51.558+0000] {processor.py:179} INFO - Processing /home/airflow/.local/lib/python3.8/site-packages/airflow/example_dags/example_branch_operator.py took 0.054 seconds
[2023-11-16T00:29:21.812+0000] {processor.py:157} INFO - Started process (PID=2416) to work on /home/airflow/.local/lib/python3.8/site-packages/airflow/example_dags/example_branch_operator.py
[2023-11-16T00:29:21.813+0000] {processor.py:829} INFO - Processing file /home/airflow/.local/lib/python3.8/site-packages/airflow/example_dags/example_branch_operator.py for tasks to queue
[2023-11-16T00:29:21.815+0000] {logging_mixin.py:154} INFO - [2023-11-16T00:29:21.815+0000] {dagbag.py:536} INFO - Filling up the DagBag from /home/airflow/.local/lib/python3.8/site-packages/airflow/example_dags/example_branch_operator.py
[2023-11-16T00:29:21.821+0000] {processor.py:839} INFO - DAG(s) dict_keys(['example_branch_operator']) retrieved from /home/airflow/.local/lib/python3.8/site-packages/airflow/example_dags/example_branch_operator.py
[2023-11-16T00:29:21.836+0000] {logging_mixin.py:154} INFO - [2023-11-16T00:29:21.836+0000] {dag.py:2941} INFO - Sync 1 DAGs
[2023-11-16T00:29:21.851+0000] {logging_mixin.py:154} INFO - [2023-11-16T00:29:21.851+0000] {dag.py:3722} INFO - Setting next_dagrun for example_branch_operator to 2023-11-15T00:00:00+00:00, run_after=2023-11-16T00:00:00+00:00
[2023-11-16T00:29:21.863+0000] {processor.py:179} INFO - Processing /home/airflow/.local/lib/python3.8/site-packages/airflow/example_dags/example_branch_operator.py took 0.053 seconds
[2023-11-16T00:29:51.968+0000] {processor.py:157} INFO - Started process (PID=2473) to work on /home/airflow/.local/lib/python3.8/site-packages/airflow/example_dags/example_branch_operator.py
[2023-11-16T00:29:51.969+0000] {processor.py:829} INFO - Processing file /home/airflow/.local/lib/python3.8/site-packages/airflow/example_dags/example_branch_operator.py for tasks to queue
[2023-11-16T00:29:51.970+0000] {logging_mixin.py:154} INFO - [2023-11-16T00:29:51.970+0000] {dagbag.py:536} INFO - Filling up the DagBag from /home/airflow/.local/lib/python3.8/site-packages/airflow/example_dags/example_branch_operator.py
[2023-11-16T00:29:51.976+0000] {processor.py:839} INFO - DAG(s) dict_keys(['example_branch_operator']) retrieved from /home/airflow/.local/lib/python3.8/site-packages/airflow/example_dags/example_branch_operator.py
[2023-11-16T00:29:51.992+0000] {logging_mixin.py:154} INFO - [2023-11-16T00:29:51.992+0000] {dag.py:2941} INFO - Sync 1 DAGs
[2023-11-16T00:29:52.007+0000] {logging_mixin.py:154} INFO - [2023-11-16T00:29:52.007+0000] {dag.py:3722} INFO - Setting next_dagrun for example_branch_operator to 2023-11-15T00:00:00+00:00, run_after=2023-11-16T00:00:00+00:00
[2023-11-16T00:29:52.020+0000] {processor.py:179} INFO - Processing /home/airflow/.local/lib/python3.8/site-packages/airflow/example_dags/example_branch_operator.py took 0.054 seconds
[2023-11-16T00:30:22.134+0000] {processor.py:157} INFO - Started process (PID=2531) to work on /home/airflow/.local/lib/python3.8/site-packages/airflow/example_dags/example_branch_operator.py
[2023-11-16T00:30:22.135+0000] {processor.py:829} INFO - Processing file /home/airflow/.local/lib/python3.8/site-packages/airflow/example_dags/example_branch_operator.py for tasks to queue
[2023-11-16T00:30:22.137+0000] {logging_mixin.py:154} INFO - [2023-11-16T00:30:22.137+0000] {dagbag.py:536} INFO - Filling up the DagBag from /home/airflow/.local/lib/python3.8/site-packages/airflow/example_dags/example_branch_operator.py
[2023-11-16T00:30:22.145+0000] {processor.py:839} INFO - DAG(s) dict_keys(['example_branch_operator']) retrieved from /home/airflow/.local/lib/python3.8/site-packages/airflow/example_dags/example_branch_operator.py
[2023-11-16T00:30:22.162+0000] {logging_mixin.py:154} INFO - [2023-11-16T00:30:22.162+0000] {dag.py:2941} INFO - Sync 1 DAGs
[2023-11-16T00:30:22.179+0000] {logging_mixin.py:154} INFO - [2023-11-16T00:30:22.179+0000] {dag.py:3722} INFO - Setting next_dagrun for example_branch_operator to 2023-11-15T00:00:00+00:00, run_after=2023-11-16T00:00:00+00:00
[2023-11-16T00:30:22.190+0000] {processor.py:179} INFO - Processing /home/airflow/.local/lib/python3.8/site-packages/airflow/example_dags/example_branch_operator.py took 0.059 seconds
[2023-11-16T00:30:52.330+0000] {processor.py:157} INFO - Started process (PID=2589) to work on /home/airflow/.local/lib/python3.8/site-packages/airflow/example_dags/example_branch_operator.py
[2023-11-16T00:30:52.331+0000] {processor.py:829} INFO - Processing file /home/airflow/.local/lib/python3.8/site-packages/airflow/example_dags/example_branch_operator.py for tasks to queue
[2023-11-16T00:30:52.333+0000] {logging_mixin.py:154} INFO - [2023-11-16T00:30:52.333+0000] {dagbag.py:536} INFO - Filling up the DagBag from /home/airflow/.local/lib/python3.8/site-packages/airflow/example_dags/example_branch_operator.py
[2023-11-16T00:30:52.340+0000] {processor.py:839} INFO - DAG(s) dict_keys(['example_branch_operator']) retrieved from /home/airflow/.local/lib/python3.8/site-packages/airflow/example_dags/example_branch_operator.py
[2023-11-16T00:30:52.355+0000] {logging_mixin.py:154} INFO - [2023-11-16T00:30:52.355+0000] {dag.py:2941} INFO - Sync 1 DAGs
[2023-11-16T00:30:52.369+0000] {logging_mixin.py:154} INFO - [2023-11-16T00:30:52.369+0000] {dag.py:3722} INFO - Setting next_dagrun for example_branch_operator to 2023-11-15T00:00:00+00:00, run_after=2023-11-16T00:00:00+00:00
[2023-11-16T00:30:52.380+0000] {processor.py:179} INFO - Processing /home/airflow/.local/lib/python3.8/site-packages/airflow/example_dags/example_branch_operator.py took 0.052 seconds
[2023-11-16T00:31:23.478+0000] {processor.py:157} INFO - Started process (PID=2647) to work on /home/airflow/.local/lib/python3.8/site-packages/airflow/example_dags/example_branch_operator.py
[2023-11-16T00:31:23.478+0000] {processor.py:829} INFO - Processing file /home/airflow/.local/lib/python3.8/site-packages/airflow/example_dags/example_branch_operator.py for tasks to queue
[2023-11-16T00:31:23.480+0000] {logging_mixin.py:154} INFO - [2023-11-16T00:31:23.480+0000] {dagbag.py:536} INFO - Filling up the DagBag from /home/airflow/.local/lib/python3.8/site-packages/airflow/example_dags/example_branch_operator.py
[2023-11-16T00:31:23.486+0000] {processor.py:839} INFO - DAG(s) dict_keys(['example_branch_operator']) retrieved from /home/airflow/.local/lib/python3.8/site-packages/airflow/example_dags/example_branch_operator.py
[2023-11-16T00:31:23.501+0000] {logging_mixin.py:154} INFO - [2023-11-16T00:31:23.501+0000] {dag.py:2941} INFO - Sync 1 DAGs
[2023-11-16T00:31:23.517+0000] {logging_mixin.py:154} INFO - [2023-11-16T00:31:23.517+0000] {dag.py:3722} INFO - Setting next_dagrun for example_branch_operator to 2023-11-15T00:00:00+00:00, run_after=2023-11-16T00:00:00+00:00
[2023-11-16T00:31:23.529+0000] {processor.py:179} INFO - Processing /home/airflow/.local/lib/python3.8/site-packages/airflow/example_dags/example_branch_operator.py took 0.054 seconds
[2023-11-16T00:31:53.637+0000] {processor.py:157} INFO - Started process (PID=2704) to work on /home/airflow/.local/lib/python3.8/site-packages/airflow/example_dags/example_branch_operator.py
[2023-11-16T00:31:53.638+0000] {processor.py:829} INFO - Processing file /home/airflow/.local/lib/python3.8/site-packages/airflow/example_dags/example_branch_operator.py for tasks to queue
[2023-11-16T00:31:53.640+0000] {logging_mixin.py:154} INFO - [2023-11-16T00:31:53.640+0000] {dagbag.py:536} INFO - Filling up the DagBag from /home/airflow/.local/lib/python3.8/site-packages/airflow/example_dags/example_branch_operator.py
[2023-11-16T00:31:53.646+0000] {processor.py:839} INFO - DAG(s) dict_keys(['example_branch_operator']) retrieved from /home/airflow/.local/lib/python3.8/site-packages/airflow/example_dags/example_branch_operator.py
[2023-11-16T00:31:53.662+0000] {logging_mixin.py:154} INFO - [2023-11-16T00:31:53.661+0000] {dag.py:2941} INFO - Sync 1 DAGs
[2023-11-16T00:31:53.676+0000] {logging_mixin.py:154} INFO - [2023-11-16T00:31:53.676+0000] {dag.py:3722} INFO - Setting next_dagrun for example_branch_operator to 2023-11-15T00:00:00+00:00, run_after=2023-11-16T00:00:00+00:00
[2023-11-16T00:31:53.688+0000] {processor.py:179} INFO - Processing /home/airflow/.local/lib/python3.8/site-packages/airflow/example_dags/example_branch_operator.py took 0.054 seconds
[2023-11-16T00:32:23.956+0000] {processor.py:157} INFO - Started process (PID=2761) to work on /home/airflow/.local/lib/python3.8/site-packages/airflow/example_dags/example_branch_operator.py
[2023-11-16T00:32:23.957+0000] {processor.py:829} INFO - Processing file /home/airflow/.local/lib/python3.8/site-packages/airflow/example_dags/example_branch_operator.py for tasks to queue
[2023-11-16T00:32:23.959+0000] {logging_mixin.py:154} INFO - [2023-11-16T00:32:23.958+0000] {dagbag.py:536} INFO - Filling up the DagBag from /home/airflow/.local/lib/python3.8/site-packages/airflow/example_dags/example_branch_operator.py
[2023-11-16T00:32:23.965+0000] {processor.py:839} INFO - DAG(s) dict_keys(['example_branch_operator']) retrieved from /home/airflow/.local/lib/python3.8/site-packages/airflow/example_dags/example_branch_operator.py
[2023-11-16T00:32:23.980+0000] {logging_mixin.py:154} INFO - [2023-11-16T00:32:23.980+0000] {dag.py:2941} INFO - Sync 1 DAGs
[2023-11-16T00:32:23.995+0000] {logging_mixin.py:154} INFO - [2023-11-16T00:32:23.995+0000] {dag.py:3722} INFO - Setting next_dagrun for example_branch_operator to 2023-11-15T00:00:00+00:00, run_after=2023-11-16T00:00:00+00:00
[2023-11-16T00:32:24.006+0000] {processor.py:179} INFO - Processing /home/airflow/.local/lib/python3.8/site-packages/airflow/example_dags/example_branch_operator.py took 0.052 seconds
[2023-11-16T00:32:54.064+0000] {processor.py:157} INFO - Started process (PID=2817) to work on /home/airflow/.local/lib/python3.8/site-packages/airflow/example_dags/example_branch_operator.py
[2023-11-16T00:32:54.065+0000] {processor.py:829} INFO - Processing file /home/airflow/.local/lib/python3.8/site-packages/airflow/example_dags/example_branch_operator.py for tasks to queue
[2023-11-16T00:32:54.067+0000] {logging_mixin.py:154} INFO - [2023-11-16T00:32:54.067+0000] {dagbag.py:536} INFO - Filling up the DagBag from /home/airflow/.local/lib/python3.8/site-packages/airflow/example_dags/example_branch_operator.py
[2023-11-16T00:32:54.073+0000] {processor.py:839} INFO - DAG(s) dict_keys(['example_branch_operator']) retrieved from /home/airflow/.local/lib/python3.8/site-packages/airflow/example_dags/example_branch_operator.py
[2023-11-16T00:32:54.088+0000] {logging_mixin.py:154} INFO - [2023-11-16T00:32:54.088+0000] {dag.py:2941} INFO - Sync 1 DAGs
[2023-11-16T00:32:54.104+0000] {logging_mixin.py:154} INFO - [2023-11-16T00:32:54.104+0000] {dag.py:3722} INFO - Setting next_dagrun for example_branch_operator to 2023-11-15T00:00:00+00:00, run_after=2023-11-16T00:00:00+00:00
[2023-11-16T00:32:54.115+0000] {processor.py:179} INFO - Processing /home/airflow/.local/lib/python3.8/site-packages/airflow/example_dags/example_branch_operator.py took 0.054 seconds
[2023-11-16T00:33:24.410+0000] {processor.py:157} INFO - Started process (PID=2876) to work on /home/airflow/.local/lib/python3.8/site-packages/airflow/example_dags/example_branch_operator.py
[2023-11-16T00:33:24.411+0000] {processor.py:829} INFO - Processing file /home/airflow/.local/lib/python3.8/site-packages/airflow/example_dags/example_branch_operator.py for tasks to queue
[2023-11-16T00:33:24.413+0000] {logging_mixin.py:154} INFO - [2023-11-16T00:33:24.412+0000] {dagbag.py:536} INFO - Filling up the DagBag from /home/airflow/.local/lib/python3.8/site-packages/airflow/example_dags/example_branch_operator.py
[2023-11-16T00:33:24.419+0000] {processor.py:839} INFO - DAG(s) dict_keys(['example_branch_operator']) retrieved from /home/airflow/.local/lib/python3.8/site-packages/airflow/example_dags/example_branch_operator.py
[2023-11-16T00:33:24.435+0000] {logging_mixin.py:154} INFO - [2023-11-16T00:33:24.435+0000] {dag.py:2941} INFO - Sync 1 DAGs
[2023-11-16T00:33:24.450+0000] {logging_mixin.py:154} INFO - [2023-11-16T00:33:24.450+0000] {dag.py:3722} INFO - Setting next_dagrun for example_branch_operator to 2023-11-15T00:00:00+00:00, run_after=2023-11-16T00:00:00+00:00
[2023-11-16T00:33:24.462+0000] {processor.py:179} INFO - Processing /home/airflow/.local/lib/python3.8/site-packages/airflow/example_dags/example_branch_operator.py took 0.054 seconds
[2023-11-16T00:33:54.565+0000] {processor.py:157} INFO - Started process (PID=2938) to work on /home/airflow/.local/lib/python3.8/site-packages/airflow/example_dags/example_branch_operator.py
[2023-11-16T00:33:54.566+0000] {processor.py:829} INFO - Processing file /home/airflow/.local/lib/python3.8/site-packages/airflow/example_dags/example_branch_operator.py for tasks to queue
[2023-11-16T00:33:54.567+0000] {logging_mixin.py:154} INFO - [2023-11-16T00:33:54.567+0000] {dagbag.py:536} INFO - Filling up the DagBag from /home/airflow/.local/lib/python3.8/site-packages/airflow/example_dags/example_branch_operator.py
[2023-11-16T00:33:54.574+0000] {processor.py:839} INFO - DAG(s) dict_keys(['example_branch_operator']) retrieved from /home/airflow/.local/lib/python3.8/site-packages/airflow/example_dags/example_branch_operator.py
[2023-11-16T00:33:54.590+0000] {logging_mixin.py:154} INFO - [2023-11-16T00:33:54.590+0000] {dag.py:2941} INFO - Sync 1 DAGs
[2023-11-16T00:33:54.605+0000] {logging_mixin.py:154} INFO - [2023-11-16T00:33:54.605+0000] {dag.py:3722} INFO - Setting next_dagrun for example_branch_operator to 2023-11-15T00:00:00+00:00, run_after=2023-11-16T00:00:00+00:00
[2023-11-16T00:33:54.618+0000] {processor.py:179} INFO - Processing /home/airflow/.local/lib/python3.8/site-packages/airflow/example_dags/example_branch_operator.py took 0.056 seconds
[2023-11-16T00:34:24.764+0000] {processor.py:157} INFO - Started process (PID=2995) to work on /home/airflow/.local/lib/python3.8/site-packages/airflow/example_dags/example_branch_operator.py
[2023-11-16T00:34:24.765+0000] {processor.py:829} INFO - Processing file /home/airflow/.local/lib/python3.8/site-packages/airflow/example_dags/example_branch_operator.py for tasks to queue
[2023-11-16T00:34:24.767+0000] {logging_mixin.py:154} INFO - [2023-11-16T00:34:24.767+0000] {dagbag.py:536} INFO - Filling up the DagBag from /home/airflow/.local/lib/python3.8/site-packages/airflow/example_dags/example_branch_operator.py
[2023-11-16T00:34:24.773+0000] {processor.py:839} INFO - DAG(s) dict_keys(['example_branch_operator']) retrieved from /home/airflow/.local/lib/python3.8/site-packages/airflow/example_dags/example_branch_operator.py
[2023-11-16T00:34:24.787+0000] {logging_mixin.py:154} INFO - [2023-11-16T00:34:24.787+0000] {dag.py:2941} INFO - Sync 1 DAGs
[2023-11-16T00:34:24.803+0000] {logging_mixin.py:154} INFO - [2023-11-16T00:34:24.803+0000] {dag.py:3722} INFO - Setting next_dagrun for example_branch_operator to 2023-11-15T00:00:00+00:00, run_after=2023-11-16T00:00:00+00:00
[2023-11-16T00:34:24.817+0000] {processor.py:179} INFO - Processing /home/airflow/.local/lib/python3.8/site-packages/airflow/example_dags/example_branch_operator.py took 0.055 seconds
[2023-11-16T00:34:55.101+0000] {processor.py:157} INFO - Started process (PID=3052) to work on /home/airflow/.local/lib/python3.8/site-packages/airflow/example_dags/example_branch_operator.py
[2023-11-16T00:34:55.102+0000] {processor.py:829} INFO - Processing file /home/airflow/.local/lib/python3.8/site-packages/airflow/example_dags/example_branch_operator.py for tasks to queue
[2023-11-16T00:34:55.104+0000] {logging_mixin.py:154} INFO - [2023-11-16T00:34:55.104+0000] {dagbag.py:536} INFO - Filling up the DagBag from /home/airflow/.local/lib/python3.8/site-packages/airflow/example_dags/example_branch_operator.py
[2023-11-16T00:34:55.111+0000] {processor.py:839} INFO - DAG(s) dict_keys(['example_branch_operator']) retrieved from /home/airflow/.local/lib/python3.8/site-packages/airflow/example_dags/example_branch_operator.py
[2023-11-16T00:34:55.126+0000] {logging_mixin.py:154} INFO - [2023-11-16T00:34:55.126+0000] {dag.py:2941} INFO - Sync 1 DAGs
[2023-11-16T00:34:55.142+0000] {logging_mixin.py:154} INFO - [2023-11-16T00:34:55.141+0000] {dag.py:3722} INFO - Setting next_dagrun for example_branch_operator to 2023-11-15T00:00:00+00:00, run_after=2023-11-16T00:00:00+00:00
[2023-11-16T00:34:55.154+0000] {processor.py:179} INFO - Processing /home/airflow/.local/lib/python3.8/site-packages/airflow/example_dags/example_branch_operator.py took 0.055 seconds
[2023-11-16T00:35:26.173+0000] {processor.py:157} INFO - Started process (PID=3109) to work on /home/airflow/.local/lib/python3.8/site-packages/airflow/example_dags/example_branch_operator.py
[2023-11-16T00:35:26.173+0000] {processor.py:829} INFO - Processing file /home/airflow/.local/lib/python3.8/site-packages/airflow/example_dags/example_branch_operator.py for tasks to queue
[2023-11-16T00:35:26.175+0000] {logging_mixin.py:154} INFO - [2023-11-16T00:35:26.175+0000] {dagbag.py:536} INFO - Filling up the DagBag from /home/airflow/.local/lib/python3.8/site-packages/airflow/example_dags/example_branch_operator.py
[2023-11-16T00:35:26.181+0000] {processor.py:839} INFO - DAG(s) dict_keys(['example_branch_operator']) retrieved from /home/airflow/.local/lib/python3.8/site-packages/airflow/example_dags/example_branch_operator.py
[2023-11-16T00:35:26.196+0000] {logging_mixin.py:154} INFO - [2023-11-16T00:35:26.196+0000] {dag.py:2941} INFO - Sync 1 DAGs
[2023-11-16T00:35:26.211+0000] {logging_mixin.py:154} INFO - [2023-11-16T00:35:26.211+0000] {dag.py:3722} INFO - Setting next_dagrun for example_branch_operator to 2023-11-15T00:00:00+00:00, run_after=2023-11-16T00:00:00+00:00
[2023-11-16T00:35:26.223+0000] {processor.py:179} INFO - Processing /home/airflow/.local/lib/python3.8/site-packages/airflow/example_dags/example_branch_operator.py took 0.052 seconds
[2023-11-16T00:35:56.561+0000] {processor.py:157} INFO - Started process (PID=3167) to work on /home/airflow/.local/lib/python3.8/site-packages/airflow/example_dags/example_branch_operator.py
[2023-11-16T00:35:56.561+0000] {processor.py:829} INFO - Processing file /home/airflow/.local/lib/python3.8/site-packages/airflow/example_dags/example_branch_operator.py for tasks to queue
[2023-11-16T00:35:56.563+0000] {logging_mixin.py:154} INFO - [2023-11-16T00:35:56.563+0000] {dagbag.py:536} INFO - Filling up the DagBag from /home/airflow/.local/lib/python3.8/site-packages/airflow/example_dags/example_branch_operator.py
[2023-11-16T00:35:56.569+0000] {processor.py:839} INFO - DAG(s) dict_keys(['example_branch_operator']) retrieved from /home/airflow/.local/lib/python3.8/site-packages/airflow/example_dags/example_branch_operator.py
[2023-11-16T00:35:56.584+0000] {logging_mixin.py:154} INFO - [2023-11-16T00:35:56.584+0000] {dag.py:2941} INFO - Sync 1 DAGs
[2023-11-16T00:35:56.600+0000] {logging_mixin.py:154} INFO - [2023-11-16T00:35:56.600+0000] {dag.py:3722} INFO - Setting next_dagrun for example_branch_operator to 2023-11-15T00:00:00+00:00, run_after=2023-11-16T00:00:00+00:00
[2023-11-16T00:35:56.613+0000] {processor.py:179} INFO - Processing /home/airflow/.local/lib/python3.8/site-packages/airflow/example_dags/example_branch_operator.py took 0.054 seconds
[2023-11-16T00:36:26.635+0000] {processor.py:157} INFO - Started process (PID=3225) to work on /home/airflow/.local/lib/python3.8/site-packages/airflow/example_dags/example_branch_operator.py
[2023-11-16T00:36:26.635+0000] {processor.py:829} INFO - Processing file /home/airflow/.local/lib/python3.8/site-packages/airflow/example_dags/example_branch_operator.py for tasks to queue
[2023-11-16T00:36:26.637+0000] {logging_mixin.py:154} INFO - [2023-11-16T00:36:26.637+0000] {dagbag.py:536} INFO - Filling up the DagBag from /home/airflow/.local/lib/python3.8/site-packages/airflow/example_dags/example_branch_operator.py
[2023-11-16T00:36:26.644+0000] {processor.py:839} INFO - DAG(s) dict_keys(['example_branch_operator']) retrieved from /home/airflow/.local/lib/python3.8/site-packages/airflow/example_dags/example_branch_operator.py
[2023-11-16T00:36:26.659+0000] {logging_mixin.py:154} INFO - [2023-11-16T00:36:26.659+0000] {dag.py:2941} INFO - Sync 1 DAGs
[2023-11-16T00:36:26.675+0000] {logging_mixin.py:154} INFO - [2023-11-16T00:36:26.675+0000] {dag.py:3722} INFO - Setting next_dagrun for example_branch_operator to 2023-11-15T00:00:00+00:00, run_after=2023-11-16T00:00:00+00:00
[2023-11-16T00:36:26.688+0000] {processor.py:179} INFO - Processing /home/airflow/.local/lib/python3.8/site-packages/airflow/example_dags/example_branch_operator.py took 0.056 seconds
[2023-11-16T00:36:56.864+0000] {processor.py:157} INFO - Started process (PID=3281) to work on /home/airflow/.local/lib/python3.8/site-packages/airflow/example_dags/example_branch_operator.py
[2023-11-16T00:36:56.865+0000] {processor.py:829} INFO - Processing file /home/airflow/.local/lib/python3.8/site-packages/airflow/example_dags/example_branch_operator.py for tasks to queue
[2023-11-16T00:36:56.867+0000] {logging_mixin.py:154} INFO - [2023-11-16T00:36:56.867+0000] {dagbag.py:536} INFO - Filling up the DagBag from /home/airflow/.local/lib/python3.8/site-packages/airflow/example_dags/example_branch_operator.py
[2023-11-16T00:36:56.873+0000] {processor.py:839} INFO - DAG(s) dict_keys(['example_branch_operator']) retrieved from /home/airflow/.local/lib/python3.8/site-packages/airflow/example_dags/example_branch_operator.py
[2023-11-16T00:36:56.888+0000] {logging_mixin.py:154} INFO - [2023-11-16T00:36:56.887+0000] {dag.py:2941} INFO - Sync 1 DAGs
[2023-11-16T00:36:56.903+0000] {logging_mixin.py:154} INFO - [2023-11-16T00:36:56.903+0000] {dag.py:3722} INFO - Setting next_dagrun for example_branch_operator to 2023-11-15T00:00:00+00:00, run_after=2023-11-16T00:00:00+00:00
[2023-11-16T00:36:56.915+0000] {processor.py:179} INFO - Processing /home/airflow/.local/lib/python3.8/site-packages/airflow/example_dags/example_branch_operator.py took 0.053 seconds
[2023-11-16T00:37:27.117+0000] {processor.py:157} INFO - Started process (PID=3339) to work on /home/airflow/.local/lib/python3.8/site-packages/airflow/example_dags/example_branch_operator.py
[2023-11-16T00:37:27.117+0000] {processor.py:829} INFO - Processing file /home/airflow/.local/lib/python3.8/site-packages/airflow/example_dags/example_branch_operator.py for tasks to queue
[2023-11-16T00:37:27.119+0000] {logging_mixin.py:154} INFO - [2023-11-16T00:37:27.119+0000] {dagbag.py:536} INFO - Filling up the DagBag from /home/airflow/.local/lib/python3.8/site-packages/airflow/example_dags/example_branch_operator.py
[2023-11-16T00:37:27.126+0000] {processor.py:839} INFO - DAG(s) dict_keys(['example_branch_operator']) retrieved from /home/airflow/.local/lib/python3.8/site-packages/airflow/example_dags/example_branch_operator.py
[2023-11-16T00:37:27.141+0000] {logging_mixin.py:154} INFO - [2023-11-16T00:37:27.140+0000] {dag.py:2941} INFO - Sync 1 DAGs
[2023-11-16T00:37:27.156+0000] {logging_mixin.py:154} INFO - [2023-11-16T00:37:27.156+0000] {dag.py:3722} INFO - Setting next_dagrun for example_branch_operator to 2023-11-15T00:00:00+00:00, run_after=2023-11-16T00:00:00+00:00
[2023-11-16T00:37:27.168+0000] {processor.py:179} INFO - Processing /home/airflow/.local/lib/python3.8/site-packages/airflow/example_dags/example_branch_operator.py took 0.054 seconds
[2023-11-16T00:37:57.312+0000] {processor.py:157} INFO - Started process (PID=3396) to work on /home/airflow/.local/lib/python3.8/site-packages/airflow/example_dags/example_branch_operator.py
[2023-11-16T00:37:57.313+0000] {processor.py:829} INFO - Processing file /home/airflow/.local/lib/python3.8/site-packages/airflow/example_dags/example_branch_operator.py for tasks to queue
[2023-11-16T00:37:57.314+0000] {logging_mixin.py:154} INFO - [2023-11-16T00:37:57.314+0000] {dagbag.py:536} INFO - Filling up the DagBag from /home/airflow/.local/lib/python3.8/site-packages/airflow/example_dags/example_branch_operator.py
[2023-11-16T00:37:57.321+0000] {processor.py:839} INFO - DAG(s) dict_keys(['example_branch_operator']) retrieved from /home/airflow/.local/lib/python3.8/site-packages/airflow/example_dags/example_branch_operator.py
[2023-11-16T00:37:57.339+0000] {logging_mixin.py:154} INFO - [2023-11-16T00:37:57.339+0000] {dag.py:2941} INFO - Sync 1 DAGs
[2023-11-16T00:37:57.355+0000] {logging_mixin.py:154} INFO - [2023-11-16T00:37:57.355+0000] {dag.py:3722} INFO - Setting next_dagrun for example_branch_operator to 2023-11-15T00:00:00+00:00, run_after=2023-11-16T00:00:00+00:00
[2023-11-16T00:37:57.368+0000] {processor.py:179} INFO - Processing /home/airflow/.local/lib/python3.8/site-packages/airflow/example_dags/example_branch_operator.py took 0.058 seconds
[2023-11-16T00:38:27.542+0000] {processor.py:157} INFO - Started process (PID=3453) to work on /home/airflow/.local/lib/python3.8/site-packages/airflow/example_dags/example_branch_operator.py
[2023-11-16T00:38:27.543+0000] {processor.py:829} INFO - Processing file /home/airflow/.local/lib/python3.8/site-packages/airflow/example_dags/example_branch_operator.py for tasks to queue
[2023-11-16T00:38:27.544+0000] {logging_mixin.py:154} INFO - [2023-11-16T00:38:27.544+0000] {dagbag.py:536} INFO - Filling up the DagBag from /home/airflow/.local/lib/python3.8/site-packages/airflow/example_dags/example_branch_operator.py
[2023-11-16T00:38:27.551+0000] {processor.py:839} INFO - DAG(s) dict_keys(['example_branch_operator']) retrieved from /home/airflow/.local/lib/python3.8/site-packages/airflow/example_dags/example_branch_operator.py
[2023-11-16T00:38:27.566+0000] {logging_mixin.py:154} INFO - [2023-11-16T00:38:27.565+0000] {dag.py:2941} INFO - Sync 1 DAGs
[2023-11-16T00:38:27.580+0000] {logging_mixin.py:154} INFO - [2023-11-16T00:38:27.580+0000] {dag.py:3722} INFO - Setting next_dagrun for example_branch_operator to 2023-11-15T00:00:00+00:00, run_after=2023-11-16T00:00:00+00:00
[2023-11-16T00:38:27.592+0000] {processor.py:179} INFO - Processing /home/airflow/.local/lib/python3.8/site-packages/airflow/example_dags/example_branch_operator.py took 0.053 seconds
[2023-11-16T00:38:57.883+0000] {processor.py:157} INFO - Started process (PID=3511) to work on /home/airflow/.local/lib/python3.8/site-packages/airflow/example_dags/example_branch_operator.py
[2023-11-16T00:38:57.884+0000] {processor.py:829} INFO - Processing file /home/airflow/.local/lib/python3.8/site-packages/airflow/example_dags/example_branch_operator.py for tasks to queue
[2023-11-16T00:38:57.885+0000] {logging_mixin.py:154} INFO - [2023-11-16T00:38:57.885+0000] {dagbag.py:536} INFO - Filling up the DagBag from /home/airflow/.local/lib/python3.8/site-packages/airflow/example_dags/example_branch_operator.py
[2023-11-16T00:38:57.892+0000] {processor.py:839} INFO - DAG(s) dict_keys(['example_branch_operator']) retrieved from /home/airflow/.local/lib/python3.8/site-packages/airflow/example_dags/example_branch_operator.py
[2023-11-16T00:38:57.907+0000] {logging_mixin.py:154} INFO - [2023-11-16T00:38:57.907+0000] {dag.py:2941} INFO - Sync 1 DAGs
[2023-11-16T00:38:57.921+0000] {logging_mixin.py:154} INFO - [2023-11-16T00:38:57.921+0000] {dag.py:3722} INFO - Setting next_dagrun for example_branch_operator to 2023-11-15T00:00:00+00:00, run_after=2023-11-16T00:00:00+00:00
[2023-11-16T00:38:57.932+0000] {processor.py:179} INFO - Processing /home/airflow/.local/lib/python3.8/site-packages/airflow/example_dags/example_branch_operator.py took 0.052 seconds
[2023-11-16T00:39:28.189+0000] {processor.py:157} INFO - Started process (PID=3568) to work on /home/airflow/.local/lib/python3.8/site-packages/airflow/example_dags/example_branch_operator.py
[2023-11-16T00:39:28.190+0000] {processor.py:829} INFO - Processing file /home/airflow/.local/lib/python3.8/site-packages/airflow/example_dags/example_branch_operator.py for tasks to queue
[2023-11-16T00:39:28.191+0000] {logging_mixin.py:154} INFO - [2023-11-16T00:39:28.191+0000] {dagbag.py:536} INFO - Filling up the DagBag from /home/airflow/.local/lib/python3.8/site-packages/airflow/example_dags/example_branch_operator.py
[2023-11-16T00:39:28.198+0000] {processor.py:839} INFO - DAG(s) dict_keys(['example_branch_operator']) retrieved from /home/airflow/.local/lib/python3.8/site-packages/airflow/example_dags/example_branch_operator.py
[2023-11-16T00:39:28.212+0000] {logging_mixin.py:154} INFO - [2023-11-16T00:39:28.212+0000] {dag.py:2941} INFO - Sync 1 DAGs
[2023-11-16T00:39:28.227+0000] {logging_mixin.py:154} INFO - [2023-11-16T00:39:28.227+0000] {dag.py:3722} INFO - Setting next_dagrun for example_branch_operator to 2023-11-15T00:00:00+00:00, run_after=2023-11-16T00:00:00+00:00
[2023-11-16T00:39:28.239+0000] {processor.py:179} INFO - Processing /home/airflow/.local/lib/python3.8/site-packages/airflow/example_dags/example_branch_operator.py took 0.053 seconds
[2023-11-16T00:39:58.339+0000] {processor.py:157} INFO - Started process (PID=3625) to work on /home/airflow/.local/lib/python3.8/site-packages/airflow/example_dags/example_branch_operator.py
[2023-11-16T00:39:58.340+0000] {processor.py:829} INFO - Processing file /home/airflow/.local/lib/python3.8/site-packages/airflow/example_dags/example_branch_operator.py for tasks to queue
[2023-11-16T00:39:58.341+0000] {logging_mixin.py:154} INFO - [2023-11-16T00:39:58.341+0000] {dagbag.py:536} INFO - Filling up the DagBag from /home/airflow/.local/lib/python3.8/site-packages/airflow/example_dags/example_branch_operator.py
[2023-11-16T00:39:58.348+0000] {processor.py:839} INFO - DAG(s) dict_keys(['example_branch_operator']) retrieved from /home/airflow/.local/lib/python3.8/site-packages/airflow/example_dags/example_branch_operator.py
[2023-11-16T00:39:58.362+0000] {logging_mixin.py:154} INFO - [2023-11-16T00:39:58.362+0000] {dag.py:2941} INFO - Sync 1 DAGs
[2023-11-16T00:39:58.376+0000] {logging_mixin.py:154} INFO - [2023-11-16T00:39:58.376+0000] {dag.py:3722} INFO - Setting next_dagrun for example_branch_operator to 2023-11-15T00:00:00+00:00, run_after=2023-11-16T00:00:00+00:00
[2023-11-16T00:39:58.388+0000] {processor.py:179} INFO - Processing /home/airflow/.local/lib/python3.8/site-packages/airflow/example_dags/example_branch_operator.py took 0.051 seconds
[2023-11-16T00:40:28.515+0000] {processor.py:157} INFO - Started process (PID=3683) to work on /home/airflow/.local/lib/python3.8/site-packages/airflow/example_dags/example_branch_operator.py
[2023-11-16T00:40:28.515+0000] {processor.py:829} INFO - Processing file /home/airflow/.local/lib/python3.8/site-packages/airflow/example_dags/example_branch_operator.py for tasks to queue
[2023-11-16T00:40:28.517+0000] {logging_mixin.py:154} INFO - [2023-11-16T00:40:28.517+0000] {dagbag.py:536} INFO - Filling up the DagBag from /home/airflow/.local/lib/python3.8/site-packages/airflow/example_dags/example_branch_operator.py
[2023-11-16T00:40:28.524+0000] {processor.py:839} INFO - DAG(s) dict_keys(['example_branch_operator']) retrieved from /home/airflow/.local/lib/python3.8/site-packages/airflow/example_dags/example_branch_operator.py
[2023-11-16T00:40:28.539+0000] {logging_mixin.py:154} INFO - [2023-11-16T00:40:28.538+0000] {dag.py:2941} INFO - Sync 1 DAGs
[2023-11-16T00:40:28.554+0000] {logging_mixin.py:154} INFO - [2023-11-16T00:40:28.554+0000] {dag.py:3722} INFO - Setting next_dagrun for example_branch_operator to 2023-11-15T00:00:00+00:00, run_after=2023-11-16T00:00:00+00:00
[2023-11-16T00:40:28.566+0000] {processor.py:179} INFO - Processing /home/airflow/.local/lib/python3.8/site-packages/airflow/example_dags/example_branch_operator.py took 0.053 seconds
[2023-11-16T00:40:58.647+0000] {processor.py:157} INFO - Started process (PID=3740) to work on /home/airflow/.local/lib/python3.8/site-packages/airflow/example_dags/example_branch_operator.py
[2023-11-16T00:40:58.647+0000] {processor.py:829} INFO - Processing file /home/airflow/.local/lib/python3.8/site-packages/airflow/example_dags/example_branch_operator.py for tasks to queue
[2023-11-16T00:40:58.649+0000] {logging_mixin.py:154} INFO - [2023-11-16T00:40:58.649+0000] {dagbag.py:536} INFO - Filling up the DagBag from /home/airflow/.local/lib/python3.8/site-packages/airflow/example_dags/example_branch_operator.py
[2023-11-16T00:40:58.655+0000] {processor.py:839} INFO - DAG(s) dict_keys(['example_branch_operator']) retrieved from /home/airflow/.local/lib/python3.8/site-packages/airflow/example_dags/example_branch_operator.py
[2023-11-16T00:40:58.669+0000] {logging_mixin.py:154} INFO - [2023-11-16T00:40:58.669+0000] {dag.py:2941} INFO - Sync 1 DAGs
[2023-11-16T00:40:58.685+0000] {logging_mixin.py:154} INFO - [2023-11-16T00:40:58.684+0000] {dag.py:3722} INFO - Setting next_dagrun for example_branch_operator to 2023-11-15T00:00:00+00:00, run_after=2023-11-16T00:00:00+00:00
[2023-11-16T00:40:58.697+0000] {processor.py:179} INFO - Processing /home/airflow/.local/lib/python3.8/site-packages/airflow/example_dags/example_branch_operator.py took 0.053 seconds
[2023-11-16T00:41:28.741+0000] {processor.py:157} INFO - Started process (PID=3797) to work on /home/airflow/.local/lib/python3.8/site-packages/airflow/example_dags/example_branch_operator.py
[2023-11-16T00:41:28.742+0000] {processor.py:829} INFO - Processing file /home/airflow/.local/lib/python3.8/site-packages/airflow/example_dags/example_branch_operator.py for tasks to queue
[2023-11-16T00:41:28.744+0000] {logging_mixin.py:154} INFO - [2023-11-16T00:41:28.744+0000] {dagbag.py:536} INFO - Filling up the DagBag from /home/airflow/.local/lib/python3.8/site-packages/airflow/example_dags/example_branch_operator.py
[2023-11-16T00:41:28.751+0000] {processor.py:839} INFO - DAG(s) dict_keys(['example_branch_operator']) retrieved from /home/airflow/.local/lib/python3.8/site-packages/airflow/example_dags/example_branch_operator.py
[2023-11-16T00:41:28.766+0000] {logging_mixin.py:154} INFO - [2023-11-16T00:41:28.765+0000] {dag.py:2941} INFO - Sync 1 DAGs
[2023-11-16T00:41:28.781+0000] {logging_mixin.py:154} INFO - [2023-11-16T00:41:28.781+0000] {dag.py:3722} INFO - Setting next_dagrun for example_branch_operator to 2023-11-15T00:00:00+00:00, run_after=2023-11-16T00:00:00+00:00
[2023-11-16T00:41:28.794+0000] {processor.py:179} INFO - Processing /home/airflow/.local/lib/python3.8/site-packages/airflow/example_dags/example_branch_operator.py took 0.055 seconds
[2023-11-16T00:41:58.987+0000] {processor.py:157} INFO - Started process (PID=3854) to work on /home/airflow/.local/lib/python3.8/site-packages/airflow/example_dags/example_branch_operator.py
[2023-11-16T00:41:58.988+0000] {processor.py:829} INFO - Processing file /home/airflow/.local/lib/python3.8/site-packages/airflow/example_dags/example_branch_operator.py for tasks to queue
[2023-11-16T00:41:58.990+0000] {logging_mixin.py:154} INFO - [2023-11-16T00:41:58.990+0000] {dagbag.py:536} INFO - Filling up the DagBag from /home/airflow/.local/lib/python3.8/site-packages/airflow/example_dags/example_branch_operator.py
[2023-11-16T00:41:58.996+0000] {processor.py:839} INFO - DAG(s) dict_keys(['example_branch_operator']) retrieved from /home/airflow/.local/lib/python3.8/site-packages/airflow/example_dags/example_branch_operator.py
[2023-11-16T00:41:59.012+0000] {logging_mixin.py:154} INFO - [2023-11-16T00:41:59.012+0000] {dag.py:2941} INFO - Sync 1 DAGs
[2023-11-16T00:41:59.026+0000] {logging_mixin.py:154} INFO - [2023-11-16T00:41:59.026+0000] {dag.py:3722} INFO - Setting next_dagrun for example_branch_operator to 2023-11-15T00:00:00+00:00, run_after=2023-11-16T00:00:00+00:00
[2023-11-16T00:41:59.040+0000] {processor.py:179} INFO - Processing /home/airflow/.local/lib/python3.8/site-packages/airflow/example_dags/example_branch_operator.py took 0.055 seconds
[2023-11-16T00:42:29.208+0000] {processor.py:157} INFO - Started process (PID=3911) to work on /home/airflow/.local/lib/python3.8/site-packages/airflow/example_dags/example_branch_operator.py
[2023-11-16T00:42:29.209+0000] {processor.py:829} INFO - Processing file /home/airflow/.local/lib/python3.8/site-packages/airflow/example_dags/example_branch_operator.py for tasks to queue
[2023-11-16T00:42:29.211+0000] {logging_mixin.py:154} INFO - [2023-11-16T00:42:29.211+0000] {dagbag.py:536} INFO - Filling up the DagBag from /home/airflow/.local/lib/python3.8/site-packages/airflow/example_dags/example_branch_operator.py
[2023-11-16T00:42:29.218+0000] {processor.py:839} INFO - DAG(s) dict_keys(['example_branch_operator']) retrieved from /home/airflow/.local/lib/python3.8/site-packages/airflow/example_dags/example_branch_operator.py
[2023-11-16T00:42:29.233+0000] {logging_mixin.py:154} INFO - [2023-11-16T00:42:29.233+0000] {dag.py:2941} INFO - Sync 1 DAGs
[2023-11-16T00:42:29.249+0000] {logging_mixin.py:154} INFO - [2023-11-16T00:42:29.249+0000] {dag.py:3722} INFO - Setting next_dagrun for example_branch_operator to 2023-11-15T00:00:00+00:00, run_after=2023-11-16T00:00:00+00:00
[2023-11-16T00:42:29.262+0000] {processor.py:179} INFO - Processing /home/airflow/.local/lib/python3.8/site-packages/airflow/example_dags/example_branch_operator.py took 0.056 seconds
[2023-11-16T00:42:59.310+0000] {processor.py:157} INFO - Started process (PID=3967) to work on /home/airflow/.local/lib/python3.8/site-packages/airflow/example_dags/example_branch_operator.py
[2023-11-16T00:42:59.312+0000] {processor.py:829} INFO - Processing file /home/airflow/.local/lib/python3.8/site-packages/airflow/example_dags/example_branch_operator.py for tasks to queue
[2023-11-16T00:42:59.314+0000] {logging_mixin.py:154} INFO - [2023-11-16T00:42:59.313+0000] {dagbag.py:536} INFO - Filling up the DagBag from /home/airflow/.local/lib/python3.8/site-packages/airflow/example_dags/example_branch_operator.py
[2023-11-16T00:42:59.321+0000] {processor.py:839} INFO - DAG(s) dict_keys(['example_branch_operator']) retrieved from /home/airflow/.local/lib/python3.8/site-packages/airflow/example_dags/example_branch_operator.py
[2023-11-16T00:42:59.337+0000] {logging_mixin.py:154} INFO - [2023-11-16T00:42:59.337+0000] {dag.py:2941} INFO - Sync 1 DAGs
[2023-11-16T00:42:59.354+0000] {logging_mixin.py:154} INFO - [2023-11-16T00:42:59.353+0000] {dag.py:3722} INFO - Setting next_dagrun for example_branch_operator to 2023-11-15T00:00:00+00:00, run_after=2023-11-16T00:00:00+00:00
[2023-11-16T00:42:59.367+0000] {processor.py:179} INFO - Processing /home/airflow/.local/lib/python3.8/site-packages/airflow/example_dags/example_branch_operator.py took 0.060 seconds
[2023-11-16T00:43:29.736+0000] {processor.py:157} INFO - Started process (PID=4025) to work on /home/airflow/.local/lib/python3.8/site-packages/airflow/example_dags/example_branch_operator.py
[2023-11-16T00:43:29.737+0000] {processor.py:829} INFO - Processing file /home/airflow/.local/lib/python3.8/site-packages/airflow/example_dags/example_branch_operator.py for tasks to queue
[2023-11-16T00:43:29.739+0000] {logging_mixin.py:154} INFO - [2023-11-16T00:43:29.738+0000] {dagbag.py:536} INFO - Filling up the DagBag from /home/airflow/.local/lib/python3.8/site-packages/airflow/example_dags/example_branch_operator.py
[2023-11-16T00:43:29.745+0000] {processor.py:839} INFO - DAG(s) dict_keys(['example_branch_operator']) retrieved from /home/airflow/.local/lib/python3.8/site-packages/airflow/example_dags/example_branch_operator.py
[2023-11-16T00:43:29.760+0000] {logging_mixin.py:154} INFO - [2023-11-16T00:43:29.760+0000] {dag.py:2941} INFO - Sync 1 DAGs
[2023-11-16T00:43:29.776+0000] {logging_mixin.py:154} INFO - [2023-11-16T00:43:29.776+0000] {dag.py:3722} INFO - Setting next_dagrun for example_branch_operator to 2023-11-15T00:00:00+00:00, run_after=2023-11-16T00:00:00+00:00
[2023-11-16T00:43:29.789+0000] {processor.py:179} INFO - Processing /home/airflow/.local/lib/python3.8/site-packages/airflow/example_dags/example_branch_operator.py took 0.055 seconds
