[2023-11-16T00:06:22.398+0000] {processor.py:157} INFO - Started process (PID=50) to work on /home/airflow/.local/lib/python3.8/site-packages/airflow/example_dags/example_xcom.py
[2023-11-16T00:06:22.398+0000] {processor.py:829} INFO - Processing file /home/airflow/.local/lib/python3.8/site-packages/airflow/example_dags/example_xcom.py for tasks to queue
[2023-11-16T00:06:22.400+0000] {logging_mixin.py:154} INFO - [2023-11-16T00:06:22.400+0000] {dagbag.py:536} INFO - Filling up the DagBag from /home/airflow/.local/lib/python3.8/site-packages/airflow/example_dags/example_xcom.py
[2023-11-16T00:06:22.407+0000] {processor.py:839} INFO - DAG(s) dict_keys(['example_xcom']) retrieved from /home/airflow/.local/lib/python3.8/site-packages/airflow/example_dags/example_xcom.py
[2023-11-16T00:06:22.416+0000] {logging_mixin.py:154} INFO - [2023-11-16T00:06:22.416+0000] {dag.py:2941} INFO - Sync 1 DAGs
[2023-11-16T00:06:22.433+0000] {logging_mixin.py:154} INFO - [2023-11-16T00:06:22.433+0000] {dag.py:3722} INFO - Setting next_dagrun for example_xcom to 2021-01-01T00:00:00+00:00, run_after=2021-01-01T00:00:00+00:00
[2023-11-16T00:06:22.446+0000] {processor.py:179} INFO - Processing /home/airflow/.local/lib/python3.8/site-packages/airflow/example_dags/example_xcom.py took 0.051 seconds
[2023-11-16T00:08:28.965+0000] {processor.py:157} INFO - Started process (PID=53) to work on /home/airflow/.local/lib/python3.8/site-packages/airflow/example_dags/example_xcom.py
[2023-11-16T00:08:28.966+0000] {processor.py:829} INFO - Processing file /home/airflow/.local/lib/python3.8/site-packages/airflow/example_dags/example_xcom.py for tasks to queue
[2023-11-16T00:08:28.968+0000] {logging_mixin.py:154} INFO - [2023-11-16T00:08:28.967+0000] {dagbag.py:536} INFO - Filling up the DagBag from /home/airflow/.local/lib/python3.8/site-packages/airflow/example_dags/example_xcom.py
[2023-11-16T00:08:28.975+0000] {processor.py:839} INFO - DAG(s) dict_keys(['example_xcom']) retrieved from /home/airflow/.local/lib/python3.8/site-packages/airflow/example_dags/example_xcom.py
[2023-11-16T00:08:28.983+0000] {logging_mixin.py:154} INFO - [2023-11-16T00:08:28.983+0000] {dag.py:2941} INFO - Sync 1 DAGs
[2023-11-16T00:08:28.998+0000] {logging_mixin.py:154} INFO - [2023-11-16T00:08:28.998+0000] {dag.py:3722} INFO - Setting next_dagrun for example_xcom to 2021-01-01T00:00:00+00:00, run_after=2021-01-01T00:00:00+00:00
[2023-11-16T00:08:29.015+0000] {processor.py:179} INFO - Processing /home/airflow/.local/lib/python3.8/site-packages/airflow/example_dags/example_xcom.py took 0.052 seconds
[2023-11-16T00:09:00.040+0000] {processor.py:157} INFO - Started process (PID=111) to work on /home/airflow/.local/lib/python3.8/site-packages/airflow/example_dags/example_xcom.py
[2023-11-16T00:09:00.041+0000] {processor.py:829} INFO - Processing file /home/airflow/.local/lib/python3.8/site-packages/airflow/example_dags/example_xcom.py for tasks to queue
[2023-11-16T00:09:00.043+0000] {logging_mixin.py:154} INFO - [2023-11-16T00:09:00.043+0000] {dagbag.py:536} INFO - Filling up the DagBag from /home/airflow/.local/lib/python3.8/site-packages/airflow/example_dags/example_xcom.py
[2023-11-16T00:09:00.048+0000] {processor.py:839} INFO - DAG(s) dict_keys(['example_xcom']) retrieved from /home/airflow/.local/lib/python3.8/site-packages/airflow/example_dags/example_xcom.py
[2023-11-16T00:09:00.062+0000] {logging_mixin.py:154} INFO - [2023-11-16T00:09:00.062+0000] {dag.py:2941} INFO - Sync 1 DAGs
[2023-11-16T00:09:00.076+0000] {logging_mixin.py:154} INFO - [2023-11-16T00:09:00.076+0000] {dag.py:3722} INFO - Setting next_dagrun for example_xcom to 2021-01-01T00:00:00+00:00, run_after=2021-01-01T00:00:00+00:00
[2023-11-16T00:09:00.087+0000] {processor.py:179} INFO - Processing /home/airflow/.local/lib/python3.8/site-packages/airflow/example_dags/example_xcom.py took 0.049 seconds
[2023-11-16T00:09:30.449+0000] {processor.py:157} INFO - Started process (PID=168) to work on /home/airflow/.local/lib/python3.8/site-packages/airflow/example_dags/example_xcom.py
[2023-11-16T00:09:30.450+0000] {processor.py:829} INFO - Processing file /home/airflow/.local/lib/python3.8/site-packages/airflow/example_dags/example_xcom.py for tasks to queue
[2023-11-16T00:09:30.452+0000] {logging_mixin.py:154} INFO - [2023-11-16T00:09:30.452+0000] {dagbag.py:536} INFO - Filling up the DagBag from /home/airflow/.local/lib/python3.8/site-packages/airflow/example_dags/example_xcom.py
[2023-11-16T00:09:30.457+0000] {processor.py:839} INFO - DAG(s) dict_keys(['example_xcom']) retrieved from /home/airflow/.local/lib/python3.8/site-packages/airflow/example_dags/example_xcom.py
[2023-11-16T00:09:30.473+0000] {logging_mixin.py:154} INFO - [2023-11-16T00:09:30.473+0000] {dag.py:2941} INFO - Sync 1 DAGs
[2023-11-16T00:09:30.489+0000] {logging_mixin.py:154} INFO - [2023-11-16T00:09:30.489+0000] {dag.py:3722} INFO - Setting next_dagrun for example_xcom to 2021-01-01T00:00:00+00:00, run_after=2021-01-01T00:00:00+00:00
[2023-11-16T00:09:30.503+0000] {processor.py:179} INFO - Processing /home/airflow/.local/lib/python3.8/site-packages/airflow/example_dags/example_xcom.py took 0.056 seconds
[2023-11-16T00:10:00.579+0000] {processor.py:157} INFO - Started process (PID=225) to work on /home/airflow/.local/lib/python3.8/site-packages/airflow/example_dags/example_xcom.py
[2023-11-16T00:10:00.579+0000] {processor.py:829} INFO - Processing file /home/airflow/.local/lib/python3.8/site-packages/airflow/example_dags/example_xcom.py for tasks to queue
[2023-11-16T00:10:00.581+0000] {logging_mixin.py:154} INFO - [2023-11-16T00:10:00.581+0000] {dagbag.py:536} INFO - Filling up the DagBag from /home/airflow/.local/lib/python3.8/site-packages/airflow/example_dags/example_xcom.py
[2023-11-16T00:10:00.585+0000] {processor.py:839} INFO - DAG(s) dict_keys(['example_xcom']) retrieved from /home/airflow/.local/lib/python3.8/site-packages/airflow/example_dags/example_xcom.py
[2023-11-16T00:10:00.600+0000] {logging_mixin.py:154} INFO - [2023-11-16T00:10:00.600+0000] {dag.py:2941} INFO - Sync 1 DAGs
[2023-11-16T00:10:00.614+0000] {logging_mixin.py:154} INFO - [2023-11-16T00:10:00.614+0000] {dag.py:3722} INFO - Setting next_dagrun for example_xcom to 2021-01-01T00:00:00+00:00, run_after=2021-01-01T00:00:00+00:00
[2023-11-16T00:10:00.629+0000] {processor.py:179} INFO - Processing /home/airflow/.local/lib/python3.8/site-packages/airflow/example_dags/example_xcom.py took 0.053 seconds
[2023-11-16T00:10:31.574+0000] {processor.py:157} INFO - Started process (PID=282) to work on /home/airflow/.local/lib/python3.8/site-packages/airflow/example_dags/example_xcom.py
[2023-11-16T00:10:31.575+0000] {processor.py:829} INFO - Processing file /home/airflow/.local/lib/python3.8/site-packages/airflow/example_dags/example_xcom.py for tasks to queue
[2023-11-16T00:10:31.576+0000] {logging_mixin.py:154} INFO - [2023-11-16T00:10:31.576+0000] {dagbag.py:536} INFO - Filling up the DagBag from /home/airflow/.local/lib/python3.8/site-packages/airflow/example_dags/example_xcom.py
[2023-11-16T00:10:31.581+0000] {processor.py:839} INFO - DAG(s) dict_keys(['example_xcom']) retrieved from /home/airflow/.local/lib/python3.8/site-packages/airflow/example_dags/example_xcom.py
[2023-11-16T00:10:31.595+0000] {logging_mixin.py:154} INFO - [2023-11-16T00:10:31.595+0000] {dag.py:2941} INFO - Sync 1 DAGs
[2023-11-16T00:10:31.608+0000] {logging_mixin.py:154} INFO - [2023-11-16T00:10:31.608+0000] {dag.py:3722} INFO - Setting next_dagrun for example_xcom to 2021-01-01T00:00:00+00:00, run_after=2021-01-01T00:00:00+00:00
[2023-11-16T00:10:31.620+0000] {processor.py:179} INFO - Processing /home/airflow/.local/lib/python3.8/site-packages/airflow/example_dags/example_xcom.py took 0.048 seconds
[2023-11-16T00:11:01.699+0000] {processor.py:157} INFO - Started process (PID=339) to work on /home/airflow/.local/lib/python3.8/site-packages/airflow/example_dags/example_xcom.py
[2023-11-16T00:11:01.700+0000] {processor.py:829} INFO - Processing file /home/airflow/.local/lib/python3.8/site-packages/airflow/example_dags/example_xcom.py for tasks to queue
[2023-11-16T00:11:01.701+0000] {logging_mixin.py:154} INFO - [2023-11-16T00:11:01.701+0000] {dagbag.py:536} INFO - Filling up the DagBag from /home/airflow/.local/lib/python3.8/site-packages/airflow/example_dags/example_xcom.py
[2023-11-16T00:11:01.706+0000] {processor.py:839} INFO - DAG(s) dict_keys(['example_xcom']) retrieved from /home/airflow/.local/lib/python3.8/site-packages/airflow/example_dags/example_xcom.py
[2023-11-16T00:11:01.721+0000] {logging_mixin.py:154} INFO - [2023-11-16T00:11:01.721+0000] {dag.py:2941} INFO - Sync 1 DAGs
[2023-11-16T00:11:01.736+0000] {logging_mixin.py:154} INFO - [2023-11-16T00:11:01.736+0000] {dag.py:3722} INFO - Setting next_dagrun for example_xcom to 2021-01-01T00:00:00+00:00, run_after=2021-01-01T00:00:00+00:00
[2023-11-16T00:11:01.748+0000] {processor.py:179} INFO - Processing /home/airflow/.local/lib/python3.8/site-packages/airflow/example_dags/example_xcom.py took 0.051 seconds
[2023-11-16T00:11:31.821+0000] {processor.py:157} INFO - Started process (PID=396) to work on /home/airflow/.local/lib/python3.8/site-packages/airflow/example_dags/example_xcom.py
[2023-11-16T00:11:31.822+0000] {processor.py:829} INFO - Processing file /home/airflow/.local/lib/python3.8/site-packages/airflow/example_dags/example_xcom.py for tasks to queue
[2023-11-16T00:11:31.824+0000] {logging_mixin.py:154} INFO - [2023-11-16T00:11:31.823+0000] {dagbag.py:536} INFO - Filling up the DagBag from /home/airflow/.local/lib/python3.8/site-packages/airflow/example_dags/example_xcom.py
[2023-11-16T00:11:31.829+0000] {processor.py:839} INFO - DAG(s) dict_keys(['example_xcom']) retrieved from /home/airflow/.local/lib/python3.8/site-packages/airflow/example_dags/example_xcom.py
[2023-11-16T00:11:31.842+0000] {logging_mixin.py:154} INFO - [2023-11-16T00:11:31.842+0000] {dag.py:2941} INFO - Sync 1 DAGs
[2023-11-16T00:11:31.857+0000] {logging_mixin.py:154} INFO - [2023-11-16T00:11:31.857+0000] {dag.py:3722} INFO - Setting next_dagrun for example_xcom to 2021-01-01T00:00:00+00:00, run_after=2021-01-01T00:00:00+00:00
[2023-11-16T00:11:31.869+0000] {processor.py:179} INFO - Processing /home/airflow/.local/lib/python3.8/site-packages/airflow/example_dags/example_xcom.py took 0.051 seconds
[2023-11-16T00:12:01.983+0000] {processor.py:157} INFO - Started process (PID=453) to work on /home/airflow/.local/lib/python3.8/site-packages/airflow/example_dags/example_xcom.py
[2023-11-16T00:12:01.984+0000] {processor.py:829} INFO - Processing file /home/airflow/.local/lib/python3.8/site-packages/airflow/example_dags/example_xcom.py for tasks to queue
[2023-11-16T00:12:01.986+0000] {logging_mixin.py:154} INFO - [2023-11-16T00:12:01.985+0000] {dagbag.py:536} INFO - Filling up the DagBag from /home/airflow/.local/lib/python3.8/site-packages/airflow/example_dags/example_xcom.py
[2023-11-16T00:12:01.991+0000] {processor.py:839} INFO - DAG(s) dict_keys(['example_xcom']) retrieved from /home/airflow/.local/lib/python3.8/site-packages/airflow/example_dags/example_xcom.py
[2023-11-16T00:12:02.007+0000] {logging_mixin.py:154} INFO - [2023-11-16T00:12:02.007+0000] {dag.py:2941} INFO - Sync 1 DAGs
[2023-11-16T00:12:02.020+0000] {logging_mixin.py:154} INFO - [2023-11-16T00:12:02.020+0000] {dag.py:3722} INFO - Setting next_dagrun for example_xcom to 2021-01-01T00:00:00+00:00, run_after=2021-01-01T00:00:00+00:00
[2023-11-16T00:12:02.035+0000] {processor.py:179} INFO - Processing /home/airflow/.local/lib/python3.8/site-packages/airflow/example_dags/example_xcom.py took 0.054 seconds
[2023-11-16T00:12:32.115+0000] {processor.py:157} INFO - Started process (PID=511) to work on /home/airflow/.local/lib/python3.8/site-packages/airflow/example_dags/example_xcom.py
[2023-11-16T00:12:32.115+0000] {processor.py:829} INFO - Processing file /home/airflow/.local/lib/python3.8/site-packages/airflow/example_dags/example_xcom.py for tasks to queue
[2023-11-16T00:12:32.117+0000] {logging_mixin.py:154} INFO - [2023-11-16T00:12:32.117+0000] {dagbag.py:536} INFO - Filling up the DagBag from /home/airflow/.local/lib/python3.8/site-packages/airflow/example_dags/example_xcom.py
[2023-11-16T00:12:32.122+0000] {processor.py:839} INFO - DAG(s) dict_keys(['example_xcom']) retrieved from /home/airflow/.local/lib/python3.8/site-packages/airflow/example_dags/example_xcom.py
[2023-11-16T00:12:32.135+0000] {logging_mixin.py:154} INFO - [2023-11-16T00:12:32.135+0000] {dag.py:2941} INFO - Sync 1 DAGs
[2023-11-16T00:12:32.150+0000] {logging_mixin.py:154} INFO - [2023-11-16T00:12:32.150+0000] {dag.py:3722} INFO - Setting next_dagrun for example_xcom to 2021-01-01T00:00:00+00:00, run_after=2021-01-01T00:00:00+00:00
[2023-11-16T00:12:32.162+0000] {processor.py:179} INFO - Processing /home/airflow/.local/lib/python3.8/site-packages/airflow/example_dags/example_xcom.py took 0.049 seconds
[2023-11-16T00:13:02.302+0000] {processor.py:157} INFO - Started process (PID=568) to work on /home/airflow/.local/lib/python3.8/site-packages/airflow/example_dags/example_xcom.py
[2023-11-16T00:13:02.303+0000] {processor.py:829} INFO - Processing file /home/airflow/.local/lib/python3.8/site-packages/airflow/example_dags/example_xcom.py for tasks to queue
[2023-11-16T00:13:02.304+0000] {logging_mixin.py:154} INFO - [2023-11-16T00:13:02.304+0000] {dagbag.py:536} INFO - Filling up the DagBag from /home/airflow/.local/lib/python3.8/site-packages/airflow/example_dags/example_xcom.py
[2023-11-16T00:13:02.309+0000] {processor.py:839} INFO - DAG(s) dict_keys(['example_xcom']) retrieved from /home/airflow/.local/lib/python3.8/site-packages/airflow/example_dags/example_xcom.py
[2023-11-16T00:13:02.324+0000] {logging_mixin.py:154} INFO - [2023-11-16T00:13:02.324+0000] {dag.py:2941} INFO - Sync 1 DAGs
[2023-11-16T00:13:02.339+0000] {logging_mixin.py:154} INFO - [2023-11-16T00:13:02.339+0000] {dag.py:3722} INFO - Setting next_dagrun for example_xcom to 2021-01-01T00:00:00+00:00, run_after=2021-01-01T00:00:00+00:00
[2023-11-16T00:13:02.352+0000] {processor.py:179} INFO - Processing /home/airflow/.local/lib/python3.8/site-packages/airflow/example_dags/example_xcom.py took 0.052 seconds
[2023-11-16T00:13:32.472+0000] {processor.py:157} INFO - Started process (PID=625) to work on /home/airflow/.local/lib/python3.8/site-packages/airflow/example_dags/example_xcom.py
[2023-11-16T00:13:32.473+0000] {processor.py:829} INFO - Processing file /home/airflow/.local/lib/python3.8/site-packages/airflow/example_dags/example_xcom.py for tasks to queue
[2023-11-16T00:13:32.474+0000] {logging_mixin.py:154} INFO - [2023-11-16T00:13:32.474+0000] {dagbag.py:536} INFO - Filling up the DagBag from /home/airflow/.local/lib/python3.8/site-packages/airflow/example_dags/example_xcom.py
[2023-11-16T00:13:32.480+0000] {processor.py:839} INFO - DAG(s) dict_keys(['example_xcom']) retrieved from /home/airflow/.local/lib/python3.8/site-packages/airflow/example_dags/example_xcom.py
[2023-11-16T00:13:32.494+0000] {logging_mixin.py:154} INFO - [2023-11-16T00:13:32.494+0000] {dag.py:2941} INFO - Sync 1 DAGs
[2023-11-16T00:13:32.510+0000] {logging_mixin.py:154} INFO - [2023-11-16T00:13:32.509+0000] {dag.py:3722} INFO - Setting next_dagrun for example_xcom to 2021-01-01T00:00:00+00:00, run_after=2021-01-01T00:00:00+00:00
[2023-11-16T00:13:32.522+0000] {processor.py:179} INFO - Processing /home/airflow/.local/lib/python3.8/site-packages/airflow/example_dags/example_xcom.py took 0.052 seconds
[2023-11-16T00:14:02.597+0000] {processor.py:157} INFO - Started process (PID=682) to work on /home/airflow/.local/lib/python3.8/site-packages/airflow/example_dags/example_xcom.py
[2023-11-16T00:14:02.598+0000] {processor.py:829} INFO - Processing file /home/airflow/.local/lib/python3.8/site-packages/airflow/example_dags/example_xcom.py for tasks to queue
[2023-11-16T00:14:02.599+0000] {logging_mixin.py:154} INFO - [2023-11-16T00:14:02.599+0000] {dagbag.py:536} INFO - Filling up the DagBag from /home/airflow/.local/lib/python3.8/site-packages/airflow/example_dags/example_xcom.py
[2023-11-16T00:14:02.604+0000] {processor.py:839} INFO - DAG(s) dict_keys(['example_xcom']) retrieved from /home/airflow/.local/lib/python3.8/site-packages/airflow/example_dags/example_xcom.py
[2023-11-16T00:14:02.618+0000] {logging_mixin.py:154} INFO - [2023-11-16T00:14:02.618+0000] {dag.py:2941} INFO - Sync 1 DAGs
[2023-11-16T00:14:02.631+0000] {logging_mixin.py:154} INFO - [2023-11-16T00:14:02.631+0000] {dag.py:3722} INFO - Setting next_dagrun for example_xcom to 2021-01-01T00:00:00+00:00, run_after=2021-01-01T00:00:00+00:00
[2023-11-16T00:14:02.642+0000] {processor.py:179} INFO - Processing /home/airflow/.local/lib/python3.8/site-packages/airflow/example_dags/example_xcom.py took 0.047 seconds
[2023-11-16T00:14:32.754+0000] {processor.py:157} INFO - Started process (PID=739) to work on /home/airflow/.local/lib/python3.8/site-packages/airflow/example_dags/example_xcom.py
[2023-11-16T00:14:32.755+0000] {processor.py:829} INFO - Processing file /home/airflow/.local/lib/python3.8/site-packages/airflow/example_dags/example_xcom.py for tasks to queue
[2023-11-16T00:14:32.756+0000] {logging_mixin.py:154} INFO - [2023-11-16T00:14:32.756+0000] {dagbag.py:536} INFO - Filling up the DagBag from /home/airflow/.local/lib/python3.8/site-packages/airflow/example_dags/example_xcom.py
[2023-11-16T00:14:32.761+0000] {processor.py:839} INFO - DAG(s) dict_keys(['example_xcom']) retrieved from /home/airflow/.local/lib/python3.8/site-packages/airflow/example_dags/example_xcom.py
[2023-11-16T00:14:32.774+0000] {logging_mixin.py:154} INFO - [2023-11-16T00:14:32.774+0000] {dag.py:2941} INFO - Sync 1 DAGs
[2023-11-16T00:14:32.786+0000] {logging_mixin.py:154} INFO - [2023-11-16T00:14:32.786+0000] {dag.py:3722} INFO - Setting next_dagrun for example_xcom to 2021-01-01T00:00:00+00:00, run_after=2021-01-01T00:00:00+00:00
[2023-11-16T00:14:32.799+0000] {processor.py:179} INFO - Processing /home/airflow/.local/lib/python3.8/site-packages/airflow/example_dags/example_xcom.py took 0.047 seconds
[2023-11-16T00:15:03.099+0000] {processor.py:157} INFO - Started process (PID=796) to work on /home/airflow/.local/lib/python3.8/site-packages/airflow/example_dags/example_xcom.py
[2023-11-16T00:15:03.100+0000] {processor.py:829} INFO - Processing file /home/airflow/.local/lib/python3.8/site-packages/airflow/example_dags/example_xcom.py for tasks to queue
[2023-11-16T00:15:03.102+0000] {logging_mixin.py:154} INFO - [2023-11-16T00:15:03.101+0000] {dagbag.py:536} INFO - Filling up the DagBag from /home/airflow/.local/lib/python3.8/site-packages/airflow/example_dags/example_xcom.py
[2023-11-16T00:15:03.107+0000] {processor.py:839} INFO - DAG(s) dict_keys(['example_xcom']) retrieved from /home/airflow/.local/lib/python3.8/site-packages/airflow/example_dags/example_xcom.py
[2023-11-16T00:15:03.120+0000] {logging_mixin.py:154} INFO - [2023-11-16T00:15:03.120+0000] {dag.py:2941} INFO - Sync 1 DAGs
[2023-11-16T00:15:03.134+0000] {logging_mixin.py:154} INFO - [2023-11-16T00:15:03.134+0000] {dag.py:3722} INFO - Setting next_dagrun for example_xcom to 2021-01-01T00:00:00+00:00, run_after=2021-01-01T00:00:00+00:00
[2023-11-16T00:15:03.147+0000] {processor.py:179} INFO - Processing /home/airflow/.local/lib/python3.8/site-packages/airflow/example_dags/example_xcom.py took 0.049 seconds
[2023-11-16T00:15:33.226+0000] {processor.py:157} INFO - Started process (PID=853) to work on /home/airflow/.local/lib/python3.8/site-packages/airflow/example_dags/example_xcom.py
[2023-11-16T00:15:33.227+0000] {processor.py:829} INFO - Processing file /home/airflow/.local/lib/python3.8/site-packages/airflow/example_dags/example_xcom.py for tasks to queue
[2023-11-16T00:15:33.228+0000] {logging_mixin.py:154} INFO - [2023-11-16T00:15:33.228+0000] {dagbag.py:536} INFO - Filling up the DagBag from /home/airflow/.local/lib/python3.8/site-packages/airflow/example_dags/example_xcom.py
[2023-11-16T00:15:33.233+0000] {processor.py:839} INFO - DAG(s) dict_keys(['example_xcom']) retrieved from /home/airflow/.local/lib/python3.8/site-packages/airflow/example_dags/example_xcom.py
[2023-11-16T00:15:33.247+0000] {logging_mixin.py:154} INFO - [2023-11-16T00:15:33.247+0000] {dag.py:2941} INFO - Sync 1 DAGs
[2023-11-16T00:15:33.262+0000] {logging_mixin.py:154} INFO - [2023-11-16T00:15:33.262+0000] {dag.py:3722} INFO - Setting next_dagrun for example_xcom to 2021-01-01T00:00:00+00:00, run_after=2021-01-01T00:00:00+00:00
[2023-11-16T00:15:33.274+0000] {processor.py:179} INFO - Processing /home/airflow/.local/lib/python3.8/site-packages/airflow/example_dags/example_xcom.py took 0.050 seconds
[2023-11-16T00:16:03.341+0000] {processor.py:157} INFO - Started process (PID=911) to work on /home/airflow/.local/lib/python3.8/site-packages/airflow/example_dags/example_xcom.py
[2023-11-16T00:16:03.342+0000] {processor.py:829} INFO - Processing file /home/airflow/.local/lib/python3.8/site-packages/airflow/example_dags/example_xcom.py for tasks to queue
[2023-11-16T00:16:03.344+0000] {logging_mixin.py:154} INFO - [2023-11-16T00:16:03.343+0000] {dagbag.py:536} INFO - Filling up the DagBag from /home/airflow/.local/lib/python3.8/site-packages/airflow/example_dags/example_xcom.py
[2023-11-16T00:16:03.348+0000] {processor.py:839} INFO - DAG(s) dict_keys(['example_xcom']) retrieved from /home/airflow/.local/lib/python3.8/site-packages/airflow/example_dags/example_xcom.py
[2023-11-16T00:16:03.363+0000] {logging_mixin.py:154} INFO - [2023-11-16T00:16:03.363+0000] {dag.py:2941} INFO - Sync 1 DAGs
[2023-11-16T00:16:03.378+0000] {logging_mixin.py:154} INFO - [2023-11-16T00:16:03.378+0000] {dag.py:3722} INFO - Setting next_dagrun for example_xcom to 2021-01-01T00:00:00+00:00, run_after=2021-01-01T00:00:00+00:00
[2023-11-16T00:16:03.391+0000] {processor.py:179} INFO - Processing /home/airflow/.local/lib/python3.8/site-packages/airflow/example_dags/example_xcom.py took 0.052 seconds
[2023-11-16T00:16:33.567+0000] {processor.py:157} INFO - Started process (PID=967) to work on /home/airflow/.local/lib/python3.8/site-packages/airflow/example_dags/example_xcom.py
[2023-11-16T00:16:33.568+0000] {processor.py:829} INFO - Processing file /home/airflow/.local/lib/python3.8/site-packages/airflow/example_dags/example_xcom.py for tasks to queue
[2023-11-16T00:16:33.570+0000] {logging_mixin.py:154} INFO - [2023-11-16T00:16:33.570+0000] {dagbag.py:536} INFO - Filling up the DagBag from /home/airflow/.local/lib/python3.8/site-packages/airflow/example_dags/example_xcom.py
[2023-11-16T00:16:33.575+0000] {processor.py:839} INFO - DAG(s) dict_keys(['example_xcom']) retrieved from /home/airflow/.local/lib/python3.8/site-packages/airflow/example_dags/example_xcom.py
[2023-11-16T00:16:33.589+0000] {logging_mixin.py:154} INFO - [2023-11-16T00:16:33.589+0000] {dag.py:2941} INFO - Sync 1 DAGs
[2023-11-16T00:16:33.604+0000] {logging_mixin.py:154} INFO - [2023-11-16T00:16:33.603+0000] {dag.py:3722} INFO - Setting next_dagrun for example_xcom to 2021-01-01T00:00:00+00:00, run_after=2021-01-01T00:00:00+00:00
[2023-11-16T00:16:33.615+0000] {processor.py:179} INFO - Processing /home/airflow/.local/lib/python3.8/site-packages/airflow/example_dags/example_xcom.py took 0.050 seconds
[2023-11-16T00:17:03.752+0000] {processor.py:157} INFO - Started process (PID=1024) to work on /home/airflow/.local/lib/python3.8/site-packages/airflow/example_dags/example_xcom.py
[2023-11-16T00:17:03.753+0000] {processor.py:829} INFO - Processing file /home/airflow/.local/lib/python3.8/site-packages/airflow/example_dags/example_xcom.py for tasks to queue
[2023-11-16T00:17:03.755+0000] {logging_mixin.py:154} INFO - [2023-11-16T00:17:03.754+0000] {dagbag.py:536} INFO - Filling up the DagBag from /home/airflow/.local/lib/python3.8/site-packages/airflow/example_dags/example_xcom.py
[2023-11-16T00:17:03.759+0000] {processor.py:839} INFO - DAG(s) dict_keys(['example_xcom']) retrieved from /home/airflow/.local/lib/python3.8/site-packages/airflow/example_dags/example_xcom.py
[2023-11-16T00:17:03.774+0000] {logging_mixin.py:154} INFO - [2023-11-16T00:17:03.773+0000] {dag.py:2941} INFO - Sync 1 DAGs
[2023-11-16T00:17:03.787+0000] {logging_mixin.py:154} INFO - [2023-11-16T00:17:03.787+0000] {dag.py:3722} INFO - Setting next_dagrun for example_xcom to 2021-01-01T00:00:00+00:00, run_after=2021-01-01T00:00:00+00:00
[2023-11-16T00:17:03.799+0000] {processor.py:179} INFO - Processing /home/airflow/.local/lib/python3.8/site-packages/airflow/example_dags/example_xcom.py took 0.049 seconds
[2023-11-16T00:17:33.970+0000] {processor.py:157} INFO - Started process (PID=1081) to work on /home/airflow/.local/lib/python3.8/site-packages/airflow/example_dags/example_xcom.py
[2023-11-16T00:17:33.971+0000] {processor.py:829} INFO - Processing file /home/airflow/.local/lib/python3.8/site-packages/airflow/example_dags/example_xcom.py for tasks to queue
[2023-11-16T00:17:33.972+0000] {logging_mixin.py:154} INFO - [2023-11-16T00:17:33.972+0000] {dagbag.py:536} INFO - Filling up the DagBag from /home/airflow/.local/lib/python3.8/site-packages/airflow/example_dags/example_xcom.py
[2023-11-16T00:17:33.977+0000] {processor.py:839} INFO - DAG(s) dict_keys(['example_xcom']) retrieved from /home/airflow/.local/lib/python3.8/site-packages/airflow/example_dags/example_xcom.py
[2023-11-16T00:17:33.992+0000] {logging_mixin.py:154} INFO - [2023-11-16T00:17:33.992+0000] {dag.py:2941} INFO - Sync 1 DAGs
[2023-11-16T00:17:34.010+0000] {logging_mixin.py:154} INFO - [2023-11-16T00:17:34.009+0000] {dag.py:3722} INFO - Setting next_dagrun for example_xcom to 2021-01-01T00:00:00+00:00, run_after=2021-01-01T00:00:00+00:00
[2023-11-16T00:17:34.025+0000] {processor.py:179} INFO - Processing /home/airflow/.local/lib/python3.8/site-packages/airflow/example_dags/example_xcom.py took 0.057 seconds
[2023-11-16T00:18:04.269+0000] {processor.py:157} INFO - Started process (PID=1138) to work on /home/airflow/.local/lib/python3.8/site-packages/airflow/example_dags/example_xcom.py
[2023-11-16T00:18:04.270+0000] {processor.py:829} INFO - Processing file /home/airflow/.local/lib/python3.8/site-packages/airflow/example_dags/example_xcom.py for tasks to queue
[2023-11-16T00:18:04.272+0000] {logging_mixin.py:154} INFO - [2023-11-16T00:18:04.271+0000] {dagbag.py:536} INFO - Filling up the DagBag from /home/airflow/.local/lib/python3.8/site-packages/airflow/example_dags/example_xcom.py
[2023-11-16T00:18:04.277+0000] {processor.py:839} INFO - DAG(s) dict_keys(['example_xcom']) retrieved from /home/airflow/.local/lib/python3.8/site-packages/airflow/example_dags/example_xcom.py
[2023-11-16T00:18:04.291+0000] {logging_mixin.py:154} INFO - [2023-11-16T00:18:04.291+0000] {dag.py:2941} INFO - Sync 1 DAGs
[2023-11-16T00:18:04.304+0000] {logging_mixin.py:154} INFO - [2023-11-16T00:18:04.304+0000] {dag.py:3722} INFO - Setting next_dagrun for example_xcom to 2021-01-01T00:00:00+00:00, run_after=2021-01-01T00:00:00+00:00
[2023-11-16T00:18:04.315+0000] {processor.py:179} INFO - Processing /home/airflow/.local/lib/python3.8/site-packages/airflow/example_dags/example_xcom.py took 0.048 seconds
[2023-11-16T00:18:34.934+0000] {processor.py:157} INFO - Started process (PID=1195) to work on /home/airflow/.local/lib/python3.8/site-packages/airflow/example_dags/example_xcom.py
[2023-11-16T00:18:34.935+0000] {processor.py:829} INFO - Processing file /home/airflow/.local/lib/python3.8/site-packages/airflow/example_dags/example_xcom.py for tasks to queue
[2023-11-16T00:18:34.937+0000] {logging_mixin.py:154} INFO - [2023-11-16T00:18:34.937+0000] {dagbag.py:536} INFO - Filling up the DagBag from /home/airflow/.local/lib/python3.8/site-packages/airflow/example_dags/example_xcom.py
[2023-11-16T00:18:34.942+0000] {processor.py:839} INFO - DAG(s) dict_keys(['example_xcom']) retrieved from /home/airflow/.local/lib/python3.8/site-packages/airflow/example_dags/example_xcom.py
[2023-11-16T00:18:34.955+0000] {logging_mixin.py:154} INFO - [2023-11-16T00:18:34.955+0000] {dag.py:2941} INFO - Sync 1 DAGs
[2023-11-16T00:18:34.969+0000] {logging_mixin.py:154} INFO - [2023-11-16T00:18:34.969+0000] {dag.py:3722} INFO - Setting next_dagrun for example_xcom to 2021-01-01T00:00:00+00:00, run_after=2021-01-01T00:00:00+00:00
[2023-11-16T00:18:34.981+0000] {processor.py:179} INFO - Processing /home/airflow/.local/lib/python3.8/site-packages/airflow/example_dags/example_xcom.py took 0.049 seconds
[2023-11-16T00:19:05.161+0000] {processor.py:157} INFO - Started process (PID=1252) to work on /home/airflow/.local/lib/python3.8/site-packages/airflow/example_dags/example_xcom.py
[2023-11-16T00:19:05.162+0000] {processor.py:829} INFO - Processing file /home/airflow/.local/lib/python3.8/site-packages/airflow/example_dags/example_xcom.py for tasks to queue
[2023-11-16T00:19:05.164+0000] {logging_mixin.py:154} INFO - [2023-11-16T00:19:05.164+0000] {dagbag.py:536} INFO - Filling up the DagBag from /home/airflow/.local/lib/python3.8/site-packages/airflow/example_dags/example_xcom.py
[2023-11-16T00:19:05.169+0000] {processor.py:839} INFO - DAG(s) dict_keys(['example_xcom']) retrieved from /home/airflow/.local/lib/python3.8/site-packages/airflow/example_dags/example_xcom.py
[2023-11-16T00:19:05.184+0000] {logging_mixin.py:154} INFO - [2023-11-16T00:19:05.184+0000] {dag.py:2941} INFO - Sync 1 DAGs
[2023-11-16T00:19:05.293+0000] {logging_mixin.py:154} INFO - [2023-11-16T00:19:05.293+0000] {dag.py:3722} INFO - Setting next_dagrun for example_xcom to 2021-01-01T00:00:00+00:00, run_after=2021-01-01T00:00:00+00:00
[2023-11-16T00:19:05.304+0000] {processor.py:179} INFO - Processing /home/airflow/.local/lib/python3.8/site-packages/airflow/example_dags/example_xcom.py took 0.145 seconds
[2023-11-16T00:19:35.455+0000] {processor.py:157} INFO - Started process (PID=1310) to work on /home/airflow/.local/lib/python3.8/site-packages/airflow/example_dags/example_xcom.py
[2023-11-16T00:19:35.456+0000] {processor.py:829} INFO - Processing file /home/airflow/.local/lib/python3.8/site-packages/airflow/example_dags/example_xcom.py for tasks to queue
[2023-11-16T00:19:35.457+0000] {logging_mixin.py:154} INFO - [2023-11-16T00:19:35.457+0000] {dagbag.py:536} INFO - Filling up the DagBag from /home/airflow/.local/lib/python3.8/site-packages/airflow/example_dags/example_xcom.py
[2023-11-16T00:19:35.462+0000] {processor.py:839} INFO - DAG(s) dict_keys(['example_xcom']) retrieved from /home/airflow/.local/lib/python3.8/site-packages/airflow/example_dags/example_xcom.py
[2023-11-16T00:19:35.477+0000] {logging_mixin.py:154} INFO - [2023-11-16T00:19:35.476+0000] {dag.py:2941} INFO - Sync 1 DAGs
[2023-11-16T00:19:35.491+0000] {logging_mixin.py:154} INFO - [2023-11-16T00:19:35.491+0000] {dag.py:3722} INFO - Setting next_dagrun for example_xcom to 2021-01-01T00:00:00+00:00, run_after=2021-01-01T00:00:00+00:00
[2023-11-16T00:19:35.503+0000] {processor.py:179} INFO - Processing /home/airflow/.local/lib/python3.8/site-packages/airflow/example_dags/example_xcom.py took 0.051 seconds
[2023-11-16T00:20:05.682+0000] {processor.py:157} INFO - Started process (PID=1367) to work on /home/airflow/.local/lib/python3.8/site-packages/airflow/example_dags/example_xcom.py
[2023-11-16T00:20:05.683+0000] {processor.py:829} INFO - Processing file /home/airflow/.local/lib/python3.8/site-packages/airflow/example_dags/example_xcom.py for tasks to queue
[2023-11-16T00:20:05.685+0000] {logging_mixin.py:154} INFO - [2023-11-16T00:20:05.685+0000] {dagbag.py:536} INFO - Filling up the DagBag from /home/airflow/.local/lib/python3.8/site-packages/airflow/example_dags/example_xcom.py
[2023-11-16T00:20:05.690+0000] {processor.py:839} INFO - DAG(s) dict_keys(['example_xcom']) retrieved from /home/airflow/.local/lib/python3.8/site-packages/airflow/example_dags/example_xcom.py
[2023-11-16T00:20:05.706+0000] {logging_mixin.py:154} INFO - [2023-11-16T00:20:05.705+0000] {dag.py:2941} INFO - Sync 1 DAGs
[2023-11-16T00:20:05.719+0000] {logging_mixin.py:154} INFO - [2023-11-16T00:20:05.719+0000] {dag.py:3722} INFO - Setting next_dagrun for example_xcom to 2021-01-01T00:00:00+00:00, run_after=2021-01-01T00:00:00+00:00
[2023-11-16T00:20:05.731+0000] {processor.py:179} INFO - Processing /home/airflow/.local/lib/python3.8/site-packages/airflow/example_dags/example_xcom.py took 0.051 seconds
[2023-11-16T00:20:36.057+0000] {processor.py:157} INFO - Started process (PID=1424) to work on /home/airflow/.local/lib/python3.8/site-packages/airflow/example_dags/example_xcom.py
[2023-11-16T00:20:36.058+0000] {processor.py:829} INFO - Processing file /home/airflow/.local/lib/python3.8/site-packages/airflow/example_dags/example_xcom.py for tasks to queue
[2023-11-16T00:20:36.060+0000] {logging_mixin.py:154} INFO - [2023-11-16T00:20:36.060+0000] {dagbag.py:536} INFO - Filling up the DagBag from /home/airflow/.local/lib/python3.8/site-packages/airflow/example_dags/example_xcom.py
[2023-11-16T00:20:36.065+0000] {processor.py:839} INFO - DAG(s) dict_keys(['example_xcom']) retrieved from /home/airflow/.local/lib/python3.8/site-packages/airflow/example_dags/example_xcom.py
[2023-11-16T00:20:36.079+0000] {logging_mixin.py:154} INFO - [2023-11-16T00:20:36.079+0000] {dag.py:2941} INFO - Sync 1 DAGs
[2023-11-16T00:20:36.193+0000] {logging_mixin.py:154} INFO - [2023-11-16T00:20:36.192+0000] {dag.py:3722} INFO - Setting next_dagrun for example_xcom to 2021-01-01T00:00:00+00:00, run_after=2021-01-01T00:00:00+00:00
[2023-11-16T00:20:36.205+0000] {processor.py:179} INFO - Processing /home/airflow/.local/lib/python3.8/site-packages/airflow/example_dags/example_xcom.py took 0.149 seconds
[2023-11-16T00:21:06.293+0000] {processor.py:157} INFO - Started process (PID=1481) to work on /home/airflow/.local/lib/python3.8/site-packages/airflow/example_dags/example_xcom.py
[2023-11-16T00:21:06.294+0000] {processor.py:829} INFO - Processing file /home/airflow/.local/lib/python3.8/site-packages/airflow/example_dags/example_xcom.py for tasks to queue
[2023-11-16T00:21:06.296+0000] {logging_mixin.py:154} INFO - [2023-11-16T00:21:06.295+0000] {dagbag.py:536} INFO - Filling up the DagBag from /home/airflow/.local/lib/python3.8/site-packages/airflow/example_dags/example_xcom.py
[2023-11-16T00:21:06.300+0000] {processor.py:839} INFO - DAG(s) dict_keys(['example_xcom']) retrieved from /home/airflow/.local/lib/python3.8/site-packages/airflow/example_dags/example_xcom.py
[2023-11-16T00:21:06.315+0000] {logging_mixin.py:154} INFO - [2023-11-16T00:21:06.314+0000] {dag.py:2941} INFO - Sync 1 DAGs
[2023-11-16T00:21:06.328+0000] {logging_mixin.py:154} INFO - [2023-11-16T00:21:06.328+0000] {dag.py:3722} INFO - Setting next_dagrun for example_xcom to 2021-01-01T00:00:00+00:00, run_after=2021-01-01T00:00:00+00:00
[2023-11-16T00:21:06.436+0000] {processor.py:179} INFO - Processing /home/airflow/.local/lib/python3.8/site-packages/airflow/example_dags/example_xcom.py took 0.146 seconds
[2023-11-16T00:21:36.559+0000] {processor.py:157} INFO - Started process (PID=1538) to work on /home/airflow/.local/lib/python3.8/site-packages/airflow/example_dags/example_xcom.py
[2023-11-16T00:21:36.559+0000] {processor.py:829} INFO - Processing file /home/airflow/.local/lib/python3.8/site-packages/airflow/example_dags/example_xcom.py for tasks to queue
[2023-11-16T00:21:36.561+0000] {logging_mixin.py:154} INFO - [2023-11-16T00:21:36.560+0000] {dagbag.py:536} INFO - Filling up the DagBag from /home/airflow/.local/lib/python3.8/site-packages/airflow/example_dags/example_xcom.py
[2023-11-16T00:21:36.566+0000] {processor.py:839} INFO - DAG(s) dict_keys(['example_xcom']) retrieved from /home/airflow/.local/lib/python3.8/site-packages/airflow/example_dags/example_xcom.py
[2023-11-16T00:21:36.579+0000] {logging_mixin.py:154} INFO - [2023-11-16T00:21:36.579+0000] {dag.py:2941} INFO - Sync 1 DAGs
[2023-11-16T00:21:36.592+0000] {logging_mixin.py:154} INFO - [2023-11-16T00:21:36.592+0000] {dag.py:3722} INFO - Setting next_dagrun for example_xcom to 2021-01-01T00:00:00+00:00, run_after=2021-01-01T00:00:00+00:00
[2023-11-16T00:21:36.603+0000] {processor.py:179} INFO - Processing /home/airflow/.local/lib/python3.8/site-packages/airflow/example_dags/example_xcom.py took 0.046 seconds
[2023-11-16T00:22:07.157+0000] {processor.py:157} INFO - Started process (PID=1595) to work on /home/airflow/.local/lib/python3.8/site-packages/airflow/example_dags/example_xcom.py
[2023-11-16T00:22:07.157+0000] {processor.py:829} INFO - Processing file /home/airflow/.local/lib/python3.8/site-packages/airflow/example_dags/example_xcom.py for tasks to queue
[2023-11-16T00:22:07.159+0000] {logging_mixin.py:154} INFO - [2023-11-16T00:22:07.159+0000] {dagbag.py:536} INFO - Filling up the DagBag from /home/airflow/.local/lib/python3.8/site-packages/airflow/example_dags/example_xcom.py
[2023-11-16T00:22:07.164+0000] {processor.py:839} INFO - DAG(s) dict_keys(['example_xcom']) retrieved from /home/airflow/.local/lib/python3.8/site-packages/airflow/example_dags/example_xcom.py
[2023-11-16T00:22:07.178+0000] {logging_mixin.py:154} INFO - [2023-11-16T00:22:07.178+0000] {dag.py:2941} INFO - Sync 1 DAGs
[2023-11-16T00:22:07.191+0000] {logging_mixin.py:154} INFO - [2023-11-16T00:22:07.191+0000] {dag.py:3722} INFO - Setting next_dagrun for example_xcom to 2021-01-01T00:00:00+00:00, run_after=2021-01-01T00:00:00+00:00
[2023-11-16T00:22:07.204+0000] {processor.py:179} INFO - Processing /home/airflow/.local/lib/python3.8/site-packages/airflow/example_dags/example_xcom.py took 0.049 seconds
[2023-11-16T00:22:37.543+0000] {processor.py:157} INFO - Started process (PID=1652) to work on /home/airflow/.local/lib/python3.8/site-packages/airflow/example_dags/example_xcom.py
[2023-11-16T00:22:37.544+0000] {processor.py:829} INFO - Processing file /home/airflow/.local/lib/python3.8/site-packages/airflow/example_dags/example_xcom.py for tasks to queue
[2023-11-16T00:22:37.546+0000] {logging_mixin.py:154} INFO - [2023-11-16T00:22:37.545+0000] {dagbag.py:536} INFO - Filling up the DagBag from /home/airflow/.local/lib/python3.8/site-packages/airflow/example_dags/example_xcom.py
[2023-11-16T00:22:37.551+0000] {processor.py:839} INFO - DAG(s) dict_keys(['example_xcom']) retrieved from /home/airflow/.local/lib/python3.8/site-packages/airflow/example_dags/example_xcom.py
[2023-11-16T00:22:37.566+0000] {logging_mixin.py:154} INFO - [2023-11-16T00:22:37.566+0000] {dag.py:2941} INFO - Sync 1 DAGs
[2023-11-16T00:22:37.678+0000] {logging_mixin.py:154} INFO - [2023-11-16T00:22:37.678+0000] {dag.py:3722} INFO - Setting next_dagrun for example_xcom to 2021-01-01T00:00:00+00:00, run_after=2021-01-01T00:00:00+00:00
[2023-11-16T00:22:37.690+0000] {processor.py:179} INFO - Processing /home/airflow/.local/lib/python3.8/site-packages/airflow/example_dags/example_xcom.py took 0.149 seconds
[2023-11-16T00:23:08.107+0000] {processor.py:157} INFO - Started process (PID=1709) to work on /home/airflow/.local/lib/python3.8/site-packages/airflow/example_dags/example_xcom.py
[2023-11-16T00:23:08.108+0000] {processor.py:829} INFO - Processing file /home/airflow/.local/lib/python3.8/site-packages/airflow/example_dags/example_xcom.py for tasks to queue
[2023-11-16T00:23:08.110+0000] {logging_mixin.py:154} INFO - [2023-11-16T00:23:08.109+0000] {dagbag.py:536} INFO - Filling up the DagBag from /home/airflow/.local/lib/python3.8/site-packages/airflow/example_dags/example_xcom.py
[2023-11-16T00:23:08.115+0000] {processor.py:839} INFO - DAG(s) dict_keys(['example_xcom']) retrieved from /home/airflow/.local/lib/python3.8/site-packages/airflow/example_dags/example_xcom.py
[2023-11-16T00:23:08.130+0000] {logging_mixin.py:154} INFO - [2023-11-16T00:23:08.130+0000] {dag.py:2941} INFO - Sync 1 DAGs
[2023-11-16T00:23:08.145+0000] {logging_mixin.py:154} INFO - [2023-11-16T00:23:08.144+0000] {dag.py:3722} INFO - Setting next_dagrun for example_xcom to 2021-01-01T00:00:00+00:00, run_after=2021-01-01T00:00:00+00:00
[2023-11-16T00:23:08.252+0000] {processor.py:179} INFO - Processing /home/airflow/.local/lib/python3.8/site-packages/airflow/example_dags/example_xcom.py took 0.147 seconds
[2023-11-16T00:23:38.321+0000] {processor.py:157} INFO - Started process (PID=1766) to work on /home/airflow/.local/lib/python3.8/site-packages/airflow/example_dags/example_xcom.py
[2023-11-16T00:23:38.322+0000] {processor.py:829} INFO - Processing file /home/airflow/.local/lib/python3.8/site-packages/airflow/example_dags/example_xcom.py for tasks to queue
[2023-11-16T00:23:38.323+0000] {logging_mixin.py:154} INFO - [2023-11-16T00:23:38.323+0000] {dagbag.py:536} INFO - Filling up the DagBag from /home/airflow/.local/lib/python3.8/site-packages/airflow/example_dags/example_xcom.py
[2023-11-16T00:23:38.328+0000] {processor.py:839} INFO - DAG(s) dict_keys(['example_xcom']) retrieved from /home/airflow/.local/lib/python3.8/site-packages/airflow/example_dags/example_xcom.py
[2023-11-16T00:23:38.341+0000] {logging_mixin.py:154} INFO - [2023-11-16T00:23:38.341+0000] {dag.py:2941} INFO - Sync 1 DAGs
[2023-11-16T00:23:38.354+0000] {logging_mixin.py:154} INFO - [2023-11-16T00:23:38.354+0000] {dag.py:3722} INFO - Setting next_dagrun for example_xcom to 2021-01-01T00:00:00+00:00, run_after=2021-01-01T00:00:00+00:00
[2023-11-16T00:23:38.364+0000] {processor.py:179} INFO - Processing /home/airflow/.local/lib/python3.8/site-packages/airflow/example_dags/example_xcom.py took 0.045 seconds
[2023-11-16T00:24:09.282+0000] {processor.py:157} INFO - Started process (PID=1823) to work on /home/airflow/.local/lib/python3.8/site-packages/airflow/example_dags/example_xcom.py
[2023-11-16T00:24:09.283+0000] {processor.py:829} INFO - Processing file /home/airflow/.local/lib/python3.8/site-packages/airflow/example_dags/example_xcom.py for tasks to queue
[2023-11-16T00:24:09.284+0000] {logging_mixin.py:154} INFO - [2023-11-16T00:24:09.284+0000] {dagbag.py:536} INFO - Filling up the DagBag from /home/airflow/.local/lib/python3.8/site-packages/airflow/example_dags/example_xcom.py
[2023-11-16T00:24:09.289+0000] {processor.py:839} INFO - DAG(s) dict_keys(['example_xcom']) retrieved from /home/airflow/.local/lib/python3.8/site-packages/airflow/example_dags/example_xcom.py
[2023-11-16T00:24:09.400+0000] {logging_mixin.py:154} INFO - [2023-11-16T00:24:09.400+0000] {dag.py:2941} INFO - Sync 1 DAGs
[2023-11-16T00:24:09.412+0000] {logging_mixin.py:154} INFO - [2023-11-16T00:24:09.412+0000] {dag.py:3722} INFO - Setting next_dagrun for example_xcom to 2021-01-01T00:00:00+00:00, run_after=2021-01-01T00:00:00+00:00
[2023-11-16T00:24:09.424+0000] {processor.py:179} INFO - Processing /home/airflow/.local/lib/python3.8/site-packages/airflow/example_dags/example_xcom.py took 0.144 seconds
[2023-11-16T00:24:39.948+0000] {processor.py:157} INFO - Started process (PID=1880) to work on /home/airflow/.local/lib/python3.8/site-packages/airflow/example_dags/example_xcom.py
[2023-11-16T00:24:39.949+0000] {processor.py:829} INFO - Processing file /home/airflow/.local/lib/python3.8/site-packages/airflow/example_dags/example_xcom.py for tasks to queue
[2023-11-16T00:24:39.950+0000] {logging_mixin.py:154} INFO - [2023-11-16T00:24:39.950+0000] {dagbag.py:536} INFO - Filling up the DagBag from /home/airflow/.local/lib/python3.8/site-packages/airflow/example_dags/example_xcom.py
[2023-11-16T00:24:39.955+0000] {processor.py:839} INFO - DAG(s) dict_keys(['example_xcom']) retrieved from /home/airflow/.local/lib/python3.8/site-packages/airflow/example_dags/example_xcom.py
[2023-11-16T00:24:39.968+0000] {logging_mixin.py:154} INFO - [2023-11-16T00:24:39.968+0000] {dag.py:2941} INFO - Sync 1 DAGs
[2023-11-16T00:24:39.982+0000] {logging_mixin.py:154} INFO - [2023-11-16T00:24:39.982+0000] {dag.py:3722} INFO - Setting next_dagrun for example_xcom to 2021-01-01T00:00:00+00:00, run_after=2021-01-01T00:00:00+00:00
[2023-11-16T00:24:39.994+0000] {processor.py:179} INFO - Processing /home/airflow/.local/lib/python3.8/site-packages/airflow/example_dags/example_xcom.py took 0.049 seconds
[2023-11-16T00:25:10.192+0000] {processor.py:157} INFO - Started process (PID=1937) to work on /home/airflow/.local/lib/python3.8/site-packages/airflow/example_dags/example_xcom.py
[2023-11-16T00:25:10.193+0000] {processor.py:829} INFO - Processing file /home/airflow/.local/lib/python3.8/site-packages/airflow/example_dags/example_xcom.py for tasks to queue
[2023-11-16T00:25:10.194+0000] {logging_mixin.py:154} INFO - [2023-11-16T00:25:10.194+0000] {dagbag.py:536} INFO - Filling up the DagBag from /home/airflow/.local/lib/python3.8/site-packages/airflow/example_dags/example_xcom.py
[2023-11-16T00:25:10.200+0000] {processor.py:839} INFO - DAG(s) dict_keys(['example_xcom']) retrieved from /home/airflow/.local/lib/python3.8/site-packages/airflow/example_dags/example_xcom.py
[2023-11-16T00:25:10.217+0000] {logging_mixin.py:154} INFO - [2023-11-16T00:25:10.217+0000] {dag.py:2941} INFO - Sync 1 DAGs
[2023-11-16T00:25:10.231+0000] {logging_mixin.py:154} INFO - [2023-11-16T00:25:10.231+0000] {dag.py:3722} INFO - Setting next_dagrun for example_xcom to 2021-01-01T00:00:00+00:00, run_after=2021-01-01T00:00:00+00:00
[2023-11-16T00:25:10.244+0000] {processor.py:179} INFO - Processing /home/airflow/.local/lib/python3.8/site-packages/airflow/example_dags/example_xcom.py took 0.054 seconds
[2023-11-16T00:25:40.282+0000] {processor.py:157} INFO - Started process (PID=1994) to work on /home/airflow/.local/lib/python3.8/site-packages/airflow/example_dags/example_xcom.py
[2023-11-16T00:25:40.283+0000] {processor.py:829} INFO - Processing file /home/airflow/.local/lib/python3.8/site-packages/airflow/example_dags/example_xcom.py for tasks to queue
[2023-11-16T00:25:40.285+0000] {logging_mixin.py:154} INFO - [2023-11-16T00:25:40.285+0000] {dagbag.py:536} INFO - Filling up the DagBag from /home/airflow/.local/lib/python3.8/site-packages/airflow/example_dags/example_xcom.py
[2023-11-16T00:25:40.290+0000] {processor.py:839} INFO - DAG(s) dict_keys(['example_xcom']) retrieved from /home/airflow/.local/lib/python3.8/site-packages/airflow/example_dags/example_xcom.py
[2023-11-16T00:25:40.303+0000] {logging_mixin.py:154} INFO - [2023-11-16T00:25:40.303+0000] {dag.py:2941} INFO - Sync 1 DAGs
[2023-11-16T00:25:40.316+0000] {logging_mixin.py:154} INFO - [2023-11-16T00:25:40.316+0000] {dag.py:3722} INFO - Setting next_dagrun for example_xcom to 2021-01-01T00:00:00+00:00, run_after=2021-01-01T00:00:00+00:00
[2023-11-16T00:25:40.328+0000] {processor.py:179} INFO - Processing /home/airflow/.local/lib/python3.8/site-packages/airflow/example_dags/example_xcom.py took 0.048 seconds
[2023-11-16T00:26:10.523+0000] {processor.py:157} INFO - Started process (PID=2051) to work on /home/airflow/.local/lib/python3.8/site-packages/airflow/example_dags/example_xcom.py
[2023-11-16T00:26:10.524+0000] {processor.py:829} INFO - Processing file /home/airflow/.local/lib/python3.8/site-packages/airflow/example_dags/example_xcom.py for tasks to queue
[2023-11-16T00:26:10.526+0000] {logging_mixin.py:154} INFO - [2023-11-16T00:26:10.526+0000] {dagbag.py:536} INFO - Filling up the DagBag from /home/airflow/.local/lib/python3.8/site-packages/airflow/example_dags/example_xcom.py
[2023-11-16T00:26:10.531+0000] {processor.py:839} INFO - DAG(s) dict_keys(['example_xcom']) retrieved from /home/airflow/.local/lib/python3.8/site-packages/airflow/example_dags/example_xcom.py
[2023-11-16T00:26:10.545+0000] {logging_mixin.py:154} INFO - [2023-11-16T00:26:10.544+0000] {dag.py:2941} INFO - Sync 1 DAGs
[2023-11-16T00:26:10.558+0000] {logging_mixin.py:154} INFO - [2023-11-16T00:26:10.558+0000] {dag.py:3722} INFO - Setting next_dagrun for example_xcom to 2021-01-01T00:00:00+00:00, run_after=2021-01-01T00:00:00+00:00
[2023-11-16T00:26:10.570+0000] {processor.py:179} INFO - Processing /home/airflow/.local/lib/python3.8/site-packages/airflow/example_dags/example_xcom.py took 0.049 seconds
[2023-11-16T00:26:40.795+0000] {processor.py:157} INFO - Started process (PID=2108) to work on /home/airflow/.local/lib/python3.8/site-packages/airflow/example_dags/example_xcom.py
[2023-11-16T00:26:40.795+0000] {processor.py:829} INFO - Processing file /home/airflow/.local/lib/python3.8/site-packages/airflow/example_dags/example_xcom.py for tasks to queue
[2023-11-16T00:26:40.797+0000] {logging_mixin.py:154} INFO - [2023-11-16T00:26:40.797+0000] {dagbag.py:536} INFO - Filling up the DagBag from /home/airflow/.local/lib/python3.8/site-packages/airflow/example_dags/example_xcom.py
[2023-11-16T00:26:40.802+0000] {processor.py:839} INFO - DAG(s) dict_keys(['example_xcom']) retrieved from /home/airflow/.local/lib/python3.8/site-packages/airflow/example_dags/example_xcom.py
[2023-11-16T00:26:40.815+0000] {logging_mixin.py:154} INFO - [2023-11-16T00:26:40.815+0000] {dag.py:2941} INFO - Sync 1 DAGs
[2023-11-16T00:26:40.830+0000] {logging_mixin.py:154} INFO - [2023-11-16T00:26:40.829+0000] {dag.py:3722} INFO - Setting next_dagrun for example_xcom to 2021-01-01T00:00:00+00:00, run_after=2021-01-01T00:00:00+00:00
[2023-11-16T00:26:40.841+0000] {processor.py:179} INFO - Processing /home/airflow/.local/lib/python3.8/site-packages/airflow/example_dags/example_xcom.py took 0.048 seconds
[2023-11-16T00:27:10.994+0000] {processor.py:157} INFO - Started process (PID=2165) to work on /home/airflow/.local/lib/python3.8/site-packages/airflow/example_dags/example_xcom.py
[2023-11-16T00:27:10.995+0000] {processor.py:829} INFO - Processing file /home/airflow/.local/lib/python3.8/site-packages/airflow/example_dags/example_xcom.py for tasks to queue
[2023-11-16T00:27:10.997+0000] {logging_mixin.py:154} INFO - [2023-11-16T00:27:10.996+0000] {dagbag.py:536} INFO - Filling up the DagBag from /home/airflow/.local/lib/python3.8/site-packages/airflow/example_dags/example_xcom.py
[2023-11-16T00:27:11.001+0000] {processor.py:839} INFO - DAG(s) dict_keys(['example_xcom']) retrieved from /home/airflow/.local/lib/python3.8/site-packages/airflow/example_dags/example_xcom.py
[2023-11-16T00:27:11.015+0000] {logging_mixin.py:154} INFO - [2023-11-16T00:27:11.015+0000] {dag.py:2941} INFO - Sync 1 DAGs
[2023-11-16T00:27:11.029+0000] {logging_mixin.py:154} INFO - [2023-11-16T00:27:11.029+0000] {dag.py:3722} INFO - Setting next_dagrun for example_xcom to 2021-01-01T00:00:00+00:00, run_after=2021-01-01T00:00:00+00:00
[2023-11-16T00:27:11.040+0000] {processor.py:179} INFO - Processing /home/airflow/.local/lib/python3.8/site-packages/airflow/example_dags/example_xcom.py took 0.048 seconds
[2023-11-16T00:27:41.108+0000] {processor.py:157} INFO - Started process (PID=2222) to work on /home/airflow/.local/lib/python3.8/site-packages/airflow/example_dags/example_xcom.py
[2023-11-16T00:27:41.109+0000] {processor.py:829} INFO - Processing file /home/airflow/.local/lib/python3.8/site-packages/airflow/example_dags/example_xcom.py for tasks to queue
[2023-11-16T00:27:41.111+0000] {logging_mixin.py:154} INFO - [2023-11-16T00:27:41.110+0000] {dagbag.py:536} INFO - Filling up the DagBag from /home/airflow/.local/lib/python3.8/site-packages/airflow/example_dags/example_xcom.py
[2023-11-16T00:27:41.116+0000] {processor.py:839} INFO - DAG(s) dict_keys(['example_xcom']) retrieved from /home/airflow/.local/lib/python3.8/site-packages/airflow/example_dags/example_xcom.py
[2023-11-16T00:27:41.130+0000] {logging_mixin.py:154} INFO - [2023-11-16T00:27:41.130+0000] {dag.py:2941} INFO - Sync 1 DAGs
[2023-11-16T00:27:41.144+0000] {logging_mixin.py:154} INFO - [2023-11-16T00:27:41.144+0000] {dag.py:3722} INFO - Setting next_dagrun for example_xcom to 2021-01-01T00:00:00+00:00, run_after=2021-01-01T00:00:00+00:00
[2023-11-16T00:27:41.155+0000] {processor.py:179} INFO - Processing /home/airflow/.local/lib/python3.8/site-packages/airflow/example_dags/example_xcom.py took 0.049 seconds
[2023-11-16T00:28:11.218+0000] {processor.py:157} INFO - Started process (PID=2279) to work on /home/airflow/.local/lib/python3.8/site-packages/airflow/example_dags/example_xcom.py
[2023-11-16T00:28:11.219+0000] {processor.py:829} INFO - Processing file /home/airflow/.local/lib/python3.8/site-packages/airflow/example_dags/example_xcom.py for tasks to queue
[2023-11-16T00:28:11.221+0000] {logging_mixin.py:154} INFO - [2023-11-16T00:28:11.220+0000] {dagbag.py:536} INFO - Filling up the DagBag from /home/airflow/.local/lib/python3.8/site-packages/airflow/example_dags/example_xcom.py
[2023-11-16T00:28:11.226+0000] {processor.py:839} INFO - DAG(s) dict_keys(['example_xcom']) retrieved from /home/airflow/.local/lib/python3.8/site-packages/airflow/example_dags/example_xcom.py
[2023-11-16T00:28:11.240+0000] {logging_mixin.py:154} INFO - [2023-11-16T00:28:11.240+0000] {dag.py:2941} INFO - Sync 1 DAGs
[2023-11-16T00:28:11.254+0000] {logging_mixin.py:154} INFO - [2023-11-16T00:28:11.254+0000] {dag.py:3722} INFO - Setting next_dagrun for example_xcom to 2021-01-01T00:00:00+00:00, run_after=2021-01-01T00:00:00+00:00
[2023-11-16T00:28:11.266+0000] {processor.py:179} INFO - Processing /home/airflow/.local/lib/python3.8/site-packages/airflow/example_dags/example_xcom.py took 0.049 seconds
[2023-11-16T00:28:41.470+0000] {processor.py:157} INFO - Started process (PID=2336) to work on /home/airflow/.local/lib/python3.8/site-packages/airflow/example_dags/example_xcom.py
[2023-11-16T00:28:41.471+0000] {processor.py:829} INFO - Processing file /home/airflow/.local/lib/python3.8/site-packages/airflow/example_dags/example_xcom.py for tasks to queue
[2023-11-16T00:28:41.472+0000] {logging_mixin.py:154} INFO - [2023-11-16T00:28:41.472+0000] {dagbag.py:536} INFO - Filling up the DagBag from /home/airflow/.local/lib/python3.8/site-packages/airflow/example_dags/example_xcom.py
[2023-11-16T00:28:41.478+0000] {processor.py:839} INFO - DAG(s) dict_keys(['example_xcom']) retrieved from /home/airflow/.local/lib/python3.8/site-packages/airflow/example_dags/example_xcom.py
[2023-11-16T00:28:41.494+0000] {logging_mixin.py:154} INFO - [2023-11-16T00:28:41.494+0000] {dag.py:2941} INFO - Sync 1 DAGs
[2023-11-16T00:28:41.508+0000] {logging_mixin.py:154} INFO - [2023-11-16T00:28:41.508+0000] {dag.py:3722} INFO - Setting next_dagrun for example_xcom to 2021-01-01T00:00:00+00:00, run_after=2021-01-01T00:00:00+00:00
[2023-11-16T00:28:41.522+0000] {processor.py:179} INFO - Processing /home/airflow/.local/lib/python3.8/site-packages/airflow/example_dags/example_xcom.py took 0.055 seconds
[2023-11-16T00:29:11.712+0000] {processor.py:157} INFO - Started process (PID=2393) to work on /home/airflow/.local/lib/python3.8/site-packages/airflow/example_dags/example_xcom.py
[2023-11-16T00:29:11.713+0000] {processor.py:829} INFO - Processing file /home/airflow/.local/lib/python3.8/site-packages/airflow/example_dags/example_xcom.py for tasks to queue
[2023-11-16T00:29:11.714+0000] {logging_mixin.py:154} INFO - [2023-11-16T00:29:11.714+0000] {dagbag.py:536} INFO - Filling up the DagBag from /home/airflow/.local/lib/python3.8/site-packages/airflow/example_dags/example_xcom.py
[2023-11-16T00:29:11.719+0000] {processor.py:839} INFO - DAG(s) dict_keys(['example_xcom']) retrieved from /home/airflow/.local/lib/python3.8/site-packages/airflow/example_dags/example_xcom.py
[2023-11-16T00:29:11.733+0000] {logging_mixin.py:154} INFO - [2023-11-16T00:29:11.733+0000] {dag.py:2941} INFO - Sync 1 DAGs
[2023-11-16T00:29:11.747+0000] {logging_mixin.py:154} INFO - [2023-11-16T00:29:11.746+0000] {dag.py:3722} INFO - Setting next_dagrun for example_xcom to 2021-01-01T00:00:00+00:00, run_after=2021-01-01T00:00:00+00:00
[2023-11-16T00:29:11.759+0000] {processor.py:179} INFO - Processing /home/airflow/.local/lib/python3.8/site-packages/airflow/example_dags/example_xcom.py took 0.049 seconds
[2023-11-16T00:29:41.882+0000] {processor.py:157} INFO - Started process (PID=2450) to work on /home/airflow/.local/lib/python3.8/site-packages/airflow/example_dags/example_xcom.py
[2023-11-16T00:29:41.882+0000] {processor.py:829} INFO - Processing file /home/airflow/.local/lib/python3.8/site-packages/airflow/example_dags/example_xcom.py for tasks to queue
[2023-11-16T00:29:41.884+0000] {logging_mixin.py:154} INFO - [2023-11-16T00:29:41.884+0000] {dagbag.py:536} INFO - Filling up the DagBag from /home/airflow/.local/lib/python3.8/site-packages/airflow/example_dags/example_xcom.py
[2023-11-16T00:29:41.889+0000] {processor.py:839} INFO - DAG(s) dict_keys(['example_xcom']) retrieved from /home/airflow/.local/lib/python3.8/site-packages/airflow/example_dags/example_xcom.py
[2023-11-16T00:29:41.902+0000] {logging_mixin.py:154} INFO - [2023-11-16T00:29:41.902+0000] {dag.py:2941} INFO - Sync 1 DAGs
[2023-11-16T00:29:41.915+0000] {logging_mixin.py:154} INFO - [2023-11-16T00:29:41.915+0000] {dag.py:3722} INFO - Setting next_dagrun for example_xcom to 2021-01-01T00:00:00+00:00, run_after=2021-01-01T00:00:00+00:00
[2023-11-16T00:29:41.927+0000] {processor.py:179} INFO - Processing /home/airflow/.local/lib/python3.8/site-packages/airflow/example_dags/example_xcom.py took 0.048 seconds
[2023-11-16T00:30:12.075+0000] {processor.py:157} INFO - Started process (PID=2508) to work on /home/airflow/.local/lib/python3.8/site-packages/airflow/example_dags/example_xcom.py
[2023-11-16T00:30:12.076+0000] {processor.py:829} INFO - Processing file /home/airflow/.local/lib/python3.8/site-packages/airflow/example_dags/example_xcom.py for tasks to queue
[2023-11-16T00:30:12.078+0000] {logging_mixin.py:154} INFO - [2023-11-16T00:30:12.077+0000] {dagbag.py:536} INFO - Filling up the DagBag from /home/airflow/.local/lib/python3.8/site-packages/airflow/example_dags/example_xcom.py
[2023-11-16T00:30:12.082+0000] {processor.py:839} INFO - DAG(s) dict_keys(['example_xcom']) retrieved from /home/airflow/.local/lib/python3.8/site-packages/airflow/example_dags/example_xcom.py
[2023-11-16T00:30:12.097+0000] {logging_mixin.py:154} INFO - [2023-11-16T00:30:12.097+0000] {dag.py:2941} INFO - Sync 1 DAGs
[2023-11-16T00:30:12.110+0000] {logging_mixin.py:154} INFO - [2023-11-16T00:30:12.110+0000] {dag.py:3722} INFO - Setting next_dagrun for example_xcom to 2021-01-01T00:00:00+00:00, run_after=2021-01-01T00:00:00+00:00
[2023-11-16T00:30:12.121+0000] {processor.py:179} INFO - Processing /home/airflow/.local/lib/python3.8/site-packages/airflow/example_dags/example_xcom.py took 0.048 seconds
[2023-11-16T00:30:42.274+0000] {processor.py:157} INFO - Started process (PID=2566) to work on /home/airflow/.local/lib/python3.8/site-packages/airflow/example_dags/example_xcom.py
[2023-11-16T00:30:42.275+0000] {processor.py:829} INFO - Processing file /home/airflow/.local/lib/python3.8/site-packages/airflow/example_dags/example_xcom.py for tasks to queue
[2023-11-16T00:30:42.276+0000] {logging_mixin.py:154} INFO - [2023-11-16T00:30:42.276+0000] {dagbag.py:536} INFO - Filling up the DagBag from /home/airflow/.local/lib/python3.8/site-packages/airflow/example_dags/example_xcom.py
[2023-11-16T00:30:42.281+0000] {processor.py:839} INFO - DAG(s) dict_keys(['example_xcom']) retrieved from /home/airflow/.local/lib/python3.8/site-packages/airflow/example_dags/example_xcom.py
[2023-11-16T00:30:42.295+0000] {logging_mixin.py:154} INFO - [2023-11-16T00:30:42.295+0000] {dag.py:2941} INFO - Sync 1 DAGs
[2023-11-16T00:30:42.308+0000] {logging_mixin.py:154} INFO - [2023-11-16T00:30:42.308+0000] {dag.py:3722} INFO - Setting next_dagrun for example_xcom to 2021-01-01T00:00:00+00:00, run_after=2021-01-01T00:00:00+00:00
[2023-11-16T00:30:42.319+0000] {processor.py:179} INFO - Processing /home/airflow/.local/lib/python3.8/site-packages/airflow/example_dags/example_xcom.py took 0.047 seconds
[2023-11-16T00:31:12.421+0000] {processor.py:157} INFO - Started process (PID=2623) to work on /home/airflow/.local/lib/python3.8/site-packages/airflow/example_dags/example_xcom.py
[2023-11-16T00:31:12.422+0000] {processor.py:829} INFO - Processing file /home/airflow/.local/lib/python3.8/site-packages/airflow/example_dags/example_xcom.py for tasks to queue
[2023-11-16T00:31:12.423+0000] {logging_mixin.py:154} INFO - [2023-11-16T00:31:12.423+0000] {dagbag.py:536} INFO - Filling up the DagBag from /home/airflow/.local/lib/python3.8/site-packages/airflow/example_dags/example_xcom.py
[2023-11-16T00:31:12.428+0000] {processor.py:839} INFO - DAG(s) dict_keys(['example_xcom']) retrieved from /home/airflow/.local/lib/python3.8/site-packages/airflow/example_dags/example_xcom.py
[2023-11-16T00:31:12.442+0000] {logging_mixin.py:154} INFO - [2023-11-16T00:31:12.442+0000] {dag.py:2941} INFO - Sync 1 DAGs
[2023-11-16T00:31:12.456+0000] {logging_mixin.py:154} INFO - [2023-11-16T00:31:12.456+0000] {dag.py:3722} INFO - Setting next_dagrun for example_xcom to 2021-01-01T00:00:00+00:00, run_after=2021-01-01T00:00:00+00:00
[2023-11-16T00:31:12.468+0000] {processor.py:179} INFO - Processing /home/airflow/.local/lib/python3.8/site-packages/airflow/example_dags/example_xcom.py took 0.049 seconds
[2023-11-16T00:31:42.622+0000] {processor.py:157} INFO - Started process (PID=2680) to work on /home/airflow/.local/lib/python3.8/site-packages/airflow/example_dags/example_xcom.py
[2023-11-16T00:31:42.622+0000] {processor.py:829} INFO - Processing file /home/airflow/.local/lib/python3.8/site-packages/airflow/example_dags/example_xcom.py for tasks to queue
[2023-11-16T00:31:42.624+0000] {logging_mixin.py:154} INFO - [2023-11-16T00:31:42.624+0000] {dagbag.py:536} INFO - Filling up the DagBag from /home/airflow/.local/lib/python3.8/site-packages/airflow/example_dags/example_xcom.py
[2023-11-16T00:31:42.629+0000] {processor.py:839} INFO - DAG(s) dict_keys(['example_xcom']) retrieved from /home/airflow/.local/lib/python3.8/site-packages/airflow/example_dags/example_xcom.py
[2023-11-16T00:31:42.643+0000] {logging_mixin.py:154} INFO - [2023-11-16T00:31:42.643+0000] {dag.py:2941} INFO - Sync 1 DAGs
[2023-11-16T00:31:42.657+0000] {logging_mixin.py:154} INFO - [2023-11-16T00:31:42.657+0000] {dag.py:3722} INFO - Setting next_dagrun for example_xcom to 2021-01-01T00:00:00+00:00, run_after=2021-01-01T00:00:00+00:00
[2023-11-16T00:31:42.670+0000] {processor.py:179} INFO - Processing /home/airflow/.local/lib/python3.8/site-packages/airflow/example_dags/example_xcom.py took 0.051 seconds
[2023-11-16T00:32:12.936+0000] {processor.py:157} INFO - Started process (PID=2737) to work on /home/airflow/.local/lib/python3.8/site-packages/airflow/example_dags/example_xcom.py
[2023-11-16T00:32:12.937+0000] {processor.py:829} INFO - Processing file /home/airflow/.local/lib/python3.8/site-packages/airflow/example_dags/example_xcom.py for tasks to queue
[2023-11-16T00:32:12.939+0000] {logging_mixin.py:154} INFO - [2023-11-16T00:32:12.939+0000] {dagbag.py:536} INFO - Filling up the DagBag from /home/airflow/.local/lib/python3.8/site-packages/airflow/example_dags/example_xcom.py
[2023-11-16T00:32:12.944+0000] {processor.py:839} INFO - DAG(s) dict_keys(['example_xcom']) retrieved from /home/airflow/.local/lib/python3.8/site-packages/airflow/example_dags/example_xcom.py
[2023-11-16T00:32:12.957+0000] {logging_mixin.py:154} INFO - [2023-11-16T00:32:12.957+0000] {dag.py:2941} INFO - Sync 1 DAGs
[2023-11-16T00:32:12.971+0000] {logging_mixin.py:154} INFO - [2023-11-16T00:32:12.971+0000] {dag.py:3722} INFO - Setting next_dagrun for example_xcom to 2021-01-01T00:00:00+00:00, run_after=2021-01-01T00:00:00+00:00
[2023-11-16T00:32:12.982+0000] {processor.py:179} INFO - Processing /home/airflow/.local/lib/python3.8/site-packages/airflow/example_dags/example_xcom.py took 0.048 seconds
[2023-11-16T00:32:43.113+0000] {processor.py:157} INFO - Started process (PID=2793) to work on /home/airflow/.local/lib/python3.8/site-packages/airflow/example_dags/example_xcom.py
[2023-11-16T00:32:43.114+0000] {processor.py:829} INFO - Processing file /home/airflow/.local/lib/python3.8/site-packages/airflow/example_dags/example_xcom.py for tasks to queue
[2023-11-16T00:32:43.115+0000] {logging_mixin.py:154} INFO - [2023-11-16T00:32:43.115+0000] {dagbag.py:536} INFO - Filling up the DagBag from /home/airflow/.local/lib/python3.8/site-packages/airflow/example_dags/example_xcom.py
[2023-11-16T00:32:43.120+0000] {processor.py:839} INFO - DAG(s) dict_keys(['example_xcom']) retrieved from /home/airflow/.local/lib/python3.8/site-packages/airflow/example_dags/example_xcom.py
[2023-11-16T00:32:43.134+0000] {logging_mixin.py:154} INFO - [2023-11-16T00:32:43.133+0000] {dag.py:2941} INFO - Sync 1 DAGs
[2023-11-16T00:32:43.148+0000] {logging_mixin.py:154} INFO - [2023-11-16T00:32:43.148+0000] {dag.py:3722} INFO - Setting next_dagrun for example_xcom to 2021-01-01T00:00:00+00:00, run_after=2021-01-01T00:00:00+00:00
[2023-11-16T00:32:43.160+0000] {processor.py:179} INFO - Processing /home/airflow/.local/lib/python3.8/site-packages/airflow/example_dags/example_xcom.py took 0.049 seconds
[2023-11-16T00:33:13.262+0000] {processor.py:157} INFO - Started process (PID=2850) to work on /home/airflow/.local/lib/python3.8/site-packages/airflow/example_dags/example_xcom.py
[2023-11-16T00:33:13.262+0000] {processor.py:829} INFO - Processing file /home/airflow/.local/lib/python3.8/site-packages/airflow/example_dags/example_xcom.py for tasks to queue
[2023-11-16T00:33:13.264+0000] {logging_mixin.py:154} INFO - [2023-11-16T00:33:13.264+0000] {dagbag.py:536} INFO - Filling up the DagBag from /home/airflow/.local/lib/python3.8/site-packages/airflow/example_dags/example_xcom.py
[2023-11-16T00:33:13.269+0000] {processor.py:839} INFO - DAG(s) dict_keys(['example_xcom']) retrieved from /home/airflow/.local/lib/python3.8/site-packages/airflow/example_dags/example_xcom.py
[2023-11-16T00:33:13.284+0000] {logging_mixin.py:154} INFO - [2023-11-16T00:33:13.284+0000] {dag.py:2941} INFO - Sync 1 DAGs
[2023-11-16T00:33:13.299+0000] {logging_mixin.py:154} INFO - [2023-11-16T00:33:13.298+0000] {dag.py:3722} INFO - Setting next_dagrun for example_xcom to 2021-01-01T00:00:00+00:00, run_after=2021-01-01T00:00:00+00:00
[2023-11-16T00:33:13.314+0000] {processor.py:179} INFO - Processing /home/airflow/.local/lib/python3.8/site-packages/airflow/example_dags/example_xcom.py took 0.055 seconds
[2023-11-16T00:33:43.517+0000] {processor.py:157} INFO - Started process (PID=2907) to work on /home/airflow/.local/lib/python3.8/site-packages/airflow/example_dags/example_xcom.py
[2023-11-16T00:33:43.518+0000] {processor.py:829} INFO - Processing file /home/airflow/.local/lib/python3.8/site-packages/airflow/example_dags/example_xcom.py for tasks to queue
[2023-11-16T00:33:43.520+0000] {logging_mixin.py:154} INFO - [2023-11-16T00:33:43.519+0000] {dagbag.py:536} INFO - Filling up the DagBag from /home/airflow/.local/lib/python3.8/site-packages/airflow/example_dags/example_xcom.py
[2023-11-16T00:33:43.525+0000] {processor.py:839} INFO - DAG(s) dict_keys(['example_xcom']) retrieved from /home/airflow/.local/lib/python3.8/site-packages/airflow/example_dags/example_xcom.py
[2023-11-16T00:33:43.539+0000] {logging_mixin.py:154} INFO - [2023-11-16T00:33:43.538+0000] {dag.py:2941} INFO - Sync 1 DAGs
[2023-11-16T00:33:43.553+0000] {logging_mixin.py:154} INFO - [2023-11-16T00:33:43.553+0000] {dag.py:3722} INFO - Setting next_dagrun for example_xcom to 2021-01-01T00:00:00+00:00, run_after=2021-01-01T00:00:00+00:00
[2023-11-16T00:33:43.566+0000] {processor.py:179} INFO - Processing /home/airflow/.local/lib/python3.8/site-packages/airflow/example_dags/example_xcom.py took 0.051 seconds
[2023-11-16T00:34:13.640+0000] {processor.py:157} INFO - Started process (PID=2963) to work on /home/airflow/.local/lib/python3.8/site-packages/airflow/example_dags/example_xcom.py
[2023-11-16T00:34:13.641+0000] {processor.py:829} INFO - Processing file /home/airflow/.local/lib/python3.8/site-packages/airflow/example_dags/example_xcom.py for tasks to queue
[2023-11-16T00:34:13.643+0000] {logging_mixin.py:154} INFO - [2023-11-16T00:34:13.643+0000] {dagbag.py:536} INFO - Filling up the DagBag from /home/airflow/.local/lib/python3.8/site-packages/airflow/example_dags/example_xcom.py
[2023-11-16T00:34:13.648+0000] {processor.py:839} INFO - DAG(s) dict_keys(['example_xcom']) retrieved from /home/airflow/.local/lib/python3.8/site-packages/airflow/example_dags/example_xcom.py
[2023-11-16T00:34:13.663+0000] {logging_mixin.py:154} INFO - [2023-11-16T00:34:13.663+0000] {dag.py:2941} INFO - Sync 1 DAGs
[2023-11-16T00:34:13.678+0000] {logging_mixin.py:154} INFO - [2023-11-16T00:34:13.678+0000] {dag.py:3722} INFO - Setting next_dagrun for example_xcom to 2021-01-01T00:00:00+00:00, run_after=2021-01-01T00:00:00+00:00
[2023-11-16T00:34:13.694+0000] {processor.py:179} INFO - Processing /home/airflow/.local/lib/python3.8/site-packages/airflow/example_dags/example_xcom.py took 0.056 seconds
[2023-11-16T00:34:43.908+0000] {processor.py:157} INFO - Started process (PID=3019) to work on /home/airflow/.local/lib/python3.8/site-packages/airflow/example_dags/example_xcom.py
[2023-11-16T00:34:43.908+0000] {processor.py:829} INFO - Processing file /home/airflow/.local/lib/python3.8/site-packages/airflow/example_dags/example_xcom.py for tasks to queue
[2023-11-16T00:34:43.910+0000] {logging_mixin.py:154} INFO - [2023-11-16T00:34:43.910+0000] {dagbag.py:536} INFO - Filling up the DagBag from /home/airflow/.local/lib/python3.8/site-packages/airflow/example_dags/example_xcom.py
[2023-11-16T00:34:43.915+0000] {processor.py:839} INFO - DAG(s) dict_keys(['example_xcom']) retrieved from /home/airflow/.local/lib/python3.8/site-packages/airflow/example_dags/example_xcom.py
[2023-11-16T00:34:43.930+0000] {logging_mixin.py:154} INFO - [2023-11-16T00:34:43.930+0000] {dag.py:2941} INFO - Sync 1 DAGs
[2023-11-16T00:34:43.945+0000] {logging_mixin.py:154} INFO - [2023-11-16T00:34:43.944+0000] {dag.py:3722} INFO - Setting next_dagrun for example_xcom to 2021-01-01T00:00:00+00:00, run_after=2021-01-01T00:00:00+00:00
[2023-11-16T00:34:43.956+0000] {processor.py:179} INFO - Processing /home/airflow/.local/lib/python3.8/site-packages/airflow/example_dags/example_xcom.py took 0.051 seconds
[2023-11-16T00:35:14.095+0000] {processor.py:157} INFO - Started process (PID=3076) to work on /home/airflow/.local/lib/python3.8/site-packages/airflow/example_dags/example_xcom.py
[2023-11-16T00:35:14.096+0000] {processor.py:829} INFO - Processing file /home/airflow/.local/lib/python3.8/site-packages/airflow/example_dags/example_xcom.py for tasks to queue
[2023-11-16T00:35:14.097+0000] {logging_mixin.py:154} INFO - [2023-11-16T00:35:14.097+0000] {dagbag.py:536} INFO - Filling up the DagBag from /home/airflow/.local/lib/python3.8/site-packages/airflow/example_dags/example_xcom.py
[2023-11-16T00:35:14.103+0000] {processor.py:839} INFO - DAG(s) dict_keys(['example_xcom']) retrieved from /home/airflow/.local/lib/python3.8/site-packages/airflow/example_dags/example_xcom.py
[2023-11-16T00:35:14.117+0000] {logging_mixin.py:154} INFO - [2023-11-16T00:35:14.117+0000] {dag.py:2941} INFO - Sync 1 DAGs
[2023-11-16T00:35:14.131+0000] {logging_mixin.py:154} INFO - [2023-11-16T00:35:14.131+0000] {dag.py:3722} INFO - Setting next_dagrun for example_xcom to 2021-01-01T00:00:00+00:00, run_after=2021-01-01T00:00:00+00:00
[2023-11-16T00:35:14.144+0000] {processor.py:179} INFO - Processing /home/airflow/.local/lib/python3.8/site-packages/airflow/example_dags/example_xcom.py took 0.051 seconds
[2023-11-16T00:35:45.162+0000] {processor.py:157} INFO - Started process (PID=3133) to work on /home/airflow/.local/lib/python3.8/site-packages/airflow/example_dags/example_xcom.py
[2023-11-16T00:35:45.162+0000] {processor.py:829} INFO - Processing file /home/airflow/.local/lib/python3.8/site-packages/airflow/example_dags/example_xcom.py for tasks to queue
[2023-11-16T00:35:45.164+0000] {logging_mixin.py:154} INFO - [2023-11-16T00:35:45.164+0000] {dagbag.py:536} INFO - Filling up the DagBag from /home/airflow/.local/lib/python3.8/site-packages/airflow/example_dags/example_xcom.py
[2023-11-16T00:35:45.170+0000] {processor.py:839} INFO - DAG(s) dict_keys(['example_xcom']) retrieved from /home/airflow/.local/lib/python3.8/site-packages/airflow/example_dags/example_xcom.py
[2023-11-16T00:35:45.184+0000] {logging_mixin.py:154} INFO - [2023-11-16T00:35:45.184+0000] {dag.py:2941} INFO - Sync 1 DAGs
[2023-11-16T00:35:45.199+0000] {logging_mixin.py:154} INFO - [2023-11-16T00:35:45.199+0000] {dag.py:3722} INFO - Setting next_dagrun for example_xcom to 2021-01-01T00:00:00+00:00, run_after=2021-01-01T00:00:00+00:00
[2023-11-16T00:35:45.211+0000] {processor.py:179} INFO - Processing /home/airflow/.local/lib/python3.8/site-packages/airflow/example_dags/example_xcom.py took 0.052 seconds
[2023-11-16T00:36:15.526+0000] {processor.py:157} INFO - Started process (PID=3191) to work on /home/airflow/.local/lib/python3.8/site-packages/airflow/example_dags/example_xcom.py
[2023-11-16T00:36:15.526+0000] {processor.py:829} INFO - Processing file /home/airflow/.local/lib/python3.8/site-packages/airflow/example_dags/example_xcom.py for tasks to queue
[2023-11-16T00:36:15.528+0000] {logging_mixin.py:154} INFO - [2023-11-16T00:36:15.528+0000] {dagbag.py:536} INFO - Filling up the DagBag from /home/airflow/.local/lib/python3.8/site-packages/airflow/example_dags/example_xcom.py
[2023-11-16T00:36:15.533+0000] {processor.py:839} INFO - DAG(s) dict_keys(['example_xcom']) retrieved from /home/airflow/.local/lib/python3.8/site-packages/airflow/example_dags/example_xcom.py
[2023-11-16T00:36:15.548+0000] {logging_mixin.py:154} INFO - [2023-11-16T00:36:15.548+0000] {dag.py:2941} INFO - Sync 1 DAGs
[2023-11-16T00:36:15.564+0000] {logging_mixin.py:154} INFO - [2023-11-16T00:36:15.563+0000] {dag.py:3722} INFO - Setting next_dagrun for example_xcom to 2021-01-01T00:00:00+00:00, run_after=2021-01-01T00:00:00+00:00
[2023-11-16T00:36:15.576+0000] {processor.py:179} INFO - Processing /home/airflow/.local/lib/python3.8/site-packages/airflow/example_dags/example_xcom.py took 0.053 seconds
[2023-11-16T00:36:45.678+0000] {processor.py:157} INFO - Started process (PID=3248) to work on /home/airflow/.local/lib/python3.8/site-packages/airflow/example_dags/example_xcom.py
[2023-11-16T00:36:45.679+0000] {processor.py:829} INFO - Processing file /home/airflow/.local/lib/python3.8/site-packages/airflow/example_dags/example_xcom.py for tasks to queue
[2023-11-16T00:36:45.681+0000] {logging_mixin.py:154} INFO - [2023-11-16T00:36:45.681+0000] {dagbag.py:536} INFO - Filling up the DagBag from /home/airflow/.local/lib/python3.8/site-packages/airflow/example_dags/example_xcom.py
[2023-11-16T00:36:45.686+0000] {processor.py:839} INFO - DAG(s) dict_keys(['example_xcom']) retrieved from /home/airflow/.local/lib/python3.8/site-packages/airflow/example_dags/example_xcom.py
[2023-11-16T00:36:45.700+0000] {logging_mixin.py:154} INFO - [2023-11-16T00:36:45.699+0000] {dag.py:2941} INFO - Sync 1 DAGs
[2023-11-16T00:36:45.714+0000] {logging_mixin.py:154} INFO - [2023-11-16T00:36:45.714+0000] {dag.py:3722} INFO - Setting next_dagrun for example_xcom to 2021-01-01T00:00:00+00:00, run_after=2021-01-01T00:00:00+00:00
[2023-11-16T00:36:45.726+0000] {processor.py:179} INFO - Processing /home/airflow/.local/lib/python3.8/site-packages/airflow/example_dags/example_xcom.py took 0.049 seconds
[2023-11-16T00:37:15.901+0000] {processor.py:157} INFO - Started process (PID=3305) to work on /home/airflow/.local/lib/python3.8/site-packages/airflow/example_dags/example_xcom.py
[2023-11-16T00:37:15.902+0000] {processor.py:829} INFO - Processing file /home/airflow/.local/lib/python3.8/site-packages/airflow/example_dags/example_xcom.py for tasks to queue
[2023-11-16T00:37:15.903+0000] {logging_mixin.py:154} INFO - [2023-11-16T00:37:15.903+0000] {dagbag.py:536} INFO - Filling up the DagBag from /home/airflow/.local/lib/python3.8/site-packages/airflow/example_dags/example_xcom.py
[2023-11-16T00:37:15.908+0000] {processor.py:839} INFO - DAG(s) dict_keys(['example_xcom']) retrieved from /home/airflow/.local/lib/python3.8/site-packages/airflow/example_dags/example_xcom.py
[2023-11-16T00:37:15.923+0000] {logging_mixin.py:154} INFO - [2023-11-16T00:37:15.923+0000] {dag.py:2941} INFO - Sync 1 DAGs
[2023-11-16T00:37:15.937+0000] {logging_mixin.py:154} INFO - [2023-11-16T00:37:15.937+0000] {dag.py:3722} INFO - Setting next_dagrun for example_xcom to 2021-01-01T00:00:00+00:00, run_after=2021-01-01T00:00:00+00:00
[2023-11-16T00:37:15.949+0000] {processor.py:179} INFO - Processing /home/airflow/.local/lib/python3.8/site-packages/airflow/example_dags/example_xcom.py took 0.050 seconds
[2023-11-16T00:37:46.171+0000] {processor.py:157} INFO - Started process (PID=3363) to work on /home/airflow/.local/lib/python3.8/site-packages/airflow/example_dags/example_xcom.py
[2023-11-16T00:37:46.172+0000] {processor.py:829} INFO - Processing file /home/airflow/.local/lib/python3.8/site-packages/airflow/example_dags/example_xcom.py for tasks to queue
[2023-11-16T00:37:46.174+0000] {logging_mixin.py:154} INFO - [2023-11-16T00:37:46.174+0000] {dagbag.py:536} INFO - Filling up the DagBag from /home/airflow/.local/lib/python3.8/site-packages/airflow/example_dags/example_xcom.py
[2023-11-16T00:37:46.179+0000] {processor.py:839} INFO - DAG(s) dict_keys(['example_xcom']) retrieved from /home/airflow/.local/lib/python3.8/site-packages/airflow/example_dags/example_xcom.py
[2023-11-16T00:37:46.193+0000] {logging_mixin.py:154} INFO - [2023-11-16T00:37:46.192+0000] {dag.py:2941} INFO - Sync 1 DAGs
[2023-11-16T00:37:46.210+0000] {logging_mixin.py:154} INFO - [2023-11-16T00:37:46.209+0000] {dag.py:3722} INFO - Setting next_dagrun for example_xcom to 2021-01-01T00:00:00+00:00, run_after=2021-01-01T00:00:00+00:00
[2023-11-16T00:37:46.223+0000] {processor.py:179} INFO - Processing /home/airflow/.local/lib/python3.8/site-packages/airflow/example_dags/example_xcom.py took 0.054 seconds
[2023-11-16T00:38:16.394+0000] {processor.py:157} INFO - Started process (PID=3420) to work on /home/airflow/.local/lib/python3.8/site-packages/airflow/example_dags/example_xcom.py
[2023-11-16T00:38:16.394+0000] {processor.py:829} INFO - Processing file /home/airflow/.local/lib/python3.8/site-packages/airflow/example_dags/example_xcom.py for tasks to queue
[2023-11-16T00:38:16.396+0000] {logging_mixin.py:154} INFO - [2023-11-16T00:38:16.396+0000] {dagbag.py:536} INFO - Filling up the DagBag from /home/airflow/.local/lib/python3.8/site-packages/airflow/example_dags/example_xcom.py
[2023-11-16T00:38:16.401+0000] {processor.py:839} INFO - DAG(s) dict_keys(['example_xcom']) retrieved from /home/airflow/.local/lib/python3.8/site-packages/airflow/example_dags/example_xcom.py
[2023-11-16T00:38:16.414+0000] {logging_mixin.py:154} INFO - [2023-11-16T00:38:16.414+0000] {dag.py:2941} INFO - Sync 1 DAGs
[2023-11-16T00:38:16.428+0000] {logging_mixin.py:154} INFO - [2023-11-16T00:38:16.428+0000] {dag.py:3722} INFO - Setting next_dagrun for example_xcom to 2021-01-01T00:00:00+00:00, run_after=2021-01-01T00:00:00+00:00
[2023-11-16T00:38:16.440+0000] {processor.py:179} INFO - Processing /home/airflow/.local/lib/python3.8/site-packages/airflow/example_dags/example_xcom.py took 0.049 seconds
[2023-11-16T00:38:46.760+0000] {processor.py:157} INFO - Started process (PID=3477) to work on /home/airflow/.local/lib/python3.8/site-packages/airflow/example_dags/example_xcom.py
[2023-11-16T00:38:46.762+0000] {processor.py:829} INFO - Processing file /home/airflow/.local/lib/python3.8/site-packages/airflow/example_dags/example_xcom.py for tasks to queue
[2023-11-16T00:38:46.764+0000] {logging_mixin.py:154} INFO - [2023-11-16T00:38:46.764+0000] {dagbag.py:536} INFO - Filling up the DagBag from /home/airflow/.local/lib/python3.8/site-packages/airflow/example_dags/example_xcom.py
[2023-11-16T00:38:46.770+0000] {processor.py:839} INFO - DAG(s) dict_keys(['example_xcom']) retrieved from /home/airflow/.local/lib/python3.8/site-packages/airflow/example_dags/example_xcom.py
[2023-11-16T00:38:46.789+0000] {logging_mixin.py:154} INFO - [2023-11-16T00:38:46.788+0000] {dag.py:2941} INFO - Sync 1 DAGs
[2023-11-16T00:38:46.807+0000] {logging_mixin.py:154} INFO - [2023-11-16T00:38:46.807+0000] {dag.py:3722} INFO - Setting next_dagrun for example_xcom to 2021-01-01T00:00:00+00:00, run_after=2021-01-01T00:00:00+00:00
[2023-11-16T00:38:46.828+0000] {processor.py:179} INFO - Processing /home/airflow/.local/lib/python3.8/site-packages/airflow/example_dags/example_xcom.py took 0.070 seconds
[2023-11-16T00:39:16.942+0000] {processor.py:157} INFO - Started process (PID=3535) to work on /home/airflow/.local/lib/python3.8/site-packages/airflow/example_dags/example_xcom.py
[2023-11-16T00:39:16.943+0000] {processor.py:829} INFO - Processing file /home/airflow/.local/lib/python3.8/site-packages/airflow/example_dags/example_xcom.py for tasks to queue
[2023-11-16T00:39:16.945+0000] {logging_mixin.py:154} INFO - [2023-11-16T00:39:16.945+0000] {dagbag.py:536} INFO - Filling up the DagBag from /home/airflow/.local/lib/python3.8/site-packages/airflow/example_dags/example_xcom.py
[2023-11-16T00:39:16.950+0000] {processor.py:839} INFO - DAG(s) dict_keys(['example_xcom']) retrieved from /home/airflow/.local/lib/python3.8/site-packages/airflow/example_dags/example_xcom.py
[2023-11-16T00:39:16.963+0000] {logging_mixin.py:154} INFO - [2023-11-16T00:39:16.963+0000] {dag.py:2941} INFO - Sync 1 DAGs
[2023-11-16T00:39:16.976+0000] {logging_mixin.py:154} INFO - [2023-11-16T00:39:16.976+0000] {dag.py:3722} INFO - Setting next_dagrun for example_xcom to 2021-01-01T00:00:00+00:00, run_after=2021-01-01T00:00:00+00:00
[2023-11-16T00:39:16.987+0000] {processor.py:179} INFO - Processing /home/airflow/.local/lib/python3.8/site-packages/airflow/example_dags/example_xcom.py took 0.047 seconds
[2023-11-16T00:39:47.272+0000] {processor.py:157} INFO - Started process (PID=3592) to work on /home/airflow/.local/lib/python3.8/site-packages/airflow/example_dags/example_xcom.py
[2023-11-16T00:39:47.273+0000] {processor.py:829} INFO - Processing file /home/airflow/.local/lib/python3.8/site-packages/airflow/example_dags/example_xcom.py for tasks to queue
[2023-11-16T00:39:47.274+0000] {logging_mixin.py:154} INFO - [2023-11-16T00:39:47.274+0000] {dagbag.py:536} INFO - Filling up the DagBag from /home/airflow/.local/lib/python3.8/site-packages/airflow/example_dags/example_xcom.py
[2023-11-16T00:39:47.280+0000] {processor.py:839} INFO - DAG(s) dict_keys(['example_xcom']) retrieved from /home/airflow/.local/lib/python3.8/site-packages/airflow/example_dags/example_xcom.py
[2023-11-16T00:39:47.296+0000] {logging_mixin.py:154} INFO - [2023-11-16T00:39:47.296+0000] {dag.py:2941} INFO - Sync 1 DAGs
[2023-11-16T00:39:47.313+0000] {logging_mixin.py:154} INFO - [2023-11-16T00:39:47.313+0000] {dag.py:3722} INFO - Setting next_dagrun for example_xcom to 2021-01-01T00:00:00+00:00, run_after=2021-01-01T00:00:00+00:00
[2023-11-16T00:39:47.327+0000] {processor.py:179} INFO - Processing /home/airflow/.local/lib/python3.8/site-packages/airflow/example_dags/example_xcom.py took 0.057 seconds
[2023-11-16T00:40:17.409+0000] {processor.py:157} INFO - Started process (PID=3649) to work on /home/airflow/.local/lib/python3.8/site-packages/airflow/example_dags/example_xcom.py
[2023-11-16T00:40:17.410+0000] {processor.py:829} INFO - Processing file /home/airflow/.local/lib/python3.8/site-packages/airflow/example_dags/example_xcom.py for tasks to queue
[2023-11-16T00:40:17.411+0000] {logging_mixin.py:154} INFO - [2023-11-16T00:40:17.411+0000] {dagbag.py:536} INFO - Filling up the DagBag from /home/airflow/.local/lib/python3.8/site-packages/airflow/example_dags/example_xcom.py
[2023-11-16T00:40:17.416+0000] {processor.py:839} INFO - DAG(s) dict_keys(['example_xcom']) retrieved from /home/airflow/.local/lib/python3.8/site-packages/airflow/example_dags/example_xcom.py
[2023-11-16T00:40:17.430+0000] {logging_mixin.py:154} INFO - [2023-11-16T00:40:17.430+0000] {dag.py:2941} INFO - Sync 1 DAGs
[2023-11-16T00:40:17.444+0000] {logging_mixin.py:154} INFO - [2023-11-16T00:40:17.444+0000] {dag.py:3722} INFO - Setting next_dagrun for example_xcom to 2021-01-01T00:00:00+00:00, run_after=2021-01-01T00:00:00+00:00
[2023-11-16T00:40:17.457+0000] {processor.py:179} INFO - Processing /home/airflow/.local/lib/python3.8/site-packages/airflow/example_dags/example_xcom.py took 0.050 seconds
[2023-11-16T00:40:48.482+0000] {processor.py:157} INFO - Started process (PID=3707) to work on /home/airflow/.local/lib/python3.8/site-packages/airflow/example_dags/example_xcom.py
[2023-11-16T00:40:48.482+0000] {processor.py:829} INFO - Processing file /home/airflow/.local/lib/python3.8/site-packages/airflow/example_dags/example_xcom.py for tasks to queue
[2023-11-16T00:40:48.484+0000] {logging_mixin.py:154} INFO - [2023-11-16T00:40:48.484+0000] {dagbag.py:536} INFO - Filling up the DagBag from /home/airflow/.local/lib/python3.8/site-packages/airflow/example_dags/example_xcom.py
[2023-11-16T00:40:48.489+0000] {processor.py:839} INFO - DAG(s) dict_keys(['example_xcom']) retrieved from /home/airflow/.local/lib/python3.8/site-packages/airflow/example_dags/example_xcom.py
[2023-11-16T00:40:48.502+0000] {logging_mixin.py:154} INFO - [2023-11-16T00:40:48.502+0000] {dag.py:2941} INFO - Sync 1 DAGs
[2023-11-16T00:40:48.516+0000] {logging_mixin.py:154} INFO - [2023-11-16T00:40:48.516+0000] {dag.py:3722} INFO - Setting next_dagrun for example_xcom to 2021-01-01T00:00:00+00:00, run_after=2021-01-01T00:00:00+00:00
[2023-11-16T00:40:48.528+0000] {processor.py:179} INFO - Processing /home/airflow/.local/lib/python3.8/site-packages/airflow/example_dags/example_xcom.py took 0.048 seconds
[2023-11-16T00:41:18.625+0000] {processor.py:157} INFO - Started process (PID=3764) to work on /home/airflow/.local/lib/python3.8/site-packages/airflow/example_dags/example_xcom.py
[2023-11-16T00:41:18.625+0000] {processor.py:829} INFO - Processing file /home/airflow/.local/lib/python3.8/site-packages/airflow/example_dags/example_xcom.py for tasks to queue
[2023-11-16T00:41:18.627+0000] {logging_mixin.py:154} INFO - [2023-11-16T00:41:18.627+0000] {dagbag.py:536} INFO - Filling up the DagBag from /home/airflow/.local/lib/python3.8/site-packages/airflow/example_dags/example_xcom.py
[2023-11-16T00:41:18.632+0000] {processor.py:839} INFO - DAG(s) dict_keys(['example_xcom']) retrieved from /home/airflow/.local/lib/python3.8/site-packages/airflow/example_dags/example_xcom.py
[2023-11-16T00:41:18.645+0000] {logging_mixin.py:154} INFO - [2023-11-16T00:41:18.645+0000] {dag.py:2941} INFO - Sync 1 DAGs
[2023-11-16T00:41:18.658+0000] {logging_mixin.py:154} INFO - [2023-11-16T00:41:18.658+0000] {dag.py:3722} INFO - Setting next_dagrun for example_xcom to 2021-01-01T00:00:00+00:00, run_after=2021-01-01T00:00:00+00:00
[2023-11-16T00:41:18.670+0000] {processor.py:179} INFO - Processing /home/airflow/.local/lib/python3.8/site-packages/airflow/example_dags/example_xcom.py took 0.047 seconds
[2023-11-16T00:41:48.830+0000] {processor.py:157} INFO - Started process (PID=3821) to work on /home/airflow/.local/lib/python3.8/site-packages/airflow/example_dags/example_xcom.py
[2023-11-16T00:41:48.831+0000] {processor.py:829} INFO - Processing file /home/airflow/.local/lib/python3.8/site-packages/airflow/example_dags/example_xcom.py for tasks to queue
[2023-11-16T00:41:48.833+0000] {logging_mixin.py:154} INFO - [2023-11-16T00:41:48.833+0000] {dagbag.py:536} INFO - Filling up the DagBag from /home/airflow/.local/lib/python3.8/site-packages/airflow/example_dags/example_xcom.py
[2023-11-16T00:41:48.837+0000] {processor.py:839} INFO - DAG(s) dict_keys(['example_xcom']) retrieved from /home/airflow/.local/lib/python3.8/site-packages/airflow/example_dags/example_xcom.py
[2023-11-16T00:41:48.851+0000] {logging_mixin.py:154} INFO - [2023-11-16T00:41:48.851+0000] {dag.py:2941} INFO - Sync 1 DAGs
[2023-11-16T00:41:48.867+0000] {logging_mixin.py:154} INFO - [2023-11-16T00:41:48.867+0000] {dag.py:3722} INFO - Setting next_dagrun for example_xcom to 2021-01-01T00:00:00+00:00, run_after=2021-01-01T00:00:00+00:00
[2023-11-16T00:41:48.885+0000] {processor.py:179} INFO - Processing /home/airflow/.local/lib/python3.8/site-packages/airflow/example_dags/example_xcom.py took 0.056 seconds
[2023-11-16T00:42:19.128+0000] {processor.py:157} INFO - Started process (PID=3878) to work on /home/airflow/.local/lib/python3.8/site-packages/airflow/example_dags/example_xcom.py
[2023-11-16T00:42:19.129+0000] {processor.py:829} INFO - Processing file /home/airflow/.local/lib/python3.8/site-packages/airflow/example_dags/example_xcom.py for tasks to queue
[2023-11-16T00:42:19.130+0000] {logging_mixin.py:154} INFO - [2023-11-16T00:42:19.130+0000] {dagbag.py:536} INFO - Filling up the DagBag from /home/airflow/.local/lib/python3.8/site-packages/airflow/example_dags/example_xcom.py
[2023-11-16T00:42:19.135+0000] {processor.py:839} INFO - DAG(s) dict_keys(['example_xcom']) retrieved from /home/airflow/.local/lib/python3.8/site-packages/airflow/example_dags/example_xcom.py
[2023-11-16T00:42:19.150+0000] {logging_mixin.py:154} INFO - [2023-11-16T00:42:19.150+0000] {dag.py:2941} INFO - Sync 1 DAGs
[2023-11-16T00:42:19.164+0000] {logging_mixin.py:154} INFO - [2023-11-16T00:42:19.164+0000] {dag.py:3722} INFO - Setting next_dagrun for example_xcom to 2021-01-01T00:00:00+00:00, run_after=2021-01-01T00:00:00+00:00
[2023-11-16T00:42:19.176+0000] {processor.py:179} INFO - Processing /home/airflow/.local/lib/python3.8/site-packages/airflow/example_dags/example_xcom.py took 0.051 seconds
[2023-11-16T00:42:49.298+0000] {processor.py:157} INFO - Started process (PID=3935) to work on /home/airflow/.local/lib/python3.8/site-packages/airflow/example_dags/example_xcom.py
[2023-11-16T00:42:49.299+0000] {processor.py:829} INFO - Processing file /home/airflow/.local/lib/python3.8/site-packages/airflow/example_dags/example_xcom.py for tasks to queue
[2023-11-16T00:42:49.301+0000] {logging_mixin.py:154} INFO - [2023-11-16T00:42:49.301+0000] {dagbag.py:536} INFO - Filling up the DagBag from /home/airflow/.local/lib/python3.8/site-packages/airflow/example_dags/example_xcom.py
[2023-11-16T00:42:49.306+0000] {processor.py:839} INFO - DAG(s) dict_keys(['example_xcom']) retrieved from /home/airflow/.local/lib/python3.8/site-packages/airflow/example_dags/example_xcom.py
[2023-11-16T00:42:49.322+0000] {logging_mixin.py:154} INFO - [2023-11-16T00:42:49.321+0000] {dag.py:2941} INFO - Sync 1 DAGs
[2023-11-16T00:42:49.337+0000] {logging_mixin.py:154} INFO - [2023-11-16T00:42:49.337+0000] {dag.py:3722} INFO - Setting next_dagrun for example_xcom to 2021-01-01T00:00:00+00:00, run_after=2021-01-01T00:00:00+00:00
[2023-11-16T00:42:49.353+0000] {processor.py:179} INFO - Processing /home/airflow/.local/lib/python3.8/site-packages/airflow/example_dags/example_xcom.py took 0.057 seconds
[2023-11-16T00:43:19.623+0000] {processor.py:157} INFO - Started process (PID=3992) to work on /home/airflow/.local/lib/python3.8/site-packages/airflow/example_dags/example_xcom.py
[2023-11-16T00:43:19.624+0000] {processor.py:829} INFO - Processing file /home/airflow/.local/lib/python3.8/site-packages/airflow/example_dags/example_xcom.py for tasks to queue
[2023-11-16T00:43:19.625+0000] {logging_mixin.py:154} INFO - [2023-11-16T00:43:19.625+0000] {dagbag.py:536} INFO - Filling up the DagBag from /home/airflow/.local/lib/python3.8/site-packages/airflow/example_dags/example_xcom.py
[2023-11-16T00:43:19.630+0000] {processor.py:839} INFO - DAG(s) dict_keys(['example_xcom']) retrieved from /home/airflow/.local/lib/python3.8/site-packages/airflow/example_dags/example_xcom.py
[2023-11-16T00:43:19.645+0000] {logging_mixin.py:154} INFO - [2023-11-16T00:43:19.645+0000] {dag.py:2941} INFO - Sync 1 DAGs
[2023-11-16T00:43:19.665+0000] {logging_mixin.py:154} INFO - [2023-11-16T00:43:19.665+0000] {dag.py:3722} INFO - Setting next_dagrun for example_xcom to 2021-01-01T00:00:00+00:00, run_after=2021-01-01T00:00:00+00:00
[2023-11-16T00:43:19.681+0000] {processor.py:179} INFO - Processing /home/airflow/.local/lib/python3.8/site-packages/airflow/example_dags/example_xcom.py took 0.061 seconds
[2023-11-16T00:43:49.825+0000] {processor.py:157} INFO - Started process (PID=4049) to work on /home/airflow/.local/lib/python3.8/site-packages/airflow/example_dags/example_xcom.py
[2023-11-16T00:43:49.825+0000] {processor.py:829} INFO - Processing file /home/airflow/.local/lib/python3.8/site-packages/airflow/example_dags/example_xcom.py for tasks to queue
[2023-11-16T00:43:49.827+0000] {logging_mixin.py:154} INFO - [2023-11-16T00:43:49.827+0000] {dagbag.py:536} INFO - Filling up the DagBag from /home/airflow/.local/lib/python3.8/site-packages/airflow/example_dags/example_xcom.py
[2023-11-16T00:43:49.832+0000] {processor.py:839} INFO - DAG(s) dict_keys(['example_xcom']) retrieved from /home/airflow/.local/lib/python3.8/site-packages/airflow/example_dags/example_xcom.py
[2023-11-16T00:43:49.849+0000] {logging_mixin.py:154} INFO - [2023-11-16T00:43:49.848+0000] {dag.py:2941} INFO - Sync 1 DAGs
[2023-11-16T00:43:49.864+0000] {logging_mixin.py:154} INFO - [2023-11-16T00:43:49.864+0000] {dag.py:3722} INFO - Setting next_dagrun for example_xcom to 2021-01-01T00:00:00+00:00, run_after=2021-01-01T00:00:00+00:00
[2023-11-16T00:43:49.877+0000] {processor.py:179} INFO - Processing /home/airflow/.local/lib/python3.8/site-packages/airflow/example_dags/example_xcom.py took 0.054 seconds
