[2023-11-16T00:06:22.777+0000] {processor.py:157} INFO - Started process (PID=59) to work on /home/airflow/.local/lib/python3.8/site-packages/airflow/example_dags/example_complex.py
[2023-11-16T00:06:22.778+0000] {processor.py:829} INFO - Processing file /home/airflow/.local/lib/python3.8/site-packages/airflow/example_dags/example_complex.py for tasks to queue
[2023-11-16T00:06:22.780+0000] {logging_mixin.py:154} INFO - [2023-11-16T00:06:22.780+0000] {dagbag.py:536} INFO - Filling up the DagBag from /home/airflow/.local/lib/python3.8/site-packages/airflow/example_dags/example_complex.py
[2023-11-16T00:06:22.790+0000] {processor.py:839} INFO - DAG(s) dict_keys(['example_complex']) retrieved from /home/airflow/.local/lib/python3.8/site-packages/airflow/example_dags/example_complex.py
[2023-11-16T00:06:22.798+0000] {logging_mixin.py:154} INFO - [2023-11-16T00:06:22.798+0000] {dag.py:2941} INFO - Sync 1 DAGs
[2023-11-16T00:06:22.808+0000] {logging_mixin.py:154} INFO - [2023-11-16T00:06:22.808+0000] {dag.py:3722} INFO - Setting next_dagrun for example_complex to None, run_after=None
[2023-11-16T00:06:22.822+0000] {processor.py:179} INFO - Processing /home/airflow/.local/lib/python3.8/site-packages/airflow/example_dags/example_complex.py took 0.047 seconds
[2023-11-16T00:08:29.383+0000] {processor.py:157} INFO - Started process (PID=62) to work on /home/airflow/.local/lib/python3.8/site-packages/airflow/example_dags/example_complex.py
[2023-11-16T00:08:29.384+0000] {processor.py:829} INFO - Processing file /home/airflow/.local/lib/python3.8/site-packages/airflow/example_dags/example_complex.py for tasks to queue
[2023-11-16T00:08:29.386+0000] {logging_mixin.py:154} INFO - [2023-11-16T00:08:29.386+0000] {dagbag.py:536} INFO - Filling up the DagBag from /home/airflow/.local/lib/python3.8/site-packages/airflow/example_dags/example_complex.py
[2023-11-16T00:08:29.398+0000] {processor.py:839} INFO - DAG(s) dict_keys(['example_complex']) retrieved from /home/airflow/.local/lib/python3.8/site-packages/airflow/example_dags/example_complex.py
[2023-11-16T00:08:29.408+0000] {logging_mixin.py:154} INFO - [2023-11-16T00:08:29.408+0000] {dag.py:2941} INFO - Sync 1 DAGs
[2023-11-16T00:08:29.421+0000] {logging_mixin.py:154} INFO - [2023-11-16T00:08:29.421+0000] {dag.py:3722} INFO - Setting next_dagrun for example_complex to None, run_after=None
[2023-11-16T00:08:29.436+0000] {processor.py:179} INFO - Processing /home/airflow/.local/lib/python3.8/site-packages/airflow/example_dags/example_complex.py took 0.055 seconds
[2023-11-16T00:09:00.503+0000] {processor.py:157} INFO - Started process (PID=120) to work on /home/airflow/.local/lib/python3.8/site-packages/airflow/example_dags/example_complex.py
[2023-11-16T00:09:00.504+0000] {processor.py:829} INFO - Processing file /home/airflow/.local/lib/python3.8/site-packages/airflow/example_dags/example_complex.py for tasks to queue
[2023-11-16T00:09:00.505+0000] {logging_mixin.py:154} INFO - [2023-11-16T00:09:00.505+0000] {dagbag.py:536} INFO - Filling up the DagBag from /home/airflow/.local/lib/python3.8/site-packages/airflow/example_dags/example_complex.py
[2023-11-16T00:09:00.514+0000] {processor.py:839} INFO - DAG(s) dict_keys(['example_complex']) retrieved from /home/airflow/.local/lib/python3.8/site-packages/airflow/example_dags/example_complex.py
[2023-11-16T00:09:00.534+0000] {logging_mixin.py:154} INFO - [2023-11-16T00:09:00.534+0000] {dag.py:2941} INFO - Sync 1 DAGs
[2023-11-16T00:09:00.544+0000] {logging_mixin.py:154} INFO - [2023-11-16T00:09:00.543+0000] {dag.py:3722} INFO - Setting next_dagrun for example_complex to None, run_after=None
[2023-11-16T00:09:00.556+0000] {processor.py:179} INFO - Processing /home/airflow/.local/lib/python3.8/site-packages/airflow/example_dags/example_complex.py took 0.055 seconds
[2023-11-16T00:09:30.807+0000] {processor.py:157} INFO - Started process (PID=177) to work on /home/airflow/.local/lib/python3.8/site-packages/airflow/example_dags/example_complex.py
[2023-11-16T00:09:30.808+0000] {processor.py:829} INFO - Processing file /home/airflow/.local/lib/python3.8/site-packages/airflow/example_dags/example_complex.py for tasks to queue
[2023-11-16T00:09:30.810+0000] {logging_mixin.py:154} INFO - [2023-11-16T00:09:30.809+0000] {dagbag.py:536} INFO - Filling up the DagBag from /home/airflow/.local/lib/python3.8/site-packages/airflow/example_dags/example_complex.py
[2023-11-16T00:09:30.817+0000] {processor.py:839} INFO - DAG(s) dict_keys(['example_complex']) retrieved from /home/airflow/.local/lib/python3.8/site-packages/airflow/example_dags/example_complex.py
[2023-11-16T00:09:30.836+0000] {logging_mixin.py:154} INFO - [2023-11-16T00:09:30.836+0000] {dag.py:2941} INFO - Sync 1 DAGs
[2023-11-16T00:09:30.845+0000] {logging_mixin.py:154} INFO - [2023-11-16T00:09:30.844+0000] {dag.py:3722} INFO - Setting next_dagrun for example_complex to None, run_after=None
[2023-11-16T00:09:30.857+0000] {processor.py:179} INFO - Processing /home/airflow/.local/lib/python3.8/site-packages/airflow/example_dags/example_complex.py took 0.052 seconds
[2023-11-16T00:10:01.048+0000] {processor.py:157} INFO - Started process (PID=234) to work on /home/airflow/.local/lib/python3.8/site-packages/airflow/example_dags/example_complex.py
[2023-11-16T00:10:01.049+0000] {processor.py:829} INFO - Processing file /home/airflow/.local/lib/python3.8/site-packages/airflow/example_dags/example_complex.py for tasks to queue
[2023-11-16T00:10:01.053+0000] {logging_mixin.py:154} INFO - [2023-11-16T00:10:01.052+0000] {dagbag.py:536} INFO - Filling up the DagBag from /home/airflow/.local/lib/python3.8/site-packages/airflow/example_dags/example_complex.py
[2023-11-16T00:10:01.062+0000] {processor.py:839} INFO - DAG(s) dict_keys(['example_complex']) retrieved from /home/airflow/.local/lib/python3.8/site-packages/airflow/example_dags/example_complex.py
[2023-11-16T00:10:01.087+0000] {logging_mixin.py:154} INFO - [2023-11-16T00:10:01.087+0000] {dag.py:2941} INFO - Sync 1 DAGs
[2023-11-16T00:10:01.096+0000] {logging_mixin.py:154} INFO - [2023-11-16T00:10:01.096+0000] {dag.py:3722} INFO - Setting next_dagrun for example_complex to None, run_after=None
[2023-11-16T00:10:01.109+0000] {processor.py:179} INFO - Processing /home/airflow/.local/lib/python3.8/site-packages/airflow/example_dags/example_complex.py took 0.063 seconds
[2023-11-16T00:10:31.986+0000] {processor.py:157} INFO - Started process (PID=291) to work on /home/airflow/.local/lib/python3.8/site-packages/airflow/example_dags/example_complex.py
[2023-11-16T00:10:31.987+0000] {processor.py:829} INFO - Processing file /home/airflow/.local/lib/python3.8/site-packages/airflow/example_dags/example_complex.py for tasks to queue
[2023-11-16T00:10:31.988+0000] {logging_mixin.py:154} INFO - [2023-11-16T00:10:31.988+0000] {dagbag.py:536} INFO - Filling up the DagBag from /home/airflow/.local/lib/python3.8/site-packages/airflow/example_dags/example_complex.py
[2023-11-16T00:10:31.996+0000] {processor.py:839} INFO - DAG(s) dict_keys(['example_complex']) retrieved from /home/airflow/.local/lib/python3.8/site-packages/airflow/example_dags/example_complex.py
[2023-11-16T00:10:32.017+0000] {logging_mixin.py:154} INFO - [2023-11-16T00:10:32.017+0000] {dag.py:2941} INFO - Sync 1 DAGs
[2023-11-16T00:10:32.026+0000] {logging_mixin.py:154} INFO - [2023-11-16T00:10:32.025+0000] {dag.py:3722} INFO - Setting next_dagrun for example_complex to None, run_after=None
[2023-11-16T00:10:32.037+0000] {processor.py:179} INFO - Processing /home/airflow/.local/lib/python3.8/site-packages/airflow/example_dags/example_complex.py took 0.053 seconds
[2023-11-16T00:11:02.265+0000] {processor.py:157} INFO - Started process (PID=348) to work on /home/airflow/.local/lib/python3.8/site-packages/airflow/example_dags/example_complex.py
[2023-11-16T00:11:02.266+0000] {processor.py:829} INFO - Processing file /home/airflow/.local/lib/python3.8/site-packages/airflow/example_dags/example_complex.py for tasks to queue
[2023-11-16T00:11:02.268+0000] {logging_mixin.py:154} INFO - [2023-11-16T00:11:02.268+0000] {dagbag.py:536} INFO - Filling up the DagBag from /home/airflow/.local/lib/python3.8/site-packages/airflow/example_dags/example_complex.py
[2023-11-16T00:11:02.275+0000] {processor.py:839} INFO - DAG(s) dict_keys(['example_complex']) retrieved from /home/airflow/.local/lib/python3.8/site-packages/airflow/example_dags/example_complex.py
[2023-11-16T00:11:02.295+0000] {logging_mixin.py:154} INFO - [2023-11-16T00:11:02.295+0000] {dag.py:2941} INFO - Sync 1 DAGs
[2023-11-16T00:11:02.303+0000] {logging_mixin.py:154} INFO - [2023-11-16T00:11:02.303+0000] {dag.py:3722} INFO - Setting next_dagrun for example_complex to None, run_after=None
[2023-11-16T00:11:02.315+0000] {processor.py:179} INFO - Processing /home/airflow/.local/lib/python3.8/site-packages/airflow/example_dags/example_complex.py took 0.053 seconds
[2023-11-16T00:11:33.274+0000] {processor.py:157} INFO - Started process (PID=405) to work on /home/airflow/.local/lib/python3.8/site-packages/airflow/example_dags/example_complex.py
[2023-11-16T00:11:33.275+0000] {processor.py:829} INFO - Processing file /home/airflow/.local/lib/python3.8/site-packages/airflow/example_dags/example_complex.py for tasks to queue
[2023-11-16T00:11:33.276+0000] {logging_mixin.py:154} INFO - [2023-11-16T00:11:33.276+0000] {dagbag.py:536} INFO - Filling up the DagBag from /home/airflow/.local/lib/python3.8/site-packages/airflow/example_dags/example_complex.py
[2023-11-16T00:11:33.285+0000] {processor.py:839} INFO - DAG(s) dict_keys(['example_complex']) retrieved from /home/airflow/.local/lib/python3.8/site-packages/airflow/example_dags/example_complex.py
[2023-11-16T00:11:33.309+0000] {logging_mixin.py:154} INFO - [2023-11-16T00:11:33.309+0000] {dag.py:2941} INFO - Sync 1 DAGs
[2023-11-16T00:11:33.319+0000] {logging_mixin.py:154} INFO - [2023-11-16T00:11:33.319+0000] {dag.py:3722} INFO - Setting next_dagrun for example_complex to None, run_after=None
[2023-11-16T00:11:33.338+0000] {processor.py:179} INFO - Processing /home/airflow/.local/lib/python3.8/site-packages/airflow/example_dags/example_complex.py took 0.067 seconds
[2023-11-16T00:12:04.399+0000] {processor.py:157} INFO - Started process (PID=462) to work on /home/airflow/.local/lib/python3.8/site-packages/airflow/example_dags/example_complex.py
[2023-11-16T00:12:04.400+0000] {processor.py:829} INFO - Processing file /home/airflow/.local/lib/python3.8/site-packages/airflow/example_dags/example_complex.py for tasks to queue
[2023-11-16T00:12:04.402+0000] {logging_mixin.py:154} INFO - [2023-11-16T00:12:04.402+0000] {dagbag.py:536} INFO - Filling up the DagBag from /home/airflow/.local/lib/python3.8/site-packages/airflow/example_dags/example_complex.py
[2023-11-16T00:12:04.409+0000] {processor.py:839} INFO - DAG(s) dict_keys(['example_complex']) retrieved from /home/airflow/.local/lib/python3.8/site-packages/airflow/example_dags/example_complex.py
[2023-11-16T00:12:04.430+0000] {logging_mixin.py:154} INFO - [2023-11-16T00:12:04.430+0000] {dag.py:2941} INFO - Sync 1 DAGs
[2023-11-16T00:12:04.439+0000] {logging_mixin.py:154} INFO - [2023-11-16T00:12:04.439+0000] {dag.py:3722} INFO - Setting next_dagrun for example_complex to None, run_after=None
[2023-11-16T00:12:04.451+0000] {processor.py:179} INFO - Processing /home/airflow/.local/lib/python3.8/site-packages/airflow/example_dags/example_complex.py took 0.054 seconds
[2023-11-16T00:12:34.569+0000] {processor.py:157} INFO - Started process (PID=520) to work on /home/airflow/.local/lib/python3.8/site-packages/airflow/example_dags/example_complex.py
[2023-11-16T00:12:34.570+0000] {processor.py:829} INFO - Processing file /home/airflow/.local/lib/python3.8/site-packages/airflow/example_dags/example_complex.py for tasks to queue
[2023-11-16T00:12:34.572+0000] {logging_mixin.py:154} INFO - [2023-11-16T00:12:34.572+0000] {dagbag.py:536} INFO - Filling up the DagBag from /home/airflow/.local/lib/python3.8/site-packages/airflow/example_dags/example_complex.py
[2023-11-16T00:12:34.580+0000] {processor.py:839} INFO - DAG(s) dict_keys(['example_complex']) retrieved from /home/airflow/.local/lib/python3.8/site-packages/airflow/example_dags/example_complex.py
[2023-11-16T00:12:34.601+0000] {logging_mixin.py:154} INFO - [2023-11-16T00:12:34.601+0000] {dag.py:2941} INFO - Sync 1 DAGs
[2023-11-16T00:12:34.609+0000] {logging_mixin.py:154} INFO - [2023-11-16T00:12:34.609+0000] {dag.py:3722} INFO - Setting next_dagrun for example_complex to None, run_after=None
[2023-11-16T00:12:34.622+0000] {processor.py:179} INFO - Processing /home/airflow/.local/lib/python3.8/site-packages/airflow/example_dags/example_complex.py took 0.055 seconds
[2023-11-16T00:13:04.687+0000] {processor.py:157} INFO - Started process (PID=576) to work on /home/airflow/.local/lib/python3.8/site-packages/airflow/example_dags/example_complex.py
[2023-11-16T00:13:04.688+0000] {processor.py:829} INFO - Processing file /home/airflow/.local/lib/python3.8/site-packages/airflow/example_dags/example_complex.py for tasks to queue
[2023-11-16T00:13:04.689+0000] {logging_mixin.py:154} INFO - [2023-11-16T00:13:04.689+0000] {dagbag.py:536} INFO - Filling up the DagBag from /home/airflow/.local/lib/python3.8/site-packages/airflow/example_dags/example_complex.py
[2023-11-16T00:13:04.696+0000] {processor.py:839} INFO - DAG(s) dict_keys(['example_complex']) retrieved from /home/airflow/.local/lib/python3.8/site-packages/airflow/example_dags/example_complex.py
[2023-11-16T00:13:04.716+0000] {logging_mixin.py:154} INFO - [2023-11-16T00:13:04.716+0000] {dag.py:2941} INFO - Sync 1 DAGs
[2023-11-16T00:13:04.724+0000] {logging_mixin.py:154} INFO - [2023-11-16T00:13:04.724+0000] {dag.py:3722} INFO - Setting next_dagrun for example_complex to None, run_after=None
[2023-11-16T00:13:04.735+0000] {processor.py:179} INFO - Processing /home/airflow/.local/lib/python3.8/site-packages/airflow/example_dags/example_complex.py took 0.050 seconds
[2023-11-16T00:13:34.810+0000] {processor.py:157} INFO - Started process (PID=633) to work on /home/airflow/.local/lib/python3.8/site-packages/airflow/example_dags/example_complex.py
[2023-11-16T00:13:34.811+0000] {processor.py:829} INFO - Processing file /home/airflow/.local/lib/python3.8/site-packages/airflow/example_dags/example_complex.py for tasks to queue
[2023-11-16T00:13:34.813+0000] {logging_mixin.py:154} INFO - [2023-11-16T00:13:34.813+0000] {dagbag.py:536} INFO - Filling up the DagBag from /home/airflow/.local/lib/python3.8/site-packages/airflow/example_dags/example_complex.py
[2023-11-16T00:13:34.820+0000] {processor.py:839} INFO - DAG(s) dict_keys(['example_complex']) retrieved from /home/airflow/.local/lib/python3.8/site-packages/airflow/example_dags/example_complex.py
[2023-11-16T00:13:34.839+0000] {logging_mixin.py:154} INFO - [2023-11-16T00:13:34.839+0000] {dag.py:2941} INFO - Sync 1 DAGs
[2023-11-16T00:13:34.847+0000] {logging_mixin.py:154} INFO - [2023-11-16T00:13:34.847+0000] {dag.py:3722} INFO - Setting next_dagrun for example_complex to None, run_after=None
[2023-11-16T00:13:34.861+0000] {processor.py:179} INFO - Processing /home/airflow/.local/lib/python3.8/site-packages/airflow/example_dags/example_complex.py took 0.052 seconds
[2023-11-16T00:14:04.933+0000] {processor.py:157} INFO - Started process (PID=690) to work on /home/airflow/.local/lib/python3.8/site-packages/airflow/example_dags/example_complex.py
[2023-11-16T00:14:04.934+0000] {processor.py:829} INFO - Processing file /home/airflow/.local/lib/python3.8/site-packages/airflow/example_dags/example_complex.py for tasks to queue
[2023-11-16T00:14:04.936+0000] {logging_mixin.py:154} INFO - [2023-11-16T00:14:04.936+0000] {dagbag.py:536} INFO - Filling up the DagBag from /home/airflow/.local/lib/python3.8/site-packages/airflow/example_dags/example_complex.py
[2023-11-16T00:14:04.943+0000] {processor.py:839} INFO - DAG(s) dict_keys(['example_complex']) retrieved from /home/airflow/.local/lib/python3.8/site-packages/airflow/example_dags/example_complex.py
[2023-11-16T00:14:04.966+0000] {logging_mixin.py:154} INFO - [2023-11-16T00:14:04.966+0000] {dag.py:2941} INFO - Sync 1 DAGs
[2023-11-16T00:14:04.975+0000] {logging_mixin.py:154} INFO - [2023-11-16T00:14:04.975+0000] {dag.py:3722} INFO - Setting next_dagrun for example_complex to None, run_after=None
[2023-11-16T00:14:04.992+0000] {processor.py:179} INFO - Processing /home/airflow/.local/lib/python3.8/site-packages/airflow/example_dags/example_complex.py took 0.061 seconds
[2023-11-16T00:14:35.027+0000] {processor.py:157} INFO - Started process (PID=746) to work on /home/airflow/.local/lib/python3.8/site-packages/airflow/example_dags/example_complex.py
[2023-11-16T00:14:35.028+0000] {processor.py:829} INFO - Processing file /home/airflow/.local/lib/python3.8/site-packages/airflow/example_dags/example_complex.py for tasks to queue
[2023-11-16T00:14:35.030+0000] {logging_mixin.py:154} INFO - [2023-11-16T00:14:35.030+0000] {dagbag.py:536} INFO - Filling up the DagBag from /home/airflow/.local/lib/python3.8/site-packages/airflow/example_dags/example_complex.py
[2023-11-16T00:14:35.042+0000] {processor.py:839} INFO - DAG(s) dict_keys(['example_complex']) retrieved from /home/airflow/.local/lib/python3.8/site-packages/airflow/example_dags/example_complex.py
[2023-11-16T00:14:35.102+0000] {logging_mixin.py:154} INFO - [2023-11-16T00:14:35.102+0000] {dag.py:2941} INFO - Sync 1 DAGs
[2023-11-16T00:14:35.110+0000] {logging_mixin.py:154} INFO - [2023-11-16T00:14:35.110+0000] {dag.py:3722} INFO - Setting next_dagrun for example_complex to None, run_after=None
[2023-11-16T00:14:35.124+0000] {processor.py:179} INFO - Processing /home/airflow/.local/lib/python3.8/site-packages/airflow/example_dags/example_complex.py took 0.101 seconds
[2023-11-16T00:15:05.365+0000] {processor.py:157} INFO - Started process (PID=804) to work on /home/airflow/.local/lib/python3.8/site-packages/airflow/example_dags/example_complex.py
[2023-11-16T00:15:05.366+0000] {processor.py:829} INFO - Processing file /home/airflow/.local/lib/python3.8/site-packages/airflow/example_dags/example_complex.py for tasks to queue
[2023-11-16T00:15:05.368+0000] {logging_mixin.py:154} INFO - [2023-11-16T00:15:05.368+0000] {dagbag.py:536} INFO - Filling up the DagBag from /home/airflow/.local/lib/python3.8/site-packages/airflow/example_dags/example_complex.py
[2023-11-16T00:15:05.375+0000] {processor.py:839} INFO - DAG(s) dict_keys(['example_complex']) retrieved from /home/airflow/.local/lib/python3.8/site-packages/airflow/example_dags/example_complex.py
[2023-11-16T00:15:05.394+0000] {logging_mixin.py:154} INFO - [2023-11-16T00:15:05.394+0000] {dag.py:2941} INFO - Sync 1 DAGs
[2023-11-16T00:15:05.402+0000] {logging_mixin.py:154} INFO - [2023-11-16T00:15:05.402+0000] {dag.py:3722} INFO - Setting next_dagrun for example_complex to None, run_after=None
[2023-11-16T00:15:05.416+0000] {processor.py:179} INFO - Processing /home/airflow/.local/lib/python3.8/site-packages/airflow/example_dags/example_complex.py took 0.052 seconds
[2023-11-16T00:15:35.482+0000] {processor.py:157} INFO - Started process (PID=861) to work on /home/airflow/.local/lib/python3.8/site-packages/airflow/example_dags/example_complex.py
[2023-11-16T00:15:35.484+0000] {processor.py:829} INFO - Processing file /home/airflow/.local/lib/python3.8/site-packages/airflow/example_dags/example_complex.py for tasks to queue
[2023-11-16T00:15:35.485+0000] {logging_mixin.py:154} INFO - [2023-11-16T00:15:35.485+0000] {dagbag.py:536} INFO - Filling up the DagBag from /home/airflow/.local/lib/python3.8/site-packages/airflow/example_dags/example_complex.py
[2023-11-16T00:15:35.492+0000] {processor.py:839} INFO - DAG(s) dict_keys(['example_complex']) retrieved from /home/airflow/.local/lib/python3.8/site-packages/airflow/example_dags/example_complex.py
[2023-11-16T00:15:35.511+0000] {logging_mixin.py:154} INFO - [2023-11-16T00:15:35.511+0000] {dag.py:2941} INFO - Sync 1 DAGs
[2023-11-16T00:15:35.520+0000] {logging_mixin.py:154} INFO - [2023-11-16T00:15:35.520+0000] {dag.py:3722} INFO - Setting next_dagrun for example_complex to None, run_after=None
[2023-11-16T00:15:35.532+0000] {processor.py:179} INFO - Processing /home/airflow/.local/lib/python3.8/site-packages/airflow/example_dags/example_complex.py took 0.052 seconds
[2023-11-16T00:16:05.608+0000] {processor.py:157} INFO - Started process (PID=919) to work on /home/airflow/.local/lib/python3.8/site-packages/airflow/example_dags/example_complex.py
[2023-11-16T00:16:05.609+0000] {processor.py:829} INFO - Processing file /home/airflow/.local/lib/python3.8/site-packages/airflow/example_dags/example_complex.py for tasks to queue
[2023-11-16T00:16:05.610+0000] {logging_mixin.py:154} INFO - [2023-11-16T00:16:05.610+0000] {dagbag.py:536} INFO - Filling up the DagBag from /home/airflow/.local/lib/python3.8/site-packages/airflow/example_dags/example_complex.py
[2023-11-16T00:16:05.618+0000] {processor.py:839} INFO - DAG(s) dict_keys(['example_complex']) retrieved from /home/airflow/.local/lib/python3.8/site-packages/airflow/example_dags/example_complex.py
[2023-11-16T00:16:05.638+0000] {logging_mixin.py:154} INFO - [2023-11-16T00:16:05.638+0000] {dag.py:2941} INFO - Sync 1 DAGs
[2023-11-16T00:16:05.647+0000] {logging_mixin.py:154} INFO - [2023-11-16T00:16:05.647+0000] {dag.py:3722} INFO - Setting next_dagrun for example_complex to None, run_after=None
[2023-11-16T00:16:05.661+0000] {processor.py:179} INFO - Processing /home/airflow/.local/lib/python3.8/site-packages/airflow/example_dags/example_complex.py took 0.055 seconds
[2023-11-16T00:16:35.840+0000] {processor.py:157} INFO - Started process (PID=975) to work on /home/airflow/.local/lib/python3.8/site-packages/airflow/example_dags/example_complex.py
[2023-11-16T00:16:35.841+0000] {processor.py:829} INFO - Processing file /home/airflow/.local/lib/python3.8/site-packages/airflow/example_dags/example_complex.py for tasks to queue
[2023-11-16T00:16:35.844+0000] {logging_mixin.py:154} INFO - [2023-11-16T00:16:35.844+0000] {dagbag.py:536} INFO - Filling up the DagBag from /home/airflow/.local/lib/python3.8/site-packages/airflow/example_dags/example_complex.py
[2023-11-16T00:16:35.851+0000] {processor.py:839} INFO - DAG(s) dict_keys(['example_complex']) retrieved from /home/airflow/.local/lib/python3.8/site-packages/airflow/example_dags/example_complex.py
[2023-11-16T00:16:35.873+0000] {logging_mixin.py:154} INFO - [2023-11-16T00:16:35.873+0000] {dag.py:2941} INFO - Sync 1 DAGs
[2023-11-16T00:16:35.881+0000] {logging_mixin.py:154} INFO - [2023-11-16T00:16:35.881+0000] {dag.py:3722} INFO - Setting next_dagrun for example_complex to None, run_after=None
[2023-11-16T00:16:35.893+0000] {processor.py:179} INFO - Processing /home/airflow/.local/lib/python3.8/site-packages/airflow/example_dags/example_complex.py took 0.056 seconds
[2023-11-16T00:17:06.054+0000] {processor.py:157} INFO - Started process (PID=1031) to work on /home/airflow/.local/lib/python3.8/site-packages/airflow/example_dags/example_complex.py
[2023-11-16T00:17:06.054+0000] {processor.py:829} INFO - Processing file /home/airflow/.local/lib/python3.8/site-packages/airflow/example_dags/example_complex.py for tasks to queue
[2023-11-16T00:17:06.056+0000] {logging_mixin.py:154} INFO - [2023-11-16T00:17:06.056+0000] {dagbag.py:536} INFO - Filling up the DagBag from /home/airflow/.local/lib/python3.8/site-packages/airflow/example_dags/example_complex.py
[2023-11-16T00:17:06.063+0000] {processor.py:839} INFO - DAG(s) dict_keys(['example_complex']) retrieved from /home/airflow/.local/lib/python3.8/site-packages/airflow/example_dags/example_complex.py
[2023-11-16T00:17:06.084+0000] {logging_mixin.py:154} INFO - [2023-11-16T00:17:06.084+0000] {dag.py:2941} INFO - Sync 1 DAGs
[2023-11-16T00:17:06.093+0000] {logging_mixin.py:154} INFO - [2023-11-16T00:17:06.093+0000] {dag.py:3722} INFO - Setting next_dagrun for example_complex to None, run_after=None
[2023-11-16T00:17:06.107+0000] {processor.py:179} INFO - Processing /home/airflow/.local/lib/python3.8/site-packages/airflow/example_dags/example_complex.py took 0.056 seconds
[2023-11-16T00:17:36.311+0000] {processor.py:157} INFO - Started process (PID=1089) to work on /home/airflow/.local/lib/python3.8/site-packages/airflow/example_dags/example_complex.py
[2023-11-16T00:17:36.312+0000] {processor.py:829} INFO - Processing file /home/airflow/.local/lib/python3.8/site-packages/airflow/example_dags/example_complex.py for tasks to queue
[2023-11-16T00:17:36.313+0000] {logging_mixin.py:154} INFO - [2023-11-16T00:17:36.313+0000] {dagbag.py:536} INFO - Filling up the DagBag from /home/airflow/.local/lib/python3.8/site-packages/airflow/example_dags/example_complex.py
[2023-11-16T00:17:36.320+0000] {processor.py:839} INFO - DAG(s) dict_keys(['example_complex']) retrieved from /home/airflow/.local/lib/python3.8/site-packages/airflow/example_dags/example_complex.py
[2023-11-16T00:17:36.340+0000] {logging_mixin.py:154} INFO - [2023-11-16T00:17:36.340+0000] {dag.py:2941} INFO - Sync 1 DAGs
[2023-11-16T00:17:36.347+0000] {logging_mixin.py:154} INFO - [2023-11-16T00:17:36.347+0000] {dag.py:3722} INFO - Setting next_dagrun for example_complex to None, run_after=None
[2023-11-16T00:17:36.359+0000] {processor.py:179} INFO - Processing /home/airflow/.local/lib/python3.8/site-packages/airflow/example_dags/example_complex.py took 0.051 seconds
[2023-11-16T00:18:06.575+0000] {processor.py:157} INFO - Started process (PID=1146) to work on /home/airflow/.local/lib/python3.8/site-packages/airflow/example_dags/example_complex.py
[2023-11-16T00:18:06.576+0000] {processor.py:829} INFO - Processing file /home/airflow/.local/lib/python3.8/site-packages/airflow/example_dags/example_complex.py for tasks to queue
[2023-11-16T00:18:06.577+0000] {logging_mixin.py:154} INFO - [2023-11-16T00:18:06.577+0000] {dagbag.py:536} INFO - Filling up the DagBag from /home/airflow/.local/lib/python3.8/site-packages/airflow/example_dags/example_complex.py
[2023-11-16T00:18:06.586+0000] {processor.py:839} INFO - DAG(s) dict_keys(['example_complex']) retrieved from /home/airflow/.local/lib/python3.8/site-packages/airflow/example_dags/example_complex.py
[2023-11-16T00:18:06.608+0000] {logging_mixin.py:154} INFO - [2023-11-16T00:18:06.608+0000] {dag.py:2941} INFO - Sync 1 DAGs
[2023-11-16T00:18:06.616+0000] {logging_mixin.py:154} INFO - [2023-11-16T00:18:06.616+0000] {dag.py:3722} INFO - Setting next_dagrun for example_complex to None, run_after=None
[2023-11-16T00:18:06.631+0000] {processor.py:179} INFO - Processing /home/airflow/.local/lib/python3.8/site-packages/airflow/example_dags/example_complex.py took 0.058 seconds
[2023-11-16T00:18:37.238+0000] {processor.py:157} INFO - Started process (PID=1203) to work on /home/airflow/.local/lib/python3.8/site-packages/airflow/example_dags/example_complex.py
[2023-11-16T00:18:37.239+0000] {processor.py:829} INFO - Processing file /home/airflow/.local/lib/python3.8/site-packages/airflow/example_dags/example_complex.py for tasks to queue
[2023-11-16T00:18:37.241+0000] {logging_mixin.py:154} INFO - [2023-11-16T00:18:37.241+0000] {dagbag.py:536} INFO - Filling up the DagBag from /home/airflow/.local/lib/python3.8/site-packages/airflow/example_dags/example_complex.py
[2023-11-16T00:18:37.248+0000] {processor.py:839} INFO - DAG(s) dict_keys(['example_complex']) retrieved from /home/airflow/.local/lib/python3.8/site-packages/airflow/example_dags/example_complex.py
[2023-11-16T00:18:37.268+0000] {logging_mixin.py:154} INFO - [2023-11-16T00:18:37.268+0000] {dag.py:2941} INFO - Sync 1 DAGs
[2023-11-16T00:18:37.276+0000] {logging_mixin.py:154} INFO - [2023-11-16T00:18:37.276+0000] {dag.py:3722} INFO - Setting next_dagrun for example_complex to None, run_after=None
[2023-11-16T00:18:37.291+0000] {processor.py:179} INFO - Processing /home/airflow/.local/lib/python3.8/site-packages/airflow/example_dags/example_complex.py took 0.055 seconds
[2023-11-16T00:19:07.543+0000] {processor.py:157} INFO - Started process (PID=1260) to work on /home/airflow/.local/lib/python3.8/site-packages/airflow/example_dags/example_complex.py
[2023-11-16T00:19:07.544+0000] {processor.py:829} INFO - Processing file /home/airflow/.local/lib/python3.8/site-packages/airflow/example_dags/example_complex.py for tasks to queue
[2023-11-16T00:19:07.545+0000] {logging_mixin.py:154} INFO - [2023-11-16T00:19:07.545+0000] {dagbag.py:536} INFO - Filling up the DagBag from /home/airflow/.local/lib/python3.8/site-packages/airflow/example_dags/example_complex.py
[2023-11-16T00:19:07.552+0000] {processor.py:839} INFO - DAG(s) dict_keys(['example_complex']) retrieved from /home/airflow/.local/lib/python3.8/site-packages/airflow/example_dags/example_complex.py
[2023-11-16T00:19:07.572+0000] {logging_mixin.py:154} INFO - [2023-11-16T00:19:07.572+0000] {dag.py:2941} INFO - Sync 1 DAGs
[2023-11-16T00:19:07.581+0000] {logging_mixin.py:154} INFO - [2023-11-16T00:19:07.581+0000] {dag.py:3722} INFO - Setting next_dagrun for example_complex to None, run_after=None
[2023-11-16T00:19:07.594+0000] {processor.py:179} INFO - Processing /home/airflow/.local/lib/python3.8/site-packages/airflow/example_dags/example_complex.py took 0.053 seconds
[2023-11-16T00:19:37.741+0000] {processor.py:157} INFO - Started process (PID=1318) to work on /home/airflow/.local/lib/python3.8/site-packages/airflow/example_dags/example_complex.py
[2023-11-16T00:19:37.741+0000] {processor.py:829} INFO - Processing file /home/airflow/.local/lib/python3.8/site-packages/airflow/example_dags/example_complex.py for tasks to queue
[2023-11-16T00:19:37.743+0000] {logging_mixin.py:154} INFO - [2023-11-16T00:19:37.743+0000] {dagbag.py:536} INFO - Filling up the DagBag from /home/airflow/.local/lib/python3.8/site-packages/airflow/example_dags/example_complex.py
[2023-11-16T00:19:37.750+0000] {processor.py:839} INFO - DAG(s) dict_keys(['example_complex']) retrieved from /home/airflow/.local/lib/python3.8/site-packages/airflow/example_dags/example_complex.py
[2023-11-16T00:19:37.769+0000] {logging_mixin.py:154} INFO - [2023-11-16T00:19:37.769+0000] {dag.py:2941} INFO - Sync 1 DAGs
[2023-11-16T00:19:37.777+0000] {logging_mixin.py:154} INFO - [2023-11-16T00:19:37.777+0000] {dag.py:3722} INFO - Setting next_dagrun for example_complex to None, run_after=None
[2023-11-16T00:19:37.881+0000] {processor.py:179} INFO - Processing /home/airflow/.local/lib/python3.8/site-packages/airflow/example_dags/example_complex.py took 0.142 seconds
[2023-11-16T00:20:08.006+0000] {processor.py:157} INFO - Started process (PID=1375) to work on /home/airflow/.local/lib/python3.8/site-packages/airflow/example_dags/example_complex.py
[2023-11-16T00:20:08.007+0000] {processor.py:829} INFO - Processing file /home/airflow/.local/lib/python3.8/site-packages/airflow/example_dags/example_complex.py for tasks to queue
[2023-11-16T00:20:08.009+0000] {logging_mixin.py:154} INFO - [2023-11-16T00:20:08.008+0000] {dagbag.py:536} INFO - Filling up the DagBag from /home/airflow/.local/lib/python3.8/site-packages/airflow/example_dags/example_complex.py
[2023-11-16T00:20:08.016+0000] {processor.py:839} INFO - DAG(s) dict_keys(['example_complex']) retrieved from /home/airflow/.local/lib/python3.8/site-packages/airflow/example_dags/example_complex.py
[2023-11-16T00:20:08.035+0000] {logging_mixin.py:154} INFO - [2023-11-16T00:20:08.035+0000] {dag.py:2941} INFO - Sync 1 DAGs
[2023-11-16T00:20:08.046+0000] {logging_mixin.py:154} INFO - [2023-11-16T00:20:08.046+0000] {dag.py:3722} INFO - Setting next_dagrun for example_complex to None, run_after=None
[2023-11-16T00:20:08.058+0000] {processor.py:179} INFO - Processing /home/airflow/.local/lib/python3.8/site-packages/airflow/example_dags/example_complex.py took 0.056 seconds
[2023-11-16T00:20:38.424+0000] {processor.py:157} INFO - Started process (PID=1432) to work on /home/airflow/.local/lib/python3.8/site-packages/airflow/example_dags/example_complex.py
[2023-11-16T00:20:38.425+0000] {processor.py:829} INFO - Processing file /home/airflow/.local/lib/python3.8/site-packages/airflow/example_dags/example_complex.py for tasks to queue
[2023-11-16T00:20:38.427+0000] {logging_mixin.py:154} INFO - [2023-11-16T00:20:38.427+0000] {dagbag.py:536} INFO - Filling up the DagBag from /home/airflow/.local/lib/python3.8/site-packages/airflow/example_dags/example_complex.py
[2023-11-16T00:20:38.435+0000] {processor.py:839} INFO - DAG(s) dict_keys(['example_complex']) retrieved from /home/airflow/.local/lib/python3.8/site-packages/airflow/example_dags/example_complex.py
[2023-11-16T00:20:38.458+0000] {logging_mixin.py:154} INFO - [2023-11-16T00:20:38.458+0000] {dag.py:2941} INFO - Sync 1 DAGs
[2023-11-16T00:20:38.466+0000] {logging_mixin.py:154} INFO - [2023-11-16T00:20:38.466+0000] {dag.py:3722} INFO - Setting next_dagrun for example_complex to None, run_after=None
[2023-11-16T00:20:38.479+0000] {processor.py:179} INFO - Processing /home/airflow/.local/lib/python3.8/site-packages/airflow/example_dags/example_complex.py took 0.057 seconds
[2023-11-16T00:21:08.876+0000] {processor.py:157} INFO - Started process (PID=1489) to work on /home/airflow/.local/lib/python3.8/site-packages/airflow/example_dags/example_complex.py
[2023-11-16T00:21:08.876+0000] {processor.py:829} INFO - Processing file /home/airflow/.local/lib/python3.8/site-packages/airflow/example_dags/example_complex.py for tasks to queue
[2023-11-16T00:21:08.878+0000] {logging_mixin.py:154} INFO - [2023-11-16T00:21:08.878+0000] {dagbag.py:536} INFO - Filling up the DagBag from /home/airflow/.local/lib/python3.8/site-packages/airflow/example_dags/example_complex.py
[2023-11-16T00:21:08.886+0000] {processor.py:839} INFO - DAG(s) dict_keys(['example_complex']) retrieved from /home/airflow/.local/lib/python3.8/site-packages/airflow/example_dags/example_complex.py
[2023-11-16T00:21:08.907+0000] {logging_mixin.py:154} INFO - [2023-11-16T00:21:08.907+0000] {dag.py:2941} INFO - Sync 1 DAGs
[2023-11-16T00:21:09.009+0000] {logging_mixin.py:154} INFO - [2023-11-16T00:21:09.008+0000] {dag.py:3722} INFO - Setting next_dagrun for example_complex to None, run_after=None
[2023-11-16T00:21:09.019+0000] {processor.py:179} INFO - Processing /home/airflow/.local/lib/python3.8/site-packages/airflow/example_dags/example_complex.py took 0.146 seconds
[2023-11-16T00:21:39.884+0000] {processor.py:157} INFO - Started process (PID=1546) to work on /home/airflow/.local/lib/python3.8/site-packages/airflow/example_dags/example_complex.py
[2023-11-16T00:21:39.885+0000] {processor.py:829} INFO - Processing file /home/airflow/.local/lib/python3.8/site-packages/airflow/example_dags/example_complex.py for tasks to queue
[2023-11-16T00:21:39.886+0000] {logging_mixin.py:154} INFO - [2023-11-16T00:21:39.886+0000] {dagbag.py:536} INFO - Filling up the DagBag from /home/airflow/.local/lib/python3.8/site-packages/airflow/example_dags/example_complex.py
[2023-11-16T00:21:39.893+0000] {processor.py:839} INFO - DAG(s) dict_keys(['example_complex']) retrieved from /home/airflow/.local/lib/python3.8/site-packages/airflow/example_dags/example_complex.py
[2023-11-16T00:21:39.912+0000] {logging_mixin.py:154} INFO - [2023-11-16T00:21:39.912+0000] {dag.py:2941} INFO - Sync 1 DAGs
[2023-11-16T00:21:39.920+0000] {logging_mixin.py:154} INFO - [2023-11-16T00:21:39.920+0000] {dag.py:3722} INFO - Setting next_dagrun for example_complex to None, run_after=None
[2023-11-16T00:21:39.934+0000] {processor.py:179} INFO - Processing /home/airflow/.local/lib/python3.8/site-packages/airflow/example_dags/example_complex.py took 0.052 seconds
[2023-11-16T00:22:10.490+0000] {processor.py:157} INFO - Started process (PID=1603) to work on /home/airflow/.local/lib/python3.8/site-packages/airflow/example_dags/example_complex.py
[2023-11-16T00:22:10.491+0000] {processor.py:829} INFO - Processing file /home/airflow/.local/lib/python3.8/site-packages/airflow/example_dags/example_complex.py for tasks to queue
[2023-11-16T00:22:10.492+0000] {logging_mixin.py:154} INFO - [2023-11-16T00:22:10.492+0000] {dagbag.py:536} INFO - Filling up the DagBag from /home/airflow/.local/lib/python3.8/site-packages/airflow/example_dags/example_complex.py
[2023-11-16T00:22:10.499+0000] {processor.py:839} INFO - DAG(s) dict_keys(['example_complex']) retrieved from /home/airflow/.local/lib/python3.8/site-packages/airflow/example_dags/example_complex.py
[2023-11-16T00:22:10.518+0000] {logging_mixin.py:154} INFO - [2023-11-16T00:22:10.518+0000] {dag.py:2941} INFO - Sync 1 DAGs
[2023-11-16T00:22:10.526+0000] {logging_mixin.py:154} INFO - [2023-11-16T00:22:10.526+0000] {dag.py:3722} INFO - Setting next_dagrun for example_complex to None, run_after=None
[2023-11-16T00:22:10.540+0000] {processor.py:179} INFO - Processing /home/airflow/.local/lib/python3.8/site-packages/airflow/example_dags/example_complex.py took 0.052 seconds
[2023-11-16T00:22:41.153+0000] {processor.py:157} INFO - Started process (PID=1660) to work on /home/airflow/.local/lib/python3.8/site-packages/airflow/example_dags/example_complex.py
[2023-11-16T00:22:41.154+0000] {processor.py:829} INFO - Processing file /home/airflow/.local/lib/python3.8/site-packages/airflow/example_dags/example_complex.py for tasks to queue
[2023-11-16T00:22:41.155+0000] {logging_mixin.py:154} INFO - [2023-11-16T00:22:41.155+0000] {dagbag.py:536} INFO - Filling up the DagBag from /home/airflow/.local/lib/python3.8/site-packages/airflow/example_dags/example_complex.py
[2023-11-16T00:22:41.162+0000] {processor.py:839} INFO - DAG(s) dict_keys(['example_complex']) retrieved from /home/airflow/.local/lib/python3.8/site-packages/airflow/example_dags/example_complex.py
[2023-11-16T00:22:41.276+0000] {logging_mixin.py:154} INFO - [2023-11-16T00:22:41.275+0000] {dag.py:2941} INFO - Sync 1 DAGs
[2023-11-16T00:22:41.282+0000] {logging_mixin.py:154} INFO - [2023-11-16T00:22:41.282+0000] {dag.py:3722} INFO - Setting next_dagrun for example_complex to None, run_after=None
[2023-11-16T00:22:41.298+0000] {processor.py:179} INFO - Processing /home/airflow/.local/lib/python3.8/site-packages/airflow/example_dags/example_complex.py took 0.147 seconds
[2023-11-16T00:23:11.746+0000] {processor.py:157} INFO - Started process (PID=1717) to work on /home/airflow/.local/lib/python3.8/site-packages/airflow/example_dags/example_complex.py
[2023-11-16T00:23:11.747+0000] {processor.py:829} INFO - Processing file /home/airflow/.local/lib/python3.8/site-packages/airflow/example_dags/example_complex.py for tasks to queue
[2023-11-16T00:23:11.749+0000] {logging_mixin.py:154} INFO - [2023-11-16T00:23:11.749+0000] {dagbag.py:536} INFO - Filling up the DagBag from /home/airflow/.local/lib/python3.8/site-packages/airflow/example_dags/example_complex.py
[2023-11-16T00:23:11.756+0000] {processor.py:839} INFO - DAG(s) dict_keys(['example_complex']) retrieved from /home/airflow/.local/lib/python3.8/site-packages/airflow/example_dags/example_complex.py
[2023-11-16T00:23:11.776+0000] {logging_mixin.py:154} INFO - [2023-11-16T00:23:11.776+0000] {dag.py:2941} INFO - Sync 1 DAGs
[2023-11-16T00:23:11.874+0000] {logging_mixin.py:154} INFO - [2023-11-16T00:23:11.874+0000] {dag.py:3722} INFO - Setting next_dagrun for example_complex to None, run_after=None
[2023-11-16T00:23:11.885+0000] {processor.py:179} INFO - Processing /home/airflow/.local/lib/python3.8/site-packages/airflow/example_dags/example_complex.py took 0.141 seconds
[2023-11-16T00:23:42.808+0000] {processor.py:157} INFO - Started process (PID=1774) to work on /home/airflow/.local/lib/python3.8/site-packages/airflow/example_dags/example_complex.py
[2023-11-16T00:23:42.809+0000] {processor.py:829} INFO - Processing file /home/airflow/.local/lib/python3.8/site-packages/airflow/example_dags/example_complex.py for tasks to queue
[2023-11-16T00:23:42.811+0000] {logging_mixin.py:154} INFO - [2023-11-16T00:23:42.811+0000] {dagbag.py:536} INFO - Filling up the DagBag from /home/airflow/.local/lib/python3.8/site-packages/airflow/example_dags/example_complex.py
[2023-11-16T00:23:42.818+0000] {processor.py:839} INFO - DAG(s) dict_keys(['example_complex']) retrieved from /home/airflow/.local/lib/python3.8/site-packages/airflow/example_dags/example_complex.py
[2023-11-16T00:23:42.838+0000] {logging_mixin.py:154} INFO - [2023-11-16T00:23:42.838+0000] {dag.py:2941} INFO - Sync 1 DAGs
[2023-11-16T00:23:42.847+0000] {logging_mixin.py:154} INFO - [2023-11-16T00:23:42.847+0000] {dag.py:3722} INFO - Setting next_dagrun for example_complex to None, run_after=None
[2023-11-16T00:23:42.955+0000] {processor.py:179} INFO - Processing /home/airflow/.local/lib/python3.8/site-packages/airflow/example_dags/example_complex.py took 0.148 seconds
[2023-11-16T00:24:13.121+0000] {processor.py:157} INFO - Started process (PID=1831) to work on /home/airflow/.local/lib/python3.8/site-packages/airflow/example_dags/example_complex.py
[2023-11-16T00:24:13.122+0000] {processor.py:829} INFO - Processing file /home/airflow/.local/lib/python3.8/site-packages/airflow/example_dags/example_complex.py for tasks to queue
[2023-11-16T00:24:13.124+0000] {logging_mixin.py:154} INFO - [2023-11-16T00:24:13.123+0000] {dagbag.py:536} INFO - Filling up the DagBag from /home/airflow/.local/lib/python3.8/site-packages/airflow/example_dags/example_complex.py
[2023-11-16T00:24:13.131+0000] {processor.py:839} INFO - DAG(s) dict_keys(['example_complex']) retrieved from /home/airflow/.local/lib/python3.8/site-packages/airflow/example_dags/example_complex.py
[2023-11-16T00:24:13.151+0000] {logging_mixin.py:154} INFO - [2023-11-16T00:24:13.151+0000] {dag.py:2941} INFO - Sync 1 DAGs
[2023-11-16T00:24:13.159+0000] {logging_mixin.py:154} INFO - [2023-11-16T00:24:13.158+0000] {dag.py:3722} INFO - Setting next_dagrun for example_complex to None, run_after=None
[2023-11-16T00:24:13.170+0000] {processor.py:179} INFO - Processing /home/airflow/.local/lib/python3.8/site-packages/airflow/example_dags/example_complex.py took 0.052 seconds
[2023-11-16T00:24:43.230+0000] {processor.py:157} INFO - Started process (PID=1888) to work on /home/airflow/.local/lib/python3.8/site-packages/airflow/example_dags/example_complex.py
[2023-11-16T00:24:43.231+0000] {processor.py:829} INFO - Processing file /home/airflow/.local/lib/python3.8/site-packages/airflow/example_dags/example_complex.py for tasks to queue
[2023-11-16T00:24:43.232+0000] {logging_mixin.py:154} INFO - [2023-11-16T00:24:43.232+0000] {dagbag.py:536} INFO - Filling up the DagBag from /home/airflow/.local/lib/python3.8/site-packages/airflow/example_dags/example_complex.py
[2023-11-16T00:24:43.239+0000] {processor.py:839} INFO - DAG(s) dict_keys(['example_complex']) retrieved from /home/airflow/.local/lib/python3.8/site-packages/airflow/example_dags/example_complex.py
[2023-11-16T00:24:43.261+0000] {logging_mixin.py:154} INFO - [2023-11-16T00:24:43.261+0000] {dag.py:2941} INFO - Sync 1 DAGs
[2023-11-16T00:24:43.270+0000] {logging_mixin.py:154} INFO - [2023-11-16T00:24:43.270+0000] {dag.py:3722} INFO - Setting next_dagrun for example_complex to None, run_after=None
[2023-11-16T00:24:43.286+0000] {processor.py:179} INFO - Processing /home/airflow/.local/lib/python3.8/site-packages/airflow/example_dags/example_complex.py took 0.058 seconds
[2023-11-16T00:25:13.459+0000] {processor.py:157} INFO - Started process (PID=1945) to work on /home/airflow/.local/lib/python3.8/site-packages/airflow/example_dags/example_complex.py
[2023-11-16T00:25:13.460+0000] {processor.py:829} INFO - Processing file /home/airflow/.local/lib/python3.8/site-packages/airflow/example_dags/example_complex.py for tasks to queue
[2023-11-16T00:25:13.462+0000] {logging_mixin.py:154} INFO - [2023-11-16T00:25:13.462+0000] {dagbag.py:536} INFO - Filling up the DagBag from /home/airflow/.local/lib/python3.8/site-packages/airflow/example_dags/example_complex.py
[2023-11-16T00:25:13.469+0000] {processor.py:839} INFO - DAG(s) dict_keys(['example_complex']) retrieved from /home/airflow/.local/lib/python3.8/site-packages/airflow/example_dags/example_complex.py
[2023-11-16T00:25:13.490+0000] {logging_mixin.py:154} INFO - [2023-11-16T00:25:13.490+0000] {dag.py:2941} INFO - Sync 1 DAGs
[2023-11-16T00:25:13.498+0000] {logging_mixin.py:154} INFO - [2023-11-16T00:25:13.498+0000] {dag.py:3722} INFO - Setting next_dagrun for example_complex to None, run_after=None
[2023-11-16T00:25:13.513+0000] {processor.py:179} INFO - Processing /home/airflow/.local/lib/python3.8/site-packages/airflow/example_dags/example_complex.py took 0.056 seconds
[2023-11-16T00:25:43.599+0000] {processor.py:157} INFO - Started process (PID=2002) to work on /home/airflow/.local/lib/python3.8/site-packages/airflow/example_dags/example_complex.py
[2023-11-16T00:25:43.600+0000] {processor.py:829} INFO - Processing file /home/airflow/.local/lib/python3.8/site-packages/airflow/example_dags/example_complex.py for tasks to queue
[2023-11-16T00:25:43.602+0000] {logging_mixin.py:154} INFO - [2023-11-16T00:25:43.601+0000] {dagbag.py:536} INFO - Filling up the DagBag from /home/airflow/.local/lib/python3.8/site-packages/airflow/example_dags/example_complex.py
[2023-11-16T00:25:43.611+0000] {processor.py:839} INFO - DAG(s) dict_keys(['example_complex']) retrieved from /home/airflow/.local/lib/python3.8/site-packages/airflow/example_dags/example_complex.py
[2023-11-16T00:25:43.633+0000] {logging_mixin.py:154} INFO - [2023-11-16T00:25:43.633+0000] {dag.py:2941} INFO - Sync 1 DAGs
[2023-11-16T00:25:43.641+0000] {logging_mixin.py:154} INFO - [2023-11-16T00:25:43.641+0000] {dag.py:3722} INFO - Setting next_dagrun for example_complex to None, run_after=None
[2023-11-16T00:25:43.655+0000] {processor.py:179} INFO - Processing /home/airflow/.local/lib/python3.8/site-packages/airflow/example_dags/example_complex.py took 0.058 seconds
[2023-11-16T00:26:13.845+0000] {processor.py:157} INFO - Started process (PID=2059) to work on /home/airflow/.local/lib/python3.8/site-packages/airflow/example_dags/example_complex.py
[2023-11-16T00:26:13.845+0000] {processor.py:829} INFO - Processing file /home/airflow/.local/lib/python3.8/site-packages/airflow/example_dags/example_complex.py for tasks to queue
[2023-11-16T00:26:13.847+0000] {logging_mixin.py:154} INFO - [2023-11-16T00:26:13.847+0000] {dagbag.py:536} INFO - Filling up the DagBag from /home/airflow/.local/lib/python3.8/site-packages/airflow/example_dags/example_complex.py
[2023-11-16T00:26:13.854+0000] {processor.py:839} INFO - DAG(s) dict_keys(['example_complex']) retrieved from /home/airflow/.local/lib/python3.8/site-packages/airflow/example_dags/example_complex.py
[2023-11-16T00:26:13.875+0000] {logging_mixin.py:154} INFO - [2023-11-16T00:26:13.875+0000] {dag.py:2941} INFO - Sync 1 DAGs
[2023-11-16T00:26:13.883+0000] {logging_mixin.py:154} INFO - [2023-11-16T00:26:13.883+0000] {dag.py:3722} INFO - Setting next_dagrun for example_complex to None, run_after=None
[2023-11-16T00:26:13.898+0000] {processor.py:179} INFO - Processing /home/airflow/.local/lib/python3.8/site-packages/airflow/example_dags/example_complex.py took 0.055 seconds
[2023-11-16T00:26:44.117+0000] {processor.py:157} INFO - Started process (PID=2116) to work on /home/airflow/.local/lib/python3.8/site-packages/airflow/example_dags/example_complex.py
[2023-11-16T00:26:44.118+0000] {processor.py:829} INFO - Processing file /home/airflow/.local/lib/python3.8/site-packages/airflow/example_dags/example_complex.py for tasks to queue
[2023-11-16T00:26:44.120+0000] {logging_mixin.py:154} INFO - [2023-11-16T00:26:44.119+0000] {dagbag.py:536} INFO - Filling up the DagBag from /home/airflow/.local/lib/python3.8/site-packages/airflow/example_dags/example_complex.py
[2023-11-16T00:26:44.128+0000] {processor.py:839} INFO - DAG(s) dict_keys(['example_complex']) retrieved from /home/airflow/.local/lib/python3.8/site-packages/airflow/example_dags/example_complex.py
[2023-11-16T00:26:44.147+0000] {logging_mixin.py:154} INFO - [2023-11-16T00:26:44.147+0000] {dag.py:2941} INFO - Sync 1 DAGs
[2023-11-16T00:26:44.155+0000] {logging_mixin.py:154} INFO - [2023-11-16T00:26:44.155+0000] {dag.py:3722} INFO - Setting next_dagrun for example_complex to None, run_after=None
[2023-11-16T00:26:44.167+0000] {processor.py:179} INFO - Processing /home/airflow/.local/lib/python3.8/site-packages/airflow/example_dags/example_complex.py took 0.052 seconds
[2023-11-16T00:27:14.312+0000] {processor.py:157} INFO - Started process (PID=2173) to work on /home/airflow/.local/lib/python3.8/site-packages/airflow/example_dags/example_complex.py
[2023-11-16T00:27:14.312+0000] {processor.py:829} INFO - Processing file /home/airflow/.local/lib/python3.8/site-packages/airflow/example_dags/example_complex.py for tasks to queue
[2023-11-16T00:27:14.314+0000] {logging_mixin.py:154} INFO - [2023-11-16T00:27:14.314+0000] {dagbag.py:536} INFO - Filling up the DagBag from /home/airflow/.local/lib/python3.8/site-packages/airflow/example_dags/example_complex.py
[2023-11-16T00:27:14.321+0000] {processor.py:839} INFO - DAG(s) dict_keys(['example_complex']) retrieved from /home/airflow/.local/lib/python3.8/site-packages/airflow/example_dags/example_complex.py
[2023-11-16T00:27:14.344+0000] {logging_mixin.py:154} INFO - [2023-11-16T00:27:14.344+0000] {dag.py:2941} INFO - Sync 1 DAGs
[2023-11-16T00:27:14.352+0000] {logging_mixin.py:154} INFO - [2023-11-16T00:27:14.351+0000] {dag.py:3722} INFO - Setting next_dagrun for example_complex to None, run_after=None
[2023-11-16T00:27:14.363+0000] {processor.py:179} INFO - Processing /home/airflow/.local/lib/python3.8/site-packages/airflow/example_dags/example_complex.py took 0.054 seconds
[2023-11-16T00:27:44.419+0000] {processor.py:157} INFO - Started process (PID=2230) to work on /home/airflow/.local/lib/python3.8/site-packages/airflow/example_dags/example_complex.py
[2023-11-16T00:27:44.420+0000] {processor.py:829} INFO - Processing file /home/airflow/.local/lib/python3.8/site-packages/airflow/example_dags/example_complex.py for tasks to queue
[2023-11-16T00:27:44.422+0000] {logging_mixin.py:154} INFO - [2023-11-16T00:27:44.422+0000] {dagbag.py:536} INFO - Filling up the DagBag from /home/airflow/.local/lib/python3.8/site-packages/airflow/example_dags/example_complex.py
[2023-11-16T00:27:44.429+0000] {processor.py:839} INFO - DAG(s) dict_keys(['example_complex']) retrieved from /home/airflow/.local/lib/python3.8/site-packages/airflow/example_dags/example_complex.py
[2023-11-16T00:27:44.449+0000] {logging_mixin.py:154} INFO - [2023-11-16T00:27:44.449+0000] {dag.py:2941} INFO - Sync 1 DAGs
[2023-11-16T00:27:44.458+0000] {logging_mixin.py:154} INFO - [2023-11-16T00:27:44.458+0000] {dag.py:3722} INFO - Setting next_dagrun for example_complex to None, run_after=None
[2023-11-16T00:27:44.470+0000] {processor.py:179} INFO - Processing /home/airflow/.local/lib/python3.8/site-packages/airflow/example_dags/example_complex.py took 0.054 seconds
[2023-11-16T00:28:14.550+0000] {processor.py:157} INFO - Started process (PID=2287) to work on /home/airflow/.local/lib/python3.8/site-packages/airflow/example_dags/example_complex.py
[2023-11-16T00:28:14.551+0000] {processor.py:829} INFO - Processing file /home/airflow/.local/lib/python3.8/site-packages/airflow/example_dags/example_complex.py for tasks to queue
[2023-11-16T00:28:14.552+0000] {logging_mixin.py:154} INFO - [2023-11-16T00:28:14.552+0000] {dagbag.py:536} INFO - Filling up the DagBag from /home/airflow/.local/lib/python3.8/site-packages/airflow/example_dags/example_complex.py
[2023-11-16T00:28:14.560+0000] {processor.py:839} INFO - DAG(s) dict_keys(['example_complex']) retrieved from /home/airflow/.local/lib/python3.8/site-packages/airflow/example_dags/example_complex.py
[2023-11-16T00:28:14.581+0000] {logging_mixin.py:154} INFO - [2023-11-16T00:28:14.581+0000] {dag.py:2941} INFO - Sync 1 DAGs
[2023-11-16T00:28:14.591+0000] {logging_mixin.py:154} INFO - [2023-11-16T00:28:14.590+0000] {dag.py:3722} INFO - Setting next_dagrun for example_complex to None, run_after=None
[2023-11-16T00:28:14.609+0000] {processor.py:179} INFO - Processing /home/airflow/.local/lib/python3.8/site-packages/airflow/example_dags/example_complex.py took 0.062 seconds
[2023-11-16T00:28:44.749+0000] {processor.py:157} INFO - Started process (PID=2344) to work on /home/airflow/.local/lib/python3.8/site-packages/airflow/example_dags/example_complex.py
[2023-11-16T00:28:44.750+0000] {processor.py:829} INFO - Processing file /home/airflow/.local/lib/python3.8/site-packages/airflow/example_dags/example_complex.py for tasks to queue
[2023-11-16T00:28:44.752+0000] {logging_mixin.py:154} INFO - [2023-11-16T00:28:44.751+0000] {dagbag.py:536} INFO - Filling up the DagBag from /home/airflow/.local/lib/python3.8/site-packages/airflow/example_dags/example_complex.py
[2023-11-16T00:28:44.759+0000] {processor.py:839} INFO - DAG(s) dict_keys(['example_complex']) retrieved from /home/airflow/.local/lib/python3.8/site-packages/airflow/example_dags/example_complex.py
[2023-11-16T00:28:44.779+0000] {logging_mixin.py:154} INFO - [2023-11-16T00:28:44.779+0000] {dag.py:2941} INFO - Sync 1 DAGs
[2023-11-16T00:28:44.788+0000] {logging_mixin.py:154} INFO - [2023-11-16T00:28:44.788+0000] {dag.py:3722} INFO - Setting next_dagrun for example_complex to None, run_after=None
[2023-11-16T00:28:44.801+0000] {processor.py:179} INFO - Processing /home/airflow/.local/lib/python3.8/site-packages/airflow/example_dags/example_complex.py took 0.055 seconds
[2023-11-16T00:29:15.046+0000] {processor.py:157} INFO - Started process (PID=2401) to work on /home/airflow/.local/lib/python3.8/site-packages/airflow/example_dags/example_complex.py
[2023-11-16T00:29:15.046+0000] {processor.py:829} INFO - Processing file /home/airflow/.local/lib/python3.8/site-packages/airflow/example_dags/example_complex.py for tasks to queue
[2023-11-16T00:29:15.049+0000] {logging_mixin.py:154} INFO - [2023-11-16T00:29:15.049+0000] {dagbag.py:536} INFO - Filling up the DagBag from /home/airflow/.local/lib/python3.8/site-packages/airflow/example_dags/example_complex.py
[2023-11-16T00:29:15.069+0000] {processor.py:839} INFO - DAG(s) dict_keys(['example_complex']) retrieved from /home/airflow/.local/lib/python3.8/site-packages/airflow/example_dags/example_complex.py
[2023-11-16T00:29:15.100+0000] {logging_mixin.py:154} INFO - [2023-11-16T00:29:15.100+0000] {dag.py:2941} INFO - Sync 1 DAGs
[2023-11-16T00:29:15.109+0000] {logging_mixin.py:154} INFO - [2023-11-16T00:29:15.109+0000] {dag.py:3722} INFO - Setting next_dagrun for example_complex to None, run_after=None
[2023-11-16T00:29:15.122+0000] {processor.py:179} INFO - Processing /home/airflow/.local/lib/python3.8/site-packages/airflow/example_dags/example_complex.py took 0.079 seconds
[2023-11-16T00:29:45.149+0000] {processor.py:157} INFO - Started process (PID=2457) to work on /home/airflow/.local/lib/python3.8/site-packages/airflow/example_dags/example_complex.py
[2023-11-16T00:29:45.150+0000] {processor.py:829} INFO - Processing file /home/airflow/.local/lib/python3.8/site-packages/airflow/example_dags/example_complex.py for tasks to queue
[2023-11-16T00:29:45.152+0000] {logging_mixin.py:154} INFO - [2023-11-16T00:29:45.151+0000] {dagbag.py:536} INFO - Filling up the DagBag from /home/airflow/.local/lib/python3.8/site-packages/airflow/example_dags/example_complex.py
[2023-11-16T00:29:45.159+0000] {processor.py:839} INFO - DAG(s) dict_keys(['example_complex']) retrieved from /home/airflow/.local/lib/python3.8/site-packages/airflow/example_dags/example_complex.py
[2023-11-16T00:29:45.179+0000] {logging_mixin.py:154} INFO - [2023-11-16T00:29:45.179+0000] {dag.py:2941} INFO - Sync 1 DAGs
[2023-11-16T00:29:45.187+0000] {logging_mixin.py:154} INFO - [2023-11-16T00:29:45.187+0000] {dag.py:3722} INFO - Setting next_dagrun for example_complex to None, run_after=None
[2023-11-16T00:29:45.201+0000] {processor.py:179} INFO - Processing /home/airflow/.local/lib/python3.8/site-packages/airflow/example_dags/example_complex.py took 0.054 seconds
[2023-11-16T00:30:15.354+0000] {processor.py:157} INFO - Started process (PID=2516) to work on /home/airflow/.local/lib/python3.8/site-packages/airflow/example_dags/example_complex.py
[2023-11-16T00:30:15.355+0000] {processor.py:829} INFO - Processing file /home/airflow/.local/lib/python3.8/site-packages/airflow/example_dags/example_complex.py for tasks to queue
[2023-11-16T00:30:15.357+0000] {logging_mixin.py:154} INFO - [2023-11-16T00:30:15.356+0000] {dagbag.py:536} INFO - Filling up the DagBag from /home/airflow/.local/lib/python3.8/site-packages/airflow/example_dags/example_complex.py
[2023-11-16T00:30:15.364+0000] {processor.py:839} INFO - DAG(s) dict_keys(['example_complex']) retrieved from /home/airflow/.local/lib/python3.8/site-packages/airflow/example_dags/example_complex.py
[2023-11-16T00:30:15.384+0000] {logging_mixin.py:154} INFO - [2023-11-16T00:30:15.384+0000] {dag.py:2941} INFO - Sync 1 DAGs
[2023-11-16T00:30:15.392+0000] {logging_mixin.py:154} INFO - [2023-11-16T00:30:15.392+0000] {dag.py:3722} INFO - Setting next_dagrun for example_complex to None, run_after=None
[2023-11-16T00:30:15.405+0000] {processor.py:179} INFO - Processing /home/airflow/.local/lib/python3.8/site-packages/airflow/example_dags/example_complex.py took 0.053 seconds
[2023-11-16T00:30:45.561+0000] {processor.py:157} INFO - Started process (PID=2574) to work on /home/airflow/.local/lib/python3.8/site-packages/airflow/example_dags/example_complex.py
[2023-11-16T00:30:45.562+0000] {processor.py:829} INFO - Processing file /home/airflow/.local/lib/python3.8/site-packages/airflow/example_dags/example_complex.py for tasks to queue
[2023-11-16T00:30:45.564+0000] {logging_mixin.py:154} INFO - [2023-11-16T00:30:45.563+0000] {dagbag.py:536} INFO - Filling up the DagBag from /home/airflow/.local/lib/python3.8/site-packages/airflow/example_dags/example_complex.py
[2023-11-16T00:30:45.571+0000] {processor.py:839} INFO - DAG(s) dict_keys(['example_complex']) retrieved from /home/airflow/.local/lib/python3.8/site-packages/airflow/example_dags/example_complex.py
[2023-11-16T00:30:45.592+0000] {logging_mixin.py:154} INFO - [2023-11-16T00:30:45.592+0000] {dag.py:2941} INFO - Sync 1 DAGs
[2023-11-16T00:30:45.601+0000] {logging_mixin.py:154} INFO - [2023-11-16T00:30:45.601+0000] {dag.py:3722} INFO - Setting next_dagrun for example_complex to None, run_after=None
[2023-11-16T00:30:45.615+0000] {processor.py:179} INFO - Processing /home/airflow/.local/lib/python3.8/site-packages/airflow/example_dags/example_complex.py took 0.058 seconds
[2023-11-16T00:31:15.698+0000] {processor.py:157} INFO - Started process (PID=2631) to work on /home/airflow/.local/lib/python3.8/site-packages/airflow/example_dags/example_complex.py
[2023-11-16T00:31:15.699+0000] {processor.py:829} INFO - Processing file /home/airflow/.local/lib/python3.8/site-packages/airflow/example_dags/example_complex.py for tasks to queue
[2023-11-16T00:31:15.701+0000] {logging_mixin.py:154} INFO - [2023-11-16T00:31:15.700+0000] {dagbag.py:536} INFO - Filling up the DagBag from /home/airflow/.local/lib/python3.8/site-packages/airflow/example_dags/example_complex.py
[2023-11-16T00:31:15.708+0000] {processor.py:839} INFO - DAG(s) dict_keys(['example_complex']) retrieved from /home/airflow/.local/lib/python3.8/site-packages/airflow/example_dags/example_complex.py
[2023-11-16T00:31:15.730+0000] {logging_mixin.py:154} INFO - [2023-11-16T00:31:15.729+0000] {dag.py:2941} INFO - Sync 1 DAGs
[2023-11-16T00:31:15.738+0000] {logging_mixin.py:154} INFO - [2023-11-16T00:31:15.738+0000] {dag.py:3722} INFO - Setting next_dagrun for example_complex to None, run_after=None
[2023-11-16T00:31:15.751+0000] {processor.py:179} INFO - Processing /home/airflow/.local/lib/python3.8/site-packages/airflow/example_dags/example_complex.py took 0.055 seconds
[2023-11-16T00:31:45.928+0000] {processor.py:157} INFO - Started process (PID=2688) to work on /home/airflow/.local/lib/python3.8/site-packages/airflow/example_dags/example_complex.py
[2023-11-16T00:31:45.929+0000] {processor.py:829} INFO - Processing file /home/airflow/.local/lib/python3.8/site-packages/airflow/example_dags/example_complex.py for tasks to queue
[2023-11-16T00:31:45.930+0000] {logging_mixin.py:154} INFO - [2023-11-16T00:31:45.930+0000] {dagbag.py:536} INFO - Filling up the DagBag from /home/airflow/.local/lib/python3.8/site-packages/airflow/example_dags/example_complex.py
[2023-11-16T00:31:45.937+0000] {processor.py:839} INFO - DAG(s) dict_keys(['example_complex']) retrieved from /home/airflow/.local/lib/python3.8/site-packages/airflow/example_dags/example_complex.py
[2023-11-16T00:31:45.957+0000] {logging_mixin.py:154} INFO - [2023-11-16T00:31:45.956+0000] {dag.py:2941} INFO - Sync 1 DAGs
[2023-11-16T00:31:45.964+0000] {logging_mixin.py:154} INFO - [2023-11-16T00:31:45.964+0000] {dag.py:3722} INFO - Setting next_dagrun for example_complex to None, run_after=None
[2023-11-16T00:31:45.979+0000] {processor.py:179} INFO - Processing /home/airflow/.local/lib/python3.8/site-packages/airflow/example_dags/example_complex.py took 0.054 seconds
[2023-11-16T00:32:16.244+0000] {processor.py:157} INFO - Started process (PID=2745) to work on /home/airflow/.local/lib/python3.8/site-packages/airflow/example_dags/example_complex.py
[2023-11-16T00:32:16.245+0000] {processor.py:829} INFO - Processing file /home/airflow/.local/lib/python3.8/site-packages/airflow/example_dags/example_complex.py for tasks to queue
[2023-11-16T00:32:16.247+0000] {logging_mixin.py:154} INFO - [2023-11-16T00:32:16.247+0000] {dagbag.py:536} INFO - Filling up the DagBag from /home/airflow/.local/lib/python3.8/site-packages/airflow/example_dags/example_complex.py
[2023-11-16T00:32:16.254+0000] {processor.py:839} INFO - DAG(s) dict_keys(['example_complex']) retrieved from /home/airflow/.local/lib/python3.8/site-packages/airflow/example_dags/example_complex.py
[2023-11-16T00:32:16.274+0000] {logging_mixin.py:154} INFO - [2023-11-16T00:32:16.274+0000] {dag.py:2941} INFO - Sync 1 DAGs
[2023-11-16T00:32:16.282+0000] {logging_mixin.py:154} INFO - [2023-11-16T00:32:16.282+0000] {dag.py:3722} INFO - Setting next_dagrun for example_complex to None, run_after=None
[2023-11-16T00:32:16.294+0000] {processor.py:179} INFO - Processing /home/airflow/.local/lib/python3.8/site-packages/airflow/example_dags/example_complex.py took 0.052 seconds
[2023-11-16T00:32:46.411+0000] {processor.py:157} INFO - Started process (PID=2801) to work on /home/airflow/.local/lib/python3.8/site-packages/airflow/example_dags/example_complex.py
[2023-11-16T00:32:46.411+0000] {processor.py:829} INFO - Processing file /home/airflow/.local/lib/python3.8/site-packages/airflow/example_dags/example_complex.py for tasks to queue
[2023-11-16T00:32:46.413+0000] {logging_mixin.py:154} INFO - [2023-11-16T00:32:46.413+0000] {dagbag.py:536} INFO - Filling up the DagBag from /home/airflow/.local/lib/python3.8/site-packages/airflow/example_dags/example_complex.py
[2023-11-16T00:32:46.420+0000] {processor.py:839} INFO - DAG(s) dict_keys(['example_complex']) retrieved from /home/airflow/.local/lib/python3.8/site-packages/airflow/example_dags/example_complex.py
[2023-11-16T00:32:46.441+0000] {logging_mixin.py:154} INFO - [2023-11-16T00:32:46.441+0000] {dag.py:2941} INFO - Sync 1 DAGs
[2023-11-16T00:32:46.449+0000] {logging_mixin.py:154} INFO - [2023-11-16T00:32:46.449+0000] {dag.py:3722} INFO - Setting next_dagrun for example_complex to None, run_after=None
[2023-11-16T00:32:46.460+0000] {processor.py:179} INFO - Processing /home/airflow/.local/lib/python3.8/site-packages/airflow/example_dags/example_complex.py took 0.052 seconds
[2023-11-16T00:33:16.602+0000] {processor.py:157} INFO - Started process (PID=2858) to work on /home/airflow/.local/lib/python3.8/site-packages/airflow/example_dags/example_complex.py
[2023-11-16T00:33:16.603+0000] {processor.py:829} INFO - Processing file /home/airflow/.local/lib/python3.8/site-packages/airflow/example_dags/example_complex.py for tasks to queue
[2023-11-16T00:33:16.606+0000] {logging_mixin.py:154} INFO - [2023-11-16T00:33:16.606+0000] {dagbag.py:536} INFO - Filling up the DagBag from /home/airflow/.local/lib/python3.8/site-packages/airflow/example_dags/example_complex.py
[2023-11-16T00:33:16.615+0000] {processor.py:839} INFO - DAG(s) dict_keys(['example_complex']) retrieved from /home/airflow/.local/lib/python3.8/site-packages/airflow/example_dags/example_complex.py
[2023-11-16T00:33:16.634+0000] {logging_mixin.py:154} INFO - [2023-11-16T00:33:16.634+0000] {dag.py:2941} INFO - Sync 1 DAGs
[2023-11-16T00:33:16.643+0000] {logging_mixin.py:154} INFO - [2023-11-16T00:33:16.642+0000] {dag.py:3722} INFO - Setting next_dagrun for example_complex to None, run_after=None
[2023-11-16T00:33:16.654+0000] {processor.py:179} INFO - Processing /home/airflow/.local/lib/python3.8/site-packages/airflow/example_dags/example_complex.py took 0.056 seconds
[2023-11-16T00:33:46.850+0000] {processor.py:157} INFO - Started process (PID=2915) to work on /home/airflow/.local/lib/python3.8/site-packages/airflow/example_dags/example_complex.py
[2023-11-16T00:33:46.851+0000] {processor.py:829} INFO - Processing file /home/airflow/.local/lib/python3.8/site-packages/airflow/example_dags/example_complex.py for tasks to queue
[2023-11-16T00:33:46.853+0000] {logging_mixin.py:154} INFO - [2023-11-16T00:33:46.853+0000] {dagbag.py:536} INFO - Filling up the DagBag from /home/airflow/.local/lib/python3.8/site-packages/airflow/example_dags/example_complex.py
[2023-11-16T00:33:46.860+0000] {processor.py:839} INFO - DAG(s) dict_keys(['example_complex']) retrieved from /home/airflow/.local/lib/python3.8/site-packages/airflow/example_dags/example_complex.py
[2023-11-16T00:33:46.878+0000] {logging_mixin.py:154} INFO - [2023-11-16T00:33:46.878+0000] {dag.py:2941} INFO - Sync 1 DAGs
[2023-11-16T00:33:46.886+0000] {logging_mixin.py:154} INFO - [2023-11-16T00:33:46.886+0000] {dag.py:3722} INFO - Setting next_dagrun for example_complex to None, run_after=None
[2023-11-16T00:33:46.897+0000] {processor.py:179} INFO - Processing /home/airflow/.local/lib/python3.8/site-packages/airflow/example_dags/example_complex.py took 0.049 seconds
[2023-11-16T00:34:17.008+0000] {processor.py:157} INFO - Started process (PID=2972) to work on /home/airflow/.local/lib/python3.8/site-packages/airflow/example_dags/example_complex.py
[2023-11-16T00:34:17.010+0000] {processor.py:829} INFO - Processing file /home/airflow/.local/lib/python3.8/site-packages/airflow/example_dags/example_complex.py for tasks to queue
[2023-11-16T00:34:17.011+0000] {logging_mixin.py:154} INFO - [2023-11-16T00:34:17.011+0000] {dagbag.py:536} INFO - Filling up the DagBag from /home/airflow/.local/lib/python3.8/site-packages/airflow/example_dags/example_complex.py
[2023-11-16T00:34:17.019+0000] {processor.py:839} INFO - DAG(s) dict_keys(['example_complex']) retrieved from /home/airflow/.local/lib/python3.8/site-packages/airflow/example_dags/example_complex.py
[2023-11-16T00:34:17.040+0000] {logging_mixin.py:154} INFO - [2023-11-16T00:34:17.040+0000] {dag.py:2941} INFO - Sync 1 DAGs
[2023-11-16T00:34:17.049+0000] {logging_mixin.py:154} INFO - [2023-11-16T00:34:17.048+0000] {dag.py:3722} INFO - Setting next_dagrun for example_complex to None, run_after=None
[2023-11-16T00:34:17.070+0000] {processor.py:179} INFO - Processing /home/airflow/.local/lib/python3.8/site-packages/airflow/example_dags/example_complex.py took 0.064 seconds
[2023-11-16T00:34:47.341+0000] {processor.py:157} INFO - Started process (PID=3029) to work on /home/airflow/.local/lib/python3.8/site-packages/airflow/example_dags/example_complex.py
[2023-11-16T00:34:47.342+0000] {processor.py:829} INFO - Processing file /home/airflow/.local/lib/python3.8/site-packages/airflow/example_dags/example_complex.py for tasks to queue
[2023-11-16T00:34:47.343+0000] {logging_mixin.py:154} INFO - [2023-11-16T00:34:47.343+0000] {dagbag.py:536} INFO - Filling up the DagBag from /home/airflow/.local/lib/python3.8/site-packages/airflow/example_dags/example_complex.py
[2023-11-16T00:34:47.351+0000] {processor.py:839} INFO - DAG(s) dict_keys(['example_complex']) retrieved from /home/airflow/.local/lib/python3.8/site-packages/airflow/example_dags/example_complex.py
[2023-11-16T00:34:47.375+0000] {logging_mixin.py:154} INFO - [2023-11-16T00:34:47.375+0000] {dag.py:2941} INFO - Sync 1 DAGs
[2023-11-16T00:34:47.384+0000] {logging_mixin.py:154} INFO - [2023-11-16T00:34:47.383+0000] {dag.py:3722} INFO - Setting next_dagrun for example_complex to None, run_after=None
[2023-11-16T00:34:47.398+0000] {processor.py:179} INFO - Processing /home/airflow/.local/lib/python3.8/site-packages/airflow/example_dags/example_complex.py took 0.059 seconds
[2023-11-16T00:35:17.494+0000] {processor.py:157} INFO - Started process (PID=3086) to work on /home/airflow/.local/lib/python3.8/site-packages/airflow/example_dags/example_complex.py
[2023-11-16T00:35:17.495+0000] {processor.py:829} INFO - Processing file /home/airflow/.local/lib/python3.8/site-packages/airflow/example_dags/example_complex.py for tasks to queue
[2023-11-16T00:35:17.497+0000] {logging_mixin.py:154} INFO - [2023-11-16T00:35:17.497+0000] {dagbag.py:536} INFO - Filling up the DagBag from /home/airflow/.local/lib/python3.8/site-packages/airflow/example_dags/example_complex.py
[2023-11-16T00:35:17.504+0000] {processor.py:839} INFO - DAG(s) dict_keys(['example_complex']) retrieved from /home/airflow/.local/lib/python3.8/site-packages/airflow/example_dags/example_complex.py
[2023-11-16T00:35:17.525+0000] {logging_mixin.py:154} INFO - [2023-11-16T00:35:17.524+0000] {dag.py:2941} INFO - Sync 1 DAGs
[2023-11-16T00:35:17.535+0000] {logging_mixin.py:154} INFO - [2023-11-16T00:35:17.535+0000] {dag.py:3722} INFO - Setting next_dagrun for example_complex to None, run_after=None
[2023-11-16T00:35:17.551+0000] {processor.py:179} INFO - Processing /home/airflow/.local/lib/python3.8/site-packages/airflow/example_dags/example_complex.py took 0.059 seconds
[2023-11-16T00:35:47.718+0000] {processor.py:157} INFO - Started process (PID=3143) to work on /home/airflow/.local/lib/python3.8/site-packages/airflow/example_dags/example_complex.py
[2023-11-16T00:35:47.719+0000] {processor.py:829} INFO - Processing file /home/airflow/.local/lib/python3.8/site-packages/airflow/example_dags/example_complex.py for tasks to queue
[2023-11-16T00:35:47.721+0000] {logging_mixin.py:154} INFO - [2023-11-16T00:35:47.720+0000] {dagbag.py:536} INFO - Filling up the DagBag from /home/airflow/.local/lib/python3.8/site-packages/airflow/example_dags/example_complex.py
[2023-11-16T00:35:47.728+0000] {processor.py:839} INFO - DAG(s) dict_keys(['example_complex']) retrieved from /home/airflow/.local/lib/python3.8/site-packages/airflow/example_dags/example_complex.py
[2023-11-16T00:35:47.748+0000] {logging_mixin.py:154} INFO - [2023-11-16T00:35:47.747+0000] {dag.py:2941} INFO - Sync 1 DAGs
[2023-11-16T00:35:47.755+0000] {logging_mixin.py:154} INFO - [2023-11-16T00:35:47.755+0000] {dag.py:3722} INFO - Setting next_dagrun for example_complex to None, run_after=None
[2023-11-16T00:35:47.767+0000] {processor.py:179} INFO - Processing /home/airflow/.local/lib/python3.8/site-packages/airflow/example_dags/example_complex.py took 0.051 seconds
[2023-11-16T00:36:17.895+0000] {processor.py:157} INFO - Started process (PID=3201) to work on /home/airflow/.local/lib/python3.8/site-packages/airflow/example_dags/example_complex.py
[2023-11-16T00:36:17.896+0000] {processor.py:829} INFO - Processing file /home/airflow/.local/lib/python3.8/site-packages/airflow/example_dags/example_complex.py for tasks to queue
[2023-11-16T00:36:17.898+0000] {logging_mixin.py:154} INFO - [2023-11-16T00:36:17.898+0000] {dagbag.py:536} INFO - Filling up the DagBag from /home/airflow/.local/lib/python3.8/site-packages/airflow/example_dags/example_complex.py
[2023-11-16T00:36:17.905+0000] {processor.py:839} INFO - DAG(s) dict_keys(['example_complex']) retrieved from /home/airflow/.local/lib/python3.8/site-packages/airflow/example_dags/example_complex.py
[2023-11-16T00:36:17.925+0000] {logging_mixin.py:154} INFO - [2023-11-16T00:36:17.925+0000] {dag.py:2941} INFO - Sync 1 DAGs
[2023-11-16T00:36:17.933+0000] {logging_mixin.py:154} INFO - [2023-11-16T00:36:17.933+0000] {dag.py:3722} INFO - Setting next_dagrun for example_complex to None, run_after=None
[2023-11-16T00:36:17.945+0000] {processor.py:179} INFO - Processing /home/airflow/.local/lib/python3.8/site-packages/airflow/example_dags/example_complex.py took 0.052 seconds
[2023-11-16T00:36:48.073+0000] {processor.py:157} INFO - Started process (PID=3258) to work on /home/airflow/.local/lib/python3.8/site-packages/airflow/example_dags/example_complex.py
[2023-11-16T00:36:48.074+0000] {processor.py:829} INFO - Processing file /home/airflow/.local/lib/python3.8/site-packages/airflow/example_dags/example_complex.py for tasks to queue
[2023-11-16T00:36:48.077+0000] {logging_mixin.py:154} INFO - [2023-11-16T00:36:48.076+0000] {dagbag.py:536} INFO - Filling up the DagBag from /home/airflow/.local/lib/python3.8/site-packages/airflow/example_dags/example_complex.py
[2023-11-16T00:36:48.086+0000] {processor.py:839} INFO - DAG(s) dict_keys(['example_complex']) retrieved from /home/airflow/.local/lib/python3.8/site-packages/airflow/example_dags/example_complex.py
[2023-11-16T00:36:48.105+0000] {logging_mixin.py:154} INFO - [2023-11-16T00:36:48.105+0000] {dag.py:2941} INFO - Sync 1 DAGs
[2023-11-16T00:36:48.113+0000] {logging_mixin.py:154} INFO - [2023-11-16T00:36:48.113+0000] {dag.py:3722} INFO - Setting next_dagrun for example_complex to None, run_after=None
[2023-11-16T00:36:48.128+0000] {processor.py:179} INFO - Processing /home/airflow/.local/lib/python3.8/site-packages/airflow/example_dags/example_complex.py took 0.057 seconds
[2023-11-16T00:37:18.178+0000] {processor.py:157} INFO - Started process (PID=3312) to work on /home/airflow/.local/lib/python3.8/site-packages/airflow/example_dags/example_complex.py
[2023-11-16T00:37:18.178+0000] {processor.py:829} INFO - Processing file /home/airflow/.local/lib/python3.8/site-packages/airflow/example_dags/example_complex.py for tasks to queue
[2023-11-16T00:37:18.180+0000] {logging_mixin.py:154} INFO - [2023-11-16T00:37:18.180+0000] {dagbag.py:536} INFO - Filling up the DagBag from /home/airflow/.local/lib/python3.8/site-packages/airflow/example_dags/example_complex.py
[2023-11-16T00:37:18.188+0000] {processor.py:839} INFO - DAG(s) dict_keys(['example_complex']) retrieved from /home/airflow/.local/lib/python3.8/site-packages/airflow/example_dags/example_complex.py
[2023-11-16T00:37:18.209+0000] {logging_mixin.py:154} INFO - [2023-11-16T00:37:18.209+0000] {dag.py:2941} INFO - Sync 1 DAGs
[2023-11-16T00:37:18.218+0000] {logging_mixin.py:154} INFO - [2023-11-16T00:37:18.218+0000] {dag.py:3722} INFO - Setting next_dagrun for example_complex to None, run_after=None
[2023-11-16T00:37:18.232+0000] {processor.py:179} INFO - Processing /home/airflow/.local/lib/python3.8/site-packages/airflow/example_dags/example_complex.py took 0.057 seconds
[2023-11-16T00:37:48.431+0000] {processor.py:157} INFO - Started process (PID=3371) to work on /home/airflow/.local/lib/python3.8/site-packages/airflow/example_dags/example_complex.py
[2023-11-16T00:37:48.432+0000] {processor.py:829} INFO - Processing file /home/airflow/.local/lib/python3.8/site-packages/airflow/example_dags/example_complex.py for tasks to queue
[2023-11-16T00:37:48.434+0000] {logging_mixin.py:154} INFO - [2023-11-16T00:37:48.433+0000] {dagbag.py:536} INFO - Filling up the DagBag from /home/airflow/.local/lib/python3.8/site-packages/airflow/example_dags/example_complex.py
[2023-11-16T00:37:48.443+0000] {processor.py:839} INFO - DAG(s) dict_keys(['example_complex']) retrieved from /home/airflow/.local/lib/python3.8/site-packages/airflow/example_dags/example_complex.py
[2023-11-16T00:37:48.463+0000] {logging_mixin.py:154} INFO - [2023-11-16T00:37:48.463+0000] {dag.py:2941} INFO - Sync 1 DAGs
[2023-11-16T00:37:48.472+0000] {logging_mixin.py:154} INFO - [2023-11-16T00:37:48.472+0000] {dag.py:3722} INFO - Setting next_dagrun for example_complex to None, run_after=None
[2023-11-16T00:37:48.487+0000] {processor.py:179} INFO - Processing /home/airflow/.local/lib/python3.8/site-packages/airflow/example_dags/example_complex.py took 0.059 seconds
[2023-11-16T00:38:18.674+0000] {processor.py:157} INFO - Started process (PID=3428) to work on /home/airflow/.local/lib/python3.8/site-packages/airflow/example_dags/example_complex.py
[2023-11-16T00:38:18.674+0000] {processor.py:829} INFO - Processing file /home/airflow/.local/lib/python3.8/site-packages/airflow/example_dags/example_complex.py for tasks to queue
[2023-11-16T00:38:18.676+0000] {logging_mixin.py:154} INFO - [2023-11-16T00:38:18.676+0000] {dagbag.py:536} INFO - Filling up the DagBag from /home/airflow/.local/lib/python3.8/site-packages/airflow/example_dags/example_complex.py
[2023-11-16T00:38:18.683+0000] {processor.py:839} INFO - DAG(s) dict_keys(['example_complex']) retrieved from /home/airflow/.local/lib/python3.8/site-packages/airflow/example_dags/example_complex.py
[2023-11-16T00:38:18.703+0000] {logging_mixin.py:154} INFO - [2023-11-16T00:38:18.703+0000] {dag.py:2941} INFO - Sync 1 DAGs
[2023-11-16T00:38:18.711+0000] {logging_mixin.py:154} INFO - [2023-11-16T00:38:18.711+0000] {dag.py:3722} INFO - Setting next_dagrun for example_complex to None, run_after=None
[2023-11-16T00:38:18.724+0000] {processor.py:179} INFO - Processing /home/airflow/.local/lib/python3.8/site-packages/airflow/example_dags/example_complex.py took 0.053 seconds
[2023-11-16T00:38:49.064+0000] {processor.py:157} INFO - Started process (PID=3485) to work on /home/airflow/.local/lib/python3.8/site-packages/airflow/example_dags/example_complex.py
[2023-11-16T00:38:49.066+0000] {processor.py:829} INFO - Processing file /home/airflow/.local/lib/python3.8/site-packages/airflow/example_dags/example_complex.py for tasks to queue
[2023-11-16T00:38:49.068+0000] {logging_mixin.py:154} INFO - [2023-11-16T00:38:49.068+0000] {dagbag.py:536} INFO - Filling up the DagBag from /home/airflow/.local/lib/python3.8/site-packages/airflow/example_dags/example_complex.py
[2023-11-16T00:38:49.079+0000] {processor.py:839} INFO - DAG(s) dict_keys(['example_complex']) retrieved from /home/airflow/.local/lib/python3.8/site-packages/airflow/example_dags/example_complex.py
[2023-11-16T00:38:49.099+0000] {logging_mixin.py:154} INFO - [2023-11-16T00:38:49.099+0000] {dag.py:2941} INFO - Sync 1 DAGs
[2023-11-16T00:38:49.108+0000] {logging_mixin.py:154} INFO - [2023-11-16T00:38:49.108+0000] {dag.py:3722} INFO - Setting next_dagrun for example_complex to None, run_after=None
[2023-11-16T00:38:49.121+0000] {processor.py:179} INFO - Processing /home/airflow/.local/lib/python3.8/site-packages/airflow/example_dags/example_complex.py took 0.061 seconds
[2023-11-16T00:39:19.234+0000] {processor.py:157} INFO - Started process (PID=3543) to work on /home/airflow/.local/lib/python3.8/site-packages/airflow/example_dags/example_complex.py
[2023-11-16T00:39:19.235+0000] {processor.py:829} INFO - Processing file /home/airflow/.local/lib/python3.8/site-packages/airflow/example_dags/example_complex.py for tasks to queue
[2023-11-16T00:39:19.237+0000] {logging_mixin.py:154} INFO - [2023-11-16T00:39:19.237+0000] {dagbag.py:536} INFO - Filling up the DagBag from /home/airflow/.local/lib/python3.8/site-packages/airflow/example_dags/example_complex.py
[2023-11-16T00:39:19.248+0000] {processor.py:839} INFO - DAG(s) dict_keys(['example_complex']) retrieved from /home/airflow/.local/lib/python3.8/site-packages/airflow/example_dags/example_complex.py
[2023-11-16T00:39:19.269+0000] {logging_mixin.py:154} INFO - [2023-11-16T00:39:19.269+0000] {dag.py:2941} INFO - Sync 1 DAGs
[2023-11-16T00:39:19.277+0000] {logging_mixin.py:154} INFO - [2023-11-16T00:39:19.277+0000] {dag.py:3722} INFO - Setting next_dagrun for example_complex to None, run_after=None
[2023-11-16T00:39:19.291+0000] {processor.py:179} INFO - Processing /home/airflow/.local/lib/python3.8/site-packages/airflow/example_dags/example_complex.py took 0.059 seconds
[2023-11-16T00:39:49.545+0000] {processor.py:157} INFO - Started process (PID=3600) to work on /home/airflow/.local/lib/python3.8/site-packages/airflow/example_dags/example_complex.py
[2023-11-16T00:39:49.546+0000] {processor.py:829} INFO - Processing file /home/airflow/.local/lib/python3.8/site-packages/airflow/example_dags/example_complex.py for tasks to queue
[2023-11-16T00:39:49.548+0000] {logging_mixin.py:154} INFO - [2023-11-16T00:39:49.548+0000] {dagbag.py:536} INFO - Filling up the DagBag from /home/airflow/.local/lib/python3.8/site-packages/airflow/example_dags/example_complex.py
[2023-11-16T00:39:49.556+0000] {processor.py:839} INFO - DAG(s) dict_keys(['example_complex']) retrieved from /home/airflow/.local/lib/python3.8/site-packages/airflow/example_dags/example_complex.py
[2023-11-16T00:39:49.575+0000] {logging_mixin.py:154} INFO - [2023-11-16T00:39:49.575+0000] {dag.py:2941} INFO - Sync 1 DAGs
[2023-11-16T00:39:49.584+0000] {logging_mixin.py:154} INFO - [2023-11-16T00:39:49.584+0000] {dag.py:3722} INFO - Setting next_dagrun for example_complex to None, run_after=None
[2023-11-16T00:39:49.597+0000] {processor.py:179} INFO - Processing /home/airflow/.local/lib/python3.8/site-packages/airflow/example_dags/example_complex.py took 0.054 seconds
[2023-11-16T00:40:19.740+0000] {processor.py:157} INFO - Started process (PID=3657) to work on /home/airflow/.local/lib/python3.8/site-packages/airflow/example_dags/example_complex.py
[2023-11-16T00:40:19.741+0000] {processor.py:829} INFO - Processing file /home/airflow/.local/lib/python3.8/site-packages/airflow/example_dags/example_complex.py for tasks to queue
[2023-11-16T00:40:19.742+0000] {logging_mixin.py:154} INFO - [2023-11-16T00:40:19.742+0000] {dagbag.py:536} INFO - Filling up the DagBag from /home/airflow/.local/lib/python3.8/site-packages/airflow/example_dags/example_complex.py
[2023-11-16T00:40:19.749+0000] {processor.py:839} INFO - DAG(s) dict_keys(['example_complex']) retrieved from /home/airflow/.local/lib/python3.8/site-packages/airflow/example_dags/example_complex.py
[2023-11-16T00:40:19.769+0000] {logging_mixin.py:154} INFO - [2023-11-16T00:40:19.769+0000] {dag.py:2941} INFO - Sync 1 DAGs
[2023-11-16T00:40:19.777+0000] {logging_mixin.py:154} INFO - [2023-11-16T00:40:19.777+0000] {dag.py:3722} INFO - Setting next_dagrun for example_complex to None, run_after=None
[2023-11-16T00:40:19.790+0000] {processor.py:179} INFO - Processing /home/airflow/.local/lib/python3.8/site-packages/airflow/example_dags/example_complex.py took 0.052 seconds
[2023-11-16T00:40:49.864+0000] {processor.py:157} INFO - Started process (PID=3715) to work on /home/airflow/.local/lib/python3.8/site-packages/airflow/example_dags/example_complex.py
[2023-11-16T00:40:49.865+0000] {processor.py:829} INFO - Processing file /home/airflow/.local/lib/python3.8/site-packages/airflow/example_dags/example_complex.py for tasks to queue
[2023-11-16T00:40:49.867+0000] {logging_mixin.py:154} INFO - [2023-11-16T00:40:49.867+0000] {dagbag.py:536} INFO - Filling up the DagBag from /home/airflow/.local/lib/python3.8/site-packages/airflow/example_dags/example_complex.py
[2023-11-16T00:40:49.874+0000] {processor.py:839} INFO - DAG(s) dict_keys(['example_complex']) retrieved from /home/airflow/.local/lib/python3.8/site-packages/airflow/example_dags/example_complex.py
[2023-11-16T00:40:49.896+0000] {logging_mixin.py:154} INFO - [2023-11-16T00:40:49.896+0000] {dag.py:2941} INFO - Sync 1 DAGs
[2023-11-16T00:40:49.904+0000] {logging_mixin.py:154} INFO - [2023-11-16T00:40:49.904+0000] {dag.py:3722} INFO - Setting next_dagrun for example_complex to None, run_after=None
[2023-11-16T00:40:49.917+0000] {processor.py:179} INFO - Processing /home/airflow/.local/lib/python3.8/site-packages/airflow/example_dags/example_complex.py took 0.055 seconds
[2023-11-16T00:41:19.985+0000] {processor.py:157} INFO - Started process (PID=3771) to work on /home/airflow/.local/lib/python3.8/site-packages/airflow/example_dags/example_complex.py
[2023-11-16T00:41:19.986+0000] {processor.py:829} INFO - Processing file /home/airflow/.local/lib/python3.8/site-packages/airflow/example_dags/example_complex.py for tasks to queue
[2023-11-16T00:41:19.988+0000] {logging_mixin.py:154} INFO - [2023-11-16T00:41:19.987+0000] {dagbag.py:536} INFO - Filling up the DagBag from /home/airflow/.local/lib/python3.8/site-packages/airflow/example_dags/example_complex.py
[2023-11-16T00:41:19.995+0000] {processor.py:839} INFO - DAG(s) dict_keys(['example_complex']) retrieved from /home/airflow/.local/lib/python3.8/site-packages/airflow/example_dags/example_complex.py
[2023-11-16T00:41:20.015+0000] {logging_mixin.py:154} INFO - [2023-11-16T00:41:20.014+0000] {dag.py:2941} INFO - Sync 1 DAGs
[2023-11-16T00:41:20.022+0000] {logging_mixin.py:154} INFO - [2023-11-16T00:41:20.022+0000] {dag.py:3722} INFO - Setting next_dagrun for example_complex to None, run_after=None
[2023-11-16T00:41:20.041+0000] {processor.py:179} INFO - Processing /home/airflow/.local/lib/python3.8/site-packages/airflow/example_dags/example_complex.py took 0.058 seconds
[2023-11-16T00:41:50.112+0000] {processor.py:157} INFO - Started process (PID=3828) to work on /home/airflow/.local/lib/python3.8/site-packages/airflow/example_dags/example_complex.py
[2023-11-16T00:41:50.113+0000] {processor.py:829} INFO - Processing file /home/airflow/.local/lib/python3.8/site-packages/airflow/example_dags/example_complex.py for tasks to queue
[2023-11-16T00:41:50.114+0000] {logging_mixin.py:154} INFO - [2023-11-16T00:41:50.114+0000] {dagbag.py:536} INFO - Filling up the DagBag from /home/airflow/.local/lib/python3.8/site-packages/airflow/example_dags/example_complex.py
[2023-11-16T00:41:50.121+0000] {processor.py:839} INFO - DAG(s) dict_keys(['example_complex']) retrieved from /home/airflow/.local/lib/python3.8/site-packages/airflow/example_dags/example_complex.py
[2023-11-16T00:41:50.141+0000] {logging_mixin.py:154} INFO - [2023-11-16T00:41:50.141+0000] {dag.py:2941} INFO - Sync 1 DAGs
[2023-11-16T00:41:50.150+0000] {logging_mixin.py:154} INFO - [2023-11-16T00:41:50.150+0000] {dag.py:3722} INFO - Setting next_dagrun for example_complex to None, run_after=None
[2023-11-16T00:41:50.164+0000] {processor.py:179} INFO - Processing /home/airflow/.local/lib/python3.8/site-packages/airflow/example_dags/example_complex.py took 0.055 seconds
[2023-11-16T00:42:20.389+0000] {processor.py:157} INFO - Started process (PID=3886) to work on /home/airflow/.local/lib/python3.8/site-packages/airflow/example_dags/example_complex.py
[2023-11-16T00:42:20.390+0000] {processor.py:829} INFO - Processing file /home/airflow/.local/lib/python3.8/site-packages/airflow/example_dags/example_complex.py for tasks to queue
[2023-11-16T00:42:20.393+0000] {logging_mixin.py:154} INFO - [2023-11-16T00:42:20.393+0000] {dagbag.py:536} INFO - Filling up the DagBag from /home/airflow/.local/lib/python3.8/site-packages/airflow/example_dags/example_complex.py
[2023-11-16T00:42:20.401+0000] {processor.py:839} INFO - DAG(s) dict_keys(['example_complex']) retrieved from /home/airflow/.local/lib/python3.8/site-packages/airflow/example_dags/example_complex.py
[2023-11-16T00:42:20.420+0000] {logging_mixin.py:154} INFO - [2023-11-16T00:42:20.420+0000] {dag.py:2941} INFO - Sync 1 DAGs
[2023-11-16T00:42:20.429+0000] {logging_mixin.py:154} INFO - [2023-11-16T00:42:20.429+0000] {dag.py:3722} INFO - Setting next_dagrun for example_complex to None, run_after=None
[2023-11-16T00:42:20.441+0000] {processor.py:179} INFO - Processing /home/airflow/.local/lib/python3.8/site-packages/airflow/example_dags/example_complex.py took 0.054 seconds
[2023-11-16T00:42:50.569+0000] {processor.py:157} INFO - Started process (PID=3943) to work on /home/airflow/.local/lib/python3.8/site-packages/airflow/example_dags/example_complex.py
[2023-11-16T00:42:50.570+0000] {processor.py:829} INFO - Processing file /home/airflow/.local/lib/python3.8/site-packages/airflow/example_dags/example_complex.py for tasks to queue
[2023-11-16T00:42:50.572+0000] {logging_mixin.py:154} INFO - [2023-11-16T00:42:50.572+0000] {dagbag.py:536} INFO - Filling up the DagBag from /home/airflow/.local/lib/python3.8/site-packages/airflow/example_dags/example_complex.py
[2023-11-16T00:42:50.580+0000] {processor.py:839} INFO - DAG(s) dict_keys(['example_complex']) retrieved from /home/airflow/.local/lib/python3.8/site-packages/airflow/example_dags/example_complex.py
[2023-11-16T00:42:50.599+0000] {logging_mixin.py:154} INFO - [2023-11-16T00:42:50.599+0000] {dag.py:2941} INFO - Sync 1 DAGs
[2023-11-16T00:42:50.608+0000] {logging_mixin.py:154} INFO - [2023-11-16T00:42:50.608+0000] {dag.py:3722} INFO - Setting next_dagrun for example_complex to None, run_after=None
[2023-11-16T00:42:50.621+0000] {processor.py:179} INFO - Processing /home/airflow/.local/lib/python3.8/site-packages/airflow/example_dags/example_complex.py took 0.054 seconds
[2023-11-16T00:43:20.951+0000] {processor.py:157} INFO - Started process (PID=4000) to work on /home/airflow/.local/lib/python3.8/site-packages/airflow/example_dags/example_complex.py
[2023-11-16T00:43:20.952+0000] {processor.py:829} INFO - Processing file /home/airflow/.local/lib/python3.8/site-packages/airflow/example_dags/example_complex.py for tasks to queue
[2023-11-16T00:43:20.954+0000] {logging_mixin.py:154} INFO - [2023-11-16T00:43:20.954+0000] {dagbag.py:536} INFO - Filling up the DagBag from /home/airflow/.local/lib/python3.8/site-packages/airflow/example_dags/example_complex.py
[2023-11-16T00:43:20.961+0000] {processor.py:839} INFO - DAG(s) dict_keys(['example_complex']) retrieved from /home/airflow/.local/lib/python3.8/site-packages/airflow/example_dags/example_complex.py
[2023-11-16T00:43:20.982+0000] {logging_mixin.py:154} INFO - [2023-11-16T00:43:20.982+0000] {dag.py:2941} INFO - Sync 1 DAGs
[2023-11-16T00:43:20.990+0000] {logging_mixin.py:154} INFO - [2023-11-16T00:43:20.990+0000] {dag.py:3722} INFO - Setting next_dagrun for example_complex to None, run_after=None
[2023-11-16T00:43:21.004+0000] {processor.py:179} INFO - Processing /home/airflow/.local/lib/python3.8/site-packages/airflow/example_dags/example_complex.py took 0.055 seconds
[2023-11-16T00:43:51.096+0000] {processor.py:157} INFO - Started process (PID=4057) to work on /home/airflow/.local/lib/python3.8/site-packages/airflow/example_dags/example_complex.py
[2023-11-16T00:43:51.097+0000] {processor.py:829} INFO - Processing file /home/airflow/.local/lib/python3.8/site-packages/airflow/example_dags/example_complex.py for tasks to queue
[2023-11-16T00:43:51.098+0000] {logging_mixin.py:154} INFO - [2023-11-16T00:43:51.098+0000] {dagbag.py:536} INFO - Filling up the DagBag from /home/airflow/.local/lib/python3.8/site-packages/airflow/example_dags/example_complex.py
[2023-11-16T00:43:51.106+0000] {processor.py:839} INFO - DAG(s) dict_keys(['example_complex']) retrieved from /home/airflow/.local/lib/python3.8/site-packages/airflow/example_dags/example_complex.py
[2023-11-16T00:43:51.125+0000] {logging_mixin.py:154} INFO - [2023-11-16T00:43:51.124+0000] {dag.py:2941} INFO - Sync 1 DAGs
[2023-11-16T00:43:51.133+0000] {logging_mixin.py:154} INFO - [2023-11-16T00:43:51.133+0000] {dag.py:3722} INFO - Setting next_dagrun for example_complex to None, run_after=None
[2023-11-16T00:43:51.146+0000] {processor.py:179} INFO - Processing /home/airflow/.local/lib/python3.8/site-packages/airflow/example_dags/example_complex.py took 0.052 seconds
