[2023-11-16T00:06:23.311+0000] {processor.py:157} INFO - Started process (PID=73) to work on /home/airflow/.local/lib/python3.8/site-packages/airflow/example_dags/example_sla_dag.py
[2023-11-16T00:06:23.313+0000] {processor.py:829} INFO - Processing file /home/airflow/.local/lib/python3.8/site-packages/airflow/example_dags/example_sla_dag.py for tasks to queue
[2023-11-16T00:06:23.315+0000] {logging_mixin.py:154} INFO - [2023-11-16T00:06:23.315+0000] {dagbag.py:536} INFO - Filling up the DagBag from /home/airflow/.local/lib/python3.8/site-packages/airflow/example_dags/example_sla_dag.py
[2023-11-16T00:06:23.324+0000] {processor.py:839} INFO - DAG(s) dict_keys(['example_sla_dag']) retrieved from /home/airflow/.local/lib/python3.8/site-packages/airflow/example_dags/example_sla_dag.py
[2023-11-16T00:06:23.336+0000] {logging_mixin.py:154} INFO - [2023-11-16T00:06:23.336+0000] {dag.py:2941} INFO - Sync 1 DAGs
[2023-11-16T00:06:23.359+0000] {logging_mixin.py:154} INFO - [2023-11-16T00:06:23.359+0000] {dag.py:3722} INFO - Setting next_dagrun for example_sla_dag to 2023-11-16T00:04:00+00:00, run_after=2023-11-16T00:06:00+00:00
[2023-11-16T00:06:23.375+0000] {processor.py:179} INFO - Processing /home/airflow/.local/lib/python3.8/site-packages/airflow/example_dags/example_sla_dag.py took 0.068 seconds
[2023-11-16T00:08:29.886+0000] {processor.py:157} INFO - Started process (PID=76) to work on /home/airflow/.local/lib/python3.8/site-packages/airflow/example_dags/example_sla_dag.py
[2023-11-16T00:08:29.887+0000] {processor.py:829} INFO - Processing file /home/airflow/.local/lib/python3.8/site-packages/airflow/example_dags/example_sla_dag.py for tasks to queue
[2023-11-16T00:08:29.888+0000] {logging_mixin.py:154} INFO - [2023-11-16T00:08:29.888+0000] {dagbag.py:536} INFO - Filling up the DagBag from /home/airflow/.local/lib/python3.8/site-packages/airflow/example_dags/example_sla_dag.py
[2023-11-16T00:08:29.896+0000] {processor.py:839} INFO - DAG(s) dict_keys(['example_sla_dag']) retrieved from /home/airflow/.local/lib/python3.8/site-packages/airflow/example_dags/example_sla_dag.py
[2023-11-16T00:08:29.906+0000] {logging_mixin.py:154} INFO - [2023-11-16T00:08:29.906+0000] {dag.py:2941} INFO - Sync 1 DAGs
[2023-11-16T00:08:29.924+0000] {logging_mixin.py:154} INFO - [2023-11-16T00:08:29.924+0000] {dag.py:3722} INFO - Setting next_dagrun for example_sla_dag to 2023-11-16T00:06:00+00:00, run_after=2023-11-16T00:08:00+00:00
[2023-11-16T00:08:29.939+0000] {processor.py:179} INFO - Processing /home/airflow/.local/lib/python3.8/site-packages/airflow/example_dags/example_sla_dag.py took 0.056 seconds
[2023-11-16T00:09:00.962+0000] {processor.py:157} INFO - Started process (PID=134) to work on /home/airflow/.local/lib/python3.8/site-packages/airflow/example_dags/example_sla_dag.py
[2023-11-16T00:09:00.962+0000] {processor.py:829} INFO - Processing file /home/airflow/.local/lib/python3.8/site-packages/airflow/example_dags/example_sla_dag.py for tasks to queue
[2023-11-16T00:09:00.964+0000] {logging_mixin.py:154} INFO - [2023-11-16T00:09:00.964+0000] {dagbag.py:536} INFO - Filling up the DagBag from /home/airflow/.local/lib/python3.8/site-packages/airflow/example_dags/example_sla_dag.py
[2023-11-16T00:09:00.969+0000] {processor.py:839} INFO - DAG(s) dict_keys(['example_sla_dag']) retrieved from /home/airflow/.local/lib/python3.8/site-packages/airflow/example_dags/example_sla_dag.py
[2023-11-16T00:09:00.982+0000] {logging_mixin.py:154} INFO - [2023-11-16T00:09:00.982+0000] {dag.py:2941} INFO - Sync 1 DAGs
[2023-11-16T00:09:00.997+0000] {logging_mixin.py:154} INFO - [2023-11-16T00:09:00.997+0000] {dag.py:3722} INFO - Setting next_dagrun for example_sla_dag to 2023-11-16T00:06:00+00:00, run_after=2023-11-16T00:08:00+00:00
[2023-11-16T00:09:01.008+0000] {processor.py:179} INFO - Processing /home/airflow/.local/lib/python3.8/site-packages/airflow/example_dags/example_sla_dag.py took 0.048 seconds
[2023-11-16T00:09:31.348+0000] {processor.py:157} INFO - Started process (PID=191) to work on /home/airflow/.local/lib/python3.8/site-packages/airflow/example_dags/example_sla_dag.py
[2023-11-16T00:09:31.349+0000] {processor.py:829} INFO - Processing file /home/airflow/.local/lib/python3.8/site-packages/airflow/example_dags/example_sla_dag.py for tasks to queue
[2023-11-16T00:09:31.351+0000] {logging_mixin.py:154} INFO - [2023-11-16T00:09:31.350+0000] {dagbag.py:536} INFO - Filling up the DagBag from /home/airflow/.local/lib/python3.8/site-packages/airflow/example_dags/example_sla_dag.py
[2023-11-16T00:09:31.358+0000] {processor.py:839} INFO - DAG(s) dict_keys(['example_sla_dag']) retrieved from /home/airflow/.local/lib/python3.8/site-packages/airflow/example_dags/example_sla_dag.py
[2023-11-16T00:09:31.372+0000] {logging_mixin.py:154} INFO - [2023-11-16T00:09:31.372+0000] {dag.py:2941} INFO - Sync 1 DAGs
[2023-11-16T00:09:31.388+0000] {logging_mixin.py:154} INFO - [2023-11-16T00:09:31.388+0000] {dag.py:3722} INFO - Setting next_dagrun for example_sla_dag to 2023-11-16T00:06:00+00:00, run_after=2023-11-16T00:08:00+00:00
[2023-11-16T00:09:31.401+0000] {processor.py:179} INFO - Processing /home/airflow/.local/lib/python3.8/site-packages/airflow/example_dags/example_sla_dag.py took 0.055 seconds
[2023-11-16T00:10:01.555+0000] {processor.py:157} INFO - Started process (PID=248) to work on /home/airflow/.local/lib/python3.8/site-packages/airflow/example_dags/example_sla_dag.py
[2023-11-16T00:10:01.556+0000] {processor.py:829} INFO - Processing file /home/airflow/.local/lib/python3.8/site-packages/airflow/example_dags/example_sla_dag.py for tasks to queue
[2023-11-16T00:10:01.558+0000] {logging_mixin.py:154} INFO - [2023-11-16T00:10:01.557+0000] {dagbag.py:536} INFO - Filling up the DagBag from /home/airflow/.local/lib/python3.8/site-packages/airflow/example_dags/example_sla_dag.py
[2023-11-16T00:10:01.563+0000] {processor.py:839} INFO - DAG(s) dict_keys(['example_sla_dag']) retrieved from /home/airflow/.local/lib/python3.8/site-packages/airflow/example_dags/example_sla_dag.py
[2023-11-16T00:10:01.576+0000] {logging_mixin.py:154} INFO - [2023-11-16T00:10:01.576+0000] {dag.py:2941} INFO - Sync 1 DAGs
[2023-11-16T00:10:01.592+0000] {logging_mixin.py:154} INFO - [2023-11-16T00:10:01.592+0000] {dag.py:3722} INFO - Setting next_dagrun for example_sla_dag to 2023-11-16T00:08:00+00:00, run_after=2023-11-16T00:10:00+00:00
[2023-11-16T00:10:01.604+0000] {processor.py:179} INFO - Processing /home/airflow/.local/lib/python3.8/site-packages/airflow/example_dags/example_sla_dag.py took 0.051 seconds
[2023-11-16T00:10:32.441+0000] {processor.py:157} INFO - Started process (PID=305) to work on /home/airflow/.local/lib/python3.8/site-packages/airflow/example_dags/example_sla_dag.py
[2023-11-16T00:10:32.442+0000] {processor.py:829} INFO - Processing file /home/airflow/.local/lib/python3.8/site-packages/airflow/example_dags/example_sla_dag.py for tasks to queue
[2023-11-16T00:10:32.443+0000] {logging_mixin.py:154} INFO - [2023-11-16T00:10:32.443+0000] {dagbag.py:536} INFO - Filling up the DagBag from /home/airflow/.local/lib/python3.8/site-packages/airflow/example_dags/example_sla_dag.py
[2023-11-16T00:10:32.449+0000] {processor.py:839} INFO - DAG(s) dict_keys(['example_sla_dag']) retrieved from /home/airflow/.local/lib/python3.8/site-packages/airflow/example_dags/example_sla_dag.py
[2023-11-16T00:10:32.461+0000] {logging_mixin.py:154} INFO - [2023-11-16T00:10:32.461+0000] {dag.py:2941} INFO - Sync 1 DAGs
[2023-11-16T00:10:32.477+0000] {logging_mixin.py:154} INFO - [2023-11-16T00:10:32.476+0000] {dag.py:3722} INFO - Setting next_dagrun for example_sla_dag to 2023-11-16T00:08:00+00:00, run_after=2023-11-16T00:10:00+00:00
[2023-11-16T00:10:32.489+0000] {processor.py:179} INFO - Processing /home/airflow/.local/lib/python3.8/site-packages/airflow/example_dags/example_sla_dag.py took 0.049 seconds
[2023-11-16T00:11:02.771+0000] {processor.py:157} INFO - Started process (PID=362) to work on /home/airflow/.local/lib/python3.8/site-packages/airflow/example_dags/example_sla_dag.py
[2023-11-16T00:11:02.772+0000] {processor.py:829} INFO - Processing file /home/airflow/.local/lib/python3.8/site-packages/airflow/example_dags/example_sla_dag.py for tasks to queue
[2023-11-16T00:11:02.774+0000] {logging_mixin.py:154} INFO - [2023-11-16T00:11:02.774+0000] {dagbag.py:536} INFO - Filling up the DagBag from /home/airflow/.local/lib/python3.8/site-packages/airflow/example_dags/example_sla_dag.py
[2023-11-16T00:11:02.780+0000] {processor.py:839} INFO - DAG(s) dict_keys(['example_sla_dag']) retrieved from /home/airflow/.local/lib/python3.8/site-packages/airflow/example_dags/example_sla_dag.py
[2023-11-16T00:11:02.795+0000] {logging_mixin.py:154} INFO - [2023-11-16T00:11:02.795+0000] {dag.py:2941} INFO - Sync 1 DAGs
[2023-11-16T00:11:02.811+0000] {logging_mixin.py:154} INFO - [2023-11-16T00:11:02.811+0000] {dag.py:3722} INFO - Setting next_dagrun for example_sla_dag to 2023-11-16T00:08:00+00:00, run_after=2023-11-16T00:10:00+00:00
[2023-11-16T00:11:02.825+0000] {processor.py:179} INFO - Processing /home/airflow/.local/lib/python3.8/site-packages/airflow/example_dags/example_sla_dag.py took 0.056 seconds
[2023-11-16T00:11:33.897+0000] {processor.py:157} INFO - Started process (PID=419) to work on /home/airflow/.local/lib/python3.8/site-packages/airflow/example_dags/example_sla_dag.py
[2023-11-16T00:11:33.897+0000] {processor.py:829} INFO - Processing file /home/airflow/.local/lib/python3.8/site-packages/airflow/example_dags/example_sla_dag.py for tasks to queue
[2023-11-16T00:11:33.899+0000] {logging_mixin.py:154} INFO - [2023-11-16T00:11:33.899+0000] {dagbag.py:536} INFO - Filling up the DagBag from /home/airflow/.local/lib/python3.8/site-packages/airflow/example_dags/example_sla_dag.py
[2023-11-16T00:11:33.905+0000] {processor.py:839} INFO - DAG(s) dict_keys(['example_sla_dag']) retrieved from /home/airflow/.local/lib/python3.8/site-packages/airflow/example_dags/example_sla_dag.py
[2023-11-16T00:11:33.918+0000] {logging_mixin.py:154} INFO - [2023-11-16T00:11:33.918+0000] {dag.py:2941} INFO - Sync 1 DAGs
[2023-11-16T00:11:33.935+0000] {logging_mixin.py:154} INFO - [2023-11-16T00:11:33.935+0000] {dag.py:3722} INFO - Setting next_dagrun for example_sla_dag to 2023-11-16T00:08:00+00:00, run_after=2023-11-16T00:10:00+00:00
[2023-11-16T00:11:33.947+0000] {processor.py:179} INFO - Processing /home/airflow/.local/lib/python3.8/site-packages/airflow/example_dags/example_sla_dag.py took 0.053 seconds
[2023-11-16T00:12:04.912+0000] {processor.py:157} INFO - Started process (PID=476) to work on /home/airflow/.local/lib/python3.8/site-packages/airflow/example_dags/example_sla_dag.py
[2023-11-16T00:12:04.913+0000] {processor.py:829} INFO - Processing file /home/airflow/.local/lib/python3.8/site-packages/airflow/example_dags/example_sla_dag.py for tasks to queue
[2023-11-16T00:12:04.915+0000] {logging_mixin.py:154} INFO - [2023-11-16T00:12:04.914+0000] {dagbag.py:536} INFO - Filling up the DagBag from /home/airflow/.local/lib/python3.8/site-packages/airflow/example_dags/example_sla_dag.py
[2023-11-16T00:12:04.920+0000] {processor.py:839} INFO - DAG(s) dict_keys(['example_sla_dag']) retrieved from /home/airflow/.local/lib/python3.8/site-packages/airflow/example_dags/example_sla_dag.py
[2023-11-16T00:12:04.934+0000] {logging_mixin.py:154} INFO - [2023-11-16T00:12:04.934+0000] {dag.py:2941} INFO - Sync 1 DAGs
[2023-11-16T00:12:04.951+0000] {logging_mixin.py:154} INFO - [2023-11-16T00:12:04.951+0000] {dag.py:3722} INFO - Setting next_dagrun for example_sla_dag to 2023-11-16T00:10:00+00:00, run_after=2023-11-16T00:12:00+00:00
[2023-11-16T00:12:04.963+0000] {processor.py:179} INFO - Processing /home/airflow/.local/lib/python3.8/site-packages/airflow/example_dags/example_sla_dag.py took 0.053 seconds
[2023-11-16T00:12:35.195+0000] {processor.py:157} INFO - Started process (PID=534) to work on /home/airflow/.local/lib/python3.8/site-packages/airflow/example_dags/example_sla_dag.py
[2023-11-16T00:12:35.196+0000] {processor.py:829} INFO - Processing file /home/airflow/.local/lib/python3.8/site-packages/airflow/example_dags/example_sla_dag.py for tasks to queue
[2023-11-16T00:12:35.197+0000] {logging_mixin.py:154} INFO - [2023-11-16T00:12:35.197+0000] {dagbag.py:536} INFO - Filling up the DagBag from /home/airflow/.local/lib/python3.8/site-packages/airflow/example_dags/example_sla_dag.py
[2023-11-16T00:12:35.203+0000] {processor.py:839} INFO - DAG(s) dict_keys(['example_sla_dag']) retrieved from /home/airflow/.local/lib/python3.8/site-packages/airflow/example_dags/example_sla_dag.py
[2023-11-16T00:12:35.216+0000] {logging_mixin.py:154} INFO - [2023-11-16T00:12:35.216+0000] {dag.py:2941} INFO - Sync 1 DAGs
[2023-11-16T00:12:35.232+0000] {logging_mixin.py:154} INFO - [2023-11-16T00:12:35.232+0000] {dag.py:3722} INFO - Setting next_dagrun for example_sla_dag to 2023-11-16T00:10:00+00:00, run_after=2023-11-16T00:12:00+00:00
[2023-11-16T00:12:35.245+0000] {processor.py:179} INFO - Processing /home/airflow/.local/lib/python3.8/site-packages/airflow/example_dags/example_sla_dag.py took 0.052 seconds
[2023-11-16T00:13:05.358+0000] {processor.py:157} INFO - Started process (PID=591) to work on /home/airflow/.local/lib/python3.8/site-packages/airflow/example_dags/example_sla_dag.py
[2023-11-16T00:13:05.358+0000] {processor.py:829} INFO - Processing file /home/airflow/.local/lib/python3.8/site-packages/airflow/example_dags/example_sla_dag.py for tasks to queue
[2023-11-16T00:13:05.360+0000] {logging_mixin.py:154} INFO - [2023-11-16T00:13:05.360+0000] {dagbag.py:536} INFO - Filling up the DagBag from /home/airflow/.local/lib/python3.8/site-packages/airflow/example_dags/example_sla_dag.py
[2023-11-16T00:13:05.365+0000] {processor.py:839} INFO - DAG(s) dict_keys(['example_sla_dag']) retrieved from /home/airflow/.local/lib/python3.8/site-packages/airflow/example_dags/example_sla_dag.py
[2023-11-16T00:13:05.379+0000] {logging_mixin.py:154} INFO - [2023-11-16T00:13:05.378+0000] {dag.py:2941} INFO - Sync 1 DAGs
[2023-11-16T00:13:05.395+0000] {logging_mixin.py:154} INFO - [2023-11-16T00:13:05.395+0000] {dag.py:3722} INFO - Setting next_dagrun for example_sla_dag to 2023-11-16T00:10:00+00:00, run_after=2023-11-16T00:12:00+00:00
[2023-11-16T00:13:05.409+0000] {processor.py:179} INFO - Processing /home/airflow/.local/lib/python3.8/site-packages/airflow/example_dags/example_sla_dag.py took 0.053 seconds
[2023-11-16T00:13:36.442+0000] {processor.py:157} INFO - Started process (PID=648) to work on /home/airflow/.local/lib/python3.8/site-packages/airflow/example_dags/example_sla_dag.py
[2023-11-16T00:13:36.443+0000] {processor.py:829} INFO - Processing file /home/airflow/.local/lib/python3.8/site-packages/airflow/example_dags/example_sla_dag.py for tasks to queue
[2023-11-16T00:13:36.445+0000] {logging_mixin.py:154} INFO - [2023-11-16T00:13:36.444+0000] {dagbag.py:536} INFO - Filling up the DagBag from /home/airflow/.local/lib/python3.8/site-packages/airflow/example_dags/example_sla_dag.py
[2023-11-16T00:13:36.450+0000] {processor.py:839} INFO - DAG(s) dict_keys(['example_sla_dag']) retrieved from /home/airflow/.local/lib/python3.8/site-packages/airflow/example_dags/example_sla_dag.py
[2023-11-16T00:13:36.464+0000] {logging_mixin.py:154} INFO - [2023-11-16T00:13:36.464+0000] {dag.py:2941} INFO - Sync 1 DAGs
[2023-11-16T00:13:36.480+0000] {logging_mixin.py:154} INFO - [2023-11-16T00:13:36.480+0000] {dag.py:3722} INFO - Setting next_dagrun for example_sla_dag to 2023-11-16T00:10:00+00:00, run_after=2023-11-16T00:12:00+00:00
[2023-11-16T00:13:36.491+0000] {processor.py:179} INFO - Processing /home/airflow/.local/lib/python3.8/site-packages/airflow/example_dags/example_sla_dag.py took 0.051 seconds
[2023-11-16T00:14:06.659+0000] {processor.py:157} INFO - Started process (PID=705) to work on /home/airflow/.local/lib/python3.8/site-packages/airflow/example_dags/example_sla_dag.py
[2023-11-16T00:14:06.660+0000] {processor.py:829} INFO - Processing file /home/airflow/.local/lib/python3.8/site-packages/airflow/example_dags/example_sla_dag.py for tasks to queue
[2023-11-16T00:14:06.662+0000] {logging_mixin.py:154} INFO - [2023-11-16T00:14:06.661+0000] {dagbag.py:536} INFO - Filling up the DagBag from /home/airflow/.local/lib/python3.8/site-packages/airflow/example_dags/example_sla_dag.py
[2023-11-16T00:14:06.667+0000] {processor.py:839} INFO - DAG(s) dict_keys(['example_sla_dag']) retrieved from /home/airflow/.local/lib/python3.8/site-packages/airflow/example_dags/example_sla_dag.py
[2023-11-16T00:14:06.679+0000] {logging_mixin.py:154} INFO - [2023-11-16T00:14:06.679+0000] {dag.py:2941} INFO - Sync 1 DAGs
[2023-11-16T00:14:06.695+0000] {logging_mixin.py:154} INFO - [2023-11-16T00:14:06.695+0000] {dag.py:3722} INFO - Setting next_dagrun for example_sla_dag to 2023-11-16T00:12:00+00:00, run_after=2023-11-16T00:14:00+00:00
[2023-11-16T00:14:06.706+0000] {processor.py:179} INFO - Processing /home/airflow/.local/lib/python3.8/site-packages/airflow/example_dags/example_sla_dag.py took 0.049 seconds
[2023-11-16T00:14:37.776+0000] {processor.py:157} INFO - Started process (PID=762) to work on /home/airflow/.local/lib/python3.8/site-packages/airflow/example_dags/example_sla_dag.py
[2023-11-16T00:14:37.776+0000] {processor.py:829} INFO - Processing file /home/airflow/.local/lib/python3.8/site-packages/airflow/example_dags/example_sla_dag.py for tasks to queue
[2023-11-16T00:14:37.778+0000] {logging_mixin.py:154} INFO - [2023-11-16T00:14:37.778+0000] {dagbag.py:536} INFO - Filling up the DagBag from /home/airflow/.local/lib/python3.8/site-packages/airflow/example_dags/example_sla_dag.py
[2023-11-16T00:14:37.784+0000] {processor.py:839} INFO - DAG(s) dict_keys(['example_sla_dag']) retrieved from /home/airflow/.local/lib/python3.8/site-packages/airflow/example_dags/example_sla_dag.py
[2023-11-16T00:14:37.797+0000] {logging_mixin.py:154} INFO - [2023-11-16T00:14:37.796+0000] {dag.py:2941} INFO - Sync 1 DAGs
[2023-11-16T00:14:37.813+0000] {logging_mixin.py:154} INFO - [2023-11-16T00:14:37.813+0000] {dag.py:3722} INFO - Setting next_dagrun for example_sla_dag to 2023-11-16T00:12:00+00:00, run_after=2023-11-16T00:14:00+00:00
[2023-11-16T00:14:37.824+0000] {processor.py:179} INFO - Processing /home/airflow/.local/lib/python3.8/site-packages/airflow/example_dags/example_sla_dag.py took 0.050 seconds
[2023-11-16T00:15:08.081+0000] {processor.py:157} INFO - Started process (PID=819) to work on /home/airflow/.local/lib/python3.8/site-packages/airflow/example_dags/example_sla_dag.py
[2023-11-16T00:15:08.082+0000] {processor.py:829} INFO - Processing file /home/airflow/.local/lib/python3.8/site-packages/airflow/example_dags/example_sla_dag.py for tasks to queue
[2023-11-16T00:15:08.083+0000] {logging_mixin.py:154} INFO - [2023-11-16T00:15:08.083+0000] {dagbag.py:536} INFO - Filling up the DagBag from /home/airflow/.local/lib/python3.8/site-packages/airflow/example_dags/example_sla_dag.py
[2023-11-16T00:15:08.089+0000] {processor.py:839} INFO - DAG(s) dict_keys(['example_sla_dag']) retrieved from /home/airflow/.local/lib/python3.8/site-packages/airflow/example_dags/example_sla_dag.py
[2023-11-16T00:15:08.102+0000] {logging_mixin.py:154} INFO - [2023-11-16T00:15:08.102+0000] {dag.py:2941} INFO - Sync 1 DAGs
[2023-11-16T00:15:08.117+0000] {logging_mixin.py:154} INFO - [2023-11-16T00:15:08.117+0000] {dag.py:3722} INFO - Setting next_dagrun for example_sla_dag to 2023-11-16T00:12:00+00:00, run_after=2023-11-16T00:14:00+00:00
[2023-11-16T00:15:08.129+0000] {processor.py:179} INFO - Processing /home/airflow/.local/lib/python3.8/site-packages/airflow/example_dags/example_sla_dag.py took 0.051 seconds
[2023-11-16T00:15:39.220+0000] {processor.py:157} INFO - Started process (PID=876) to work on /home/airflow/.local/lib/python3.8/site-packages/airflow/example_dags/example_sla_dag.py
[2023-11-16T00:15:39.221+0000] {processor.py:829} INFO - Processing file /home/airflow/.local/lib/python3.8/site-packages/airflow/example_dags/example_sla_dag.py for tasks to queue
[2023-11-16T00:15:39.222+0000] {logging_mixin.py:154} INFO - [2023-11-16T00:15:39.222+0000] {dagbag.py:536} INFO - Filling up the DagBag from /home/airflow/.local/lib/python3.8/site-packages/airflow/example_dags/example_sla_dag.py
[2023-11-16T00:15:39.228+0000] {processor.py:839} INFO - DAG(s) dict_keys(['example_sla_dag']) retrieved from /home/airflow/.local/lib/python3.8/site-packages/airflow/example_dags/example_sla_dag.py
[2023-11-16T00:15:39.241+0000] {logging_mixin.py:154} INFO - [2023-11-16T00:15:39.241+0000] {dag.py:2941} INFO - Sync 1 DAGs
[2023-11-16T00:15:39.258+0000] {logging_mixin.py:154} INFO - [2023-11-16T00:15:39.257+0000] {dag.py:3722} INFO - Setting next_dagrun for example_sla_dag to 2023-11-16T00:12:00+00:00, run_after=2023-11-16T00:14:00+00:00
[2023-11-16T00:15:39.269+0000] {processor.py:179} INFO - Processing /home/airflow/.local/lib/python3.8/site-packages/airflow/example_dags/example_sla_dag.py took 0.052 seconds
[2023-11-16T00:16:09.388+0000] {processor.py:157} INFO - Started process (PID=934) to work on /home/airflow/.local/lib/python3.8/site-packages/airflow/example_dags/example_sla_dag.py
[2023-11-16T00:16:09.388+0000] {processor.py:829} INFO - Processing file /home/airflow/.local/lib/python3.8/site-packages/airflow/example_dags/example_sla_dag.py for tasks to queue
[2023-11-16T00:16:09.390+0000] {logging_mixin.py:154} INFO - [2023-11-16T00:16:09.390+0000] {dagbag.py:536} INFO - Filling up the DagBag from /home/airflow/.local/lib/python3.8/site-packages/airflow/example_dags/example_sla_dag.py
[2023-11-16T00:16:09.396+0000] {processor.py:839} INFO - DAG(s) dict_keys(['example_sla_dag']) retrieved from /home/airflow/.local/lib/python3.8/site-packages/airflow/example_dags/example_sla_dag.py
[2023-11-16T00:16:09.409+0000] {logging_mixin.py:154} INFO - [2023-11-16T00:16:09.409+0000] {dag.py:2941} INFO - Sync 1 DAGs
[2023-11-16T00:16:09.426+0000] {logging_mixin.py:154} INFO - [2023-11-16T00:16:09.426+0000] {dag.py:3722} INFO - Setting next_dagrun for example_sla_dag to 2023-11-16T00:14:00+00:00, run_after=2023-11-16T00:16:00+00:00
[2023-11-16T00:16:09.439+0000] {processor.py:179} INFO - Processing /home/airflow/.local/lib/python3.8/site-packages/airflow/example_dags/example_sla_dag.py took 0.054 seconds
[2023-11-16T00:16:39.597+0000] {processor.py:157} INFO - Started process (PID=990) to work on /home/airflow/.local/lib/python3.8/site-packages/airflow/example_dags/example_sla_dag.py
[2023-11-16T00:16:39.598+0000] {processor.py:829} INFO - Processing file /home/airflow/.local/lib/python3.8/site-packages/airflow/example_dags/example_sla_dag.py for tasks to queue
[2023-11-16T00:16:39.600+0000] {logging_mixin.py:154} INFO - [2023-11-16T00:16:39.599+0000] {dagbag.py:536} INFO - Filling up the DagBag from /home/airflow/.local/lib/python3.8/site-packages/airflow/example_dags/example_sla_dag.py
[2023-11-16T00:16:39.605+0000] {processor.py:839} INFO - DAG(s) dict_keys(['example_sla_dag']) retrieved from /home/airflow/.local/lib/python3.8/site-packages/airflow/example_dags/example_sla_dag.py
[2023-11-16T00:16:39.619+0000] {logging_mixin.py:154} INFO - [2023-11-16T00:16:39.618+0000] {dag.py:2941} INFO - Sync 1 DAGs
[2023-11-16T00:16:39.635+0000] {logging_mixin.py:154} INFO - [2023-11-16T00:16:39.635+0000] {dag.py:3722} INFO - Setting next_dagrun for example_sla_dag to 2023-11-16T00:14:00+00:00, run_after=2023-11-16T00:16:00+00:00
[2023-11-16T00:16:39.647+0000] {processor.py:179} INFO - Processing /home/airflow/.local/lib/python3.8/site-packages/airflow/example_dags/example_sla_dag.py took 0.051 seconds
[2023-11-16T00:17:09.684+0000] {processor.py:157} INFO - Started process (PID=1047) to work on /home/airflow/.local/lib/python3.8/site-packages/airflow/example_dags/example_sla_dag.py
[2023-11-16T00:17:09.685+0000] {processor.py:829} INFO - Processing file /home/airflow/.local/lib/python3.8/site-packages/airflow/example_dags/example_sla_dag.py for tasks to queue
[2023-11-16T00:17:09.687+0000] {logging_mixin.py:154} INFO - [2023-11-16T00:17:09.686+0000] {dagbag.py:536} INFO - Filling up the DagBag from /home/airflow/.local/lib/python3.8/site-packages/airflow/example_dags/example_sla_dag.py
[2023-11-16T00:17:09.692+0000] {processor.py:839} INFO - DAG(s) dict_keys(['example_sla_dag']) retrieved from /home/airflow/.local/lib/python3.8/site-packages/airflow/example_dags/example_sla_dag.py
[2023-11-16T00:17:09.707+0000] {logging_mixin.py:154} INFO - [2023-11-16T00:17:09.707+0000] {dag.py:2941} INFO - Sync 1 DAGs
[2023-11-16T00:17:09.723+0000] {logging_mixin.py:154} INFO - [2023-11-16T00:17:09.723+0000] {dag.py:3722} INFO - Setting next_dagrun for example_sla_dag to 2023-11-16T00:14:00+00:00, run_after=2023-11-16T00:16:00+00:00
[2023-11-16T00:17:09.736+0000] {processor.py:179} INFO - Processing /home/airflow/.local/lib/python3.8/site-packages/airflow/example_dags/example_sla_dag.py took 0.054 seconds
[2023-11-16T00:17:39.827+0000] {processor.py:157} INFO - Started process (PID=1103) to work on /home/airflow/.local/lib/python3.8/site-packages/airflow/example_dags/example_sla_dag.py
[2023-11-16T00:17:39.828+0000] {processor.py:829} INFO - Processing file /home/airflow/.local/lib/python3.8/site-packages/airflow/example_dags/example_sla_dag.py for tasks to queue
[2023-11-16T00:17:39.829+0000] {logging_mixin.py:154} INFO - [2023-11-16T00:17:39.829+0000] {dagbag.py:536} INFO - Filling up the DagBag from /home/airflow/.local/lib/python3.8/site-packages/airflow/example_dags/example_sla_dag.py
[2023-11-16T00:17:39.834+0000] {processor.py:839} INFO - DAG(s) dict_keys(['example_sla_dag']) retrieved from /home/airflow/.local/lib/python3.8/site-packages/airflow/example_dags/example_sla_dag.py
[2023-11-16T00:17:39.847+0000] {logging_mixin.py:154} INFO - [2023-11-16T00:17:39.847+0000] {dag.py:2941} INFO - Sync 1 DAGs
[2023-11-16T00:17:39.862+0000] {logging_mixin.py:154} INFO - [2023-11-16T00:17:39.862+0000] {dag.py:3722} INFO - Setting next_dagrun for example_sla_dag to 2023-11-16T00:14:00+00:00, run_after=2023-11-16T00:16:00+00:00
[2023-11-16T00:17:39.873+0000] {processor.py:179} INFO - Processing /home/airflow/.local/lib/python3.8/site-packages/airflow/example_dags/example_sla_dag.py took 0.048 seconds
[2023-11-16T00:18:10.549+0000] {processor.py:157} INFO - Started process (PID=1160) to work on /home/airflow/.local/lib/python3.8/site-packages/airflow/example_dags/example_sla_dag.py
[2023-11-16T00:18:10.550+0000] {processor.py:829} INFO - Processing file /home/airflow/.local/lib/python3.8/site-packages/airflow/example_dags/example_sla_dag.py for tasks to queue
[2023-11-16T00:18:10.551+0000] {logging_mixin.py:154} INFO - [2023-11-16T00:18:10.551+0000] {dagbag.py:536} INFO - Filling up the DagBag from /home/airflow/.local/lib/python3.8/site-packages/airflow/example_dags/example_sla_dag.py
[2023-11-16T00:18:10.557+0000] {processor.py:839} INFO - DAG(s) dict_keys(['example_sla_dag']) retrieved from /home/airflow/.local/lib/python3.8/site-packages/airflow/example_dags/example_sla_dag.py
[2023-11-16T00:18:10.569+0000] {logging_mixin.py:154} INFO - [2023-11-16T00:18:10.569+0000] {dag.py:2941} INFO - Sync 1 DAGs
[2023-11-16T00:18:10.584+0000] {logging_mixin.py:154} INFO - [2023-11-16T00:18:10.584+0000] {dag.py:3722} INFO - Setting next_dagrun for example_sla_dag to 2023-11-16T00:16:00+00:00, run_after=2023-11-16T00:18:00+00:00
[2023-11-16T00:18:10.596+0000] {processor.py:179} INFO - Processing /home/airflow/.local/lib/python3.8/site-packages/airflow/example_dags/example_sla_dag.py took 0.048 seconds
[2023-11-16T00:18:40.876+0000] {processor.py:157} INFO - Started process (PID=1217) to work on /home/airflow/.local/lib/python3.8/site-packages/airflow/example_dags/example_sla_dag.py
[2023-11-16T00:18:40.877+0000] {processor.py:829} INFO - Processing file /home/airflow/.local/lib/python3.8/site-packages/airflow/example_dags/example_sla_dag.py for tasks to queue
[2023-11-16T00:18:40.879+0000] {logging_mixin.py:154} INFO - [2023-11-16T00:18:40.878+0000] {dagbag.py:536} INFO - Filling up the DagBag from /home/airflow/.local/lib/python3.8/site-packages/airflow/example_dags/example_sla_dag.py
[2023-11-16T00:18:40.884+0000] {processor.py:839} INFO - DAG(s) dict_keys(['example_sla_dag']) retrieved from /home/airflow/.local/lib/python3.8/site-packages/airflow/example_dags/example_sla_dag.py
[2023-11-16T00:18:40.897+0000] {logging_mixin.py:154} INFO - [2023-11-16T00:18:40.897+0000] {dag.py:2941} INFO - Sync 1 DAGs
[2023-11-16T00:18:40.912+0000] {logging_mixin.py:154} INFO - [2023-11-16T00:18:40.912+0000] {dag.py:3722} INFO - Setting next_dagrun for example_sla_dag to 2023-11-16T00:16:00+00:00, run_after=2023-11-16T00:18:00+00:00
[2023-11-16T00:18:40.923+0000] {processor.py:179} INFO - Processing /home/airflow/.local/lib/python3.8/site-packages/airflow/example_dags/example_sla_dag.py took 0.049 seconds
[2023-11-16T00:19:11.061+0000] {processor.py:157} INFO - Started process (PID=1274) to work on /home/airflow/.local/lib/python3.8/site-packages/airflow/example_dags/example_sla_dag.py
[2023-11-16T00:19:11.062+0000] {processor.py:829} INFO - Processing file /home/airflow/.local/lib/python3.8/site-packages/airflow/example_dags/example_sla_dag.py for tasks to queue
[2023-11-16T00:19:11.064+0000] {logging_mixin.py:154} INFO - [2023-11-16T00:19:11.063+0000] {dagbag.py:536} INFO - Filling up the DagBag from /home/airflow/.local/lib/python3.8/site-packages/airflow/example_dags/example_sla_dag.py
[2023-11-16T00:19:11.070+0000] {processor.py:839} INFO - DAG(s) dict_keys(['example_sla_dag']) retrieved from /home/airflow/.local/lib/python3.8/site-packages/airflow/example_dags/example_sla_dag.py
[2023-11-16T00:19:11.085+0000] {logging_mixin.py:154} INFO - [2023-11-16T00:19:11.085+0000] {dag.py:2941} INFO - Sync 1 DAGs
[2023-11-16T00:19:11.102+0000] {logging_mixin.py:154} INFO - [2023-11-16T00:19:11.102+0000] {dag.py:3722} INFO - Setting next_dagrun for example_sla_dag to 2023-11-16T00:16:00+00:00, run_after=2023-11-16T00:18:00+00:00
[2023-11-16T00:19:11.113+0000] {processor.py:179} INFO - Processing /home/airflow/.local/lib/python3.8/site-packages/airflow/example_dags/example_sla_dag.py took 0.055 seconds
[2023-11-16T00:19:42.076+0000] {processor.py:157} INFO - Started process (PID=1332) to work on /home/airflow/.local/lib/python3.8/site-packages/airflow/example_dags/example_sla_dag.py
[2023-11-16T00:19:42.077+0000] {processor.py:829} INFO - Processing file /home/airflow/.local/lib/python3.8/site-packages/airflow/example_dags/example_sla_dag.py for tasks to queue
[2023-11-16T00:19:42.078+0000] {logging_mixin.py:154} INFO - [2023-11-16T00:19:42.078+0000] {dagbag.py:536} INFO - Filling up the DagBag from /home/airflow/.local/lib/python3.8/site-packages/airflow/example_dags/example_sla_dag.py
[2023-11-16T00:19:42.084+0000] {processor.py:839} INFO - DAG(s) dict_keys(['example_sla_dag']) retrieved from /home/airflow/.local/lib/python3.8/site-packages/airflow/example_dags/example_sla_dag.py
[2023-11-16T00:19:42.098+0000] {logging_mixin.py:154} INFO - [2023-11-16T00:19:42.098+0000] {dag.py:2941} INFO - Sync 1 DAGs
[2023-11-16T00:19:42.114+0000] {logging_mixin.py:154} INFO - [2023-11-16T00:19:42.114+0000] {dag.py:3722} INFO - Setting next_dagrun for example_sla_dag to 2023-11-16T00:16:00+00:00, run_after=2023-11-16T00:18:00+00:00
[2023-11-16T00:19:42.125+0000] {processor.py:179} INFO - Processing /home/airflow/.local/lib/python3.8/site-packages/airflow/example_dags/example_sla_dag.py took 0.051 seconds
[2023-11-16T00:20:12.557+0000] {processor.py:157} INFO - Started process (PID=1389) to work on /home/airflow/.local/lib/python3.8/site-packages/airflow/example_dags/example_sla_dag.py
[2023-11-16T00:20:12.558+0000] {processor.py:829} INFO - Processing file /home/airflow/.local/lib/python3.8/site-packages/airflow/example_dags/example_sla_dag.py for tasks to queue
[2023-11-16T00:20:12.560+0000] {logging_mixin.py:154} INFO - [2023-11-16T00:20:12.559+0000] {dagbag.py:536} INFO - Filling up the DagBag from /home/airflow/.local/lib/python3.8/site-packages/airflow/example_dags/example_sla_dag.py
[2023-11-16T00:20:12.565+0000] {processor.py:839} INFO - DAG(s) dict_keys(['example_sla_dag']) retrieved from /home/airflow/.local/lib/python3.8/site-packages/airflow/example_dags/example_sla_dag.py
[2023-11-16T00:20:12.578+0000] {logging_mixin.py:154} INFO - [2023-11-16T00:20:12.577+0000] {dag.py:2941} INFO - Sync 1 DAGs
[2023-11-16T00:20:12.593+0000] {logging_mixin.py:154} INFO - [2023-11-16T00:20:12.593+0000] {dag.py:3722} INFO - Setting next_dagrun for example_sla_dag to 2023-11-16T00:18:00+00:00, run_after=2023-11-16T00:20:00+00:00
[2023-11-16T00:20:12.606+0000] {processor.py:179} INFO - Processing /home/airflow/.local/lib/python3.8/site-packages/airflow/example_dags/example_sla_dag.py took 0.051 seconds
[2023-11-16T00:20:42.946+0000] {processor.py:157} INFO - Started process (PID=1446) to work on /home/airflow/.local/lib/python3.8/site-packages/airflow/example_dags/example_sla_dag.py
[2023-11-16T00:20:42.947+0000] {processor.py:829} INFO - Processing file /home/airflow/.local/lib/python3.8/site-packages/airflow/example_dags/example_sla_dag.py for tasks to queue
[2023-11-16T00:20:42.948+0000] {logging_mixin.py:154} INFO - [2023-11-16T00:20:42.948+0000] {dagbag.py:536} INFO - Filling up the DagBag from /home/airflow/.local/lib/python3.8/site-packages/airflow/example_dags/example_sla_dag.py
[2023-11-16T00:20:42.953+0000] {processor.py:839} INFO - DAG(s) dict_keys(['example_sla_dag']) retrieved from /home/airflow/.local/lib/python3.8/site-packages/airflow/example_dags/example_sla_dag.py
[2023-11-16T00:20:42.965+0000] {logging_mixin.py:154} INFO - [2023-11-16T00:20:42.965+0000] {dag.py:2941} INFO - Sync 1 DAGs
[2023-11-16T00:20:42.982+0000] {logging_mixin.py:154} INFO - [2023-11-16T00:20:42.982+0000] {dag.py:3722} INFO - Setting next_dagrun for example_sla_dag to 2023-11-16T00:18:00+00:00, run_after=2023-11-16T00:20:00+00:00
[2023-11-16T00:20:42.993+0000] {processor.py:179} INFO - Processing /home/airflow/.local/lib/python3.8/site-packages/airflow/example_dags/example_sla_dag.py took 0.049 seconds
[2023-11-16T00:21:14.250+0000] {processor.py:157} INFO - Started process (PID=1504) to work on /home/airflow/.local/lib/python3.8/site-packages/airflow/example_dags/example_sla_dag.py
[2023-11-16T00:21:14.251+0000] {processor.py:829} INFO - Processing file /home/airflow/.local/lib/python3.8/site-packages/airflow/example_dags/example_sla_dag.py for tasks to queue
[2023-11-16T00:21:14.253+0000] {logging_mixin.py:154} INFO - [2023-11-16T00:21:14.253+0000] {dagbag.py:536} INFO - Filling up the DagBag from /home/airflow/.local/lib/python3.8/site-packages/airflow/example_dags/example_sla_dag.py
[2023-11-16T00:21:14.258+0000] {processor.py:839} INFO - DAG(s) dict_keys(['example_sla_dag']) retrieved from /home/airflow/.local/lib/python3.8/site-packages/airflow/example_dags/example_sla_dag.py
[2023-11-16T00:21:14.272+0000] {logging_mixin.py:154} INFO - [2023-11-16T00:21:14.271+0000] {dag.py:2941} INFO - Sync 1 DAGs
[2023-11-16T00:21:14.287+0000] {logging_mixin.py:154} INFO - [2023-11-16T00:21:14.287+0000] {dag.py:3722} INFO - Setting next_dagrun for example_sla_dag to 2023-11-16T00:18:00+00:00, run_after=2023-11-16T00:20:00+00:00
[2023-11-16T00:21:14.299+0000] {processor.py:179} INFO - Processing /home/airflow/.local/lib/python3.8/site-packages/airflow/example_dags/example_sla_dag.py took 0.051 seconds
[2023-11-16T00:21:45.086+0000] {processor.py:157} INFO - Started process (PID=1561) to work on /home/airflow/.local/lib/python3.8/site-packages/airflow/example_dags/example_sla_dag.py
[2023-11-16T00:21:45.087+0000] {processor.py:829} INFO - Processing file /home/airflow/.local/lib/python3.8/site-packages/airflow/example_dags/example_sla_dag.py for tasks to queue
[2023-11-16T00:21:45.089+0000] {logging_mixin.py:154} INFO - [2023-11-16T00:21:45.088+0000] {dagbag.py:536} INFO - Filling up the DagBag from /home/airflow/.local/lib/python3.8/site-packages/airflow/example_dags/example_sla_dag.py
[2023-11-16T00:21:45.094+0000] {processor.py:839} INFO - DAG(s) dict_keys(['example_sla_dag']) retrieved from /home/airflow/.local/lib/python3.8/site-packages/airflow/example_dags/example_sla_dag.py
[2023-11-16T00:21:45.107+0000] {logging_mixin.py:154} INFO - [2023-11-16T00:21:45.107+0000] {dag.py:2941} INFO - Sync 1 DAGs
[2023-11-16T00:21:45.224+0000] {logging_mixin.py:154} INFO - [2023-11-16T00:21:45.224+0000] {dag.py:3722} INFO - Setting next_dagrun for example_sla_dag to 2023-11-16T00:18:00+00:00, run_after=2023-11-16T00:20:00+00:00
[2023-11-16T00:21:45.235+0000] {processor.py:179} INFO - Processing /home/airflow/.local/lib/python3.8/site-packages/airflow/example_dags/example_sla_dag.py took 0.152 seconds
[2023-11-16T00:22:16.179+0000] {processor.py:157} INFO - Started process (PID=1618) to work on /home/airflow/.local/lib/python3.8/site-packages/airflow/example_dags/example_sla_dag.py
[2023-11-16T00:22:16.180+0000] {processor.py:829} INFO - Processing file /home/airflow/.local/lib/python3.8/site-packages/airflow/example_dags/example_sla_dag.py for tasks to queue
[2023-11-16T00:22:16.182+0000] {logging_mixin.py:154} INFO - [2023-11-16T00:22:16.181+0000] {dagbag.py:536} INFO - Filling up the DagBag from /home/airflow/.local/lib/python3.8/site-packages/airflow/example_dags/example_sla_dag.py
[2023-11-16T00:22:16.189+0000] {processor.py:839} INFO - DAG(s) dict_keys(['example_sla_dag']) retrieved from /home/airflow/.local/lib/python3.8/site-packages/airflow/example_dags/example_sla_dag.py
[2023-11-16T00:22:16.204+0000] {logging_mixin.py:154} INFO - [2023-11-16T00:22:16.203+0000] {dag.py:2941} INFO - Sync 1 DAGs
[2023-11-16T00:22:16.219+0000] {logging_mixin.py:154} INFO - [2023-11-16T00:22:16.219+0000] {dag.py:3722} INFO - Setting next_dagrun for example_sla_dag to 2023-11-16T00:20:00+00:00, run_after=2023-11-16T00:22:00+00:00
[2023-11-16T00:22:16.232+0000] {processor.py:179} INFO - Processing /home/airflow/.local/lib/python3.8/site-packages/airflow/example_dags/example_sla_dag.py took 0.056 seconds
[2023-11-16T00:22:47.028+0000] {processor.py:157} INFO - Started process (PID=1675) to work on /home/airflow/.local/lib/python3.8/site-packages/airflow/example_dags/example_sla_dag.py
[2023-11-16T00:22:47.029+0000] {processor.py:829} INFO - Processing file /home/airflow/.local/lib/python3.8/site-packages/airflow/example_dags/example_sla_dag.py for tasks to queue
[2023-11-16T00:22:47.032+0000] {logging_mixin.py:154} INFO - [2023-11-16T00:22:47.031+0000] {dagbag.py:536} INFO - Filling up the DagBag from /home/airflow/.local/lib/python3.8/site-packages/airflow/example_dags/example_sla_dag.py
[2023-11-16T00:22:47.039+0000] {processor.py:839} INFO - DAG(s) dict_keys(['example_sla_dag']) retrieved from /home/airflow/.local/lib/python3.8/site-packages/airflow/example_dags/example_sla_dag.py
[2023-11-16T00:22:47.053+0000] {logging_mixin.py:154} INFO - [2023-11-16T00:22:47.053+0000] {dag.py:2941} INFO - Sync 1 DAGs
[2023-11-16T00:22:47.076+0000] {logging_mixin.py:154} INFO - [2023-11-16T00:22:47.076+0000] {dag.py:3722} INFO - Setting next_dagrun for example_sla_dag to 2023-11-16T00:20:00+00:00, run_after=2023-11-16T00:22:00+00:00
[2023-11-16T00:22:47.090+0000] {processor.py:179} INFO - Processing /home/airflow/.local/lib/python3.8/site-packages/airflow/example_dags/example_sla_dag.py took 0.065 seconds
[2023-11-16T00:23:17.117+0000] {processor.py:157} INFO - Started process (PID=1732) to work on /home/airflow/.local/lib/python3.8/site-packages/airflow/example_dags/example_sla_dag.py
[2023-11-16T00:23:17.118+0000] {processor.py:829} INFO - Processing file /home/airflow/.local/lib/python3.8/site-packages/airflow/example_dags/example_sla_dag.py for tasks to queue
[2023-11-16T00:23:17.120+0000] {logging_mixin.py:154} INFO - [2023-11-16T00:23:17.120+0000] {dagbag.py:536} INFO - Filling up the DagBag from /home/airflow/.local/lib/python3.8/site-packages/airflow/example_dags/example_sla_dag.py
[2023-11-16T00:23:17.126+0000] {processor.py:839} INFO - DAG(s) dict_keys(['example_sla_dag']) retrieved from /home/airflow/.local/lib/python3.8/site-packages/airflow/example_dags/example_sla_dag.py
[2023-11-16T00:23:17.140+0000] {logging_mixin.py:154} INFO - [2023-11-16T00:23:17.139+0000] {dag.py:2941} INFO - Sync 1 DAGs
[2023-11-16T00:23:17.247+0000] {logging_mixin.py:154} INFO - [2023-11-16T00:23:17.246+0000] {dag.py:3722} INFO - Setting next_dagrun for example_sla_dag to 2023-11-16T00:20:00+00:00, run_after=2023-11-16T00:22:00+00:00
[2023-11-16T00:23:17.257+0000] {processor.py:179} INFO - Processing /home/airflow/.local/lib/python3.8/site-packages/airflow/example_dags/example_sla_dag.py took 0.142 seconds
[2023-11-16T00:23:48.163+0000] {processor.py:157} INFO - Started process (PID=1789) to work on /home/airflow/.local/lib/python3.8/site-packages/airflow/example_dags/example_sla_dag.py
[2023-11-16T00:23:48.164+0000] {processor.py:829} INFO - Processing file /home/airflow/.local/lib/python3.8/site-packages/airflow/example_dags/example_sla_dag.py for tasks to queue
[2023-11-16T00:23:48.167+0000] {logging_mixin.py:154} INFO - [2023-11-16T00:23:48.166+0000] {dagbag.py:536} INFO - Filling up the DagBag from /home/airflow/.local/lib/python3.8/site-packages/airflow/example_dags/example_sla_dag.py
[2023-11-16T00:23:48.173+0000] {processor.py:839} INFO - DAG(s) dict_keys(['example_sla_dag']) retrieved from /home/airflow/.local/lib/python3.8/site-packages/airflow/example_dags/example_sla_dag.py
[2023-11-16T00:23:48.187+0000] {logging_mixin.py:154} INFO - [2023-11-16T00:23:48.187+0000] {dag.py:2941} INFO - Sync 1 DAGs
[2023-11-16T00:23:48.308+0000] {logging_mixin.py:154} INFO - [2023-11-16T00:23:48.308+0000] {dag.py:3722} INFO - Setting next_dagrun for example_sla_dag to 2023-11-16T00:20:00+00:00, run_after=2023-11-16T00:22:00+00:00
[2023-11-16T00:23:48.319+0000] {processor.py:179} INFO - Processing /home/airflow/.local/lib/python3.8/site-packages/airflow/example_dags/example_sla_dag.py took 0.159 seconds
[2023-11-16T00:24:18.941+0000] {processor.py:157} INFO - Started process (PID=1846) to work on /home/airflow/.local/lib/python3.8/site-packages/airflow/example_dags/example_sla_dag.py
[2023-11-16T00:24:18.942+0000] {processor.py:829} INFO - Processing file /home/airflow/.local/lib/python3.8/site-packages/airflow/example_dags/example_sla_dag.py for tasks to queue
[2023-11-16T00:24:18.943+0000] {logging_mixin.py:154} INFO - [2023-11-16T00:24:18.943+0000] {dagbag.py:536} INFO - Filling up the DagBag from /home/airflow/.local/lib/python3.8/site-packages/airflow/example_dags/example_sla_dag.py
[2023-11-16T00:24:18.949+0000] {processor.py:839} INFO - DAG(s) dict_keys(['example_sla_dag']) retrieved from /home/airflow/.local/lib/python3.8/site-packages/airflow/example_dags/example_sla_dag.py
[2023-11-16T00:24:18.963+0000] {logging_mixin.py:154} INFO - [2023-11-16T00:24:18.963+0000] {dag.py:2941} INFO - Sync 1 DAGs
[2023-11-16T00:24:18.980+0000] {logging_mixin.py:154} INFO - [2023-11-16T00:24:18.980+0000] {dag.py:3722} INFO - Setting next_dagrun for example_sla_dag to 2023-11-16T00:22:00+00:00, run_after=2023-11-16T00:24:00+00:00
[2023-11-16T00:24:18.995+0000] {processor.py:179} INFO - Processing /home/airflow/.local/lib/python3.8/site-packages/airflow/example_dags/example_sla_dag.py took 0.057 seconds
[2023-11-16T00:24:49.949+0000] {processor.py:157} INFO - Started process (PID=1903) to work on /home/airflow/.local/lib/python3.8/site-packages/airflow/example_dags/example_sla_dag.py
[2023-11-16T00:24:49.949+0000] {processor.py:829} INFO - Processing file /home/airflow/.local/lib/python3.8/site-packages/airflow/example_dags/example_sla_dag.py for tasks to queue
[2023-11-16T00:24:49.951+0000] {logging_mixin.py:154} INFO - [2023-11-16T00:24:49.951+0000] {dagbag.py:536} INFO - Filling up the DagBag from /home/airflow/.local/lib/python3.8/site-packages/airflow/example_dags/example_sla_dag.py
[2023-11-16T00:24:49.956+0000] {processor.py:839} INFO - DAG(s) dict_keys(['example_sla_dag']) retrieved from /home/airflow/.local/lib/python3.8/site-packages/airflow/example_dags/example_sla_dag.py
[2023-11-16T00:24:49.970+0000] {logging_mixin.py:154} INFO - [2023-11-16T00:24:49.969+0000] {dag.py:2941} INFO - Sync 1 DAGs
[2023-11-16T00:24:49.986+0000] {logging_mixin.py:154} INFO - [2023-11-16T00:24:49.986+0000] {dag.py:3722} INFO - Setting next_dagrun for example_sla_dag to 2023-11-16T00:22:00+00:00, run_after=2023-11-16T00:24:00+00:00
[2023-11-16T00:24:49.999+0000] {processor.py:179} INFO - Processing /home/airflow/.local/lib/python3.8/site-packages/airflow/example_dags/example_sla_dag.py took 0.053 seconds
[2023-11-16T00:25:20.106+0000] {processor.py:157} INFO - Started process (PID=1960) to work on /home/airflow/.local/lib/python3.8/site-packages/airflow/example_dags/example_sla_dag.py
[2023-11-16T00:25:20.106+0000] {processor.py:829} INFO - Processing file /home/airflow/.local/lib/python3.8/site-packages/airflow/example_dags/example_sla_dag.py for tasks to queue
[2023-11-16T00:25:20.108+0000] {logging_mixin.py:154} INFO - [2023-11-16T00:25:20.108+0000] {dagbag.py:536} INFO - Filling up the DagBag from /home/airflow/.local/lib/python3.8/site-packages/airflow/example_dags/example_sla_dag.py
[2023-11-16T00:25:20.114+0000] {processor.py:839} INFO - DAG(s) dict_keys(['example_sla_dag']) retrieved from /home/airflow/.local/lib/python3.8/site-packages/airflow/example_dags/example_sla_dag.py
[2023-11-16T00:25:20.126+0000] {logging_mixin.py:154} INFO - [2023-11-16T00:25:20.126+0000] {dag.py:2941} INFO - Sync 1 DAGs
[2023-11-16T00:25:20.141+0000] {logging_mixin.py:154} INFO - [2023-11-16T00:25:20.141+0000] {dag.py:3722} INFO - Setting next_dagrun for example_sla_dag to 2023-11-16T00:22:00+00:00, run_after=2023-11-16T00:24:00+00:00
[2023-11-16T00:25:20.152+0000] {processor.py:179} INFO - Processing /home/airflow/.local/lib/python3.8/site-packages/airflow/example_dags/example_sla_dag.py took 0.049 seconds
[2023-11-16T00:25:50.299+0000] {processor.py:157} INFO - Started process (PID=2017) to work on /home/airflow/.local/lib/python3.8/site-packages/airflow/example_dags/example_sla_dag.py
[2023-11-16T00:25:50.300+0000] {processor.py:829} INFO - Processing file /home/airflow/.local/lib/python3.8/site-packages/airflow/example_dags/example_sla_dag.py for tasks to queue
[2023-11-16T00:25:50.302+0000] {logging_mixin.py:154} INFO - [2023-11-16T00:25:50.301+0000] {dagbag.py:536} INFO - Filling up the DagBag from /home/airflow/.local/lib/python3.8/site-packages/airflow/example_dags/example_sla_dag.py
[2023-11-16T00:25:50.308+0000] {processor.py:839} INFO - DAG(s) dict_keys(['example_sla_dag']) retrieved from /home/airflow/.local/lib/python3.8/site-packages/airflow/example_dags/example_sla_dag.py
[2023-11-16T00:25:50.322+0000] {logging_mixin.py:154} INFO - [2023-11-16T00:25:50.322+0000] {dag.py:2941} INFO - Sync 1 DAGs
[2023-11-16T00:25:50.339+0000] {logging_mixin.py:154} INFO - [2023-11-16T00:25:50.339+0000] {dag.py:3722} INFO - Setting next_dagrun for example_sla_dag to 2023-11-16T00:22:00+00:00, run_after=2023-11-16T00:24:00+00:00
[2023-11-16T00:25:50.351+0000] {processor.py:179} INFO - Processing /home/airflow/.local/lib/python3.8/site-packages/airflow/example_dags/example_sla_dag.py took 0.054 seconds
[2023-11-16T00:26:20.521+0000] {processor.py:157} INFO - Started process (PID=2074) to work on /home/airflow/.local/lib/python3.8/site-packages/airflow/example_dags/example_sla_dag.py
[2023-11-16T00:26:20.522+0000] {processor.py:829} INFO - Processing file /home/airflow/.local/lib/python3.8/site-packages/airflow/example_dags/example_sla_dag.py for tasks to queue
[2023-11-16T00:26:20.524+0000] {logging_mixin.py:154} INFO - [2023-11-16T00:26:20.523+0000] {dagbag.py:536} INFO - Filling up the DagBag from /home/airflow/.local/lib/python3.8/site-packages/airflow/example_dags/example_sla_dag.py
[2023-11-16T00:26:20.529+0000] {processor.py:839} INFO - DAG(s) dict_keys(['example_sla_dag']) retrieved from /home/airflow/.local/lib/python3.8/site-packages/airflow/example_dags/example_sla_dag.py
[2023-11-16T00:26:20.542+0000] {logging_mixin.py:154} INFO - [2023-11-16T00:26:20.541+0000] {dag.py:2941} INFO - Sync 1 DAGs
[2023-11-16T00:26:20.557+0000] {logging_mixin.py:154} INFO - [2023-11-16T00:26:20.557+0000] {dag.py:3722} INFO - Setting next_dagrun for example_sla_dag to 2023-11-16T00:24:00+00:00, run_after=2023-11-16T00:26:00+00:00
[2023-11-16T00:26:20.568+0000] {processor.py:179} INFO - Processing /home/airflow/.local/lib/python3.8/site-packages/airflow/example_dags/example_sla_dag.py took 0.049 seconds
[2023-11-16T00:26:50.730+0000] {processor.py:157} INFO - Started process (PID=2131) to work on /home/airflow/.local/lib/python3.8/site-packages/airflow/example_dags/example_sla_dag.py
[2023-11-16T00:26:50.731+0000] {processor.py:829} INFO - Processing file /home/airflow/.local/lib/python3.8/site-packages/airflow/example_dags/example_sla_dag.py for tasks to queue
[2023-11-16T00:26:50.733+0000] {logging_mixin.py:154} INFO - [2023-11-16T00:26:50.733+0000] {dagbag.py:536} INFO - Filling up the DagBag from /home/airflow/.local/lib/python3.8/site-packages/airflow/example_dags/example_sla_dag.py
[2023-11-16T00:26:50.738+0000] {processor.py:839} INFO - DAG(s) dict_keys(['example_sla_dag']) retrieved from /home/airflow/.local/lib/python3.8/site-packages/airflow/example_dags/example_sla_dag.py
[2023-11-16T00:26:50.751+0000] {logging_mixin.py:154} INFO - [2023-11-16T00:26:50.751+0000] {dag.py:2941} INFO - Sync 1 DAGs
[2023-11-16T00:26:50.766+0000] {logging_mixin.py:154} INFO - [2023-11-16T00:26:50.766+0000] {dag.py:3722} INFO - Setting next_dagrun for example_sla_dag to 2023-11-16T00:24:00+00:00, run_after=2023-11-16T00:26:00+00:00
[2023-11-16T00:26:50.778+0000] {processor.py:179} INFO - Processing /home/airflow/.local/lib/python3.8/site-packages/airflow/example_dags/example_sla_dag.py took 0.049 seconds
[2023-11-16T00:27:21.057+0000] {processor.py:157} INFO - Started process (PID=2188) to work on /home/airflow/.local/lib/python3.8/site-packages/airflow/example_dags/example_sla_dag.py
[2023-11-16T00:27:21.058+0000] {processor.py:829} INFO - Processing file /home/airflow/.local/lib/python3.8/site-packages/airflow/example_dags/example_sla_dag.py for tasks to queue
[2023-11-16T00:27:21.060+0000] {logging_mixin.py:154} INFO - [2023-11-16T00:27:21.060+0000] {dagbag.py:536} INFO - Filling up the DagBag from /home/airflow/.local/lib/python3.8/site-packages/airflow/example_dags/example_sla_dag.py
[2023-11-16T00:27:21.069+0000] {processor.py:839} INFO - DAG(s) dict_keys(['example_sla_dag']) retrieved from /home/airflow/.local/lib/python3.8/site-packages/airflow/example_dags/example_sla_dag.py
[2023-11-16T00:27:21.085+0000] {logging_mixin.py:154} INFO - [2023-11-16T00:27:21.085+0000] {dag.py:2941} INFO - Sync 1 DAGs
[2023-11-16T00:27:21.101+0000] {logging_mixin.py:154} INFO - [2023-11-16T00:27:21.101+0000] {dag.py:3722} INFO - Setting next_dagrun for example_sla_dag to 2023-11-16T00:24:00+00:00, run_after=2023-11-16T00:26:00+00:00
[2023-11-16T00:27:21.112+0000] {processor.py:179} INFO - Processing /home/airflow/.local/lib/python3.8/site-packages/airflow/example_dags/example_sla_dag.py took 0.058 seconds
[2023-11-16T00:27:51.179+0000] {processor.py:157} INFO - Started process (PID=2245) to work on /home/airflow/.local/lib/python3.8/site-packages/airflow/example_dags/example_sla_dag.py
[2023-11-16T00:27:51.180+0000] {processor.py:829} INFO - Processing file /home/airflow/.local/lib/python3.8/site-packages/airflow/example_dags/example_sla_dag.py for tasks to queue
[2023-11-16T00:27:51.182+0000] {logging_mixin.py:154} INFO - [2023-11-16T00:27:51.181+0000] {dagbag.py:536} INFO - Filling up the DagBag from /home/airflow/.local/lib/python3.8/site-packages/airflow/example_dags/example_sla_dag.py
[2023-11-16T00:27:51.188+0000] {processor.py:839} INFO - DAG(s) dict_keys(['example_sla_dag']) retrieved from /home/airflow/.local/lib/python3.8/site-packages/airflow/example_dags/example_sla_dag.py
[2023-11-16T00:27:51.201+0000] {logging_mixin.py:154} INFO - [2023-11-16T00:27:51.201+0000] {dag.py:2941} INFO - Sync 1 DAGs
[2023-11-16T00:27:51.219+0000] {logging_mixin.py:154} INFO - [2023-11-16T00:27:51.219+0000] {dag.py:3722} INFO - Setting next_dagrun for example_sla_dag to 2023-11-16T00:24:00+00:00, run_after=2023-11-16T00:26:00+00:00
[2023-11-16T00:27:51.231+0000] {processor.py:179} INFO - Processing /home/airflow/.local/lib/python3.8/site-packages/airflow/example_dags/example_sla_dag.py took 0.054 seconds
[2023-11-16T00:28:21.336+0000] {processor.py:157} INFO - Started process (PID=2302) to work on /home/airflow/.local/lib/python3.8/site-packages/airflow/example_dags/example_sla_dag.py
[2023-11-16T00:28:21.337+0000] {processor.py:829} INFO - Processing file /home/airflow/.local/lib/python3.8/site-packages/airflow/example_dags/example_sla_dag.py for tasks to queue
[2023-11-16T00:28:21.338+0000] {logging_mixin.py:154} INFO - [2023-11-16T00:28:21.338+0000] {dagbag.py:536} INFO - Filling up the DagBag from /home/airflow/.local/lib/python3.8/site-packages/airflow/example_dags/example_sla_dag.py
[2023-11-16T00:28:21.344+0000] {processor.py:839} INFO - DAG(s) dict_keys(['example_sla_dag']) retrieved from /home/airflow/.local/lib/python3.8/site-packages/airflow/example_dags/example_sla_dag.py
[2023-11-16T00:28:21.358+0000] {logging_mixin.py:154} INFO - [2023-11-16T00:28:21.357+0000] {dag.py:2941} INFO - Sync 1 DAGs
[2023-11-16T00:28:21.374+0000] {logging_mixin.py:154} INFO - [2023-11-16T00:28:21.374+0000] {dag.py:3722} INFO - Setting next_dagrun for example_sla_dag to 2023-11-16T00:26:00+00:00, run_after=2023-11-16T00:28:00+00:00
[2023-11-16T00:28:21.388+0000] {processor.py:179} INFO - Processing /home/airflow/.local/lib/python3.8/site-packages/airflow/example_dags/example_sla_dag.py took 0.054 seconds
[2023-11-16T00:28:51.536+0000] {processor.py:157} INFO - Started process (PID=2359) to work on /home/airflow/.local/lib/python3.8/site-packages/airflow/example_dags/example_sla_dag.py
[2023-11-16T00:28:51.537+0000] {processor.py:829} INFO - Processing file /home/airflow/.local/lib/python3.8/site-packages/airflow/example_dags/example_sla_dag.py for tasks to queue
[2023-11-16T00:28:51.539+0000] {logging_mixin.py:154} INFO - [2023-11-16T00:28:51.539+0000] {dagbag.py:536} INFO - Filling up the DagBag from /home/airflow/.local/lib/python3.8/site-packages/airflow/example_dags/example_sla_dag.py
[2023-11-16T00:28:51.544+0000] {processor.py:839} INFO - DAG(s) dict_keys(['example_sla_dag']) retrieved from /home/airflow/.local/lib/python3.8/site-packages/airflow/example_dags/example_sla_dag.py
[2023-11-16T00:28:51.557+0000] {logging_mixin.py:154} INFO - [2023-11-16T00:28:51.557+0000] {dag.py:2941} INFO - Sync 1 DAGs
[2023-11-16T00:28:51.574+0000] {logging_mixin.py:154} INFO - [2023-11-16T00:28:51.574+0000] {dag.py:3722} INFO - Setting next_dagrun for example_sla_dag to 2023-11-16T00:26:00+00:00, run_after=2023-11-16T00:28:00+00:00
[2023-11-16T00:28:51.586+0000] {processor.py:179} INFO - Processing /home/airflow/.local/lib/python3.8/site-packages/airflow/example_dags/example_sla_dag.py took 0.052 seconds
[2023-11-16T00:29:21.889+0000] {processor.py:157} INFO - Started process (PID=2417) to work on /home/airflow/.local/lib/python3.8/site-packages/airflow/example_dags/example_sla_dag.py
[2023-11-16T00:29:21.890+0000] {processor.py:829} INFO - Processing file /home/airflow/.local/lib/python3.8/site-packages/airflow/example_dags/example_sla_dag.py for tasks to queue
[2023-11-16T00:29:21.891+0000] {logging_mixin.py:154} INFO - [2023-11-16T00:29:21.891+0000] {dagbag.py:536} INFO - Filling up the DagBag from /home/airflow/.local/lib/python3.8/site-packages/airflow/example_dags/example_sla_dag.py
[2023-11-16T00:29:21.897+0000] {processor.py:839} INFO - DAG(s) dict_keys(['example_sla_dag']) retrieved from /home/airflow/.local/lib/python3.8/site-packages/airflow/example_dags/example_sla_dag.py
[2023-11-16T00:29:21.911+0000] {logging_mixin.py:154} INFO - [2023-11-16T00:29:21.910+0000] {dag.py:2941} INFO - Sync 1 DAGs
[2023-11-16T00:29:21.928+0000] {logging_mixin.py:154} INFO - [2023-11-16T00:29:21.928+0000] {dag.py:3722} INFO - Setting next_dagrun for example_sla_dag to 2023-11-16T00:26:00+00:00, run_after=2023-11-16T00:28:00+00:00
[2023-11-16T00:29:21.941+0000] {processor.py:179} INFO - Processing /home/airflow/.local/lib/python3.8/site-packages/airflow/example_dags/example_sla_dag.py took 0.055 seconds
[2023-11-16T00:29:51.999+0000] {processor.py:157} INFO - Started process (PID=2474) to work on /home/airflow/.local/lib/python3.8/site-packages/airflow/example_dags/example_sla_dag.py
[2023-11-16T00:29:51.999+0000] {processor.py:829} INFO - Processing file /home/airflow/.local/lib/python3.8/site-packages/airflow/example_dags/example_sla_dag.py for tasks to queue
[2023-11-16T00:29:52.001+0000] {logging_mixin.py:154} INFO - [2023-11-16T00:29:52.001+0000] {dagbag.py:536} INFO - Filling up the DagBag from /home/airflow/.local/lib/python3.8/site-packages/airflow/example_dags/example_sla_dag.py
[2023-11-16T00:29:52.007+0000] {processor.py:839} INFO - DAG(s) dict_keys(['example_sla_dag']) retrieved from /home/airflow/.local/lib/python3.8/site-packages/airflow/example_dags/example_sla_dag.py
[2023-11-16T00:29:52.019+0000] {logging_mixin.py:154} INFO - [2023-11-16T00:29:52.019+0000] {dag.py:2941} INFO - Sync 1 DAGs
[2023-11-16T00:29:52.035+0000] {logging_mixin.py:154} INFO - [2023-11-16T00:29:52.035+0000] {dag.py:3722} INFO - Setting next_dagrun for example_sla_dag to 2023-11-16T00:26:00+00:00, run_after=2023-11-16T00:28:00+00:00
[2023-11-16T00:29:52.047+0000] {processor.py:179} INFO - Processing /home/airflow/.local/lib/python3.8/site-packages/airflow/example_dags/example_sla_dag.py took 0.050 seconds
[2023-11-16T00:30:22.216+0000] {processor.py:157} INFO - Started process (PID=2532) to work on /home/airflow/.local/lib/python3.8/site-packages/airflow/example_dags/example_sla_dag.py
[2023-11-16T00:30:22.217+0000] {processor.py:829} INFO - Processing file /home/airflow/.local/lib/python3.8/site-packages/airflow/example_dags/example_sla_dag.py for tasks to queue
[2023-11-16T00:30:22.219+0000] {logging_mixin.py:154} INFO - [2023-11-16T00:30:22.218+0000] {dagbag.py:536} INFO - Filling up the DagBag from /home/airflow/.local/lib/python3.8/site-packages/airflow/example_dags/example_sla_dag.py
[2023-11-16T00:30:22.224+0000] {processor.py:839} INFO - DAG(s) dict_keys(['example_sla_dag']) retrieved from /home/airflow/.local/lib/python3.8/site-packages/airflow/example_dags/example_sla_dag.py
[2023-11-16T00:30:22.238+0000] {logging_mixin.py:154} INFO - [2023-11-16T00:30:22.237+0000] {dag.py:2941} INFO - Sync 1 DAGs
[2023-11-16T00:30:22.253+0000] {logging_mixin.py:154} INFO - [2023-11-16T00:30:22.253+0000] {dag.py:3722} INFO - Setting next_dagrun for example_sla_dag to 2023-11-16T00:28:00+00:00, run_after=2023-11-16T00:30:00+00:00
[2023-11-16T00:30:22.265+0000] {processor.py:179} INFO - Processing /home/airflow/.local/lib/python3.8/site-packages/airflow/example_dags/example_sla_dag.py took 0.051 seconds
[2023-11-16T00:30:52.430+0000] {processor.py:157} INFO - Started process (PID=2590) to work on /home/airflow/.local/lib/python3.8/site-packages/airflow/example_dags/example_sla_dag.py
[2023-11-16T00:30:52.431+0000] {processor.py:829} INFO - Processing file /home/airflow/.local/lib/python3.8/site-packages/airflow/example_dags/example_sla_dag.py for tasks to queue
[2023-11-16T00:30:52.433+0000] {logging_mixin.py:154} INFO - [2023-11-16T00:30:52.433+0000] {dagbag.py:536} INFO - Filling up the DagBag from /home/airflow/.local/lib/python3.8/site-packages/airflow/example_dags/example_sla_dag.py
[2023-11-16T00:30:52.439+0000] {processor.py:839} INFO - DAG(s) dict_keys(['example_sla_dag']) retrieved from /home/airflow/.local/lib/python3.8/site-packages/airflow/example_dags/example_sla_dag.py
[2023-11-16T00:30:52.452+0000] {logging_mixin.py:154} INFO - [2023-11-16T00:30:52.452+0000] {dag.py:2941} INFO - Sync 1 DAGs
[2023-11-16T00:30:52.476+0000] {logging_mixin.py:154} INFO - [2023-11-16T00:30:52.476+0000] {dag.py:3722} INFO - Setting next_dagrun for example_sla_dag to 2023-11-16T00:28:00+00:00, run_after=2023-11-16T00:30:00+00:00
[2023-11-16T00:30:52.488+0000] {processor.py:179} INFO - Processing /home/airflow/.local/lib/python3.8/site-packages/airflow/example_dags/example_sla_dag.py took 0.060 seconds
[2023-11-16T00:31:23.371+0000] {processor.py:157} INFO - Started process (PID=2646) to work on /home/airflow/.local/lib/python3.8/site-packages/airflow/example_dags/example_sla_dag.py
[2023-11-16T00:31:23.372+0000] {processor.py:829} INFO - Processing file /home/airflow/.local/lib/python3.8/site-packages/airflow/example_dags/example_sla_dag.py for tasks to queue
[2023-11-16T00:31:23.374+0000] {logging_mixin.py:154} INFO - [2023-11-16T00:31:23.373+0000] {dagbag.py:536} INFO - Filling up the DagBag from /home/airflow/.local/lib/python3.8/site-packages/airflow/example_dags/example_sla_dag.py
[2023-11-16T00:31:23.379+0000] {processor.py:839} INFO - DAG(s) dict_keys(['example_sla_dag']) retrieved from /home/airflow/.local/lib/python3.8/site-packages/airflow/example_dags/example_sla_dag.py
[2023-11-16T00:31:23.393+0000] {logging_mixin.py:154} INFO - [2023-11-16T00:31:23.393+0000] {dag.py:2941} INFO - Sync 1 DAGs
[2023-11-16T00:31:23.411+0000] {logging_mixin.py:154} INFO - [2023-11-16T00:31:23.411+0000] {dag.py:3722} INFO - Setting next_dagrun for example_sla_dag to 2023-11-16T00:28:00+00:00, run_after=2023-11-16T00:30:00+00:00
[2023-11-16T00:31:23.423+0000] {processor.py:179} INFO - Processing /home/airflow/.local/lib/python3.8/site-packages/airflow/example_dags/example_sla_dag.py took 0.055 seconds
[2023-11-16T00:31:53.630+0000] {processor.py:157} INFO - Started process (PID=2703) to work on /home/airflow/.local/lib/python3.8/site-packages/airflow/example_dags/example_sla_dag.py
[2023-11-16T00:31:53.631+0000] {processor.py:829} INFO - Processing file /home/airflow/.local/lib/python3.8/site-packages/airflow/example_dags/example_sla_dag.py for tasks to queue
[2023-11-16T00:31:53.633+0000] {logging_mixin.py:154} INFO - [2023-11-16T00:31:53.632+0000] {dagbag.py:536} INFO - Filling up the DagBag from /home/airflow/.local/lib/python3.8/site-packages/airflow/example_dags/example_sla_dag.py
[2023-11-16T00:31:53.638+0000] {processor.py:839} INFO - DAG(s) dict_keys(['example_sla_dag']) retrieved from /home/airflow/.local/lib/python3.8/site-packages/airflow/example_dags/example_sla_dag.py
[2023-11-16T00:31:53.651+0000] {logging_mixin.py:154} INFO - [2023-11-16T00:31:53.651+0000] {dag.py:2941} INFO - Sync 1 DAGs
[2023-11-16T00:31:53.667+0000] {logging_mixin.py:154} INFO - [2023-11-16T00:31:53.667+0000] {dag.py:3722} INFO - Setting next_dagrun for example_sla_dag to 2023-11-16T00:28:00+00:00, run_after=2023-11-16T00:30:00+00:00
[2023-11-16T00:31:53.679+0000] {processor.py:179} INFO - Processing /home/airflow/.local/lib/python3.8/site-packages/airflow/example_dags/example_sla_dag.py took 0.050 seconds
[2023-11-16T00:32:23.885+0000] {processor.py:157} INFO - Started process (PID=2760) to work on /home/airflow/.local/lib/python3.8/site-packages/airflow/example_dags/example_sla_dag.py
[2023-11-16T00:32:23.886+0000] {processor.py:829} INFO - Processing file /home/airflow/.local/lib/python3.8/site-packages/airflow/example_dags/example_sla_dag.py for tasks to queue
[2023-11-16T00:32:23.887+0000] {logging_mixin.py:154} INFO - [2023-11-16T00:32:23.887+0000] {dagbag.py:536} INFO - Filling up the DagBag from /home/airflow/.local/lib/python3.8/site-packages/airflow/example_dags/example_sla_dag.py
[2023-11-16T00:32:23.893+0000] {processor.py:839} INFO - DAG(s) dict_keys(['example_sla_dag']) retrieved from /home/airflow/.local/lib/python3.8/site-packages/airflow/example_dags/example_sla_dag.py
[2023-11-16T00:32:23.907+0000] {logging_mixin.py:154} INFO - [2023-11-16T00:32:23.906+0000] {dag.py:2941} INFO - Sync 1 DAGs
[2023-11-16T00:32:23.923+0000] {logging_mixin.py:154} INFO - [2023-11-16T00:32:23.922+0000] {dag.py:3722} INFO - Setting next_dagrun for example_sla_dag to 2023-11-16T00:30:00+00:00, run_after=2023-11-16T00:32:00+00:00
[2023-11-16T00:32:23.935+0000] {processor.py:179} INFO - Processing /home/airflow/.local/lib/python3.8/site-packages/airflow/example_dags/example_sla_dag.py took 0.052 seconds
[2023-11-16T00:32:53.992+0000] {processor.py:157} INFO - Started process (PID=2816) to work on /home/airflow/.local/lib/python3.8/site-packages/airflow/example_dags/example_sla_dag.py
[2023-11-16T00:32:53.993+0000] {processor.py:829} INFO - Processing file /home/airflow/.local/lib/python3.8/site-packages/airflow/example_dags/example_sla_dag.py for tasks to queue
[2023-11-16T00:32:53.994+0000] {logging_mixin.py:154} INFO - [2023-11-16T00:32:53.994+0000] {dagbag.py:536} INFO - Filling up the DagBag from /home/airflow/.local/lib/python3.8/site-packages/airflow/example_dags/example_sla_dag.py
[2023-11-16T00:32:54.001+0000] {processor.py:839} INFO - DAG(s) dict_keys(['example_sla_dag']) retrieved from /home/airflow/.local/lib/python3.8/site-packages/airflow/example_dags/example_sla_dag.py
[2023-11-16T00:32:54.014+0000] {logging_mixin.py:154} INFO - [2023-11-16T00:32:54.014+0000] {dag.py:2941} INFO - Sync 1 DAGs
[2023-11-16T00:32:54.033+0000] {logging_mixin.py:154} INFO - [2023-11-16T00:32:54.033+0000] {dag.py:3722} INFO - Setting next_dagrun for example_sla_dag to 2023-11-16T00:30:00+00:00, run_after=2023-11-16T00:32:00+00:00
[2023-11-16T00:32:54.045+0000] {processor.py:179} INFO - Processing /home/airflow/.local/lib/python3.8/site-packages/airflow/example_dags/example_sla_dag.py took 0.055 seconds
[2023-11-16T00:33:24.234+0000] {processor.py:157} INFO - Started process (PID=2873) to work on /home/airflow/.local/lib/python3.8/site-packages/airflow/example_dags/example_sla_dag.py
[2023-11-16T00:33:24.235+0000] {processor.py:829} INFO - Processing file /home/airflow/.local/lib/python3.8/site-packages/airflow/example_dags/example_sla_dag.py for tasks to queue
[2023-11-16T00:33:24.236+0000] {logging_mixin.py:154} INFO - [2023-11-16T00:33:24.236+0000] {dagbag.py:536} INFO - Filling up the DagBag from /home/airflow/.local/lib/python3.8/site-packages/airflow/example_dags/example_sla_dag.py
[2023-11-16T00:33:24.242+0000] {processor.py:839} INFO - DAG(s) dict_keys(['example_sla_dag']) retrieved from /home/airflow/.local/lib/python3.8/site-packages/airflow/example_dags/example_sla_dag.py
[2023-11-16T00:33:24.255+0000] {logging_mixin.py:154} INFO - [2023-11-16T00:33:24.255+0000] {dag.py:2941} INFO - Sync 1 DAGs
[2023-11-16T00:33:24.271+0000] {logging_mixin.py:154} INFO - [2023-11-16T00:33:24.271+0000] {dag.py:3722} INFO - Setting next_dagrun for example_sla_dag to 2023-11-16T00:30:00+00:00, run_after=2023-11-16T00:32:00+00:00
[2023-11-16T00:33:24.284+0000] {processor.py:179} INFO - Processing /home/airflow/.local/lib/python3.8/site-packages/airflow/example_dags/example_sla_dag.py took 0.053 seconds
[2023-11-16T00:33:54.540+0000] {processor.py:157} INFO - Started process (PID=2937) to work on /home/airflow/.local/lib/python3.8/site-packages/airflow/example_dags/example_sla_dag.py
[2023-11-16T00:33:54.540+0000] {processor.py:829} INFO - Processing file /home/airflow/.local/lib/python3.8/site-packages/airflow/example_dags/example_sla_dag.py for tasks to queue
[2023-11-16T00:33:54.542+0000] {logging_mixin.py:154} INFO - [2023-11-16T00:33:54.542+0000] {dagbag.py:536} INFO - Filling up the DagBag from /home/airflow/.local/lib/python3.8/site-packages/airflow/example_dags/example_sla_dag.py
[2023-11-16T00:33:54.549+0000] {processor.py:839} INFO - DAG(s) dict_keys(['example_sla_dag']) retrieved from /home/airflow/.local/lib/python3.8/site-packages/airflow/example_dags/example_sla_dag.py
[2023-11-16T00:33:54.564+0000] {logging_mixin.py:154} INFO - [2023-11-16T00:33:54.564+0000] {dag.py:2941} INFO - Sync 1 DAGs
[2023-11-16T00:33:54.582+0000] {logging_mixin.py:154} INFO - [2023-11-16T00:33:54.581+0000] {dag.py:3722} INFO - Setting next_dagrun for example_sla_dag to 2023-11-16T00:30:00+00:00, run_after=2023-11-16T00:32:00+00:00
[2023-11-16T00:33:54.595+0000] {processor.py:179} INFO - Processing /home/airflow/.local/lib/python3.8/site-packages/airflow/example_dags/example_sla_dag.py took 0.057 seconds
[2023-11-16T00:34:24.712+0000] {processor.py:157} INFO - Started process (PID=2994) to work on /home/airflow/.local/lib/python3.8/site-packages/airflow/example_dags/example_sla_dag.py
[2023-11-16T00:34:24.713+0000] {processor.py:829} INFO - Processing file /home/airflow/.local/lib/python3.8/site-packages/airflow/example_dags/example_sla_dag.py for tasks to queue
[2023-11-16T00:34:24.714+0000] {logging_mixin.py:154} INFO - [2023-11-16T00:34:24.714+0000] {dagbag.py:536} INFO - Filling up the DagBag from /home/airflow/.local/lib/python3.8/site-packages/airflow/example_dags/example_sla_dag.py
[2023-11-16T00:34:24.721+0000] {processor.py:839} INFO - DAG(s) dict_keys(['example_sla_dag']) retrieved from /home/airflow/.local/lib/python3.8/site-packages/airflow/example_dags/example_sla_dag.py
[2023-11-16T00:34:24.734+0000] {logging_mixin.py:154} INFO - [2023-11-16T00:34:24.733+0000] {dag.py:2941} INFO - Sync 1 DAGs
[2023-11-16T00:34:24.749+0000] {logging_mixin.py:154} INFO - [2023-11-16T00:34:24.749+0000] {dag.py:3722} INFO - Setting next_dagrun for example_sla_dag to 2023-11-16T00:32:00+00:00, run_after=2023-11-16T00:34:00+00:00
[2023-11-16T00:34:24.762+0000] {processor.py:179} INFO - Processing /home/airflow/.local/lib/python3.8/site-packages/airflow/example_dags/example_sla_dag.py took 0.052 seconds
[2023-11-16T00:34:55.056+0000] {processor.py:157} INFO - Started process (PID=3051) to work on /home/airflow/.local/lib/python3.8/site-packages/airflow/example_dags/example_sla_dag.py
[2023-11-16T00:34:55.057+0000] {processor.py:829} INFO - Processing file /home/airflow/.local/lib/python3.8/site-packages/airflow/example_dags/example_sla_dag.py for tasks to queue
[2023-11-16T00:34:55.059+0000] {logging_mixin.py:154} INFO - [2023-11-16T00:34:55.058+0000] {dagbag.py:536} INFO - Filling up the DagBag from /home/airflow/.local/lib/python3.8/site-packages/airflow/example_dags/example_sla_dag.py
[2023-11-16T00:34:55.065+0000] {processor.py:839} INFO - DAG(s) dict_keys(['example_sla_dag']) retrieved from /home/airflow/.local/lib/python3.8/site-packages/airflow/example_dags/example_sla_dag.py
[2023-11-16T00:34:55.079+0000] {logging_mixin.py:154} INFO - [2023-11-16T00:34:55.078+0000] {dag.py:2941} INFO - Sync 1 DAGs
[2023-11-16T00:34:55.095+0000] {logging_mixin.py:154} INFO - [2023-11-16T00:34:55.095+0000] {dag.py:3722} INFO - Setting next_dagrun for example_sla_dag to 2023-11-16T00:32:00+00:00, run_after=2023-11-16T00:34:00+00:00
[2023-11-16T00:34:55.108+0000] {processor.py:179} INFO - Processing /home/airflow/.local/lib/python3.8/site-packages/airflow/example_dags/example_sla_dag.py took 0.055 seconds
[2023-11-16T00:35:26.120+0000] {processor.py:157} INFO - Started process (PID=3108) to work on /home/airflow/.local/lib/python3.8/site-packages/airflow/example_dags/example_sla_dag.py
[2023-11-16T00:35:26.121+0000] {processor.py:829} INFO - Processing file /home/airflow/.local/lib/python3.8/site-packages/airflow/example_dags/example_sla_dag.py for tasks to queue
[2023-11-16T00:35:26.123+0000] {logging_mixin.py:154} INFO - [2023-11-16T00:35:26.122+0000] {dagbag.py:536} INFO - Filling up the DagBag from /home/airflow/.local/lib/python3.8/site-packages/airflow/example_dags/example_sla_dag.py
[2023-11-16T00:35:26.128+0000] {processor.py:839} INFO - DAG(s) dict_keys(['example_sla_dag']) retrieved from /home/airflow/.local/lib/python3.8/site-packages/airflow/example_dags/example_sla_dag.py
[2023-11-16T00:35:26.142+0000] {logging_mixin.py:154} INFO - [2023-11-16T00:35:26.142+0000] {dag.py:2941} INFO - Sync 1 DAGs
[2023-11-16T00:35:26.158+0000] {logging_mixin.py:154} INFO - [2023-11-16T00:35:26.158+0000] {dag.py:3722} INFO - Setting next_dagrun for example_sla_dag to 2023-11-16T00:32:00+00:00, run_after=2023-11-16T00:34:00+00:00
[2023-11-16T00:35:26.170+0000] {processor.py:179} INFO - Processing /home/airflow/.local/lib/python3.8/site-packages/airflow/example_dags/example_sla_dag.py took 0.052 seconds
[2023-11-16T00:35:56.460+0000] {processor.py:157} INFO - Started process (PID=3166) to work on /home/airflow/.local/lib/python3.8/site-packages/airflow/example_dags/example_sla_dag.py
[2023-11-16T00:35:56.461+0000] {processor.py:829} INFO - Processing file /home/airflow/.local/lib/python3.8/site-packages/airflow/example_dags/example_sla_dag.py for tasks to queue
[2023-11-16T00:35:56.463+0000] {logging_mixin.py:154} INFO - [2023-11-16T00:35:56.462+0000] {dagbag.py:536} INFO - Filling up the DagBag from /home/airflow/.local/lib/python3.8/site-packages/airflow/example_dags/example_sla_dag.py
[2023-11-16T00:35:56.469+0000] {processor.py:839} INFO - DAG(s) dict_keys(['example_sla_dag']) retrieved from /home/airflow/.local/lib/python3.8/site-packages/airflow/example_dags/example_sla_dag.py
[2023-11-16T00:35:56.481+0000] {logging_mixin.py:154} INFO - [2023-11-16T00:35:56.481+0000] {dag.py:2941} INFO - Sync 1 DAGs
[2023-11-16T00:35:56.497+0000] {logging_mixin.py:154} INFO - [2023-11-16T00:35:56.497+0000] {dag.py:3722} INFO - Setting next_dagrun for example_sla_dag to 2023-11-16T00:32:00+00:00, run_after=2023-11-16T00:34:00+00:00
[2023-11-16T00:35:56.509+0000] {processor.py:179} INFO - Processing /home/airflow/.local/lib/python3.8/site-packages/airflow/example_dags/example_sla_dag.py took 0.051 seconds
[2023-11-16T00:36:26.565+0000] {processor.py:157} INFO - Started process (PID=3223) to work on /home/airflow/.local/lib/python3.8/site-packages/airflow/example_dags/example_sla_dag.py
[2023-11-16T00:36:26.566+0000] {processor.py:829} INFO - Processing file /home/airflow/.local/lib/python3.8/site-packages/airflow/example_dags/example_sla_dag.py for tasks to queue
[2023-11-16T00:36:26.568+0000] {logging_mixin.py:154} INFO - [2023-11-16T00:36:26.568+0000] {dagbag.py:536} INFO - Filling up the DagBag from /home/airflow/.local/lib/python3.8/site-packages/airflow/example_dags/example_sla_dag.py
[2023-11-16T00:36:26.574+0000] {processor.py:839} INFO - DAG(s) dict_keys(['example_sla_dag']) retrieved from /home/airflow/.local/lib/python3.8/site-packages/airflow/example_dags/example_sla_dag.py
[2023-11-16T00:36:26.586+0000] {logging_mixin.py:154} INFO - [2023-11-16T00:36:26.586+0000] {dag.py:2941} INFO - Sync 1 DAGs
[2023-11-16T00:36:26.603+0000] {logging_mixin.py:154} INFO - [2023-11-16T00:36:26.603+0000] {dag.py:3722} INFO - Setting next_dagrun for example_sla_dag to 2023-11-16T00:34:00+00:00, run_after=2023-11-16T00:36:00+00:00
[2023-11-16T00:36:26.615+0000] {processor.py:179} INFO - Processing /home/airflow/.local/lib/python3.8/site-packages/airflow/example_dags/example_sla_dag.py took 0.051 seconds
[2023-11-16T00:36:56.839+0000] {processor.py:157} INFO - Started process (PID=3280) to work on /home/airflow/.local/lib/python3.8/site-packages/airflow/example_dags/example_sla_dag.py
[2023-11-16T00:36:56.840+0000] {processor.py:829} INFO - Processing file /home/airflow/.local/lib/python3.8/site-packages/airflow/example_dags/example_sla_dag.py for tasks to queue
[2023-11-16T00:36:56.842+0000] {logging_mixin.py:154} INFO - [2023-11-16T00:36:56.842+0000] {dagbag.py:536} INFO - Filling up the DagBag from /home/airflow/.local/lib/python3.8/site-packages/airflow/example_dags/example_sla_dag.py
[2023-11-16T00:36:56.848+0000] {processor.py:839} INFO - DAG(s) dict_keys(['example_sla_dag']) retrieved from /home/airflow/.local/lib/python3.8/site-packages/airflow/example_dags/example_sla_dag.py
[2023-11-16T00:36:56.862+0000] {logging_mixin.py:154} INFO - [2023-11-16T00:36:56.862+0000] {dag.py:2941} INFO - Sync 1 DAGs
[2023-11-16T00:36:56.880+0000] {logging_mixin.py:154} INFO - [2023-11-16T00:36:56.880+0000] {dag.py:3722} INFO - Setting next_dagrun for example_sla_dag to 2023-11-16T00:34:00+00:00, run_after=2023-11-16T00:36:00+00:00
[2023-11-16T00:36:56.891+0000] {processor.py:179} INFO - Processing /home/airflow/.local/lib/python3.8/site-packages/airflow/example_dags/example_sla_dag.py took 0.054 seconds
[2023-11-16T00:37:27.033+0000] {processor.py:157} INFO - Started process (PID=3338) to work on /home/airflow/.local/lib/python3.8/site-packages/airflow/example_dags/example_sla_dag.py
[2023-11-16T00:37:27.034+0000] {processor.py:829} INFO - Processing file /home/airflow/.local/lib/python3.8/site-packages/airflow/example_dags/example_sla_dag.py for tasks to queue
[2023-11-16T00:37:27.036+0000] {logging_mixin.py:154} INFO - [2023-11-16T00:37:27.036+0000] {dagbag.py:536} INFO - Filling up the DagBag from /home/airflow/.local/lib/python3.8/site-packages/airflow/example_dags/example_sla_dag.py
[2023-11-16T00:37:27.044+0000] {processor.py:839} INFO - DAG(s) dict_keys(['example_sla_dag']) retrieved from /home/airflow/.local/lib/python3.8/site-packages/airflow/example_dags/example_sla_dag.py
[2023-11-16T00:37:27.064+0000] {logging_mixin.py:154} INFO - [2023-11-16T00:37:27.064+0000] {dag.py:2941} INFO - Sync 1 DAGs
[2023-11-16T00:37:27.082+0000] {logging_mixin.py:154} INFO - [2023-11-16T00:37:27.082+0000] {dag.py:3722} INFO - Setting next_dagrun for example_sla_dag to 2023-11-16T00:34:00+00:00, run_after=2023-11-16T00:36:00+00:00
[2023-11-16T00:37:27.095+0000] {processor.py:179} INFO - Processing /home/airflow/.local/lib/python3.8/site-packages/airflow/example_dags/example_sla_dag.py took 0.064 seconds
[2023-11-16T00:37:57.281+0000] {processor.py:157} INFO - Started process (PID=3395) to work on /home/airflow/.local/lib/python3.8/site-packages/airflow/example_dags/example_sla_dag.py
[2023-11-16T00:37:57.282+0000] {processor.py:829} INFO - Processing file /home/airflow/.local/lib/python3.8/site-packages/airflow/example_dags/example_sla_dag.py for tasks to queue
[2023-11-16T00:37:57.284+0000] {logging_mixin.py:154} INFO - [2023-11-16T00:37:57.284+0000] {dagbag.py:536} INFO - Filling up the DagBag from /home/airflow/.local/lib/python3.8/site-packages/airflow/example_dags/example_sla_dag.py
[2023-11-16T00:37:57.289+0000] {processor.py:839} INFO - DAG(s) dict_keys(['example_sla_dag']) retrieved from /home/airflow/.local/lib/python3.8/site-packages/airflow/example_dags/example_sla_dag.py
[2023-11-16T00:37:57.303+0000] {logging_mixin.py:154} INFO - [2023-11-16T00:37:57.303+0000] {dag.py:2941} INFO - Sync 1 DAGs
[2023-11-16T00:37:57.319+0000] {logging_mixin.py:154} INFO - [2023-11-16T00:37:57.319+0000] {dag.py:3722} INFO - Setting next_dagrun for example_sla_dag to 2023-11-16T00:34:00+00:00, run_after=2023-11-16T00:36:00+00:00
[2023-11-16T00:37:57.333+0000] {processor.py:179} INFO - Processing /home/airflow/.local/lib/python3.8/site-packages/airflow/example_dags/example_sla_dag.py took 0.054 seconds
[2023-11-16T00:38:27.534+0000] {processor.py:157} INFO - Started process (PID=3452) to work on /home/airflow/.local/lib/python3.8/site-packages/airflow/example_dags/example_sla_dag.py
[2023-11-16T00:38:27.535+0000] {processor.py:829} INFO - Processing file /home/airflow/.local/lib/python3.8/site-packages/airflow/example_dags/example_sla_dag.py for tasks to queue
[2023-11-16T00:38:27.537+0000] {logging_mixin.py:154} INFO - [2023-11-16T00:38:27.536+0000] {dagbag.py:536} INFO - Filling up the DagBag from /home/airflow/.local/lib/python3.8/site-packages/airflow/example_dags/example_sla_dag.py
[2023-11-16T00:38:27.543+0000] {processor.py:839} INFO - DAG(s) dict_keys(['example_sla_dag']) retrieved from /home/airflow/.local/lib/python3.8/site-packages/airflow/example_dags/example_sla_dag.py
[2023-11-16T00:38:27.556+0000] {logging_mixin.py:154} INFO - [2023-11-16T00:38:27.556+0000] {dag.py:2941} INFO - Sync 1 DAGs
[2023-11-16T00:38:27.572+0000] {logging_mixin.py:154} INFO - [2023-11-16T00:38:27.572+0000] {dag.py:3722} INFO - Setting next_dagrun for example_sla_dag to 2023-11-16T00:36:00+00:00, run_after=2023-11-16T00:38:00+00:00
[2023-11-16T00:38:27.586+0000] {processor.py:179} INFO - Processing /home/airflow/.local/lib/python3.8/site-packages/airflow/example_dags/example_sla_dag.py took 0.054 seconds
[2023-11-16T00:38:57.811+0000] {processor.py:157} INFO - Started process (PID=3510) to work on /home/airflow/.local/lib/python3.8/site-packages/airflow/example_dags/example_sla_dag.py
[2023-11-16T00:38:57.812+0000] {processor.py:829} INFO - Processing file /home/airflow/.local/lib/python3.8/site-packages/airflow/example_dags/example_sla_dag.py for tasks to queue
[2023-11-16T00:38:57.813+0000] {logging_mixin.py:154} INFO - [2023-11-16T00:38:57.813+0000] {dagbag.py:536} INFO - Filling up the DagBag from /home/airflow/.local/lib/python3.8/site-packages/airflow/example_dags/example_sla_dag.py
[2023-11-16T00:38:57.819+0000] {processor.py:839} INFO - DAG(s) dict_keys(['example_sla_dag']) retrieved from /home/airflow/.local/lib/python3.8/site-packages/airflow/example_dags/example_sla_dag.py
[2023-11-16T00:38:57.833+0000] {logging_mixin.py:154} INFO - [2023-11-16T00:38:57.833+0000] {dag.py:2941} INFO - Sync 1 DAGs
[2023-11-16T00:38:57.850+0000] {logging_mixin.py:154} INFO - [2023-11-16T00:38:57.849+0000] {dag.py:3722} INFO - Setting next_dagrun for example_sla_dag to 2023-11-16T00:36:00+00:00, run_after=2023-11-16T00:38:00+00:00
[2023-11-16T00:38:57.861+0000] {processor.py:179} INFO - Processing /home/airflow/.local/lib/python3.8/site-packages/airflow/example_dags/example_sla_dag.py took 0.052 seconds
[2023-11-16T00:39:28.120+0000] {processor.py:157} INFO - Started process (PID=3567) to work on /home/airflow/.local/lib/python3.8/site-packages/airflow/example_dags/example_sla_dag.py
[2023-11-16T00:39:28.121+0000] {processor.py:829} INFO - Processing file /home/airflow/.local/lib/python3.8/site-packages/airflow/example_dags/example_sla_dag.py for tasks to queue
[2023-11-16T00:39:28.123+0000] {logging_mixin.py:154} INFO - [2023-11-16T00:39:28.123+0000] {dagbag.py:536} INFO - Filling up the DagBag from /home/airflow/.local/lib/python3.8/site-packages/airflow/example_dags/example_sla_dag.py
[2023-11-16T00:39:28.129+0000] {processor.py:839} INFO - DAG(s) dict_keys(['example_sla_dag']) retrieved from /home/airflow/.local/lib/python3.8/site-packages/airflow/example_dags/example_sla_dag.py
[2023-11-16T00:39:28.141+0000] {logging_mixin.py:154} INFO - [2023-11-16T00:39:28.141+0000] {dag.py:2941} INFO - Sync 1 DAGs
[2023-11-16T00:39:28.156+0000] {logging_mixin.py:154} INFO - [2023-11-16T00:39:28.156+0000] {dag.py:3722} INFO - Setting next_dagrun for example_sla_dag to 2023-11-16T00:36:00+00:00, run_after=2023-11-16T00:38:00+00:00
[2023-11-16T00:39:28.168+0000] {processor.py:179} INFO - Processing /home/airflow/.local/lib/python3.8/site-packages/airflow/example_dags/example_sla_dag.py took 0.049 seconds
[2023-11-16T00:39:58.268+0000] {processor.py:157} INFO - Started process (PID=3624) to work on /home/airflow/.local/lib/python3.8/site-packages/airflow/example_dags/example_sla_dag.py
[2023-11-16T00:39:58.269+0000] {processor.py:829} INFO - Processing file /home/airflow/.local/lib/python3.8/site-packages/airflow/example_dags/example_sla_dag.py for tasks to queue
[2023-11-16T00:39:58.270+0000] {logging_mixin.py:154} INFO - [2023-11-16T00:39:58.270+0000] {dagbag.py:536} INFO - Filling up the DagBag from /home/airflow/.local/lib/python3.8/site-packages/airflow/example_dags/example_sla_dag.py
[2023-11-16T00:39:58.276+0000] {processor.py:839} INFO - DAG(s) dict_keys(['example_sla_dag']) retrieved from /home/airflow/.local/lib/python3.8/site-packages/airflow/example_dags/example_sla_dag.py
[2023-11-16T00:39:58.290+0000] {logging_mixin.py:154} INFO - [2023-11-16T00:39:58.290+0000] {dag.py:2941} INFO - Sync 1 DAGs
[2023-11-16T00:39:58.305+0000] {logging_mixin.py:154} INFO - [2023-11-16T00:39:58.305+0000] {dag.py:3722} INFO - Setting next_dagrun for example_sla_dag to 2023-11-16T00:36:00+00:00, run_after=2023-11-16T00:38:00+00:00
[2023-11-16T00:39:58.316+0000] {processor.py:179} INFO - Processing /home/airflow/.local/lib/python3.8/site-packages/airflow/example_dags/example_sla_dag.py took 0.050 seconds
[2023-11-16T00:40:28.469+0000] {processor.py:157} INFO - Started process (PID=3682) to work on /home/airflow/.local/lib/python3.8/site-packages/airflow/example_dags/example_sla_dag.py
[2023-11-16T00:40:28.469+0000] {processor.py:829} INFO - Processing file /home/airflow/.local/lib/python3.8/site-packages/airflow/example_dags/example_sla_dag.py for tasks to queue
[2023-11-16T00:40:28.471+0000] {logging_mixin.py:154} INFO - [2023-11-16T00:40:28.471+0000] {dagbag.py:536} INFO - Filling up the DagBag from /home/airflow/.local/lib/python3.8/site-packages/airflow/example_dags/example_sla_dag.py
[2023-11-16T00:40:28.477+0000] {processor.py:839} INFO - DAG(s) dict_keys(['example_sla_dag']) retrieved from /home/airflow/.local/lib/python3.8/site-packages/airflow/example_dags/example_sla_dag.py
[2023-11-16T00:40:28.490+0000] {logging_mixin.py:154} INFO - [2023-11-16T00:40:28.490+0000] {dag.py:2941} INFO - Sync 1 DAGs
[2023-11-16T00:40:28.507+0000] {logging_mixin.py:154} INFO - [2023-11-16T00:40:28.507+0000] {dag.py:3722} INFO - Setting next_dagrun for example_sla_dag to 2023-11-16T00:38:00+00:00, run_after=2023-11-16T00:40:00+00:00
[2023-11-16T00:40:28.518+0000] {processor.py:179} INFO - Processing /home/airflow/.local/lib/python3.8/site-packages/airflow/example_dags/example_sla_dag.py took 0.052 seconds
[2023-11-16T00:40:58.577+0000] {processor.py:157} INFO - Started process (PID=3739) to work on /home/airflow/.local/lib/python3.8/site-packages/airflow/example_dags/example_sla_dag.py
[2023-11-16T00:40:58.578+0000] {processor.py:829} INFO - Processing file /home/airflow/.local/lib/python3.8/site-packages/airflow/example_dags/example_sla_dag.py for tasks to queue
[2023-11-16T00:40:58.580+0000] {logging_mixin.py:154} INFO - [2023-11-16T00:40:58.580+0000] {dagbag.py:536} INFO - Filling up the DagBag from /home/airflow/.local/lib/python3.8/site-packages/airflow/example_dags/example_sla_dag.py
[2023-11-16T00:40:58.586+0000] {processor.py:839} INFO - DAG(s) dict_keys(['example_sla_dag']) retrieved from /home/airflow/.local/lib/python3.8/site-packages/airflow/example_dags/example_sla_dag.py
[2023-11-16T00:40:58.599+0000] {logging_mixin.py:154} INFO - [2023-11-16T00:40:58.599+0000] {dag.py:2941} INFO - Sync 1 DAGs
[2023-11-16T00:40:58.615+0000] {logging_mixin.py:154} INFO - [2023-11-16T00:40:58.614+0000] {dag.py:3722} INFO - Setting next_dagrun for example_sla_dag to 2023-11-16T00:38:00+00:00, run_after=2023-11-16T00:40:00+00:00
[2023-11-16T00:40:58.627+0000] {processor.py:179} INFO - Processing /home/airflow/.local/lib/python3.8/site-packages/airflow/example_dags/example_sla_dag.py took 0.052 seconds
[2023-11-16T00:41:28.666+0000] {processor.py:157} INFO - Started process (PID=3795) to work on /home/airflow/.local/lib/python3.8/site-packages/airflow/example_dags/example_sla_dag.py
[2023-11-16T00:41:28.667+0000] {processor.py:829} INFO - Processing file /home/airflow/.local/lib/python3.8/site-packages/airflow/example_dags/example_sla_dag.py for tasks to queue
[2023-11-16T00:41:28.668+0000] {logging_mixin.py:154} INFO - [2023-11-16T00:41:28.668+0000] {dagbag.py:536} INFO - Filling up the DagBag from /home/airflow/.local/lib/python3.8/site-packages/airflow/example_dags/example_sla_dag.py
[2023-11-16T00:41:28.674+0000] {processor.py:839} INFO - DAG(s) dict_keys(['example_sla_dag']) retrieved from /home/airflow/.local/lib/python3.8/site-packages/airflow/example_dags/example_sla_dag.py
[2023-11-16T00:41:28.687+0000] {logging_mixin.py:154} INFO - [2023-11-16T00:41:28.687+0000] {dag.py:2941} INFO - Sync 1 DAGs
[2023-11-16T00:41:28.702+0000] {logging_mixin.py:154} INFO - [2023-11-16T00:41:28.702+0000] {dag.py:3722} INFO - Setting next_dagrun for example_sla_dag to 2023-11-16T00:38:00+00:00, run_after=2023-11-16T00:40:00+00:00
[2023-11-16T00:41:28.714+0000] {processor.py:179} INFO - Processing /home/airflow/.local/lib/python3.8/site-packages/airflow/example_dags/example_sla_dag.py took 0.050 seconds
[2023-11-16T00:41:58.877+0000] {processor.py:157} INFO - Started process (PID=3852) to work on /home/airflow/.local/lib/python3.8/site-packages/airflow/example_dags/example_sla_dag.py
[2023-11-16T00:41:58.878+0000] {processor.py:829} INFO - Processing file /home/airflow/.local/lib/python3.8/site-packages/airflow/example_dags/example_sla_dag.py for tasks to queue
[2023-11-16T00:41:58.880+0000] {logging_mixin.py:154} INFO - [2023-11-16T00:41:58.879+0000] {dagbag.py:536} INFO - Filling up the DagBag from /home/airflow/.local/lib/python3.8/site-packages/airflow/example_dags/example_sla_dag.py
[2023-11-16T00:41:58.885+0000] {processor.py:839} INFO - DAG(s) dict_keys(['example_sla_dag']) retrieved from /home/airflow/.local/lib/python3.8/site-packages/airflow/example_dags/example_sla_dag.py
[2023-11-16T00:41:58.898+0000] {logging_mixin.py:154} INFO - [2023-11-16T00:41:58.898+0000] {dag.py:2941} INFO - Sync 1 DAGs
[2023-11-16T00:41:58.915+0000] {logging_mixin.py:154} INFO - [2023-11-16T00:41:58.915+0000] {dag.py:3722} INFO - Setting next_dagrun for example_sla_dag to 2023-11-16T00:38:00+00:00, run_after=2023-11-16T00:40:00+00:00
[2023-11-16T00:41:58.928+0000] {processor.py:179} INFO - Processing /home/airflow/.local/lib/python3.8/site-packages/airflow/example_dags/example_sla_dag.py took 0.053 seconds
[2023-11-16T00:42:29.134+0000] {processor.py:157} INFO - Started process (PID=3909) to work on /home/airflow/.local/lib/python3.8/site-packages/airflow/example_dags/example_sla_dag.py
[2023-11-16T00:42:29.135+0000] {processor.py:829} INFO - Processing file /home/airflow/.local/lib/python3.8/site-packages/airflow/example_dags/example_sla_dag.py for tasks to queue
[2023-11-16T00:42:29.136+0000] {logging_mixin.py:154} INFO - [2023-11-16T00:42:29.136+0000] {dagbag.py:536} INFO - Filling up the DagBag from /home/airflow/.local/lib/python3.8/site-packages/airflow/example_dags/example_sla_dag.py
[2023-11-16T00:42:29.142+0000] {processor.py:839} INFO - DAG(s) dict_keys(['example_sla_dag']) retrieved from /home/airflow/.local/lib/python3.8/site-packages/airflow/example_dags/example_sla_dag.py
[2023-11-16T00:42:29.157+0000] {logging_mixin.py:154} INFO - [2023-11-16T00:42:29.157+0000] {dag.py:2941} INFO - Sync 1 DAGs
[2023-11-16T00:42:29.175+0000] {logging_mixin.py:154} INFO - [2023-11-16T00:42:29.175+0000] {dag.py:3722} INFO - Setting next_dagrun for example_sla_dag to 2023-11-16T00:40:00+00:00, run_after=2023-11-16T00:42:00+00:00
[2023-11-16T00:42:29.187+0000] {processor.py:179} INFO - Processing /home/airflow/.local/lib/python3.8/site-packages/airflow/example_dags/example_sla_dag.py took 0.056 seconds
[2023-11-16T00:42:59.274+0000] {processor.py:157} INFO - Started process (PID=3966) to work on /home/airflow/.local/lib/python3.8/site-packages/airflow/example_dags/example_sla_dag.py
[2023-11-16T00:42:59.274+0000] {processor.py:829} INFO - Processing file /home/airflow/.local/lib/python3.8/site-packages/airflow/example_dags/example_sla_dag.py for tasks to queue
[2023-11-16T00:42:59.276+0000] {logging_mixin.py:154} INFO - [2023-11-16T00:42:59.276+0000] {dagbag.py:536} INFO - Filling up the DagBag from /home/airflow/.local/lib/python3.8/site-packages/airflow/example_dags/example_sla_dag.py
[2023-11-16T00:42:59.283+0000] {processor.py:839} INFO - DAG(s) dict_keys(['example_sla_dag']) retrieved from /home/airflow/.local/lib/python3.8/site-packages/airflow/example_dags/example_sla_dag.py
[2023-11-16T00:42:59.297+0000] {logging_mixin.py:154} INFO - [2023-11-16T00:42:59.297+0000] {dag.py:2941} INFO - Sync 1 DAGs
[2023-11-16T00:42:59.319+0000] {logging_mixin.py:154} INFO - [2023-11-16T00:42:59.318+0000] {dag.py:3722} INFO - Setting next_dagrun for example_sla_dag to 2023-11-16T00:40:00+00:00, run_after=2023-11-16T00:42:00+00:00
[2023-11-16T00:42:59.333+0000] {processor.py:179} INFO - Processing /home/airflow/.local/lib/python3.8/site-packages/airflow/example_dags/example_sla_dag.py took 0.062 seconds
[2023-11-16T00:43:29.711+0000] {processor.py:157} INFO - Started process (PID=4024) to work on /home/airflow/.local/lib/python3.8/site-packages/airflow/example_dags/example_sla_dag.py
[2023-11-16T00:43:29.712+0000] {processor.py:829} INFO - Processing file /home/airflow/.local/lib/python3.8/site-packages/airflow/example_dags/example_sla_dag.py for tasks to queue
[2023-11-16T00:43:29.714+0000] {logging_mixin.py:154} INFO - [2023-11-16T00:43:29.713+0000] {dagbag.py:536} INFO - Filling up the DagBag from /home/airflow/.local/lib/python3.8/site-packages/airflow/example_dags/example_sla_dag.py
[2023-11-16T00:43:29.720+0000] {processor.py:839} INFO - DAG(s) dict_keys(['example_sla_dag']) retrieved from /home/airflow/.local/lib/python3.8/site-packages/airflow/example_dags/example_sla_dag.py
[2023-11-16T00:43:29.734+0000] {logging_mixin.py:154} INFO - [2023-11-16T00:43:29.734+0000] {dag.py:2941} INFO - Sync 1 DAGs
[2023-11-16T00:43:29.751+0000] {logging_mixin.py:154} INFO - [2023-11-16T00:43:29.751+0000] {dag.py:3722} INFO - Setting next_dagrun for example_sla_dag to 2023-11-16T00:40:00+00:00, run_after=2023-11-16T00:42:00+00:00
[2023-11-16T00:43:29.763+0000] {processor.py:179} INFO - Processing /home/airflow/.local/lib/python3.8/site-packages/airflow/example_dags/example_sla_dag.py took 0.054 seconds
