[2023-11-16T00:06:23.261+0000] {processor.py:157} INFO - Started process (PID=72) to work on /home/airflow/.local/lib/python3.8/site-packages/airflow/example_dags/example_python_operator.py
[2023-11-16T00:06:23.262+0000] {processor.py:829} INFO - Processing file /home/airflow/.local/lib/python3.8/site-packages/airflow/example_dags/example_python_operator.py for tasks to queue
[2023-11-16T00:06:23.264+0000] {logging_mixin.py:154} INFO - [2023-11-16T00:06:23.264+0000] {dagbag.py:536} INFO - Filling up the DagBag from /home/airflow/.local/lib/python3.8/site-packages/airflow/example_dags/example_python_operator.py
[2023-11-16T00:06:23.279+0000] {processor.py:839} INFO - DAG(s) dict_keys(['example_python_operator']) retrieved from /home/airflow/.local/lib/python3.8/site-packages/airflow/example_dags/example_python_operator.py
[2023-11-16T00:06:23.290+0000] {logging_mixin.py:154} INFO - [2023-11-16T00:06:23.290+0000] {dag.py:2941} INFO - Sync 1 DAGs
[2023-11-16T00:06:23.300+0000] {logging_mixin.py:154} INFO - [2023-11-16T00:06:23.300+0000] {dag.py:3722} INFO - Setting next_dagrun for example_python_operator to None, run_after=None
[2023-11-16T00:06:23.316+0000] {processor.py:179} INFO - Processing /home/airflow/.local/lib/python3.8/site-packages/airflow/example_dags/example_python_operator.py took 0.058 seconds
[2023-11-16T00:08:29.836+0000] {processor.py:157} INFO - Started process (PID=75) to work on /home/airflow/.local/lib/python3.8/site-packages/airflow/example_dags/example_python_operator.py
[2023-11-16T00:08:29.837+0000] {processor.py:829} INFO - Processing file /home/airflow/.local/lib/python3.8/site-packages/airflow/example_dags/example_python_operator.py for tasks to queue
[2023-11-16T00:08:29.839+0000] {logging_mixin.py:154} INFO - [2023-11-16T00:08:29.838+0000] {dagbag.py:536} INFO - Filling up the DagBag from /home/airflow/.local/lib/python3.8/site-packages/airflow/example_dags/example_python_operator.py
[2023-11-16T00:08:29.848+0000] {processor.py:839} INFO - DAG(s) dict_keys(['example_python_operator']) retrieved from /home/airflow/.local/lib/python3.8/site-packages/airflow/example_dags/example_python_operator.py
[2023-11-16T00:08:29.858+0000] {logging_mixin.py:154} INFO - [2023-11-16T00:08:29.858+0000] {dag.py:2941} INFO - Sync 1 DAGs
[2023-11-16T00:08:29.869+0000] {logging_mixin.py:154} INFO - [2023-11-16T00:08:29.869+0000] {dag.py:3722} INFO - Setting next_dagrun for example_python_operator to None, run_after=None
[2023-11-16T00:08:29.883+0000] {processor.py:179} INFO - Processing /home/airflow/.local/lib/python3.8/site-packages/airflow/example_dags/example_python_operator.py took 0.050 seconds
[2023-11-16T00:09:00.943+0000] {processor.py:157} INFO - Started process (PID=133) to work on /home/airflow/.local/lib/python3.8/site-packages/airflow/example_dags/example_python_operator.py
[2023-11-16T00:09:00.944+0000] {processor.py:829} INFO - Processing file /home/airflow/.local/lib/python3.8/site-packages/airflow/example_dags/example_python_operator.py for tasks to queue
[2023-11-16T00:09:00.945+0000] {logging_mixin.py:154} INFO - [2023-11-16T00:09:00.945+0000] {dagbag.py:536} INFO - Filling up the DagBag from /home/airflow/.local/lib/python3.8/site-packages/airflow/example_dags/example_python_operator.py
[2023-11-16T00:09:00.952+0000] {processor.py:839} INFO - DAG(s) dict_keys(['example_python_operator']) retrieved from /home/airflow/.local/lib/python3.8/site-packages/airflow/example_dags/example_python_operator.py
[2023-11-16T00:09:01.017+0000] {logging_mixin.py:154} INFO - [2023-11-16T00:09:01.017+0000] {dag.py:2941} INFO - Sync 1 DAGs
[2023-11-16T00:09:01.024+0000] {logging_mixin.py:154} INFO - [2023-11-16T00:09:01.024+0000] {dag.py:3722} INFO - Setting next_dagrun for example_python_operator to None, run_after=None
[2023-11-16T00:09:01.041+0000] {processor.py:179} INFO - Processing /home/airflow/.local/lib/python3.8/site-packages/airflow/example_dags/example_python_operator.py took 0.100 seconds
[2023-11-16T00:09:31.299+0000] {processor.py:157} INFO - Started process (PID=190) to work on /home/airflow/.local/lib/python3.8/site-packages/airflow/example_dags/example_python_operator.py
[2023-11-16T00:09:31.300+0000] {processor.py:829} INFO - Processing file /home/airflow/.local/lib/python3.8/site-packages/airflow/example_dags/example_python_operator.py for tasks to queue
[2023-11-16T00:09:31.301+0000] {logging_mixin.py:154} INFO - [2023-11-16T00:09:31.301+0000] {dagbag.py:536} INFO - Filling up the DagBag from /home/airflow/.local/lib/python3.8/site-packages/airflow/example_dags/example_python_operator.py
[2023-11-16T00:09:31.309+0000] {processor.py:839} INFO - DAG(s) dict_keys(['example_python_operator']) retrieved from /home/airflow/.local/lib/python3.8/site-packages/airflow/example_dags/example_python_operator.py
[2023-11-16T00:09:31.325+0000] {logging_mixin.py:154} INFO - [2023-11-16T00:09:31.325+0000] {dag.py:2941} INFO - Sync 1 DAGs
[2023-11-16T00:09:31.333+0000] {logging_mixin.py:154} INFO - [2023-11-16T00:09:31.333+0000] {dag.py:3722} INFO - Setting next_dagrun for example_python_operator to None, run_after=None
[2023-11-16T00:09:31.346+0000] {processor.py:179} INFO - Processing /home/airflow/.local/lib/python3.8/site-packages/airflow/example_dags/example_python_operator.py took 0.049 seconds
[2023-11-16T00:10:01.512+0000] {processor.py:157} INFO - Started process (PID=247) to work on /home/airflow/.local/lib/python3.8/site-packages/airflow/example_dags/example_python_operator.py
[2023-11-16T00:10:01.513+0000] {processor.py:829} INFO - Processing file /home/airflow/.local/lib/python3.8/site-packages/airflow/example_dags/example_python_operator.py for tasks to queue
[2023-11-16T00:10:01.514+0000] {logging_mixin.py:154} INFO - [2023-11-16T00:10:01.514+0000] {dagbag.py:536} INFO - Filling up the DagBag from /home/airflow/.local/lib/python3.8/site-packages/airflow/example_dags/example_python_operator.py
[2023-11-16T00:10:01.521+0000] {processor.py:839} INFO - DAG(s) dict_keys(['example_python_operator']) retrieved from /home/airflow/.local/lib/python3.8/site-packages/airflow/example_dags/example_python_operator.py
[2023-11-16T00:10:01.535+0000] {logging_mixin.py:154} INFO - [2023-11-16T00:10:01.535+0000] {dag.py:2941} INFO - Sync 1 DAGs
[2023-11-16T00:10:01.543+0000] {logging_mixin.py:154} INFO - [2023-11-16T00:10:01.543+0000] {dag.py:3722} INFO - Setting next_dagrun for example_python_operator to None, run_after=None
[2023-11-16T00:10:01.555+0000] {processor.py:179} INFO - Processing /home/airflow/.local/lib/python3.8/site-packages/airflow/example_dags/example_python_operator.py took 0.045 seconds
[2023-11-16T00:10:32.416+0000] {processor.py:157} INFO - Started process (PID=304) to work on /home/airflow/.local/lib/python3.8/site-packages/airflow/example_dags/example_python_operator.py
[2023-11-16T00:10:32.417+0000] {processor.py:829} INFO - Processing file /home/airflow/.local/lib/python3.8/site-packages/airflow/example_dags/example_python_operator.py for tasks to queue
[2023-11-16T00:10:32.419+0000] {logging_mixin.py:154} INFO - [2023-11-16T00:10:32.418+0000] {dagbag.py:536} INFO - Filling up the DagBag from /home/airflow/.local/lib/python3.8/site-packages/airflow/example_dags/example_python_operator.py
[2023-11-16T00:10:32.425+0000] {processor.py:839} INFO - DAG(s) dict_keys(['example_python_operator']) retrieved from /home/airflow/.local/lib/python3.8/site-packages/airflow/example_dags/example_python_operator.py
[2023-11-16T00:10:32.442+0000] {logging_mixin.py:154} INFO - [2023-11-16T00:10:32.442+0000] {dag.py:2941} INFO - Sync 1 DAGs
[2023-11-16T00:10:32.450+0000] {logging_mixin.py:154} INFO - [2023-11-16T00:10:32.450+0000] {dag.py:3722} INFO - Setting next_dagrun for example_python_operator to None, run_after=None
[2023-11-16T00:10:32.462+0000] {processor.py:179} INFO - Processing /home/airflow/.local/lib/python3.8/site-packages/airflow/example_dags/example_python_operator.py took 0.048 seconds
[2023-11-16T00:11:02.731+0000] {processor.py:157} INFO - Started process (PID=361) to work on /home/airflow/.local/lib/python3.8/site-packages/airflow/example_dags/example_python_operator.py
[2023-11-16T00:11:02.732+0000] {processor.py:829} INFO - Processing file /home/airflow/.local/lib/python3.8/site-packages/airflow/example_dags/example_python_operator.py for tasks to queue
[2023-11-16T00:11:02.733+0000] {logging_mixin.py:154} INFO - [2023-11-16T00:11:02.733+0000] {dagbag.py:536} INFO - Filling up the DagBag from /home/airflow/.local/lib/python3.8/site-packages/airflow/example_dags/example_python_operator.py
[2023-11-16T00:11:02.739+0000] {processor.py:839} INFO - DAG(s) dict_keys(['example_python_operator']) retrieved from /home/airflow/.local/lib/python3.8/site-packages/airflow/example_dags/example_python_operator.py
[2023-11-16T00:11:02.755+0000] {logging_mixin.py:154} INFO - [2023-11-16T00:11:02.755+0000] {dag.py:2941} INFO - Sync 1 DAGs
[2023-11-16T00:11:02.763+0000] {logging_mixin.py:154} INFO - [2023-11-16T00:11:02.763+0000] {dag.py:3722} INFO - Setting next_dagrun for example_python_operator to None, run_after=None
[2023-11-16T00:11:02.777+0000] {processor.py:179} INFO - Processing /home/airflow/.local/lib/python3.8/site-packages/airflow/example_dags/example_python_operator.py took 0.048 seconds
[2023-11-16T00:11:33.873+0000] {processor.py:157} INFO - Started process (PID=418) to work on /home/airflow/.local/lib/python3.8/site-packages/airflow/example_dags/example_python_operator.py
[2023-11-16T00:11:33.874+0000] {processor.py:829} INFO - Processing file /home/airflow/.local/lib/python3.8/site-packages/airflow/example_dags/example_python_operator.py for tasks to queue
[2023-11-16T00:11:33.876+0000] {logging_mixin.py:154} INFO - [2023-11-16T00:11:33.876+0000] {dagbag.py:536} INFO - Filling up the DagBag from /home/airflow/.local/lib/python3.8/site-packages/airflow/example_dags/example_python_operator.py
[2023-11-16T00:11:33.883+0000] {processor.py:839} INFO - DAG(s) dict_keys(['example_python_operator']) retrieved from /home/airflow/.local/lib/python3.8/site-packages/airflow/example_dags/example_python_operator.py
[2023-11-16T00:11:33.899+0000] {logging_mixin.py:154} INFO - [2023-11-16T00:11:33.899+0000] {dag.py:2941} INFO - Sync 1 DAGs
[2023-11-16T00:11:33.908+0000] {logging_mixin.py:154} INFO - [2023-11-16T00:11:33.908+0000] {dag.py:3722} INFO - Setting next_dagrun for example_python_operator to None, run_after=None
[2023-11-16T00:11:33.920+0000] {processor.py:179} INFO - Processing /home/airflow/.local/lib/python3.8/site-packages/airflow/example_dags/example_python_operator.py took 0.050 seconds
[2023-11-16T00:12:04.859+0000] {processor.py:157} INFO - Started process (PID=475) to work on /home/airflow/.local/lib/python3.8/site-packages/airflow/example_dags/example_python_operator.py
[2023-11-16T00:12:04.859+0000] {processor.py:829} INFO - Processing file /home/airflow/.local/lib/python3.8/site-packages/airflow/example_dags/example_python_operator.py for tasks to queue
[2023-11-16T00:12:04.861+0000] {logging_mixin.py:154} INFO - [2023-11-16T00:12:04.860+0000] {dagbag.py:536} INFO - Filling up the DagBag from /home/airflow/.local/lib/python3.8/site-packages/airflow/example_dags/example_python_operator.py
[2023-11-16T00:12:04.867+0000] {processor.py:839} INFO - DAG(s) dict_keys(['example_python_operator']) retrieved from /home/airflow/.local/lib/python3.8/site-packages/airflow/example_dags/example_python_operator.py
[2023-11-16T00:12:04.882+0000] {logging_mixin.py:154} INFO - [2023-11-16T00:12:04.882+0000] {dag.py:2941} INFO - Sync 1 DAGs
[2023-11-16T00:12:04.890+0000] {logging_mixin.py:154} INFO - [2023-11-16T00:12:04.890+0000] {dag.py:3722} INFO - Setting next_dagrun for example_python_operator to None, run_after=None
[2023-11-16T00:12:04.902+0000] {processor.py:179} INFO - Processing /home/airflow/.local/lib/python3.8/site-packages/airflow/example_dags/example_python_operator.py took 0.046 seconds
[2023-11-16T00:12:35.156+0000] {processor.py:157} INFO - Started process (PID=533) to work on /home/airflow/.local/lib/python3.8/site-packages/airflow/example_dags/example_python_operator.py
[2023-11-16T00:12:35.157+0000] {processor.py:829} INFO - Processing file /home/airflow/.local/lib/python3.8/site-packages/airflow/example_dags/example_python_operator.py for tasks to queue
[2023-11-16T00:12:35.159+0000] {logging_mixin.py:154} INFO - [2023-11-16T00:12:35.158+0000] {dagbag.py:536} INFO - Filling up the DagBag from /home/airflow/.local/lib/python3.8/site-packages/airflow/example_dags/example_python_operator.py
[2023-11-16T00:12:35.165+0000] {processor.py:839} INFO - DAG(s) dict_keys(['example_python_operator']) retrieved from /home/airflow/.local/lib/python3.8/site-packages/airflow/example_dags/example_python_operator.py
[2023-11-16T00:12:35.180+0000] {logging_mixin.py:154} INFO - [2023-11-16T00:12:35.180+0000] {dag.py:2941} INFO - Sync 1 DAGs
[2023-11-16T00:12:35.189+0000] {logging_mixin.py:154} INFO - [2023-11-16T00:12:35.189+0000] {dag.py:3722} INFO - Setting next_dagrun for example_python_operator to None, run_after=None
[2023-11-16T00:12:35.201+0000] {processor.py:179} INFO - Processing /home/airflow/.local/lib/python3.8/site-packages/airflow/example_dags/example_python_operator.py took 0.047 seconds
[2023-11-16T00:13:05.328+0000] {processor.py:157} INFO - Started process (PID=590) to work on /home/airflow/.local/lib/python3.8/site-packages/airflow/example_dags/example_python_operator.py
[2023-11-16T00:13:05.329+0000] {processor.py:829} INFO - Processing file /home/airflow/.local/lib/python3.8/site-packages/airflow/example_dags/example_python_operator.py for tasks to queue
[2023-11-16T00:13:05.331+0000] {logging_mixin.py:154} INFO - [2023-11-16T00:13:05.331+0000] {dagbag.py:536} INFO - Filling up the DagBag from /home/airflow/.local/lib/python3.8/site-packages/airflow/example_dags/example_python_operator.py
[2023-11-16T00:13:05.337+0000] {processor.py:839} INFO - DAG(s) dict_keys(['example_python_operator']) retrieved from /home/airflow/.local/lib/python3.8/site-packages/airflow/example_dags/example_python_operator.py
[2023-11-16T00:13:05.353+0000] {logging_mixin.py:154} INFO - [2023-11-16T00:13:05.353+0000] {dag.py:2941} INFO - Sync 1 DAGs
[2023-11-16T00:13:05.361+0000] {logging_mixin.py:154} INFO - [2023-11-16T00:13:05.361+0000] {dag.py:3722} INFO - Setting next_dagrun for example_python_operator to None, run_after=None
[2023-11-16T00:13:05.374+0000] {processor.py:179} INFO - Processing /home/airflow/.local/lib/python3.8/site-packages/airflow/example_dags/example_python_operator.py took 0.047 seconds
[2023-11-16T00:13:36.401+0000] {processor.py:157} INFO - Started process (PID=647) to work on /home/airflow/.local/lib/python3.8/site-packages/airflow/example_dags/example_python_operator.py
[2023-11-16T00:13:36.401+0000] {processor.py:829} INFO - Processing file /home/airflow/.local/lib/python3.8/site-packages/airflow/example_dags/example_python_operator.py for tasks to queue
[2023-11-16T00:13:36.403+0000] {logging_mixin.py:154} INFO - [2023-11-16T00:13:36.403+0000] {dagbag.py:536} INFO - Filling up the DagBag from /home/airflow/.local/lib/python3.8/site-packages/airflow/example_dags/example_python_operator.py
[2023-11-16T00:13:36.409+0000] {processor.py:839} INFO - DAG(s) dict_keys(['example_python_operator']) retrieved from /home/airflow/.local/lib/python3.8/site-packages/airflow/example_dags/example_python_operator.py
[2023-11-16T00:13:36.424+0000] {logging_mixin.py:154} INFO - [2023-11-16T00:13:36.424+0000] {dag.py:2941} INFO - Sync 1 DAGs
[2023-11-16T00:13:36.432+0000] {logging_mixin.py:154} INFO - [2023-11-16T00:13:36.432+0000] {dag.py:3722} INFO - Setting next_dagrun for example_python_operator to None, run_after=None
[2023-11-16T00:13:36.445+0000] {processor.py:179} INFO - Processing /home/airflow/.local/lib/python3.8/site-packages/airflow/example_dags/example_python_operator.py took 0.046 seconds
[2023-11-16T00:14:06.618+0000] {processor.py:157} INFO - Started process (PID=704) to work on /home/airflow/.local/lib/python3.8/site-packages/airflow/example_dags/example_python_operator.py
[2023-11-16T00:14:06.619+0000] {processor.py:829} INFO - Processing file /home/airflow/.local/lib/python3.8/site-packages/airflow/example_dags/example_python_operator.py for tasks to queue
[2023-11-16T00:14:06.620+0000] {logging_mixin.py:154} INFO - [2023-11-16T00:14:06.620+0000] {dagbag.py:536} INFO - Filling up the DagBag from /home/airflow/.local/lib/python3.8/site-packages/airflow/example_dags/example_python_operator.py
[2023-11-16T00:14:06.626+0000] {processor.py:839} INFO - DAG(s) dict_keys(['example_python_operator']) retrieved from /home/airflow/.local/lib/python3.8/site-packages/airflow/example_dags/example_python_operator.py
[2023-11-16T00:14:06.641+0000] {logging_mixin.py:154} INFO - [2023-11-16T00:14:06.641+0000] {dag.py:2941} INFO - Sync 1 DAGs
[2023-11-16T00:14:06.650+0000] {logging_mixin.py:154} INFO - [2023-11-16T00:14:06.650+0000] {dag.py:3722} INFO - Setting next_dagrun for example_python_operator to None, run_after=None
[2023-11-16T00:14:06.662+0000] {processor.py:179} INFO - Processing /home/airflow/.local/lib/python3.8/site-packages/airflow/example_dags/example_python_operator.py took 0.046 seconds
[2023-11-16T00:14:37.745+0000] {processor.py:157} INFO - Started process (PID=761) to work on /home/airflow/.local/lib/python3.8/site-packages/airflow/example_dags/example_python_operator.py
[2023-11-16T00:14:37.746+0000] {processor.py:829} INFO - Processing file /home/airflow/.local/lib/python3.8/site-packages/airflow/example_dags/example_python_operator.py for tasks to queue
[2023-11-16T00:14:37.747+0000] {logging_mixin.py:154} INFO - [2023-11-16T00:14:37.747+0000] {dagbag.py:536} INFO - Filling up the DagBag from /home/airflow/.local/lib/python3.8/site-packages/airflow/example_dags/example_python_operator.py
[2023-11-16T00:14:37.754+0000] {processor.py:839} INFO - DAG(s) dict_keys(['example_python_operator']) retrieved from /home/airflow/.local/lib/python3.8/site-packages/airflow/example_dags/example_python_operator.py
[2023-11-16T00:14:37.770+0000] {logging_mixin.py:154} INFO - [2023-11-16T00:14:37.770+0000] {dag.py:2941} INFO - Sync 1 DAGs
[2023-11-16T00:14:37.779+0000] {logging_mixin.py:154} INFO - [2023-11-16T00:14:37.778+0000] {dag.py:3722} INFO - Setting next_dagrun for example_python_operator to None, run_after=None
[2023-11-16T00:14:37.791+0000] {processor.py:179} INFO - Processing /home/airflow/.local/lib/python3.8/site-packages/airflow/example_dags/example_python_operator.py took 0.048 seconds
[2023-11-16T00:15:08.035+0000] {processor.py:157} INFO - Started process (PID=818) to work on /home/airflow/.local/lib/python3.8/site-packages/airflow/example_dags/example_python_operator.py
[2023-11-16T00:15:08.036+0000] {processor.py:829} INFO - Processing file /home/airflow/.local/lib/python3.8/site-packages/airflow/example_dags/example_python_operator.py for tasks to queue
[2023-11-16T00:15:08.037+0000] {logging_mixin.py:154} INFO - [2023-11-16T00:15:08.037+0000] {dagbag.py:536} INFO - Filling up the DagBag from /home/airflow/.local/lib/python3.8/site-packages/airflow/example_dags/example_python_operator.py
[2023-11-16T00:15:08.044+0000] {processor.py:839} INFO - DAG(s) dict_keys(['example_python_operator']) retrieved from /home/airflow/.local/lib/python3.8/site-packages/airflow/example_dags/example_python_operator.py
[2023-11-16T00:15:08.059+0000] {logging_mixin.py:154} INFO - [2023-11-16T00:15:08.059+0000] {dag.py:2941} INFO - Sync 1 DAGs
[2023-11-16T00:15:08.067+0000] {logging_mixin.py:154} INFO - [2023-11-16T00:15:08.067+0000] {dag.py:3722} INFO - Setting next_dagrun for example_python_operator to None, run_after=None
[2023-11-16T00:15:08.080+0000] {processor.py:179} INFO - Processing /home/airflow/.local/lib/python3.8/site-packages/airflow/example_dags/example_python_operator.py took 0.047 seconds
[2023-11-16T00:15:39.132+0000] {processor.py:157} INFO - Started process (PID=875) to work on /home/airflow/.local/lib/python3.8/site-packages/airflow/example_dags/example_python_operator.py
[2023-11-16T00:15:39.132+0000] {processor.py:829} INFO - Processing file /home/airflow/.local/lib/python3.8/site-packages/airflow/example_dags/example_python_operator.py for tasks to queue
[2023-11-16T00:15:39.134+0000] {logging_mixin.py:154} INFO - [2023-11-16T00:15:39.134+0000] {dagbag.py:536} INFO - Filling up the DagBag from /home/airflow/.local/lib/python3.8/site-packages/airflow/example_dags/example_python_operator.py
[2023-11-16T00:15:39.141+0000] {processor.py:839} INFO - DAG(s) dict_keys(['example_python_operator']) retrieved from /home/airflow/.local/lib/python3.8/site-packages/airflow/example_dags/example_python_operator.py
[2023-11-16T00:15:39.216+0000] {logging_mixin.py:154} INFO - [2023-11-16T00:15:39.216+0000] {dag.py:2941} INFO - Sync 1 DAGs
[2023-11-16T00:15:39.225+0000] {logging_mixin.py:154} INFO - [2023-11-16T00:15:39.224+0000] {dag.py:3722} INFO - Setting next_dagrun for example_python_operator to None, run_after=None
[2023-11-16T00:15:39.238+0000] {processor.py:179} INFO - Processing /home/airflow/.local/lib/python3.8/site-packages/airflow/example_dags/example_python_operator.py took 0.108 seconds
[2023-11-16T00:16:09.345+0000] {processor.py:157} INFO - Started process (PID=933) to work on /home/airflow/.local/lib/python3.8/site-packages/airflow/example_dags/example_python_operator.py
[2023-11-16T00:16:09.346+0000] {processor.py:829} INFO - Processing file /home/airflow/.local/lib/python3.8/site-packages/airflow/example_dags/example_python_operator.py for tasks to queue
[2023-11-16T00:16:09.347+0000] {logging_mixin.py:154} INFO - [2023-11-16T00:16:09.347+0000] {dagbag.py:536} INFO - Filling up the DagBag from /home/airflow/.local/lib/python3.8/site-packages/airflow/example_dags/example_python_operator.py
[2023-11-16T00:16:09.354+0000] {processor.py:839} INFO - DAG(s) dict_keys(['example_python_operator']) retrieved from /home/airflow/.local/lib/python3.8/site-packages/airflow/example_dags/example_python_operator.py
[2023-11-16T00:16:09.370+0000] {logging_mixin.py:154} INFO - [2023-11-16T00:16:09.370+0000] {dag.py:2941} INFO - Sync 1 DAGs
[2023-11-16T00:16:09.378+0000] {logging_mixin.py:154} INFO - [2023-11-16T00:16:09.378+0000] {dag.py:3722} INFO - Setting next_dagrun for example_python_operator to None, run_after=None
[2023-11-16T00:16:09.390+0000] {processor.py:179} INFO - Processing /home/airflow/.local/lib/python3.8/site-packages/airflow/example_dags/example_python_operator.py took 0.047 seconds
[2023-11-16T00:16:39.536+0000] {processor.py:157} INFO - Started process (PID=989) to work on /home/airflow/.local/lib/python3.8/site-packages/airflow/example_dags/example_python_operator.py
[2023-11-16T00:16:39.537+0000] {processor.py:829} INFO - Processing file /home/airflow/.local/lib/python3.8/site-packages/airflow/example_dags/example_python_operator.py for tasks to queue
[2023-11-16T00:16:39.538+0000] {logging_mixin.py:154} INFO - [2023-11-16T00:16:39.538+0000] {dagbag.py:536} INFO - Filling up the DagBag from /home/airflow/.local/lib/python3.8/site-packages/airflow/example_dags/example_python_operator.py
[2023-11-16T00:16:39.545+0000] {processor.py:839} INFO - DAG(s) dict_keys(['example_python_operator']) retrieved from /home/airflow/.local/lib/python3.8/site-packages/airflow/example_dags/example_python_operator.py
[2023-11-16T00:16:39.560+0000] {logging_mixin.py:154} INFO - [2023-11-16T00:16:39.560+0000] {dag.py:2941} INFO - Sync 1 DAGs
[2023-11-16T00:16:39.568+0000] {logging_mixin.py:154} INFO - [2023-11-16T00:16:39.568+0000] {dag.py:3722} INFO - Setting next_dagrun for example_python_operator to None, run_after=None
[2023-11-16T00:16:39.580+0000] {processor.py:179} INFO - Processing /home/airflow/.local/lib/python3.8/site-packages/airflow/example_dags/example_python_operator.py took 0.047 seconds
[2023-11-16T00:17:09.616+0000] {processor.py:157} INFO - Started process (PID=1046) to work on /home/airflow/.local/lib/python3.8/site-packages/airflow/example_dags/example_python_operator.py
[2023-11-16T00:17:09.616+0000] {processor.py:829} INFO - Processing file /home/airflow/.local/lib/python3.8/site-packages/airflow/example_dags/example_python_operator.py for tasks to queue
[2023-11-16T00:17:09.618+0000] {logging_mixin.py:154} INFO - [2023-11-16T00:17:09.617+0000] {dagbag.py:536} INFO - Filling up the DagBag from /home/airflow/.local/lib/python3.8/site-packages/airflow/example_dags/example_python_operator.py
[2023-11-16T00:17:09.624+0000] {processor.py:839} INFO - DAG(s) dict_keys(['example_python_operator']) retrieved from /home/airflow/.local/lib/python3.8/site-packages/airflow/example_dags/example_python_operator.py
[2023-11-16T00:17:09.641+0000] {logging_mixin.py:154} INFO - [2023-11-16T00:17:09.641+0000] {dag.py:2941} INFO - Sync 1 DAGs
[2023-11-16T00:17:09.650+0000] {logging_mixin.py:154} INFO - [2023-11-16T00:17:09.650+0000] {dag.py:3722} INFO - Setting next_dagrun for example_python_operator to None, run_after=None
[2023-11-16T00:17:09.664+0000] {processor.py:179} INFO - Processing /home/airflow/.local/lib/python3.8/site-packages/airflow/example_dags/example_python_operator.py took 0.050 seconds
[2023-11-16T00:17:39.779+0000] {processor.py:157} INFO - Started process (PID=1102) to work on /home/airflow/.local/lib/python3.8/site-packages/airflow/example_dags/example_python_operator.py
[2023-11-16T00:17:39.780+0000] {processor.py:829} INFO - Processing file /home/airflow/.local/lib/python3.8/site-packages/airflow/example_dags/example_python_operator.py for tasks to queue
[2023-11-16T00:17:39.781+0000] {logging_mixin.py:154} INFO - [2023-11-16T00:17:39.781+0000] {dagbag.py:536} INFO - Filling up the DagBag from /home/airflow/.local/lib/python3.8/site-packages/airflow/example_dags/example_python_operator.py
[2023-11-16T00:17:39.787+0000] {processor.py:839} INFO - DAG(s) dict_keys(['example_python_operator']) retrieved from /home/airflow/.local/lib/python3.8/site-packages/airflow/example_dags/example_python_operator.py
[2023-11-16T00:17:39.802+0000] {logging_mixin.py:154} INFO - [2023-11-16T00:17:39.802+0000] {dag.py:2941} INFO - Sync 1 DAGs
[2023-11-16T00:17:39.809+0000] {logging_mixin.py:154} INFO - [2023-11-16T00:17:39.809+0000] {dag.py:3722} INFO - Setting next_dagrun for example_python_operator to None, run_after=None
[2023-11-16T00:17:39.820+0000] {processor.py:179} INFO - Processing /home/airflow/.local/lib/python3.8/site-packages/airflow/example_dags/example_python_operator.py took 0.044 seconds
[2023-11-16T00:18:10.482+0000] {processor.py:157} INFO - Started process (PID=1159) to work on /home/airflow/.local/lib/python3.8/site-packages/airflow/example_dags/example_python_operator.py
[2023-11-16T00:18:10.483+0000] {processor.py:829} INFO - Processing file /home/airflow/.local/lib/python3.8/site-packages/airflow/example_dags/example_python_operator.py for tasks to queue
[2023-11-16T00:18:10.484+0000] {logging_mixin.py:154} INFO - [2023-11-16T00:18:10.484+0000] {dagbag.py:536} INFO - Filling up the DagBag from /home/airflow/.local/lib/python3.8/site-packages/airflow/example_dags/example_python_operator.py
[2023-11-16T00:18:10.491+0000] {processor.py:839} INFO - DAG(s) dict_keys(['example_python_operator']) retrieved from /home/airflow/.local/lib/python3.8/site-packages/airflow/example_dags/example_python_operator.py
[2023-11-16T00:18:10.507+0000] {logging_mixin.py:154} INFO - [2023-11-16T00:18:10.507+0000] {dag.py:2941} INFO - Sync 1 DAGs
[2023-11-16T00:18:10.516+0000] {logging_mixin.py:154} INFO - [2023-11-16T00:18:10.516+0000] {dag.py:3722} INFO - Setting next_dagrun for example_python_operator to None, run_after=None
[2023-11-16T00:18:10.529+0000] {processor.py:179} INFO - Processing /home/airflow/.local/lib/python3.8/site-packages/airflow/example_dags/example_python_operator.py took 0.049 seconds
[2023-11-16T00:18:40.784+0000] {processor.py:157} INFO - Started process (PID=1216) to work on /home/airflow/.local/lib/python3.8/site-packages/airflow/example_dags/example_python_operator.py
[2023-11-16T00:18:40.784+0000] {processor.py:829} INFO - Processing file /home/airflow/.local/lib/python3.8/site-packages/airflow/example_dags/example_python_operator.py for tasks to queue
[2023-11-16T00:18:40.786+0000] {logging_mixin.py:154} INFO - [2023-11-16T00:18:40.786+0000] {dagbag.py:536} INFO - Filling up the DagBag from /home/airflow/.local/lib/python3.8/site-packages/airflow/example_dags/example_python_operator.py
[2023-11-16T00:18:40.792+0000] {processor.py:839} INFO - DAG(s) dict_keys(['example_python_operator']) retrieved from /home/airflow/.local/lib/python3.8/site-packages/airflow/example_dags/example_python_operator.py
[2023-11-16T00:18:40.807+0000] {logging_mixin.py:154} INFO - [2023-11-16T00:18:40.807+0000] {dag.py:2941} INFO - Sync 1 DAGs
[2023-11-16T00:18:40.815+0000] {logging_mixin.py:154} INFO - [2023-11-16T00:18:40.814+0000] {dag.py:3722} INFO - Setting next_dagrun for example_python_operator to None, run_after=None
[2023-11-16T00:18:40.825+0000] {processor.py:179} INFO - Processing /home/airflow/.local/lib/python3.8/site-packages/airflow/example_dags/example_python_operator.py took 0.044 seconds
[2023-11-16T00:19:11.035+0000] {processor.py:157} INFO - Started process (PID=1273) to work on /home/airflow/.local/lib/python3.8/site-packages/airflow/example_dags/example_python_operator.py
[2023-11-16T00:19:11.036+0000] {processor.py:829} INFO - Processing file /home/airflow/.local/lib/python3.8/site-packages/airflow/example_dags/example_python_operator.py for tasks to queue
[2023-11-16T00:19:11.037+0000] {logging_mixin.py:154} INFO - [2023-11-16T00:19:11.037+0000] {dagbag.py:536} INFO - Filling up the DagBag from /home/airflow/.local/lib/python3.8/site-packages/airflow/example_dags/example_python_operator.py
[2023-11-16T00:19:11.044+0000] {processor.py:839} INFO - DAG(s) dict_keys(['example_python_operator']) retrieved from /home/airflow/.local/lib/python3.8/site-packages/airflow/example_dags/example_python_operator.py
[2023-11-16T00:19:11.061+0000] {logging_mixin.py:154} INFO - [2023-11-16T00:19:11.061+0000] {dag.py:2941} INFO - Sync 1 DAGs
[2023-11-16T00:19:11.070+0000] {logging_mixin.py:154} INFO - [2023-11-16T00:19:11.070+0000] {dag.py:3722} INFO - Setting next_dagrun for example_python_operator to None, run_after=None
[2023-11-16T00:19:11.085+0000] {processor.py:179} INFO - Processing /home/airflow/.local/lib/python3.8/site-packages/airflow/example_dags/example_python_operator.py took 0.052 seconds
[2023-11-16T00:19:42.008+0000] {processor.py:157} INFO - Started process (PID=1331) to work on /home/airflow/.local/lib/python3.8/site-packages/airflow/example_dags/example_python_operator.py
[2023-11-16T00:19:42.009+0000] {processor.py:829} INFO - Processing file /home/airflow/.local/lib/python3.8/site-packages/airflow/example_dags/example_python_operator.py for tasks to queue
[2023-11-16T00:19:42.010+0000] {logging_mixin.py:154} INFO - [2023-11-16T00:19:42.010+0000] {dagbag.py:536} INFO - Filling up the DagBag from /home/airflow/.local/lib/python3.8/site-packages/airflow/example_dags/example_python_operator.py
[2023-11-16T00:19:42.017+0000] {processor.py:839} INFO - DAG(s) dict_keys(['example_python_operator']) retrieved from /home/airflow/.local/lib/python3.8/site-packages/airflow/example_dags/example_python_operator.py
[2023-11-16T00:19:42.037+0000] {logging_mixin.py:154} INFO - [2023-11-16T00:19:42.037+0000] {dag.py:2941} INFO - Sync 1 DAGs
[2023-11-16T00:19:42.045+0000] {logging_mixin.py:154} INFO - [2023-11-16T00:19:42.045+0000] {dag.py:3722} INFO - Setting next_dagrun for example_python_operator to None, run_after=None
[2023-11-16T00:19:42.058+0000] {processor.py:179} INFO - Processing /home/airflow/.local/lib/python3.8/site-packages/airflow/example_dags/example_python_operator.py took 0.052 seconds
[2023-11-16T00:20:12.519+0000] {processor.py:157} INFO - Started process (PID=1388) to work on /home/airflow/.local/lib/python3.8/site-packages/airflow/example_dags/example_python_operator.py
[2023-11-16T00:20:12.520+0000] {processor.py:829} INFO - Processing file /home/airflow/.local/lib/python3.8/site-packages/airflow/example_dags/example_python_operator.py for tasks to queue
[2023-11-16T00:20:12.521+0000] {logging_mixin.py:154} INFO - [2023-11-16T00:20:12.521+0000] {dagbag.py:536} INFO - Filling up the DagBag from /home/airflow/.local/lib/python3.8/site-packages/airflow/example_dags/example_python_operator.py
[2023-11-16T00:20:12.527+0000] {processor.py:839} INFO - DAG(s) dict_keys(['example_python_operator']) retrieved from /home/airflow/.local/lib/python3.8/site-packages/airflow/example_dags/example_python_operator.py
[2023-11-16T00:20:12.542+0000] {logging_mixin.py:154} INFO - [2023-11-16T00:20:12.542+0000] {dag.py:2941} INFO - Sync 1 DAGs
[2023-11-16T00:20:12.550+0000] {logging_mixin.py:154} INFO - [2023-11-16T00:20:12.550+0000] {dag.py:3722} INFO - Setting next_dagrun for example_python_operator to None, run_after=None
[2023-11-16T00:20:12.562+0000] {processor.py:179} INFO - Processing /home/airflow/.local/lib/python3.8/site-packages/airflow/example_dags/example_python_operator.py took 0.045 seconds
[2023-11-16T00:20:42.918+0000] {processor.py:157} INFO - Started process (PID=1445) to work on /home/airflow/.local/lib/python3.8/site-packages/airflow/example_dags/example_python_operator.py
[2023-11-16T00:20:42.918+0000] {processor.py:829} INFO - Processing file /home/airflow/.local/lib/python3.8/site-packages/airflow/example_dags/example_python_operator.py for tasks to queue
[2023-11-16T00:20:42.920+0000] {logging_mixin.py:154} INFO - [2023-11-16T00:20:42.920+0000] {dagbag.py:536} INFO - Filling up the DagBag from /home/airflow/.local/lib/python3.8/site-packages/airflow/example_dags/example_python_operator.py
[2023-11-16T00:20:42.926+0000] {processor.py:839} INFO - DAG(s) dict_keys(['example_python_operator']) retrieved from /home/airflow/.local/lib/python3.8/site-packages/airflow/example_dags/example_python_operator.py
[2023-11-16T00:20:42.942+0000] {logging_mixin.py:154} INFO - [2023-11-16T00:20:42.942+0000] {dag.py:2941} INFO - Sync 1 DAGs
[2023-11-16T00:20:42.950+0000] {logging_mixin.py:154} INFO - [2023-11-16T00:20:42.950+0000] {dag.py:3722} INFO - Setting next_dagrun for example_python_operator to None, run_after=None
[2023-11-16T00:20:42.963+0000] {processor.py:179} INFO - Processing /home/airflow/.local/lib/python3.8/site-packages/airflow/example_dags/example_python_operator.py took 0.047 seconds
[2023-11-16T00:21:14.178+0000] {processor.py:157} INFO - Started process (PID=1503) to work on /home/airflow/.local/lib/python3.8/site-packages/airflow/example_dags/example_python_operator.py
[2023-11-16T00:21:14.179+0000] {processor.py:829} INFO - Processing file /home/airflow/.local/lib/python3.8/site-packages/airflow/example_dags/example_python_operator.py for tasks to queue
[2023-11-16T00:21:14.181+0000] {logging_mixin.py:154} INFO - [2023-11-16T00:21:14.181+0000] {dagbag.py:536} INFO - Filling up the DagBag from /home/airflow/.local/lib/python3.8/site-packages/airflow/example_dags/example_python_operator.py
[2023-11-16T00:21:14.190+0000] {processor.py:839} INFO - DAG(s) dict_keys(['example_python_operator']) retrieved from /home/airflow/.local/lib/python3.8/site-packages/airflow/example_dags/example_python_operator.py
[2023-11-16T00:21:14.211+0000] {logging_mixin.py:154} INFO - [2023-11-16T00:21:14.211+0000] {dag.py:2941} INFO - Sync 1 DAGs
[2023-11-16T00:21:14.220+0000] {logging_mixin.py:154} INFO - [2023-11-16T00:21:14.220+0000] {dag.py:3722} INFO - Setting next_dagrun for example_python_operator to None, run_after=None
[2023-11-16T00:21:14.233+0000] {processor.py:179} INFO - Processing /home/airflow/.local/lib/python3.8/site-packages/airflow/example_dags/example_python_operator.py took 0.058 seconds
[2023-11-16T00:21:44.933+0000] {processor.py:157} INFO - Started process (PID=1560) to work on /home/airflow/.local/lib/python3.8/site-packages/airflow/example_dags/example_python_operator.py
[2023-11-16T00:21:44.934+0000] {processor.py:829} INFO - Processing file /home/airflow/.local/lib/python3.8/site-packages/airflow/example_dags/example_python_operator.py for tasks to queue
[2023-11-16T00:21:44.935+0000] {logging_mixin.py:154} INFO - [2023-11-16T00:21:44.935+0000] {dagbag.py:536} INFO - Filling up the DagBag from /home/airflow/.local/lib/python3.8/site-packages/airflow/example_dags/example_python_operator.py
[2023-11-16T00:21:44.942+0000] {processor.py:839} INFO - DAG(s) dict_keys(['example_python_operator']) retrieved from /home/airflow/.local/lib/python3.8/site-packages/airflow/example_dags/example_python_operator.py
[2023-11-16T00:21:44.957+0000] {logging_mixin.py:154} INFO - [2023-11-16T00:21:44.956+0000] {dag.py:2941} INFO - Sync 1 DAGs
[2023-11-16T00:21:44.965+0000] {logging_mixin.py:154} INFO - [2023-11-16T00:21:44.965+0000] {dag.py:3722} INFO - Setting next_dagrun for example_python_operator to None, run_after=None
[2023-11-16T00:21:45.082+0000] {processor.py:179} INFO - Processing /home/airflow/.local/lib/python3.8/site-packages/airflow/example_dags/example_python_operator.py took 0.151 seconds
[2023-11-16T00:22:15.141+0000] {processor.py:157} INFO - Started process (PID=1617) to work on /home/airflow/.local/lib/python3.8/site-packages/airflow/example_dags/example_python_operator.py
[2023-11-16T00:22:15.142+0000] {processor.py:829} INFO - Processing file /home/airflow/.local/lib/python3.8/site-packages/airflow/example_dags/example_python_operator.py for tasks to queue
[2023-11-16T00:22:15.143+0000] {logging_mixin.py:154} INFO - [2023-11-16T00:22:15.143+0000] {dagbag.py:536} INFO - Filling up the DagBag from /home/airflow/.local/lib/python3.8/site-packages/airflow/example_dags/example_python_operator.py
[2023-11-16T00:22:15.150+0000] {processor.py:839} INFO - DAG(s) dict_keys(['example_python_operator']) retrieved from /home/airflow/.local/lib/python3.8/site-packages/airflow/example_dags/example_python_operator.py
[2023-11-16T00:22:15.164+0000] {logging_mixin.py:154} INFO - [2023-11-16T00:22:15.164+0000] {dag.py:2941} INFO - Sync 1 DAGs
[2023-11-16T00:22:15.173+0000] {logging_mixin.py:154} INFO - [2023-11-16T00:22:15.173+0000] {dag.py:3722} INFO - Setting next_dagrun for example_python_operator to None, run_after=None
[2023-11-16T00:22:15.186+0000] {processor.py:179} INFO - Processing /home/airflow/.local/lib/python3.8/site-packages/airflow/example_dags/example_python_operator.py took 0.047 seconds
[2023-11-16T00:22:45.985+0000] {processor.py:157} INFO - Started process (PID=1674) to work on /home/airflow/.local/lib/python3.8/site-packages/airflow/example_dags/example_python_operator.py
[2023-11-16T00:22:45.986+0000] {processor.py:829} INFO - Processing file /home/airflow/.local/lib/python3.8/site-packages/airflow/example_dags/example_python_operator.py for tasks to queue
[2023-11-16T00:22:45.988+0000] {logging_mixin.py:154} INFO - [2023-11-16T00:22:45.987+0000] {dagbag.py:536} INFO - Filling up the DagBag from /home/airflow/.local/lib/python3.8/site-packages/airflow/example_dags/example_python_operator.py
[2023-11-16T00:22:45.994+0000] {processor.py:839} INFO - DAG(s) dict_keys(['example_python_operator']) retrieved from /home/airflow/.local/lib/python3.8/site-packages/airflow/example_dags/example_python_operator.py
[2023-11-16T00:22:46.010+0000] {logging_mixin.py:154} INFO - [2023-11-16T00:22:46.010+0000] {dag.py:2941} INFO - Sync 1 DAGs
[2023-11-16T00:22:46.017+0000] {logging_mixin.py:154} INFO - [2023-11-16T00:22:46.017+0000] {dag.py:3722} INFO - Setting next_dagrun for example_python_operator to None, run_after=None
[2023-11-16T00:22:46.028+0000] {processor.py:179} INFO - Processing /home/airflow/.local/lib/python3.8/site-packages/airflow/example_dags/example_python_operator.py took 0.045 seconds
[2023-11-16T00:23:17.032+0000] {processor.py:157} INFO - Started process (PID=1731) to work on /home/airflow/.local/lib/python3.8/site-packages/airflow/example_dags/example_python_operator.py
[2023-11-16T00:23:17.033+0000] {processor.py:829} INFO - Processing file /home/airflow/.local/lib/python3.8/site-packages/airflow/example_dags/example_python_operator.py for tasks to queue
[2023-11-16T00:23:17.035+0000] {logging_mixin.py:154} INFO - [2023-11-16T00:23:17.035+0000] {dagbag.py:536} INFO - Filling up the DagBag from /home/airflow/.local/lib/python3.8/site-packages/airflow/example_dags/example_python_operator.py
[2023-11-16T00:23:17.044+0000] {processor.py:839} INFO - DAG(s) dict_keys(['example_python_operator']) retrieved from /home/airflow/.local/lib/python3.8/site-packages/airflow/example_dags/example_python_operator.py
[2023-11-16T00:23:17.178+0000] {logging_mixin.py:154} INFO - [2023-11-16T00:23:17.177+0000] {dag.py:2941} INFO - Sync 1 DAGs
[2023-11-16T00:23:17.186+0000] {logging_mixin.py:154} INFO - [2023-11-16T00:23:17.186+0000] {dag.py:3722} INFO - Setting next_dagrun for example_python_operator to None, run_after=None
[2023-11-16T00:23:17.199+0000] {processor.py:179} INFO - Processing /home/airflow/.local/lib/python3.8/site-packages/airflow/example_dags/example_python_operator.py took 0.170 seconds
[2023-11-16T00:23:48.096+0000] {processor.py:157} INFO - Started process (PID=1788) to work on /home/airflow/.local/lib/python3.8/site-packages/airflow/example_dags/example_python_operator.py
[2023-11-16T00:23:48.096+0000] {processor.py:829} INFO - Processing file /home/airflow/.local/lib/python3.8/site-packages/airflow/example_dags/example_python_operator.py for tasks to queue
[2023-11-16T00:23:48.098+0000] {logging_mixin.py:154} INFO - [2023-11-16T00:23:48.098+0000] {dagbag.py:536} INFO - Filling up the DagBag from /home/airflow/.local/lib/python3.8/site-packages/airflow/example_dags/example_python_operator.py
[2023-11-16T00:23:48.105+0000] {processor.py:839} INFO - DAG(s) dict_keys(['example_python_operator']) retrieved from /home/airflow/.local/lib/python3.8/site-packages/airflow/example_dags/example_python_operator.py
[2023-11-16T00:23:48.125+0000] {logging_mixin.py:154} INFO - [2023-11-16T00:23:48.125+0000] {dag.py:2941} INFO - Sync 1 DAGs
[2023-11-16T00:23:48.250+0000] {logging_mixin.py:154} INFO - [2023-11-16T00:23:48.249+0000] {dag.py:3722} INFO - Setting next_dagrun for example_python_operator to None, run_after=None
[2023-11-16T00:23:48.265+0000] {processor.py:179} INFO - Processing /home/airflow/.local/lib/python3.8/site-packages/airflow/example_dags/example_python_operator.py took 0.172 seconds
[2023-11-16T00:24:18.906+0000] {processor.py:157} INFO - Started process (PID=1845) to work on /home/airflow/.local/lib/python3.8/site-packages/airflow/example_dags/example_python_operator.py
[2023-11-16T00:24:18.906+0000] {processor.py:829} INFO - Processing file /home/airflow/.local/lib/python3.8/site-packages/airflow/example_dags/example_python_operator.py for tasks to queue
[2023-11-16T00:24:18.908+0000] {logging_mixin.py:154} INFO - [2023-11-16T00:24:18.908+0000] {dagbag.py:536} INFO - Filling up the DagBag from /home/airflow/.local/lib/python3.8/site-packages/airflow/example_dags/example_python_operator.py
[2023-11-16T00:24:18.915+0000] {processor.py:839} INFO - DAG(s) dict_keys(['example_python_operator']) retrieved from /home/airflow/.local/lib/python3.8/site-packages/airflow/example_dags/example_python_operator.py
[2023-11-16T00:24:18.930+0000] {logging_mixin.py:154} INFO - [2023-11-16T00:24:18.930+0000] {dag.py:2941} INFO - Sync 1 DAGs
[2023-11-16T00:24:18.939+0000] {logging_mixin.py:154} INFO - [2023-11-16T00:24:18.939+0000] {dag.py:3722} INFO - Setting next_dagrun for example_python_operator to None, run_after=None
[2023-11-16T00:24:18.952+0000] {processor.py:179} INFO - Processing /home/airflow/.local/lib/python3.8/site-packages/airflow/example_dags/example_python_operator.py took 0.048 seconds
[2023-11-16T00:24:49.916+0000] {processor.py:157} INFO - Started process (PID=1902) to work on /home/airflow/.local/lib/python3.8/site-packages/airflow/example_dags/example_python_operator.py
[2023-11-16T00:24:49.917+0000] {processor.py:829} INFO - Processing file /home/airflow/.local/lib/python3.8/site-packages/airflow/example_dags/example_python_operator.py for tasks to queue
[2023-11-16T00:24:49.918+0000] {logging_mixin.py:154} INFO - [2023-11-16T00:24:49.918+0000] {dagbag.py:536} INFO - Filling up the DagBag from /home/airflow/.local/lib/python3.8/site-packages/airflow/example_dags/example_python_operator.py
[2023-11-16T00:24:49.925+0000] {processor.py:839} INFO - DAG(s) dict_keys(['example_python_operator']) retrieved from /home/airflow/.local/lib/python3.8/site-packages/airflow/example_dags/example_python_operator.py
[2023-11-16T00:24:49.940+0000] {logging_mixin.py:154} INFO - [2023-11-16T00:24:49.940+0000] {dag.py:2941} INFO - Sync 1 DAGs
[2023-11-16T00:24:49.948+0000] {logging_mixin.py:154} INFO - [2023-11-16T00:24:49.948+0000] {dag.py:3722} INFO - Setting next_dagrun for example_python_operator to None, run_after=None
[2023-11-16T00:24:49.959+0000] {processor.py:179} INFO - Processing /home/airflow/.local/lib/python3.8/site-packages/airflow/example_dags/example_python_operator.py took 0.046 seconds
[2023-11-16T00:25:20.091+0000] {processor.py:157} INFO - Started process (PID=1959) to work on /home/airflow/.local/lib/python3.8/site-packages/airflow/example_dags/example_python_operator.py
[2023-11-16T00:25:20.091+0000] {processor.py:829} INFO - Processing file /home/airflow/.local/lib/python3.8/site-packages/airflow/example_dags/example_python_operator.py for tasks to queue
[2023-11-16T00:25:20.093+0000] {logging_mixin.py:154} INFO - [2023-11-16T00:25:20.093+0000] {dagbag.py:536} INFO - Filling up the DagBag from /home/airflow/.local/lib/python3.8/site-packages/airflow/example_dags/example_python_operator.py
[2023-11-16T00:25:20.099+0000] {processor.py:839} INFO - DAG(s) dict_keys(['example_python_operator']) retrieved from /home/airflow/.local/lib/python3.8/site-packages/airflow/example_dags/example_python_operator.py
[2023-11-16T00:25:20.114+0000] {logging_mixin.py:154} INFO - [2023-11-16T00:25:20.114+0000] {dag.py:2941} INFO - Sync 1 DAGs
[2023-11-16T00:25:20.122+0000] {logging_mixin.py:154} INFO - [2023-11-16T00:25:20.122+0000] {dag.py:3722} INFO - Setting next_dagrun for example_python_operator to None, run_after=None
[2023-11-16T00:25:20.134+0000] {processor.py:179} INFO - Processing /home/airflow/.local/lib/python3.8/site-packages/airflow/example_dags/example_python_operator.py took 0.046 seconds
[2023-11-16T00:25:50.263+0000] {processor.py:157} INFO - Started process (PID=2016) to work on /home/airflow/.local/lib/python3.8/site-packages/airflow/example_dags/example_python_operator.py
[2023-11-16T00:25:50.264+0000] {processor.py:829} INFO - Processing file /home/airflow/.local/lib/python3.8/site-packages/airflow/example_dags/example_python_operator.py for tasks to queue
[2023-11-16T00:25:50.265+0000] {logging_mixin.py:154} INFO - [2023-11-16T00:25:50.265+0000] {dagbag.py:536} INFO - Filling up the DagBag from /home/airflow/.local/lib/python3.8/site-packages/airflow/example_dags/example_python_operator.py
[2023-11-16T00:25:50.272+0000] {processor.py:839} INFO - DAG(s) dict_keys(['example_python_operator']) retrieved from /home/airflow/.local/lib/python3.8/site-packages/airflow/example_dags/example_python_operator.py
[2023-11-16T00:25:50.287+0000] {logging_mixin.py:154} INFO - [2023-11-16T00:25:50.287+0000] {dag.py:2941} INFO - Sync 1 DAGs
[2023-11-16T00:25:50.298+0000] {logging_mixin.py:154} INFO - [2023-11-16T00:25:50.297+0000] {dag.py:3722} INFO - Setting next_dagrun for example_python_operator to None, run_after=None
[2023-11-16T00:25:50.312+0000] {processor.py:179} INFO - Processing /home/airflow/.local/lib/python3.8/site-packages/airflow/example_dags/example_python_operator.py took 0.052 seconds
[2023-11-16T00:26:20.521+0000] {processor.py:157} INFO - Started process (PID=2073) to work on /home/airflow/.local/lib/python3.8/site-packages/airflow/example_dags/example_python_operator.py
[2023-11-16T00:26:20.522+0000] {processor.py:829} INFO - Processing file /home/airflow/.local/lib/python3.8/site-packages/airflow/example_dags/example_python_operator.py for tasks to queue
[2023-11-16T00:26:20.524+0000] {logging_mixin.py:154} INFO - [2023-11-16T00:26:20.523+0000] {dagbag.py:536} INFO - Filling up the DagBag from /home/airflow/.local/lib/python3.8/site-packages/airflow/example_dags/example_python_operator.py
[2023-11-16T00:26:20.530+0000] {processor.py:839} INFO - DAG(s) dict_keys(['example_python_operator']) retrieved from /home/airflow/.local/lib/python3.8/site-packages/airflow/example_dags/example_python_operator.py
[2023-11-16T00:26:20.544+0000] {logging_mixin.py:154} INFO - [2023-11-16T00:26:20.543+0000] {dag.py:2941} INFO - Sync 1 DAGs
[2023-11-16T00:26:20.551+0000] {logging_mixin.py:154} INFO - [2023-11-16T00:26:20.551+0000] {dag.py:3722} INFO - Setting next_dagrun for example_python_operator to None, run_after=None
[2023-11-16T00:26:20.562+0000] {processor.py:179} INFO - Processing /home/airflow/.local/lib/python3.8/site-packages/airflow/example_dags/example_python_operator.py took 0.043 seconds
[2023-11-16T00:26:50.763+0000] {processor.py:157} INFO - Started process (PID=2130) to work on /home/airflow/.local/lib/python3.8/site-packages/airflow/example_dags/example_python_operator.py
[2023-11-16T00:26:50.764+0000] {processor.py:829} INFO - Processing file /home/airflow/.local/lib/python3.8/site-packages/airflow/example_dags/example_python_operator.py for tasks to queue
[2023-11-16T00:26:50.766+0000] {logging_mixin.py:154} INFO - [2023-11-16T00:26:50.765+0000] {dagbag.py:536} INFO - Filling up the DagBag from /home/airflow/.local/lib/python3.8/site-packages/airflow/example_dags/example_python_operator.py
[2023-11-16T00:26:50.772+0000] {processor.py:839} INFO - DAG(s) dict_keys(['example_python_operator']) retrieved from /home/airflow/.local/lib/python3.8/site-packages/airflow/example_dags/example_python_operator.py
[2023-11-16T00:26:50.787+0000] {logging_mixin.py:154} INFO - [2023-11-16T00:26:50.787+0000] {dag.py:2941} INFO - Sync 1 DAGs
[2023-11-16T00:26:50.795+0000] {logging_mixin.py:154} INFO - [2023-11-16T00:26:50.795+0000] {dag.py:3722} INFO - Setting next_dagrun for example_python_operator to None, run_after=None
[2023-11-16T00:26:50.807+0000] {processor.py:179} INFO - Processing /home/airflow/.local/lib/python3.8/site-packages/airflow/example_dags/example_python_operator.py took 0.046 seconds
[2023-11-16T00:27:21.010+0000] {processor.py:157} INFO - Started process (PID=2187) to work on /home/airflow/.local/lib/python3.8/site-packages/airflow/example_dags/example_python_operator.py
[2023-11-16T00:27:21.010+0000] {processor.py:829} INFO - Processing file /home/airflow/.local/lib/python3.8/site-packages/airflow/example_dags/example_python_operator.py for tasks to queue
[2023-11-16T00:27:21.012+0000] {logging_mixin.py:154} INFO - [2023-11-16T00:27:21.012+0000] {dagbag.py:536} INFO - Filling up the DagBag from /home/airflow/.local/lib/python3.8/site-packages/airflow/example_dags/example_python_operator.py
[2023-11-16T00:27:21.018+0000] {processor.py:839} INFO - DAG(s) dict_keys(['example_python_operator']) retrieved from /home/airflow/.local/lib/python3.8/site-packages/airflow/example_dags/example_python_operator.py
[2023-11-16T00:27:21.033+0000] {logging_mixin.py:154} INFO - [2023-11-16T00:27:21.033+0000] {dag.py:2941} INFO - Sync 1 DAGs
[2023-11-16T00:27:21.042+0000] {logging_mixin.py:154} INFO - [2023-11-16T00:27:21.042+0000] {dag.py:3722} INFO - Setting next_dagrun for example_python_operator to None, run_after=None
[2023-11-16T00:27:21.057+0000] {processor.py:179} INFO - Processing /home/airflow/.local/lib/python3.8/site-packages/airflow/example_dags/example_python_operator.py took 0.049 seconds
[2023-11-16T00:27:51.141+0000] {processor.py:157} INFO - Started process (PID=2244) to work on /home/airflow/.local/lib/python3.8/site-packages/airflow/example_dags/example_python_operator.py
[2023-11-16T00:27:51.141+0000] {processor.py:829} INFO - Processing file /home/airflow/.local/lib/python3.8/site-packages/airflow/example_dags/example_python_operator.py for tasks to queue
[2023-11-16T00:27:51.143+0000] {logging_mixin.py:154} INFO - [2023-11-16T00:27:51.143+0000] {dagbag.py:536} INFO - Filling up the DagBag from /home/airflow/.local/lib/python3.8/site-packages/airflow/example_dags/example_python_operator.py
[2023-11-16T00:27:51.150+0000] {processor.py:839} INFO - DAG(s) dict_keys(['example_python_operator']) retrieved from /home/airflow/.local/lib/python3.8/site-packages/airflow/example_dags/example_python_operator.py
[2023-11-16T00:27:51.165+0000] {logging_mixin.py:154} INFO - [2023-11-16T00:27:51.164+0000] {dag.py:2941} INFO - Sync 1 DAGs
[2023-11-16T00:27:51.173+0000] {logging_mixin.py:154} INFO - [2023-11-16T00:27:51.173+0000] {dag.py:3722} INFO - Setting next_dagrun for example_python_operator to None, run_after=None
[2023-11-16T00:27:51.185+0000] {processor.py:179} INFO - Processing /home/airflow/.local/lib/python3.8/site-packages/airflow/example_dags/example_python_operator.py took 0.047 seconds
[2023-11-16T00:28:21.281+0000] {processor.py:157} INFO - Started process (PID=2301) to work on /home/airflow/.local/lib/python3.8/site-packages/airflow/example_dags/example_python_operator.py
[2023-11-16T00:28:21.282+0000] {processor.py:829} INFO - Processing file /home/airflow/.local/lib/python3.8/site-packages/airflow/example_dags/example_python_operator.py for tasks to queue
[2023-11-16T00:28:21.284+0000] {logging_mixin.py:154} INFO - [2023-11-16T00:28:21.283+0000] {dagbag.py:536} INFO - Filling up the DagBag from /home/airflow/.local/lib/python3.8/site-packages/airflow/example_dags/example_python_operator.py
[2023-11-16T00:28:21.290+0000] {processor.py:839} INFO - DAG(s) dict_keys(['example_python_operator']) retrieved from /home/airflow/.local/lib/python3.8/site-packages/airflow/example_dags/example_python_operator.py
[2023-11-16T00:28:21.306+0000] {logging_mixin.py:154} INFO - [2023-11-16T00:28:21.306+0000] {dag.py:2941} INFO - Sync 1 DAGs
[2023-11-16T00:28:21.314+0000] {logging_mixin.py:154} INFO - [2023-11-16T00:28:21.314+0000] {dag.py:3722} INFO - Setting next_dagrun for example_python_operator to None, run_after=None
[2023-11-16T00:28:21.328+0000] {processor.py:179} INFO - Processing /home/airflow/.local/lib/python3.8/site-packages/airflow/example_dags/example_python_operator.py took 0.049 seconds
[2023-11-16T00:28:51.436+0000] {processor.py:157} INFO - Started process (PID=2358) to work on /home/airflow/.local/lib/python3.8/site-packages/airflow/example_dags/example_python_operator.py
[2023-11-16T00:28:51.437+0000] {processor.py:829} INFO - Processing file /home/airflow/.local/lib/python3.8/site-packages/airflow/example_dags/example_python_operator.py for tasks to queue
[2023-11-16T00:28:51.439+0000] {logging_mixin.py:154} INFO - [2023-11-16T00:28:51.439+0000] {dagbag.py:536} INFO - Filling up the DagBag from /home/airflow/.local/lib/python3.8/site-packages/airflow/example_dags/example_python_operator.py
[2023-11-16T00:28:51.446+0000] {processor.py:839} INFO - DAG(s) dict_keys(['example_python_operator']) retrieved from /home/airflow/.local/lib/python3.8/site-packages/airflow/example_dags/example_python_operator.py
[2023-11-16T00:28:51.462+0000] {logging_mixin.py:154} INFO - [2023-11-16T00:28:51.462+0000] {dag.py:2941} INFO - Sync 1 DAGs
[2023-11-16T00:28:51.470+0000] {logging_mixin.py:154} INFO - [2023-11-16T00:28:51.470+0000] {dag.py:3722} INFO - Setting next_dagrun for example_python_operator to None, run_after=None
[2023-11-16T00:28:51.482+0000] {processor.py:179} INFO - Processing /home/airflow/.local/lib/python3.8/site-packages/airflow/example_dags/example_python_operator.py took 0.048 seconds
[2023-11-16T00:29:21.748+0000] {processor.py:157} INFO - Started process (PID=2415) to work on /home/airflow/.local/lib/python3.8/site-packages/airflow/example_dags/example_python_operator.py
[2023-11-16T00:29:21.749+0000] {processor.py:829} INFO - Processing file /home/airflow/.local/lib/python3.8/site-packages/airflow/example_dags/example_python_operator.py for tasks to queue
[2023-11-16T00:29:21.750+0000] {logging_mixin.py:154} INFO - [2023-11-16T00:29:21.750+0000] {dagbag.py:536} INFO - Filling up the DagBag from /home/airflow/.local/lib/python3.8/site-packages/airflow/example_dags/example_python_operator.py
[2023-11-16T00:29:21.757+0000] {processor.py:839} INFO - DAG(s) dict_keys(['example_python_operator']) retrieved from /home/airflow/.local/lib/python3.8/site-packages/airflow/example_dags/example_python_operator.py
[2023-11-16T00:29:21.773+0000] {logging_mixin.py:154} INFO - [2023-11-16T00:29:21.772+0000] {dag.py:2941} INFO - Sync 1 DAGs
[2023-11-16T00:29:21.780+0000] {logging_mixin.py:154} INFO - [2023-11-16T00:29:21.780+0000] {dag.py:3722} INFO - Setting next_dagrun for example_python_operator to None, run_after=None
[2023-11-16T00:29:21.792+0000] {processor.py:179} INFO - Processing /home/airflow/.local/lib/python3.8/site-packages/airflow/example_dags/example_python_operator.py took 0.046 seconds
[2023-11-16T00:29:51.934+0000] {processor.py:157} INFO - Started process (PID=2472) to work on /home/airflow/.local/lib/python3.8/site-packages/airflow/example_dags/example_python_operator.py
[2023-11-16T00:29:51.935+0000] {processor.py:829} INFO - Processing file /home/airflow/.local/lib/python3.8/site-packages/airflow/example_dags/example_python_operator.py for tasks to queue
[2023-11-16T00:29:51.936+0000] {logging_mixin.py:154} INFO - [2023-11-16T00:29:51.936+0000] {dagbag.py:536} INFO - Filling up the DagBag from /home/airflow/.local/lib/python3.8/site-packages/airflow/example_dags/example_python_operator.py
[2023-11-16T00:29:51.943+0000] {processor.py:839} INFO - DAG(s) dict_keys(['example_python_operator']) retrieved from /home/airflow/.local/lib/python3.8/site-packages/airflow/example_dags/example_python_operator.py
[2023-11-16T00:29:51.958+0000] {logging_mixin.py:154} INFO - [2023-11-16T00:29:51.958+0000] {dag.py:2941} INFO - Sync 1 DAGs
[2023-11-16T00:29:51.966+0000] {logging_mixin.py:154} INFO - [2023-11-16T00:29:51.966+0000] {dag.py:3722} INFO - Setting next_dagrun for example_python_operator to None, run_after=None
[2023-11-16T00:29:51.978+0000] {processor.py:179} INFO - Processing /home/airflow/.local/lib/python3.8/site-packages/airflow/example_dags/example_python_operator.py took 0.047 seconds
[2023-11-16T00:30:22.064+0000] {processor.py:157} INFO - Started process (PID=2530) to work on /home/airflow/.local/lib/python3.8/site-packages/airflow/example_dags/example_python_operator.py
[2023-11-16T00:30:22.065+0000] {processor.py:829} INFO - Processing file /home/airflow/.local/lib/python3.8/site-packages/airflow/example_dags/example_python_operator.py for tasks to queue
[2023-11-16T00:30:22.067+0000] {logging_mixin.py:154} INFO - [2023-11-16T00:30:22.067+0000] {dagbag.py:536} INFO - Filling up the DagBag from /home/airflow/.local/lib/python3.8/site-packages/airflow/example_dags/example_python_operator.py
[2023-11-16T00:30:22.073+0000] {processor.py:839} INFO - DAG(s) dict_keys(['example_python_operator']) retrieved from /home/airflow/.local/lib/python3.8/site-packages/airflow/example_dags/example_python_operator.py
[2023-11-16T00:30:22.088+0000] {logging_mixin.py:154} INFO - [2023-11-16T00:30:22.088+0000] {dag.py:2941} INFO - Sync 1 DAGs
[2023-11-16T00:30:22.096+0000] {logging_mixin.py:154} INFO - [2023-11-16T00:30:22.096+0000] {dag.py:3722} INFO - Setting next_dagrun for example_python_operator to None, run_after=None
[2023-11-16T00:30:22.109+0000] {processor.py:179} INFO - Processing /home/airflow/.local/lib/python3.8/site-packages/airflow/example_dags/example_python_operator.py took 0.046 seconds
[2023-11-16T00:30:52.264+0000] {processor.py:157} INFO - Started process (PID=2588) to work on /home/airflow/.local/lib/python3.8/site-packages/airflow/example_dags/example_python_operator.py
[2023-11-16T00:30:52.265+0000] {processor.py:829} INFO - Processing file /home/airflow/.local/lib/python3.8/site-packages/airflow/example_dags/example_python_operator.py for tasks to queue
[2023-11-16T00:30:52.267+0000] {logging_mixin.py:154} INFO - [2023-11-16T00:30:52.267+0000] {dagbag.py:536} INFO - Filling up the DagBag from /home/airflow/.local/lib/python3.8/site-packages/airflow/example_dags/example_python_operator.py
[2023-11-16T00:30:52.273+0000] {processor.py:839} INFO - DAG(s) dict_keys(['example_python_operator']) retrieved from /home/airflow/.local/lib/python3.8/site-packages/airflow/example_dags/example_python_operator.py
[2023-11-16T00:30:52.288+0000] {logging_mixin.py:154} INFO - [2023-11-16T00:30:52.287+0000] {dag.py:2941} INFO - Sync 1 DAGs
[2023-11-16T00:30:52.296+0000] {logging_mixin.py:154} INFO - [2023-11-16T00:30:52.295+0000] {dag.py:3722} INFO - Setting next_dagrun for example_python_operator to None, run_after=None
[2023-11-16T00:30:52.308+0000] {processor.py:179} INFO - Processing /home/airflow/.local/lib/python3.8/site-packages/airflow/example_dags/example_python_operator.py took 0.046 seconds
[2023-11-16T00:31:23.307+0000] {processor.py:157} INFO - Started process (PID=2645) to work on /home/airflow/.local/lib/python3.8/site-packages/airflow/example_dags/example_python_operator.py
[2023-11-16T00:31:23.308+0000] {processor.py:829} INFO - Processing file /home/airflow/.local/lib/python3.8/site-packages/airflow/example_dags/example_python_operator.py for tasks to queue
[2023-11-16T00:31:23.310+0000] {logging_mixin.py:154} INFO - [2023-11-16T00:31:23.310+0000] {dagbag.py:536} INFO - Filling up the DagBag from /home/airflow/.local/lib/python3.8/site-packages/airflow/example_dags/example_python_operator.py
[2023-11-16T00:31:23.316+0000] {processor.py:839} INFO - DAG(s) dict_keys(['example_python_operator']) retrieved from /home/airflow/.local/lib/python3.8/site-packages/airflow/example_dags/example_python_operator.py
[2023-11-16T00:31:23.331+0000] {logging_mixin.py:154} INFO - [2023-11-16T00:31:23.331+0000] {dag.py:2941} INFO - Sync 1 DAGs
[2023-11-16T00:31:23.340+0000] {logging_mixin.py:154} INFO - [2023-11-16T00:31:23.340+0000] {dag.py:3722} INFO - Setting next_dagrun for example_python_operator to None, run_after=None
[2023-11-16T00:31:23.353+0000] {processor.py:179} INFO - Processing /home/airflow/.local/lib/python3.8/site-packages/airflow/example_dags/example_python_operator.py took 0.049 seconds
[2023-11-16T00:31:53.571+0000] {processor.py:157} INFO - Started process (PID=2702) to work on /home/airflow/.local/lib/python3.8/site-packages/airflow/example_dags/example_python_operator.py
[2023-11-16T00:31:53.572+0000] {processor.py:829} INFO - Processing file /home/airflow/.local/lib/python3.8/site-packages/airflow/example_dags/example_python_operator.py for tasks to queue
[2023-11-16T00:31:53.573+0000] {logging_mixin.py:154} INFO - [2023-11-16T00:31:53.573+0000] {dagbag.py:536} INFO - Filling up the DagBag from /home/airflow/.local/lib/python3.8/site-packages/airflow/example_dags/example_python_operator.py
[2023-11-16T00:31:53.580+0000] {processor.py:839} INFO - DAG(s) dict_keys(['example_python_operator']) retrieved from /home/airflow/.local/lib/python3.8/site-packages/airflow/example_dags/example_python_operator.py
[2023-11-16T00:31:53.595+0000] {logging_mixin.py:154} INFO - [2023-11-16T00:31:53.595+0000] {dag.py:2941} INFO - Sync 1 DAGs
[2023-11-16T00:31:53.603+0000] {logging_mixin.py:154} INFO - [2023-11-16T00:31:53.603+0000] {dag.py:3722} INFO - Setting next_dagrun for example_python_operator to None, run_after=None
[2023-11-16T00:31:53.615+0000] {processor.py:179} INFO - Processing /home/airflow/.local/lib/python3.8/site-packages/airflow/example_dags/example_python_operator.py took 0.046 seconds
[2023-11-16T00:32:23.821+0000] {processor.py:157} INFO - Started process (PID=2759) to work on /home/airflow/.local/lib/python3.8/site-packages/airflow/example_dags/example_python_operator.py
[2023-11-16T00:32:23.822+0000] {processor.py:829} INFO - Processing file /home/airflow/.local/lib/python3.8/site-packages/airflow/example_dags/example_python_operator.py for tasks to queue
[2023-11-16T00:32:23.823+0000] {logging_mixin.py:154} INFO - [2023-11-16T00:32:23.823+0000] {dagbag.py:536} INFO - Filling up the DagBag from /home/airflow/.local/lib/python3.8/site-packages/airflow/example_dags/example_python_operator.py
[2023-11-16T00:32:23.830+0000] {processor.py:839} INFO - DAG(s) dict_keys(['example_python_operator']) retrieved from /home/airflow/.local/lib/python3.8/site-packages/airflow/example_dags/example_python_operator.py
[2023-11-16T00:32:23.845+0000] {logging_mixin.py:154} INFO - [2023-11-16T00:32:23.845+0000] {dag.py:2941} INFO - Sync 1 DAGs
[2023-11-16T00:32:23.853+0000] {logging_mixin.py:154} INFO - [2023-11-16T00:32:23.853+0000] {dag.py:3722} INFO - Setting next_dagrun for example_python_operator to None, run_after=None
[2023-11-16T00:32:23.865+0000] {processor.py:179} INFO - Processing /home/airflow/.local/lib/python3.8/site-packages/airflow/example_dags/example_python_operator.py took 0.047 seconds
[2023-11-16T00:32:53.923+0000] {processor.py:157} INFO - Started process (PID=2815) to work on /home/airflow/.local/lib/python3.8/site-packages/airflow/example_dags/example_python_operator.py
[2023-11-16T00:32:53.924+0000] {processor.py:829} INFO - Processing file /home/airflow/.local/lib/python3.8/site-packages/airflow/example_dags/example_python_operator.py for tasks to queue
[2023-11-16T00:32:53.926+0000] {logging_mixin.py:154} INFO - [2023-11-16T00:32:53.926+0000] {dagbag.py:536} INFO - Filling up the DagBag from /home/airflow/.local/lib/python3.8/site-packages/airflow/example_dags/example_python_operator.py
[2023-11-16T00:32:53.932+0000] {processor.py:839} INFO - DAG(s) dict_keys(['example_python_operator']) retrieved from /home/airflow/.local/lib/python3.8/site-packages/airflow/example_dags/example_python_operator.py
[2023-11-16T00:32:53.949+0000] {logging_mixin.py:154} INFO - [2023-11-16T00:32:53.949+0000] {dag.py:2941} INFO - Sync 1 DAGs
[2023-11-16T00:32:53.958+0000] {logging_mixin.py:154} INFO - [2023-11-16T00:32:53.958+0000] {dag.py:3722} INFO - Setting next_dagrun for example_python_operator to None, run_after=None
[2023-11-16T00:32:53.971+0000] {processor.py:179} INFO - Processing /home/airflow/.local/lib/python3.8/site-packages/airflow/example_dags/example_python_operator.py took 0.050 seconds
[2023-11-16T00:33:24.164+0000] {processor.py:157} INFO - Started process (PID=2872) to work on /home/airflow/.local/lib/python3.8/site-packages/airflow/example_dags/example_python_operator.py
[2023-11-16T00:33:24.165+0000] {processor.py:829} INFO - Processing file /home/airflow/.local/lib/python3.8/site-packages/airflow/example_dags/example_python_operator.py for tasks to queue
[2023-11-16T00:33:24.167+0000] {logging_mixin.py:154} INFO - [2023-11-16T00:33:24.167+0000] {dagbag.py:536} INFO - Filling up the DagBag from /home/airflow/.local/lib/python3.8/site-packages/airflow/example_dags/example_python_operator.py
[2023-11-16T00:33:24.173+0000] {processor.py:839} INFO - DAG(s) dict_keys(['example_python_operator']) retrieved from /home/airflow/.local/lib/python3.8/site-packages/airflow/example_dags/example_python_operator.py
[2023-11-16T00:33:24.191+0000] {logging_mixin.py:154} INFO - [2023-11-16T00:33:24.190+0000] {dag.py:2941} INFO - Sync 1 DAGs
[2023-11-16T00:33:24.199+0000] {logging_mixin.py:154} INFO - [2023-11-16T00:33:24.199+0000] {dag.py:3722} INFO - Setting next_dagrun for example_python_operator to None, run_after=None
[2023-11-16T00:33:24.211+0000] {processor.py:179} INFO - Processing /home/airflow/.local/lib/python3.8/site-packages/airflow/example_dags/example_python_operator.py took 0.050 seconds
[2023-11-16T00:33:54.472+0000] {processor.py:157} INFO - Started process (PID=2935) to work on /home/airflow/.local/lib/python3.8/site-packages/airflow/example_dags/example_python_operator.py
[2023-11-16T00:33:54.473+0000] {processor.py:829} INFO - Processing file /home/airflow/.local/lib/python3.8/site-packages/airflow/example_dags/example_python_operator.py for tasks to queue
[2023-11-16T00:33:54.475+0000] {logging_mixin.py:154} INFO - [2023-11-16T00:33:54.475+0000] {dagbag.py:536} INFO - Filling up the DagBag from /home/airflow/.local/lib/python3.8/site-packages/airflow/example_dags/example_python_operator.py
[2023-11-16T00:33:54.482+0000] {processor.py:839} INFO - DAG(s) dict_keys(['example_python_operator']) retrieved from /home/airflow/.local/lib/python3.8/site-packages/airflow/example_dags/example_python_operator.py
[2023-11-16T00:33:54.498+0000] {logging_mixin.py:154} INFO - [2023-11-16T00:33:54.498+0000] {dag.py:2941} INFO - Sync 1 DAGs
[2023-11-16T00:33:54.507+0000] {logging_mixin.py:154} INFO - [2023-11-16T00:33:54.507+0000] {dag.py:3722} INFO - Setting next_dagrun for example_python_operator to None, run_after=None
[2023-11-16T00:33:54.521+0000] {processor.py:179} INFO - Processing /home/airflow/.local/lib/python3.8/site-packages/airflow/example_dags/example_python_operator.py took 0.051 seconds
[2023-11-16T00:34:24.700+0000] {processor.py:157} INFO - Started process (PID=2993) to work on /home/airflow/.local/lib/python3.8/site-packages/airflow/example_dags/example_python_operator.py
[2023-11-16T00:34:24.701+0000] {processor.py:829} INFO - Processing file /home/airflow/.local/lib/python3.8/site-packages/airflow/example_dags/example_python_operator.py for tasks to queue
[2023-11-16T00:34:24.703+0000] {logging_mixin.py:154} INFO - [2023-11-16T00:34:24.703+0000] {dagbag.py:536} INFO - Filling up the DagBag from /home/airflow/.local/lib/python3.8/site-packages/airflow/example_dags/example_python_operator.py
[2023-11-16T00:34:24.709+0000] {processor.py:839} INFO - DAG(s) dict_keys(['example_python_operator']) retrieved from /home/airflow/.local/lib/python3.8/site-packages/airflow/example_dags/example_python_operator.py
[2023-11-16T00:34:24.724+0000] {logging_mixin.py:154} INFO - [2023-11-16T00:34:24.724+0000] {dag.py:2941} INFO - Sync 1 DAGs
[2023-11-16T00:34:24.732+0000] {logging_mixin.py:154} INFO - [2023-11-16T00:34:24.732+0000] {dag.py:3722} INFO - Setting next_dagrun for example_python_operator to None, run_after=None
[2023-11-16T00:34:24.745+0000] {processor.py:179} INFO - Processing /home/airflow/.local/lib/python3.8/site-packages/airflow/example_dags/example_python_operator.py took 0.047 seconds
[2023-11-16T00:34:55.031+0000] {processor.py:157} INFO - Started process (PID=3050) to work on /home/airflow/.local/lib/python3.8/site-packages/airflow/example_dags/example_python_operator.py
[2023-11-16T00:34:55.032+0000] {processor.py:829} INFO - Processing file /home/airflow/.local/lib/python3.8/site-packages/airflow/example_dags/example_python_operator.py for tasks to queue
[2023-11-16T00:34:55.034+0000] {logging_mixin.py:154} INFO - [2023-11-16T00:34:55.034+0000] {dagbag.py:536} INFO - Filling up the DagBag from /home/airflow/.local/lib/python3.8/site-packages/airflow/example_dags/example_python_operator.py
[2023-11-16T00:34:55.041+0000] {processor.py:839} INFO - DAG(s) dict_keys(['example_python_operator']) retrieved from /home/airflow/.local/lib/python3.8/site-packages/airflow/example_dags/example_python_operator.py
[2023-11-16T00:34:55.061+0000] {logging_mixin.py:154} INFO - [2023-11-16T00:34:55.061+0000] {dag.py:2941} INFO - Sync 1 DAGs
[2023-11-16T00:34:55.070+0000] {logging_mixin.py:154} INFO - [2023-11-16T00:34:55.070+0000] {dag.py:3722} INFO - Setting next_dagrun for example_python_operator to None, run_after=None
[2023-11-16T00:34:55.082+0000] {processor.py:179} INFO - Processing /home/airflow/.local/lib/python3.8/site-packages/airflow/example_dags/example_python_operator.py took 0.053 seconds
[2023-11-16T00:35:26.110+0000] {processor.py:157} INFO - Started process (PID=3107) to work on /home/airflow/.local/lib/python3.8/site-packages/airflow/example_dags/example_python_operator.py
[2023-11-16T00:35:26.111+0000] {processor.py:829} INFO - Processing file /home/airflow/.local/lib/python3.8/site-packages/airflow/example_dags/example_python_operator.py for tasks to queue
[2023-11-16T00:35:26.112+0000] {logging_mixin.py:154} INFO - [2023-11-16T00:35:26.112+0000] {dagbag.py:536} INFO - Filling up the DagBag from /home/airflow/.local/lib/python3.8/site-packages/airflow/example_dags/example_python_operator.py
[2023-11-16T00:35:26.119+0000] {processor.py:839} INFO - DAG(s) dict_keys(['example_python_operator']) retrieved from /home/airflow/.local/lib/python3.8/site-packages/airflow/example_dags/example_python_operator.py
[2023-11-16T00:35:26.133+0000] {logging_mixin.py:154} INFO - [2023-11-16T00:35:26.133+0000] {dag.py:2941} INFO - Sync 1 DAGs
[2023-11-16T00:35:26.142+0000] {logging_mixin.py:154} INFO - [2023-11-16T00:35:26.142+0000] {dag.py:3722} INFO - Setting next_dagrun for example_python_operator to None, run_after=None
[2023-11-16T00:35:26.154+0000] {processor.py:179} INFO - Processing /home/airflow/.local/lib/python3.8/site-packages/airflow/example_dags/example_python_operator.py took 0.046 seconds
[2023-11-16T00:35:56.399+0000] {processor.py:157} INFO - Started process (PID=3165) to work on /home/airflow/.local/lib/python3.8/site-packages/airflow/example_dags/example_python_operator.py
[2023-11-16T00:35:56.399+0000] {processor.py:829} INFO - Processing file /home/airflow/.local/lib/python3.8/site-packages/airflow/example_dags/example_python_operator.py for tasks to queue
[2023-11-16T00:35:56.401+0000] {logging_mixin.py:154} INFO - [2023-11-16T00:35:56.401+0000] {dagbag.py:536} INFO - Filling up the DagBag from /home/airflow/.local/lib/python3.8/site-packages/airflow/example_dags/example_python_operator.py
[2023-11-16T00:35:56.408+0000] {processor.py:839} INFO - DAG(s) dict_keys(['example_python_operator']) retrieved from /home/airflow/.local/lib/python3.8/site-packages/airflow/example_dags/example_python_operator.py
[2023-11-16T00:35:56.423+0000] {logging_mixin.py:154} INFO - [2023-11-16T00:35:56.423+0000] {dag.py:2941} INFO - Sync 1 DAGs
[2023-11-16T00:35:56.430+0000] {logging_mixin.py:154} INFO - [2023-11-16T00:35:56.430+0000] {dag.py:3722} INFO - Setting next_dagrun for example_python_operator to None, run_after=None
[2023-11-16T00:35:56.442+0000] {processor.py:179} INFO - Processing /home/airflow/.local/lib/python3.8/site-packages/airflow/example_dags/example_python_operator.py took 0.046 seconds
[2023-11-16T00:36:26.495+0000] {processor.py:157} INFO - Started process (PID=3222) to work on /home/airflow/.local/lib/python3.8/site-packages/airflow/example_dags/example_python_operator.py
[2023-11-16T00:36:26.496+0000] {processor.py:829} INFO - Processing file /home/airflow/.local/lib/python3.8/site-packages/airflow/example_dags/example_python_operator.py for tasks to queue
[2023-11-16T00:36:26.497+0000] {logging_mixin.py:154} INFO - [2023-11-16T00:36:26.497+0000] {dagbag.py:536} INFO - Filling up the DagBag from /home/airflow/.local/lib/python3.8/site-packages/airflow/example_dags/example_python_operator.py
[2023-11-16T00:36:26.505+0000] {processor.py:839} INFO - DAG(s) dict_keys(['example_python_operator']) retrieved from /home/airflow/.local/lib/python3.8/site-packages/airflow/example_dags/example_python_operator.py
[2023-11-16T00:36:26.522+0000] {logging_mixin.py:154} INFO - [2023-11-16T00:36:26.522+0000] {dag.py:2941} INFO - Sync 1 DAGs
[2023-11-16T00:36:26.531+0000] {logging_mixin.py:154} INFO - [2023-11-16T00:36:26.531+0000] {dag.py:3722} INFO - Setting next_dagrun for example_python_operator to None, run_after=None
[2023-11-16T00:36:26.545+0000] {processor.py:179} INFO - Processing /home/airflow/.local/lib/python3.8/site-packages/airflow/example_dags/example_python_operator.py took 0.052 seconds
[2023-11-16T00:36:56.614+0000] {processor.py:157} INFO - Started process (PID=3278) to work on /home/airflow/.local/lib/python3.8/site-packages/airflow/example_dags/example_python_operator.py
[2023-11-16T00:36:56.615+0000] {processor.py:829} INFO - Processing file /home/airflow/.local/lib/python3.8/site-packages/airflow/example_dags/example_python_operator.py for tasks to queue
[2023-11-16T00:36:56.617+0000] {logging_mixin.py:154} INFO - [2023-11-16T00:36:56.616+0000] {dagbag.py:536} INFO - Filling up the DagBag from /home/airflow/.local/lib/python3.8/site-packages/airflow/example_dags/example_python_operator.py
[2023-11-16T00:36:56.624+0000] {processor.py:839} INFO - DAG(s) dict_keys(['example_python_operator']) retrieved from /home/airflow/.local/lib/python3.8/site-packages/airflow/example_dags/example_python_operator.py
[2023-11-16T00:36:56.642+0000] {logging_mixin.py:154} INFO - [2023-11-16T00:36:56.642+0000] {dag.py:2941} INFO - Sync 1 DAGs
[2023-11-16T00:36:56.650+0000] {logging_mixin.py:154} INFO - [2023-11-16T00:36:56.650+0000] {dag.py:3722} INFO - Setting next_dagrun for example_python_operator to None, run_after=None
[2023-11-16T00:36:56.664+0000] {processor.py:179} INFO - Processing /home/airflow/.local/lib/python3.8/site-packages/airflow/example_dags/example_python_operator.py took 0.053 seconds
[2023-11-16T00:37:26.964+0000] {processor.py:157} INFO - Started process (PID=3337) to work on /home/airflow/.local/lib/python3.8/site-packages/airflow/example_dags/example_python_operator.py
[2023-11-16T00:37:26.965+0000] {processor.py:829} INFO - Processing file /home/airflow/.local/lib/python3.8/site-packages/airflow/example_dags/example_python_operator.py for tasks to queue
[2023-11-16T00:37:26.966+0000] {logging_mixin.py:154} INFO - [2023-11-16T00:37:26.966+0000] {dagbag.py:536} INFO - Filling up the DagBag from /home/airflow/.local/lib/python3.8/site-packages/airflow/example_dags/example_python_operator.py
[2023-11-16T00:37:26.973+0000] {processor.py:839} INFO - DAG(s) dict_keys(['example_python_operator']) retrieved from /home/airflow/.local/lib/python3.8/site-packages/airflow/example_dags/example_python_operator.py
[2023-11-16T00:37:26.988+0000] {logging_mixin.py:154} INFO - [2023-11-16T00:37:26.987+0000] {dag.py:2941} INFO - Sync 1 DAGs
[2023-11-16T00:37:26.996+0000] {logging_mixin.py:154} INFO - [2023-11-16T00:37:26.995+0000] {dag.py:3722} INFO - Setting next_dagrun for example_python_operator to None, run_after=None
[2023-11-16T00:37:27.007+0000] {processor.py:179} INFO - Processing /home/airflow/.local/lib/python3.8/site-packages/airflow/example_dags/example_python_operator.py took 0.045 seconds
[2023-11-16T00:37:57.041+0000] {processor.py:157} INFO - Started process (PID=3393) to work on /home/airflow/.local/lib/python3.8/site-packages/airflow/example_dags/example_python_operator.py
[2023-11-16T00:37:57.042+0000] {processor.py:829} INFO - Processing file /home/airflow/.local/lib/python3.8/site-packages/airflow/example_dags/example_python_operator.py for tasks to queue
[2023-11-16T00:37:57.045+0000] {logging_mixin.py:154} INFO - [2023-11-16T00:37:57.044+0000] {dagbag.py:536} INFO - Filling up the DagBag from /home/airflow/.local/lib/python3.8/site-packages/airflow/example_dags/example_python_operator.py
[2023-11-16T00:37:57.057+0000] {processor.py:839} INFO - DAG(s) dict_keys(['example_python_operator']) retrieved from /home/airflow/.local/lib/python3.8/site-packages/airflow/example_dags/example_python_operator.py
[2023-11-16T00:37:57.075+0000] {logging_mixin.py:154} INFO - [2023-11-16T00:37:57.075+0000] {dag.py:2941} INFO - Sync 1 DAGs
[2023-11-16T00:37:57.083+0000] {logging_mixin.py:154} INFO - [2023-11-16T00:37:57.083+0000] {dag.py:3722} INFO - Setting next_dagrun for example_python_operator to None, run_after=None
[2023-11-16T00:37:57.096+0000] {processor.py:179} INFO - Processing /home/airflow/.local/lib/python3.8/site-packages/airflow/example_dags/example_python_operator.py took 0.057 seconds
[2023-11-16T00:38:27.474+0000] {processor.py:157} INFO - Started process (PID=3451) to work on /home/airflow/.local/lib/python3.8/site-packages/airflow/example_dags/example_python_operator.py
[2023-11-16T00:38:27.475+0000] {processor.py:829} INFO - Processing file /home/airflow/.local/lib/python3.8/site-packages/airflow/example_dags/example_python_operator.py for tasks to queue
[2023-11-16T00:38:27.477+0000] {logging_mixin.py:154} INFO - [2023-11-16T00:38:27.477+0000] {dagbag.py:536} INFO - Filling up the DagBag from /home/airflow/.local/lib/python3.8/site-packages/airflow/example_dags/example_python_operator.py
[2023-11-16T00:38:27.483+0000] {processor.py:839} INFO - DAG(s) dict_keys(['example_python_operator']) retrieved from /home/airflow/.local/lib/python3.8/site-packages/airflow/example_dags/example_python_operator.py
[2023-11-16T00:38:27.499+0000] {logging_mixin.py:154} INFO - [2023-11-16T00:38:27.499+0000] {dag.py:2941} INFO - Sync 1 DAGs
[2023-11-16T00:38:27.507+0000] {logging_mixin.py:154} INFO - [2023-11-16T00:38:27.507+0000] {dag.py:3722} INFO - Setting next_dagrun for example_python_operator to None, run_after=None
[2023-11-16T00:38:27.519+0000] {processor.py:179} INFO - Processing /home/airflow/.local/lib/python3.8/site-packages/airflow/example_dags/example_python_operator.py took 0.048 seconds
[2023-11-16T00:38:57.743+0000] {processor.py:157} INFO - Started process (PID=3509) to work on /home/airflow/.local/lib/python3.8/site-packages/airflow/example_dags/example_python_operator.py
[2023-11-16T00:38:57.744+0000] {processor.py:829} INFO - Processing file /home/airflow/.local/lib/python3.8/site-packages/airflow/example_dags/example_python_operator.py for tasks to queue
[2023-11-16T00:38:57.746+0000] {logging_mixin.py:154} INFO - [2023-11-16T00:38:57.745+0000] {dagbag.py:536} INFO - Filling up the DagBag from /home/airflow/.local/lib/python3.8/site-packages/airflow/example_dags/example_python_operator.py
[2023-11-16T00:38:57.752+0000] {processor.py:839} INFO - DAG(s) dict_keys(['example_python_operator']) retrieved from /home/airflow/.local/lib/python3.8/site-packages/airflow/example_dags/example_python_operator.py
[2023-11-16T00:38:57.766+0000] {logging_mixin.py:154} INFO - [2023-11-16T00:38:57.766+0000] {dag.py:2941} INFO - Sync 1 DAGs
[2023-11-16T00:38:57.774+0000] {logging_mixin.py:154} INFO - [2023-11-16T00:38:57.774+0000] {dag.py:3722} INFO - Setting next_dagrun for example_python_operator to None, run_after=None
[2023-11-16T00:38:57.787+0000] {processor.py:179} INFO - Processing /home/airflow/.local/lib/python3.8/site-packages/airflow/example_dags/example_python_operator.py took 0.046 seconds
[2023-11-16T00:39:28.061+0000] {processor.py:157} INFO - Started process (PID=3566) to work on /home/airflow/.local/lib/python3.8/site-packages/airflow/example_dags/example_python_operator.py
[2023-11-16T00:39:28.062+0000] {processor.py:829} INFO - Processing file /home/airflow/.local/lib/python3.8/site-packages/airflow/example_dags/example_python_operator.py for tasks to queue
[2023-11-16T00:39:28.063+0000] {logging_mixin.py:154} INFO - [2023-11-16T00:39:28.063+0000] {dagbag.py:536} INFO - Filling up the DagBag from /home/airflow/.local/lib/python3.8/site-packages/airflow/example_dags/example_python_operator.py
[2023-11-16T00:39:28.070+0000] {processor.py:839} INFO - DAG(s) dict_keys(['example_python_operator']) retrieved from /home/airflow/.local/lib/python3.8/site-packages/airflow/example_dags/example_python_operator.py
[2023-11-16T00:39:28.085+0000] {logging_mixin.py:154} INFO - [2023-11-16T00:39:28.085+0000] {dag.py:2941} INFO - Sync 1 DAGs
[2023-11-16T00:39:28.093+0000] {logging_mixin.py:154} INFO - [2023-11-16T00:39:28.093+0000] {dag.py:3722} INFO - Setting next_dagrun for example_python_operator to None, run_after=None
[2023-11-16T00:39:28.105+0000] {processor.py:179} INFO - Processing /home/airflow/.local/lib/python3.8/site-packages/airflow/example_dags/example_python_operator.py took 0.046 seconds
[2023-11-16T00:39:58.204+0000] {processor.py:157} INFO - Started process (PID=3623) to work on /home/airflow/.local/lib/python3.8/site-packages/airflow/example_dags/example_python_operator.py
[2023-11-16T00:39:58.204+0000] {processor.py:829} INFO - Processing file /home/airflow/.local/lib/python3.8/site-packages/airflow/example_dags/example_python_operator.py for tasks to queue
[2023-11-16T00:39:58.206+0000] {logging_mixin.py:154} INFO - [2023-11-16T00:39:58.206+0000] {dagbag.py:536} INFO - Filling up the DagBag from /home/airflow/.local/lib/python3.8/site-packages/airflow/example_dags/example_python_operator.py
[2023-11-16T00:39:58.212+0000] {processor.py:839} INFO - DAG(s) dict_keys(['example_python_operator']) retrieved from /home/airflow/.local/lib/python3.8/site-packages/airflow/example_dags/example_python_operator.py
[2023-11-16T00:39:58.226+0000] {logging_mixin.py:154} INFO - [2023-11-16T00:39:58.226+0000] {dag.py:2941} INFO - Sync 1 DAGs
[2023-11-16T00:39:58.234+0000] {logging_mixin.py:154} INFO - [2023-11-16T00:39:58.234+0000] {dag.py:3722} INFO - Setting next_dagrun for example_python_operator to None, run_after=None
[2023-11-16T00:39:58.246+0000] {processor.py:179} INFO - Processing /home/airflow/.local/lib/python3.8/site-packages/airflow/example_dags/example_python_operator.py took 0.044 seconds
[2023-11-16T00:40:28.395+0000] {processor.py:157} INFO - Started process (PID=3681) to work on /home/airflow/.local/lib/python3.8/site-packages/airflow/example_dags/example_python_operator.py
[2023-11-16T00:40:28.396+0000] {processor.py:829} INFO - Processing file /home/airflow/.local/lib/python3.8/site-packages/airflow/example_dags/example_python_operator.py for tasks to queue
[2023-11-16T00:40:28.398+0000] {logging_mixin.py:154} INFO - [2023-11-16T00:40:28.398+0000] {dagbag.py:536} INFO - Filling up the DagBag from /home/airflow/.local/lib/python3.8/site-packages/airflow/example_dags/example_python_operator.py
[2023-11-16T00:40:28.405+0000] {processor.py:839} INFO - DAG(s) dict_keys(['example_python_operator']) retrieved from /home/airflow/.local/lib/python3.8/site-packages/airflow/example_dags/example_python_operator.py
[2023-11-16T00:40:28.422+0000] {logging_mixin.py:154} INFO - [2023-11-16T00:40:28.422+0000] {dag.py:2941} INFO - Sync 1 DAGs
[2023-11-16T00:40:28.432+0000] {logging_mixin.py:154} INFO - [2023-11-16T00:40:28.431+0000] {dag.py:3722} INFO - Setting next_dagrun for example_python_operator to None, run_after=None
[2023-11-16T00:40:28.447+0000] {processor.py:179} INFO - Processing /home/airflow/.local/lib/python3.8/site-packages/airflow/example_dags/example_python_operator.py took 0.053 seconds
[2023-11-16T00:40:58.511+0000] {processor.py:157} INFO - Started process (PID=3737) to work on /home/airflow/.local/lib/python3.8/site-packages/airflow/example_dags/example_python_operator.py
[2023-11-16T00:40:58.512+0000] {processor.py:829} INFO - Processing file /home/airflow/.local/lib/python3.8/site-packages/airflow/example_dags/example_python_operator.py for tasks to queue
[2023-11-16T00:40:58.514+0000] {logging_mixin.py:154} INFO - [2023-11-16T00:40:58.513+0000] {dagbag.py:536} INFO - Filling up the DagBag from /home/airflow/.local/lib/python3.8/site-packages/airflow/example_dags/example_python_operator.py
[2023-11-16T00:40:58.520+0000] {processor.py:839} INFO - DAG(s) dict_keys(['example_python_operator']) retrieved from /home/airflow/.local/lib/python3.8/site-packages/airflow/example_dags/example_python_operator.py
[2023-11-16T00:40:58.535+0000] {logging_mixin.py:154} INFO - [2023-11-16T00:40:58.535+0000] {dag.py:2941} INFO - Sync 1 DAGs
[2023-11-16T00:40:58.544+0000] {logging_mixin.py:154} INFO - [2023-11-16T00:40:58.544+0000] {dag.py:3722} INFO - Setting next_dagrun for example_python_operator to None, run_after=None
[2023-11-16T00:40:58.555+0000] {processor.py:179} INFO - Processing /home/airflow/.local/lib/python3.8/site-packages/airflow/example_dags/example_python_operator.py took 0.046 seconds
[2023-11-16T00:41:28.594+0000] {processor.py:157} INFO - Started process (PID=3794) to work on /home/airflow/.local/lib/python3.8/site-packages/airflow/example_dags/example_python_operator.py
[2023-11-16T00:41:28.595+0000] {processor.py:829} INFO - Processing file /home/airflow/.local/lib/python3.8/site-packages/airflow/example_dags/example_python_operator.py for tasks to queue
[2023-11-16T00:41:28.597+0000] {logging_mixin.py:154} INFO - [2023-11-16T00:41:28.596+0000] {dagbag.py:536} INFO - Filling up the DagBag from /home/airflow/.local/lib/python3.8/site-packages/airflow/example_dags/example_python_operator.py
[2023-11-16T00:41:28.603+0000] {processor.py:839} INFO - DAG(s) dict_keys(['example_python_operator']) retrieved from /home/airflow/.local/lib/python3.8/site-packages/airflow/example_dags/example_python_operator.py
[2023-11-16T00:41:28.619+0000] {logging_mixin.py:154} INFO - [2023-11-16T00:41:28.619+0000] {dag.py:2941} INFO - Sync 1 DAGs
[2023-11-16T00:41:28.627+0000] {logging_mixin.py:154} INFO - [2023-11-16T00:41:28.627+0000] {dag.py:3722} INFO - Setting next_dagrun for example_python_operator to None, run_after=None
[2023-11-16T00:41:28.642+0000] {processor.py:179} INFO - Processing /home/airflow/.local/lib/python3.8/site-packages/airflow/example_dags/example_python_operator.py took 0.050 seconds
[2023-11-16T00:41:58.811+0000] {processor.py:157} INFO - Started process (PID=3851) to work on /home/airflow/.local/lib/python3.8/site-packages/airflow/example_dags/example_python_operator.py
[2023-11-16T00:41:58.812+0000] {processor.py:829} INFO - Processing file /home/airflow/.local/lib/python3.8/site-packages/airflow/example_dags/example_python_operator.py for tasks to queue
[2023-11-16T00:41:58.814+0000] {logging_mixin.py:154} INFO - [2023-11-16T00:41:58.814+0000] {dagbag.py:536} INFO - Filling up the DagBag from /home/airflow/.local/lib/python3.8/site-packages/airflow/example_dags/example_python_operator.py
[2023-11-16T00:41:58.821+0000] {processor.py:839} INFO - DAG(s) dict_keys(['example_python_operator']) retrieved from /home/airflow/.local/lib/python3.8/site-packages/airflow/example_dags/example_python_operator.py
[2023-11-16T00:41:58.835+0000] {logging_mixin.py:154} INFO - [2023-11-16T00:41:58.835+0000] {dag.py:2941} INFO - Sync 1 DAGs
[2023-11-16T00:41:58.843+0000] {logging_mixin.py:154} INFO - [2023-11-16T00:41:58.843+0000] {dag.py:3722} INFO - Setting next_dagrun for example_python_operator to None, run_after=None
[2023-11-16T00:41:58.857+0000] {processor.py:179} INFO - Processing /home/airflow/.local/lib/python3.8/site-packages/airflow/example_dags/example_python_operator.py took 0.048 seconds
[2023-11-16T00:42:29.090+0000] {processor.py:157} INFO - Started process (PID=3908) to work on /home/airflow/.local/lib/python3.8/site-packages/airflow/example_dags/example_python_operator.py
[2023-11-16T00:42:29.090+0000] {processor.py:829} INFO - Processing file /home/airflow/.local/lib/python3.8/site-packages/airflow/example_dags/example_python_operator.py for tasks to queue
[2023-11-16T00:42:29.092+0000] {logging_mixin.py:154} INFO - [2023-11-16T00:42:29.092+0000] {dagbag.py:536} INFO - Filling up the DagBag from /home/airflow/.local/lib/python3.8/site-packages/airflow/example_dags/example_python_operator.py
[2023-11-16T00:42:29.099+0000] {processor.py:839} INFO - DAG(s) dict_keys(['example_python_operator']) retrieved from /home/airflow/.local/lib/python3.8/site-packages/airflow/example_dags/example_python_operator.py
[2023-11-16T00:42:29.116+0000] {logging_mixin.py:154} INFO - [2023-11-16T00:42:29.115+0000] {dag.py:2941} INFO - Sync 1 DAGs
[2023-11-16T00:42:29.125+0000] {logging_mixin.py:154} INFO - [2023-11-16T00:42:29.125+0000] {dag.py:3722} INFO - Setting next_dagrun for example_python_operator to None, run_after=None
[2023-11-16T00:42:29.138+0000] {processor.py:179} INFO - Processing /home/airflow/.local/lib/python3.8/site-packages/airflow/example_dags/example_python_operator.py took 0.051 seconds
[2023-11-16T00:42:59.239+0000] {processor.py:157} INFO - Started process (PID=3965) to work on /home/airflow/.local/lib/python3.8/site-packages/airflow/example_dags/example_python_operator.py
[2023-11-16T00:42:59.240+0000] {processor.py:829} INFO - Processing file /home/airflow/.local/lib/python3.8/site-packages/airflow/example_dags/example_python_operator.py for tasks to queue
[2023-11-16T00:42:59.241+0000] {logging_mixin.py:154} INFO - [2023-11-16T00:42:59.241+0000] {dagbag.py:536} INFO - Filling up the DagBag from /home/airflow/.local/lib/python3.8/site-packages/airflow/example_dags/example_python_operator.py
[2023-11-16T00:42:59.248+0000] {processor.py:839} INFO - DAG(s) dict_keys(['example_python_operator']) retrieved from /home/airflow/.local/lib/python3.8/site-packages/airflow/example_dags/example_python_operator.py
[2023-11-16T00:42:59.264+0000] {logging_mixin.py:154} INFO - [2023-11-16T00:42:59.263+0000] {dag.py:2941} INFO - Sync 1 DAGs
[2023-11-16T00:42:59.272+0000] {logging_mixin.py:154} INFO - [2023-11-16T00:42:59.272+0000] {dag.py:3722} INFO - Setting next_dagrun for example_python_operator to None, run_after=None
[2023-11-16T00:42:59.285+0000] {processor.py:179} INFO - Processing /home/airflow/.local/lib/python3.8/site-packages/airflow/example_dags/example_python_operator.py took 0.048 seconds
[2023-11-16T00:43:29.665+0000] {processor.py:157} INFO - Started process (PID=4023) to work on /home/airflow/.local/lib/python3.8/site-packages/airflow/example_dags/example_python_operator.py
[2023-11-16T00:43:29.666+0000] {processor.py:829} INFO - Processing file /home/airflow/.local/lib/python3.8/site-packages/airflow/example_dags/example_python_operator.py for tasks to queue
[2023-11-16T00:43:29.668+0000] {logging_mixin.py:154} INFO - [2023-11-16T00:43:29.668+0000] {dagbag.py:536} INFO - Filling up the DagBag from /home/airflow/.local/lib/python3.8/site-packages/airflow/example_dags/example_python_operator.py
[2023-11-16T00:43:29.677+0000] {processor.py:839} INFO - DAG(s) dict_keys(['example_python_operator']) retrieved from /home/airflow/.local/lib/python3.8/site-packages/airflow/example_dags/example_python_operator.py
[2023-11-16T00:43:29.694+0000] {logging_mixin.py:154} INFO - [2023-11-16T00:43:29.694+0000] {dag.py:2941} INFO - Sync 1 DAGs
[2023-11-16T00:43:29.702+0000] {logging_mixin.py:154} INFO - [2023-11-16T00:43:29.702+0000] {dag.py:3722} INFO - Setting next_dagrun for example_python_operator to None, run_after=None
[2023-11-16T00:43:29.716+0000] {processor.py:179} INFO - Processing /home/airflow/.local/lib/python3.8/site-packages/airflow/example_dags/example_python_operator.py took 0.054 seconds
