[2023-11-16T00:06:23.027+0000] {processor.py:157} INFO - Started process (PID=65) to work on /home/airflow/.local/lib/python3.8/site-packages/airflow/example_dags/tutorial.py
[2023-11-16T00:06:23.028+0000] {processor.py:829} INFO - Processing file /home/airflow/.local/lib/python3.8/site-packages/airflow/example_dags/tutorial.py for tasks to queue
[2023-11-16T00:06:23.030+0000] {logging_mixin.py:154} INFO - [2023-11-16T00:06:23.029+0000] {dagbag.py:536} INFO - Filling up the DagBag from /home/airflow/.local/lib/python3.8/site-packages/airflow/example_dags/tutorial.py
[2023-11-16T00:06:23.036+0000] {processor.py:839} INFO - DAG(s) dict_keys(['tutorial']) retrieved from /home/airflow/.local/lib/python3.8/site-packages/airflow/example_dags/tutorial.py
[2023-11-16T00:06:23.044+0000] {logging_mixin.py:154} INFO - [2023-11-16T00:06:23.043+0000] {dag.py:2941} INFO - Sync 1 DAGs
[2023-11-16T00:06:23.060+0000] {logging_mixin.py:154} INFO - [2023-11-16T00:06:23.060+0000] {dag.py:3722} INFO - Setting next_dagrun for tutorial to 2023-11-15T00:06:23.060403+00:00, run_after=2023-11-16T00:06:23.060403+00:00
[2023-11-16T00:06:23.073+0000] {processor.py:179} INFO - Processing /home/airflow/.local/lib/python3.8/site-packages/airflow/example_dags/tutorial.py took 0.048 seconds
[2023-11-16T00:08:29.604+0000] {processor.py:157} INFO - Started process (PID=68) to work on /home/airflow/.local/lib/python3.8/site-packages/airflow/example_dags/tutorial.py
[2023-11-16T00:08:29.605+0000] {processor.py:829} INFO - Processing file /home/airflow/.local/lib/python3.8/site-packages/airflow/example_dags/tutorial.py for tasks to queue
[2023-11-16T00:08:29.608+0000] {logging_mixin.py:154} INFO - [2023-11-16T00:08:29.608+0000] {dagbag.py:536} INFO - Filling up the DagBag from /home/airflow/.local/lib/python3.8/site-packages/airflow/example_dags/tutorial.py
[2023-11-16T00:08:29.617+0000] {processor.py:839} INFO - DAG(s) dict_keys(['tutorial']) retrieved from /home/airflow/.local/lib/python3.8/site-packages/airflow/example_dags/tutorial.py
[2023-11-16T00:08:29.626+0000] {logging_mixin.py:154} INFO - [2023-11-16T00:08:29.626+0000] {dag.py:2941} INFO - Sync 1 DAGs
[2023-11-16T00:08:29.644+0000] {logging_mixin.py:154} INFO - [2023-11-16T00:08:29.644+0000] {dag.py:3722} INFO - Setting next_dagrun for tutorial to 2023-11-15T00:08:29.643845+00:00, run_after=2023-11-16T00:08:29.643845+00:00
[2023-11-16T00:08:29.658+0000] {processor.py:179} INFO - Processing /home/airflow/.local/lib/python3.8/site-packages/airflow/example_dags/tutorial.py took 0.057 seconds
[2023-11-16T00:09:00.709+0000] {processor.py:157} INFO - Started process (PID=126) to work on /home/airflow/.local/lib/python3.8/site-packages/airflow/example_dags/tutorial.py
[2023-11-16T00:09:00.710+0000] {processor.py:829} INFO - Processing file /home/airflow/.local/lib/python3.8/site-packages/airflow/example_dags/tutorial.py for tasks to queue
[2023-11-16T00:09:00.711+0000] {logging_mixin.py:154} INFO - [2023-11-16T00:09:00.711+0000] {dagbag.py:536} INFO - Filling up the DagBag from /home/airflow/.local/lib/python3.8/site-packages/airflow/example_dags/tutorial.py
[2023-11-16T00:09:00.715+0000] {processor.py:839} INFO - DAG(s) dict_keys(['tutorial']) retrieved from /home/airflow/.local/lib/python3.8/site-packages/airflow/example_dags/tutorial.py
[2023-11-16T00:09:00.728+0000] {logging_mixin.py:154} INFO - [2023-11-16T00:09:00.728+0000] {dag.py:2941} INFO - Sync 1 DAGs
[2023-11-16T00:09:00.742+0000] {logging_mixin.py:154} INFO - [2023-11-16T00:09:00.741+0000] {dag.py:3722} INFO - Setting next_dagrun for tutorial to 2023-11-15T00:09:00.741708+00:00, run_after=2023-11-16T00:09:00.741708+00:00
[2023-11-16T00:09:00.754+0000] {processor.py:179} INFO - Processing /home/airflow/.local/lib/python3.8/site-packages/airflow/example_dags/tutorial.py took 0.047 seconds
[2023-11-16T00:09:31.085+0000] {processor.py:157} INFO - Started process (PID=183) to work on /home/airflow/.local/lib/python3.8/site-packages/airflow/example_dags/tutorial.py
[2023-11-16T00:09:31.086+0000] {processor.py:829} INFO - Processing file /home/airflow/.local/lib/python3.8/site-packages/airflow/example_dags/tutorial.py for tasks to queue
[2023-11-16T00:09:31.087+0000] {logging_mixin.py:154} INFO - [2023-11-16T00:09:31.087+0000] {dagbag.py:536} INFO - Filling up the DagBag from /home/airflow/.local/lib/python3.8/site-packages/airflow/example_dags/tutorial.py
[2023-11-16T00:09:31.091+0000] {processor.py:839} INFO - DAG(s) dict_keys(['tutorial']) retrieved from /home/airflow/.local/lib/python3.8/site-packages/airflow/example_dags/tutorial.py
[2023-11-16T00:09:31.105+0000] {logging_mixin.py:154} INFO - [2023-11-16T00:09:31.104+0000] {dag.py:2941} INFO - Sync 1 DAGs
[2023-11-16T00:09:31.119+0000] {logging_mixin.py:154} INFO - [2023-11-16T00:09:31.119+0000] {dag.py:3722} INFO - Setting next_dagrun for tutorial to 2023-11-15T00:09:31.119025+00:00, run_after=2023-11-16T00:09:31.119025+00:00
[2023-11-16T00:09:31.131+0000] {processor.py:179} INFO - Processing /home/airflow/.local/lib/python3.8/site-packages/airflow/example_dags/tutorial.py took 0.048 seconds
[2023-11-16T00:10:01.299+0000] {processor.py:157} INFO - Started process (PID=240) to work on /home/airflow/.local/lib/python3.8/site-packages/airflow/example_dags/tutorial.py
[2023-11-16T00:10:01.300+0000] {processor.py:829} INFO - Processing file /home/airflow/.local/lib/python3.8/site-packages/airflow/example_dags/tutorial.py for tasks to queue
[2023-11-16T00:10:01.302+0000] {logging_mixin.py:154} INFO - [2023-11-16T00:10:01.301+0000] {dagbag.py:536} INFO - Filling up the DagBag from /home/airflow/.local/lib/python3.8/site-packages/airflow/example_dags/tutorial.py
[2023-11-16T00:10:01.306+0000] {processor.py:839} INFO - DAG(s) dict_keys(['tutorial']) retrieved from /home/airflow/.local/lib/python3.8/site-packages/airflow/example_dags/tutorial.py
[2023-11-16T00:10:01.319+0000] {logging_mixin.py:154} INFO - [2023-11-16T00:10:01.319+0000] {dag.py:2941} INFO - Sync 1 DAGs
[2023-11-16T00:10:01.334+0000] {logging_mixin.py:154} INFO - [2023-11-16T00:10:01.333+0000] {dag.py:3722} INFO - Setting next_dagrun for tutorial to 2023-11-15T00:10:01.333832+00:00, run_after=2023-11-16T00:10:01.333832+00:00
[2023-11-16T00:10:01.346+0000] {processor.py:179} INFO - Processing /home/airflow/.local/lib/python3.8/site-packages/airflow/example_dags/tutorial.py took 0.049 seconds
[2023-11-16T00:10:32.188+0000] {processor.py:157} INFO - Started process (PID=297) to work on /home/airflow/.local/lib/python3.8/site-packages/airflow/example_dags/tutorial.py
[2023-11-16T00:10:32.189+0000] {processor.py:829} INFO - Processing file /home/airflow/.local/lib/python3.8/site-packages/airflow/example_dags/tutorial.py for tasks to queue
[2023-11-16T00:10:32.191+0000] {logging_mixin.py:154} INFO - [2023-11-16T00:10:32.191+0000] {dagbag.py:536} INFO - Filling up the DagBag from /home/airflow/.local/lib/python3.8/site-packages/airflow/example_dags/tutorial.py
[2023-11-16T00:10:32.195+0000] {processor.py:839} INFO - DAG(s) dict_keys(['tutorial']) retrieved from /home/airflow/.local/lib/python3.8/site-packages/airflow/example_dags/tutorial.py
[2023-11-16T00:10:32.208+0000] {logging_mixin.py:154} INFO - [2023-11-16T00:10:32.208+0000] {dag.py:2941} INFO - Sync 1 DAGs
[2023-11-16T00:10:32.221+0000] {logging_mixin.py:154} INFO - [2023-11-16T00:10:32.221+0000] {dag.py:3722} INFO - Setting next_dagrun for tutorial to 2023-11-15T00:10:32.221481+00:00, run_after=2023-11-16T00:10:32.221481+00:00
[2023-11-16T00:10:32.233+0000] {processor.py:179} INFO - Processing /home/airflow/.local/lib/python3.8/site-packages/airflow/example_dags/tutorial.py took 0.047 seconds
[2023-11-16T00:11:02.516+0000] {processor.py:157} INFO - Started process (PID=354) to work on /home/airflow/.local/lib/python3.8/site-packages/airflow/example_dags/tutorial.py
[2023-11-16T00:11:02.517+0000] {processor.py:829} INFO - Processing file /home/airflow/.local/lib/python3.8/site-packages/airflow/example_dags/tutorial.py for tasks to queue
[2023-11-16T00:11:02.518+0000] {logging_mixin.py:154} INFO - [2023-11-16T00:11:02.518+0000] {dagbag.py:536} INFO - Filling up the DagBag from /home/airflow/.local/lib/python3.8/site-packages/airflow/example_dags/tutorial.py
[2023-11-16T00:11:02.522+0000] {processor.py:839} INFO - DAG(s) dict_keys(['tutorial']) retrieved from /home/airflow/.local/lib/python3.8/site-packages/airflow/example_dags/tutorial.py
[2023-11-16T00:11:02.535+0000] {logging_mixin.py:154} INFO - [2023-11-16T00:11:02.535+0000] {dag.py:2941} INFO - Sync 1 DAGs
[2023-11-16T00:11:02.549+0000] {logging_mixin.py:154} INFO - [2023-11-16T00:11:02.549+0000] {dag.py:3722} INFO - Setting next_dagrun for tutorial to 2023-11-15T00:11:02.549635+00:00, run_after=2023-11-16T00:11:02.549635+00:00
[2023-11-16T00:11:02.561+0000] {processor.py:179} INFO - Processing /home/airflow/.local/lib/python3.8/site-packages/airflow/example_dags/tutorial.py took 0.048 seconds
[2023-11-16T00:11:33.614+0000] {processor.py:157} INFO - Started process (PID=411) to work on /home/airflow/.local/lib/python3.8/site-packages/airflow/example_dags/tutorial.py
[2023-11-16T00:11:33.615+0000] {processor.py:829} INFO - Processing file /home/airflow/.local/lib/python3.8/site-packages/airflow/example_dags/tutorial.py for tasks to queue
[2023-11-16T00:11:33.617+0000] {logging_mixin.py:154} INFO - [2023-11-16T00:11:33.616+0000] {dagbag.py:536} INFO - Filling up the DagBag from /home/airflow/.local/lib/python3.8/site-packages/airflow/example_dags/tutorial.py
[2023-11-16T00:11:33.621+0000] {processor.py:839} INFO - DAG(s) dict_keys(['tutorial']) retrieved from /home/airflow/.local/lib/python3.8/site-packages/airflow/example_dags/tutorial.py
[2023-11-16T00:11:33.634+0000] {logging_mixin.py:154} INFO - [2023-11-16T00:11:33.634+0000] {dag.py:2941} INFO - Sync 1 DAGs
[2023-11-16T00:11:33.648+0000] {logging_mixin.py:154} INFO - [2023-11-16T00:11:33.648+0000] {dag.py:3722} INFO - Setting next_dagrun for tutorial to 2023-11-15T00:11:33.648161+00:00, run_after=2023-11-16T00:11:33.648161+00:00
[2023-11-16T00:11:33.660+0000] {processor.py:179} INFO - Processing /home/airflow/.local/lib/python3.8/site-packages/airflow/example_dags/tutorial.py took 0.048 seconds
[2023-11-16T00:12:04.655+0000] {processor.py:157} INFO - Started process (PID=468) to work on /home/airflow/.local/lib/python3.8/site-packages/airflow/example_dags/tutorial.py
[2023-11-16T00:12:04.656+0000] {processor.py:829} INFO - Processing file /home/airflow/.local/lib/python3.8/site-packages/airflow/example_dags/tutorial.py for tasks to queue
[2023-11-16T00:12:04.658+0000] {logging_mixin.py:154} INFO - [2023-11-16T00:12:04.658+0000] {dagbag.py:536} INFO - Filling up the DagBag from /home/airflow/.local/lib/python3.8/site-packages/airflow/example_dags/tutorial.py
[2023-11-16T00:12:04.662+0000] {processor.py:839} INFO - DAG(s) dict_keys(['tutorial']) retrieved from /home/airflow/.local/lib/python3.8/site-packages/airflow/example_dags/tutorial.py
[2023-11-16T00:12:04.675+0000] {logging_mixin.py:154} INFO - [2023-11-16T00:12:04.675+0000] {dag.py:2941} INFO - Sync 1 DAGs
[2023-11-16T00:12:04.690+0000] {logging_mixin.py:154} INFO - [2023-11-16T00:12:04.689+0000] {dag.py:3722} INFO - Setting next_dagrun for tutorial to 2023-11-15T00:12:04.689695+00:00, run_after=2023-11-16T00:12:04.689695+00:00
[2023-11-16T00:12:04.702+0000] {processor.py:179} INFO - Processing /home/airflow/.local/lib/python3.8/site-packages/airflow/example_dags/tutorial.py took 0.048 seconds
[2023-11-16T00:12:34.927+0000] {processor.py:157} INFO - Started process (PID=526) to work on /home/airflow/.local/lib/python3.8/site-packages/airflow/example_dags/tutorial.py
[2023-11-16T00:12:34.928+0000] {processor.py:829} INFO - Processing file /home/airflow/.local/lib/python3.8/site-packages/airflow/example_dags/tutorial.py for tasks to queue
[2023-11-16T00:12:34.930+0000] {logging_mixin.py:154} INFO - [2023-11-16T00:12:34.929+0000] {dagbag.py:536} INFO - Filling up the DagBag from /home/airflow/.local/lib/python3.8/site-packages/airflow/example_dags/tutorial.py
[2023-11-16T00:12:34.934+0000] {processor.py:839} INFO - DAG(s) dict_keys(['tutorial']) retrieved from /home/airflow/.local/lib/python3.8/site-packages/airflow/example_dags/tutorial.py
[2023-11-16T00:12:34.947+0000] {logging_mixin.py:154} INFO - [2023-11-16T00:12:34.947+0000] {dag.py:2941} INFO - Sync 1 DAGs
[2023-11-16T00:12:34.962+0000] {logging_mixin.py:154} INFO - [2023-11-16T00:12:34.962+0000] {dag.py:3722} INFO - Setting next_dagrun for tutorial to 2023-11-15T00:12:34.962213+00:00, run_after=2023-11-16T00:12:34.962213+00:00
[2023-11-16T00:12:34.974+0000] {processor.py:179} INFO - Processing /home/airflow/.local/lib/python3.8/site-packages/airflow/example_dags/tutorial.py took 0.049 seconds
[2023-11-16T00:13:05.098+0000] {processor.py:157} INFO - Started process (PID=583) to work on /home/airflow/.local/lib/python3.8/site-packages/airflow/example_dags/tutorial.py
[2023-11-16T00:13:05.099+0000] {processor.py:829} INFO - Processing file /home/airflow/.local/lib/python3.8/site-packages/airflow/example_dags/tutorial.py for tasks to queue
[2023-11-16T00:13:05.101+0000] {logging_mixin.py:154} INFO - [2023-11-16T00:13:05.101+0000] {dagbag.py:536} INFO - Filling up the DagBag from /home/airflow/.local/lib/python3.8/site-packages/airflow/example_dags/tutorial.py
[2023-11-16T00:13:05.105+0000] {processor.py:839} INFO - DAG(s) dict_keys(['tutorial']) retrieved from /home/airflow/.local/lib/python3.8/site-packages/airflow/example_dags/tutorial.py
[2023-11-16T00:13:05.119+0000] {logging_mixin.py:154} INFO - [2023-11-16T00:13:05.118+0000] {dag.py:2941} INFO - Sync 1 DAGs
[2023-11-16T00:13:05.133+0000] {logging_mixin.py:154} INFO - [2023-11-16T00:13:05.133+0000] {dag.py:3722} INFO - Setting next_dagrun for tutorial to 2023-11-15T00:13:05.133093+00:00, run_after=2023-11-16T00:13:05.133093+00:00
[2023-11-16T00:13:05.145+0000] {processor.py:179} INFO - Processing /home/airflow/.local/lib/python3.8/site-packages/airflow/example_dags/tutorial.py took 0.048 seconds
[2023-11-16T00:13:36.189+0000] {processor.py:157} INFO - Started process (PID=640) to work on /home/airflow/.local/lib/python3.8/site-packages/airflow/example_dags/tutorial.py
[2023-11-16T00:13:36.190+0000] {processor.py:829} INFO - Processing file /home/airflow/.local/lib/python3.8/site-packages/airflow/example_dags/tutorial.py for tasks to queue
[2023-11-16T00:13:36.191+0000] {logging_mixin.py:154} INFO - [2023-11-16T00:13:36.191+0000] {dagbag.py:536} INFO - Filling up the DagBag from /home/airflow/.local/lib/python3.8/site-packages/airflow/example_dags/tutorial.py
[2023-11-16T00:13:36.195+0000] {processor.py:839} INFO - DAG(s) dict_keys(['tutorial']) retrieved from /home/airflow/.local/lib/python3.8/site-packages/airflow/example_dags/tutorial.py
[2023-11-16T00:13:36.208+0000] {logging_mixin.py:154} INFO - [2023-11-16T00:13:36.208+0000] {dag.py:2941} INFO - Sync 1 DAGs
[2023-11-16T00:13:36.222+0000] {logging_mixin.py:154} INFO - [2023-11-16T00:13:36.222+0000] {dag.py:3722} INFO - Setting next_dagrun for tutorial to 2023-11-15T00:13:36.222200+00:00, run_after=2023-11-16T00:13:36.222200+00:00
[2023-11-16T00:13:36.234+0000] {processor.py:179} INFO - Processing /home/airflow/.local/lib/python3.8/site-packages/airflow/example_dags/tutorial.py took 0.047 seconds
[2023-11-16T00:14:06.347+0000] {processor.py:157} INFO - Started process (PID=697) to work on /home/airflow/.local/lib/python3.8/site-packages/airflow/example_dags/tutorial.py
[2023-11-16T00:14:06.348+0000] {processor.py:829} INFO - Processing file /home/airflow/.local/lib/python3.8/site-packages/airflow/example_dags/tutorial.py for tasks to queue
[2023-11-16T00:14:06.349+0000] {logging_mixin.py:154} INFO - [2023-11-16T00:14:06.349+0000] {dagbag.py:536} INFO - Filling up the DagBag from /home/airflow/.local/lib/python3.8/site-packages/airflow/example_dags/tutorial.py
[2023-11-16T00:14:06.353+0000] {processor.py:839} INFO - DAG(s) dict_keys(['tutorial']) retrieved from /home/airflow/.local/lib/python3.8/site-packages/airflow/example_dags/tutorial.py
[2023-11-16T00:14:06.368+0000] {logging_mixin.py:154} INFO - [2023-11-16T00:14:06.368+0000] {dag.py:2941} INFO - Sync 1 DAGs
[2023-11-16T00:14:06.383+0000] {logging_mixin.py:154} INFO - [2023-11-16T00:14:06.383+0000] {dag.py:3722} INFO - Setting next_dagrun for tutorial to 2023-11-15T00:14:06.383448+00:00, run_after=2023-11-16T00:14:06.383448+00:00
[2023-11-16T00:14:06.396+0000] {processor.py:179} INFO - Processing /home/airflow/.local/lib/python3.8/site-packages/airflow/example_dags/tutorial.py took 0.051 seconds
[2023-11-16T00:14:37.433+0000] {processor.py:157} INFO - Started process (PID=754) to work on /home/airflow/.local/lib/python3.8/site-packages/airflow/example_dags/tutorial.py
[2023-11-16T00:14:37.434+0000] {processor.py:829} INFO - Processing file /home/airflow/.local/lib/python3.8/site-packages/airflow/example_dags/tutorial.py for tasks to queue
[2023-11-16T00:14:37.436+0000] {logging_mixin.py:154} INFO - [2023-11-16T00:14:37.435+0000] {dagbag.py:536} INFO - Filling up the DagBag from /home/airflow/.local/lib/python3.8/site-packages/airflow/example_dags/tutorial.py
[2023-11-16T00:14:37.440+0000] {processor.py:839} INFO - DAG(s) dict_keys(['tutorial']) retrieved from /home/airflow/.local/lib/python3.8/site-packages/airflow/example_dags/tutorial.py
[2023-11-16T00:14:37.457+0000] {logging_mixin.py:154} INFO - [2023-11-16T00:14:37.457+0000] {dag.py:2941} INFO - Sync 1 DAGs
[2023-11-16T00:14:37.474+0000] {logging_mixin.py:154} INFO - [2023-11-16T00:14:37.474+0000] {dag.py:3722} INFO - Setting next_dagrun for tutorial to 2023-11-15T00:14:37.473838+00:00, run_after=2023-11-16T00:14:37.473838+00:00
[2023-11-16T00:14:37.486+0000] {processor.py:179} INFO - Processing /home/airflow/.local/lib/python3.8/site-packages/airflow/example_dags/tutorial.py took 0.055 seconds
[2023-11-16T00:15:07.760+0000] {processor.py:157} INFO - Started process (PID=811) to work on /home/airflow/.local/lib/python3.8/site-packages/airflow/example_dags/tutorial.py
[2023-11-16T00:15:07.761+0000] {processor.py:829} INFO - Processing file /home/airflow/.local/lib/python3.8/site-packages/airflow/example_dags/tutorial.py for tasks to queue
[2023-11-16T00:15:07.762+0000] {logging_mixin.py:154} INFO - [2023-11-16T00:15:07.762+0000] {dagbag.py:536} INFO - Filling up the DagBag from /home/airflow/.local/lib/python3.8/site-packages/airflow/example_dags/tutorial.py
[2023-11-16T00:15:07.766+0000] {processor.py:839} INFO - DAG(s) dict_keys(['tutorial']) retrieved from /home/airflow/.local/lib/python3.8/site-packages/airflow/example_dags/tutorial.py
[2023-11-16T00:15:07.779+0000] {logging_mixin.py:154} INFO - [2023-11-16T00:15:07.779+0000] {dag.py:2941} INFO - Sync 1 DAGs
[2023-11-16T00:15:07.793+0000] {logging_mixin.py:154} INFO - [2023-11-16T00:15:07.793+0000] {dag.py:3722} INFO - Setting next_dagrun for tutorial to 2023-11-15T00:15:07.793253+00:00, run_after=2023-11-16T00:15:07.793253+00:00
[2023-11-16T00:15:07.805+0000] {processor.py:179} INFO - Processing /home/airflow/.local/lib/python3.8/site-packages/airflow/example_dags/tutorial.py took 0.047 seconds
[2023-11-16T00:15:38.798+0000] {processor.py:157} INFO - Started process (PID=868) to work on /home/airflow/.local/lib/python3.8/site-packages/airflow/example_dags/tutorial.py
[2023-11-16T00:15:38.799+0000] {processor.py:829} INFO - Processing file /home/airflow/.local/lib/python3.8/site-packages/airflow/example_dags/tutorial.py for tasks to queue
[2023-11-16T00:15:38.800+0000] {logging_mixin.py:154} INFO - [2023-11-16T00:15:38.800+0000] {dagbag.py:536} INFO - Filling up the DagBag from /home/airflow/.local/lib/python3.8/site-packages/airflow/example_dags/tutorial.py
[2023-11-16T00:15:38.804+0000] {processor.py:839} INFO - DAG(s) dict_keys(['tutorial']) retrieved from /home/airflow/.local/lib/python3.8/site-packages/airflow/example_dags/tutorial.py
[2023-11-16T00:15:38.817+0000] {logging_mixin.py:154} INFO - [2023-11-16T00:15:38.817+0000] {dag.py:2941} INFO - Sync 1 DAGs
[2023-11-16T00:15:38.831+0000] {logging_mixin.py:154} INFO - [2023-11-16T00:15:38.831+0000] {dag.py:3722} INFO - Setting next_dagrun for tutorial to 2023-11-15T00:15:38.831236+00:00, run_after=2023-11-16T00:15:38.831236+00:00
[2023-11-16T00:15:38.842+0000] {processor.py:179} INFO - Processing /home/airflow/.local/lib/python3.8/site-packages/airflow/example_dags/tutorial.py took 0.047 seconds
[2023-11-16T00:16:08.883+0000] {processor.py:157} INFO - Started process (PID=925) to work on /home/airflow/.local/lib/python3.8/site-packages/airflow/example_dags/tutorial.py
[2023-11-16T00:16:08.883+0000] {processor.py:829} INFO - Processing file /home/airflow/.local/lib/python3.8/site-packages/airflow/example_dags/tutorial.py for tasks to queue
[2023-11-16T00:16:08.885+0000] {logging_mixin.py:154} INFO - [2023-11-16T00:16:08.885+0000] {dagbag.py:536} INFO - Filling up the DagBag from /home/airflow/.local/lib/python3.8/site-packages/airflow/example_dags/tutorial.py
[2023-11-16T00:16:08.889+0000] {processor.py:839} INFO - DAG(s) dict_keys(['tutorial']) retrieved from /home/airflow/.local/lib/python3.8/site-packages/airflow/example_dags/tutorial.py
[2023-11-16T00:16:08.902+0000] {logging_mixin.py:154} INFO - [2023-11-16T00:16:08.902+0000] {dag.py:2941} INFO - Sync 1 DAGs
[2023-11-16T00:16:08.919+0000] {logging_mixin.py:154} INFO - [2023-11-16T00:16:08.919+0000] {dag.py:3722} INFO - Setting next_dagrun for tutorial to 2023-11-15T00:16:08.918911+00:00, run_after=2023-11-16T00:16:08.918911+00:00
[2023-11-16T00:16:08.932+0000] {processor.py:179} INFO - Processing /home/airflow/.local/lib/python3.8/site-packages/airflow/example_dags/tutorial.py took 0.051 seconds
[2023-11-16T00:16:39.210+0000] {processor.py:157} INFO - Started process (PID=981) to work on /home/airflow/.local/lib/python3.8/site-packages/airflow/example_dags/tutorial.py
[2023-11-16T00:16:39.211+0000] {processor.py:829} INFO - Processing file /home/airflow/.local/lib/python3.8/site-packages/airflow/example_dags/tutorial.py for tasks to queue
[2023-11-16T00:16:39.212+0000] {logging_mixin.py:154} INFO - [2023-11-16T00:16:39.212+0000] {dagbag.py:536} INFO - Filling up the DagBag from /home/airflow/.local/lib/python3.8/site-packages/airflow/example_dags/tutorial.py
[2023-11-16T00:16:39.216+0000] {processor.py:839} INFO - DAG(s) dict_keys(['tutorial']) retrieved from /home/airflow/.local/lib/python3.8/site-packages/airflow/example_dags/tutorial.py
[2023-11-16T00:16:39.229+0000] {logging_mixin.py:154} INFO - [2023-11-16T00:16:39.229+0000] {dag.py:2941} INFO - Sync 1 DAGs
[2023-11-16T00:16:39.243+0000] {logging_mixin.py:154} INFO - [2023-11-16T00:16:39.243+0000] {dag.py:3722} INFO - Setting next_dagrun for tutorial to 2023-11-15T00:16:39.243580+00:00, run_after=2023-11-16T00:16:39.243580+00:00
[2023-11-16T00:16:39.255+0000] {processor.py:179} INFO - Processing /home/airflow/.local/lib/python3.8/site-packages/airflow/example_dags/tutorial.py took 0.047 seconds
[2023-11-16T00:17:09.290+0000] {processor.py:157} INFO - Started process (PID=1038) to work on /home/airflow/.local/lib/python3.8/site-packages/airflow/example_dags/tutorial.py
[2023-11-16T00:17:09.291+0000] {processor.py:829} INFO - Processing file /home/airflow/.local/lib/python3.8/site-packages/airflow/example_dags/tutorial.py for tasks to queue
[2023-11-16T00:17:09.292+0000] {logging_mixin.py:154} INFO - [2023-11-16T00:17:09.292+0000] {dagbag.py:536} INFO - Filling up the DagBag from /home/airflow/.local/lib/python3.8/site-packages/airflow/example_dags/tutorial.py
[2023-11-16T00:17:09.296+0000] {processor.py:839} INFO - DAG(s) dict_keys(['tutorial']) retrieved from /home/airflow/.local/lib/python3.8/site-packages/airflow/example_dags/tutorial.py
[2023-11-16T00:17:09.309+0000] {logging_mixin.py:154} INFO - [2023-11-16T00:17:09.309+0000] {dag.py:2941} INFO - Sync 1 DAGs
[2023-11-16T00:17:09.323+0000] {logging_mixin.py:154} INFO - [2023-11-16T00:17:09.323+0000] {dag.py:3722} INFO - Setting next_dagrun for tutorial to 2023-11-15T00:17:09.323413+00:00, run_after=2023-11-16T00:17:09.323413+00:00
[2023-11-16T00:17:09.334+0000] {processor.py:179} INFO - Processing /home/airflow/.local/lib/python3.8/site-packages/airflow/example_dags/tutorial.py took 0.046 seconds
[2023-11-16T00:17:39.567+0000] {processor.py:157} INFO - Started process (PID=1095) to work on /home/airflow/.local/lib/python3.8/site-packages/airflow/example_dags/tutorial.py
[2023-11-16T00:17:39.568+0000] {processor.py:829} INFO - Processing file /home/airflow/.local/lib/python3.8/site-packages/airflow/example_dags/tutorial.py for tasks to queue
[2023-11-16T00:17:39.570+0000] {logging_mixin.py:154} INFO - [2023-11-16T00:17:39.570+0000] {dagbag.py:536} INFO - Filling up the DagBag from /home/airflow/.local/lib/python3.8/site-packages/airflow/example_dags/tutorial.py
[2023-11-16T00:17:39.574+0000] {processor.py:839} INFO - DAG(s) dict_keys(['tutorial']) retrieved from /home/airflow/.local/lib/python3.8/site-packages/airflow/example_dags/tutorial.py
[2023-11-16T00:17:39.588+0000] {logging_mixin.py:154} INFO - [2023-11-16T00:17:39.588+0000] {dag.py:2941} INFO - Sync 1 DAGs
[2023-11-16T00:17:39.603+0000] {logging_mixin.py:154} INFO - [2023-11-16T00:17:39.603+0000] {dag.py:3722} INFO - Setting next_dagrun for tutorial to 2023-11-15T00:17:39.603386+00:00, run_after=2023-11-16T00:17:39.603386+00:00
[2023-11-16T00:17:39.616+0000] {processor.py:179} INFO - Processing /home/airflow/.local/lib/python3.8/site-packages/airflow/example_dags/tutorial.py took 0.051 seconds
[2023-11-16T00:18:10.005+0000] {processor.py:157} INFO - Started process (PID=1152) to work on /home/airflow/.local/lib/python3.8/site-packages/airflow/example_dags/tutorial.py
[2023-11-16T00:18:10.007+0000] {processor.py:829} INFO - Processing file /home/airflow/.local/lib/python3.8/site-packages/airflow/example_dags/tutorial.py for tasks to queue
[2023-11-16T00:18:10.009+0000] {logging_mixin.py:154} INFO - [2023-11-16T00:18:10.009+0000] {dagbag.py:536} INFO - Filling up the DagBag from /home/airflow/.local/lib/python3.8/site-packages/airflow/example_dags/tutorial.py
[2023-11-16T00:18:10.016+0000] {processor.py:839} INFO - DAG(s) dict_keys(['tutorial']) retrieved from /home/airflow/.local/lib/python3.8/site-packages/airflow/example_dags/tutorial.py
[2023-11-16T00:18:10.029+0000] {logging_mixin.py:154} INFO - [2023-11-16T00:18:10.029+0000] {dag.py:2941} INFO - Sync 1 DAGs
[2023-11-16T00:18:10.045+0000] {logging_mixin.py:154} INFO - [2023-11-16T00:18:10.045+0000] {dag.py:3722} INFO - Setting next_dagrun for tutorial to 2023-11-15T00:18:10.044970+00:00, run_after=2023-11-16T00:18:10.044970+00:00
[2023-11-16T00:18:10.150+0000] {processor.py:179} INFO - Processing /home/airflow/.local/lib/python3.8/site-packages/airflow/example_dags/tutorial.py took 0.148 seconds
[2023-11-16T00:18:40.473+0000] {processor.py:157} INFO - Started process (PID=1209) to work on /home/airflow/.local/lib/python3.8/site-packages/airflow/example_dags/tutorial.py
[2023-11-16T00:18:40.473+0000] {processor.py:829} INFO - Processing file /home/airflow/.local/lib/python3.8/site-packages/airflow/example_dags/tutorial.py for tasks to queue
[2023-11-16T00:18:40.475+0000] {logging_mixin.py:154} INFO - [2023-11-16T00:18:40.475+0000] {dagbag.py:536} INFO - Filling up the DagBag from /home/airflow/.local/lib/python3.8/site-packages/airflow/example_dags/tutorial.py
[2023-11-16T00:18:40.479+0000] {processor.py:839} INFO - DAG(s) dict_keys(['tutorial']) retrieved from /home/airflow/.local/lib/python3.8/site-packages/airflow/example_dags/tutorial.py
[2023-11-16T00:18:40.492+0000] {logging_mixin.py:154} INFO - [2023-11-16T00:18:40.492+0000] {dag.py:2941} INFO - Sync 1 DAGs
[2023-11-16T00:18:40.506+0000] {logging_mixin.py:154} INFO - [2023-11-16T00:18:40.506+0000] {dag.py:3722} INFO - Setting next_dagrun for tutorial to 2023-11-15T00:18:40.506181+00:00, run_after=2023-11-16T00:18:40.506181+00:00
[2023-11-16T00:18:40.518+0000] {processor.py:179} INFO - Processing /home/airflow/.local/lib/python3.8/site-packages/airflow/example_dags/tutorial.py took 0.048 seconds
[2023-11-16T00:19:10.783+0000] {processor.py:157} INFO - Started process (PID=1266) to work on /home/airflow/.local/lib/python3.8/site-packages/airflow/example_dags/tutorial.py
[2023-11-16T00:19:10.784+0000] {processor.py:829} INFO - Processing file /home/airflow/.local/lib/python3.8/site-packages/airflow/example_dags/tutorial.py for tasks to queue
[2023-11-16T00:19:10.786+0000] {logging_mixin.py:154} INFO - [2023-11-16T00:19:10.786+0000] {dagbag.py:536} INFO - Filling up the DagBag from /home/airflow/.local/lib/python3.8/site-packages/airflow/example_dags/tutorial.py
[2023-11-16T00:19:10.790+0000] {processor.py:839} INFO - DAG(s) dict_keys(['tutorial']) retrieved from /home/airflow/.local/lib/python3.8/site-packages/airflow/example_dags/tutorial.py
[2023-11-16T00:19:10.804+0000] {logging_mixin.py:154} INFO - [2023-11-16T00:19:10.804+0000] {dag.py:2941} INFO - Sync 1 DAGs
[2023-11-16T00:19:10.817+0000] {logging_mixin.py:154} INFO - [2023-11-16T00:19:10.817+0000] {dag.py:3722} INFO - Setting next_dagrun for tutorial to 2023-11-15T00:19:10.817586+00:00, run_after=2023-11-16T00:19:10.817586+00:00
[2023-11-16T00:19:10.830+0000] {processor.py:179} INFO - Processing /home/airflow/.local/lib/python3.8/site-packages/airflow/example_dags/tutorial.py took 0.049 seconds
[2023-11-16T00:19:41.321+0000] {processor.py:157} INFO - Started process (PID=1324) to work on /home/airflow/.local/lib/python3.8/site-packages/airflow/example_dags/tutorial.py
[2023-11-16T00:19:41.321+0000] {processor.py:829} INFO - Processing file /home/airflow/.local/lib/python3.8/site-packages/airflow/example_dags/tutorial.py for tasks to queue
[2023-11-16T00:19:41.323+0000] {logging_mixin.py:154} INFO - [2023-11-16T00:19:41.323+0000] {dagbag.py:536} INFO - Filling up the DagBag from /home/airflow/.local/lib/python3.8/site-packages/airflow/example_dags/tutorial.py
[2023-11-16T00:19:41.327+0000] {processor.py:839} INFO - DAG(s) dict_keys(['tutorial']) retrieved from /home/airflow/.local/lib/python3.8/site-packages/airflow/example_dags/tutorial.py
[2023-11-16T00:19:41.341+0000] {logging_mixin.py:154} INFO - [2023-11-16T00:19:41.341+0000] {dag.py:2941} INFO - Sync 1 DAGs
[2023-11-16T00:19:41.456+0000] {logging_mixin.py:154} INFO - [2023-11-16T00:19:41.456+0000] {dag.py:3722} INFO - Setting next_dagrun for tutorial to 2023-11-15T00:19:41.456315+00:00, run_after=2023-11-16T00:19:41.456315+00:00
[2023-11-16T00:19:41.468+0000] {processor.py:179} INFO - Processing /home/airflow/.local/lib/python3.8/site-packages/airflow/example_dags/tutorial.py took 0.149 seconds
[2023-11-16T00:20:12.307+0000] {processor.py:157} INFO - Started process (PID=1381) to work on /home/airflow/.local/lib/python3.8/site-packages/airflow/example_dags/tutorial.py
[2023-11-16T00:20:12.308+0000] {processor.py:829} INFO - Processing file /home/airflow/.local/lib/python3.8/site-packages/airflow/example_dags/tutorial.py for tasks to queue
[2023-11-16T00:20:12.309+0000] {logging_mixin.py:154} INFO - [2023-11-16T00:20:12.309+0000] {dagbag.py:536} INFO - Filling up the DagBag from /home/airflow/.local/lib/python3.8/site-packages/airflow/example_dags/tutorial.py
[2023-11-16T00:20:12.313+0000] {processor.py:839} INFO - DAG(s) dict_keys(['tutorial']) retrieved from /home/airflow/.local/lib/python3.8/site-packages/airflow/example_dags/tutorial.py
[2023-11-16T00:20:12.326+0000] {logging_mixin.py:154} INFO - [2023-11-16T00:20:12.326+0000] {dag.py:2941} INFO - Sync 1 DAGs
[2023-11-16T00:20:12.340+0000] {logging_mixin.py:154} INFO - [2023-11-16T00:20:12.340+0000] {dag.py:3722} INFO - Setting next_dagrun for tutorial to 2023-11-15T00:20:12.340253+00:00, run_after=2023-11-16T00:20:12.340253+00:00
[2023-11-16T00:20:12.351+0000] {processor.py:179} INFO - Processing /home/airflow/.local/lib/python3.8/site-packages/airflow/example_dags/tutorial.py took 0.047 seconds
[2023-11-16T00:20:42.674+0000] {processor.py:157} INFO - Started process (PID=1438) to work on /home/airflow/.local/lib/python3.8/site-packages/airflow/example_dags/tutorial.py
[2023-11-16T00:20:42.675+0000] {processor.py:829} INFO - Processing file /home/airflow/.local/lib/python3.8/site-packages/airflow/example_dags/tutorial.py for tasks to queue
[2023-11-16T00:20:42.678+0000] {logging_mixin.py:154} INFO - [2023-11-16T00:20:42.677+0000] {dagbag.py:536} INFO - Filling up the DagBag from /home/airflow/.local/lib/python3.8/site-packages/airflow/example_dags/tutorial.py
[2023-11-16T00:20:42.683+0000] {processor.py:839} INFO - DAG(s) dict_keys(['tutorial']) retrieved from /home/airflow/.local/lib/python3.8/site-packages/airflow/example_dags/tutorial.py
[2023-11-16T00:20:42.697+0000] {logging_mixin.py:154} INFO - [2023-11-16T00:20:42.697+0000] {dag.py:2941} INFO - Sync 1 DAGs
[2023-11-16T00:20:42.711+0000] {logging_mixin.py:154} INFO - [2023-11-16T00:20:42.711+0000] {dag.py:3722} INFO - Setting next_dagrun for tutorial to 2023-11-15T00:20:42.711644+00:00, run_after=2023-11-16T00:20:42.711644+00:00
[2023-11-16T00:20:42.723+0000] {processor.py:179} INFO - Processing /home/airflow/.local/lib/python3.8/site-packages/airflow/example_dags/tutorial.py took 0.052 seconds
[2023-11-16T00:21:13.598+0000] {processor.py:157} INFO - Started process (PID=1496) to work on /home/airflow/.local/lib/python3.8/site-packages/airflow/example_dags/tutorial.py
[2023-11-16T00:21:13.599+0000] {processor.py:829} INFO - Processing file /home/airflow/.local/lib/python3.8/site-packages/airflow/example_dags/tutorial.py for tasks to queue
[2023-11-16T00:21:13.601+0000] {logging_mixin.py:154} INFO - [2023-11-16T00:21:13.600+0000] {dagbag.py:536} INFO - Filling up the DagBag from /home/airflow/.local/lib/python3.8/site-packages/airflow/example_dags/tutorial.py
[2023-11-16T00:21:13.605+0000] {processor.py:839} INFO - DAG(s) dict_keys(['tutorial']) retrieved from /home/airflow/.local/lib/python3.8/site-packages/airflow/example_dags/tutorial.py
[2023-11-16T00:21:13.620+0000] {logging_mixin.py:154} INFO - [2023-11-16T00:21:13.620+0000] {dag.py:2941} INFO - Sync 1 DAGs
[2023-11-16T00:21:13.730+0000] {logging_mixin.py:154} INFO - [2023-11-16T00:21:13.729+0000] {dag.py:3722} INFO - Setting next_dagrun for tutorial to 2023-11-15T00:21:13.729687+00:00, run_after=2023-11-16T00:21:13.729687+00:00
[2023-11-16T00:21:13.743+0000] {processor.py:179} INFO - Processing /home/airflow/.local/lib/python3.8/site-packages/airflow/example_dags/tutorial.py took 0.148 seconds
[2023-11-16T00:21:44.391+0000] {processor.py:157} INFO - Started process (PID=1553) to work on /home/airflow/.local/lib/python3.8/site-packages/airflow/example_dags/tutorial.py
[2023-11-16T00:21:44.393+0000] {processor.py:829} INFO - Processing file /home/airflow/.local/lib/python3.8/site-packages/airflow/example_dags/tutorial.py for tasks to queue
[2023-11-16T00:21:44.395+0000] {logging_mixin.py:154} INFO - [2023-11-16T00:21:44.395+0000] {dagbag.py:536} INFO - Filling up the DagBag from /home/airflow/.local/lib/python3.8/site-packages/airflow/example_dags/tutorial.py
[2023-11-16T00:21:44.400+0000] {processor.py:839} INFO - DAG(s) dict_keys(['tutorial']) retrieved from /home/airflow/.local/lib/python3.8/site-packages/airflow/example_dags/tutorial.py
[2023-11-16T00:21:44.417+0000] {logging_mixin.py:154} INFO - [2023-11-16T00:21:44.417+0000] {dag.py:2941} INFO - Sync 1 DAGs
[2023-11-16T00:21:44.521+0000] {logging_mixin.py:154} INFO - [2023-11-16T00:21:44.521+0000] {dag.py:3722} INFO - Setting next_dagrun for tutorial to 2023-11-15T00:21:44.521521+00:00, run_after=2023-11-16T00:21:44.521521+00:00
[2023-11-16T00:21:44.533+0000] {processor.py:179} INFO - Processing /home/airflow/.local/lib/python3.8/site-packages/airflow/example_dags/tutorial.py took 0.145 seconds
[2023-11-16T00:22:14.831+0000] {processor.py:157} INFO - Started process (PID=1610) to work on /home/airflow/.local/lib/python3.8/site-packages/airflow/example_dags/tutorial.py
[2023-11-16T00:22:14.832+0000] {processor.py:829} INFO - Processing file /home/airflow/.local/lib/python3.8/site-packages/airflow/example_dags/tutorial.py for tasks to queue
[2023-11-16T00:22:14.834+0000] {logging_mixin.py:154} INFO - [2023-11-16T00:22:14.833+0000] {dagbag.py:536} INFO - Filling up the DagBag from /home/airflow/.local/lib/python3.8/site-packages/airflow/example_dags/tutorial.py
[2023-11-16T00:22:14.838+0000] {processor.py:839} INFO - DAG(s) dict_keys(['tutorial']) retrieved from /home/airflow/.local/lib/python3.8/site-packages/airflow/example_dags/tutorial.py
[2023-11-16T00:22:14.853+0000] {logging_mixin.py:154} INFO - [2023-11-16T00:22:14.852+0000] {dag.py:2941} INFO - Sync 1 DAGs
[2023-11-16T00:22:14.868+0000] {logging_mixin.py:154} INFO - [2023-11-16T00:22:14.867+0000] {dag.py:3722} INFO - Setting next_dagrun for tutorial to 2023-11-15T00:22:14.867518+00:00, run_after=2023-11-16T00:22:14.867518+00:00
[2023-11-16T00:22:14.883+0000] {processor.py:179} INFO - Processing /home/airflow/.local/lib/python3.8/site-packages/airflow/example_dags/tutorial.py took 0.054 seconds
[2023-11-16T00:22:45.674+0000] {processor.py:157} INFO - Started process (PID=1667) to work on /home/airflow/.local/lib/python3.8/site-packages/airflow/example_dags/tutorial.py
[2023-11-16T00:22:45.675+0000] {processor.py:829} INFO - Processing file /home/airflow/.local/lib/python3.8/site-packages/airflow/example_dags/tutorial.py for tasks to queue
[2023-11-16T00:22:45.676+0000] {logging_mixin.py:154} INFO - [2023-11-16T00:22:45.676+0000] {dagbag.py:536} INFO - Filling up the DagBag from /home/airflow/.local/lib/python3.8/site-packages/airflow/example_dags/tutorial.py
[2023-11-16T00:22:45.681+0000] {processor.py:839} INFO - DAG(s) dict_keys(['tutorial']) retrieved from /home/airflow/.local/lib/python3.8/site-packages/airflow/example_dags/tutorial.py
[2023-11-16T00:22:45.695+0000] {logging_mixin.py:154} INFO - [2023-11-16T00:22:45.695+0000] {dag.py:2941} INFO - Sync 1 DAGs
[2023-11-16T00:22:45.710+0000] {logging_mixin.py:154} INFO - [2023-11-16T00:22:45.710+0000] {dag.py:3722} INFO - Setting next_dagrun for tutorial to 2023-11-15T00:22:45.710021+00:00, run_after=2023-11-16T00:22:45.710021+00:00
[2023-11-16T00:22:45.721+0000] {processor.py:179} INFO - Processing /home/airflow/.local/lib/python3.8/site-packages/airflow/example_dags/tutorial.py took 0.050 seconds
[2023-11-16T00:23:16.482+0000] {processor.py:157} INFO - Started process (PID=1724) to work on /home/airflow/.local/lib/python3.8/site-packages/airflow/example_dags/tutorial.py
[2023-11-16T00:23:16.483+0000] {processor.py:829} INFO - Processing file /home/airflow/.local/lib/python3.8/site-packages/airflow/example_dags/tutorial.py for tasks to queue
[2023-11-16T00:23:16.484+0000] {logging_mixin.py:154} INFO - [2023-11-16T00:23:16.484+0000] {dagbag.py:536} INFO - Filling up the DagBag from /home/airflow/.local/lib/python3.8/site-packages/airflow/example_dags/tutorial.py
[2023-11-16T00:23:16.488+0000] {processor.py:839} INFO - DAG(s) dict_keys(['tutorial']) retrieved from /home/airflow/.local/lib/python3.8/site-packages/airflow/example_dags/tutorial.py
[2023-11-16T00:23:16.502+0000] {logging_mixin.py:154} INFO - [2023-11-16T00:23:16.502+0000] {dag.py:2941} INFO - Sync 1 DAGs
[2023-11-16T00:23:16.608+0000] {logging_mixin.py:154} INFO - [2023-11-16T00:23:16.608+0000] {dag.py:3722} INFO - Setting next_dagrun for tutorial to 2023-11-15T00:23:16.608565+00:00, run_after=2023-11-16T00:23:16.608565+00:00
[2023-11-16T00:23:16.620+0000] {processor.py:179} INFO - Processing /home/airflow/.local/lib/python3.8/site-packages/airflow/example_dags/tutorial.py took 0.140 seconds
[2023-11-16T00:23:47.514+0000] {processor.py:157} INFO - Started process (PID=1781) to work on /home/airflow/.local/lib/python3.8/site-packages/airflow/example_dags/tutorial.py
[2023-11-16T00:23:47.514+0000] {processor.py:829} INFO - Processing file /home/airflow/.local/lib/python3.8/site-packages/airflow/example_dags/tutorial.py for tasks to queue
[2023-11-16T00:23:47.517+0000] {logging_mixin.py:154} INFO - [2023-11-16T00:23:47.516+0000] {dagbag.py:536} INFO - Filling up the DagBag from /home/airflow/.local/lib/python3.8/site-packages/airflow/example_dags/tutorial.py
[2023-11-16T00:23:47.521+0000] {processor.py:839} INFO - DAG(s) dict_keys(['tutorial']) retrieved from /home/airflow/.local/lib/python3.8/site-packages/airflow/example_dags/tutorial.py
[2023-11-16T00:23:47.535+0000] {logging_mixin.py:154} INFO - [2023-11-16T00:23:47.535+0000] {dag.py:2941} INFO - Sync 1 DAGs
[2023-11-16T00:23:47.644+0000] {logging_mixin.py:154} INFO - [2023-11-16T00:23:47.644+0000] {dag.py:3722} INFO - Setting next_dagrun for tutorial to 2023-11-15T00:23:47.644431+00:00, run_after=2023-11-16T00:23:47.644431+00:00
[2023-11-16T00:23:47.657+0000] {processor.py:179} INFO - Processing /home/airflow/.local/lib/python3.8/site-packages/airflow/example_dags/tutorial.py took 0.145 seconds
[2023-11-16T00:24:18.556+0000] {processor.py:157} INFO - Started process (PID=1838) to work on /home/airflow/.local/lib/python3.8/site-packages/airflow/example_dags/tutorial.py
[2023-11-16T00:24:18.557+0000] {processor.py:829} INFO - Processing file /home/airflow/.local/lib/python3.8/site-packages/airflow/example_dags/tutorial.py for tasks to queue
[2023-11-16T00:24:18.559+0000] {logging_mixin.py:154} INFO - [2023-11-16T00:24:18.559+0000] {dagbag.py:536} INFO - Filling up the DagBag from /home/airflow/.local/lib/python3.8/site-packages/airflow/example_dags/tutorial.py
[2023-11-16T00:24:18.563+0000] {processor.py:839} INFO - DAG(s) dict_keys(['tutorial']) retrieved from /home/airflow/.local/lib/python3.8/site-packages/airflow/example_dags/tutorial.py
[2023-11-16T00:24:18.576+0000] {logging_mixin.py:154} INFO - [2023-11-16T00:24:18.575+0000] {dag.py:2941} INFO - Sync 1 DAGs
[2023-11-16T00:24:18.588+0000] {logging_mixin.py:154} INFO - [2023-11-16T00:24:18.588+0000] {dag.py:3722} INFO - Setting next_dagrun for tutorial to 2023-11-15T00:24:18.588496+00:00, run_after=2023-11-16T00:24:18.588496+00:00
[2023-11-16T00:24:18.603+0000] {processor.py:179} INFO - Processing /home/airflow/.local/lib/python3.8/site-packages/airflow/example_dags/tutorial.py took 0.049 seconds
[2023-11-16T00:24:49.589+0000] {processor.py:157} INFO - Started process (PID=1895) to work on /home/airflow/.local/lib/python3.8/site-packages/airflow/example_dags/tutorial.py
[2023-11-16T00:24:49.589+0000] {processor.py:829} INFO - Processing file /home/airflow/.local/lib/python3.8/site-packages/airflow/example_dags/tutorial.py for tasks to queue
[2023-11-16T00:24:49.591+0000] {logging_mixin.py:154} INFO - [2023-11-16T00:24:49.591+0000] {dagbag.py:536} INFO - Filling up the DagBag from /home/airflow/.local/lib/python3.8/site-packages/airflow/example_dags/tutorial.py
[2023-11-16T00:24:49.595+0000] {processor.py:839} INFO - DAG(s) dict_keys(['tutorial']) retrieved from /home/airflow/.local/lib/python3.8/site-packages/airflow/example_dags/tutorial.py
[2023-11-16T00:24:49.611+0000] {logging_mixin.py:154} INFO - [2023-11-16T00:24:49.611+0000] {dag.py:2941} INFO - Sync 1 DAGs
[2023-11-16T00:24:49.626+0000] {logging_mixin.py:154} INFO - [2023-11-16T00:24:49.626+0000] {dag.py:3722} INFO - Setting next_dagrun for tutorial to 2023-11-15T00:24:49.626204+00:00, run_after=2023-11-16T00:24:49.626204+00:00
[2023-11-16T00:24:49.641+0000] {processor.py:179} INFO - Processing /home/airflow/.local/lib/python3.8/site-packages/airflow/example_dags/tutorial.py took 0.055 seconds
[2023-11-16T00:25:19.772+0000] {processor.py:157} INFO - Started process (PID=1952) to work on /home/airflow/.local/lib/python3.8/site-packages/airflow/example_dags/tutorial.py
[2023-11-16T00:25:19.772+0000] {processor.py:829} INFO - Processing file /home/airflow/.local/lib/python3.8/site-packages/airflow/example_dags/tutorial.py for tasks to queue
[2023-11-16T00:25:19.774+0000] {logging_mixin.py:154} INFO - [2023-11-16T00:25:19.774+0000] {dagbag.py:536} INFO - Filling up the DagBag from /home/airflow/.local/lib/python3.8/site-packages/airflow/example_dags/tutorial.py
[2023-11-16T00:25:19.778+0000] {processor.py:839} INFO - DAG(s) dict_keys(['tutorial']) retrieved from /home/airflow/.local/lib/python3.8/site-packages/airflow/example_dags/tutorial.py
[2023-11-16T00:25:19.791+0000] {logging_mixin.py:154} INFO - [2023-11-16T00:25:19.791+0000] {dag.py:2941} INFO - Sync 1 DAGs
[2023-11-16T00:25:19.804+0000] {logging_mixin.py:154} INFO - [2023-11-16T00:25:19.804+0000] {dag.py:3722} INFO - Setting next_dagrun for tutorial to 2023-11-15T00:25:19.804380+00:00, run_after=2023-11-16T00:25:19.804380+00:00
[2023-11-16T00:25:19.817+0000] {processor.py:179} INFO - Processing /home/airflow/.local/lib/python3.8/site-packages/airflow/example_dags/tutorial.py took 0.048 seconds
[2023-11-16T00:25:49.904+0000] {processor.py:157} INFO - Started process (PID=2008) to work on /home/airflow/.local/lib/python3.8/site-packages/airflow/example_dags/tutorial.py
[2023-11-16T00:25:49.905+0000] {processor.py:829} INFO - Processing file /home/airflow/.local/lib/python3.8/site-packages/airflow/example_dags/tutorial.py for tasks to queue
[2023-11-16T00:25:49.907+0000] {logging_mixin.py:154} INFO - [2023-11-16T00:25:49.907+0000] {dagbag.py:536} INFO - Filling up the DagBag from /home/airflow/.local/lib/python3.8/site-packages/airflow/example_dags/tutorial.py
[2023-11-16T00:25:49.912+0000] {processor.py:839} INFO - DAG(s) dict_keys(['tutorial']) retrieved from /home/airflow/.local/lib/python3.8/site-packages/airflow/example_dags/tutorial.py
[2023-11-16T00:25:49.927+0000] {logging_mixin.py:154} INFO - [2023-11-16T00:25:49.926+0000] {dag.py:2941} INFO - Sync 1 DAGs
[2023-11-16T00:25:49.941+0000] {logging_mixin.py:154} INFO - [2023-11-16T00:25:49.941+0000] {dag.py:3722} INFO - Setting next_dagrun for tutorial to 2023-11-15T00:25:49.941371+00:00, run_after=2023-11-16T00:25:49.941371+00:00
[2023-11-16T00:25:49.955+0000] {processor.py:179} INFO - Processing /home/airflow/.local/lib/python3.8/site-packages/airflow/example_dags/tutorial.py took 0.053 seconds
[2023-11-16T00:26:20.210+0000] {processor.py:157} INFO - Started process (PID=2066) to work on /home/airflow/.local/lib/python3.8/site-packages/airflow/example_dags/tutorial.py
[2023-11-16T00:26:20.211+0000] {processor.py:829} INFO - Processing file /home/airflow/.local/lib/python3.8/site-packages/airflow/example_dags/tutorial.py for tasks to queue
[2023-11-16T00:26:20.212+0000] {logging_mixin.py:154} INFO - [2023-11-16T00:26:20.212+0000] {dagbag.py:536} INFO - Filling up the DagBag from /home/airflow/.local/lib/python3.8/site-packages/airflow/example_dags/tutorial.py
[2023-11-16T00:26:20.216+0000] {processor.py:839} INFO - DAG(s) dict_keys(['tutorial']) retrieved from /home/airflow/.local/lib/python3.8/site-packages/airflow/example_dags/tutorial.py
[2023-11-16T00:26:20.230+0000] {logging_mixin.py:154} INFO - [2023-11-16T00:26:20.230+0000] {dag.py:2941} INFO - Sync 1 DAGs
[2023-11-16T00:26:20.243+0000] {logging_mixin.py:154} INFO - [2023-11-16T00:26:20.243+0000] {dag.py:3722} INFO - Setting next_dagrun for tutorial to 2023-11-15T00:26:20.243682+00:00, run_after=2023-11-16T00:26:20.243682+00:00
[2023-11-16T00:26:20.258+0000] {processor.py:179} INFO - Processing /home/airflow/.local/lib/python3.8/site-packages/airflow/example_dags/tutorial.py took 0.050 seconds
[2023-11-16T00:26:50.399+0000] {processor.py:157} INFO - Started process (PID=2123) to work on /home/airflow/.local/lib/python3.8/site-packages/airflow/example_dags/tutorial.py
[2023-11-16T00:26:50.400+0000] {processor.py:829} INFO - Processing file /home/airflow/.local/lib/python3.8/site-packages/airflow/example_dags/tutorial.py for tasks to queue
[2023-11-16T00:26:50.402+0000] {logging_mixin.py:154} INFO - [2023-11-16T00:26:50.402+0000] {dagbag.py:536} INFO - Filling up the DagBag from /home/airflow/.local/lib/python3.8/site-packages/airflow/example_dags/tutorial.py
[2023-11-16T00:26:50.406+0000] {processor.py:839} INFO - DAG(s) dict_keys(['tutorial']) retrieved from /home/airflow/.local/lib/python3.8/site-packages/airflow/example_dags/tutorial.py
[2023-11-16T00:26:50.420+0000] {logging_mixin.py:154} INFO - [2023-11-16T00:26:50.420+0000] {dag.py:2941} INFO - Sync 1 DAGs
[2023-11-16T00:26:50.437+0000] {logging_mixin.py:154} INFO - [2023-11-16T00:26:50.437+0000] {dag.py:3722} INFO - Setting next_dagrun for tutorial to 2023-11-15T00:26:50.437472+00:00, run_after=2023-11-16T00:26:50.437472+00:00
[2023-11-16T00:26:50.454+0000] {processor.py:179} INFO - Processing /home/airflow/.local/lib/python3.8/site-packages/airflow/example_dags/tutorial.py took 0.057 seconds
[2023-11-16T00:27:20.666+0000] {processor.py:157} INFO - Started process (PID=2180) to work on /home/airflow/.local/lib/python3.8/site-packages/airflow/example_dags/tutorial.py
[2023-11-16T00:27:20.667+0000] {processor.py:829} INFO - Processing file /home/airflow/.local/lib/python3.8/site-packages/airflow/example_dags/tutorial.py for tasks to queue
[2023-11-16T00:27:20.669+0000] {logging_mixin.py:154} INFO - [2023-11-16T00:27:20.668+0000] {dagbag.py:536} INFO - Filling up the DagBag from /home/airflow/.local/lib/python3.8/site-packages/airflow/example_dags/tutorial.py
[2023-11-16T00:27:20.674+0000] {processor.py:839} INFO - DAG(s) dict_keys(['tutorial']) retrieved from /home/airflow/.local/lib/python3.8/site-packages/airflow/example_dags/tutorial.py
[2023-11-16T00:27:20.687+0000] {logging_mixin.py:154} INFO - [2023-11-16T00:27:20.687+0000] {dag.py:2941} INFO - Sync 1 DAGs
[2023-11-16T00:27:20.703+0000] {logging_mixin.py:154} INFO - [2023-11-16T00:27:20.703+0000] {dag.py:3722} INFO - Setting next_dagrun for tutorial to 2023-11-15T00:27:20.703136+00:00, run_after=2023-11-16T00:27:20.703136+00:00
[2023-11-16T00:27:20.714+0000] {processor.py:179} INFO - Processing /home/airflow/.local/lib/python3.8/site-packages/airflow/example_dags/tutorial.py took 0.051 seconds
[2023-11-16T00:27:50.762+0000] {processor.py:157} INFO - Started process (PID=2236) to work on /home/airflow/.local/lib/python3.8/site-packages/airflow/example_dags/tutorial.py
[2023-11-16T00:27:50.763+0000] {processor.py:829} INFO - Processing file /home/airflow/.local/lib/python3.8/site-packages/airflow/example_dags/tutorial.py for tasks to queue
[2023-11-16T00:27:50.765+0000] {logging_mixin.py:154} INFO - [2023-11-16T00:27:50.765+0000] {dagbag.py:536} INFO - Filling up the DagBag from /home/airflow/.local/lib/python3.8/site-packages/airflow/example_dags/tutorial.py
[2023-11-16T00:27:50.769+0000] {processor.py:839} INFO - DAG(s) dict_keys(['tutorial']) retrieved from /home/airflow/.local/lib/python3.8/site-packages/airflow/example_dags/tutorial.py
[2023-11-16T00:27:50.783+0000] {logging_mixin.py:154} INFO - [2023-11-16T00:27:50.783+0000] {dag.py:2941} INFO - Sync 1 DAGs
[2023-11-16T00:27:50.796+0000] {logging_mixin.py:154} INFO - [2023-11-16T00:27:50.796+0000] {dag.py:3722} INFO - Setting next_dagrun for tutorial to 2023-11-15T00:27:50.796185+00:00, run_after=2023-11-16T00:27:50.796185+00:00
[2023-11-16T00:27:50.807+0000] {processor.py:179} INFO - Processing /home/airflow/.local/lib/python3.8/site-packages/airflow/example_dags/tutorial.py took 0.047 seconds
[2023-11-16T00:28:20.838+0000] {processor.py:157} INFO - Started process (PID=2293) to work on /home/airflow/.local/lib/python3.8/site-packages/airflow/example_dags/tutorial.py
[2023-11-16T00:28:20.839+0000] {processor.py:829} INFO - Processing file /home/airflow/.local/lib/python3.8/site-packages/airflow/example_dags/tutorial.py for tasks to queue
[2023-11-16T00:28:20.841+0000] {logging_mixin.py:154} INFO - [2023-11-16T00:28:20.841+0000] {dagbag.py:536} INFO - Filling up the DagBag from /home/airflow/.local/lib/python3.8/site-packages/airflow/example_dags/tutorial.py
[2023-11-16T00:28:20.846+0000] {processor.py:839} INFO - DAG(s) dict_keys(['tutorial']) retrieved from /home/airflow/.local/lib/python3.8/site-packages/airflow/example_dags/tutorial.py
[2023-11-16T00:28:20.860+0000] {logging_mixin.py:154} INFO - [2023-11-16T00:28:20.860+0000] {dag.py:2941} INFO - Sync 1 DAGs
[2023-11-16T00:28:20.874+0000] {logging_mixin.py:154} INFO - [2023-11-16T00:28:20.874+0000] {dag.py:3722} INFO - Setting next_dagrun for tutorial to 2023-11-15T00:28:20.874133+00:00, run_after=2023-11-16T00:28:20.874133+00:00
[2023-11-16T00:28:20.886+0000] {processor.py:179} INFO - Processing /home/airflow/.local/lib/python3.8/site-packages/airflow/example_dags/tutorial.py took 0.050 seconds
[2023-11-16T00:28:51.073+0000] {processor.py:157} INFO - Started process (PID=2350) to work on /home/airflow/.local/lib/python3.8/site-packages/airflow/example_dags/tutorial.py
[2023-11-16T00:28:51.074+0000] {processor.py:829} INFO - Processing file /home/airflow/.local/lib/python3.8/site-packages/airflow/example_dags/tutorial.py for tasks to queue
[2023-11-16T00:28:51.076+0000] {logging_mixin.py:154} INFO - [2023-11-16T00:28:51.076+0000] {dagbag.py:536} INFO - Filling up the DagBag from /home/airflow/.local/lib/python3.8/site-packages/airflow/example_dags/tutorial.py
[2023-11-16T00:28:51.083+0000] {processor.py:839} INFO - DAG(s) dict_keys(['tutorial']) retrieved from /home/airflow/.local/lib/python3.8/site-packages/airflow/example_dags/tutorial.py
[2023-11-16T00:28:51.096+0000] {logging_mixin.py:154} INFO - [2023-11-16T00:28:51.096+0000] {dag.py:2941} INFO - Sync 1 DAGs
[2023-11-16T00:28:51.110+0000] {logging_mixin.py:154} INFO - [2023-11-16T00:28:51.110+0000] {dag.py:3722} INFO - Setting next_dagrun for tutorial to 2023-11-15T00:28:51.110029+00:00, run_after=2023-11-16T00:28:51.110029+00:00
[2023-11-16T00:28:51.123+0000] {processor.py:179} INFO - Processing /home/airflow/.local/lib/python3.8/site-packages/airflow/example_dags/tutorial.py took 0.053 seconds
[2023-11-16T00:29:21.376+0000] {processor.py:157} INFO - Started process (PID=2407) to work on /home/airflow/.local/lib/python3.8/site-packages/airflow/example_dags/tutorial.py
[2023-11-16T00:29:21.377+0000] {processor.py:829} INFO - Processing file /home/airflow/.local/lib/python3.8/site-packages/airflow/example_dags/tutorial.py for tasks to queue
[2023-11-16T00:29:21.379+0000] {logging_mixin.py:154} INFO - [2023-11-16T00:29:21.379+0000] {dagbag.py:536} INFO - Filling up the DagBag from /home/airflow/.local/lib/python3.8/site-packages/airflow/example_dags/tutorial.py
[2023-11-16T00:29:21.384+0000] {processor.py:839} INFO - DAG(s) dict_keys(['tutorial']) retrieved from /home/airflow/.local/lib/python3.8/site-packages/airflow/example_dags/tutorial.py
[2023-11-16T00:29:21.398+0000] {logging_mixin.py:154} INFO - [2023-11-16T00:29:21.398+0000] {dag.py:2941} INFO - Sync 1 DAGs
[2023-11-16T00:29:21.412+0000] {logging_mixin.py:154} INFO - [2023-11-16T00:29:21.412+0000] {dag.py:3722} INFO - Setting next_dagrun for tutorial to 2023-11-15T00:29:21.411978+00:00, run_after=2023-11-16T00:29:21.411978+00:00
[2023-11-16T00:29:21.424+0000] {processor.py:179} INFO - Processing /home/airflow/.local/lib/python3.8/site-packages/airflow/example_dags/tutorial.py took 0.050 seconds
[2023-11-16T00:29:51.549+0000] {processor.py:157} INFO - Started process (PID=2464) to work on /home/airflow/.local/lib/python3.8/site-packages/airflow/example_dags/tutorial.py
[2023-11-16T00:29:51.550+0000] {processor.py:829} INFO - Processing file /home/airflow/.local/lib/python3.8/site-packages/airflow/example_dags/tutorial.py for tasks to queue
[2023-11-16T00:29:51.551+0000] {logging_mixin.py:154} INFO - [2023-11-16T00:29:51.551+0000] {dagbag.py:536} INFO - Filling up the DagBag from /home/airflow/.local/lib/python3.8/site-packages/airflow/example_dags/tutorial.py
[2023-11-16T00:29:51.555+0000] {processor.py:839} INFO - DAG(s) dict_keys(['tutorial']) retrieved from /home/airflow/.local/lib/python3.8/site-packages/airflow/example_dags/tutorial.py
[2023-11-16T00:29:51.569+0000] {logging_mixin.py:154} INFO - [2023-11-16T00:29:51.568+0000] {dag.py:2941} INFO - Sync 1 DAGs
[2023-11-16T00:29:51.583+0000] {logging_mixin.py:154} INFO - [2023-11-16T00:29:51.583+0000] {dag.py:3722} INFO - Setting next_dagrun for tutorial to 2023-11-15T00:29:51.583192+00:00, run_after=2023-11-16T00:29:51.583192+00:00
[2023-11-16T00:29:51.594+0000] {processor.py:179} INFO - Processing /home/airflow/.local/lib/python3.8/site-packages/airflow/example_dags/tutorial.py took 0.047 seconds
[2023-11-16T00:30:21.671+0000] {processor.py:157} INFO - Started process (PID=2522) to work on /home/airflow/.local/lib/python3.8/site-packages/airflow/example_dags/tutorial.py
[2023-11-16T00:30:21.672+0000] {processor.py:829} INFO - Processing file /home/airflow/.local/lib/python3.8/site-packages/airflow/example_dags/tutorial.py for tasks to queue
[2023-11-16T00:30:21.673+0000] {logging_mixin.py:154} INFO - [2023-11-16T00:30:21.673+0000] {dagbag.py:536} INFO - Filling up the DagBag from /home/airflow/.local/lib/python3.8/site-packages/airflow/example_dags/tutorial.py
[2023-11-16T00:30:21.677+0000] {processor.py:839} INFO - DAG(s) dict_keys(['tutorial']) retrieved from /home/airflow/.local/lib/python3.8/site-packages/airflow/example_dags/tutorial.py
[2023-11-16T00:30:21.692+0000] {logging_mixin.py:154} INFO - [2023-11-16T00:30:21.692+0000] {dag.py:2941} INFO - Sync 1 DAGs
[2023-11-16T00:30:21.707+0000] {logging_mixin.py:154} INFO - [2023-11-16T00:30:21.706+0000] {dag.py:3722} INFO - Setting next_dagrun for tutorial to 2023-11-15T00:30:21.706798+00:00, run_after=2023-11-16T00:30:21.706798+00:00
[2023-11-16T00:30:21.719+0000] {processor.py:179} INFO - Processing /home/airflow/.local/lib/python3.8/site-packages/airflow/example_dags/tutorial.py took 0.050 seconds
[2023-11-16T00:30:51.879+0000] {processor.py:157} INFO - Started process (PID=2580) to work on /home/airflow/.local/lib/python3.8/site-packages/airflow/example_dags/tutorial.py
[2023-11-16T00:30:51.880+0000] {processor.py:829} INFO - Processing file /home/airflow/.local/lib/python3.8/site-packages/airflow/example_dags/tutorial.py for tasks to queue
[2023-11-16T00:30:51.881+0000] {logging_mixin.py:154} INFO - [2023-11-16T00:30:51.881+0000] {dagbag.py:536} INFO - Filling up the DagBag from /home/airflow/.local/lib/python3.8/site-packages/airflow/example_dags/tutorial.py
[2023-11-16T00:30:51.885+0000] {processor.py:839} INFO - DAG(s) dict_keys(['tutorial']) retrieved from /home/airflow/.local/lib/python3.8/site-packages/airflow/example_dags/tutorial.py
[2023-11-16T00:30:51.899+0000] {logging_mixin.py:154} INFO - [2023-11-16T00:30:51.899+0000] {dag.py:2941} INFO - Sync 1 DAGs
[2023-11-16T00:30:51.916+0000] {logging_mixin.py:154} INFO - [2023-11-16T00:30:51.916+0000] {dag.py:3722} INFO - Setting next_dagrun for tutorial to 2023-11-15T00:30:51.915972+00:00, run_after=2023-11-16T00:30:51.915972+00:00
[2023-11-16T00:30:51.929+0000] {processor.py:179} INFO - Processing /home/airflow/.local/lib/python3.8/site-packages/airflow/example_dags/tutorial.py took 0.052 seconds
[2023-11-16T00:31:21.995+0000] {processor.py:157} INFO - Started process (PID=2637) to work on /home/airflow/.local/lib/python3.8/site-packages/airflow/example_dags/tutorial.py
[2023-11-16T00:31:21.995+0000] {processor.py:829} INFO - Processing file /home/airflow/.local/lib/python3.8/site-packages/airflow/example_dags/tutorial.py for tasks to queue
[2023-11-16T00:31:21.997+0000] {logging_mixin.py:154} INFO - [2023-11-16T00:31:21.997+0000] {dagbag.py:536} INFO - Filling up the DagBag from /home/airflow/.local/lib/python3.8/site-packages/airflow/example_dags/tutorial.py
[2023-11-16T00:31:22.001+0000] {processor.py:839} INFO - DAG(s) dict_keys(['tutorial']) retrieved from /home/airflow/.local/lib/python3.8/site-packages/airflow/example_dags/tutorial.py
[2023-11-16T00:31:22.014+0000] {logging_mixin.py:154} INFO - [2023-11-16T00:31:22.014+0000] {dag.py:2941} INFO - Sync 1 DAGs
[2023-11-16T00:31:22.028+0000] {logging_mixin.py:154} INFO - [2023-11-16T00:31:22.028+0000] {dag.py:3722} INFO - Setting next_dagrun for tutorial to 2023-11-15T00:31:22.028625+00:00, run_after=2023-11-16T00:31:22.028625+00:00
[2023-11-16T00:31:22.042+0000] {processor.py:179} INFO - Processing /home/airflow/.local/lib/python3.8/site-packages/airflow/example_dags/tutorial.py took 0.049 seconds
[2023-11-16T00:31:52.260+0000] {processor.py:157} INFO - Started process (PID=2694) to work on /home/airflow/.local/lib/python3.8/site-packages/airflow/example_dags/tutorial.py
[2023-11-16T00:31:52.261+0000] {processor.py:829} INFO - Processing file /home/airflow/.local/lib/python3.8/site-packages/airflow/example_dags/tutorial.py for tasks to queue
[2023-11-16T00:31:52.263+0000] {logging_mixin.py:154} INFO - [2023-11-16T00:31:52.262+0000] {dagbag.py:536} INFO - Filling up the DagBag from /home/airflow/.local/lib/python3.8/site-packages/airflow/example_dags/tutorial.py
[2023-11-16T00:31:52.267+0000] {processor.py:839} INFO - DAG(s) dict_keys(['tutorial']) retrieved from /home/airflow/.local/lib/python3.8/site-packages/airflow/example_dags/tutorial.py
[2023-11-16T00:31:52.280+0000] {logging_mixin.py:154} INFO - [2023-11-16T00:31:52.280+0000] {dag.py:2941} INFO - Sync 1 DAGs
[2023-11-16T00:31:52.293+0000] {logging_mixin.py:154} INFO - [2023-11-16T00:31:52.293+0000] {dag.py:3722} INFO - Setting next_dagrun for tutorial to 2023-11-15T00:31:52.293105+00:00, run_after=2023-11-16T00:31:52.293105+00:00
[2023-11-16T00:31:52.305+0000] {processor.py:179} INFO - Processing /home/airflow/.local/lib/python3.8/site-packages/airflow/example_dags/tutorial.py took 0.047 seconds
[2023-11-16T00:32:22.529+0000] {processor.py:157} INFO - Started process (PID=2751) to work on /home/airflow/.local/lib/python3.8/site-packages/airflow/example_dags/tutorial.py
[2023-11-16T00:32:22.530+0000] {processor.py:829} INFO - Processing file /home/airflow/.local/lib/python3.8/site-packages/airflow/example_dags/tutorial.py for tasks to queue
[2023-11-16T00:32:22.531+0000] {logging_mixin.py:154} INFO - [2023-11-16T00:32:22.531+0000] {dagbag.py:536} INFO - Filling up the DagBag from /home/airflow/.local/lib/python3.8/site-packages/airflow/example_dags/tutorial.py
[2023-11-16T00:32:22.535+0000] {processor.py:839} INFO - DAG(s) dict_keys(['tutorial']) retrieved from /home/airflow/.local/lib/python3.8/site-packages/airflow/example_dags/tutorial.py
[2023-11-16T00:32:22.549+0000] {logging_mixin.py:154} INFO - [2023-11-16T00:32:22.549+0000] {dag.py:2941} INFO - Sync 1 DAGs
[2023-11-16T00:32:22.563+0000] {logging_mixin.py:154} INFO - [2023-11-16T00:32:22.563+0000] {dag.py:3722} INFO - Setting next_dagrun for tutorial to 2023-11-15T00:32:22.563358+00:00, run_after=2023-11-16T00:32:22.563358+00:00
[2023-11-16T00:32:22.575+0000] {processor.py:179} INFO - Processing /home/airflow/.local/lib/python3.8/site-packages/airflow/example_dags/tutorial.py took 0.048 seconds
[2023-11-16T00:32:52.690+0000] {processor.py:157} INFO - Started process (PID=2807) to work on /home/airflow/.local/lib/python3.8/site-packages/airflow/example_dags/tutorial.py
[2023-11-16T00:32:52.691+0000] {processor.py:829} INFO - Processing file /home/airflow/.local/lib/python3.8/site-packages/airflow/example_dags/tutorial.py for tasks to queue
[2023-11-16T00:32:52.692+0000] {logging_mixin.py:154} INFO - [2023-11-16T00:32:52.692+0000] {dagbag.py:536} INFO - Filling up the DagBag from /home/airflow/.local/lib/python3.8/site-packages/airflow/example_dags/tutorial.py
[2023-11-16T00:32:52.697+0000] {processor.py:839} INFO - DAG(s) dict_keys(['tutorial']) retrieved from /home/airflow/.local/lib/python3.8/site-packages/airflow/example_dags/tutorial.py
[2023-11-16T00:32:52.711+0000] {logging_mixin.py:154} INFO - [2023-11-16T00:32:52.711+0000] {dag.py:2941} INFO - Sync 1 DAGs
[2023-11-16T00:32:52.727+0000] {logging_mixin.py:154} INFO - [2023-11-16T00:32:52.727+0000] {dag.py:3722} INFO - Setting next_dagrun for tutorial to 2023-11-15T00:32:52.727108+00:00, run_after=2023-11-16T00:32:52.727108+00:00
[2023-11-16T00:32:52.741+0000] {processor.py:179} INFO - Processing /home/airflow/.local/lib/python3.8/site-packages/airflow/example_dags/tutorial.py took 0.053 seconds
[2023-11-16T00:33:22.905+0000] {processor.py:157} INFO - Started process (PID=2864) to work on /home/airflow/.local/lib/python3.8/site-packages/airflow/example_dags/tutorial.py
[2023-11-16T00:33:22.906+0000] {processor.py:829} INFO - Processing file /home/airflow/.local/lib/python3.8/site-packages/airflow/example_dags/tutorial.py for tasks to queue
[2023-11-16T00:33:22.907+0000] {logging_mixin.py:154} INFO - [2023-11-16T00:33:22.907+0000] {dagbag.py:536} INFO - Filling up the DagBag from /home/airflow/.local/lib/python3.8/site-packages/airflow/example_dags/tutorial.py
[2023-11-16T00:33:22.912+0000] {processor.py:839} INFO - DAG(s) dict_keys(['tutorial']) retrieved from /home/airflow/.local/lib/python3.8/site-packages/airflow/example_dags/tutorial.py
[2023-11-16T00:33:22.926+0000] {logging_mixin.py:154} INFO - [2023-11-16T00:33:22.926+0000] {dag.py:2941} INFO - Sync 1 DAGs
[2023-11-16T00:33:22.940+0000] {logging_mixin.py:154} INFO - [2023-11-16T00:33:22.939+0000] {dag.py:3722} INFO - Setting next_dagrun for tutorial to 2023-11-15T00:33:22.939818+00:00, run_after=2023-11-16T00:33:22.939818+00:00
[2023-11-16T00:33:22.952+0000] {processor.py:179} INFO - Processing /home/airflow/.local/lib/python3.8/site-packages/airflow/example_dags/tutorial.py took 0.050 seconds
[2023-11-16T00:33:53.129+0000] {processor.py:157} INFO - Started process (PID=2921) to work on /home/airflow/.local/lib/python3.8/site-packages/airflow/example_dags/tutorial.py
[2023-11-16T00:33:53.129+0000] {processor.py:829} INFO - Processing file /home/airflow/.local/lib/python3.8/site-packages/airflow/example_dags/tutorial.py for tasks to queue
[2023-11-16T00:33:53.131+0000] {logging_mixin.py:154} INFO - [2023-11-16T00:33:53.131+0000] {dagbag.py:536} INFO - Filling up the DagBag from /home/airflow/.local/lib/python3.8/site-packages/airflow/example_dags/tutorial.py
[2023-11-16T00:33:53.135+0000] {processor.py:839} INFO - DAG(s) dict_keys(['tutorial']) retrieved from /home/airflow/.local/lib/python3.8/site-packages/airflow/example_dags/tutorial.py
[2023-11-16T00:33:53.150+0000] {logging_mixin.py:154} INFO - [2023-11-16T00:33:53.150+0000] {dag.py:2941} INFO - Sync 1 DAGs
[2023-11-16T00:33:53.165+0000] {logging_mixin.py:154} INFO - [2023-11-16T00:33:53.165+0000] {dag.py:3722} INFO - Setting next_dagrun for tutorial to 2023-11-15T00:33:53.164949+00:00, run_after=2023-11-16T00:33:53.164949+00:00
[2023-11-16T00:33:53.178+0000] {processor.py:179} INFO - Processing /home/airflow/.local/lib/python3.8/site-packages/airflow/example_dags/tutorial.py took 0.052 seconds
[2023-11-16T00:34:23.382+0000] {processor.py:157} INFO - Started process (PID=2978) to work on /home/airflow/.local/lib/python3.8/site-packages/airflow/example_dags/tutorial.py
[2023-11-16T00:34:23.383+0000] {processor.py:829} INFO - Processing file /home/airflow/.local/lib/python3.8/site-packages/airflow/example_dags/tutorial.py for tasks to queue
[2023-11-16T00:34:23.385+0000] {logging_mixin.py:154} INFO - [2023-11-16T00:34:23.385+0000] {dagbag.py:536} INFO - Filling up the DagBag from /home/airflow/.local/lib/python3.8/site-packages/airflow/example_dags/tutorial.py
[2023-11-16T00:34:23.390+0000] {processor.py:839} INFO - DAG(s) dict_keys(['tutorial']) retrieved from /home/airflow/.local/lib/python3.8/site-packages/airflow/example_dags/tutorial.py
[2023-11-16T00:34:23.404+0000] {logging_mixin.py:154} INFO - [2023-11-16T00:34:23.403+0000] {dag.py:2941} INFO - Sync 1 DAGs
[2023-11-16T00:34:23.419+0000] {logging_mixin.py:154} INFO - [2023-11-16T00:34:23.418+0000] {dag.py:3722} INFO - Setting next_dagrun for tutorial to 2023-11-15T00:34:23.418765+00:00, run_after=2023-11-16T00:34:23.418765+00:00
[2023-11-16T00:34:23.434+0000] {processor.py:179} INFO - Processing /home/airflow/.local/lib/python3.8/site-packages/airflow/example_dags/tutorial.py took 0.054 seconds
[2023-11-16T00:34:53.673+0000] {processor.py:157} INFO - Started process (PID=3035) to work on /home/airflow/.local/lib/python3.8/site-packages/airflow/example_dags/tutorial.py
[2023-11-16T00:34:53.674+0000] {processor.py:829} INFO - Processing file /home/airflow/.local/lib/python3.8/site-packages/airflow/example_dags/tutorial.py for tasks to queue
[2023-11-16T00:34:53.676+0000] {logging_mixin.py:154} INFO - [2023-11-16T00:34:53.676+0000] {dagbag.py:536} INFO - Filling up the DagBag from /home/airflow/.local/lib/python3.8/site-packages/airflow/example_dags/tutorial.py
[2023-11-16T00:34:53.681+0000] {processor.py:839} INFO - DAG(s) dict_keys(['tutorial']) retrieved from /home/airflow/.local/lib/python3.8/site-packages/airflow/example_dags/tutorial.py
[2023-11-16T00:34:53.695+0000] {logging_mixin.py:154} INFO - [2023-11-16T00:34:53.695+0000] {dag.py:2941} INFO - Sync 1 DAGs
[2023-11-16T00:34:53.709+0000] {logging_mixin.py:154} INFO - [2023-11-16T00:34:53.709+0000] {dag.py:3722} INFO - Setting next_dagrun for tutorial to 2023-11-15T00:34:53.708886+00:00, run_after=2023-11-16T00:34:53.708886+00:00
[2023-11-16T00:34:53.721+0000] {processor.py:179} INFO - Processing /home/airflow/.local/lib/python3.8/site-packages/airflow/example_dags/tutorial.py took 0.050 seconds
[2023-11-16T00:35:23.817+0000] {processor.py:157} INFO - Started process (PID=3092) to work on /home/airflow/.local/lib/python3.8/site-packages/airflow/example_dags/tutorial.py
[2023-11-16T00:35:23.818+0000] {processor.py:829} INFO - Processing file /home/airflow/.local/lib/python3.8/site-packages/airflow/example_dags/tutorial.py for tasks to queue
[2023-11-16T00:35:23.819+0000] {logging_mixin.py:154} INFO - [2023-11-16T00:35:23.819+0000] {dagbag.py:536} INFO - Filling up the DagBag from /home/airflow/.local/lib/python3.8/site-packages/airflow/example_dags/tutorial.py
[2023-11-16T00:35:23.823+0000] {processor.py:839} INFO - DAG(s) dict_keys(['tutorial']) retrieved from /home/airflow/.local/lib/python3.8/site-packages/airflow/example_dags/tutorial.py
[2023-11-16T00:35:23.837+0000] {logging_mixin.py:154} INFO - [2023-11-16T00:35:23.837+0000] {dag.py:2941} INFO - Sync 1 DAGs
[2023-11-16T00:35:23.852+0000] {logging_mixin.py:154} INFO - [2023-11-16T00:35:23.852+0000] {dag.py:3722} INFO - Setting next_dagrun for tutorial to 2023-11-15T00:35:23.852399+00:00, run_after=2023-11-16T00:35:23.852399+00:00
[2023-11-16T00:35:23.864+0000] {processor.py:179} INFO - Processing /home/airflow/.local/lib/python3.8/site-packages/airflow/example_dags/tutorial.py took 0.050 seconds
[2023-11-16T00:35:54.095+0000] {processor.py:157} INFO - Started process (PID=3149) to work on /home/airflow/.local/lib/python3.8/site-packages/airflow/example_dags/tutorial.py
[2023-11-16T00:35:54.095+0000] {processor.py:829} INFO - Processing file /home/airflow/.local/lib/python3.8/site-packages/airflow/example_dags/tutorial.py for tasks to queue
[2023-11-16T00:35:54.097+0000] {logging_mixin.py:154} INFO - [2023-11-16T00:35:54.097+0000] {dagbag.py:536} INFO - Filling up the DagBag from /home/airflow/.local/lib/python3.8/site-packages/airflow/example_dags/tutorial.py
[2023-11-16T00:35:54.101+0000] {processor.py:839} INFO - DAG(s) dict_keys(['tutorial']) retrieved from /home/airflow/.local/lib/python3.8/site-packages/airflow/example_dags/tutorial.py
[2023-11-16T00:35:54.113+0000] {logging_mixin.py:154} INFO - [2023-11-16T00:35:54.113+0000] {dag.py:2941} INFO - Sync 1 DAGs
[2023-11-16T00:35:54.127+0000] {logging_mixin.py:154} INFO - [2023-11-16T00:35:54.127+0000] {dag.py:3722} INFO - Setting next_dagrun for tutorial to 2023-11-15T00:35:54.127612+00:00, run_after=2023-11-16T00:35:54.127612+00:00
[2023-11-16T00:35:54.139+0000] {processor.py:179} INFO - Processing /home/airflow/.local/lib/python3.8/site-packages/airflow/example_dags/tutorial.py took 0.047 seconds
[2023-11-16T00:36:24.195+0000] {processor.py:157} INFO - Started process (PID=3207) to work on /home/airflow/.local/lib/python3.8/site-packages/airflow/example_dags/tutorial.py
[2023-11-16T00:36:24.197+0000] {processor.py:829} INFO - Processing file /home/airflow/.local/lib/python3.8/site-packages/airflow/example_dags/tutorial.py for tasks to queue
[2023-11-16T00:36:24.199+0000] {logging_mixin.py:154} INFO - [2023-11-16T00:36:24.199+0000] {dagbag.py:536} INFO - Filling up the DagBag from /home/airflow/.local/lib/python3.8/site-packages/airflow/example_dags/tutorial.py
[2023-11-16T00:36:24.204+0000] {processor.py:839} INFO - DAG(s) dict_keys(['tutorial']) retrieved from /home/airflow/.local/lib/python3.8/site-packages/airflow/example_dags/tutorial.py
[2023-11-16T00:36:24.218+0000] {logging_mixin.py:154} INFO - [2023-11-16T00:36:24.218+0000] {dag.py:2941} INFO - Sync 1 DAGs
[2023-11-16T00:36:24.233+0000] {logging_mixin.py:154} INFO - [2023-11-16T00:36:24.232+0000] {dag.py:3722} INFO - Setting next_dagrun for tutorial to 2023-11-15T00:36:24.232508+00:00, run_after=2023-11-16T00:36:24.232508+00:00
[2023-11-16T00:36:24.245+0000] {processor.py:179} INFO - Processing /home/airflow/.local/lib/python3.8/site-packages/airflow/example_dags/tutorial.py took 0.052 seconds
[2023-11-16T00:36:54.376+0000] {processor.py:157} INFO - Started process (PID=3264) to work on /home/airflow/.local/lib/python3.8/site-packages/airflow/example_dags/tutorial.py
[2023-11-16T00:36:54.377+0000] {processor.py:829} INFO - Processing file /home/airflow/.local/lib/python3.8/site-packages/airflow/example_dags/tutorial.py for tasks to queue
[2023-11-16T00:36:54.379+0000] {logging_mixin.py:154} INFO - [2023-11-16T00:36:54.379+0000] {dagbag.py:536} INFO - Filling up the DagBag from /home/airflow/.local/lib/python3.8/site-packages/airflow/example_dags/tutorial.py
[2023-11-16T00:36:54.383+0000] {processor.py:839} INFO - DAG(s) dict_keys(['tutorial']) retrieved from /home/airflow/.local/lib/python3.8/site-packages/airflow/example_dags/tutorial.py
[2023-11-16T00:36:54.397+0000] {logging_mixin.py:154} INFO - [2023-11-16T00:36:54.397+0000] {dag.py:2941} INFO - Sync 1 DAGs
[2023-11-16T00:36:54.412+0000] {logging_mixin.py:154} INFO - [2023-11-16T00:36:54.412+0000] {dag.py:3722} INFO - Setting next_dagrun for tutorial to 2023-11-15T00:36:54.411953+00:00, run_after=2023-11-16T00:36:54.411953+00:00
[2023-11-16T00:36:54.426+0000] {processor.py:179} INFO - Processing /home/airflow/.local/lib/python3.8/site-packages/airflow/example_dags/tutorial.py took 0.052 seconds
[2023-11-16T00:37:24.610+0000] {processor.py:157} INFO - Started process (PID=3321) to work on /home/airflow/.local/lib/python3.8/site-packages/airflow/example_dags/tutorial.py
[2023-11-16T00:37:24.611+0000] {processor.py:829} INFO - Processing file /home/airflow/.local/lib/python3.8/site-packages/airflow/example_dags/tutorial.py for tasks to queue
[2023-11-16T00:37:24.612+0000] {logging_mixin.py:154} INFO - [2023-11-16T00:37:24.612+0000] {dagbag.py:536} INFO - Filling up the DagBag from /home/airflow/.local/lib/python3.8/site-packages/airflow/example_dags/tutorial.py
[2023-11-16T00:37:24.616+0000] {processor.py:839} INFO - DAG(s) dict_keys(['tutorial']) retrieved from /home/airflow/.local/lib/python3.8/site-packages/airflow/example_dags/tutorial.py
[2023-11-16T00:37:24.630+0000] {logging_mixin.py:154} INFO - [2023-11-16T00:37:24.630+0000] {dag.py:2941} INFO - Sync 1 DAGs
[2023-11-16T00:37:24.644+0000] {logging_mixin.py:154} INFO - [2023-11-16T00:37:24.644+0000] {dag.py:3722} INFO - Setting next_dagrun for tutorial to 2023-11-15T00:37:24.644471+00:00, run_after=2023-11-16T00:37:24.644471+00:00
[2023-11-16T00:37:24.656+0000] {processor.py:179} INFO - Processing /home/airflow/.local/lib/python3.8/site-packages/airflow/example_dags/tutorial.py took 0.049 seconds
[2023-11-16T00:37:54.813+0000] {processor.py:157} INFO - Started process (PID=3379) to work on /home/airflow/.local/lib/python3.8/site-packages/airflow/example_dags/tutorial.py
[2023-11-16T00:37:54.814+0000] {processor.py:829} INFO - Processing file /home/airflow/.local/lib/python3.8/site-packages/airflow/example_dags/tutorial.py for tasks to queue
[2023-11-16T00:37:54.815+0000] {logging_mixin.py:154} INFO - [2023-11-16T00:37:54.815+0000] {dagbag.py:536} INFO - Filling up the DagBag from /home/airflow/.local/lib/python3.8/site-packages/airflow/example_dags/tutorial.py
[2023-11-16T00:37:54.819+0000] {processor.py:839} INFO - DAG(s) dict_keys(['tutorial']) retrieved from /home/airflow/.local/lib/python3.8/site-packages/airflow/example_dags/tutorial.py
[2023-11-16T00:37:54.834+0000] {logging_mixin.py:154} INFO - [2023-11-16T00:37:54.834+0000] {dag.py:2941} INFO - Sync 1 DAGs
[2023-11-16T00:37:54.850+0000] {logging_mixin.py:154} INFO - [2023-11-16T00:37:54.850+0000] {dag.py:3722} INFO - Setting next_dagrun for tutorial to 2023-11-15T00:37:54.850318+00:00, run_after=2023-11-16T00:37:54.850318+00:00
[2023-11-16T00:37:54.864+0000] {processor.py:179} INFO - Processing /home/airflow/.local/lib/python3.8/site-packages/airflow/example_dags/tutorial.py took 0.054 seconds
[2023-11-16T00:38:25.064+0000] {processor.py:157} INFO - Started process (PID=3436) to work on /home/airflow/.local/lib/python3.8/site-packages/airflow/example_dags/tutorial.py
[2023-11-16T00:38:25.076+0000] {processor.py:829} INFO - Processing file /home/airflow/.local/lib/python3.8/site-packages/airflow/example_dags/tutorial.py for tasks to queue
[2023-11-16T00:38:25.078+0000] {logging_mixin.py:154} INFO - [2023-11-16T00:38:25.078+0000] {dagbag.py:536} INFO - Filling up the DagBag from /home/airflow/.local/lib/python3.8/site-packages/airflow/example_dags/tutorial.py
[2023-11-16T00:38:25.083+0000] {processor.py:839} INFO - DAG(s) dict_keys(['tutorial']) retrieved from /home/airflow/.local/lib/python3.8/site-packages/airflow/example_dags/tutorial.py
[2023-11-16T00:38:25.098+0000] {logging_mixin.py:154} INFO - [2023-11-16T00:38:25.098+0000] {dag.py:2941} INFO - Sync 1 DAGs
[2023-11-16T00:38:25.113+0000] {logging_mixin.py:154} INFO - [2023-11-16T00:38:25.113+0000] {dag.py:3722} INFO - Setting next_dagrun for tutorial to 2023-11-15T00:38:25.113450+00:00, run_after=2023-11-16T00:38:25.113450+00:00
[2023-11-16T00:38:25.126+0000] {processor.py:179} INFO - Processing /home/airflow/.local/lib/python3.8/site-packages/airflow/example_dags/tutorial.py took 0.066 seconds
[2023-11-16T00:38:55.348+0000] {processor.py:157} INFO - Started process (PID=3495) to work on /home/airflow/.local/lib/python3.8/site-packages/airflow/example_dags/tutorial.py
[2023-11-16T00:38:55.349+0000] {processor.py:829} INFO - Processing file /home/airflow/.local/lib/python3.8/site-packages/airflow/example_dags/tutorial.py for tasks to queue
[2023-11-16T00:38:55.350+0000] {logging_mixin.py:154} INFO - [2023-11-16T00:38:55.350+0000] {dagbag.py:536} INFO - Filling up the DagBag from /home/airflow/.local/lib/python3.8/site-packages/airflow/example_dags/tutorial.py
[2023-11-16T00:38:55.355+0000] {processor.py:839} INFO - DAG(s) dict_keys(['tutorial']) retrieved from /home/airflow/.local/lib/python3.8/site-packages/airflow/example_dags/tutorial.py
[2023-11-16T00:38:55.370+0000] {logging_mixin.py:154} INFO - [2023-11-16T00:38:55.370+0000] {dag.py:2941} INFO - Sync 1 DAGs
[2023-11-16T00:38:55.385+0000] {logging_mixin.py:154} INFO - [2023-11-16T00:38:55.384+0000] {dag.py:3722} INFO - Setting next_dagrun for tutorial to 2023-11-15T00:38:55.384695+00:00, run_after=2023-11-16T00:38:55.384695+00:00
[2023-11-16T00:38:55.398+0000] {processor.py:179} INFO - Processing /home/airflow/.local/lib/python3.8/site-packages/airflow/example_dags/tutorial.py took 0.052 seconds
[2023-11-16T00:39:25.606+0000] {processor.py:157} INFO - Started process (PID=3558) to work on /home/airflow/.local/lib/python3.8/site-packages/airflow/example_dags/tutorial.py
[2023-11-16T00:39:25.606+0000] {processor.py:829} INFO - Processing file /home/airflow/.local/lib/python3.8/site-packages/airflow/example_dags/tutorial.py for tasks to queue
[2023-11-16T00:39:25.608+0000] {logging_mixin.py:154} INFO - [2023-11-16T00:39:25.608+0000] {dagbag.py:536} INFO - Filling up the DagBag from /home/airflow/.local/lib/python3.8/site-packages/airflow/example_dags/tutorial.py
[2023-11-16T00:39:25.614+0000] {processor.py:839} INFO - DAG(s) dict_keys(['tutorial']) retrieved from /home/airflow/.local/lib/python3.8/site-packages/airflow/example_dags/tutorial.py
[2023-11-16T00:39:25.629+0000] {logging_mixin.py:154} INFO - [2023-11-16T00:39:25.629+0000] {dag.py:2941} INFO - Sync 1 DAGs
[2023-11-16T00:39:25.646+0000] {logging_mixin.py:154} INFO - [2023-11-16T00:39:25.646+0000] {dag.py:3722} INFO - Setting next_dagrun for tutorial to 2023-11-15T00:39:25.645822+00:00, run_after=2023-11-16T00:39:25.645822+00:00
[2023-11-16T00:39:25.659+0000] {processor.py:179} INFO - Processing /home/airflow/.local/lib/python3.8/site-packages/airflow/example_dags/tutorial.py took 0.056 seconds
[2023-11-16T00:39:55.851+0000] {processor.py:157} INFO - Started process (PID=3615) to work on /home/airflow/.local/lib/python3.8/site-packages/airflow/example_dags/tutorial.py
[2023-11-16T00:39:55.852+0000] {processor.py:829} INFO - Processing file /home/airflow/.local/lib/python3.8/site-packages/airflow/example_dags/tutorial.py for tasks to queue
[2023-11-16T00:39:55.853+0000] {logging_mixin.py:154} INFO - [2023-11-16T00:39:55.853+0000] {dagbag.py:536} INFO - Filling up the DagBag from /home/airflow/.local/lib/python3.8/site-packages/airflow/example_dags/tutorial.py
[2023-11-16T00:39:55.857+0000] {processor.py:839} INFO - DAG(s) dict_keys(['tutorial']) retrieved from /home/airflow/.local/lib/python3.8/site-packages/airflow/example_dags/tutorial.py
[2023-11-16T00:39:55.871+0000] {logging_mixin.py:154} INFO - [2023-11-16T00:39:55.871+0000] {dag.py:2941} INFO - Sync 1 DAGs
[2023-11-16T00:39:55.886+0000] {logging_mixin.py:154} INFO - [2023-11-16T00:39:55.886+0000] {dag.py:3722} INFO - Setting next_dagrun for tutorial to 2023-11-15T00:39:55.886031+00:00, run_after=2023-11-16T00:39:55.886031+00:00
[2023-11-16T00:39:55.901+0000] {processor.py:179} INFO - Processing /home/airflow/.local/lib/python3.8/site-packages/airflow/example_dags/tutorial.py took 0.053 seconds
[2023-11-16T00:40:26.103+0000] {processor.py:157} INFO - Started process (PID=3673) to work on /home/airflow/.local/lib/python3.8/site-packages/airflow/example_dags/tutorial.py
[2023-11-16T00:40:26.104+0000] {processor.py:829} INFO - Processing file /home/airflow/.local/lib/python3.8/site-packages/airflow/example_dags/tutorial.py for tasks to queue
[2023-11-16T00:40:26.105+0000] {logging_mixin.py:154} INFO - [2023-11-16T00:40:26.105+0000] {dagbag.py:536} INFO - Filling up the DagBag from /home/airflow/.local/lib/python3.8/site-packages/airflow/example_dags/tutorial.py
[2023-11-16T00:40:26.109+0000] {processor.py:839} INFO - DAG(s) dict_keys(['tutorial']) retrieved from /home/airflow/.local/lib/python3.8/site-packages/airflow/example_dags/tutorial.py
[2023-11-16T00:40:26.122+0000] {logging_mixin.py:154} INFO - [2023-11-16T00:40:26.122+0000] {dag.py:2941} INFO - Sync 1 DAGs
[2023-11-16T00:40:26.136+0000] {logging_mixin.py:154} INFO - [2023-11-16T00:40:26.136+0000] {dag.py:3722} INFO - Setting next_dagrun for tutorial to 2023-11-15T00:40:26.136190+00:00, run_after=2023-11-16T00:40:26.136190+00:00
[2023-11-16T00:40:26.147+0000] {processor.py:179} INFO - Processing /home/airflow/.local/lib/python3.8/site-packages/airflow/example_dags/tutorial.py took 0.047 seconds
[2023-11-16T00:40:56.231+0000] {processor.py:157} INFO - Started process (PID=3730) to work on /home/airflow/.local/lib/python3.8/site-packages/airflow/example_dags/tutorial.py
[2023-11-16T00:40:56.232+0000] {processor.py:829} INFO - Processing file /home/airflow/.local/lib/python3.8/site-packages/airflow/example_dags/tutorial.py for tasks to queue
[2023-11-16T00:40:56.234+0000] {logging_mixin.py:154} INFO - [2023-11-16T00:40:56.234+0000] {dagbag.py:536} INFO - Filling up the DagBag from /home/airflow/.local/lib/python3.8/site-packages/airflow/example_dags/tutorial.py
[2023-11-16T00:40:56.239+0000] {processor.py:839} INFO - DAG(s) dict_keys(['tutorial']) retrieved from /home/airflow/.local/lib/python3.8/site-packages/airflow/example_dags/tutorial.py
[2023-11-16T00:40:56.258+0000] {logging_mixin.py:154} INFO - [2023-11-16T00:40:56.258+0000] {dag.py:2941} INFO - Sync 1 DAGs
[2023-11-16T00:40:56.272+0000] {logging_mixin.py:154} INFO - [2023-11-16T00:40:56.271+0000] {dag.py:3722} INFO - Setting next_dagrun for tutorial to 2023-11-15T00:40:56.271739+00:00, run_after=2023-11-16T00:40:56.271739+00:00
[2023-11-16T00:40:56.283+0000] {processor.py:179} INFO - Processing /home/airflow/.local/lib/python3.8/site-packages/airflow/example_dags/tutorial.py took 0.054 seconds
[2023-11-16T00:41:26.376+0000] {processor.py:157} INFO - Started process (PID=3787) to work on /home/airflow/.local/lib/python3.8/site-packages/airflow/example_dags/tutorial.py
[2023-11-16T00:41:26.377+0000] {processor.py:829} INFO - Processing file /home/airflow/.local/lib/python3.8/site-packages/airflow/example_dags/tutorial.py for tasks to queue
[2023-11-16T00:41:26.378+0000] {logging_mixin.py:154} INFO - [2023-11-16T00:41:26.378+0000] {dagbag.py:536} INFO - Filling up the DagBag from /home/airflow/.local/lib/python3.8/site-packages/airflow/example_dags/tutorial.py
[2023-11-16T00:41:26.383+0000] {processor.py:839} INFO - DAG(s) dict_keys(['tutorial']) retrieved from /home/airflow/.local/lib/python3.8/site-packages/airflow/example_dags/tutorial.py
[2023-11-16T00:41:26.395+0000] {logging_mixin.py:154} INFO - [2023-11-16T00:41:26.395+0000] {dag.py:2941} INFO - Sync 1 DAGs
[2023-11-16T00:41:26.409+0000] {logging_mixin.py:154} INFO - [2023-11-16T00:41:26.409+0000] {dag.py:3722} INFO - Setting next_dagrun for tutorial to 2023-11-15T00:41:26.409317+00:00, run_after=2023-11-16T00:41:26.409317+00:00
[2023-11-16T00:41:26.421+0000] {processor.py:179} INFO - Processing /home/airflow/.local/lib/python3.8/site-packages/airflow/example_dags/tutorial.py took 0.047 seconds
[2023-11-16T00:41:56.571+0000] {processor.py:157} INFO - Started process (PID=3844) to work on /home/airflow/.local/lib/python3.8/site-packages/airflow/example_dags/tutorial.py
[2023-11-16T00:41:56.572+0000] {processor.py:829} INFO - Processing file /home/airflow/.local/lib/python3.8/site-packages/airflow/example_dags/tutorial.py for tasks to queue
[2023-11-16T00:41:56.573+0000] {logging_mixin.py:154} INFO - [2023-11-16T00:41:56.573+0000] {dagbag.py:536} INFO - Filling up the DagBag from /home/airflow/.local/lib/python3.8/site-packages/airflow/example_dags/tutorial.py
[2023-11-16T00:41:56.577+0000] {processor.py:839} INFO - DAG(s) dict_keys(['tutorial']) retrieved from /home/airflow/.local/lib/python3.8/site-packages/airflow/example_dags/tutorial.py
[2023-11-16T00:41:56.590+0000] {logging_mixin.py:154} INFO - [2023-11-16T00:41:56.590+0000] {dag.py:2941} INFO - Sync 1 DAGs
[2023-11-16T00:41:56.603+0000] {logging_mixin.py:154} INFO - [2023-11-16T00:41:56.603+0000] {dag.py:3722} INFO - Setting next_dagrun for tutorial to 2023-11-15T00:41:56.603564+00:00, run_after=2023-11-16T00:41:56.603564+00:00
[2023-11-16T00:41:56.614+0000] {processor.py:179} INFO - Processing /home/airflow/.local/lib/python3.8/site-packages/airflow/example_dags/tutorial.py took 0.047 seconds
[2023-11-16T00:42:26.749+0000] {processor.py:157} INFO - Started process (PID=3901) to work on /home/airflow/.local/lib/python3.8/site-packages/airflow/example_dags/tutorial.py
[2023-11-16T00:42:26.750+0000] {processor.py:829} INFO - Processing file /home/airflow/.local/lib/python3.8/site-packages/airflow/example_dags/tutorial.py for tasks to queue
[2023-11-16T00:42:26.752+0000] {logging_mixin.py:154} INFO - [2023-11-16T00:42:26.752+0000] {dagbag.py:536} INFO - Filling up the DagBag from /home/airflow/.local/lib/python3.8/site-packages/airflow/example_dags/tutorial.py
[2023-11-16T00:42:26.756+0000] {processor.py:839} INFO - DAG(s) dict_keys(['tutorial']) retrieved from /home/airflow/.local/lib/python3.8/site-packages/airflow/example_dags/tutorial.py
[2023-11-16T00:42:26.771+0000] {logging_mixin.py:154} INFO - [2023-11-16T00:42:26.771+0000] {dag.py:2941} INFO - Sync 1 DAGs
[2023-11-16T00:42:26.786+0000] {logging_mixin.py:154} INFO - [2023-11-16T00:42:26.786+0000] {dag.py:3722} INFO - Setting next_dagrun for tutorial to 2023-11-15T00:42:26.786311+00:00, run_after=2023-11-16T00:42:26.786311+00:00
[2023-11-16T00:42:26.798+0000] {processor.py:179} INFO - Processing /home/airflow/.local/lib/python3.8/site-packages/airflow/example_dags/tutorial.py took 0.052 seconds
[2023-11-16T00:42:56.921+0000] {processor.py:157} INFO - Started process (PID=3958) to work on /home/airflow/.local/lib/python3.8/site-packages/airflow/example_dags/tutorial.py
[2023-11-16T00:42:56.922+0000] {processor.py:829} INFO - Processing file /home/airflow/.local/lib/python3.8/site-packages/airflow/example_dags/tutorial.py for tasks to queue
[2023-11-16T00:42:56.924+0000] {logging_mixin.py:154} INFO - [2023-11-16T00:42:56.924+0000] {dagbag.py:536} INFO - Filling up the DagBag from /home/airflow/.local/lib/python3.8/site-packages/airflow/example_dags/tutorial.py
[2023-11-16T00:42:56.931+0000] {processor.py:839} INFO - DAG(s) dict_keys(['tutorial']) retrieved from /home/airflow/.local/lib/python3.8/site-packages/airflow/example_dags/tutorial.py
[2023-11-16T00:42:56.950+0000] {logging_mixin.py:154} INFO - [2023-11-16T00:42:56.950+0000] {dag.py:2941} INFO - Sync 1 DAGs
[2023-11-16T00:42:56.971+0000] {logging_mixin.py:154} INFO - [2023-11-16T00:42:56.971+0000] {dag.py:3722} INFO - Setting next_dagrun for tutorial to 2023-11-15T00:42:56.971193+00:00, run_after=2023-11-16T00:42:56.971193+00:00
[2023-11-16T00:42:56.985+0000] {processor.py:179} INFO - Processing /home/airflow/.local/lib/python3.8/site-packages/airflow/example_dags/tutorial.py took 0.067 seconds
[2023-11-16T00:43:27.326+0000] {processor.py:157} INFO - Started process (PID=4015) to work on /home/airflow/.local/lib/python3.8/site-packages/airflow/example_dags/tutorial.py
[2023-11-16T00:43:27.326+0000] {processor.py:829} INFO - Processing file /home/airflow/.local/lib/python3.8/site-packages/airflow/example_dags/tutorial.py for tasks to queue
[2023-11-16T00:43:27.328+0000] {logging_mixin.py:154} INFO - [2023-11-16T00:43:27.328+0000] {dagbag.py:536} INFO - Filling up the DagBag from /home/airflow/.local/lib/python3.8/site-packages/airflow/example_dags/tutorial.py
[2023-11-16T00:43:27.332+0000] {processor.py:839} INFO - DAG(s) dict_keys(['tutorial']) retrieved from /home/airflow/.local/lib/python3.8/site-packages/airflow/example_dags/tutorial.py
[2023-11-16T00:43:27.347+0000] {logging_mixin.py:154} INFO - [2023-11-16T00:43:27.347+0000] {dag.py:2941} INFO - Sync 1 DAGs
[2023-11-16T00:43:27.363+0000] {logging_mixin.py:154} INFO - [2023-11-16T00:43:27.363+0000] {dag.py:3722} INFO - Setting next_dagrun for tutorial to 2023-11-15T00:43:27.363022+00:00, run_after=2023-11-16T00:43:27.363022+00:00
[2023-11-16T00:43:27.376+0000] {processor.py:179} INFO - Processing /home/airflow/.local/lib/python3.8/site-packages/airflow/example_dags/tutorial.py took 0.053 seconds
[2023-11-16T00:43:57.487+0000] {processor.py:157} INFO - Started process (PID=4072) to work on /home/airflow/.local/lib/python3.8/site-packages/airflow/example_dags/tutorial.py
[2023-11-16T00:43:57.488+0000] {processor.py:829} INFO - Processing file /home/airflow/.local/lib/python3.8/site-packages/airflow/example_dags/tutorial.py for tasks to queue
[2023-11-16T00:43:57.490+0000] {logging_mixin.py:154} INFO - [2023-11-16T00:43:57.490+0000] {dagbag.py:536} INFO - Filling up the DagBag from /home/airflow/.local/lib/python3.8/site-packages/airflow/example_dags/tutorial.py
[2023-11-16T00:43:57.496+0000] {processor.py:839} INFO - DAG(s) dict_keys(['tutorial']) retrieved from /home/airflow/.local/lib/python3.8/site-packages/airflow/example_dags/tutorial.py
[2023-11-16T00:43:57.513+0000] {logging_mixin.py:154} INFO - [2023-11-16T00:43:57.513+0000] {dag.py:2941} INFO - Sync 1 DAGs
[2023-11-16T00:43:57.536+0000] {logging_mixin.py:154} INFO - [2023-11-16T00:43:57.536+0000] {dag.py:3722} INFO - Setting next_dagrun for tutorial to 2023-11-15T00:43:57.535877+00:00, run_after=2023-11-16T00:43:57.535877+00:00
[2023-11-16T00:43:57.554+0000] {processor.py:179} INFO - Processing /home/airflow/.local/lib/python3.8/site-packages/airflow/example_dags/tutorial.py took 0.070 seconds
