[2023-11-16T00:08:51.137+0000] {taskinstance.py:1159} INFO - Dependencies all met for dep_context=non-requeueable deps ti=<TaskInstance: dags_bash_select_fruit.t1_orange manual__2023-11-16T00:08:49.485567+00:00 [queued]>
[2023-11-16T00:08:51.143+0000] {taskinstance.py:1159} INFO - Dependencies all met for dep_context=requeueable deps ti=<TaskInstance: dags_bash_select_fruit.t1_orange manual__2023-11-16T00:08:49.485567+00:00 [queued]>
[2023-11-16T00:08:51.143+0000] {taskinstance.py:1361} INFO - Starting attempt 1 of 1
[2023-11-16T00:08:51.152+0000] {taskinstance.py:1382} INFO - Executing <Task(BashOperator): t1_orange> on 2023-11-16 00:08:49.485567+00:00
[2023-11-16T00:08:51.156+0000] {standard_task_runner.py:57} INFO - Started process 74 to run task
[2023-11-16T00:08:51.159+0000] {standard_task_runner.py:84} INFO - Running: ['***', 'tasks', 'run', 'dags_bash_select_fruit', 't1_orange', 'manual__2023-11-16T00:08:49.485567+00:00', '--job-id', '11', '--raw', '--subdir', 'DAGS_FOLDER/dags_bash_select_fruit.py', '--cfg-path', '/tmp/tmpl54dmb6f']
[2023-11-16T00:08:51.161+0000] {standard_task_runner.py:85} INFO - Job 11: Subtask t1_orange
[2023-11-16T00:08:51.194+0000] {task_command.py:416} INFO - Running <TaskInstance: dags_bash_select_fruit.t1_orange manual__2023-11-16T00:08:49.485567+00:00 [running]> on host c8d11f15b1c4
[2023-11-16T00:08:51.244+0000] {taskinstance.py:1662} INFO - Exporting env vars: AIRFLOW_CTX_DAG_OWNER='***' AIRFLOW_CTX_DAG_ID='dags_bash_select_fruit' AIRFLOW_CTX_TASK_ID='t1_orange' AIRFLOW_CTX_EXECUTION_DATE='2023-11-16T00:08:49.485567+00:00' AIRFLOW_CTX_TRY_NUMBER='1' AIRFLOW_CTX_DAG_RUN_ID='manual__2023-11-16T00:08:49.485567+00:00'
[2023-11-16T00:08:51.246+0000] {subprocess.py:63} INFO - Tmp dir root location: /tmp
[2023-11-16T00:08:51.247+0000] {subprocess.py:75} INFO - Running command: ['/bin/bash', '-c', '/opt/***/plugins/shell/select_fruit.sh ORANGE']
[2023-11-16T00:08:51.254+0000] {subprocess.py:86} INFO - Output:
[2023-11-16T00:08:51.256+0000] {subprocess.py:93} INFO - /bin/bash: line 1: /opt/***/plugins/shell/select_fruit.sh: No such file or directory
[2023-11-16T00:08:51.256+0000] {subprocess.py:97} INFO - Command exited with return code 127
[2023-11-16T00:08:51.264+0000] {taskinstance.py:1937} ERROR - Task failed with exception
Traceback (most recent call last):
  File "/home/airflow/.local/lib/python3.8/site-packages/airflow/operators/bash.py", line 210, in execute
    raise AirflowException(
airflow.exceptions.AirflowException: Bash command failed. The command returned a non-zero exit code 127.
[2023-11-16T00:08:51.267+0000] {taskinstance.py:1400} INFO - Marking task as FAILED. dag_id=dags_bash_select_fruit, task_id=t1_orange, execution_date=20231116T000849, start_date=20231116T000851, end_date=20231116T000851
[2023-11-16T00:08:51.277+0000] {standard_task_runner.py:104} ERROR - Failed to execute job 11 for task t1_orange (Bash command failed. The command returned a non-zero exit code 127.; 74)
[2023-11-16T00:08:51.291+0000] {local_task_job_runner.py:228} INFO - Task exited with return code 1
[2023-11-16T00:08:51.307+0000] {taskinstance.py:2778} INFO - 0 downstream tasks scheduled from follow-on schedule check
